[0.031s] Invoking command in '/home/amrl-linux24-04/ros2_ben/build/yolo_msgs': CMAKE_PREFIX_PATH=${CMAKE_PREFIX_PATH}:/home/amrl-linux24-04/ros2_ben/install/yolo_ros:/home/amrl-linux24-04/ros2_ben/install/igusgus_launch:/opt/ros/jazzy DEBUGINFOD_URLS=https://debuginfod.ubuntu.com /usr/bin/cmake --build /home/amrl-linux24-04/ros2_ben/build/yolo_msgs -- -j22 -l22
[0.105s] [  0%] Built target yolo_msgs__rosidl_generator_type_description
[0.115s] [  0%] Built target ament_cmake_python_copy_yolo_msgs
[0.128s] [  0%] Built target yolo_msgs__cpp
[0.147s] [ 26%] Built target yolo_msgs__rosidl_generator_c
[0.179s] [ 36%] Built target yolo_msgs__rosidl_typesupport_introspection_c
[0.186s] [ 46%] Built target yolo_msgs__rosidl_typesupport_c
[0.189s] [ 62%] Built target yolo_msgs__rosidl_typesupport_fastrtps_c
[0.189s] [ 65%] Built target yolo_msgs__rosidl_typesupport_introspection_cpp
[0.192s] [ 75%] Built target yolo_msgs__rosidl_typesupport_fastrtps_cpp
[0.194s] [ 85%] Built target yolo_msgs__rosidl_typesupport_cpp
[0.221s] [ 85%] Built target yolo_msgs
[0.255s] [ 86%] Built target yolo_msgs__py
[0.288s] [ 96%] Built target yolo_msgs__rosidl_generator_py
[0.317s] [ 97%] Built target yolo_msgs_s__rosidl_typesupport_c
[0.319s] [ 98%] Built target yolo_msgs_s__rosidl_typesupport_fastrtps_c
[0.319s] [100%] Built target yolo_msgs_s__rosidl_typesupport_introspection_c
[0.392s] running egg_info
[0.414s] writing yolo_msgs.egg-info/PKG-INFO
[0.414s] writing dependency_links to yolo_msgs.egg-info/dependency_links.txt
[0.414s] writing top-level names to yolo_msgs.egg-info/top_level.txt
[0.475s] reading manifest file 'yolo_msgs.egg-info/SOURCES.txt'
[0.476s] writing manifest file 'yolo_msgs.egg-info/SOURCES.txt'
[0.509s] [100%] Built target ament_cmake_python_build_yolo_msgs_egg
