[3.094s] Invoking command in '/home/amrl-linux24-04/ros2_ben/src/igusgus': DEBUGINFOD_URLS=https://debuginfod.ubuntu.com PYTHONPATH=/home/amrl-linux24-04/ros2_ben/build/igusgus/prefix_override:/usr/lib/python3/dist-packages/colcon_core/task/python/colcon_distutils_commands:/home/amrl-linux24-04/ros2_ben/install/igusgus/lib/python3.12/site-packages:${PYTHONPATH} /usr/bin/python3 -W ignore:setup.py install is deprecated -W ignore:easy_install command is deprecated setup.py egg_info --egg-base ../../build/igusgus build --build-base /home/amrl-linux24-04/ros2_ben/build/igusgus/build install --record /home/amrl-linux24-04/ros2_ben/build/igusgus/install.log --single-version-externally-managed install_data
[4.071s] running egg_info
[4.153s] writing ../../build/igusgus/igusgus.egg-info/PKG-INFO
[4.158s] writing dependency_links to ../../build/igusgus/igusgus.egg-info/dependency_links.txt
[4.158s] writing entry points to ../../build/igusgus/igusgus.egg-info/entry_points.txt
[4.159s] writing requirements to ../../build/igusgus/igusgus.egg-info/requires.txt
[4.159s] writing top-level names to ../../build/igusgus/igusgus.egg-info/top_level.txt
[4.324s] reading manifest file '../../build/igusgus/igusgus.egg-info/SOURCES.txt'
[4.325s] adding license file 'LICENSE'
[4.327s] writing manifest file '../../build/igusgus/igusgus.egg-info/SOURCES.txt'
[4.327s] running build
[4.329s] running build_py
[4.329s] copying igusgus/ctrl_rob.py -> /home/amrl-linux24-04/ros2_ben/build/igusgus/build/lib/igusgus
[4.330s] running install
[4.352s] running install_lib
[4.438s] copying /home/amrl-linux24-04/ros2_ben/build/igusgus/build/lib/igusgus/ctrl_rob.py -> /home/amrl-linux24-04/ros2_ben/install/igusgus/lib/python3.12/site-packages/igusgus
[4.440s] byte-compiling /home/amrl-linux24-04/ros2_ben/install/igusgus/lib/python3.12/site-packages/igusgus/ctrl_rob.py to ctrl_rob.cpython-312.pyc
[4.442s] running install_data
[4.443s] running install_egg_info
[4.531s] removing '/home/amrl-linux24-04/ros2_ben/install/igusgus/lib/python3.12/site-packages/igusgus-0.0.0-py3.12.egg-info' (and everything under it)
[4.532s] Copying ../../build/igusgus/igusgus.egg-info to /home/amrl-linux24-04/ros2_ben/install/igusgus/lib/python3.12/site-packages/igusgus-0.0.0-py3.12.egg-info
[4.535s] running install_scripts
[5.085s] Installing ctrl_rob script to /home/amrl-linux24-04/ros2_ben/install/igusgus/lib/igusgus
[5.085s] Installing pub_3d script to /home/amrl-linux24-04/ros2_ben/install/igusgus/lib/igusgus
[5.086s] writing list of installed files to '/home/amrl-linux24-04/ros2_ben/build/igusgus/install.log'
[5.196s] Invoked command in '/home/amrl-linux24-04/ros2_ben/src/igusgus' returned '0': DEBUGINFOD_URLS=https://debuginfod.ubuntu.com PYTHONPATH=/home/amrl-linux24-04/ros2_ben/build/igusgus/prefix_override:/usr/lib/python3/dist-packages/colcon_core/task/python/colcon_distutils_commands:/home/amrl-linux24-04/ros2_ben/install/igusgus/lib/python3.12/site-packages:${PYTHONPATH} /usr/bin/python3 -W ignore:setup.py install is deprecated -W ignore:easy_install command is deprecated setup.py egg_info --egg-base ../../build/igusgus build --build-base /home/amrl-linux24-04/ros2_ben/build/igusgus/build install --record /home/amrl-linux24-04/ros2_ben/build/igusgus/install.log --single-version-externally-managed install_data
