[0.011s] Invoking command in '/home/amrl-linux24-04/ros2_ben/build/igus_rebel_description': CMAKE_PREFIX_PATH=${CMAKE_PREFIX_PATH}:/home/amrl-linux24-04/ros2_ben/install/yolo_ros:/home/amrl-linux24-04/ros2_ben/install/igusgus:/opt/ros/jazzy DEBUGINFOD_URLS=https://debuginfod.ubuntu.com /usr/bin/cmake /home/amrl-linux24-04/ros2_ben/src/igus_rebel_ros2/src/igus_rebel_description -DAMENT_CMAKE_SYMLINK_INSTALL=1 -DCMAKE_INSTALL_PREFIX=/home/amrl-linux24-04/ros2_ben/install/igus_rebel_description
[0.072s] -- The C compiler identification is GNU 13.3.0
[0.127s] -- The CXX compiler identification is GNU 13.3.0
[0.142s] -- Detecting C compiler ABI info
[0.213s] -- Detecting C compiler ABI info - done
[0.220s] -- Check for working C compiler: /usr/bin/cc - skipped
[0.220s] -- Detecting C compile features
[0.221s] -- Detecting C compile features - done
[0.228s] -- Detecting CXX compiler ABI info
[0.310s] -- Detecting CXX compiler ABI info - done
[0.317s] -- Check for working CXX compiler: /usr/bin/c++ - skipped
[0.317s] -- Detecting CXX compile features
[0.317s] -- Detecting CXX compile features - done
[0.320s] -- Found ament_cmake: 2.5.4 (/opt/ros/jazzy/share/ament_cmake/cmake)
[0.444s] -- Found Python3: /usr/bin/python3 (found version "3.12.3") found components: Interpreter 
[0.507s] -- Override CMake install command with custom implementation using symlinks instead of copying resources
[0.542s] -- Found ament_lint_auto: 0.17.3 (/opt/ros/jazzy/share/ament_lint_auto/cmake)
[0.627s] -- Added test 'lint_cmake' to check CMake code style
[0.629s] -- Added test 'xmllint' to check XML markup files
[0.630s] -- Configuring done (0.6s)
[0.631s] -- Generating done (0.0s)
[0.632s] -- Build files have been written to: /home/amrl-linux24-04/ros2_ben/build/igus_rebel_description
[0.638s] Invoked command in '/home/amrl-linux24-04/ros2_ben/build/igus_rebel_description' returned '0': CMAKE_PREFIX_PATH=${CMAKE_PREFIX_PATH}:/home/amrl-linux24-04/ros2_ben/install/yolo_ros:/home/amrl-linux24-04/ros2_ben/install/igusgus:/opt/ros/jazzy DEBUGINFOD_URLS=https://debuginfod.ubuntu.com /usr/bin/cmake /home/amrl-linux24-04/ros2_ben/src/igus_rebel_ros2/src/igus_rebel_description -DAMENT_CMAKE_SYMLINK_INSTALL=1 -DCMAKE_INSTALL_PREFIX=/home/amrl-linux24-04/ros2_ben/install/igus_rebel_description
[0.640s] Invoking command in '/home/amrl-linux24-04/ros2_ben/build/igus_rebel_description': CMAKE_PREFIX_PATH=${CMAKE_PREFIX_PATH}:/home/amrl-linux24-04/ros2_ben/install/yolo_ros:/home/amrl-linux24-04/ros2_ben/install/igusgus:/opt/ros/jazzy DEBUGINFOD_URLS=https://debuginfod.ubuntu.com /usr/bin/cmake --build /home/amrl-linux24-04/ros2_ben/build/igus_rebel_description -- -j22 -l22
[0.680s] Invoked command in '/home/amrl-linux24-04/ros2_ben/build/igus_rebel_description' returned '0': CMAKE_PREFIX_PATH=${CMAKE_PREFIX_PATH}:/home/amrl-linux24-04/ros2_ben/install/yolo_ros:/home/amrl-linux24-04/ros2_ben/install/igusgus:/opt/ros/jazzy DEBUGINFOD_URLS=https://debuginfod.ubuntu.com /usr/bin/cmake --build /home/amrl-linux24-04/ros2_ben/build/igus_rebel_description -- -j22 -l22
[0.691s] Invoking command in '/home/amrl-linux24-04/ros2_ben/build/igus_rebel_description': CMAKE_PREFIX_PATH=${CMAKE_PREFIX_PATH}:/home/amrl-linux24-04/ros2_ben/install/yolo_ros:/home/amrl-linux24-04/ros2_ben/install/igusgus:/opt/ros/jazzy DEBUGINFOD_URLS=https://debuginfod.ubuntu.com /usr/bin/cmake --install /home/amrl-linux24-04/ros2_ben/build/igus_rebel_description
[0.698s] -- Install configuration: ""
[0.698s] -- Execute custom install script
[0.699s] -- Symlinking: /home/amrl-linux24-04/ros2_ben/install/igus_rebel_description/share/igus_rebel_description/meshes/robolink_rebel/Diffuse Map.001.png
[0.707s] -- Symlinking: /home/amrl-linux24-04/ros2_ben/install/igus_rebel_description/share/igus_rebel_description/meshes/robolink_rebel/Diffuse Map.002.png
[0.714s] -- Symlinking: /home/amrl-linux24-04/ros2_ben/install/igus_rebel_description/share/igus_rebel_description/meshes/robolink_rebel/Diffuse Map.003.png
[0.721s] -- Symlinking: /home/amrl-linux24-04/ros2_ben/install/igus_rebel_description/share/igus_rebel_description/meshes/robolink_rebel/Diffuse Map.004.png
[0.731s] -- Symlinking: /home/amrl-linux24-04/ros2_ben/install/igus_rebel_description/share/igus_rebel_description/meshes/robolink_rebel/Diffuse Map.005.png
[0.740s] -- Symlinking: /home/amrl-linux24-04/ros2_ben/install/igus_rebel_description/share/igus_rebel_description/meshes/robolink_rebel/Diffuse Map.006.png
[0.745s] -- Symlinking: /home/amrl-linux24-04/ros2_ben/install/igus_rebel_description/share/igus_rebel_description/meshes/robolink_rebel/Diffuse Map.png
[0.751s] -- Symlinking: /home/amrl-linux24-04/ros2_ben/install/igus_rebel_description/share/igus_rebel_description/meshes/robolink_rebel/Robolink_RebeL_000.dae
[0.759s] -- Symlinking: /home/amrl-linux24-04/ros2_ben/install/igus_rebel_description/share/igus_rebel_description/meshes/robolink_rebel/Robolink_RebeL_000.stl
[0.766s] -- Symlinking: /home/amrl-linux24-04/ros2_ben/install/igus_rebel_description/share/igus_rebel_description/meshes/robolink_rebel/Robolink_RebeL_001.dae
[0.773s] -- Symlinking: /home/amrl-linux24-04/ros2_ben/install/igus_rebel_description/share/igus_rebel_description/meshes/robolink_rebel/Robolink_RebeL_001.stl
[0.781s] -- Symlinking: /home/amrl-linux24-04/ros2_ben/install/igus_rebel_description/share/igus_rebel_description/meshes/robolink_rebel/Robolink_RebeL_002.stl
[0.789s] -- Symlinking: /home/amrl-linux24-04/ros2_ben/install/igus_rebel_description/share/igus_rebel_description/meshes/robolink_rebel/Robolink_RebeL_002_0.dae
[0.798s] -- Symlinking: /home/amrl-linux24-04/ros2_ben/install/igus_rebel_description/share/igus_rebel_description/meshes/robolink_rebel/Robolink_RebeL_002_0.stl
[0.810s] -- Symlinking: /home/amrl-linux24-04/ros2_ben/install/igus_rebel_description/share/igus_rebel_description/meshes/robolink_rebel/Robolink_RebeL_002_1.dae
[0.820s] -- Symlinking: /home/amrl-linux24-04/ros2_ben/install/igus_rebel_description/share/igus_rebel_description/meshes/robolink_rebel/Robolink_RebeL_002_1.stl
[0.827s] -- Symlinking: /home/amrl-linux24-04/ros2_ben/install/igus_rebel_description/share/igus_rebel_description/meshes/robolink_rebel/Robolink_RebeL_002_2.dae
[0.834s] -- Symlinking: /home/amrl-linux24-04/ros2_ben/install/igus_rebel_description/share/igus_rebel_description/meshes/robolink_rebel/Robolink_RebeL_002_2.stl
[0.843s] -- Symlinking: /home/amrl-linux24-04/ros2_ben/install/igus_rebel_description/share/igus_rebel_description/meshes/robolink_rebel/Robolink_RebeL_003.dae
[0.851s] -- Symlinking: /home/amrl-linux24-04/ros2_ben/install/igus_rebel_description/share/igus_rebel_description/meshes/robolink_rebel/Robolink_RebeL_003.stl
[0.858s] -- Symlinking: /home/amrl-linux24-04/ros2_ben/install/igus_rebel_description/share/igus_rebel_description/meshes/robolink_rebel/Robolink_RebeL_004.dae
[0.865s] -- Symlinking: /home/amrl-linux24-04/ros2_ben/install/igus_rebel_description/share/igus_rebel_description/meshes/robolink_rebel/Robolink_RebeL_004.stl
[0.872s] -- Symlinking: /home/amrl-linux24-04/ros2_ben/install/igus_rebel_description/share/igus_rebel_description/meshes/robolink_rebel/Robolink_RebeL_005.dae
[0.880s] -- Symlinking: /home/amrl-linux24-04/ros2_ben/install/igus_rebel_description/share/igus_rebel_description/meshes/robolink_rebel/Robolink_RebeL_005.stl
[0.889s] -- Symlinking: /home/amrl-linux24-04/ros2_ben/install/igus_rebel_description/share/igus_rebel_description/meshes/robolink_rebel/Robolink_RebeL_006.dae
[0.897s] -- Symlinking: /home/amrl-linux24-04/ros2_ben/install/igus_rebel_description/share/igus_rebel_description/meshes/robolink_rebel/Robolink_RebeL_006.stl
[0.908s] -- Symlinking: /home/amrl-linux24-04/ros2_ben/install/igus_rebel_description/share/igus_rebel_description/meshes/robolink_rebel2/base_link.stl
[0.917s] -- Symlinking: /home/amrl-linux24-04/ros2_ben/install/igus_rebel_description/share/igus_rebel_description/meshes/robolink_rebel2/link1.stl
[0.923s] -- Symlinking: /home/amrl-linux24-04/ros2_ben/install/igus_rebel_description/share/igus_rebel_description/meshes/robolink_rebel2/link2.stl
[0.930s] -- Symlinking: /home/amrl-linux24-04/ros2_ben/install/igus_rebel_description/share/igus_rebel_description/meshes/robolink_rebel2/link3.stl
[0.942s] -- Symlinking: /home/amrl-linux24-04/ros2_ben/install/igus_rebel_description/share/igus_rebel_description/meshes/robolink_rebel2/link4.stl
[0.950s] -- Symlinking: /home/amrl-linux24-04/ros2_ben/install/igus_rebel_description/share/igus_rebel_description/meshes/robolink_rebel2/link5.stl
[0.959s] -- Symlinking: /home/amrl-linux24-04/ros2_ben/install/igus_rebel_description/share/igus_rebel_description/meshes/robolink_rebel2/link6.stl
[0.970s] -- Symlinking: /home/amrl-linux24-04/ros2_ben/install/igus_rebel_description/share/igus_rebel_description/meshes/robolink_rebel2/motor1.stl
[0.976s] -- Symlinking: /home/amrl-linux24-04/ros2_ben/install/igus_rebel_description/share/igus_rebel_description/meshes/robolink_rebel2/motor2.stl
[0.989s] -- Symlinking: /home/amrl-linux24-04/ros2_ben/install/igus_rebel_description/share/igus_rebel_description/meshes/robolink_rebel2/motor3.stl
[0.996s] -- Symlinking: /home/amrl-linux24-04/ros2_ben/install/igus_rebel_description/share/igus_rebel_description/meshes/robolink_rebel2/motor4.stl
[1.003s] -- Symlinking: /home/amrl-linux24-04/ros2_ben/install/igus_rebel_description/share/igus_rebel_description/meshes/robolink_rebel2/motor5.stl
[1.009s] -- Symlinking: /home/amrl-linux24-04/ros2_ben/install/igus_rebel_description/share/igus_rebel_description/meshes/robolink_rebel2/simplified_base_link.stl
[1.015s] -- Symlinking: /home/amrl-linux24-04/ros2_ben/install/igus_rebel_description/share/igus_rebel_description/meshes/robolink_rebel2/simplified_link1.stl
[1.021s] -- Symlinking: /home/amrl-linux24-04/ros2_ben/install/igus_rebel_description/share/igus_rebel_description/meshes/robolink_rebel2/simplified_link2.stl
[1.028s] -- Symlinking: /home/amrl-linux24-04/ros2_ben/install/igus_rebel_description/share/igus_rebel_description/meshes/robolink_rebel2/simplified_link3.stl
[1.034s] -- Symlinking: /home/amrl-linux24-04/ros2_ben/install/igus_rebel_description/share/igus_rebel_description/meshes/robolink_rebel2/simplified_link4.stl
[1.043s] -- Symlinking: /home/amrl-linux24-04/ros2_ben/install/igus_rebel_description/share/igus_rebel_description/meshes/robolink_rebel2/simplified_link5.stl
[1.050s] -- Symlinking: /home/amrl-linux24-04/ros2_ben/install/igus_rebel_description/share/igus_rebel_description/meshes/robolink_rebel2/simplified_link6.stl
[1.056s] -- Symlinking: /home/amrl-linux24-04/ros2_ben/install/igus_rebel_description/share/igus_rebel_description/meshes/robolink_rebel2/simplified_motor1.stl
[1.066s] -- Symlinking: /home/amrl-linux24-04/ros2_ben/install/igus_rebel_description/share/igus_rebel_description/meshes/robolink_rebel2/simplified_motor2.stl
[1.075s] -- Symlinking: /home/amrl-linux24-04/ros2_ben/install/igus_rebel_description/share/igus_rebel_description/meshes/robolink_rebel2/simplified_motor3.stl
[1.081s] -- Symlinking: /home/amrl-linux24-04/ros2_ben/install/igus_rebel_description/share/igus_rebel_description/meshes/robolink_rebel2/simplified_motor4.stl
[1.088s] -- Symlinking: /home/amrl-linux24-04/ros2_ben/install/igus_rebel_description/share/igus_rebel_description/meshes/robolink_rebel2/simplified_motor5.stl
[1.097s] -- Symlinking: /home/amrl-linux24-04/ros2_ben/install/igus_rebel_description/share/igus_rebel_description/urdf/igus_rebel.control.xacro
[1.104s] -- Symlinking: /home/amrl-linux24-04/ros2_ben/install/igus_rebel_description/share/igus_rebel_description/urdf/igus_rebel.urdf
[1.110s] -- Symlinking: /home/amrl-linux24-04/ros2_ben/install/igus_rebel_description/share/igus_rebel_description/urdf/igus_rebel2.control.xacro
[1.116s] -- Symlinking: /home/amrl-linux24-04/ros2_ben/install/igus_rebel_description/share/igus_rebel_description/urdf/igus_rebel2.urdf
[1.123s] -- Symlinking: /home/amrl-linux24-04/ros2_ben/install/igus_rebel_description/share/igus_rebel_description/urdf/igus_rebel_robot.urdf.xacro
[1.130s] -- Symlinking: /home/amrl-linux24-04/ros2_ben/install/igus_rebel_description/share/igus_rebel_description/urdf/igus_rebel_robot2.urdf.xacro
[1.138s] -- Symlinking: /home/amrl-linux24-04/ros2_ben/install/igus_rebel_description/share/ament_index/resource_index/package_run_dependencies/igus_rebel_description
[1.145s] -- Symlinking: /home/amrl-linux24-04/ros2_ben/install/igus_rebel_description/share/ament_index/resource_index/parent_prefix_path/igus_rebel_description
[1.152s] -- Symlinking: /home/amrl-linux24-04/ros2_ben/install/igus_rebel_description/share/igus_rebel_description/environment/ament_prefix_path.sh
[1.161s] -- Symlinking: /home/amrl-linux24-04/ros2_ben/install/igus_rebel_description/share/igus_rebel_description/environment/ament_prefix_path.dsv
[1.167s] -- Symlinking: /home/amrl-linux24-04/ros2_ben/install/igus_rebel_description/share/igus_rebel_description/environment/path.sh
[1.173s] -- Symlinking: /home/amrl-linux24-04/ros2_ben/install/igus_rebel_description/share/igus_rebel_description/environment/path.dsv
[1.182s] -- Symlinking: /home/amrl-linux24-04/ros2_ben/install/igus_rebel_description/share/igus_rebel_description/local_setup.bash
[1.189s] -- Symlinking: /home/amrl-linux24-04/ros2_ben/install/igus_rebel_description/share/igus_rebel_description/local_setup.sh
[1.195s] -- Symlinking: /home/amrl-linux24-04/ros2_ben/install/igus_rebel_description/share/igus_rebel_description/local_setup.zsh
[1.203s] -- Symlinking: /home/amrl-linux24-04/ros2_ben/install/igus_rebel_description/share/igus_rebel_description/local_setup.dsv
[1.211s] -- Symlinking: /home/amrl-linux24-04/ros2_ben/install/igus_rebel_description/share/igus_rebel_description/package.dsv
[1.219s] -- Symlinking: /home/amrl-linux24-04/ros2_ben/install/igus_rebel_description/share/ament_index/resource_index/packages/igus_rebel_description
[1.225s] -- Symlinking: /home/amrl-linux24-04/ros2_ben/install/igus_rebel_description/share/igus_rebel_description/cmake/igus_rebel_descriptionConfig.cmake
[1.232s] -- Symlinking: /home/amrl-linux24-04/ros2_ben/install/igus_rebel_description/share/igus_rebel_description/cmake/igus_rebel_descriptionConfig-version.cmake
[1.239s] -- Symlinking: /home/amrl-linux24-04/ros2_ben/install/igus_rebel_description/share/igus_rebel_description/package.xml
[1.247s] Invoked command in '/home/amrl-linux24-04/ros2_ben/build/igus_rebel_description' returned '0': CMAKE_PREFIX_PATH=${CMAKE_PREFIX_PATH}:/home/amrl-linux24-04/ros2_ben/install/yolo_ros:/home/amrl-linux24-04/ros2_ben/install/igusgus:/opt/ros/jazzy DEBUGINFOD_URLS=https://debuginfod.ubuntu.com /usr/bin/cmake --install /home/amrl-linux24-04/ros2_ben/build/igus_rebel_description
