[0.016s] Invoking command in '/home/amrl-linux24-04/ros2_ben/build/orbbec_camera': CMAKE_PREFIX_PATH=/home/amrl-linux24-04/ros2_ben/install/orbbec_camera_msgs:/home/amrl-linux24-04/ros2_ben/install/orbbec_description:/home/amrl-linux24-04/ros2_ben/install/orbbec_camera:/home/amrl-linux24-04/ros2_ben/install/igus_rebel:/home/amrl-linux24-04/ros2_ben/install/igus_rebel_msgs:/home/amrl-linux24-04/ros2_ben/install/igus_rebel_moveit_config:/home/amrl-linux24-04/ros2_ben/install/igus_rebel_description:/opt/ros/jazzy/opt/gz_sim_vendor:/opt/ros/jazzy/opt/gz_sensors_vendor:/opt/ros/jazzy/opt/gz_physics_vendor:/opt/ros/jazzy/opt/sdformat_vendor:/opt/ros/jazzy/opt/gz_gui_vendor:/opt/ros/jazzy/opt/gz_transport_vendor:/opt/ros/jazzy/opt/gz_rendering_vendor:/opt/ros/jazzy/opt/gz_plugin_vendor:/opt/ros/jazzy/opt/gz_fuel_tools_vendor:/opt/ros/jazzy/opt/gz_msgs_vendor:/opt/ros/jazzy/opt/gz_common_vendor:/opt/ros/jazzy/opt/gz_math_vendor:/opt/ros/jazzy/opt/gz_utils_vendor:/opt/ros/jazzy/opt/gz_tools_vendor:/opt/ros/jazzy/opt/gz_ogre_next_vendor:/opt/ros/jazzy/opt/gz_dartsim_vendor:/opt/ros/jazzy/opt/gz_cmake_vendor:/home/amrl-linux24-04/ros2_ben/install/igusgus_launch:/opt/ros/jazzy DEBUGINFOD_URLS=https://debuginfod.ubuntu.com LD_LIBRARY_PATH=/home/amrl-linux24-04/ros2_ben/install/orbbec_camera_msgs/lib:/home/amrl-linux24-04/ros2_ben/install/orbbec_camera/lib:/home/amrl-linux24-04/ros2_ben/install/igus_rebel/lib:/home/amrl-linux24-04/ros2_ben/install/igus_rebel_msgs/lib:/opt/ros/jazzy/opt/gz_sim_vendor/lib:/opt/ros/jazzy/opt/gz_sensors_vendor/lib:/opt/ros/jazzy/opt/gz_physics_vendor/lib:/opt/ros/jazzy/opt/sdformat_vendor/lib:/opt/ros/jazzy/opt/rviz_ogre_vendor/lib:/opt/ros/jazzy/lib/x86_64-linux-gnu:/opt/ros/jazzy/opt/gz_gui_vendor/lib:/opt/ros/jazzy/opt/gz_transport_vendor/lib:/opt/ros/jazzy/opt/gz_rendering_vendor/lib:/opt/ros/jazzy/opt/gz_plugin_vendor/lib:/opt/ros/jazzy/opt/gz_fuel_tools_vendor/lib:/opt/ros/jazzy/opt/gz_msgs_vendor/lib:/opt/ros/jazzy/opt/gz_common_vendor/lib:/opt/ros/jazzy/opt/gz_math_vendor/lib:/opt/ros/jazzy/opt/gz_utils_vendor/lib:/opt/ros/jazzy/opt/gz_tools_vendor/lib:/opt/ros/jazzy/opt/gz_ogre_next_vendor/lib:/opt/ros/jazzy/opt/gz_dartsim_vendor/lib:/opt/ros/jazzy/opt/gz_cmake_vendor/lib:/opt/ros/jazzy/lib /usr/bin/cmake --build /home/amrl-linux24-04/ros2_ben/build/orbbec_camera -- -j22 -l22
[0.104s] [  8%] Built target frame_latency_node
[0.105s] [ 24%] Built target frame_latency
[0.105s] [ 24%] Built target orbbec_camera_node
[0.132s] [ 68%] Built target orbbec_camera
[0.176s] [ 76%] Built target topic_statistics_node
[0.176s] [ 84%] Built target list_camera_profile_mode_node
[0.181s] [ 92%] Built target list_devices_node
[0.182s] [100%] Built target list_depth_work_mode_node
[0.199s] Invoked command in '/home/amrl-linux24-04/ros2_ben/build/orbbec_camera' returned '0': CMAKE_PREFIX_PATH=/home/amrl-linux24-04/ros2_ben/install/orbbec_camera_msgs:/home/amrl-linux24-04/ros2_ben/install/orbbec_description:/home/amrl-linux24-04/ros2_ben/install/orbbec_camera:/home/amrl-linux24-04/ros2_ben/install/igus_rebel:/home/amrl-linux24-04/ros2_ben/install/igus_rebel_msgs:/home/amrl-linux24-04/ros2_ben/install/igus_rebel_moveit_config:/home/amrl-linux24-04/ros2_ben/install/igus_rebel_description:/opt/ros/jazzy/opt/gz_sim_vendor:/opt/ros/jazzy/opt/gz_sensors_vendor:/opt/ros/jazzy/opt/gz_physics_vendor:/opt/ros/jazzy/opt/sdformat_vendor:/opt/ros/jazzy/opt/gz_gui_vendor:/opt/ros/jazzy/opt/gz_transport_vendor:/opt/ros/jazzy/opt/gz_rendering_vendor:/opt/ros/jazzy/opt/gz_plugin_vendor:/opt/ros/jazzy/opt/gz_fuel_tools_vendor:/opt/ros/jazzy/opt/gz_msgs_vendor:/opt/ros/jazzy/opt/gz_common_vendor:/opt/ros/jazzy/opt/gz_math_vendor:/opt/ros/jazzy/opt/gz_utils_vendor:/opt/ros/jazzy/opt/gz_tools_vendor:/opt/ros/jazzy/opt/gz_ogre_next_vendor:/opt/ros/jazzy/opt/gz_dartsim_vendor:/opt/ros/jazzy/opt/gz_cmake_vendor:/home/amrl-linux24-04/ros2_ben/install/igusgus_launch:/opt/ros/jazzy DEBUGINFOD_URLS=https://debuginfod.ubuntu.com LD_LIBRARY_PATH=/home/amrl-linux24-04/ros2_ben/install/orbbec_camera_msgs/lib:/home/amrl-linux24-04/ros2_ben/install/orbbec_camera/lib:/home/amrl-linux24-04/ros2_ben/install/igus_rebel/lib:/home/amrl-linux24-04/ros2_ben/install/igus_rebel_msgs/lib:/opt/ros/jazzy/opt/gz_sim_vendor/lib:/opt/ros/jazzy/opt/gz_sensors_vendor/lib:/opt/ros/jazzy/opt/gz_physics_vendor/lib:/opt/ros/jazzy/opt/sdformat_vendor/lib:/opt/ros/jazzy/opt/rviz_ogre_vendor/lib:/opt/ros/jazzy/lib/x86_64-linux-gnu:/opt/ros/jazzy/opt/gz_gui_vendor/lib:/opt/ros/jazzy/opt/gz_transport_vendor/lib:/opt/ros/jazzy/opt/gz_rendering_vendor/lib:/opt/ros/jazzy/opt/gz_plugin_vendor/lib:/opt/ros/jazzy/opt/gz_fuel_tools_vendor/lib:/opt/ros/jazzy/opt/gz_msgs_vendor/lib:/opt/ros/jazzy/opt/gz_common_vendor/lib:/opt/ros/jazzy/opt/gz_math_vendor/lib:/opt/ros/jazzy/opt/gz_utils_vendor/lib:/opt/ros/jazzy/opt/gz_tools_vendor/lib:/opt/ros/jazzy/opt/gz_ogre_next_vendor/lib:/opt/ros/jazzy/opt/gz_dartsim_vendor/lib:/opt/ros/jazzy/opt/gz_cmake_vendor/lib:/opt/ros/jazzy/lib /usr/bin/cmake --build /home/amrl-linux24-04/ros2_ben/build/orbbec_camera -- -j22 -l22
[0.202s] Invoking command in '/home/amrl-linux24-04/ros2_ben/build/orbbec_camera': CMAKE_PREFIX_PATH=/home/amrl-linux24-04/ros2_ben/install/orbbec_camera_msgs:/home/amrl-linux24-04/ros2_ben/install/orbbec_description:/home/amrl-linux24-04/ros2_ben/install/orbbec_camera:/home/amrl-linux24-04/ros2_ben/install/igus_rebel:/home/amrl-linux24-04/ros2_ben/install/igus_rebel_msgs:/home/amrl-linux24-04/ros2_ben/install/igus_rebel_moveit_config:/home/amrl-linux24-04/ros2_ben/install/igus_rebel_description:/opt/ros/jazzy/opt/gz_sim_vendor:/opt/ros/jazzy/opt/gz_sensors_vendor:/opt/ros/jazzy/opt/gz_physics_vendor:/opt/ros/jazzy/opt/sdformat_vendor:/opt/ros/jazzy/opt/gz_gui_vendor:/opt/ros/jazzy/opt/gz_transport_vendor:/opt/ros/jazzy/opt/gz_rendering_vendor:/opt/ros/jazzy/opt/gz_plugin_vendor:/opt/ros/jazzy/opt/gz_fuel_tools_vendor:/opt/ros/jazzy/opt/gz_msgs_vendor:/opt/ros/jazzy/opt/gz_common_vendor:/opt/ros/jazzy/opt/gz_math_vendor:/opt/ros/jazzy/opt/gz_utils_vendor:/opt/ros/jazzy/opt/gz_tools_vendor:/opt/ros/jazzy/opt/gz_ogre_next_vendor:/opt/ros/jazzy/opt/gz_dartsim_vendor:/opt/ros/jazzy/opt/gz_cmake_vendor:/home/amrl-linux24-04/ros2_ben/install/igusgus_launch:/opt/ros/jazzy DEBUGINFOD_URLS=https://debuginfod.ubuntu.com LD_LIBRARY_PATH=/home/amrl-linux24-04/ros2_ben/install/orbbec_camera_msgs/lib:/home/amrl-linux24-04/ros2_ben/install/orbbec_camera/lib:/home/amrl-linux24-04/ros2_ben/install/igus_rebel/lib:/home/amrl-linux24-04/ros2_ben/install/igus_rebel_msgs/lib:/opt/ros/jazzy/opt/gz_sim_vendor/lib:/opt/ros/jazzy/opt/gz_sensors_vendor/lib:/opt/ros/jazzy/opt/gz_physics_vendor/lib:/opt/ros/jazzy/opt/sdformat_vendor/lib:/opt/ros/jazzy/opt/rviz_ogre_vendor/lib:/opt/ros/jazzy/lib/x86_64-linux-gnu:/opt/ros/jazzy/opt/gz_gui_vendor/lib:/opt/ros/jazzy/opt/gz_transport_vendor/lib:/opt/ros/jazzy/opt/gz_rendering_vendor/lib:/opt/ros/jazzy/opt/gz_plugin_vendor/lib:/opt/ros/jazzy/opt/gz_fuel_tools_vendor/lib:/opt/ros/jazzy/opt/gz_msgs_vendor/lib:/opt/ros/jazzy/opt/gz_common_vendor/lib:/opt/ros/jazzy/opt/gz_math_vendor/lib:/opt/ros/jazzy/opt/gz_utils_vendor/lib:/opt/ros/jazzy/opt/gz_tools_vendor/lib:/opt/ros/jazzy/opt/gz_ogre_next_vendor/lib:/opt/ros/jazzy/opt/gz_dartsim_vendor/lib:/opt/ros/jazzy/opt/gz_cmake_vendor/lib:/opt/ros/jazzy/lib /usr/bin/cmake --install /home/amrl-linux24-04/ros2_ben/build/orbbec_camera
[0.213s] -- Install configuration: "Release"
[0.214s] -- Up-to-date: /home/amrl-linux24-04/ros2_ben/install/orbbec_camera/lib/orbbec_camera/orbbec_camera_node
[0.215s] -- Up-to-date: /home/amrl-linux24-04/ros2_ben/install/orbbec_camera/lib/orbbec_camera/frame_latency_node
[0.216s] -- Up-to-date: /home/amrl-linux24-04/ros2_ben/install/orbbec_camera/lib/liborbbec_camera.so
[0.217s] -- Up-to-date: /home/amrl-linux24-04/ros2_ben/install/orbbec_camera/lib/libframe_latency.so
[0.217s] -- Up-to-date: /home/amrl-linux24-04/ros2_ben/install/orbbec_camera/include
[0.217s] -- Up-to-date: /home/amrl-linux24-04/ros2_ben/install/orbbec_camera/include/orbbec_camera
[0.218s] -- Up-to-date: /home/amrl-linux24-04/ros2_ben/install/orbbec_camera/include/orbbec_camera/dynamic_params.h
[0.218s] -- Up-to-date: /home/amrl-linux24-04/ros2_ben/install/orbbec_camera/include/orbbec_camera/ros_param_backend.h
[0.218s] -- Up-to-date: /home/amrl-linux24-04/ros2_ben/install/orbbec_camera/include/orbbec_camera/jpeg_decoder.h
[0.218s] -- Up-to-date: /home/amrl-linux24-04/ros2_ben/install/orbbec_camera/include/orbbec_camera/image_publisher.h
[0.218s] -- Up-to-date: /home/amrl-linux24-04/ros2_ben/install/orbbec_camera/include/orbbec_camera/synced_imu_publisher.h
[0.218s] -- Up-to-date: /home/amrl-linux24-04/ros2_ben/install/orbbec_camera/include/orbbec_camera/ob_camera_node.h
[0.218s] -- Up-to-date: /home/amrl-linux24-04/ros2_ben/install/orbbec_camera/include/orbbec_camera/constants.h
[0.218s] -- Up-to-date: /home/amrl-linux24-04/ros2_ben/install/orbbec_camera/include/orbbec_camera/ob_camera_node_driver.h
[0.218s] -- Up-to-date: /home/amrl-linux24-04/ros2_ben/install/orbbec_camera/include/orbbec_camera/rk_mpp_decoder.h
[0.219s] -- Up-to-date: /home/amrl-linux24-04/ros2_ben/install/orbbec_camera/include/orbbec_camera/jetson_nv_decoder.h
[0.219s] -- Up-to-date: /home/amrl-linux24-04/ros2_ben/install/orbbec_camera/include/orbbec_camera/utils.h
[0.219s] -- Up-to-date: /home/amrl-linux24-04/ros2_ben/install/orbbec_camera/include/orbbec_camera/d2c_viewer.h
[0.219s] -- Up-to-date: /home/amrl-linux24-04/ros2_ben/install/orbbec_camera/include/magic_enum
[0.219s] -- Up-to-date: /home/amrl-linux24-04/ros2_ben/install/orbbec_camera/include/magic_enum/magic_enum.hpp
[0.219s] -- Up-to-date: /home/amrl-linux24-04/ros2_ben/install/orbbec_camera/share/orbbec_camera//launch
[0.219s] -- Up-to-date: /home/amrl-linux24-04/ros2_ben/install/orbbec_camera/share/orbbec_camera//launch/dabai_dcw2.launch.py
[0.219s] -- Up-to-date: /home/amrl-linux24-04/ros2_ben/install/orbbec_camera/share/orbbec_camera//launch/gemini_e_lite.launch.py
[0.219s] -- Up-to-date: /home/amrl-linux24-04/ros2_ben/install/orbbec_camera/share/orbbec_camera//launch/dabai_pro.launch.py
[0.219s] -- Up-to-date: /home/amrl-linux24-04/ros2_ben/install/orbbec_camera/share/orbbec_camera//launch/gemini_ew.launch.py
[0.220s] -- Up-to-date: /home/amrl-linux24-04/ros2_ben/install/orbbec_camera/share/orbbec_camera//launch/deeya.launch.py
[0.220s] -- Up-to-date: /home/amrl-linux24-04/ros2_ben/install/orbbec_camera/share/orbbec_camera//launch/astra_stereo_u3.launch.py
[0.220s] -- Up-to-date: /home/amrl-linux24-04/ros2_ben/install/orbbec_camera/share/orbbec_camera//launch/multi_camera_synced.launch.py
[0.220s] -- Up-to-date: /home/amrl-linux24-04/ros2_ben/install/orbbec_camera/share/orbbec_camera//launch/dabai_dw.launch.py
[0.220s] -- Up-to-date: /home/amrl-linux24-04/ros2_ben/install/orbbec_camera/share/orbbec_camera//launch/gemini_uw.launch.py
[0.220s] -- Up-to-date: /home/amrl-linux24-04/ros2_ben/install/orbbec_camera/share/orbbec_camera//launch/install
[0.220s] -- Up-to-date: /home/amrl-linux24-04/ros2_ben/install/orbbec_camera/share/orbbec_camera//launch/install/COLCON_IGNORE
[0.220s] -- Up-to-date: /home/amrl-linux24-04/ros2_ben/install/orbbec_camera/share/orbbec_camera//launch/install/setup.zsh
[0.221s] -- Up-to-date: /home/amrl-linux24-04/ros2_ben/install/orbbec_camera/share/orbbec_camera//launch/install/_local_setup_util_sh.py
[0.221s] -- Up-to-date: /home/amrl-linux24-04/ros2_ben/install/orbbec_camera/share/orbbec_camera//launch/install/local_setup.bash
[0.221s] -- Up-to-date: /home/amrl-linux24-04/ros2_ben/install/orbbec_camera/share/orbbec_camera//launch/install/local_setup.ps1
[0.221s] -- Up-to-date: /home/amrl-linux24-04/ros2_ben/install/orbbec_camera/share/orbbec_camera//launch/install/local_setup.sh
[0.221s] -- Up-to-date: /home/amrl-linux24-04/ros2_ben/install/orbbec_camera/share/orbbec_camera//launch/install/setup.ps1
[0.221s] -- Up-to-date: /home/amrl-linux24-04/ros2_ben/install/orbbec_camera/share/orbbec_camera//launch/install/_local_setup_util_ps1.py
[0.221s] -- Up-to-date: /home/amrl-linux24-04/ros2_ben/install/orbbec_camera/share/orbbec_camera//launch/install/.colcon_install_layout
[0.221s] -- Up-to-date: /home/amrl-linux24-04/ros2_ben/install/orbbec_camera/share/orbbec_camera//launch/install/setup.sh
[0.221s] -- Up-to-date: /home/amrl-linux24-04/ros2_ben/install/orbbec_camera/share/orbbec_camera//launch/install/local_setup.zsh
[0.221s] -- Up-to-date: /home/amrl-linux24-04/ros2_ben/install/orbbec_camera/share/orbbec_camera//launch/install/setup.bash
[0.221s] -- Up-to-date: /home/amrl-linux24-04/ros2_ben/install/orbbec_camera/share/orbbec_camera//launch/gemini_ew_lite.launch.py
[0.221s] -- Up-to-date: /home/amrl-linux24-04/ros2_ben/install/orbbec_camera/share/orbbec_camera//launch/ob_camera.launch.py
[0.222s] -- Up-to-date: /home/amrl-linux24-04/ros2_ben/install/orbbec_camera/share/orbbec_camera//launch/gemini2VL.launch.py
[0.222s] -- Up-to-date: /home/amrl-linux24-04/ros2_ben/install/orbbec_camera/share/orbbec_camera//launch/build
[0.222s] -- Up-to-date: /home/amrl-linux24-04/ros2_ben/install/orbbec_camera/share/orbbec_camera//launch/build/COLCON_IGNORE
[0.222s] -- Up-to-date: /home/amrl-linux24-04/ros2_ben/install/orbbec_camera/share/orbbec_camera//launch/build/.built_by
[0.222s] -- Up-to-date: /home/amrl-linux24-04/ros2_ben/install/orbbec_camera/share/orbbec_camera//launch/dabai_max_pro.launch.py
[0.222s] -- Up-to-date: /home/amrl-linux24-04/ros2_ben/install/orbbec_camera/share/orbbec_camera//launch/astra.launch.py
[0.222s] -- Up-to-date: /home/amrl-linux24-04/ros2_ben/install/orbbec_camera/share/orbbec_camera//launch/dabai_d1.launch.py
[0.222s] -- Up-to-date: /home/amrl-linux24-04/ros2_ben/install/orbbec_camera/share/orbbec_camera//launch/astra_adv.launch.py
[0.222s] -- Up-to-date: /home/amrl-linux24-04/ros2_ben/install/orbbec_camera/share/orbbec_camera//launch/log
[0.222s] -- Up-to-date: /home/amrl-linux24-04/ros2_ben/install/orbbec_camera/share/orbbec_camera//launch/log/COLCON_IGNORE
[0.222s] -- Up-to-date: /home/amrl-linux24-04/ros2_ben/install/orbbec_camera/share/orbbec_camera//launch/log/latest_build
[0.222s] -- Up-to-date: /home/amrl-linux24-04/ros2_ben/install/orbbec_camera/share/orbbec_camera//launch/log/latest
[0.222s] -- Up-to-date: /home/amrl-linux24-04/ros2_ben/install/orbbec_camera/share/orbbec_camera//launch/log/build_2025-09-10_16-07-57
[0.222s] -- Up-to-date: /home/amrl-linux24-04/ros2_ben/install/orbbec_camera/share/orbbec_camera//launch/log/build_2025-09-10_16-07-57/events.log
[0.223s] -- Up-to-date: /home/amrl-linux24-04/ros2_ben/install/orbbec_camera/share/orbbec_camera//launch/log/build_2025-09-10_16-07-57/logger_all.log
[0.223s] -- Up-to-date: /home/amrl-linux24-04/ros2_ben/install/orbbec_camera/share/orbbec_camera//launch/femto_bolt.launch.py
[0.223s] -- Up-to-date: /home/amrl-linux24-04/ros2_ben/install/orbbec_camera/share/orbbec_camera//launch/dabai_max.launch.py
[0.223s] -- Up-to-date: /home/amrl-linux24-04/ros2_ben/install/orbbec_camera/share/orbbec_camera//launch/femto.launch.py
[0.223s] -- Up-to-date: /home/amrl-linux24-04/ros2_ben/install/orbbec_camera/share/orbbec_camera//launch/astra_pro2.launch.py
[0.223s] -- Up-to-date: /home/amrl-linux24-04/ros2_ben/install/orbbec_camera/share/orbbec_camera//launch/multi_camera.launch.py
[0.223s] -- Up-to-date: /home/amrl-linux24-04/ros2_ben/install/orbbec_camera/share/orbbec_camera//launch/dabai_dcw.launch.py
[0.223s] -- Up-to-date: /home/amrl-linux24-04/ros2_ben/install/orbbec_camera/share/orbbec_camera//launch/gemini_330_series.launch.py
[0.223s] -- Up-to-date: /home/amrl-linux24-04/ros2_ben/install/orbbec_camera/share/orbbec_camera//launch/astra2.launch.py
[0.223s] -- Up-to-date: /home/amrl-linux24-04/ros2_ben/install/orbbec_camera/share/orbbec_camera//launch/gemini2XL.launch.py
[0.223s] -- Up-to-date: /home/amrl-linux24-04/ros2_ben/install/orbbec_camera/share/orbbec_camera//launch/femto_mega.launch.py
[0.223s] -- Up-to-date: /home/amrl-linux24-04/ros2_ben/install/orbbec_camera/share/orbbec_camera//launch/gemini_intra_process_demo_launch.py
[0.223s] -- Up-to-date: /home/amrl-linux24-04/ros2_ben/install/orbbec_camera/share/orbbec_camera//launch/gemini2L.launch.py
[0.223s] -- Up-to-date: /home/amrl-linux24-04/ros2_ben/install/orbbec_camera/share/orbbec_camera//launch/femto_net_camera.launch.py
[0.224s] -- Up-to-date: /home/amrl-linux24-04/ros2_ben/install/orbbec_camera/share/orbbec_camera//launch/multi_net_camera.launch.py
[0.224s] -- Up-to-date: /home/amrl-linux24-04/ros2_ben/install/orbbec_camera/share/orbbec_camera//launch/dabai_dcl.py
[0.224s] -- Up-to-date: /home/amrl-linux24-04/ros2_ben/install/orbbec_camera/share/orbbec_camera//launch/Log
[0.224s] -- Up-to-date: /home/amrl-linux24-04/ros2_ben/install/orbbec_camera/share/orbbec_camera//launch/Log/OrbbecSDK.log.txt
[0.224s] -- Up-to-date: /home/amrl-linux24-04/ros2_ben/install/orbbec_camera/share/orbbec_camera//launch/gemini_e.launch.py
[0.224s] -- Up-to-date: /home/amrl-linux24-04/ros2_ben/install/orbbec_camera/share/orbbec_camera//launch/dabai.launch.py
[0.224s] -- Up-to-date: /home/amrl-linux24-04/ros2_ben/install/orbbec_camera/share/orbbec_camera//launch/gemini2.launch.py
[0.224s] -- Up-to-date: /home/amrl-linux24-04/ros2_ben/install/orbbec_camera/share/orbbec_camera//launch/astra_embedded_s.launch.py
[0.224s] -- Up-to-date: /home/amrl-linux24-04/ros2_ben/install/orbbec_camera/share/orbbec_camera//launch/dabai_dw2.launch.py
[0.224s] -- Up-to-date: /home/amrl-linux24-04/ros2_ben/install/orbbec_camera/share/orbbec_camera//config
[0.224s] -- Up-to-date: /home/amrl-linux24-04/ros2_ben/install/orbbec_camera/share/orbbec_camera//config/.gitkeep
[0.224s] -- Up-to-date: /home/amrl-linux24-04/ros2_ben/install/orbbec_camera/share/orbbec_camera//config/depthfilter
[0.224s] -- Up-to-date: /home/amrl-linux24-04/ros2_ben/install/orbbec_camera/share/orbbec_camera//config/depthfilter/Openni_device.json
[0.224s] -- Up-to-date: /home/amrl-linux24-04/ros2_ben/install/orbbec_camera/share/orbbec_camera//config/depthfilter/Gemini2_v1.8.json
[0.224s] -- Up-to-date: /home/amrl-linux24-04/ros2_ben/install/orbbec_camera/share/orbbec_camera//config/OrbbecSDKConfig_v1.0.xml
[0.225s] -- Up-to-date: /home/amrl-linux24-04/ros2_ben/install/orbbec_camera/share/orbbec_camera//config/camera_params.yaml
[0.225s] -- Up-to-date: /home/amrl-linux24-04/ros2_ben/install/orbbec_camera/include
[0.225s] -- Up-to-date: /home/amrl-linux24-04/ros2_ben/install/orbbec_camera/include/libobsensor
[0.225s] -- Up-to-date: /home/amrl-linux24-04/ros2_ben/install/orbbec_camera/include/libobsensor/ObSensor.hpp
[0.225s] -- Up-to-date: /home/amrl-linux24-04/ros2_ben/install/orbbec_camera/include/libobsensor/h
[0.225s] -- Up-to-date: /home/amrl-linux24-04/ros2_ben/install/orbbec_camera/include/libobsensor/h/Sensor.h
[0.225s] -- Up-to-date: /home/amrl-linux24-04/ros2_ben/install/orbbec_camera/include/libobsensor/h/Context.h
[0.225s] -- Up-to-date: /home/amrl-linux24-04/ros2_ben/install/orbbec_camera/include/libobsensor/h/RecordPlayback.h
[0.225s] -- Up-to-date: /home/amrl-linux24-04/ros2_ben/install/orbbec_camera/include/libobsensor/h/Frame.h
[0.225s] -- Up-to-date: /home/amrl-linux24-04/ros2_ben/install/orbbec_camera/include/libobsensor/h/Utils.h
[0.225s] -- Up-to-date: /home/amrl-linux24-04/ros2_ben/install/orbbec_camera/include/libobsensor/h/Version.h
[0.225s] -- Up-to-date: /home/amrl-linux24-04/ros2_ben/install/orbbec_camera/include/libobsensor/h/Device.h
[0.225s] -- Up-to-date: /home/amrl-linux24-04/ros2_ben/install/orbbec_camera/include/libobsensor/h/ObTypes.h
[0.225s] -- Up-to-date: /home/amrl-linux24-04/ros2_ben/install/orbbec_camera/include/libobsensor/h/Filter.h
[0.226s] -- Up-to-date: /home/amrl-linux24-04/ros2_ben/install/orbbec_camera/include/libobsensor/h/MultipleDevices.h
[0.226s] -- Up-to-date: /home/amrl-linux24-04/ros2_ben/install/orbbec_camera/include/libobsensor/h/Pipeline.h
[0.226s] -- Up-to-date: /home/amrl-linux24-04/ros2_ben/install/orbbec_camera/include/libobsensor/h/Error.h
[0.226s] -- Up-to-date: /home/amrl-linux24-04/ros2_ben/install/orbbec_camera/include/libobsensor/h/Property.h
[0.226s] -- Up-to-date: /home/amrl-linux24-04/ros2_ben/install/orbbec_camera/include/libobsensor/h/StreamProfile.h
[0.226s] -- Up-to-date: /home/amrl-linux24-04/ros2_ben/install/orbbec_camera/include/libobsensor/ObSensor.h
[0.226s] -- Up-to-date: /home/amrl-linux24-04/ros2_ben/install/orbbec_camera/include/libobsensor/hpp
[0.226s] -- Up-to-date: /home/amrl-linux24-04/ros2_ben/install/orbbec_camera/include/libobsensor/hpp/Utils.hpp
[0.226s] -- Up-to-date: /home/amrl-linux24-04/ros2_ben/install/orbbec_camera/include/libobsensor/hpp/Types.hpp
[0.226s] -- Up-to-date: /home/amrl-linux24-04/ros2_ben/install/orbbec_camera/include/libobsensor/hpp/Filter.hpp
[0.226s] -- Up-to-date: /home/amrl-linux24-04/ros2_ben/install/orbbec_camera/include/libobsensor/hpp/Sensor.hpp
[0.226s] -- Up-to-date: /home/amrl-linux24-04/ros2_ben/install/orbbec_camera/include/libobsensor/hpp/Version.hpp
[0.226s] -- Up-to-date: /home/amrl-linux24-04/ros2_ben/install/orbbec_camera/include/libobsensor/hpp/Error.hpp
[0.226s] -- Up-to-date: /home/amrl-linux24-04/ros2_ben/install/orbbec_camera/include/libobsensor/hpp/RecordPlayback.hpp
[0.227s] -- Up-to-date: /home/amrl-linux24-04/ros2_ben/install/orbbec_camera/include/libobsensor/hpp/StreamProfile.hpp
[0.227s] -- Up-to-date: /home/amrl-linux24-04/ros2_ben/install/orbbec_camera/include/libobsensor/hpp/Device.hpp
[0.227s] -- Up-to-date: /home/amrl-linux24-04/ros2_ben/install/orbbec_camera/include/libobsensor/hpp/Frame.hpp
[0.227s] -- Up-to-date: /home/amrl-linux24-04/ros2_ben/install/orbbec_camera/include/libobsensor/hpp/Pipeline.hpp
[0.227s] -- Up-to-date: /home/amrl-linux24-04/ros2_ben/install/orbbec_camera/include/libobsensor/hpp/Context.hpp
[0.227s] -- Up-to-date: /home/amrl-linux24-04/ros2_ben/install/orbbec_camera/lib/
[0.227s] -- Up-to-date: /home/amrl-linux24-04/ros2_ben/install/orbbec_camera/lib//libob_usb.so
[0.227s] -- Up-to-date: /home/amrl-linux24-04/ros2_ben/install/orbbec_camera/lib//libOrbbecSDK.so
[0.227s] -- Up-to-date: /home/amrl-linux24-04/ros2_ben/install/orbbec_camera/lib//libdepthengine.so
[0.227s] -- Up-to-date: /home/amrl-linux24-04/ros2_ben/install/orbbec_camera/lib//libOrbbecSDK.so.1.10.22
[0.227s] -- Up-to-date: /home/amrl-linux24-04/ros2_ben/install/orbbec_camera/lib//liblive555.so
[0.227s] -- Up-to-date: /home/amrl-linux24-04/ros2_ben/install/orbbec_camera/lib//libOrbbecSDK.so.1.10
[0.227s] -- Up-to-date: /home/amrl-linux24-04/ros2_ben/install/orbbec_camera/lib//libdepthengine.so.2.0
[0.227s] -- Up-to-date: /home/amrl-linux24-04/ros2_ben/install/orbbec_camera/lib/orbbec_camera/list_devices_node
[0.227s] -- Up-to-date: /home/amrl-linux24-04/ros2_ben/install/orbbec_camera/lib/orbbec_camera/list_depth_work_mode_node
[0.228s] -- Up-to-date: /home/amrl-linux24-04/ros2_ben/install/orbbec_camera/lib/orbbec_camera/list_camera_profile_mode_node
[0.228s] -- Up-to-date: /home/amrl-linux24-04/ros2_ben/install/orbbec_camera/lib/orbbec_camera/topic_statistics_node
[0.228s] -- Up-to-date: /home/amrl-linux24-04/ros2_ben/install/orbbec_camera/share/orbbec_camera/environment/library_path.sh
[0.228s] -- Up-to-date: /home/amrl-linux24-04/ros2_ben/install/orbbec_camera/share/orbbec_camera/environment/library_path.dsv
[0.228s] -- Up-to-date: /home/amrl-linux24-04/ros2_ben/install/orbbec_camera/share/ament_index/resource_index/package_run_dependencies/orbbec_camera
[0.228s] -- Up-to-date: /home/amrl-linux24-04/ros2_ben/install/orbbec_camera/share/ament_index/resource_index/parent_prefix_path/orbbec_camera
[0.228s] -- Up-to-date: /home/amrl-linux24-04/ros2_ben/install/orbbec_camera/share/orbbec_camera/environment/ament_prefix_path.sh
[0.228s] -- Up-to-date: /home/amrl-linux24-04/ros2_ben/install/orbbec_camera/share/orbbec_camera/environment/ament_prefix_path.dsv
[0.228s] -- Up-to-date: /home/amrl-linux24-04/ros2_ben/install/orbbec_camera/share/orbbec_camera/environment/path.sh
[0.228s] -- Up-to-date: /home/amrl-linux24-04/ros2_ben/install/orbbec_camera/share/orbbec_camera/environment/path.dsv
[0.228s] -- Up-to-date: /home/amrl-linux24-04/ros2_ben/install/orbbec_camera/share/orbbec_camera/local_setup.bash
[0.228s] -- Up-to-date: /home/amrl-linux24-04/ros2_ben/install/orbbec_camera/share/orbbec_camera/local_setup.sh
[0.228s] -- Up-to-date: /home/amrl-linux24-04/ros2_ben/install/orbbec_camera/share/orbbec_camera/local_setup.zsh
[0.228s] -- Up-to-date: /home/amrl-linux24-04/ros2_ben/install/orbbec_camera/share/orbbec_camera/local_setup.dsv
[0.229s] -- Installing: /home/amrl-linux24-04/ros2_ben/install/orbbec_camera/share/orbbec_camera/package.dsv
[0.229s] -- Up-to-date: /home/amrl-linux24-04/ros2_ben/install/orbbec_camera/share/ament_index/resource_index/packages/orbbec_camera
[0.229s] -- Up-to-date: /home/amrl-linux24-04/ros2_ben/install/orbbec_camera/share/ament_index/resource_index/rclcpp_components/orbbec_camera
[0.229s] -- Up-to-date: /home/amrl-linux24-04/ros2_ben/install/orbbec_camera/share/orbbec_camera/cmake/ament_cmake_export_include_directories-extras.cmake
[0.229s] -- Up-to-date: /home/amrl-linux24-04/ros2_ben/install/orbbec_camera/share/orbbec_camera/cmake/ament_cmake_export_libraries-extras.cmake
[0.229s] -- Up-to-date: /home/amrl-linux24-04/ros2_ben/install/orbbec_camera/share/orbbec_camera/cmake/ament_cmake_export_dependencies-extras.cmake
[0.229s] -- Up-to-date: /home/amrl-linux24-04/ros2_ben/install/orbbec_camera/share/orbbec_camera/cmake/orbbec_cameraConfig.cmake
[0.229s] -- Up-to-date: /home/amrl-linux24-04/ros2_ben/install/orbbec_camera/share/orbbec_camera/cmake/orbbec_cameraConfig-version.cmake
[0.229s] -- Up-to-date: /home/amrl-linux24-04/ros2_ben/install/orbbec_camera/share/orbbec_camera/package.xml
[0.231s] Invoked command in '/home/amrl-linux24-04/ros2_ben/build/orbbec_camera' returned '0': CMAKE_PREFIX_PATH=/home/amrl-linux24-04/ros2_ben/install/orbbec_camera_msgs:/home/amrl-linux24-04/ros2_ben/install/orbbec_description:/home/amrl-linux24-04/ros2_ben/install/orbbec_camera:/home/amrl-linux24-04/ros2_ben/install/igus_rebel:/home/amrl-linux24-04/ros2_ben/install/igus_rebel_msgs:/home/amrl-linux24-04/ros2_ben/install/igus_rebel_moveit_config:/home/amrl-linux24-04/ros2_ben/install/igus_rebel_description:/opt/ros/jazzy/opt/gz_sim_vendor:/opt/ros/jazzy/opt/gz_sensors_vendor:/opt/ros/jazzy/opt/gz_physics_vendor:/opt/ros/jazzy/opt/sdformat_vendor:/opt/ros/jazzy/opt/gz_gui_vendor:/opt/ros/jazzy/opt/gz_transport_vendor:/opt/ros/jazzy/opt/gz_rendering_vendor:/opt/ros/jazzy/opt/gz_plugin_vendor:/opt/ros/jazzy/opt/gz_fuel_tools_vendor:/opt/ros/jazzy/opt/gz_msgs_vendor:/opt/ros/jazzy/opt/gz_common_vendor:/opt/ros/jazzy/opt/gz_math_vendor:/opt/ros/jazzy/opt/gz_utils_vendor:/opt/ros/jazzy/opt/gz_tools_vendor:/opt/ros/jazzy/opt/gz_ogre_next_vendor:/opt/ros/jazzy/opt/gz_dartsim_vendor:/opt/ros/jazzy/opt/gz_cmake_vendor:/home/amrl-linux24-04/ros2_ben/install/igusgus_launch:/opt/ros/jazzy DEBUGINFOD_URLS=https://debuginfod.ubuntu.com LD_LIBRARY_PATH=/home/amrl-linux24-04/ros2_ben/install/orbbec_camera_msgs/lib:/home/amrl-linux24-04/ros2_ben/install/orbbec_camera/lib:/home/amrl-linux24-04/ros2_ben/install/igus_rebel/lib:/home/amrl-linux24-04/ros2_ben/install/igus_rebel_msgs/lib:/opt/ros/jazzy/opt/gz_sim_vendor/lib:/opt/ros/jazzy/opt/gz_sensors_vendor/lib:/opt/ros/jazzy/opt/gz_physics_vendor/lib:/opt/ros/jazzy/opt/sdformat_vendor/lib:/opt/ros/jazzy/opt/rviz_ogre_vendor/lib:/opt/ros/jazzy/lib/x86_64-linux-gnu:/opt/ros/jazzy/opt/gz_gui_vendor/lib:/opt/ros/jazzy/opt/gz_transport_vendor/lib:/opt/ros/jazzy/opt/gz_rendering_vendor/lib:/opt/ros/jazzy/opt/gz_plugin_vendor/lib:/opt/ros/jazzy/opt/gz_fuel_tools_vendor/lib:/opt/ros/jazzy/opt/gz_msgs_vendor/lib:/opt/ros/jazzy/opt/gz_common_vendor/lib:/opt/ros/jazzy/opt/gz_math_vendor/lib:/opt/ros/jazzy/opt/gz_utils_vendor/lib:/opt/ros/jazzy/opt/gz_tools_vendor/lib:/opt/ros/jazzy/opt/gz_ogre_next_vendor/lib:/opt/ros/jazzy/opt/gz_dartsim_vendor/lib:/opt/ros/jazzy/opt/gz_cmake_vendor/lib:/opt/ros/jazzy/lib /usr/bin/cmake --install /home/amrl-linux24-04/ros2_ben/build/orbbec_camera
