[2.554s] Invoking command in '/home/amrl-linux24-04/ros2_ben/src/igusgus': DEBUGINFOD_URLS=https://debuginfod.ubuntu.com PYTHONPATH=/home/amrl-linux24-04/ros2_ben/build/igusgus/prefix_override:/usr/lib/python3/dist-packages/colcon_core/task/python/colcon_distutils_commands:/home/amrl-linux24-04/ros2_ben/install/igusgus/lib/python3.12/site-packages:${PYTHONPATH} /usr/bin/python3 -W ignore:setup.py install is deprecated -W ignore:easy_install command is deprecated setup.py egg_info --egg-base ../../build/igusgus build --build-base /home/amrl-linux24-04/ros2_ben/build/igusgus/build install --record /home/amrl-linux24-04/ros2_ben/build/igusgus/install.log --single-version-externally-managed install_data
[3.380s] running egg_info
[3.437s] writing ../../build/igusgus/igusgus.egg-info/PKG-INFO
[3.438s] writing dependency_links to ../../build/igusgus/igusgus.egg-info/dependency_links.txt
[3.438s] writing entry points to ../../build/igusgus/igusgus.egg-info/entry_points.txt
[3.439s] writing requirements to ../../build/igusgus/igusgus.egg-info/requires.txt
[3.439s] writing top-level names to ../../build/igusgus/igusgus.egg-info/top_level.txt
[3.552s] reading manifest file '../../build/igusgus/igusgus.egg-info/SOURCES.txt'
[3.552s] adding license file 'LICENSE'
[3.554s] writing manifest file '../../build/igusgus/igusgus.egg-info/SOURCES.txt'
[3.554s] running build
[3.555s] running build_py
[3.555s] copying igusgus/mask_to_3d.py -> /home/amrl-linux24-04/ros2_ben/build/igusgus/build/lib/igusgus
[3.556s] running install
[3.575s] running install_lib
[3.631s] copying /home/amrl-linux24-04/ros2_ben/build/igusgus/build/lib/igusgus/mask_to_3d.py -> /home/amrl-linux24-04/ros2_ben/install/igusgus/lib/python3.12/site-packages/igusgus
[3.633s] byte-compiling /home/amrl-linux24-04/ros2_ben/install/igusgus/lib/python3.12/site-packages/igusgus/mask_to_3d.py to mask_to_3d.cpython-312.pyc
[3.638s] running install_data
[3.638s] running install_egg_info
[3.698s] removing '/home/amrl-linux24-04/ros2_ben/install/igusgus/lib/python3.12/site-packages/igusgus-0.0.0-py3.12.egg-info' (and everything under it)
[3.699s] Copying ../../build/igusgus/igusgus.egg-info to /home/amrl-linux24-04/ros2_ben/install/igusgus/lib/python3.12/site-packages/igusgus-0.0.0-py3.12.egg-info
[3.702s] running install_scripts
[4.235s] Installing mask_to_3d script to /home/amrl-linux24-04/ros2_ben/install/igusgus/lib/igusgus
[4.236s] writing list of installed files to '/home/amrl-linux24-04/ros2_ben/build/igusgus/install.log'
[4.325s] Invoked command in '/home/amrl-linux24-04/ros2_ben/src/igusgus' returned '0': DEBUGINFOD_URLS=https://debuginfod.ubuntu.com PYTHONPATH=/home/amrl-linux24-04/ros2_ben/build/igusgus/prefix_override:/usr/lib/python3/dist-packages/colcon_core/task/python/colcon_distutils_commands:/home/amrl-linux24-04/ros2_ben/install/igusgus/lib/python3.12/site-packages:${PYTHONPATH} /usr/bin/python3 -W ignore:setup.py install is deprecated -W ignore:easy_install command is deprecated setup.py egg_info --egg-base ../../build/igusgus build --build-base /home/amrl-linux24-04/ros2_ben/build/igusgus/build install --record /home/amrl-linux24-04/ros2_ben/build/igusgus/install.log --single-version-externally-managed install_data
