[0.011s] Invoking command in '/home/amrl-linux24-04/ros2_ben/build/yolo_msgs': CMAKE_PREFIX_PATH=${CMAKE_PREFIX_PATH}:/home/amrl-linux24-04/ros2_ben/install/yolo_ros:/home/amrl-linux24-04/ros2_ben/install/igusgus_launch:/opt/ros/jazzy DEBUGINFOD_URLS=https://debuginfod.ubuntu.com /usr/bin/cmake /home/amrl-linux24-04/ros2_ben/src/yolo_ros/yolo_msgs -DCMAKE_INSTALL_PREFIX=/home/amrl-linux24-04/ros2_ben/install/yolo_msgs
[0.065s] -- The C compiler identification is GNU 13.3.0
[0.114s] -- The CXX compiler identification is GNU 13.3.0
[0.129s] -- Detecting C compiler ABI info
[0.212s] -- Detecting C compiler ABI info - done
[0.223s] -- Check for working C compiler: /usr/bin/cc - skipped
[0.223s] -- Detecting C compile features
[0.224s] -- Detecting C compile features - done
[0.232s] -- Detecting CXX compiler ABI info
[0.318s] -- Detecting CXX compiler ABI info - done
[0.329s] -- Check for working CXX compiler: /usr/bin/c++ - skipped
[0.329s] -- Detecting CXX compile features
[0.329s] -- Detecting CXX compile features - done
[0.332s] -- Found ament_cmake: 2.5.4 (/opt/ros/jazzy/share/ament_cmake/cmake)
[0.458s] -- Found Python3: /usr/bin/python3 (found version "3.12.3") found components: Interpreter 
[0.547s] -- Found rosidl_default_generators: 1.6.0 (/opt/ros/jazzy/share/rosidl_default_generators/cmake)
[0.552s] -- Using all available rosidl_typesupport_c: rosidl_typesupport_fastrtps_c;rosidl_typesupport_introspection_c
[0.594s] -- Using all available rosidl_typesupport_cpp: rosidl_typesupport_fastrtps_cpp;rosidl_typesupport_introspection_cpp
[0.629s] -- Found rosidl_adapter: 4.6.6 (/opt/ros/jazzy/share/rosidl_adapter/cmake)
[0.631s] -- Found std_msgs: 5.3.6 (/opt/ros/jazzy/share/std_msgs/cmake)
[0.657s] -- Found geometry_msgs: 5.3.6 (/opt/ros/jazzy/share/geometry_msgs/cmake)
[1.209s] -- Found ament_cmake_ros: 0.12.0 (/opt/ros/jazzy/share/ament_cmake_ros/cmake)
[1.591s] -- Using all available rosidl_typesupport_c: rosidl_typesupport_fastrtps_c;rosidl_typesupport_introspection_c
[2.113s] -- Using all available rosidl_typesupport_cpp: rosidl_typesupport_fastrtps_cpp;rosidl_typesupport_introspection_cpp
[2.116s] -- Found python_cmake_module: 0.11.1 (/opt/ros/jazzy/share/python_cmake_module/cmake)
[2.225s] -- Found PythonExtra: /usr/bin/python3  
[2.546s] -- Found Python3: /usr/bin/python3 (found version "3.12.3") found components: Interpreter Development NumPy Development.Module Development.Embed 
[2.590s] -- Configuring done (2.6s)
[2.625s] -- Generating done (0.0s)
[2.633s] -- Build files have been written to: /home/amrl-linux24-04/ros2_ben/build/yolo_msgs
[2.643s] Invoked command in '/home/amrl-linux24-04/ros2_ben/build/yolo_msgs' returned '0': CMAKE_PREFIX_PATH=${CMAKE_PREFIX_PATH}:/home/amrl-linux24-04/ros2_ben/install/yolo_ros:/home/amrl-linux24-04/ros2_ben/install/igusgus_launch:/opt/ros/jazzy DEBUGINFOD_URLS=https://debuginfod.ubuntu.com /usr/bin/cmake /home/amrl-linux24-04/ros2_ben/src/yolo_ros/yolo_msgs -DCMAKE_INSTALL_PREFIX=/home/amrl-linux24-04/ros2_ben/install/yolo_msgs
[2.645s] Invoking command in '/home/amrl-linux24-04/ros2_ben/build/yolo_msgs': CMAKE_PREFIX_PATH=${CMAKE_PREFIX_PATH}:/home/amrl-linux24-04/ros2_ben/install/yolo_ros:/home/amrl-linux24-04/ros2_ben/install/igusgus_launch:/opt/ros/jazzy DEBUGINFOD_URLS=https://debuginfod.ubuntu.com /usr/bin/cmake --build /home/amrl-linux24-04/ros2_ben/build/yolo_msgs -- -j22 -l22
[2.698s] [  0%] [34m[1mGenerating type hashes for ROS interfaces[0m
[2.707s] [  0%] Built target ament_cmake_python_copy_yolo_msgs
[2.871s] running egg_info
[2.872s] creating yolo_msgs.egg-info
[2.885s] writing yolo_msgs.egg-info/PKG-INFO
[2.885s] writing dependency_links to yolo_msgs.egg-info/dependency_links.txt
[2.885s] writing top-level names to yolo_msgs.egg-info/top_level.txt
[2.885s] writing manifest file 'yolo_msgs.egg-info/SOURCES.txt'
[2.925s] reading manifest file 'yolo_msgs.egg-info/SOURCES.txt'
[2.925s] writing manifest file 'yolo_msgs.egg-info/SOURCES.txt'
[2.952s] [  0%] Built target ament_cmake_python_build_yolo_msgs_egg
[3.039s] [  0%] Built target yolo_msgs__rosidl_generator_type_description
[3.052s] [  0%] [34m[1mGenerating C code for ROS interfaces[0m
[3.063s] [  0%] [34m[1mGenerating C++ code for ROS interfaces[0m
[3.857s] [  0%] Built target yolo_msgs__cpp
[3.946s] [  2%] [32mBuilding C object CMakeFiles/yolo_msgs__rosidl_generator_c.dir/rosidl_generator_c/yolo_msgs/msg/detail/point2_d__description.c.o[0m
[3.947s] [  2%] [32mBuilding C object CMakeFiles/yolo_msgs__rosidl_generator_c.dir/rosidl_generator_c/yolo_msgs/msg/detail/vector2__description.c.o[0m
[3.948s] [  2%] [32mBuilding C object CMakeFiles/yolo_msgs__rosidl_generator_c.dir/rosidl_generator_c/yolo_msgs/msg/detail/vector2__type_support.c.o[0m
[3.948s] [  3%] [32mBuilding C object CMakeFiles/yolo_msgs__rosidl_generator_c.dir/rosidl_generator_c/yolo_msgs/msg/detail/bounding_box2_d__description.c.o[0m
[3.948s] [  4%] [32mBuilding C object CMakeFiles/yolo_msgs__rosidl_generator_c.dir/rosidl_generator_c/yolo_msgs/msg/detail/point2_d__functions.c.o[0m
[3.949s] [  6%] [32mBuilding C object CMakeFiles/yolo_msgs__rosidl_generator_c.dir/rosidl_generator_c/yolo_msgs/msg/detail/pose2_d__description.c.o[0m
[3.949s] [  7%] [32mBuilding C object CMakeFiles/yolo_msgs__rosidl_generator_c.dir/rosidl_generator_c/yolo_msgs/msg/detail/pose2_d__functions.c.o[0m
[3.949s] [  7%] [32mBuilding C object CMakeFiles/yolo_msgs__rosidl_generator_c.dir/rosidl_generator_c/yolo_msgs/msg/detail/bounding_box3_d__description.c.o[0m
[3.949s] [  2%] [32mBuilding C object CMakeFiles/yolo_msgs__rosidl_generator_c.dir/rosidl_generator_c/yolo_msgs/msg/detail/point2_d__type_support.c.o[0m
[3.951s] [  7%] [32mBuilding C object CMakeFiles/yolo_msgs__rosidl_generator_c.dir/rosidl_generator_c/yolo_msgs/msg/detail/pose2_d__type_support.c.o[0m
[3.951s] [  8%] [32mBuilding C object CMakeFiles/yolo_msgs__rosidl_generator_c.dir/rosidl_generator_c/yolo_msgs/msg/detail/bounding_box2_d__functions.c.o[0m
[3.951s] [  9%] [32mBuilding C object CMakeFiles/yolo_msgs__rosidl_generator_c.dir/rosidl_generator_c/yolo_msgs/msg/detail/bounding_box3_d__functions.c.o[0m
[3.951s] [ 10%] [32mBuilding C object CMakeFiles/yolo_msgs__rosidl_generator_c.dir/rosidl_generator_c/yolo_msgs/msg/detail/vector2__functions.c.o[0m
[3.957s] [ 10%] [32mBuilding C object CMakeFiles/yolo_msgs__rosidl_generator_c.dir/rosidl_generator_c/yolo_msgs/msg/detail/bounding_box3_d__type_support.c.o[0m
[3.957s] [ 10%] [32mBuilding C object CMakeFiles/yolo_msgs__rosidl_generator_c.dir/rosidl_generator_c/yolo_msgs/msg/detail/bounding_box2_d__type_support.c.o[0m
[3.961s] [ 10%] [32mBuilding C object CMakeFiles/yolo_msgs__rosidl_generator_c.dir/rosidl_generator_c/yolo_msgs/msg/detail/mask__functions.c.o[0m
[3.962s] [ 12%] [32mBuilding C object CMakeFiles/yolo_msgs__rosidl_generator_c.dir/rosidl_generator_c/yolo_msgs/msg/detail/mask__description.c.o[0m
[3.962s] [ 12%] [32mBuilding C object CMakeFiles/yolo_msgs__rosidl_generator_c.dir/rosidl_generator_c/yolo_msgs/msg/detail/mask__type_support.c.o[0m
[3.988s] [ 13%] [32mBuilding C object CMakeFiles/yolo_msgs__rosidl_generator_c.dir/rosidl_generator_c/yolo_msgs/msg/detail/key_point2_d__description.c.o[0m
[3.994s] [ 13%] [32mBuilding C object CMakeFiles/yolo_msgs__rosidl_generator_c.dir/rosidl_generator_c/yolo_msgs/msg/detail/key_point2_d__functions.c.o[0m
[3.995s] [ 14%] [32mBuilding C object CMakeFiles/yolo_msgs__rosidl_generator_c.dir/rosidl_generator_c/yolo_msgs/msg/detail/key_point2_d__type_support.c.o[0m
[3.995s] [ 15%] [32mBuilding C object CMakeFiles/yolo_msgs__rosidl_generator_c.dir/rosidl_generator_c/yolo_msgs/msg/detail/key_point3_d__description.c.o[0m
[4.001s] [ 15%] [32mBuilding C object CMakeFiles/yolo_msgs__rosidl_generator_c.dir/rosidl_generator_c/yolo_msgs/msg/detail/key_point2_d_array__functions.c.o[0m
[4.001s] [ 16%] [32mBuilding C object CMakeFiles/yolo_msgs__rosidl_generator_c.dir/rosidl_generator_c/yolo_msgs/msg/detail/key_point2_d_array__description.c.o[0m
[4.001s] [ 16%] [32mBuilding C object CMakeFiles/yolo_msgs__rosidl_generator_c.dir/rosidl_generator_c/yolo_msgs/msg/detail/key_point3_d__functions.c.o[0m
[4.002s] [ 17%] [32mBuilding C object CMakeFiles/yolo_msgs__rosidl_generator_c.dir/rosidl_generator_c/yolo_msgs/msg/detail/key_point2_d_array__type_support.c.o[0m
[4.010s] [ 18%] [32mBuilding C object CMakeFiles/yolo_msgs__rosidl_generator_c.dir/rosidl_generator_c/yolo_msgs/msg/detail/key_point3_d__type_support.c.o[0m
[4.013s] [ 19%] [32mBuilding C object CMakeFiles/yolo_msgs__rosidl_generator_c.dir/rosidl_generator_c/yolo_msgs/msg/detail/key_point3_d_array__description.c.o[0m
[4.025s] [ 19%] [32mBuilding C object CMakeFiles/yolo_msgs__rosidl_generator_c.dir/rosidl_generator_c/yolo_msgs/msg/detail/key_point3_d_array__functions.c.o[0m
[4.025s] [ 19%] [32mBuilding C object CMakeFiles/yolo_msgs__rosidl_generator_c.dir/rosidl_generator_c/yolo_msgs/msg/detail/detection_array__functions.c.o[0m
[4.030s] [ 19%] [32mBuilding C object CMakeFiles/yolo_msgs__rosidl_generator_c.dir/rosidl_generator_c/yolo_msgs/msg/detail/detection__functions.c.o[0m
[4.036s] [ 20%] [32mBuilding C object CMakeFiles/yolo_msgs__rosidl_generator_c.dir/rosidl_generator_c/yolo_msgs/msg/detail/detection__description.c.o[0m
[4.036s] [ 21%] [32mBuilding C object CMakeFiles/yolo_msgs__rosidl_generator_c.dir/rosidl_generator_c/yolo_msgs/msg/detail/key_point3_d_array__type_support.c.o[0m
[4.036s] [ 22%] [32mBuilding C object CMakeFiles/yolo_msgs__rosidl_generator_c.dir/rosidl_generator_c/yolo_msgs/msg/detail/detection_array__description.c.o[0m
[4.036s] [ 23%] [32mBuilding C object CMakeFiles/yolo_msgs__rosidl_generator_c.dir/rosidl_generator_c/yolo_msgs/msg/detail/detection__type_support.c.o[0m
[4.052s] [ 24%] [32mBuilding C object CMakeFiles/yolo_msgs__rosidl_generator_c.dir/rosidl_generator_c/yolo_msgs/msg/detail/detection_array__type_support.c.o[0m
[4.054s] [ 24%] [32mBuilding C object CMakeFiles/yolo_msgs__rosidl_generator_c.dir/rosidl_generator_c/yolo_msgs/srv/detail/set_classes__description.c.o[0m
[4.059s] [ 25%] [32mBuilding C object CMakeFiles/yolo_msgs__rosidl_generator_c.dir/rosidl_generator_c/yolo_msgs/srv/detail/set_classes__type_support.c.o[0m
[4.065s] [ 26%] [32mBuilding C object CMakeFiles/yolo_msgs__rosidl_generator_c.dir/rosidl_generator_c/yolo_msgs/srv/detail/set_classes__functions.c.o[0m
[4.159s] [ 26%] [32m[1mLinking C shared library libyolo_msgs__rosidl_generator_c.so[0m
[4.229s] [ 26%] Built target yolo_msgs__rosidl_generator_c
[4.242s] [ 27%] [34m[1mGenerating C++ type support dispatch for ROS interfaces[0m
[4.244s] [ 28%] [34m[1mGenerating C++ introspection for ROS interfaces[0m
[4.244s] [ 28%] [34m[1mGenerating C type support for eProsima Fast-RTPS[0m
[4.245s] [ 29%] [34m[1mGenerating C++ type support for eProsima Fast-RTPS[0m
[4.245s] [ 30%] [34m[1mGenerating C type support dispatch for ROS interfaces[0m
[4.246s] [ 31%] [34m[1mGenerating C introspection for ROS interfaces[0m
[5.098s] [ 31%] [32mBuilding CXX object CMakeFiles/yolo_msgs__rosidl_typesupport_cpp.dir/rosidl_typesupport_cpp/yolo_msgs/msg/point2_d__type_support.cpp.o[0m
[5.099s] [ 31%] [32mBuilding CXX object CMakeFiles/yolo_msgs__rosidl_typesupport_cpp.dir/rosidl_typesupport_cpp/yolo_msgs/msg/bounding_box2_d__type_support.cpp.o[0m
[5.102s] [ 32%] [32mBuilding CXX object CMakeFiles/yolo_msgs__rosidl_typesupport_cpp.dir/rosidl_typesupport_cpp/yolo_msgs/msg/bounding_box3_d__type_support.cpp.o[0m
[5.106s] [ 33%] [32mBuilding CXX object CMakeFiles/yolo_msgs__rosidl_typesupport_cpp.dir/rosidl_typesupport_cpp/yolo_msgs/msg/vector2__type_support.cpp.o[0m
[5.107s] [ 34%] [32mBuilding CXX object CMakeFiles/yolo_msgs__rosidl_typesupport_cpp.dir/rosidl_typesupport_cpp/yolo_msgs/msg/mask__type_support.cpp.o[0m
[5.107s] [ 34%] [32mBuilding CXX object CMakeFiles/yolo_msgs__rosidl_typesupport_cpp.dir/rosidl_typesupport_cpp/yolo_msgs/msg/key_point3_d_array__type_support.cpp.o[0m
[5.109s] [ 35%] [32mBuilding CXX object CMakeFiles/yolo_msgs__rosidl_typesupport_cpp.dir/rosidl_typesupport_cpp/yolo_msgs/msg/detection__type_support.cpp.o[0m
[5.109s] [ 35%] [32mBuilding CXX object CMakeFiles/yolo_msgs__rosidl_typesupport_cpp.dir/rosidl_typesupport_cpp/yolo_msgs/msg/key_point3_d__type_support.cpp.o[0m
[5.115s] [ 36%] [32mBuilding CXX object CMakeFiles/yolo_msgs__rosidl_typesupport_cpp.dir/rosidl_typesupport_cpp/yolo_msgs/msg/key_point2_d_array__type_support.cpp.o[0m
[5.115s] [ 37%] [32mBuilding CXX object CMakeFiles/yolo_msgs__rosidl_typesupport_cpp.dir/rosidl_typesupport_cpp/yolo_msgs/msg/key_point2_d__type_support.cpp.o[0m
[5.115s] [ 37%] [32mBuilding CXX object CMakeFiles/yolo_msgs__rosidl_typesupport_cpp.dir/rosidl_typesupport_cpp/yolo_msgs/msg/detection_array__type_support.cpp.o[0m
[5.116s] [ 38%] [32mBuilding CXX object CMakeFiles/yolo_msgs__rosidl_typesupport_cpp.dir/rosidl_typesupport_cpp/yolo_msgs/msg/pose2_d__type_support.cpp.o[0m
[5.129s] [ 39%] [32mBuilding CXX object CMakeFiles/yolo_msgs__rosidl_typesupport_cpp.dir/rosidl_typesupport_cpp/yolo_msgs/srv/set_classes__type_support.cpp.o[0m
[5.129s] [ 39%] [32mBuilding CXX object CMakeFiles/yolo_msgs__rosidl_typesupport_c.dir/rosidl_typesupport_c/yolo_msgs/msg/bounding_box2_d__type_support.cpp.o[0m
[5.130s] [ 40%] [32mBuilding CXX object CMakeFiles/yolo_msgs__rosidl_typesupport_c.dir/rosidl_typesupport_c/yolo_msgs/msg/bounding_box3_d__type_support.cpp.o[0m
[5.131s] [ 41%] [32mBuilding CXX object CMakeFiles/yolo_msgs__rosidl_typesupport_c.dir/rosidl_typesupport_c/yolo_msgs/msg/vector2__type_support.cpp.o[0m
[5.134s] [ 41%] [32mBuilding CXX object CMakeFiles/yolo_msgs__rosidl_typesupport_c.dir/rosidl_typesupport_c/yolo_msgs/msg/point2_d__type_support.cpp.o[0m
[5.146s] [ 42%] [32mBuilding CXX object CMakeFiles/yolo_msgs__rosidl_typesupport_c.dir/rosidl_typesupport_c/yolo_msgs/msg/pose2_d__type_support.cpp.o[0m
[5.257s] [ 43%] [32mBuilding CXX object CMakeFiles/yolo_msgs__rosidl_typesupport_c.dir/rosidl_typesupport_c/yolo_msgs/msg/mask__type_support.cpp.o[0m
[5.267s] [ 43%] [32mBuilding CXX object CMakeFiles/yolo_msgs__rosidl_typesupport_c.dir/rosidl_typesupport_c/yolo_msgs/msg/key_point2_d__type_support.cpp.o[0m
[5.343s] [ 44%] [32mBuilding CXX object CMakeFiles/yolo_msgs__rosidl_typesupport_c.dir/rosidl_typesupport_c/yolo_msgs/msg/key_point3_d__type_support.cpp.o[0m
[5.359s] [ 45%] [32mBuilding CXX object CMakeFiles/yolo_msgs__rosidl_typesupport_c.dir/rosidl_typesupport_c/yolo_msgs/msg/key_point2_d_array__type_support.cpp.o[0m
[5.432s] [ 45%] [32mBuilding CXX object CMakeFiles/yolo_msgs__rosidl_typesupport_c.dir/rosidl_typesupport_c/yolo_msgs/msg/key_point3_d_array__type_support.cpp.o[0m
[5.558s] [ 46%] [32mBuilding CXX object CMakeFiles/yolo_msgs__rosidl_typesupport_c.dir/rosidl_typesupport_c/yolo_msgs/msg/detection__type_support.cpp.o[0m
[5.626s] [ 47%] [32mBuilding CXX object CMakeFiles/yolo_msgs__rosidl_typesupport_c.dir/rosidl_typesupport_c/yolo_msgs/msg/detection_array__type_support.cpp.o[0m
[5.755s] [ 47%] [32mBuilding CXX object CMakeFiles/yolo_msgs__rosidl_typesupport_c.dir/rosidl_typesupport_c/yolo_msgs/srv/set_classes__type_support.cpp.o[0m
[6.326s] [ 47%] [32mBuilding CXX object CMakeFiles/yolo_msgs__rosidl_typesupport_introspection_cpp.dir/rosidl_typesupport_introspection_cpp/yolo_msgs/msg/detail/point2_d__type_support.cpp.o[0m
[6.327s] [ 48%] [32mBuilding C object CMakeFiles/yolo_msgs__rosidl_typesupport_introspection_c.dir/rosidl_typesupport_introspection_c/yolo_msgs/msg/detail/pose2_d__type_support.c.o[0m
[6.331s] [ 49%] [32m[1mLinking CXX shared library libyolo_msgs__rosidl_typesupport_c.so[0m
[6.332s] [ 50%] [32mBuilding C object CMakeFiles/yolo_msgs__rosidl_typesupport_introspection_c.dir/rosidl_typesupport_introspection_c/yolo_msgs/msg/detail/bounding_box3_d__type_support.c.o[0m
[6.360s] [ 51%] [32mBuilding C object CMakeFiles/yolo_msgs__rosidl_typesupport_introspection_c.dir/rosidl_typesupport_introspection_c/yolo_msgs/msg/detail/vector2__type_support.c.o[0m
[6.365s] [ 51%] [32mBuilding C object CMakeFiles/yolo_msgs__rosidl_typesupport_introspection_c.dir/rosidl_typesupport_introspection_c/yolo_msgs/msg/detail/bounding_box2_d__type_support.c.o[0m
[6.379s] [ 51%] [32mBuilding C object CMakeFiles/yolo_msgs__rosidl_typesupport_introspection_c.dir/rosidl_typesupport_introspection_c/yolo_msgs/msg/detail/point2_d__type_support.c.o[0m
[6.409s] [ 52%] [32mBuilding C object CMakeFiles/yolo_msgs__rosidl_typesupport_introspection_c.dir/rosidl_typesupport_introspection_c/yolo_msgs/msg/detail/mask__type_support.c.o[0m
[6.501s] [ 52%] [32mBuilding C object CMakeFiles/yolo_msgs__rosidl_typesupport_introspection_c.dir/rosidl_typesupport_introspection_c/yolo_msgs/msg/detail/key_point2_d__type_support.c.o[0m
[6.534s] [ 53%] [32mBuilding CXX object CMakeFiles/yolo_msgs__rosidl_typesupport_introspection_cpp.dir/rosidl_typesupport_introspection_cpp/yolo_msgs/msg/detail/vector2__type_support.cpp.o[0m
[6.592s] [ 54%] [32mBuilding CXX object CMakeFiles/yolo_msgs__rosidl_typesupport_introspection_cpp.dir/rosidl_typesupport_introspection_cpp/yolo_msgs/msg/detail/bounding_box2_d__type_support.cpp.o[0m
[6.652s] [ 54%] [32mBuilding CXX object CMakeFiles/yolo_msgs__rosidl_typesupport_introspection_cpp.dir/rosidl_typesupport_introspection_cpp/yolo_msgs/msg/detail/pose2_d__type_support.cpp.o[0m
[6.859s] [ 55%] [32mBuilding C object CMakeFiles/yolo_msgs__rosidl_typesupport_introspection_c.dir/rosidl_typesupport_introspection_c/yolo_msgs/msg/detail/key_point3_d__type_support.c.o[0m
[6.980s] [ 55%] [32mBuilding C object CMakeFiles/yolo_msgs__rosidl_typesupport_introspection_c.dir/rosidl_typesupport_introspection_c/yolo_msgs/msg/detail/key_point3_d_array__type_support.c.o[0m
[6.980s] [ 56%] [32mBuilding CXX object CMakeFiles/yolo_msgs__rosidl_typesupport_introspection_cpp.dir/rosidl_typesupport_introspection_cpp/yolo_msgs/msg/detail/bounding_box3_d__type_support.cpp.o[0m
[7.012s] [ 57%] [32mBuilding C object CMakeFiles/yolo_msgs__rosidl_typesupport_introspection_c.dir/rosidl_typesupport_introspection_c/yolo_msgs/msg/detail/key_point2_d_array__type_support.c.o[0m
[7.022s] [ 58%] [32mBuilding CXX object CMakeFiles/yolo_msgs__rosidl_typesupport_introspection_cpp.dir/rosidl_typesupport_introspection_cpp/yolo_msgs/msg/detail/key_point2_d__type_support.cpp.o[0m
[7.033s] [ 59%] [32mBuilding C object CMakeFiles/yolo_msgs__rosidl_typesupport_introspection_c.dir/rosidl_typesupport_introspection_c/yolo_msgs/msg/detail/detection__type_support.c.o[0m
[7.110s] [ 59%] [32mBuilding CXX object CMakeFiles/yolo_msgs__rosidl_typesupport_introspection_cpp.dir/rosidl_typesupport_introspection_cpp/yolo_msgs/msg/detail/mask__type_support.cpp.o[0m
[7.117s] [ 60%] [32mBuilding CXX object CMakeFiles/yolo_msgs__rosidl_typesupport_introspection_cpp.dir/rosidl_typesupport_introspection_cpp/yolo_msgs/msg/detail/key_point2_d_array__type_support.cpp.o[0m
[7.316s] [ 61%] [32mBuilding C object CMakeFiles/yolo_msgs__rosidl_typesupport_introspection_c.dir/rosidl_typesupport_introspection_c/yolo_msgs/msg/detail/detection_array__type_support.c.o[0m
[7.365s] [ 61%] [32mBuilding CXX object CMakeFiles/yolo_msgs__rosidl_typesupport_introspection_cpp.dir/rosidl_typesupport_introspection_cpp/yolo_msgs/msg/detail/key_point3_d__type_support.cpp.o[0m
[7.367s] [ 61%] [32mBuilding C object CMakeFiles/yolo_msgs__rosidl_typesupport_introspection_c.dir/rosidl_typesupport_introspection_c/yolo_msgs/srv/detail/set_classes__type_support.c.o[0m
[7.461s] [ 62%] [32mBuilding CXX object CMakeFiles/yolo_msgs__rosidl_typesupport_introspection_cpp.dir/rosidl_typesupport_introspection_cpp/yolo_msgs/msg/detail/key_point3_d_array__type_support.cpp.o[0m
[7.516s] [ 63%] [32mBuilding CXX object CMakeFiles/yolo_msgs__rosidl_typesupport_introspection_cpp.dir/rosidl_typesupport_introspection_cpp/yolo_msgs/msg/detail/detection__type_support.cpp.o[0m
[7.621s] [ 63%] Built target yolo_msgs__rosidl_typesupport_c
[7.867s] [ 64%] [32mBuilding CXX object CMakeFiles/yolo_msgs__rosidl_typesupport_introspection_cpp.dir/rosidl_typesupport_introspection_cpp/yolo_msgs/srv/detail/set_classes__type_support.cpp.o[0m
[8.118s] [ 64%] [32mBuilding CXX object CMakeFiles/yolo_msgs__rosidl_typesupport_introspection_cpp.dir/rosidl_typesupport_introspection_cpp/yolo_msgs/msg/detail/detection_array__type_support.cpp.o[0m
[8.729s] [ 65%] [32mBuilding CXX object CMakeFiles/yolo_msgs__rosidl_typesupport_fastrtps_c.dir/rosidl_typesupport_fastrtps_c/yolo_msgs/msg/detail/vector2__type_support_c.cpp.o[0m
[8.732s] [ 64%] [32mBuilding CXX object CMakeFiles/yolo_msgs__rosidl_typesupport_fastrtps_c.dir/rosidl_typesupport_fastrtps_c/yolo_msgs/msg/detail/pose2_d__type_support_c.cpp.o[0m
[8.733s] [ 66%] [32mBuilding CXX object CMakeFiles/yolo_msgs__rosidl_typesupport_fastrtps_c.dir/rosidl_typesupport_fastrtps_c/yolo_msgs/msg/detail/bounding_box3_d__type_support_c.cpp.o[0m
[8.742s] [ 67%] [32mBuilding CXX object CMakeFiles/yolo_msgs__rosidl_typesupport_fastrtps_c.dir/rosidl_typesupport_fastrtps_c/yolo_msgs/msg/detail/point2_d__type_support_c.cpp.o[0m
[8.746s] [ 67%] [32mBuilding CXX object CMakeFiles/yolo_msgs__rosidl_typesupport_fastrtps_c.dir/rosidl_typesupport_fastrtps_c/yolo_msgs/msg/detail/mask__type_support_c.cpp.o[0m
[8.747s] [ 68%] [32mBuilding CXX object CMakeFiles/yolo_msgs__rosidl_typesupport_fastrtps_c.dir/rosidl_typesupport_fastrtps_c/yolo_msgs/msg/detail/bounding_box2_d__type_support_c.cpp.o[0m
[8.976s] [ 69%] [32m[1mLinking C shared library libyolo_msgs__rosidl_typesupport_introspection_c.so[0m
[9.336s] [ 70%] [32mBuilding CXX object CMakeFiles/yolo_msgs__rosidl_typesupport_fastrtps_c.dir/rosidl_typesupport_fastrtps_c/yolo_msgs/msg/detail/key_point2_d__type_support_c.cpp.o[0m
[9.392s] [ 71%] [32mBuilding CXX object CMakeFiles/yolo_msgs__rosidl_typesupport_fastrtps_cpp.dir/rosidl_typesupport_fastrtps_cpp/yolo_msgs/msg/detail/dds_fastrtps/point2_d__type_support.cpp.o[0m
[9.569s] [ 71%] Built target yolo_msgs__rosidl_typesupport_introspection_c
[9.637s] [ 72%] [32mBuilding CXX object CMakeFiles/yolo_msgs__rosidl_typesupport_fastrtps_c.dir/rosidl_typesupport_fastrtps_c/yolo_msgs/msg/detail/key_point3_d__type_support_c.cpp.o[0m
[9.639s] [ 73%] [32mBuilding CXX object CMakeFiles/yolo_msgs__rosidl_typesupport_fastrtps_c.dir/rosidl_typesupport_fastrtps_c/yolo_msgs/msg/detail/key_point3_d_array__type_support_c.cpp.o[0m
[9.660s] [ 73%] [32mBuilding CXX object CMakeFiles/yolo_msgs__rosidl_typesupport_fastrtps_c.dir/rosidl_typesupport_fastrtps_c/yolo_msgs/msg/detail/key_point2_d_array__type_support_c.cpp.o[0m
[9.887s] [ 73%] [32mBuilding CXX object CMakeFiles/yolo_msgs__rosidl_typesupport_fastrtps_c.dir/rosidl_typesupport_fastrtps_c/yolo_msgs/msg/detail/detection__type_support_c.cpp.o[0m
[9.955s] [ 73%] [32mBuilding CXX object CMakeFiles/yolo_msgs__rosidl_typesupport_fastrtps_cpp.dir/rosidl_typesupport_fastrtps_cpp/yolo_msgs/msg/detail/dds_fastrtps/vector2__type_support.cpp.o[0m
[10.455s] [ 74%] [32mBuilding CXX object CMakeFiles/yolo_msgs__rosidl_typesupport_fastrtps_c.dir/rosidl_typesupport_fastrtps_c/yolo_msgs/msg/detail/detection_array__type_support_c.cpp.o[0m
[10.500s] [ 75%] [32mBuilding CXX object CMakeFiles/yolo_msgs__rosidl_typesupport_fastrtps_cpp.dir/rosidl_typesupport_fastrtps_cpp/yolo_msgs/msg/detail/dds_fastrtps/pose2_d__type_support.cpp.o[0m
[10.763s] [ 76%] [32mBuilding CXX object CMakeFiles/yolo_msgs__rosidl_typesupport_fastrtps_c.dir/rosidl_typesupport_fastrtps_c/yolo_msgs/srv/detail/set_classes__type_support_c.cpp.o[0m
[10.781s] [ 77%] [32mBuilding CXX object CMakeFiles/yolo_msgs__rosidl_typesupport_fastrtps_cpp.dir/rosidl_typesupport_fastrtps_cpp/yolo_msgs/msg/detail/dds_fastrtps/bounding_box2_d__type_support.cpp.o[0m
[11.797s] [ 77%] [32mBuilding CXX object CMakeFiles/yolo_msgs__rosidl_typesupport_fastrtps_cpp.dir/rosidl_typesupport_fastrtps_cpp/yolo_msgs/msg/detail/dds_fastrtps/bounding_box3_d__type_support.cpp.o[0m
[11.872s] [ 78%] [32mBuilding CXX object CMakeFiles/yolo_msgs__rosidl_typesupport_fastrtps_cpp.dir/rosidl_typesupport_fastrtps_cpp/yolo_msgs/msg/detail/dds_fastrtps/mask__type_support.cpp.o[0m
[13.062s] [ 79%] [32mBuilding CXX object CMakeFiles/yolo_msgs__rosidl_typesupport_fastrtps_cpp.dir/rosidl_typesupport_fastrtps_cpp/yolo_msgs/msg/detail/dds_fastrtps/key_point2_d__type_support.cpp.o[0m
[13.211s] [ 79%] [32mBuilding CXX object CMakeFiles/yolo_msgs__rosidl_typesupport_fastrtps_cpp.dir/rosidl_typesupport_fastrtps_cpp/yolo_msgs/msg/detail/dds_fastrtps/key_point2_d_array__type_support.cpp.o[0m
[13.222s] [ 80%] [32mBuilding CXX object CMakeFiles/yolo_msgs__rosidl_typesupport_fastrtps_cpp.dir/rosidl_typesupport_fastrtps_cpp/yolo_msgs/msg/detail/dds_fastrtps/key_point3_d__type_support.cpp.o[0m
[13.284s] [ 81%] [32mBuilding CXX object CMakeFiles/yolo_msgs__rosidl_typesupport_fastrtps_cpp.dir/rosidl_typesupport_fastrtps_cpp/yolo_msgs/msg/detail/dds_fastrtps/key_point3_d_array__type_support.cpp.o[0m
[13.396s] [ 81%] [32mBuilding CXX object CMakeFiles/yolo_msgs__rosidl_typesupport_fastrtps_cpp.dir/rosidl_typesupport_fastrtps_cpp/yolo_msgs/msg/detail/dds_fastrtps/detection__type_support.cpp.o[0m
[13.699s] [ 82%] [32mBuilding CXX object CMakeFiles/yolo_msgs__rosidl_typesupport_fastrtps_cpp.dir/rosidl_typesupport_fastrtps_cpp/yolo_msgs/msg/detail/dds_fastrtps/detection_array__type_support.cpp.o[0m
[13.758s] [ 83%] [32m[1mLinking CXX shared library libyolo_msgs__rosidl_typesupport_cpp.so[0m
[13.891s] [ 83%] [32mBuilding CXX object CMakeFiles/yolo_msgs__rosidl_typesupport_fastrtps_cpp.dir/rosidl_typesupport_fastrtps_cpp/yolo_msgs/srv/detail/dds_fastrtps/set_classes__type_support.cpp.o[0m
[14.435s] [ 83%] Built target yolo_msgs__rosidl_typesupport_cpp
[16.526s] [ 83%] [32m[1mLinking CXX shared library libyolo_msgs__rosidl_typesupport_fastrtps_c.so[0m
[16.818s] [ 83%] Built target yolo_msgs__rosidl_typesupport_fastrtps_c
[17.394s] [ 84%] [32m[1mLinking CXX shared library libyolo_msgs__rosidl_typesupport_introspection_cpp.so[0m
[17.620s] [ 85%] [32m[1mLinking CXX shared library libyolo_msgs__rosidl_typesupport_fastrtps_cpp.so[0m
[17.639s] [ 85%] Built target yolo_msgs__rosidl_typesupport_introspection_cpp
[17.814s] [ 85%] Built target yolo_msgs__rosidl_typesupport_fastrtps_cpp
[17.861s] [ 85%] Built target yolo_msgs
[17.912s] [ 86%] [34m[1mGenerating Python code for ROS interfaces[0m
[20.042s] [ 86%] Built target yolo_msgs__py
[20.082s] [ 86%] [32mBuilding C object CMakeFiles/yolo_msgs__rosidl_generator_py.dir/rosidl_generator_py/yolo_msgs/msg/_mask_s.c.o[0m
[20.084s] [ 87%] [32mBuilding C object CMakeFiles/yolo_msgs__rosidl_generator_py.dir/rosidl_generator_py/yolo_msgs/msg/_key_point3_d_array_s.c.o[0m
[20.085s] [ 88%] [32mBuilding C object CMakeFiles/yolo_msgs__rosidl_generator_py.dir/rosidl_generator_py/yolo_msgs/msg/_bounding_box2_d_s.c.o[0m
[20.086s] [ 89%] [32mBuilding C object CMakeFiles/yolo_msgs__rosidl_generator_py.dir/rosidl_generator_py/yolo_msgs/msg/_point2_d_s.c.o[0m
[20.087s] [ 91%] [32mBuilding C object CMakeFiles/yolo_msgs__rosidl_generator_py.dir/rosidl_generator_py/yolo_msgs/msg/_detection_s.c.o[0m
[20.087s] [ 91%] [32mBuilding C object CMakeFiles/yolo_msgs__rosidl_generator_py.dir/rosidl_generator_py/yolo_msgs/msg/_vector2_s.c.o[0m
[20.087s] [ 92%] [32mBuilding C object CMakeFiles/yolo_msgs__rosidl_generator_py.dir/rosidl_generator_py/yolo_msgs/msg/_pose2_d_s.c.o[0m
[20.088s] [ 92%] [32mBuilding C object CMakeFiles/yolo_msgs__rosidl_generator_py.dir/rosidl_generator_py/yolo_msgs/msg/_bounding_box3_d_s.c.o[0m
[20.088s] [ 92%] [32mBuilding C object CMakeFiles/yolo_msgs__rosidl_generator_py.dir/rosidl_generator_py/yolo_msgs/msg/_key_point3_d_s.c.o[0m
[20.088s] [ 92%] [32mBuilding C object CMakeFiles/yolo_msgs__rosidl_generator_py.dir/rosidl_generator_py/yolo_msgs/msg/_detection_array_s.c.o[0m
[20.089s] [ 93%] [32mBuilding C object CMakeFiles/yolo_msgs__rosidl_generator_py.dir/rosidl_generator_py/yolo_msgs/srv/_set_classes_s.c.o[0m
[20.089s] [ 94%] [32mBuilding C object CMakeFiles/yolo_msgs__rosidl_generator_py.dir/rosidl_generator_py/yolo_msgs/msg/_key_point2_d_s.c.o[0m
[20.090s] [ 95%] [32mBuilding C object CMakeFiles/yolo_msgs__rosidl_generator_py.dir/rosidl_generator_py/yolo_msgs/msg/_key_point2_d_array_s.c.o[0m
[20.435s] [ 96%] [32m[1mLinking C shared library libyolo_msgs__rosidl_generator_py.so[0m
[20.575s] [ 96%] Built target yolo_msgs__rosidl_generator_py
[20.608s] [ 96%] [32mBuilding C object CMakeFiles/yolo_msgs_s__rosidl_typesupport_c.dir/rosidl_generator_py/yolo_msgs/_yolo_msgs_s.ep.rosidl_typesupport_c.c.o[0m
[20.614s] [ 97%] [32mBuilding C object CMakeFiles/yolo_msgs_s__rosidl_typesupport_fastrtps_c.dir/rosidl_generator_py/yolo_msgs/_yolo_msgs_s.ep.rosidl_typesupport_fastrtps_c.c.o[0m
[20.620s] [ 98%] [32mBuilding C object CMakeFiles/yolo_msgs_s__rosidl_typesupport_introspection_c.dir/rosidl_generator_py/yolo_msgs/_yolo_msgs_s.ep.rosidl_typesupport_introspection_c.c.o[0m
[20.843s] [ 98%] [32m[1mLinking C shared module rosidl_generator_py/yolo_msgs/yolo_msgs_s__rosidl_typesupport_fastrtps_c.so[0m
[20.860s] [ 99%] [32m[1mLinking C shared module rosidl_generator_py/yolo_msgs/yolo_msgs_s__rosidl_typesupport_introspection_c.so[0m
[20.904s] [100%] [32m[1mLinking C shared module rosidl_generator_py/yolo_msgs/yolo_msgs_s__rosidl_typesupport_c.so[0m
[20.921s] [100%] Built target yolo_msgs_s__rosidl_typesupport_introspection_c
[20.927s] [100%] Built target yolo_msgs_s__rosidl_typesupport_fastrtps_c
[20.971s] [100%] Built target yolo_msgs_s__rosidl_typesupport_c
[20.992s] Invoked command in '/home/amrl-linux24-04/ros2_ben/build/yolo_msgs' returned '0': CMAKE_PREFIX_PATH=${CMAKE_PREFIX_PATH}:/home/amrl-linux24-04/ros2_ben/install/yolo_ros:/home/amrl-linux24-04/ros2_ben/install/igusgus_launch:/opt/ros/jazzy DEBUGINFOD_URLS=https://debuginfod.ubuntu.com /usr/bin/cmake --build /home/amrl-linux24-04/ros2_ben/build/yolo_msgs -- -j22 -l22
[20.995s] Invoking command in '/home/amrl-linux24-04/ros2_ben/build/yolo_msgs': CMAKE_PREFIX_PATH=${CMAKE_PREFIX_PATH}:/home/amrl-linux24-04/ros2_ben/install/yolo_ros:/home/amrl-linux24-04/ros2_ben/install/igusgus_launch:/opt/ros/jazzy DEBUGINFOD_URLS=https://debuginfod.ubuntu.com /usr/bin/cmake --install /home/amrl-linux24-04/ros2_ben/build/yolo_msgs
[21.010s] -- Install configuration: ""
[21.010s] -- Installing: /home/amrl-linux24-04/ros2_ben/install/yolo_msgs/share/ament_index/resource_index/rosidl_interfaces/yolo_msgs
[21.010s] -- Installing: /home/amrl-linux24-04/ros2_ben/install/yolo_msgs/share/yolo_msgs/msg/Point2D.json
[21.011s] -- Installing: /home/amrl-linux24-04/ros2_ben/install/yolo_msgs/share/yolo_msgs/msg/Vector2.json
[21.011s] -- Installing: /home/amrl-linux24-04/ros2_ben/install/yolo_msgs/share/yolo_msgs/msg/Pose2D.json
[21.011s] -- Installing: /home/amrl-linux24-04/ros2_ben/install/yolo_msgs/share/yolo_msgs/msg/BoundingBox2D.json
[21.011s] -- Installing: /home/amrl-linux24-04/ros2_ben/install/yolo_msgs/share/yolo_msgs/msg/BoundingBox3D.json
[21.012s] -- Installing: /home/amrl-linux24-04/ros2_ben/install/yolo_msgs/share/yolo_msgs/msg/Mask.json
[21.012s] -- Installing: /home/amrl-linux24-04/ros2_ben/install/yolo_msgs/share/yolo_msgs/msg/KeyPoint2D.json
[21.012s] -- Installing: /home/amrl-linux24-04/ros2_ben/install/yolo_msgs/share/yolo_msgs/msg/KeyPoint2DArray.json
[21.012s] -- Installing: /home/amrl-linux24-04/ros2_ben/install/yolo_msgs/share/yolo_msgs/msg/KeyPoint3D.json
[21.012s] -- Installing: /home/amrl-linux24-04/ros2_ben/install/yolo_msgs/share/yolo_msgs/msg/KeyPoint3DArray.json
[21.013s] -- Installing: /home/amrl-linux24-04/ros2_ben/install/yolo_msgs/share/yolo_msgs/msg/Detection.json
[21.013s] -- Installing: /home/amrl-linux24-04/ros2_ben/install/yolo_msgs/share/yolo_msgs/msg/DetectionArray.json
[21.013s] -- Installing: /home/amrl-linux24-04/ros2_ben/install/yolo_msgs/share/yolo_msgs/srv/SetClasses.json
[21.013s] -- Installing: /home/amrl-linux24-04/ros2_ben/install/yolo_msgs/include/yolo_msgs/yolo_msgs
[21.014s] -- Installing: /home/amrl-linux24-04/ros2_ben/install/yolo_msgs/include/yolo_msgs/yolo_msgs/srv
[21.014s] -- Installing: /home/amrl-linux24-04/ros2_ben/install/yolo_msgs/include/yolo_msgs/yolo_msgs/srv/detail
[21.014s] -- Installing: /home/amrl-linux24-04/ros2_ben/install/yolo_msgs/include/yolo_msgs/yolo_msgs/srv/detail/set_classes__functions.h
[21.014s] -- Installing: /home/amrl-linux24-04/ros2_ben/install/yolo_msgs/include/yolo_msgs/yolo_msgs/srv/detail/set_classes__type_support.h
[21.014s] -- Installing: /home/amrl-linux24-04/ros2_ben/install/yolo_msgs/include/yolo_msgs/yolo_msgs/srv/detail/set_classes__struct.h
[21.015s] -- Installing: /home/amrl-linux24-04/ros2_ben/install/yolo_msgs/include/yolo_msgs/yolo_msgs/srv/detail/set_classes__functions.c
[21.015s] -- Installing: /home/amrl-linux24-04/ros2_ben/install/yolo_msgs/include/yolo_msgs/yolo_msgs/srv/detail/set_classes__type_support.c
[21.015s] -- Installing: /home/amrl-linux24-04/ros2_ben/install/yolo_msgs/include/yolo_msgs/yolo_msgs/srv/detail/set_classes__description.c
[21.015s] -- Installing: /home/amrl-linux24-04/ros2_ben/install/yolo_msgs/include/yolo_msgs/yolo_msgs/srv/set_classes.h
[21.015s] -- Installing: /home/amrl-linux24-04/ros2_ben/install/yolo_msgs/include/yolo_msgs/yolo_msgs/msg
[21.016s] -- Installing: /home/amrl-linux24-04/ros2_ben/install/yolo_msgs/include/yolo_msgs/yolo_msgs/msg/detection.h
[21.016s] -- Installing: /home/amrl-linux24-04/ros2_ben/install/yolo_msgs/include/yolo_msgs/yolo_msgs/msg/mask.h
[21.016s] -- Installing: /home/amrl-linux24-04/ros2_ben/install/yolo_msgs/include/yolo_msgs/yolo_msgs/msg/key_point2_d_array.h
[21.016s] -- Installing: /home/amrl-linux24-04/ros2_ben/install/yolo_msgs/include/yolo_msgs/yolo_msgs/msg/detail
[21.016s] -- Installing: /home/amrl-linux24-04/ros2_ben/install/yolo_msgs/include/yolo_msgs/yolo_msgs/msg/detail/key_point3_d_array__functions.h
[21.017s] -- Installing: /home/amrl-linux24-04/ros2_ben/install/yolo_msgs/include/yolo_msgs/yolo_msgs/msg/detail/key_point2_d_array__type_support.c
[21.017s] -- Installing: /home/amrl-linux24-04/ros2_ben/install/yolo_msgs/include/yolo_msgs/yolo_msgs/msg/detail/bounding_box2_d__type_support.h
[21.017s] -- Installing: /home/amrl-linux24-04/ros2_ben/install/yolo_msgs/include/yolo_msgs/yolo_msgs/msg/detail/point2_d__type_support.c
[21.017s] -- Installing: /home/amrl-linux24-04/ros2_ben/install/yolo_msgs/include/yolo_msgs/yolo_msgs/msg/detail/pose2_d__functions.h
[21.017s] -- Installing: /home/amrl-linux24-04/ros2_ben/install/yolo_msgs/include/yolo_msgs/yolo_msgs/msg/detail/key_point2_d__functions.h
[21.018s] -- Installing: /home/amrl-linux24-04/ros2_ben/install/yolo_msgs/include/yolo_msgs/yolo_msgs/msg/detail/bounding_box2_d__struct.h
[21.018s] -- Installing: /home/amrl-linux24-04/ros2_ben/install/yolo_msgs/include/yolo_msgs/yolo_msgs/msg/detail/mask__type_support.h
[21.018s] -- Installing: /home/amrl-linux24-04/ros2_ben/install/yolo_msgs/include/yolo_msgs/yolo_msgs/msg/detail/key_point2_d__type_support.c
[21.018s] -- Installing: /home/amrl-linux24-04/ros2_ben/install/yolo_msgs/include/yolo_msgs/yolo_msgs/msg/detail/bounding_box2_d__description.c
[21.018s] -- Installing: /home/amrl-linux24-04/ros2_ben/install/yolo_msgs/include/yolo_msgs/yolo_msgs/msg/detail/detection__type_support.c
[21.019s] -- Installing: /home/amrl-linux24-04/ros2_ben/install/yolo_msgs/include/yolo_msgs/yolo_msgs/msg/detail/vector2__struct.h
[21.019s] -- Installing: /home/amrl-linux24-04/ros2_ben/install/yolo_msgs/include/yolo_msgs/yolo_msgs/msg/detail/key_point3_d__functions.c
[21.019s] -- Installing: /home/amrl-linux24-04/ros2_ben/install/yolo_msgs/include/yolo_msgs/yolo_msgs/msg/detail/key_point2_d_array__struct.h
[21.019s] -- Installing: /home/amrl-linux24-04/ros2_ben/install/yolo_msgs/include/yolo_msgs/yolo_msgs/msg/detail/bounding_box3_d__functions.c
[21.020s] -- Installing: /home/amrl-linux24-04/ros2_ben/install/yolo_msgs/include/yolo_msgs/yolo_msgs/msg/detail/bounding_box2_d__functions.c
[21.020s] -- Installing: /home/amrl-linux24-04/ros2_ben/install/yolo_msgs/include/yolo_msgs/yolo_msgs/msg/detail/key_point3_d__type_support.c
[21.020s] -- Installing: /home/amrl-linux24-04/ros2_ben/install/yolo_msgs/include/yolo_msgs/yolo_msgs/msg/detail/pose2_d__type_support.h
[21.020s] -- Installing: /home/amrl-linux24-04/ros2_ben/install/yolo_msgs/include/yolo_msgs/yolo_msgs/msg/detail/point2_d__struct.h
[21.020s] -- Installing: /home/amrl-linux24-04/ros2_ben/install/yolo_msgs/include/yolo_msgs/yolo_msgs/msg/detail/bounding_box3_d__type_support.h
[21.021s] -- Installing: /home/amrl-linux24-04/ros2_ben/install/yolo_msgs/include/yolo_msgs/yolo_msgs/msg/detail/mask__description.c
[21.021s] -- Installing: /home/amrl-linux24-04/ros2_ben/install/yolo_msgs/include/yolo_msgs/yolo_msgs/msg/detail/key_point3_d__type_support.h
[21.021s] -- Installing: /home/amrl-linux24-04/ros2_ben/install/yolo_msgs/include/yolo_msgs/yolo_msgs/msg/detail/key_point3_d__description.c
[21.021s] -- Installing: /home/amrl-linux24-04/ros2_ben/install/yolo_msgs/include/yolo_msgs/yolo_msgs/msg/detail/key_point3_d_array__struct.h
[21.022s] -- Installing: /home/amrl-linux24-04/ros2_ben/install/yolo_msgs/include/yolo_msgs/yolo_msgs/msg/detail/mask__functions.c
[21.022s] -- Installing: /home/amrl-linux24-04/ros2_ben/install/yolo_msgs/include/yolo_msgs/yolo_msgs/msg/detail/key_point3_d__functions.h
[21.022s] -- Installing: /home/amrl-linux24-04/ros2_ben/install/yolo_msgs/include/yolo_msgs/yolo_msgs/msg/detail/vector2__functions.c
[21.022s] -- Installing: /home/amrl-linux24-04/ros2_ben/install/yolo_msgs/include/yolo_msgs/yolo_msgs/msg/detail/bounding_box3_d__type_support.c
[21.022s] -- Installing: /home/amrl-linux24-04/ros2_ben/install/yolo_msgs/include/yolo_msgs/yolo_msgs/msg/detail/bounding_box3_d__struct.h
[21.023s] -- Installing: /home/amrl-linux24-04/ros2_ben/install/yolo_msgs/include/yolo_msgs/yolo_msgs/msg/detail/key_point2_d__functions.c
[21.023s] -- Installing: /home/amrl-linux24-04/ros2_ben/install/yolo_msgs/include/yolo_msgs/yolo_msgs/msg/detail/key_point2_d__description.c
[21.023s] -- Installing: /home/amrl-linux24-04/ros2_ben/install/yolo_msgs/include/yolo_msgs/yolo_msgs/msg/detail/bounding_box3_d__functions.h
[21.023s] -- Installing: /home/amrl-linux24-04/ros2_ben/install/yolo_msgs/include/yolo_msgs/yolo_msgs/msg/detail/key_point3_d__struct.h
[21.023s] -- Installing: /home/amrl-linux24-04/ros2_ben/install/yolo_msgs/include/yolo_msgs/yolo_msgs/msg/detail/pose2_d__struct.h
[21.024s] -- Installing: /home/amrl-linux24-04/ros2_ben/install/yolo_msgs/include/yolo_msgs/yolo_msgs/msg/detail/key_point3_d_array__type_support.c
[21.024s] -- Installing: /home/amrl-linux24-04/ros2_ben/install/yolo_msgs/include/yolo_msgs/yolo_msgs/msg/detail/vector2__type_support.c
[21.024s] -- Installing: /home/amrl-linux24-04/ros2_ben/install/yolo_msgs/include/yolo_msgs/yolo_msgs/msg/detail/key_point2_d_array__functions.c
[21.024s] -- Installing: /home/amrl-linux24-04/ros2_ben/install/yolo_msgs/include/yolo_msgs/yolo_msgs/msg/detail/point2_d__type_support.h
[21.024s] -- Installing: /home/amrl-linux24-04/ros2_ben/install/yolo_msgs/include/yolo_msgs/yolo_msgs/msg/detail/mask__functions.h
[21.025s] -- Installing: /home/amrl-linux24-04/ros2_ben/install/yolo_msgs/include/yolo_msgs/yolo_msgs/msg/detail/key_point2_d_array__functions.h
[21.025s] -- Installing: /home/amrl-linux24-04/ros2_ben/install/yolo_msgs/include/yolo_msgs/yolo_msgs/msg/detail/key_point2_d_array__description.c
[21.025s] -- Installing: /home/amrl-linux24-04/ros2_ben/install/yolo_msgs/include/yolo_msgs/yolo_msgs/msg/detail/key_point2_d__struct.h
[21.025s] -- Installing: /home/amrl-linux24-04/ros2_ben/install/yolo_msgs/include/yolo_msgs/yolo_msgs/msg/detail/detection_array__type_support.h
[21.025s] -- Installing: /home/amrl-linux24-04/ros2_ben/install/yolo_msgs/include/yolo_msgs/yolo_msgs/msg/detail/detection_array__type_support.c
[21.026s] -- Installing: /home/amrl-linux24-04/ros2_ben/install/yolo_msgs/include/yolo_msgs/yolo_msgs/msg/detail/detection__description.c
[21.026s] -- Installing: /home/amrl-linux24-04/ros2_ben/install/yolo_msgs/include/yolo_msgs/yolo_msgs/msg/detail/pose2_d__functions.c
[21.026s] -- Installing: /home/amrl-linux24-04/ros2_ben/install/yolo_msgs/include/yolo_msgs/yolo_msgs/msg/detail/mask__struct.h
[21.026s] -- Installing: /home/amrl-linux24-04/ros2_ben/install/yolo_msgs/include/yolo_msgs/yolo_msgs/msg/detail/bounding_box2_d__functions.h
[21.026s] -- Installing: /home/amrl-linux24-04/ros2_ben/install/yolo_msgs/include/yolo_msgs/yolo_msgs/msg/detail/key_point3_d_array__description.c
[21.026s] -- Installing: /home/amrl-linux24-04/ros2_ben/install/yolo_msgs/include/yolo_msgs/yolo_msgs/msg/detail/detection_array__functions.h
[21.027s] -- Installing: /home/amrl-linux24-04/ros2_ben/install/yolo_msgs/include/yolo_msgs/yolo_msgs/msg/detail/vector2__description.c
[21.027s] -- Installing: /home/amrl-linux24-04/ros2_ben/install/yolo_msgs/include/yolo_msgs/yolo_msgs/msg/detail/key_point2_d_array__type_support.h
[21.027s] -- Installing: /home/amrl-linux24-04/ros2_ben/install/yolo_msgs/include/yolo_msgs/yolo_msgs/msg/detail/detection__functions.c
[21.027s] -- Installing: /home/amrl-linux24-04/ros2_ben/install/yolo_msgs/include/yolo_msgs/yolo_msgs/msg/detail/detection__type_support.h
[21.028s] -- Installing: /home/amrl-linux24-04/ros2_ben/install/yolo_msgs/include/yolo_msgs/yolo_msgs/msg/detail/vector2__type_support.h
[21.028s] -- Installing: /home/amrl-linux24-04/ros2_ben/install/yolo_msgs/include/yolo_msgs/yolo_msgs/msg/detail/detection_array__description.c
[21.028s] -- Installing: /home/amrl-linux24-04/ros2_ben/install/yolo_msgs/include/yolo_msgs/yolo_msgs/msg/detail/pose2_d__description.c
[21.028s] -- Installing: /home/amrl-linux24-04/ros2_ben/install/yolo_msgs/include/yolo_msgs/yolo_msgs/msg/detail/mask__type_support.c
[21.029s] -- Installing: /home/amrl-linux24-04/ros2_ben/install/yolo_msgs/include/yolo_msgs/yolo_msgs/msg/detail/key_point3_d_array__functions.c
[21.029s] -- Installing: /home/amrl-linux24-04/ros2_ben/install/yolo_msgs/include/yolo_msgs/yolo_msgs/msg/detail/point2_d__functions.h
[21.029s] -- Installing: /home/amrl-linux24-04/ros2_ben/install/yolo_msgs/include/yolo_msgs/yolo_msgs/msg/detail/point2_d__description.c
[21.029s] -- Installing: /home/amrl-linux24-04/ros2_ben/install/yolo_msgs/include/yolo_msgs/yolo_msgs/msg/detail/key_point3_d_array__type_support.h
[21.029s] -- Installing: /home/amrl-linux24-04/ros2_ben/install/yolo_msgs/include/yolo_msgs/yolo_msgs/msg/detail/detection__struct.h
[21.030s] -- Installing: /home/amrl-linux24-04/ros2_ben/install/yolo_msgs/include/yolo_msgs/yolo_msgs/msg/detail/point2_d__functions.c
[21.030s] -- Installing: /home/amrl-linux24-04/ros2_ben/install/yolo_msgs/include/yolo_msgs/yolo_msgs/msg/detail/detection__functions.h
[21.030s] -- Installing: /home/amrl-linux24-04/ros2_ben/install/yolo_msgs/include/yolo_msgs/yolo_msgs/msg/detail/bounding_box3_d__description.c
[21.030s] -- Installing: /home/amrl-linux24-04/ros2_ben/install/yolo_msgs/include/yolo_msgs/yolo_msgs/msg/detail/key_point2_d__type_support.h
[21.030s] -- Installing: /home/amrl-linux24-04/ros2_ben/install/yolo_msgs/include/yolo_msgs/yolo_msgs/msg/detail/detection_array__functions.c
[21.031s] -- Installing: /home/amrl-linux24-04/ros2_ben/install/yolo_msgs/include/yolo_msgs/yolo_msgs/msg/detail/detection_array__struct.h
[21.031s] -- Installing: /home/amrl-linux24-04/ros2_ben/install/yolo_msgs/include/yolo_msgs/yolo_msgs/msg/detail/bounding_box2_d__type_support.c
[21.031s] -- Installing: /home/amrl-linux24-04/ros2_ben/install/yolo_msgs/include/yolo_msgs/yolo_msgs/msg/detail/pose2_d__type_support.c
[21.031s] -- Installing: /home/amrl-linux24-04/ros2_ben/install/yolo_msgs/include/yolo_msgs/yolo_msgs/msg/detail/vector2__functions.h
[21.031s] -- Installing: /home/amrl-linux24-04/ros2_ben/install/yolo_msgs/include/yolo_msgs/yolo_msgs/msg/key_point2_d.h
[21.032s] -- Installing: /home/amrl-linux24-04/ros2_ben/install/yolo_msgs/include/yolo_msgs/yolo_msgs/msg/pose2_d.h
[21.032s] -- Installing: /home/amrl-linux24-04/ros2_ben/install/yolo_msgs/include/yolo_msgs/yolo_msgs/msg/key_point3_d_array.h
[21.032s] -- Installing: /home/amrl-linux24-04/ros2_ben/install/yolo_msgs/include/yolo_msgs/yolo_msgs/msg/detection_array.h
[21.032s] -- Installing: /home/amrl-linux24-04/ros2_ben/install/yolo_msgs/include/yolo_msgs/yolo_msgs/msg/vector2.h
[21.032s] -- Installing: /home/amrl-linux24-04/ros2_ben/install/yolo_msgs/include/yolo_msgs/yolo_msgs/msg/bounding_box2_d.h
[21.033s] -- Installing: /home/amrl-linux24-04/ros2_ben/install/yolo_msgs/include/yolo_msgs/yolo_msgs/msg/bounding_box3_d.h
[21.033s] -- Installing: /home/amrl-linux24-04/ros2_ben/install/yolo_msgs/include/yolo_msgs/yolo_msgs/msg/point2_d.h
[21.033s] -- Installing: /home/amrl-linux24-04/ros2_ben/install/yolo_msgs/include/yolo_msgs/yolo_msgs/msg/key_point3_d.h
[21.033s] -- Installing: /home/amrl-linux24-04/ros2_ben/install/yolo_msgs/include/yolo_msgs/yolo_msgs/msg/rosidl_generator_c__visibility_control.h
[21.034s] -- Installing: /home/amrl-linux24-04/ros2_ben/install/yolo_msgs/share/yolo_msgs/environment/library_path.sh
[21.034s] -- Installing: /home/amrl-linux24-04/ros2_ben/install/yolo_msgs/share/yolo_msgs/environment/library_path.dsv
[21.034s] -- Installing: /home/amrl-linux24-04/ros2_ben/install/yolo_msgs/lib/libyolo_msgs__rosidl_generator_c.so
[21.034s] -- Set non-toolchain portion of runtime path of "/home/amrl-linux24-04/ros2_ben/install/yolo_msgs/lib/libyolo_msgs__rosidl_generator_c.so" to ""
[21.034s] -- Up-to-date: /home/amrl-linux24-04/ros2_ben/install/yolo_msgs/include/yolo_msgs/yolo_msgs
[21.035s] -- Up-to-date: /home/amrl-linux24-04/ros2_ben/install/yolo_msgs/include/yolo_msgs/yolo_msgs/srv
[21.035s] -- Up-to-date: /home/amrl-linux24-04/ros2_ben/install/yolo_msgs/include/yolo_msgs/yolo_msgs/srv/detail
[21.035s] -- Installing: /home/amrl-linux24-04/ros2_ben/install/yolo_msgs/include/yolo_msgs/yolo_msgs/srv/detail/set_classes__rosidl_typesupport_fastrtps_c.h
[21.035s] -- Up-to-date: /home/amrl-linux24-04/ros2_ben/install/yolo_msgs/include/yolo_msgs/yolo_msgs/msg
[21.035s] -- Up-to-date: /home/amrl-linux24-04/ros2_ben/install/yolo_msgs/include/yolo_msgs/yolo_msgs/msg/detail
[21.036s] -- Installing: /home/amrl-linux24-04/ros2_ben/install/yolo_msgs/include/yolo_msgs/yolo_msgs/msg/detail/key_point3_d_array__rosidl_typesupport_fastrtps_c.h
[21.036s] -- Installing: /home/amrl-linux24-04/ros2_ben/install/yolo_msgs/include/yolo_msgs/yolo_msgs/msg/detail/detection_array__rosidl_typesupport_fastrtps_c.h
[21.036s] -- Installing: /home/amrl-linux24-04/ros2_ben/install/yolo_msgs/include/yolo_msgs/yolo_msgs/msg/detail/detection__rosidl_typesupport_fastrtps_c.h
[21.036s] -- Installing: /home/amrl-linux24-04/ros2_ben/install/yolo_msgs/include/yolo_msgs/yolo_msgs/msg/detail/key_point2_d__rosidl_typesupport_fastrtps_c.h
[21.036s] -- Installing: /home/amrl-linux24-04/ros2_ben/install/yolo_msgs/include/yolo_msgs/yolo_msgs/msg/detail/bounding_box3_d__rosidl_typesupport_fastrtps_c.h
[21.037s] -- Installing: /home/amrl-linux24-04/ros2_ben/install/yolo_msgs/include/yolo_msgs/yolo_msgs/msg/detail/mask__rosidl_typesupport_fastrtps_c.h
[21.037s] -- Installing: /home/amrl-linux24-04/ros2_ben/install/yolo_msgs/include/yolo_msgs/yolo_msgs/msg/detail/pose2_d__rosidl_typesupport_fastrtps_c.h
[21.037s] -- Installing: /home/amrl-linux24-04/ros2_ben/install/yolo_msgs/include/yolo_msgs/yolo_msgs/msg/detail/point2_d__rosidl_typesupport_fastrtps_c.h
[21.037s] -- Installing: /home/amrl-linux24-04/ros2_ben/install/yolo_msgs/include/yolo_msgs/yolo_msgs/msg/detail/vector2__rosidl_typesupport_fastrtps_c.h
[21.038s] -- Installing: /home/amrl-linux24-04/ros2_ben/install/yolo_msgs/include/yolo_msgs/yolo_msgs/msg/detail/bounding_box2_d__rosidl_typesupport_fastrtps_c.h
[21.038s] -- Installing: /home/amrl-linux24-04/ros2_ben/install/yolo_msgs/include/yolo_msgs/yolo_msgs/msg/detail/key_point2_d_array__rosidl_typesupport_fastrtps_c.h
[21.038s] -- Installing: /home/amrl-linux24-04/ros2_ben/install/yolo_msgs/include/yolo_msgs/yolo_msgs/msg/detail/key_point3_d__rosidl_typesupport_fastrtps_c.h
[21.038s] -- Installing: /home/amrl-linux24-04/ros2_ben/install/yolo_msgs/include/yolo_msgs/yolo_msgs/msg/rosidl_typesupport_fastrtps_c__visibility_control.h
[21.038s] -- Installing: /home/amrl-linux24-04/ros2_ben/install/yolo_msgs/lib/libyolo_msgs__rosidl_typesupport_fastrtps_c.so
[21.039s] -- Set non-toolchain portion of runtime path of "/home/amrl-linux24-04/ros2_ben/install/yolo_msgs/lib/libyolo_msgs__rosidl_typesupport_fastrtps_c.so" to ""
[21.039s] -- Up-to-date: /home/amrl-linux24-04/ros2_ben/install/yolo_msgs/include/yolo_msgs/yolo_msgs
[21.039s] -- Up-to-date: /home/amrl-linux24-04/ros2_ben/install/yolo_msgs/include/yolo_msgs/yolo_msgs/srv
[21.039s] -- Up-to-date: /home/amrl-linux24-04/ros2_ben/install/yolo_msgs/include/yolo_msgs/yolo_msgs/srv/detail
[21.039s] -- Installing: /home/amrl-linux24-04/ros2_ben/install/yolo_msgs/include/yolo_msgs/yolo_msgs/srv/detail/set_classes__rosidl_typesupport_introspection_c.h
[21.039s] -- Installing: /home/amrl-linux24-04/ros2_ben/install/yolo_msgs/include/yolo_msgs/yolo_msgs/srv/detail/set_classes__type_support.c
[21.040s] -- Up-to-date: /home/amrl-linux24-04/ros2_ben/install/yolo_msgs/include/yolo_msgs/yolo_msgs/msg
[21.040s] -- Up-to-date: /home/amrl-linux24-04/ros2_ben/install/yolo_msgs/include/yolo_msgs/yolo_msgs/msg/detail
[21.040s] -- Installing: /home/amrl-linux24-04/ros2_ben/install/yolo_msgs/include/yolo_msgs/yolo_msgs/msg/detail/key_point2_d_array__type_support.c
[21.040s] -- Installing: /home/amrl-linux24-04/ros2_ben/install/yolo_msgs/include/yolo_msgs/yolo_msgs/msg/detail/point2_d__type_support.c
[21.040s] -- Installing: /home/amrl-linux24-04/ros2_ben/install/yolo_msgs/include/yolo_msgs/yolo_msgs/msg/detail/key_point2_d__type_support.c
[21.041s] -- Installing: /home/amrl-linux24-04/ros2_ben/install/yolo_msgs/include/yolo_msgs/yolo_msgs/msg/detail/mask__rosidl_typesupport_introspection_c.h
[21.041s] -- Installing: /home/amrl-linux24-04/ros2_ben/install/yolo_msgs/include/yolo_msgs/yolo_msgs/msg/detail/detection__type_support.c
[21.041s] -- Installing: /home/amrl-linux24-04/ros2_ben/install/yolo_msgs/include/yolo_msgs/yolo_msgs/msg/detail/key_point2_d_array__rosidl_typesupport_introspection_c.h
[21.041s] -- Installing: /home/amrl-linux24-04/ros2_ben/install/yolo_msgs/include/yolo_msgs/yolo_msgs/msg/detail/key_point3_d__type_support.c
[21.042s] -- Installing: /home/amrl-linux24-04/ros2_ben/install/yolo_msgs/include/yolo_msgs/yolo_msgs/msg/detail/point2_d__rosidl_typesupport_introspection_c.h
[21.042s] -- Installing: /home/amrl-linux24-04/ros2_ben/install/yolo_msgs/include/yolo_msgs/yolo_msgs/msg/detail/bounding_box3_d__type_support.c
[21.042s] -- Installing: /home/amrl-linux24-04/ros2_ben/install/yolo_msgs/include/yolo_msgs/yolo_msgs/msg/detail/key_point3_d__rosidl_typesupport_introspection_c.h
[21.042s] -- Installing: /home/amrl-linux24-04/ros2_ben/install/yolo_msgs/include/yolo_msgs/yolo_msgs/msg/detail/key_point3_d_array__type_support.c
[21.042s] -- Installing: /home/amrl-linux24-04/ros2_ben/install/yolo_msgs/include/yolo_msgs/yolo_msgs/msg/detail/pose2_d__rosidl_typesupport_introspection_c.h
[21.043s] -- Installing: /home/amrl-linux24-04/ros2_ben/install/yolo_msgs/include/yolo_msgs/yolo_msgs/msg/detail/vector2__type_support.c
[21.043s] -- Installing: /home/amrl-linux24-04/ros2_ben/install/yolo_msgs/include/yolo_msgs/yolo_msgs/msg/detail/detection_array__type_support.c
[21.043s] -- Installing: /home/amrl-linux24-04/ros2_ben/install/yolo_msgs/include/yolo_msgs/yolo_msgs/msg/detail/bounding_box2_d__rosidl_typesupport_introspection_c.h
[21.043s] -- Installing: /home/amrl-linux24-04/ros2_ben/install/yolo_msgs/include/yolo_msgs/yolo_msgs/msg/detail/detection__rosidl_typesupport_introspection_c.h
[21.043s] -- Installing: /home/amrl-linux24-04/ros2_ben/install/yolo_msgs/include/yolo_msgs/yolo_msgs/msg/detail/mask__type_support.c
[21.044s] -- Installing: /home/amrl-linux24-04/ros2_ben/install/yolo_msgs/include/yolo_msgs/yolo_msgs/msg/detail/key_point2_d__rosidl_typesupport_introspection_c.h
[21.044s] -- Installing: /home/amrl-linux24-04/ros2_ben/install/yolo_msgs/include/yolo_msgs/yolo_msgs/msg/detail/vector2__rosidl_typesupport_introspection_c.h
[21.044s] -- Installing: /home/amrl-linux24-04/ros2_ben/install/yolo_msgs/include/yolo_msgs/yolo_msgs/msg/detail/detection_array__rosidl_typesupport_introspection_c.h
[21.044s] -- Installing: /home/amrl-linux24-04/ros2_ben/install/yolo_msgs/include/yolo_msgs/yolo_msgs/msg/detail/bounding_box2_d__type_support.c
[21.044s] -- Installing: /home/amrl-linux24-04/ros2_ben/install/yolo_msgs/include/yolo_msgs/yolo_msgs/msg/detail/bounding_box3_d__rosidl_typesupport_introspection_c.h
[21.045s] -- Installing: /home/amrl-linux24-04/ros2_ben/install/yolo_msgs/include/yolo_msgs/yolo_msgs/msg/detail/pose2_d__type_support.c
[21.045s] -- Installing: /home/amrl-linux24-04/ros2_ben/install/yolo_msgs/include/yolo_msgs/yolo_msgs/msg/detail/key_point3_d_array__rosidl_typesupport_introspection_c.h
[21.045s] -- Installing: /home/amrl-linux24-04/ros2_ben/install/yolo_msgs/include/yolo_msgs/yolo_msgs/msg/rosidl_typesupport_introspection_c__visibility_control.h
[21.045s] -- Installing: /home/amrl-linux24-04/ros2_ben/install/yolo_msgs/lib/libyolo_msgs__rosidl_typesupport_introspection_c.so
[21.045s] -- Set non-toolchain portion of runtime path of "/home/amrl-linux24-04/ros2_ben/install/yolo_msgs/lib/libyolo_msgs__rosidl_typesupport_introspection_c.so" to ""
[21.046s] -- Installing: /home/amrl-linux24-04/ros2_ben/install/yolo_msgs/lib/libyolo_msgs__rosidl_typesupport_c.so
[21.046s] -- Set non-toolchain portion of runtime path of "/home/amrl-linux24-04/ros2_ben/install/yolo_msgs/lib/libyolo_msgs__rosidl_typesupport_c.so" to ""
[21.046s] -- Up-to-date: /home/amrl-linux24-04/ros2_ben/install/yolo_msgs/include/yolo_msgs/yolo_msgs
[21.047s] -- Up-to-date: /home/amrl-linux24-04/ros2_ben/install/yolo_msgs/include/yolo_msgs/yolo_msgs/srv
[21.047s] -- Up-to-date: /home/amrl-linux24-04/ros2_ben/install/yolo_msgs/include/yolo_msgs/yolo_msgs/srv/detail
[21.047s] -- Installing: /home/amrl-linux24-04/ros2_ben/install/yolo_msgs/include/yolo_msgs/yolo_msgs/srv/detail/set_classes__traits.hpp
[21.047s] -- Installing: /home/amrl-linux24-04/ros2_ben/install/yolo_msgs/include/yolo_msgs/yolo_msgs/srv/detail/set_classes__struct.hpp
[21.047s] -- Installing: /home/amrl-linux24-04/ros2_ben/install/yolo_msgs/include/yolo_msgs/yolo_msgs/srv/detail/set_classes__type_support.hpp
[21.048s] -- Installing: /home/amrl-linux24-04/ros2_ben/install/yolo_msgs/include/yolo_msgs/yolo_msgs/srv/detail/set_classes__builder.hpp
[21.048s] -- Installing: /home/amrl-linux24-04/ros2_ben/install/yolo_msgs/include/yolo_msgs/yolo_msgs/srv/set_classes.hpp
[21.048s] -- Up-to-date: /home/amrl-linux24-04/ros2_ben/install/yolo_msgs/include/yolo_msgs/yolo_msgs/msg
[21.048s] -- Up-to-date: /home/amrl-linux24-04/ros2_ben/install/yolo_msgs/include/yolo_msgs/yolo_msgs/msg/detail
[21.048s] -- Installing: /home/amrl-linux24-04/ros2_ben/install/yolo_msgs/include/yolo_msgs/yolo_msgs/msg/detail/key_point2_d_array__builder.hpp
[21.049s] -- Installing: /home/amrl-linux24-04/ros2_ben/install/yolo_msgs/include/yolo_msgs/yolo_msgs/msg/detail/pose2_d__builder.hpp
[21.049s] -- Installing: /home/amrl-linux24-04/ros2_ben/install/yolo_msgs/include/yolo_msgs/yolo_msgs/msg/detail/point2_d__type_support.hpp
[21.049s] -- Installing: /home/amrl-linux24-04/ros2_ben/install/yolo_msgs/include/yolo_msgs/yolo_msgs/msg/detail/detection_array__builder.hpp
[21.049s] -- Installing: /home/amrl-linux24-04/ros2_ben/install/yolo_msgs/include/yolo_msgs/yolo_msgs/msg/detail/mask__struct.hpp
[21.050s] -- Installing: /home/amrl-linux24-04/ros2_ben/install/yolo_msgs/include/yolo_msgs/yolo_msgs/msg/detail/key_point3_d__builder.hpp
[21.050s] -- Installing: /home/amrl-linux24-04/ros2_ben/install/yolo_msgs/include/yolo_msgs/yolo_msgs/msg/detail/key_point2_d_array__traits.hpp
[21.050s] -- Installing: /home/amrl-linux24-04/ros2_ben/install/yolo_msgs/include/yolo_msgs/yolo_msgs/msg/detail/bounding_box2_d__struct.hpp
[21.050s] -- Installing: /home/amrl-linux24-04/ros2_ben/install/yolo_msgs/include/yolo_msgs/yolo_msgs/msg/detail/bounding_box3_d__builder.hpp
[21.050s] -- Installing: /home/amrl-linux24-04/ros2_ben/install/yolo_msgs/include/yolo_msgs/yolo_msgs/msg/detail/key_point3_d__traits.hpp
[21.051s] -- Installing: /home/amrl-linux24-04/ros2_ben/install/yolo_msgs/include/yolo_msgs/yolo_msgs/msg/detail/mask__builder.hpp
[21.051s] -- Installing: /home/amrl-linux24-04/ros2_ben/install/yolo_msgs/include/yolo_msgs/yolo_msgs/msg/detail/detection__builder.hpp
[21.051s] -- Installing: /home/amrl-linux24-04/ros2_ben/install/yolo_msgs/include/yolo_msgs/yolo_msgs/msg/detail/detection_array__type_support.hpp
[21.051s] -- Installing: /home/amrl-linux24-04/ros2_ben/install/yolo_msgs/include/yolo_msgs/yolo_msgs/msg/detail/key_point2_d_array__struct.hpp
[21.051s] -- Installing: /home/amrl-linux24-04/ros2_ben/install/yolo_msgs/include/yolo_msgs/yolo_msgs/msg/detail/detection__traits.hpp
[21.052s] -- Installing: /home/amrl-linux24-04/ros2_ben/install/yolo_msgs/include/yolo_msgs/yolo_msgs/msg/detail/pose2_d__type_support.hpp
[21.052s] -- Installing: /home/amrl-linux24-04/ros2_ben/install/yolo_msgs/include/yolo_msgs/yolo_msgs/msg/detail/key_point3_d_array__traits.hpp
[21.052s] -- Installing: /home/amrl-linux24-04/ros2_ben/install/yolo_msgs/include/yolo_msgs/yolo_msgs/msg/detail/pose2_d__traits.hpp
[21.052s] -- Installing: /home/amrl-linux24-04/ros2_ben/install/yolo_msgs/include/yolo_msgs/yolo_msgs/msg/detail/key_point3_d__type_support.hpp
[21.053s] -- Installing: /home/amrl-linux24-04/ros2_ben/install/yolo_msgs/include/yolo_msgs/yolo_msgs/msg/detail/key_point2_d__struct.hpp
[21.053s] -- Installing: /home/amrl-linux24-04/ros2_ben/install/yolo_msgs/include/yolo_msgs/yolo_msgs/msg/detail/vector2__builder.hpp
[21.053s] -- Installing: /home/amrl-linux24-04/ros2_ben/install/yolo_msgs/include/yolo_msgs/yolo_msgs/msg/detail/vector2__traits.hpp
[21.053s] -- Installing: /home/amrl-linux24-04/ros2_ben/install/yolo_msgs/include/yolo_msgs/yolo_msgs/msg/detail/detection_array__traits.hpp
[21.053s] -- Installing: /home/amrl-linux24-04/ros2_ben/install/yolo_msgs/include/yolo_msgs/yolo_msgs/msg/detail/key_point2_d__traits.hpp
[21.054s] -- Installing: /home/amrl-linux24-04/ros2_ben/install/yolo_msgs/include/yolo_msgs/yolo_msgs/msg/detail/key_point3_d__struct.hpp
[21.054s] -- Installing: /home/amrl-linux24-04/ros2_ben/install/yolo_msgs/include/yolo_msgs/yolo_msgs/msg/detail/bounding_box2_d__traits.hpp
[21.054s] -- Installing: /home/amrl-linux24-04/ros2_ben/install/yolo_msgs/include/yolo_msgs/yolo_msgs/msg/detail/detection__struct.hpp
[21.054s] -- Installing: /home/amrl-linux24-04/ros2_ben/install/yolo_msgs/include/yolo_msgs/yolo_msgs/msg/detail/mask__traits.hpp
[21.054s] -- Installing: /home/amrl-linux24-04/ros2_ben/install/yolo_msgs/include/yolo_msgs/yolo_msgs/msg/detail/vector2__type_support.hpp
[21.055s] -- Installing: /home/amrl-linux24-04/ros2_ben/install/yolo_msgs/include/yolo_msgs/yolo_msgs/msg/detail/bounding_box3_d__type_support.hpp
[21.055s] -- Installing: /home/amrl-linux24-04/ros2_ben/install/yolo_msgs/include/yolo_msgs/yolo_msgs/msg/detail/vector2__struct.hpp
[21.055s] -- Installing: /home/amrl-linux24-04/ros2_ben/install/yolo_msgs/include/yolo_msgs/yolo_msgs/msg/detail/key_point3_d_array__type_support.hpp
[21.055s] -- Installing: /home/amrl-linux24-04/ros2_ben/install/yolo_msgs/include/yolo_msgs/yolo_msgs/msg/detail/point2_d__builder.hpp
[21.055s] -- Installing: /home/amrl-linux24-04/ros2_ben/install/yolo_msgs/include/yolo_msgs/yolo_msgs/msg/detail/pose2_d__struct.hpp
[21.055s] -- Installing: /home/amrl-linux24-04/ros2_ben/install/yolo_msgs/include/yolo_msgs/yolo_msgs/msg/detail/bounding_box3_d__traits.hpp
[21.056s] -- Installing: /home/amrl-linux24-04/ros2_ben/install/yolo_msgs/include/yolo_msgs/yolo_msgs/msg/detail/key_point3_d_array__builder.hpp
[21.056s] -- Installing: /home/amrl-linux24-04/ros2_ben/install/yolo_msgs/include/yolo_msgs/yolo_msgs/msg/detail/mask__type_support.hpp
[21.056s] -- Installing: /home/amrl-linux24-04/ros2_ben/install/yolo_msgs/include/yolo_msgs/yolo_msgs/msg/detail/point2_d__struct.hpp
[21.056s] -- Installing: /home/amrl-linux24-04/ros2_ben/install/yolo_msgs/include/yolo_msgs/yolo_msgs/msg/detail/detection_array__struct.hpp
[21.056s] -- Installing: /home/amrl-linux24-04/ros2_ben/install/yolo_msgs/include/yolo_msgs/yolo_msgs/msg/detail/bounding_box3_d__struct.hpp
[21.057s] -- Installing: /home/amrl-linux24-04/ros2_ben/install/yolo_msgs/include/yolo_msgs/yolo_msgs/msg/detail/bounding_box2_d__type_support.hpp
[21.057s] -- Installing: /home/amrl-linux24-04/ros2_ben/install/yolo_msgs/include/yolo_msgs/yolo_msgs/msg/detail/key_point3_d_array__struct.hpp
[21.057s] -- Installing: /home/amrl-linux24-04/ros2_ben/install/yolo_msgs/include/yolo_msgs/yolo_msgs/msg/detail/bounding_box2_d__builder.hpp
[21.057s] -- Installing: /home/amrl-linux24-04/ros2_ben/install/yolo_msgs/include/yolo_msgs/yolo_msgs/msg/detail/key_point2_d__builder.hpp
[21.058s] -- Installing: /home/amrl-linux24-04/ros2_ben/install/yolo_msgs/include/yolo_msgs/yolo_msgs/msg/detail/key_point2_d_array__type_support.hpp
[21.058s] -- Installing: /home/amrl-linux24-04/ros2_ben/install/yolo_msgs/include/yolo_msgs/yolo_msgs/msg/detail/key_point2_d__type_support.hpp
[21.058s] -- Installing: /home/amrl-linux24-04/ros2_ben/install/yolo_msgs/include/yolo_msgs/yolo_msgs/msg/detail/detection__type_support.hpp
[21.058s] -- Installing: /home/amrl-linux24-04/ros2_ben/install/yolo_msgs/include/yolo_msgs/yolo_msgs/msg/detail/point2_d__traits.hpp
[21.058s] -- Installing: /home/amrl-linux24-04/ros2_ben/install/yolo_msgs/include/yolo_msgs/yolo_msgs/msg/key_point3_d_array.hpp
[21.058s] -- Installing: /home/amrl-linux24-04/ros2_ben/install/yolo_msgs/include/yolo_msgs/yolo_msgs/msg/detection_array.hpp
[21.059s] -- Installing: /home/amrl-linux24-04/ros2_ben/install/yolo_msgs/include/yolo_msgs/yolo_msgs/msg/key_point2_d_array.hpp
[21.059s] -- Installing: /home/amrl-linux24-04/ros2_ben/install/yolo_msgs/include/yolo_msgs/yolo_msgs/msg/pose2_d.hpp
[21.059s] -- Installing: /home/amrl-linux24-04/ros2_ben/install/yolo_msgs/include/yolo_msgs/yolo_msgs/msg/bounding_box3_d.hpp
[21.059s] -- Installing: /home/amrl-linux24-04/ros2_ben/install/yolo_msgs/include/yolo_msgs/yolo_msgs/msg/mask.hpp
[21.059s] -- Installing: /home/amrl-linux24-04/ros2_ben/install/yolo_msgs/include/yolo_msgs/yolo_msgs/msg/key_point3_d.hpp
[21.060s] -- Installing: /home/amrl-linux24-04/ros2_ben/install/yolo_msgs/include/yolo_msgs/yolo_msgs/msg/key_point2_d.hpp
[21.060s] -- Installing: /home/amrl-linux24-04/ros2_ben/install/yolo_msgs/include/yolo_msgs/yolo_msgs/msg/rosidl_generator_cpp__visibility_control.hpp
[21.060s] -- Installing: /home/amrl-linux24-04/ros2_ben/install/yolo_msgs/include/yolo_msgs/yolo_msgs/msg/point2_d.hpp
[21.060s] -- Installing: /home/amrl-linux24-04/ros2_ben/install/yolo_msgs/include/yolo_msgs/yolo_msgs/msg/detection.hpp
[21.060s] -- Installing: /home/amrl-linux24-04/ros2_ben/install/yolo_msgs/include/yolo_msgs/yolo_msgs/msg/bounding_box2_d.hpp
[21.060s] -- Installing: /home/amrl-linux24-04/ros2_ben/install/yolo_msgs/include/yolo_msgs/yolo_msgs/msg/vector2.hpp
[21.061s] -- Up-to-date: /home/amrl-linux24-04/ros2_ben/install/yolo_msgs/include/yolo_msgs/yolo_msgs
[21.061s] -- Up-to-date: /home/amrl-linux24-04/ros2_ben/install/yolo_msgs/include/yolo_msgs/yolo_msgs/srv
[21.061s] -- Up-to-date: /home/amrl-linux24-04/ros2_ben/install/yolo_msgs/include/yolo_msgs/yolo_msgs/srv/detail
[21.061s] -- Installing: /home/amrl-linux24-04/ros2_ben/install/yolo_msgs/include/yolo_msgs/yolo_msgs/srv/detail/dds_fastrtps
[21.061s] -- Installing: /home/amrl-linux24-04/ros2_ben/install/yolo_msgs/include/yolo_msgs/yolo_msgs/srv/detail/set_classes__rosidl_typesupport_fastrtps_cpp.hpp
[21.061s] -- Up-to-date: /home/amrl-linux24-04/ros2_ben/install/yolo_msgs/include/yolo_msgs/yolo_msgs/msg
[21.062s] -- Up-to-date: /home/amrl-linux24-04/ros2_ben/install/yolo_msgs/include/yolo_msgs/yolo_msgs/msg/detail
[21.062s] -- Installing: /home/amrl-linux24-04/ros2_ben/install/yolo_msgs/include/yolo_msgs/yolo_msgs/msg/detail/key_point3_d_array__rosidl_typesupport_fastrtps_cpp.hpp
[21.062s] -- Installing: /home/amrl-linux24-04/ros2_ben/install/yolo_msgs/include/yolo_msgs/yolo_msgs/msg/detail/dds_fastrtps
[21.062s] -- Installing: /home/amrl-linux24-04/ros2_ben/install/yolo_msgs/include/yolo_msgs/yolo_msgs/msg/detail/key_point2_d_array__rosidl_typesupport_fastrtps_cpp.hpp
[21.062s] -- Installing: /home/amrl-linux24-04/ros2_ben/install/yolo_msgs/include/yolo_msgs/yolo_msgs/msg/detail/vector2__rosidl_typesupport_fastrtps_cpp.hpp
[21.062s] -- Installing: /home/amrl-linux24-04/ros2_ben/install/yolo_msgs/include/yolo_msgs/yolo_msgs/msg/detail/detection_array__rosidl_typesupport_fastrtps_cpp.hpp
[21.063s] -- Installing: /home/amrl-linux24-04/ros2_ben/install/yolo_msgs/include/yolo_msgs/yolo_msgs/msg/detail/pose2_d__rosidl_typesupport_fastrtps_cpp.hpp
[21.063s] -- Installing: /home/amrl-linux24-04/ros2_ben/install/yolo_msgs/include/yolo_msgs/yolo_msgs/msg/detail/bounding_box3_d__rosidl_typesupport_fastrtps_cpp.hpp
[21.063s] -- Installing: /home/amrl-linux24-04/ros2_ben/install/yolo_msgs/include/yolo_msgs/yolo_msgs/msg/detail/detection__rosidl_typesupport_fastrtps_cpp.hpp
[21.063s] -- Installing: /home/amrl-linux24-04/ros2_ben/install/yolo_msgs/include/yolo_msgs/yolo_msgs/msg/detail/key_point2_d__rosidl_typesupport_fastrtps_cpp.hpp
[21.063s] -- Installing: /home/amrl-linux24-04/ros2_ben/install/yolo_msgs/include/yolo_msgs/yolo_msgs/msg/detail/mask__rosidl_typesupport_fastrtps_cpp.hpp
[21.064s] -- Installing: /home/amrl-linux24-04/ros2_ben/install/yolo_msgs/include/yolo_msgs/yolo_msgs/msg/detail/bounding_box2_d__rosidl_typesupport_fastrtps_cpp.hpp
[21.064s] -- Installing: /home/amrl-linux24-04/ros2_ben/install/yolo_msgs/include/yolo_msgs/yolo_msgs/msg/detail/key_point3_d__rosidl_typesupport_fastrtps_cpp.hpp
[21.064s] -- Installing: /home/amrl-linux24-04/ros2_ben/install/yolo_msgs/include/yolo_msgs/yolo_msgs/msg/detail/point2_d__rosidl_typesupport_fastrtps_cpp.hpp
[21.064s] -- Installing: /home/amrl-linux24-04/ros2_ben/install/yolo_msgs/include/yolo_msgs/yolo_msgs/msg/rosidl_typesupport_fastrtps_cpp__visibility_control.h
[21.064s] -- Installing: /home/amrl-linux24-04/ros2_ben/install/yolo_msgs/lib/libyolo_msgs__rosidl_typesupport_fastrtps_cpp.so
[21.064s] -- Set non-toolchain portion of runtime path of "/home/amrl-linux24-04/ros2_ben/install/yolo_msgs/lib/libyolo_msgs__rosidl_typesupport_fastrtps_cpp.so" to ""
[21.065s] -- Up-to-date: /home/amrl-linux24-04/ros2_ben/install/yolo_msgs/include/yolo_msgs/yolo_msgs
[21.065s] -- Up-to-date: /home/amrl-linux24-04/ros2_ben/install/yolo_msgs/include/yolo_msgs/yolo_msgs/srv
[21.065s] -- Up-to-date: /home/amrl-linux24-04/ros2_ben/install/yolo_msgs/include/yolo_msgs/yolo_msgs/srv/detail
[21.065s] -- Installing: /home/amrl-linux24-04/ros2_ben/install/yolo_msgs/include/yolo_msgs/yolo_msgs/srv/detail/set_classes__rosidl_typesupport_introspection_cpp.hpp
[21.065s] -- Installing: /home/amrl-linux24-04/ros2_ben/install/yolo_msgs/include/yolo_msgs/yolo_msgs/srv/detail/set_classes__type_support.cpp
[21.065s] -- Up-to-date: /home/amrl-linux24-04/ros2_ben/install/yolo_msgs/include/yolo_msgs/yolo_msgs/msg
[21.066s] -- Up-to-date: /home/amrl-linux24-04/ros2_ben/install/yolo_msgs/include/yolo_msgs/yolo_msgs/msg/detail
[21.066s] -- Installing: /home/amrl-linux24-04/ros2_ben/install/yolo_msgs/include/yolo_msgs/yolo_msgs/msg/detail/detection__type_support.cpp
[21.066s] -- Installing: /home/amrl-linux24-04/ros2_ben/install/yolo_msgs/include/yolo_msgs/yolo_msgs/msg/detail/detection_array__rosidl_typesupport_introspection_cpp.hpp
[21.066s] -- Installing: /home/amrl-linux24-04/ros2_ben/install/yolo_msgs/include/yolo_msgs/yolo_msgs/msg/detail/key_point2_d_array__rosidl_typesupport_introspection_cpp.hpp
[21.066s] -- Installing: /home/amrl-linux24-04/ros2_ben/install/yolo_msgs/include/yolo_msgs/yolo_msgs/msg/detail/detection_array__type_support.cpp
[21.066s] -- Installing: /home/amrl-linux24-04/ros2_ben/install/yolo_msgs/include/yolo_msgs/yolo_msgs/msg/detail/key_point2_d__rosidl_typesupport_introspection_cpp.hpp
[21.067s] -- Installing: /home/amrl-linux24-04/ros2_ben/install/yolo_msgs/include/yolo_msgs/yolo_msgs/msg/detail/bounding_box3_d__rosidl_typesupport_introspection_cpp.hpp
[21.067s] -- Installing: /home/amrl-linux24-04/ros2_ben/install/yolo_msgs/include/yolo_msgs/yolo_msgs/msg/detail/vector2__type_support.cpp
[21.067s] -- Installing: /home/amrl-linux24-04/ros2_ben/install/yolo_msgs/include/yolo_msgs/yolo_msgs/msg/detail/key_point3_d_array__type_support.cpp
[21.067s] -- Installing: /home/amrl-linux24-04/ros2_ben/install/yolo_msgs/include/yolo_msgs/yolo_msgs/msg/detail/mask__type_support.cpp
[21.067s] -- Installing: /home/amrl-linux24-04/ros2_ben/install/yolo_msgs/include/yolo_msgs/yolo_msgs/msg/detail/key_point3_d__type_support.cpp
[21.067s] -- Installing: /home/amrl-linux24-04/ros2_ben/install/yolo_msgs/include/yolo_msgs/yolo_msgs/msg/detail/point2_d__type_support.cpp
[21.068s] -- Installing: /home/amrl-linux24-04/ros2_ben/install/yolo_msgs/include/yolo_msgs/yolo_msgs/msg/detail/pose2_d__rosidl_typesupport_introspection_cpp.hpp
[21.068s] -- Installing: /home/amrl-linux24-04/ros2_ben/install/yolo_msgs/include/yolo_msgs/yolo_msgs/msg/detail/key_point2_d__type_support.cpp
[21.068s] -- Installing: /home/amrl-linux24-04/ros2_ben/install/yolo_msgs/include/yolo_msgs/yolo_msgs/msg/detail/bounding_box2_d__rosidl_typesupport_introspection_cpp.hpp
[21.068s] -- Installing: /home/amrl-linux24-04/ros2_ben/install/yolo_msgs/include/yolo_msgs/yolo_msgs/msg/detail/vector2__rosidl_typesupport_introspection_cpp.hpp
[21.068s] -- Installing: /home/amrl-linux24-04/ros2_ben/install/yolo_msgs/include/yolo_msgs/yolo_msgs/msg/detail/bounding_box3_d__type_support.cpp
[21.069s] -- Installing: /home/amrl-linux24-04/ros2_ben/install/yolo_msgs/include/yolo_msgs/yolo_msgs/msg/detail/pose2_d__type_support.cpp
[21.069s] -- Installing: /home/amrl-linux24-04/ros2_ben/install/yolo_msgs/include/yolo_msgs/yolo_msgs/msg/detail/key_point3_d__rosidl_typesupport_introspection_cpp.hpp
[21.069s] -- Installing: /home/amrl-linux24-04/ros2_ben/install/yolo_msgs/include/yolo_msgs/yolo_msgs/msg/detail/bounding_box2_d__type_support.cpp
[21.069s] -- Installing: /home/amrl-linux24-04/ros2_ben/install/yolo_msgs/include/yolo_msgs/yolo_msgs/msg/detail/key_point2_d_array__type_support.cpp
[21.069s] -- Installing: /home/amrl-linux24-04/ros2_ben/install/yolo_msgs/include/yolo_msgs/yolo_msgs/msg/detail/point2_d__rosidl_typesupport_introspection_cpp.hpp
[21.069s] -- Installing: /home/amrl-linux24-04/ros2_ben/install/yolo_msgs/include/yolo_msgs/yolo_msgs/msg/detail/key_point3_d_array__rosidl_typesupport_introspection_cpp.hpp
[21.070s] -- Installing: /home/amrl-linux24-04/ros2_ben/install/yolo_msgs/include/yolo_msgs/yolo_msgs/msg/detail/mask__rosidl_typesupport_introspection_cpp.hpp
[21.070s] -- Installing: /home/amrl-linux24-04/ros2_ben/install/yolo_msgs/include/yolo_msgs/yolo_msgs/msg/detail/detection__rosidl_typesupport_introspection_cpp.hpp
[21.070s] -- Installing: /home/amrl-linux24-04/ros2_ben/install/yolo_msgs/lib/libyolo_msgs__rosidl_typesupport_introspection_cpp.so
[21.070s] -- Set non-toolchain portion of runtime path of "/home/amrl-linux24-04/ros2_ben/install/yolo_msgs/lib/libyolo_msgs__rosidl_typesupport_introspection_cpp.so" to ""
[21.070s] -- Installing: /home/amrl-linux24-04/ros2_ben/install/yolo_msgs/lib/libyolo_msgs__rosidl_typesupport_cpp.so
[21.070s] -- Set non-toolchain portion of runtime path of "/home/amrl-linux24-04/ros2_ben/install/yolo_msgs/lib/libyolo_msgs__rosidl_typesupport_cpp.so" to ""
[21.071s] -- Installing: /home/amrl-linux24-04/ros2_ben/install/yolo_msgs/share/yolo_msgs/environment/pythonpath.sh
[21.071s] -- Installing: /home/amrl-linux24-04/ros2_ben/install/yolo_msgs/share/yolo_msgs/environment/pythonpath.dsv
[21.071s] -- Installing: /home/amrl-linux24-04/ros2_ben/install/yolo_msgs/lib/python3.12/site-packages/yolo_msgs-4.3.1-py3.12.egg-info
[21.071s] -- Installing: /home/amrl-linux24-04/ros2_ben/install/yolo_msgs/lib/python3.12/site-packages/yolo_msgs-4.3.1-py3.12.egg-info/top_level.txt
[21.071s] -- Installing: /home/amrl-linux24-04/ros2_ben/install/yolo_msgs/lib/python3.12/site-packages/yolo_msgs-4.3.1-py3.12.egg-info/dependency_links.txt
[21.071s] -- Installing: /home/amrl-linux24-04/ros2_ben/install/yolo_msgs/lib/python3.12/site-packages/yolo_msgs-4.3.1-py3.12.egg-info/PKG-INFO
[21.072s] -- Installing: /home/amrl-linux24-04/ros2_ben/install/yolo_msgs/lib/python3.12/site-packages/yolo_msgs-4.3.1-py3.12.egg-info/SOURCES.txt
[21.072s] -- Installing: /home/amrl-linux24-04/ros2_ben/install/yolo_msgs/lib/python3.12/site-packages/yolo_msgs
[21.072s] -- Installing: /home/amrl-linux24-04/ros2_ben/install/yolo_msgs/lib/python3.12/site-packages/yolo_msgs/_yolo_msgs_s.ep.rosidl_typesupport_fastrtps_c.c
[21.072s] -- Installing: /home/amrl-linux24-04/ros2_ben/install/yolo_msgs/lib/python3.12/site-packages/yolo_msgs/yolo_msgs_s__rosidl_typesupport_introspection_c.so
[21.072s] -- Installing: /home/amrl-linux24-04/ros2_ben/install/yolo_msgs/lib/python3.12/site-packages/yolo_msgs/srv
[21.072s] -- Installing: /home/amrl-linux24-04/ros2_ben/install/yolo_msgs/lib/python3.12/site-packages/yolo_msgs/srv/__init__.py
[21.073s] -- Installing: /home/amrl-linux24-04/ros2_ben/install/yolo_msgs/lib/python3.12/site-packages/yolo_msgs/srv/_set_classes.py
[21.073s] -- Installing: /home/amrl-linux24-04/ros2_ben/install/yolo_msgs/lib/python3.12/site-packages/yolo_msgs/srv/_set_classes_s.c
[21.073s] -- Installing: /home/amrl-linux24-04/ros2_ben/install/yolo_msgs/lib/python3.12/site-packages/yolo_msgs/__init__.py
[21.073s] -- Installing: /home/amrl-linux24-04/ros2_ben/install/yolo_msgs/lib/python3.12/site-packages/yolo_msgs/yolo_msgs_s__rosidl_typesupport_c.so
[21.073s] -- Installing: /home/amrl-linux24-04/ros2_ben/install/yolo_msgs/lib/python3.12/site-packages/yolo_msgs/_yolo_msgs_s.ep.rosidl_typesupport_c.c
[21.073s] -- Installing: /home/amrl-linux24-04/ros2_ben/install/yolo_msgs/lib/python3.12/site-packages/yolo_msgs/msg
[21.074s] -- Installing: /home/amrl-linux24-04/ros2_ben/install/yolo_msgs/lib/python3.12/site-packages/yolo_msgs/msg/_key_point3_d_array.py
[21.074s] -- Installing: /home/amrl-linux24-04/ros2_ben/install/yolo_msgs/lib/python3.12/site-packages/yolo_msgs/msg/_key_point3_d_s.c
[21.074s] -- Installing: /home/amrl-linux24-04/ros2_ben/install/yolo_msgs/lib/python3.12/site-packages/yolo_msgs/msg/_mask_s.c
[21.074s] -- Installing: /home/amrl-linux24-04/ros2_ben/install/yolo_msgs/lib/python3.12/site-packages/yolo_msgs/msg/_bounding_box3_d_s.c
[21.074s] -- Installing: /home/amrl-linux24-04/ros2_ben/install/yolo_msgs/lib/python3.12/site-packages/yolo_msgs/msg/_key_point2_d_s.c
[21.075s] -- Installing: /home/amrl-linux24-04/ros2_ben/install/yolo_msgs/lib/python3.12/site-packages/yolo_msgs/msg/__init__.py
[21.075s] -- Installing: /home/amrl-linux24-04/ros2_ben/install/yolo_msgs/lib/python3.12/site-packages/yolo_msgs/msg/_pose2_d.py
[21.075s] -- Installing: /home/amrl-linux24-04/ros2_ben/install/yolo_msgs/lib/python3.12/site-packages/yolo_msgs/msg/_key_point3_d_array_s.c
[21.075s] -- Installing: /home/amrl-linux24-04/ros2_ben/install/yolo_msgs/lib/python3.12/site-packages/yolo_msgs/msg/_key_point2_d_array.py
[21.075s] -- Installing: /home/amrl-linux24-04/ros2_ben/install/yolo_msgs/lib/python3.12/site-packages/yolo_msgs/msg/_vector2.py
[21.075s] -- Installing: /home/amrl-linux24-04/ros2_ben/install/yolo_msgs/lib/python3.12/site-packages/yolo_msgs/msg/_detection_s.c
[21.076s] -- Installing: /home/amrl-linux24-04/ros2_ben/install/yolo_msgs/lib/python3.12/site-packages/yolo_msgs/msg/_bounding_box2_d.py
[21.076s] -- Installing: /home/amrl-linux24-04/ros2_ben/install/yolo_msgs/lib/python3.12/site-packages/yolo_msgs/msg/_bounding_box2_d_s.c
[21.076s] -- Installing: /home/amrl-linux24-04/ros2_ben/install/yolo_msgs/lib/python3.12/site-packages/yolo_msgs/msg/_key_point2_d.py
[21.076s] -- Installing: /home/amrl-linux24-04/ros2_ben/install/yolo_msgs/lib/python3.12/site-packages/yolo_msgs/msg/_key_point3_d.py
[21.076s] -- Installing: /home/amrl-linux24-04/ros2_ben/install/yolo_msgs/lib/python3.12/site-packages/yolo_msgs/msg/_detection_array_s.c
[21.076s] -- Installing: /home/amrl-linux24-04/ros2_ben/install/yolo_msgs/lib/python3.12/site-packages/yolo_msgs/msg/_point2_d_s.c
[21.077s] -- Installing: /home/amrl-linux24-04/ros2_ben/install/yolo_msgs/lib/python3.12/site-packages/yolo_msgs/msg/_detection_array.py
[21.077s] -- Installing: /home/amrl-linux24-04/ros2_ben/install/yolo_msgs/lib/python3.12/site-packages/yolo_msgs/msg/_detection.py
[21.077s] -- Installing: /home/amrl-linux24-04/ros2_ben/install/yolo_msgs/lib/python3.12/site-packages/yolo_msgs/msg/_mask.py
[21.077s] -- Installing: /home/amrl-linux24-04/ros2_ben/install/yolo_msgs/lib/python3.12/site-packages/yolo_msgs/msg/_pose2_d_s.c
[21.077s] -- Installing: /home/amrl-linux24-04/ros2_ben/install/yolo_msgs/lib/python3.12/site-packages/yolo_msgs/msg/_key_point2_d_array_s.c
[21.077s] -- Installing: /home/amrl-linux24-04/ros2_ben/install/yolo_msgs/lib/python3.12/site-packages/yolo_msgs/msg/_bounding_box3_d.py
[21.078s] -- Installing: /home/amrl-linux24-04/ros2_ben/install/yolo_msgs/lib/python3.12/site-packages/yolo_msgs/msg/_point2_d.py
[21.078s] -- Installing: /home/amrl-linux24-04/ros2_ben/install/yolo_msgs/lib/python3.12/site-packages/yolo_msgs/msg/_vector2_s.c
[21.078s] -- Installing: /home/amrl-linux24-04/ros2_ben/install/yolo_msgs/lib/python3.12/site-packages/yolo_msgs/yolo_msgs_s__rosidl_typesupport_fastrtps_c.so
[21.078s] -- Installing: /home/amrl-linux24-04/ros2_ben/install/yolo_msgs/lib/python3.12/site-packages/yolo_msgs/_yolo_msgs_s.ep.rosidl_typesupport_introspection_c.c
[21.223s] Listing '/home/amrl-linux24-04/ros2_ben/install/yolo_msgs/lib/python3.12/site-packages/yolo_msgs'...
[21.223s] Compiling '/home/amrl-linux24-04/ros2_ben/install/yolo_msgs/lib/python3.12/site-packages/yolo_msgs/__init__.py'...
[21.224s] Listing '/home/amrl-linux24-04/ros2_ben/install/yolo_msgs/lib/python3.12/site-packages/yolo_msgs/msg'...
[21.224s] Compiling '/home/amrl-linux24-04/ros2_ben/install/yolo_msgs/lib/python3.12/site-packages/yolo_msgs/msg/__init__.py'...
[21.224s] Compiling '/home/amrl-linux24-04/ros2_ben/install/yolo_msgs/lib/python3.12/site-packages/yolo_msgs/msg/_bounding_box2_d.py'...
[21.224s] Compiling '/home/amrl-linux24-04/ros2_ben/install/yolo_msgs/lib/python3.12/site-packages/yolo_msgs/msg/_bounding_box3_d.py'...
[21.224s] Compiling '/home/amrl-linux24-04/ros2_ben/install/yolo_msgs/lib/python3.12/site-packages/yolo_msgs/msg/_detection.py'...
[21.225s] Compiling '/home/amrl-linux24-04/ros2_ben/install/yolo_msgs/lib/python3.12/site-packages/yolo_msgs/msg/_detection_array.py'...
[21.225s] Compiling '/home/amrl-linux24-04/ros2_ben/install/yolo_msgs/lib/python3.12/site-packages/yolo_msgs/msg/_key_point2_d.py'...
[21.225s] Compiling '/home/amrl-linux24-04/ros2_ben/install/yolo_msgs/lib/python3.12/site-packages/yolo_msgs/msg/_key_point2_d_array.py'...
[21.225s] Compiling '/home/amrl-linux24-04/ros2_ben/install/yolo_msgs/lib/python3.12/site-packages/yolo_msgs/msg/_key_point3_d.py'...
[21.225s] Compiling '/home/amrl-linux24-04/ros2_ben/install/yolo_msgs/lib/python3.12/site-packages/yolo_msgs/msg/_key_point3_d_array.py'...
[21.225s] Compiling '/home/amrl-linux24-04/ros2_ben/install/yolo_msgs/lib/python3.12/site-packages/yolo_msgs/msg/_mask.py'...
[21.226s] Compiling '/home/amrl-linux24-04/ros2_ben/install/yolo_msgs/lib/python3.12/site-packages/yolo_msgs/msg/_point2_d.py'...
[21.226s] Compiling '/home/amrl-linux24-04/ros2_ben/install/yolo_msgs/lib/python3.12/site-packages/yolo_msgs/msg/_pose2_d.py'...
[21.226s] Compiling '/home/amrl-linux24-04/ros2_ben/install/yolo_msgs/lib/python3.12/site-packages/yolo_msgs/msg/_vector2.py'...
[21.226s] Listing '/home/amrl-linux24-04/ros2_ben/install/yolo_msgs/lib/python3.12/site-packages/yolo_msgs/srv'...
[21.226s] Compiling '/home/amrl-linux24-04/ros2_ben/install/yolo_msgs/lib/python3.12/site-packages/yolo_msgs/srv/__init__.py'...
[21.227s] Compiling '/home/amrl-linux24-04/ros2_ben/install/yolo_msgs/lib/python3.12/site-packages/yolo_msgs/srv/_set_classes.py'...
[21.240s] -- Installing: /home/amrl-linux24-04/ros2_ben/install/yolo_msgs/lib/python3.12/site-packages/yolo_msgs/yolo_msgs_s__rosidl_typesupport_fastrtps_c.so
[21.241s] -- Set non-toolchain portion of runtime path of "/home/amrl-linux24-04/ros2_ben/install/yolo_msgs/lib/python3.12/site-packages/yolo_msgs/yolo_msgs_s__rosidl_typesupport_fastrtps_c.so" to ""
[21.241s] -- Installing: /home/amrl-linux24-04/ros2_ben/install/yolo_msgs/lib/python3.12/site-packages/yolo_msgs/yolo_msgs_s__rosidl_typesupport_introspection_c.so
[21.242s] -- Set non-toolchain portion of runtime path of "/home/amrl-linux24-04/ros2_ben/install/yolo_msgs/lib/python3.12/site-packages/yolo_msgs/yolo_msgs_s__rosidl_typesupport_introspection_c.so" to ""
[21.242s] -- Installing: /home/amrl-linux24-04/ros2_ben/install/yolo_msgs/lib/python3.12/site-packages/yolo_msgs/yolo_msgs_s__rosidl_typesupport_c.so
[21.243s] -- Set non-toolchain portion of runtime path of "/home/amrl-linux24-04/ros2_ben/install/yolo_msgs/lib/python3.12/site-packages/yolo_msgs/yolo_msgs_s__rosidl_typesupport_c.so" to ""
[21.243s] -- Installing: /home/amrl-linux24-04/ros2_ben/install/yolo_msgs/lib/libyolo_msgs__rosidl_generator_py.so
[21.244s] -- Set non-toolchain portion of runtime path of "/home/amrl-linux24-04/ros2_ben/install/yolo_msgs/lib/libyolo_msgs__rosidl_generator_py.so" to ""
[21.245s] -- Installing: /home/amrl-linux24-04/ros2_ben/install/yolo_msgs/share/yolo_msgs/msg/Point2D.idl
[21.245s] -- Installing: /home/amrl-linux24-04/ros2_ben/install/yolo_msgs/share/yolo_msgs/msg/Vector2.idl
[21.245s] -- Installing: /home/amrl-linux24-04/ros2_ben/install/yolo_msgs/share/yolo_msgs/msg/Pose2D.idl
[21.245s] -- Installing: /home/amrl-linux24-04/ros2_ben/install/yolo_msgs/share/yolo_msgs/msg/BoundingBox2D.idl
[21.246s] -- Installing: /home/amrl-linux24-04/ros2_ben/install/yolo_msgs/share/yolo_msgs/msg/BoundingBox3D.idl
[21.246s] -- Installing: /home/amrl-linux24-04/ros2_ben/install/yolo_msgs/share/yolo_msgs/msg/Mask.idl
[21.246s] -- Installing: /home/amrl-linux24-04/ros2_ben/install/yolo_msgs/share/yolo_msgs/msg/KeyPoint2D.idl
[21.247s] -- Installing: /home/amrl-linux24-04/ros2_ben/install/yolo_msgs/share/yolo_msgs/msg/KeyPoint2DArray.idl
[21.247s] -- Installing: /home/amrl-linux24-04/ros2_ben/install/yolo_msgs/share/yolo_msgs/msg/KeyPoint3D.idl
[21.247s] -- Installing: /home/amrl-linux24-04/ros2_ben/install/yolo_msgs/share/yolo_msgs/msg/KeyPoint3DArray.idl
[21.248s] -- Installing: /home/amrl-linux24-04/ros2_ben/install/yolo_msgs/share/yolo_msgs/msg/Detection.idl
[21.248s] -- Installing: /home/amrl-linux24-04/ros2_ben/install/yolo_msgs/share/yolo_msgs/msg/DetectionArray.idl
[21.248s] -- Installing: /home/amrl-linux24-04/ros2_ben/install/yolo_msgs/share/yolo_msgs/srv/SetClasses.idl
[21.248s] -- Installing: /home/amrl-linux24-04/ros2_ben/install/yolo_msgs/share/yolo_msgs/msg/Point2D.msg
[21.249s] -- Installing: /home/amrl-linux24-04/ros2_ben/install/yolo_msgs/share/yolo_msgs/msg/Vector2.msg
[21.249s] -- Installing: /home/amrl-linux24-04/ros2_ben/install/yolo_msgs/share/yolo_msgs/msg/Pose2D.msg
[21.249s] -- Installing: /home/amrl-linux24-04/ros2_ben/install/yolo_msgs/share/yolo_msgs/msg/BoundingBox2D.msg
[21.250s] -- Installing: /home/amrl-linux24-04/ros2_ben/install/yolo_msgs/share/yolo_msgs/msg/BoundingBox3D.msg
[21.250s] -- Installing: /home/amrl-linux24-04/ros2_ben/install/yolo_msgs/share/yolo_msgs/msg/Mask.msg
[21.250s] -- Installing: /home/amrl-linux24-04/ros2_ben/install/yolo_msgs/share/yolo_msgs/msg/KeyPoint2D.msg
[21.251s] -- Installing: /home/amrl-linux24-04/ros2_ben/install/yolo_msgs/share/yolo_msgs/msg/KeyPoint2DArray.msg
[21.251s] -- Installing: /home/amrl-linux24-04/ros2_ben/install/yolo_msgs/share/yolo_msgs/msg/KeyPoint3D.msg
[21.252s] -- Installing: /home/amrl-linux24-04/ros2_ben/install/yolo_msgs/share/yolo_msgs/msg/KeyPoint3DArray.msg
[21.252s] -- Installing: /home/amrl-linux24-04/ros2_ben/install/yolo_msgs/share/yolo_msgs/msg/Detection.msg
[21.252s] -- Installing: /home/amrl-linux24-04/ros2_ben/install/yolo_msgs/share/yolo_msgs/msg/DetectionArray.msg
[21.253s] -- Installing: /home/amrl-linux24-04/ros2_ben/install/yolo_msgs/share/yolo_msgs/srv/SetClasses.srv
[21.253s] -- Installing: /home/amrl-linux24-04/ros2_ben/install/yolo_msgs/share/ament_index/resource_index/package_run_dependencies/yolo_msgs
[21.254s] -- Installing: /home/amrl-linux24-04/ros2_ben/install/yolo_msgs/share/ament_index/resource_index/parent_prefix_path/yolo_msgs
[21.254s] -- Installing: /home/amrl-linux24-04/ros2_ben/install/yolo_msgs/share/yolo_msgs/environment/ament_prefix_path.sh
[21.255s] -- Installing: /home/amrl-linux24-04/ros2_ben/install/yolo_msgs/share/yolo_msgs/environment/ament_prefix_path.dsv
[21.255s] -- Installing: /home/amrl-linux24-04/ros2_ben/install/yolo_msgs/share/yolo_msgs/environment/path.sh
[21.255s] -- Installing: /home/amrl-linux24-04/ros2_ben/install/yolo_msgs/share/yolo_msgs/environment/path.dsv
[21.255s] -- Installing: /home/amrl-linux24-04/ros2_ben/install/yolo_msgs/share/yolo_msgs/local_setup.bash
[21.256s] -- Installing: /home/amrl-linux24-04/ros2_ben/install/yolo_msgs/share/yolo_msgs/local_setup.sh
[21.256s] -- Installing: /home/amrl-linux24-04/ros2_ben/install/yolo_msgs/share/yolo_msgs/local_setup.zsh
[21.256s] -- Installing: /home/amrl-linux24-04/ros2_ben/install/yolo_msgs/share/yolo_msgs/local_setup.dsv
[21.257s] -- Installing: /home/amrl-linux24-04/ros2_ben/install/yolo_msgs/share/yolo_msgs/package.dsv
[21.257s] -- Installing: /home/amrl-linux24-04/ros2_ben/install/yolo_msgs/share/ament_index/resource_index/packages/yolo_msgs
[21.258s] -- Installing: /home/amrl-linux24-04/ros2_ben/install/yolo_msgs/share/yolo_msgs/cmake/export_yolo_msgs__rosidl_generator_cExport.cmake
[21.258s] -- Installing: /home/amrl-linux24-04/ros2_ben/install/yolo_msgs/share/yolo_msgs/cmake/export_yolo_msgs__rosidl_generator_cExport-noconfig.cmake
[21.258s] -- Installing: /home/amrl-linux24-04/ros2_ben/install/yolo_msgs/share/yolo_msgs/cmake/export_yolo_msgs__rosidl_typesupport_fastrtps_cExport.cmake
[21.259s] -- Installing: /home/amrl-linux24-04/ros2_ben/install/yolo_msgs/share/yolo_msgs/cmake/export_yolo_msgs__rosidl_typesupport_fastrtps_cExport-noconfig.cmake
[21.259s] -- Installing: /home/amrl-linux24-04/ros2_ben/install/yolo_msgs/share/yolo_msgs/cmake/yolo_msgs__rosidl_typesupport_introspection_cExport.cmake
[21.260s] -- Installing: /home/amrl-linux24-04/ros2_ben/install/yolo_msgs/share/yolo_msgs/cmake/yolo_msgs__rosidl_typesupport_introspection_cExport-noconfig.cmake
[21.260s] -- Installing: /home/amrl-linux24-04/ros2_ben/install/yolo_msgs/share/yolo_msgs/cmake/yolo_msgs__rosidl_typesupport_cExport.cmake
[21.260s] -- Installing: /home/amrl-linux24-04/ros2_ben/install/yolo_msgs/share/yolo_msgs/cmake/yolo_msgs__rosidl_typesupport_cExport-noconfig.cmake
[21.261s] -- Installing: /home/amrl-linux24-04/ros2_ben/install/yolo_msgs/share/yolo_msgs/cmake/export_yolo_msgs__rosidl_generator_cppExport.cmake
[21.261s] -- Installing: /home/amrl-linux24-04/ros2_ben/install/yolo_msgs/share/yolo_msgs/cmake/export_yolo_msgs__rosidl_typesupport_fastrtps_cppExport.cmake
[21.261s] -- Installing: /home/amrl-linux24-04/ros2_ben/install/yolo_msgs/share/yolo_msgs/cmake/export_yolo_msgs__rosidl_typesupport_fastrtps_cppExport-noconfig.cmake
[21.262s] -- Installing: /home/amrl-linux24-04/ros2_ben/install/yolo_msgs/share/yolo_msgs/cmake/yolo_msgs__rosidl_typesupport_introspection_cppExport.cmake
[21.262s] -- Installing: /home/amrl-linux24-04/ros2_ben/install/yolo_msgs/share/yolo_msgs/cmake/yolo_msgs__rosidl_typesupport_introspection_cppExport-noconfig.cmake
[21.262s] -- Installing: /home/amrl-linux24-04/ros2_ben/install/yolo_msgs/share/yolo_msgs/cmake/yolo_msgs__rosidl_typesupport_cppExport.cmake
[21.263s] -- Installing: /home/amrl-linux24-04/ros2_ben/install/yolo_msgs/share/yolo_msgs/cmake/yolo_msgs__rosidl_typesupport_cppExport-noconfig.cmake
[21.263s] -- Installing: /home/amrl-linux24-04/ros2_ben/install/yolo_msgs/share/yolo_msgs/cmake/export_yolo_msgs__rosidl_generator_pyExport.cmake
[21.263s] -- Installing: /home/amrl-linux24-04/ros2_ben/install/yolo_msgs/share/yolo_msgs/cmake/export_yolo_msgs__rosidl_generator_pyExport-noconfig.cmake
[21.264s] -- Installing: /home/amrl-linux24-04/ros2_ben/install/yolo_msgs/share/yolo_msgs/cmake/rosidl_cmake-extras.cmake
[21.264s] -- Installing: /home/amrl-linux24-04/ros2_ben/install/yolo_msgs/share/yolo_msgs/cmake/ament_cmake_export_dependencies-extras.cmake
[21.264s] -- Installing: /home/amrl-linux24-04/ros2_ben/install/yolo_msgs/share/yolo_msgs/cmake/ament_cmake_export_include_directories-extras.cmake
[21.265s] -- Installing: /home/amrl-linux24-04/ros2_ben/install/yolo_msgs/share/yolo_msgs/cmake/ament_cmake_export_libraries-extras.cmake
[21.265s] -- Installing: /home/amrl-linux24-04/ros2_ben/install/yolo_msgs/share/yolo_msgs/cmake/ament_cmake_export_targets-extras.cmake
[21.266s] -- Installing: /home/amrl-linux24-04/ros2_ben/install/yolo_msgs/share/yolo_msgs/cmake/rosidl_cmake_export_typesupport_targets-extras.cmake
[21.266s] -- Installing: /home/amrl-linux24-04/ros2_ben/install/yolo_msgs/share/yolo_msgs/cmake/rosidl_cmake_export_typesupport_libraries-extras.cmake
[21.266s] -- Installing: /home/amrl-linux24-04/ros2_ben/install/yolo_msgs/share/yolo_msgs/cmake/yolo_msgsConfig.cmake
[21.267s] -- Installing: /home/amrl-linux24-04/ros2_ben/install/yolo_msgs/share/yolo_msgs/cmake/yolo_msgsConfig-version.cmake
[21.267s] -- Installing: /home/amrl-linux24-04/ros2_ben/install/yolo_msgs/share/yolo_msgs/package.xml
[21.273s] Invoked command in '/home/amrl-linux24-04/ros2_ben/build/yolo_msgs' returned '0': CMAKE_PREFIX_PATH=${CMAKE_PREFIX_PATH}:/home/amrl-linux24-04/ros2_ben/install/yolo_ros:/home/amrl-linux24-04/ros2_ben/install/igusgus_launch:/opt/ros/jazzy DEBUGINFOD_URLS=https://debuginfod.ubuntu.com /usr/bin/cmake --install /home/amrl-linux24-04/ros2_ben/build/yolo_msgs
