[0.039s] Invoking command in '/home/amrl-linux24-04/ros2_ben/build/realsense2_camera_msgs': CMAKE_PREFIX_PATH=${CMAKE_PREFIX_PATH}:/home/amrl-linux24-04/ros2_ben/install/yolo_ros:/home/amrl-linux24-04/ros2_ben/install/igusgus_launch:/opt/ros/jazzy DEBUGINFOD_URLS=https://debuginfod.ubuntu.com /usr/bin/cmake --build /home/amrl-linux24-04/ros2_ben/build/realsense2_camera_msgs -- -j22 -l22
[0.094s] [  1%] Built target realsense2_camera_msgs__rosidl_generator_type_description
[0.107s] [  1%] Built target ament_cmake_python_copy_realsense2_camera_msgs
[0.110s] [  1%] Built target realsense2_camera_msgs__cpp
[0.124s] [ 26%] Built target realsense2_camera_msgs__rosidl_generator_c
[0.151s] [ 39%] Built target realsense2_camera_msgs__rosidl_typesupport_c
[0.152s] [ 45%] Built target realsense2_camera_msgs__rosidl_typesupport_cpp
[0.153s] [ 55%] Built target realsense2_camera_msgs__rosidl_typesupport_fastrtps_c
[0.155s] [ 65%] Built target realsense2_camera_msgs__rosidl_typesupport_fastrtps_cpp
[0.156s] [ 75%] Built target realsense2_camera_msgs__rosidl_typesupport_introspection_cpp
[0.162s] [ 84%] Built target realsense2_camera_msgs__rosidl_typesupport_introspection_c
[0.180s] [ 84%] Built target realsense2_camera_msgs
[0.203s] [ 85%] Built target realsense2_camera_msgs__py
[0.226s] [ 94%] Built target realsense2_camera_msgs__rosidl_generator_py
[0.245s] [ 97%] Built target realsense2_camera_msgs_s__rosidl_typesupport_c
[0.245s] [ 98%] Built target realsense2_camera_msgs_s__rosidl_typesupport_fastrtps_c
[0.249s] [100%] Built target realsense2_camera_msgs_s__rosidl_typesupport_introspection_c
[0.294s] running egg_info
[0.309s] writing realsense2_camera_msgs.egg-info/PKG-INFO
[0.309s] writing dependency_links to realsense2_camera_msgs.egg-info/dependency_links.txt
[0.309s] writing top-level names to realsense2_camera_msgs.egg-info/top_level.txt
[0.352s] reading manifest file 'realsense2_camera_msgs.egg-info/SOURCES.txt'
[0.353s] writing manifest file 'realsense2_camera_msgs.egg-info/SOURCES.txt'
[0.375s] [100%] Built target ament_cmake_python_build_realsense2_camera_msgs_egg
[0.390s] Invoked command in '/home/amrl-linux24-04/ros2_ben/build/realsense2_camera_msgs' returned '0': CMAKE_PREFIX_PATH=${CMAKE_PREFIX_PATH}:/home/amrl-linux24-04/ros2_ben/install/yolo_ros:/home/amrl-linux24-04/ros2_ben/install/igusgus_launch:/opt/ros/jazzy DEBUGINFOD_URLS=https://debuginfod.ubuntu.com /usr/bin/cmake --build /home/amrl-linux24-04/ros2_ben/build/realsense2_camera_msgs -- -j22 -l22
[0.391s] Invoking command in '/home/amrl-linux24-04/ros2_ben/build/realsense2_camera_msgs': CMAKE_PREFIX_PATH=${CMAKE_PREFIX_PATH}:/home/amrl-linux24-04/ros2_ben/install/yolo_ros:/home/amrl-linux24-04/ros2_ben/install/igusgus_launch:/opt/ros/jazzy DEBUGINFOD_URLS=https://debuginfod.ubuntu.com /usr/bin/cmake --install /home/amrl-linux24-04/ros2_ben/build/realsense2_camera_msgs
[0.403s] -- Install configuration: ""
[0.403s] -- Up-to-date: /home/amrl-linux24-04/ros2_ben/install/realsense2_camera_msgs/share/ament_index/resource_index/rosidl_interfaces/realsense2_camera_msgs
[0.403s] -- Up-to-date: /home/amrl-linux24-04/ros2_ben/install/realsense2_camera_msgs/share/realsense2_camera_msgs/msg/IMUInfo.json
[0.403s] -- Up-to-date: /home/amrl-linux24-04/ros2_ben/install/realsense2_camera_msgs/share/realsense2_camera_msgs/msg/Extrinsics.json
[0.404s] -- Up-to-date: /home/amrl-linux24-04/ros2_ben/install/realsense2_camera_msgs/share/realsense2_camera_msgs/msg/Metadata.json
[0.405s] -- Up-to-date: /home/amrl-linux24-04/ros2_ben/install/realsense2_camera_msgs/share/realsense2_camera_msgs/msg/RGBD.json
[0.405s] -- Up-to-date: /home/amrl-linux24-04/ros2_ben/install/realsense2_camera_msgs/share/realsense2_camera_msgs/srv/DeviceInfo.json
[0.405s] -- Up-to-date: /home/amrl-linux24-04/ros2_ben/install/realsense2_camera_msgs/share/realsense2_camera_msgs/srv/CalibConfigRead.json
[0.405s] -- Up-to-date: /home/amrl-linux24-04/ros2_ben/install/realsense2_camera_msgs/share/realsense2_camera_msgs/srv/CalibConfigWrite.json
[0.405s] -- Up-to-date: /home/amrl-linux24-04/ros2_ben/install/realsense2_camera_msgs/share/realsense2_camera_msgs/action/TriggeredCalibration.json
[0.405s] -- Up-to-date: /home/amrl-linux24-04/ros2_ben/install/realsense2_camera_msgs/include/realsense2_camera_msgs/realsense2_camera_msgs
[0.405s] -- Up-to-date: /home/amrl-linux24-04/ros2_ben/install/realsense2_camera_msgs/include/realsense2_camera_msgs/realsense2_camera_msgs/action
[0.405s] -- Up-to-date: /home/amrl-linux24-04/ros2_ben/install/realsense2_camera_msgs/include/realsense2_camera_msgs/realsense2_camera_msgs/action/detail
[0.405s] -- Up-to-date: /home/amrl-linux24-04/ros2_ben/install/realsense2_camera_msgs/include/realsense2_camera_msgs/realsense2_camera_msgs/action/detail/triggered_calibration__type_support.c
[0.405s] -- Up-to-date: /home/amrl-linux24-04/ros2_ben/install/realsense2_camera_msgs/include/realsense2_camera_msgs/realsense2_camera_msgs/action/detail/triggered_calibration__functions.h
[0.405s] -- Up-to-date: /home/amrl-linux24-04/ros2_ben/install/realsense2_camera_msgs/include/realsense2_camera_msgs/realsense2_camera_msgs/action/detail/triggered_calibration__functions.c
[0.405s] -- Up-to-date: /home/amrl-linux24-04/ros2_ben/install/realsense2_camera_msgs/include/realsense2_camera_msgs/realsense2_camera_msgs/action/detail/triggered_calibration__type_support.h
[0.406s] -- Up-to-date: /home/amrl-linux24-04/ros2_ben/install/realsense2_camera_msgs/include/realsense2_camera_msgs/realsense2_camera_msgs/action/detail/triggered_calibration__description.c
[0.406s] -- Up-to-date: /home/amrl-linux24-04/ros2_ben/install/realsense2_camera_msgs/include/realsense2_camera_msgs/realsense2_camera_msgs/action/detail/triggered_calibration__struct.h
[0.406s] -- Up-to-date: /home/amrl-linux24-04/ros2_ben/install/realsense2_camera_msgs/include/realsense2_camera_msgs/realsense2_camera_msgs/action/triggered_calibration.h
[0.406s] -- Up-to-date: /home/amrl-linux24-04/ros2_ben/install/realsense2_camera_msgs/include/realsense2_camera_msgs/realsense2_camera_msgs/srv
[0.406s] -- Up-to-date: /home/amrl-linux24-04/ros2_ben/install/realsense2_camera_msgs/include/realsense2_camera_msgs/realsense2_camera_msgs/srv/detail
[0.406s] -- Up-to-date: /home/amrl-linux24-04/ros2_ben/install/realsense2_camera_msgs/include/realsense2_camera_msgs/realsense2_camera_msgs/srv/detail/calib_config_read__struct.h
[0.406s] -- Up-to-date: /home/amrl-linux24-04/ros2_ben/install/realsense2_camera_msgs/include/realsense2_camera_msgs/realsense2_camera_msgs/srv/detail/device_info__functions.h
[0.406s] -- Up-to-date: /home/amrl-linux24-04/ros2_ben/install/realsense2_camera_msgs/include/realsense2_camera_msgs/realsense2_camera_msgs/srv/detail/calib_config_write__type_support.h
[0.406s] -- Up-to-date: /home/amrl-linux24-04/ros2_ben/install/realsense2_camera_msgs/include/realsense2_camera_msgs/realsense2_camera_msgs/srv/detail/calib_config_read__functions.c
[0.406s] -- Up-to-date: /home/amrl-linux24-04/ros2_ben/install/realsense2_camera_msgs/include/realsense2_camera_msgs/realsense2_camera_msgs/srv/detail/device_info__functions.c
[0.406s] -- Up-to-date: /home/amrl-linux24-04/ros2_ben/install/realsense2_camera_msgs/include/realsense2_camera_msgs/realsense2_camera_msgs/srv/detail/calib_config_write__functions.h
[0.407s] -- Up-to-date: /home/amrl-linux24-04/ros2_ben/install/realsense2_camera_msgs/include/realsense2_camera_msgs/realsense2_camera_msgs/srv/detail/device_info__description.c
[0.407s] -- Up-to-date: /home/amrl-linux24-04/ros2_ben/install/realsense2_camera_msgs/include/realsense2_camera_msgs/realsense2_camera_msgs/srv/detail/device_info__type_support.c
[0.408s] -- Up-to-date: /home/amrl-linux24-04/ros2_ben/install/realsense2_camera_msgs/include/realsense2_camera_msgs/realsense2_camera_msgs/srv/detail/calib_config_read__type_support.c
[0.408s] -- Up-to-date: /home/amrl-linux24-04/ros2_ben/install/realsense2_camera_msgs/include/realsense2_camera_msgs/realsense2_camera_msgs/srv/detail/device_info__struct.h
[0.408s] -- Up-to-date: /home/amrl-linux24-04/ros2_ben/install/realsense2_camera_msgs/include/realsense2_camera_msgs/realsense2_camera_msgs/srv/detail/calib_config_write__struct.h
[0.408s] -- Up-to-date: /home/amrl-linux24-04/ros2_ben/install/realsense2_camera_msgs/include/realsense2_camera_msgs/realsense2_camera_msgs/srv/detail/calib_config_write__description.c
[0.408s] -- Up-to-date: /home/amrl-linux24-04/ros2_ben/install/realsense2_camera_msgs/include/realsense2_camera_msgs/realsense2_camera_msgs/srv/detail/calib_config_read__description.c
[0.408s] -- Up-to-date: /home/amrl-linux24-04/ros2_ben/install/realsense2_camera_msgs/include/realsense2_camera_msgs/realsense2_camera_msgs/srv/detail/calib_config_write__type_support.c
[0.408s] -- Up-to-date: /home/amrl-linux24-04/ros2_ben/install/realsense2_camera_msgs/include/realsense2_camera_msgs/realsense2_camera_msgs/srv/detail/calib_config_read__functions.h
[0.408s] -- Up-to-date: /home/amrl-linux24-04/ros2_ben/install/realsense2_camera_msgs/include/realsense2_camera_msgs/realsense2_camera_msgs/srv/detail/device_info__type_support.h
[0.409s] -- Up-to-date: /home/amrl-linux24-04/ros2_ben/install/realsense2_camera_msgs/include/realsense2_camera_msgs/realsense2_camera_msgs/srv/detail/calib_config_read__type_support.h
[0.409s] -- Up-to-date: /home/amrl-linux24-04/ros2_ben/install/realsense2_camera_msgs/include/realsense2_camera_msgs/realsense2_camera_msgs/srv/detail/calib_config_write__functions.c
[0.409s] -- Up-to-date: /home/amrl-linux24-04/ros2_ben/install/realsense2_camera_msgs/include/realsense2_camera_msgs/realsense2_camera_msgs/srv/calib_config_write.h
[0.409s] -- Up-to-date: /home/amrl-linux24-04/ros2_ben/install/realsense2_camera_msgs/include/realsense2_camera_msgs/realsense2_camera_msgs/srv/calib_config_read.h
[0.409s] -- Up-to-date: /home/amrl-linux24-04/ros2_ben/install/realsense2_camera_msgs/include/realsense2_camera_msgs/realsense2_camera_msgs/srv/device_info.h
[0.409s] -- Up-to-date: /home/amrl-linux24-04/ros2_ben/install/realsense2_camera_msgs/include/realsense2_camera_msgs/realsense2_camera_msgs/msg
[0.409s] -- Up-to-date: /home/amrl-linux24-04/ros2_ben/install/realsense2_camera_msgs/include/realsense2_camera_msgs/realsense2_camera_msgs/msg/detail
[0.409s] -- Up-to-date: /home/amrl-linux24-04/ros2_ben/install/realsense2_camera_msgs/include/realsense2_camera_msgs/realsense2_camera_msgs/msg/detail/extrinsics__type_support.c
[0.409s] -- Up-to-date: /home/amrl-linux24-04/ros2_ben/install/realsense2_camera_msgs/include/realsense2_camera_msgs/realsense2_camera_msgs/msg/detail/imu_info__functions.c
[0.409s] -- Up-to-date: /home/amrl-linux24-04/ros2_ben/install/realsense2_camera_msgs/include/realsense2_camera_msgs/realsense2_camera_msgs/msg/detail/extrinsics__description.c
[0.409s] -- Up-to-date: /home/amrl-linux24-04/ros2_ben/install/realsense2_camera_msgs/include/realsense2_camera_msgs/realsense2_camera_msgs/msg/detail/rgbd__description.c
[0.409s] -- Up-to-date: /home/amrl-linux24-04/ros2_ben/install/realsense2_camera_msgs/include/realsense2_camera_msgs/realsense2_camera_msgs/msg/detail/imu_info__struct.h
[0.409s] -- Up-to-date: /home/amrl-linux24-04/ros2_ben/install/realsense2_camera_msgs/include/realsense2_camera_msgs/realsense2_camera_msgs/msg/detail/extrinsics__type_support.h
[0.409s] -- Up-to-date: /home/amrl-linux24-04/ros2_ben/install/realsense2_camera_msgs/include/realsense2_camera_msgs/realsense2_camera_msgs/msg/detail/rgbd__struct.h
[0.409s] -- Up-to-date: /home/amrl-linux24-04/ros2_ben/install/realsense2_camera_msgs/include/realsense2_camera_msgs/realsense2_camera_msgs/msg/detail/metadata__struct.h
[0.409s] -- Up-to-date: /home/amrl-linux24-04/ros2_ben/install/realsense2_camera_msgs/include/realsense2_camera_msgs/realsense2_camera_msgs/msg/detail/metadata__type_support.c
[0.409s] -- Up-to-date: /home/amrl-linux24-04/ros2_ben/install/realsense2_camera_msgs/include/realsense2_camera_msgs/realsense2_camera_msgs/msg/detail/extrinsics__functions.h
[0.413s] -- Up-to-date: /home/amrl-linux24-04/ros2_ben/install/realsense2_camera_msgs/include/realsense2_camera_msgs/realsense2_camera_msgs/msg/detail/rgbd__type_support.c
[0.413s] -- Up-to-date: /home/amrl-linux24-04/ros2_ben/install/realsense2_camera_msgs/include/realsense2_camera_msgs/realsense2_camera_msgs/msg/detail/rgbd__functions.h
[0.413s] -- Up-to-date: /home/amrl-linux24-04/ros2_ben/install/realsense2_camera_msgs/include/realsense2_camera_msgs/realsense2_camera_msgs/msg/detail/metadata__type_support.h
[0.413s] -- Up-to-date: /home/amrl-linux24-04/ros2_ben/install/realsense2_camera_msgs/include/realsense2_camera_msgs/realsense2_camera_msgs/msg/detail/imu_info__type_support.c
[0.413s] -- Up-to-date: /home/amrl-linux24-04/ros2_ben/install/realsense2_camera_msgs/include/realsense2_camera_msgs/realsense2_camera_msgs/msg/detail/metadata__functions.c
[0.413s] -- Up-to-date: /home/amrl-linux24-04/ros2_ben/install/realsense2_camera_msgs/include/realsense2_camera_msgs/realsense2_camera_msgs/msg/detail/extrinsics__struct.h
[0.413s] -- Up-to-date: /home/amrl-linux24-04/ros2_ben/install/realsense2_camera_msgs/include/realsense2_camera_msgs/realsense2_camera_msgs/msg/detail/extrinsics__functions.c
[0.413s] -- Up-to-date: /home/amrl-linux24-04/ros2_ben/install/realsense2_camera_msgs/include/realsense2_camera_msgs/realsense2_camera_msgs/msg/detail/rgbd__functions.c
[0.413s] -- Up-to-date: /home/amrl-linux24-04/ros2_ben/install/realsense2_camera_msgs/include/realsense2_camera_msgs/realsense2_camera_msgs/msg/detail/imu_info__description.c
[0.413s] -- Up-to-date: /home/amrl-linux24-04/ros2_ben/install/realsense2_camera_msgs/include/realsense2_camera_msgs/realsense2_camera_msgs/msg/detail/metadata__description.c
[0.413s] -- Up-to-date: /home/amrl-linux24-04/ros2_ben/install/realsense2_camera_msgs/include/realsense2_camera_msgs/realsense2_camera_msgs/msg/detail/imu_info__type_support.h
[0.413s] -- Up-to-date: /home/amrl-linux24-04/ros2_ben/install/realsense2_camera_msgs/include/realsense2_camera_msgs/realsense2_camera_msgs/msg/detail/imu_info__functions.h
[0.413s] -- Up-to-date: /home/amrl-linux24-04/ros2_ben/install/realsense2_camera_msgs/include/realsense2_camera_msgs/realsense2_camera_msgs/msg/detail/metadata__functions.h
[0.413s] -- Up-to-date: /home/amrl-linux24-04/ros2_ben/install/realsense2_camera_msgs/include/realsense2_camera_msgs/realsense2_camera_msgs/msg/detail/rgbd__type_support.h
[0.413s] -- Up-to-date: /home/amrl-linux24-04/ros2_ben/install/realsense2_camera_msgs/include/realsense2_camera_msgs/realsense2_camera_msgs/msg/rgbd.h
[0.413s] -- Up-to-date: /home/amrl-linux24-04/ros2_ben/install/realsense2_camera_msgs/include/realsense2_camera_msgs/realsense2_camera_msgs/msg/metadata.h
[0.413s] -- Up-to-date: /home/amrl-linux24-04/ros2_ben/install/realsense2_camera_msgs/include/realsense2_camera_msgs/realsense2_camera_msgs/msg/imu_info.h
[0.413s] -- Up-to-date: /home/amrl-linux24-04/ros2_ben/install/realsense2_camera_msgs/include/realsense2_camera_msgs/realsense2_camera_msgs/msg/rosidl_generator_c__visibility_control.h
[0.413s] -- Up-to-date: /home/amrl-linux24-04/ros2_ben/install/realsense2_camera_msgs/include/realsense2_camera_msgs/realsense2_camera_msgs/msg/extrinsics.h
[0.413s] -- Up-to-date: /home/amrl-linux24-04/ros2_ben/install/realsense2_camera_msgs/share/realsense2_camera_msgs/environment/library_path.sh
[0.413s] -- Up-to-date: /home/amrl-linux24-04/ros2_ben/install/realsense2_camera_msgs/share/realsense2_camera_msgs/environment/library_path.dsv
[0.413s] -- Up-to-date: /home/amrl-linux24-04/ros2_ben/install/realsense2_camera_msgs/lib/librealsense2_camera_msgs__rosidl_generator_c.so
[0.413s] -- Up-to-date: /home/amrl-linux24-04/ros2_ben/install/realsense2_camera_msgs/include/realsense2_camera_msgs/realsense2_camera_msgs
[0.413s] -- Up-to-date: /home/amrl-linux24-04/ros2_ben/install/realsense2_camera_msgs/include/realsense2_camera_msgs/realsense2_camera_msgs/action
[0.413s] -- Up-to-date: /home/amrl-linux24-04/ros2_ben/install/realsense2_camera_msgs/include/realsense2_camera_msgs/realsense2_camera_msgs/action/detail
[0.413s] -- Up-to-date: /home/amrl-linux24-04/ros2_ben/install/realsense2_camera_msgs/include/realsense2_camera_msgs/realsense2_camera_msgs/action/detail/triggered_calibration__rosidl_typesupport_fastrtps_c.h
[0.415s] -- Up-to-date: /home/amrl-linux24-04/ros2_ben/install/realsense2_camera_msgs/include/realsense2_camera_msgs/realsense2_camera_msgs/srv
[0.415s] -- Up-to-date: /home/amrl-linux24-04/ros2_ben/install/realsense2_camera_msgs/include/realsense2_camera_msgs/realsense2_camera_msgs/srv/detail
[0.415s] -- Up-to-date: /home/amrl-linux24-04/ros2_ben/install/realsense2_camera_msgs/include/realsense2_camera_msgs/realsense2_camera_msgs/srv/detail/calib_config_read__rosidl_typesupport_fastrtps_c.h
[0.415s] -- Up-to-date: /home/amrl-linux24-04/ros2_ben/install/realsense2_camera_msgs/include/realsense2_camera_msgs/realsense2_camera_msgs/srv/detail/calib_config_write__rosidl_typesupport_fastrtps_c.h
[0.415s] -- Up-to-date: /home/amrl-linux24-04/ros2_ben/install/realsense2_camera_msgs/include/realsense2_camera_msgs/realsense2_camera_msgs/srv/detail/device_info__rosidl_typesupport_fastrtps_c.h
[0.415s] -- Up-to-date: /home/amrl-linux24-04/ros2_ben/install/realsense2_camera_msgs/include/realsense2_camera_msgs/realsense2_camera_msgs/msg
[0.415s] -- Up-to-date: /home/amrl-linux24-04/ros2_ben/install/realsense2_camera_msgs/include/realsense2_camera_msgs/realsense2_camera_msgs/msg/detail
[0.415s] -- Up-to-date: /home/amrl-linux24-04/ros2_ben/install/realsense2_camera_msgs/include/realsense2_camera_msgs/realsense2_camera_msgs/msg/detail/extrinsics__rosidl_typesupport_fastrtps_c.h
[0.415s] -- Up-to-date: /home/amrl-linux24-04/ros2_ben/install/realsense2_camera_msgs/include/realsense2_camera_msgs/realsense2_camera_msgs/msg/detail/imu_info__rosidl_typesupport_fastrtps_c.h
[0.415s] -- Up-to-date: /home/amrl-linux24-04/ros2_ben/install/realsense2_camera_msgs/include/realsense2_camera_msgs/realsense2_camera_msgs/msg/detail/metadata__rosidl_typesupport_fastrtps_c.h
[0.415s] -- Up-to-date: /home/amrl-linux24-04/ros2_ben/install/realsense2_camera_msgs/include/realsense2_camera_msgs/realsense2_camera_msgs/msg/detail/rgbd__rosidl_typesupport_fastrtps_c.h
[0.415s] -- Up-to-date: /home/amrl-linux24-04/ros2_ben/install/realsense2_camera_msgs/include/realsense2_camera_msgs/realsense2_camera_msgs/msg/rosidl_typesupport_fastrtps_c__visibility_control.h
[0.415s] -- Up-to-date: /home/amrl-linux24-04/ros2_ben/install/realsense2_camera_msgs/lib/librealsense2_camera_msgs__rosidl_typesupport_fastrtps_c.so
[0.415s] -- Up-to-date: /home/amrl-linux24-04/ros2_ben/install/realsense2_camera_msgs/include/realsense2_camera_msgs/realsense2_camera_msgs
[0.415s] -- Up-to-date: /home/amrl-linux24-04/ros2_ben/install/realsense2_camera_msgs/include/realsense2_camera_msgs/realsense2_camera_msgs/action
[0.415s] -- Up-to-date: /home/amrl-linux24-04/ros2_ben/install/realsense2_camera_msgs/include/realsense2_camera_msgs/realsense2_camera_msgs/action/detail
[0.415s] -- Up-to-date: /home/amrl-linux24-04/ros2_ben/install/realsense2_camera_msgs/include/realsense2_camera_msgs/realsense2_camera_msgs/action/detail/triggered_calibration__type_support.c
[0.415s] -- Up-to-date: /home/amrl-linux24-04/ros2_ben/install/realsense2_camera_msgs/include/realsense2_camera_msgs/realsense2_camera_msgs/action/detail/triggered_calibration__rosidl_typesupport_introspection_c.h
[0.415s] -- Up-to-date: /home/amrl-linux24-04/ros2_ben/install/realsense2_camera_msgs/include/realsense2_camera_msgs/realsense2_camera_msgs/srv
[0.415s] -- Up-to-date: /home/amrl-linux24-04/ros2_ben/install/realsense2_camera_msgs/include/realsense2_camera_msgs/realsense2_camera_msgs/srv/detail
[0.415s] -- Up-to-date: /home/amrl-linux24-04/ros2_ben/install/realsense2_camera_msgs/include/realsense2_camera_msgs/realsense2_camera_msgs/srv/detail/device_info__type_support.c
[0.415s] -- Up-to-date: /home/amrl-linux24-04/ros2_ben/install/realsense2_camera_msgs/include/realsense2_camera_msgs/realsense2_camera_msgs/srv/detail/calib_config_read__type_support.c
[0.415s] -- Up-to-date: /home/amrl-linux24-04/ros2_ben/install/realsense2_camera_msgs/include/realsense2_camera_msgs/realsense2_camera_msgs/srv/detail/calib_config_write__rosidl_typesupport_introspection_c.h
[0.415s] -- Up-to-date: /home/amrl-linux24-04/ros2_ben/install/realsense2_camera_msgs/include/realsense2_camera_msgs/realsense2_camera_msgs/srv/detail/device_info__rosidl_typesupport_introspection_c.h
[0.417s] -- Up-to-date: /home/amrl-linux24-04/ros2_ben/install/realsense2_camera_msgs/include/realsense2_camera_msgs/realsense2_camera_msgs/srv/detail/calib_config_write__type_support.c
[0.417s] -- Up-to-date: /home/amrl-linux24-04/ros2_ben/install/realsense2_camera_msgs/include/realsense2_camera_msgs/realsense2_camera_msgs/srv/detail/calib_config_read__rosidl_typesupport_introspection_c.h
[0.417s] -- Up-to-date: /home/amrl-linux24-04/ros2_ben/install/realsense2_camera_msgs/include/realsense2_camera_msgs/realsense2_camera_msgs/msg
[0.417s] -- Up-to-date: /home/amrl-linux24-04/ros2_ben/install/realsense2_camera_msgs/include/realsense2_camera_msgs/realsense2_camera_msgs/msg/detail
[0.417s] -- Up-to-date: /home/amrl-linux24-04/ros2_ben/install/realsense2_camera_msgs/include/realsense2_camera_msgs/realsense2_camera_msgs/msg/detail/extrinsics__type_support.c
[0.417s] -- Up-to-date: /home/amrl-linux24-04/ros2_ben/install/realsense2_camera_msgs/include/realsense2_camera_msgs/realsense2_camera_msgs/msg/detail/metadata__rosidl_typesupport_introspection_c.h
[0.417s] -- Up-to-date: /home/amrl-linux24-04/ros2_ben/install/realsense2_camera_msgs/include/realsense2_camera_msgs/realsense2_camera_msgs/msg/detail/metadata__type_support.c
[0.417s] -- Up-to-date: /home/amrl-linux24-04/ros2_ben/install/realsense2_camera_msgs/include/realsense2_camera_msgs/realsense2_camera_msgs/msg/detail/rgbd__type_support.c
[0.417s] -- Up-to-date: /home/amrl-linux24-04/ros2_ben/install/realsense2_camera_msgs/include/realsense2_camera_msgs/realsense2_camera_msgs/msg/detail/rgbd__rosidl_typesupport_introspection_c.h
[0.417s] -- Up-to-date: /home/amrl-linux24-04/ros2_ben/install/realsense2_camera_msgs/include/realsense2_camera_msgs/realsense2_camera_msgs/msg/detail/extrinsics__rosidl_typesupport_introspection_c.h
[0.417s] -- Up-to-date: /home/amrl-linux24-04/ros2_ben/install/realsense2_camera_msgs/include/realsense2_camera_msgs/realsense2_camera_msgs/msg/detail/imu_info__type_support.c
[0.417s] -- Up-to-date: /home/amrl-linux24-04/ros2_ben/install/realsense2_camera_msgs/include/realsense2_camera_msgs/realsense2_camera_msgs/msg/detail/imu_info__rosidl_typesupport_introspection_c.h
[0.417s] -- Up-to-date: /home/amrl-linux24-04/ros2_ben/install/realsense2_camera_msgs/include/realsense2_camera_msgs/realsense2_camera_msgs/msg/rosidl_typesupport_introspection_c__visibility_control.h
[0.417s] -- Up-to-date: /home/amrl-linux24-04/ros2_ben/install/realsense2_camera_msgs/lib/librealsense2_camera_msgs__rosidl_typesupport_introspection_c.so
[0.417s] -- Up-to-date: /home/amrl-linux24-04/ros2_ben/install/realsense2_camera_msgs/lib/librealsense2_camera_msgs__rosidl_typesupport_c.so
[0.417s] -- Up-to-date: /home/amrl-linux24-04/ros2_ben/install/realsense2_camera_msgs/include/realsense2_camera_msgs/realsense2_camera_msgs
[0.417s] -- Up-to-date: /home/amrl-linux24-04/ros2_ben/install/realsense2_camera_msgs/include/realsense2_camera_msgs/realsense2_camera_msgs/action
[0.417s] -- Up-to-date: /home/amrl-linux24-04/ros2_ben/install/realsense2_camera_msgs/include/realsense2_camera_msgs/realsense2_camera_msgs/action/triggered_calibration.hpp
[0.417s] -- Up-to-date: /home/amrl-linux24-04/ros2_ben/install/realsense2_camera_msgs/include/realsense2_camera_msgs/realsense2_camera_msgs/action/detail
[0.417s] -- Up-to-date: /home/amrl-linux24-04/ros2_ben/install/realsense2_camera_msgs/include/realsense2_camera_msgs/realsense2_camera_msgs/action/detail/triggered_calibration__builder.hpp
[0.417s] -- Up-to-date: /home/amrl-linux24-04/ros2_ben/install/realsense2_camera_msgs/include/realsense2_camera_msgs/realsense2_camera_msgs/action/detail/triggered_calibration__struct.hpp
[0.417s] -- Up-to-date: /home/amrl-linux24-04/ros2_ben/install/realsense2_camera_msgs/include/realsense2_camera_msgs/realsense2_camera_msgs/action/detail/triggered_calibration__traits.hpp
[0.417s] -- Up-to-date: /home/amrl-linux24-04/ros2_ben/install/realsense2_camera_msgs/include/realsense2_camera_msgs/realsense2_camera_msgs/action/detail/triggered_calibration__type_support.hpp
[0.418s] -- Up-to-date: /home/amrl-linux24-04/ros2_ben/install/realsense2_camera_msgs/include/realsense2_camera_msgs/realsense2_camera_msgs/srv
[0.418s] -- Up-to-date: /home/amrl-linux24-04/ros2_ben/install/realsense2_camera_msgs/include/realsense2_camera_msgs/realsense2_camera_msgs/srv/detail
[0.419s] -- Up-to-date: /home/amrl-linux24-04/ros2_ben/install/realsense2_camera_msgs/include/realsense2_camera_msgs/realsense2_camera_msgs/srv/detail/device_info__struct.hpp
[0.419s] -- Up-to-date: /home/amrl-linux24-04/ros2_ben/install/realsense2_camera_msgs/include/realsense2_camera_msgs/realsense2_camera_msgs/srv/detail/calib_config_read__type_support.hpp
[0.419s] -- Up-to-date: /home/amrl-linux24-04/ros2_ben/install/realsense2_camera_msgs/include/realsense2_camera_msgs/realsense2_camera_msgs/srv/detail/calib_config_write__struct.hpp
[0.420s] -- Up-to-date: /home/amrl-linux24-04/ros2_ben/install/realsense2_camera_msgs/include/realsense2_camera_msgs/realsense2_camera_msgs/srv/detail/device_info__type_support.hpp
[0.420s] -- Up-to-date: /home/amrl-linux24-04/ros2_ben/install/realsense2_camera_msgs/include/realsense2_camera_msgs/realsense2_camera_msgs/srv/detail/device_info__builder.hpp
[0.420s] -- Up-to-date: /home/amrl-linux24-04/ros2_ben/install/realsense2_camera_msgs/include/realsense2_camera_msgs/realsense2_camera_msgs/srv/detail/calib_config_write__builder.hpp
[0.420s] -- Up-to-date: /home/amrl-linux24-04/ros2_ben/install/realsense2_camera_msgs/include/realsense2_camera_msgs/realsense2_camera_msgs/srv/detail/calib_config_write__type_support.hpp
[0.420s] -- Up-to-date: /home/amrl-linux24-04/ros2_ben/install/realsense2_camera_msgs/include/realsense2_camera_msgs/realsense2_camera_msgs/srv/detail/calib_config_read__builder.hpp
[0.420s] -- Up-to-date: /home/amrl-linux24-04/ros2_ben/install/realsense2_camera_msgs/include/realsense2_camera_msgs/realsense2_camera_msgs/srv/detail/device_info__traits.hpp
[0.420s] -- Up-to-date: /home/amrl-linux24-04/ros2_ben/install/realsense2_camera_msgs/include/realsense2_camera_msgs/realsense2_camera_msgs/srv/detail/calib_config_read__traits.hpp
[0.420s] -- Up-to-date: /home/amrl-linux24-04/ros2_ben/install/realsense2_camera_msgs/include/realsense2_camera_msgs/realsense2_camera_msgs/srv/detail/calib_config_write__traits.hpp
[0.420s] -- Up-to-date: /home/amrl-linux24-04/ros2_ben/install/realsense2_camera_msgs/include/realsense2_camera_msgs/realsense2_camera_msgs/srv/detail/calib_config_read__struct.hpp
[0.420s] -- Up-to-date: /home/amrl-linux24-04/ros2_ben/install/realsense2_camera_msgs/include/realsense2_camera_msgs/realsense2_camera_msgs/srv/calib_config_read.hpp
[0.420s] -- Up-to-date: /home/amrl-linux24-04/ros2_ben/install/realsense2_camera_msgs/include/realsense2_camera_msgs/realsense2_camera_msgs/srv/calib_config_write.hpp
[0.420s] -- Up-to-date: /home/amrl-linux24-04/ros2_ben/install/realsense2_camera_msgs/include/realsense2_camera_msgs/realsense2_camera_msgs/srv/device_info.hpp
[0.420s] -- Up-to-date: /home/amrl-linux24-04/ros2_ben/install/realsense2_camera_msgs/include/realsense2_camera_msgs/realsense2_camera_msgs/msg
[0.420s] -- Up-to-date: /home/amrl-linux24-04/ros2_ben/install/realsense2_camera_msgs/include/realsense2_camera_msgs/realsense2_camera_msgs/msg/metadata.hpp
[0.420s] -- Up-to-date: /home/amrl-linux24-04/ros2_ben/install/realsense2_camera_msgs/include/realsense2_camera_msgs/realsense2_camera_msgs/msg/detail
[0.420s] -- Up-to-date: /home/amrl-linux24-04/ros2_ben/install/realsense2_camera_msgs/include/realsense2_camera_msgs/realsense2_camera_msgs/msg/detail/metadata__type_support.hpp
[0.420s] -- Up-to-date: /home/amrl-linux24-04/ros2_ben/install/realsense2_camera_msgs/include/realsense2_camera_msgs/realsense2_camera_msgs/msg/detail/imu_info__builder.hpp
[0.420s] -- Up-to-date: /home/amrl-linux24-04/ros2_ben/install/realsense2_camera_msgs/include/realsense2_camera_msgs/realsense2_camera_msgs/msg/detail/rgbd__struct.hpp
[0.420s] -- Up-to-date: /home/amrl-linux24-04/ros2_ben/install/realsense2_camera_msgs/include/realsense2_camera_msgs/realsense2_camera_msgs/msg/detail/imu_info__traits.hpp
[0.420s] -- Up-to-date: /home/amrl-linux24-04/ros2_ben/install/realsense2_camera_msgs/include/realsense2_camera_msgs/realsense2_camera_msgs/msg/detail/imu_info__struct.hpp
[0.420s] -- Up-to-date: /home/amrl-linux24-04/ros2_ben/install/realsense2_camera_msgs/include/realsense2_camera_msgs/realsense2_camera_msgs/msg/detail/extrinsics__struct.hpp
[0.420s] -- Up-to-date: /home/amrl-linux24-04/ros2_ben/install/realsense2_camera_msgs/include/realsense2_camera_msgs/realsense2_camera_msgs/msg/detail/imu_info__type_support.hpp
[0.422s] -- Up-to-date: /home/amrl-linux24-04/ros2_ben/install/realsense2_camera_msgs/include/realsense2_camera_msgs/realsense2_camera_msgs/msg/detail/extrinsics__type_support.hpp
[0.422s] -- Up-to-date: /home/amrl-linux24-04/ros2_ben/install/realsense2_camera_msgs/include/realsense2_camera_msgs/realsense2_camera_msgs/msg/detail/extrinsics__traits.hpp
[0.422s] -- Up-to-date: /home/amrl-linux24-04/ros2_ben/install/realsense2_camera_msgs/include/realsense2_camera_msgs/realsense2_camera_msgs/msg/detail/metadata__builder.hpp
[0.422s] -- Up-to-date: /home/amrl-linux24-04/ros2_ben/install/realsense2_camera_msgs/include/realsense2_camera_msgs/realsense2_camera_msgs/msg/detail/metadata__traits.hpp
[0.422s] -- Up-to-date: /home/amrl-linux24-04/ros2_ben/install/realsense2_camera_msgs/include/realsense2_camera_msgs/realsense2_camera_msgs/msg/detail/metadata__struct.hpp
[0.422s] -- Up-to-date: /home/amrl-linux24-04/ros2_ben/install/realsense2_camera_msgs/include/realsense2_camera_msgs/realsense2_camera_msgs/msg/detail/rgbd__traits.hpp
[0.422s] -- Up-to-date: /home/amrl-linux24-04/ros2_ben/install/realsense2_camera_msgs/include/realsense2_camera_msgs/realsense2_camera_msgs/msg/detail/extrinsics__builder.hpp
[0.422s] -- Up-to-date: /home/amrl-linux24-04/ros2_ben/install/realsense2_camera_msgs/include/realsense2_camera_msgs/realsense2_camera_msgs/msg/detail/rgbd__type_support.hpp
[0.422s] -- Up-to-date: /home/amrl-linux24-04/ros2_ben/install/realsense2_camera_msgs/include/realsense2_camera_msgs/realsense2_camera_msgs/msg/detail/rgbd__builder.hpp
[0.422s] -- Up-to-date: /home/amrl-linux24-04/ros2_ben/install/realsense2_camera_msgs/include/realsense2_camera_msgs/realsense2_camera_msgs/msg/imu_info.hpp
[0.422s] -- Up-to-date: /home/amrl-linux24-04/ros2_ben/install/realsense2_camera_msgs/include/realsense2_camera_msgs/realsense2_camera_msgs/msg/rgbd.hpp
[0.422s] -- Up-to-date: /home/amrl-linux24-04/ros2_ben/install/realsense2_camera_msgs/include/realsense2_camera_msgs/realsense2_camera_msgs/msg/rosidl_generator_cpp__visibility_control.hpp
[0.422s] -- Up-to-date: /home/amrl-linux24-04/ros2_ben/install/realsense2_camera_msgs/include/realsense2_camera_msgs/realsense2_camera_msgs/msg/extrinsics.hpp
[0.422s] -- Up-to-date: /home/amrl-linux24-04/ros2_ben/install/realsense2_camera_msgs/include/realsense2_camera_msgs/realsense2_camera_msgs
[0.422s] -- Up-to-date: /home/amrl-linux24-04/ros2_ben/install/realsense2_camera_msgs/include/realsense2_camera_msgs/realsense2_camera_msgs/action
[0.422s] -- Up-to-date: /home/amrl-linux24-04/ros2_ben/install/realsense2_camera_msgs/include/realsense2_camera_msgs/realsense2_camera_msgs/action/detail
[0.422s] -- Up-to-date: /home/amrl-linux24-04/ros2_ben/install/realsense2_camera_msgs/include/realsense2_camera_msgs/realsense2_camera_msgs/action/detail/dds_fastrtps
[0.422s] -- Up-to-date: /home/amrl-linux24-04/ros2_ben/install/realsense2_camera_msgs/include/realsense2_camera_msgs/realsense2_camera_msgs/action/detail/triggered_calibration__rosidl_typesupport_fastrtps_cpp.hpp
[0.422s] -- Up-to-date: /home/amrl-linux24-04/ros2_ben/install/realsense2_camera_msgs/include/realsense2_camera_msgs/realsense2_camera_msgs/srv
[0.422s] -- Up-to-date: /home/amrl-linux24-04/ros2_ben/install/realsense2_camera_msgs/include/realsense2_camera_msgs/realsense2_camera_msgs/srv/detail
[0.422s] -- Up-to-date: /home/amrl-linux24-04/ros2_ben/install/realsense2_camera_msgs/include/realsense2_camera_msgs/realsense2_camera_msgs/srv/detail/dds_fastrtps
[0.422s] -- Up-to-date: /home/amrl-linux24-04/ros2_ben/install/realsense2_camera_msgs/include/realsense2_camera_msgs/realsense2_camera_msgs/srv/detail/calib_config_write__rosidl_typesupport_fastrtps_cpp.hpp
[0.423s] -- Up-to-date: /home/amrl-linux24-04/ros2_ben/install/realsense2_camera_msgs/include/realsense2_camera_msgs/realsense2_camera_msgs/srv/detail/calib_config_read__rosidl_typesupport_fastrtps_cpp.hpp
[0.423s] -- Up-to-date: /home/amrl-linux24-04/ros2_ben/install/realsense2_camera_msgs/include/realsense2_camera_msgs/realsense2_camera_msgs/srv/detail/device_info__rosidl_typesupport_fastrtps_cpp.hpp
[0.423s] -- Up-to-date: /home/amrl-linux24-04/ros2_ben/install/realsense2_camera_msgs/include/realsense2_camera_msgs/realsense2_camera_msgs/msg
[0.423s] -- Up-to-date: /home/amrl-linux24-04/ros2_ben/install/realsense2_camera_msgs/include/realsense2_camera_msgs/realsense2_camera_msgs/msg/detail
[0.423s] -- Up-to-date: /home/amrl-linux24-04/ros2_ben/install/realsense2_camera_msgs/include/realsense2_camera_msgs/realsense2_camera_msgs/msg/detail/dds_fastrtps
[0.423s] -- Up-to-date: /home/amrl-linux24-04/ros2_ben/install/realsense2_camera_msgs/include/realsense2_camera_msgs/realsense2_camera_msgs/msg/detail/metadata__rosidl_typesupport_fastrtps_cpp.hpp
[0.423s] -- Up-to-date: /home/amrl-linux24-04/ros2_ben/install/realsense2_camera_msgs/include/realsense2_camera_msgs/realsense2_camera_msgs/msg/detail/rgbd__rosidl_typesupport_fastrtps_cpp.hpp
[0.423s] -- Up-to-date: /home/amrl-linux24-04/ros2_ben/install/realsense2_camera_msgs/include/realsense2_camera_msgs/realsense2_camera_msgs/msg/detail/imu_info__rosidl_typesupport_fastrtps_cpp.hpp
[0.423s] -- Up-to-date: /home/amrl-linux24-04/ros2_ben/install/realsense2_camera_msgs/include/realsense2_camera_msgs/realsense2_camera_msgs/msg/detail/extrinsics__rosidl_typesupport_fastrtps_cpp.hpp
[0.423s] -- Up-to-date: /home/amrl-linux24-04/ros2_ben/install/realsense2_camera_msgs/include/realsense2_camera_msgs/realsense2_camera_msgs/msg/rosidl_typesupport_fastrtps_cpp__visibility_control.h
[0.423s] -- Up-to-date: /home/amrl-linux24-04/ros2_ben/install/realsense2_camera_msgs/lib/librealsense2_camera_msgs__rosidl_typesupport_fastrtps_cpp.so
[0.423s] -- Up-to-date: /home/amrl-linux24-04/ros2_ben/install/realsense2_camera_msgs/include/realsense2_camera_msgs/realsense2_camera_msgs
[0.423s] -- Up-to-date: /home/amrl-linux24-04/ros2_ben/install/realsense2_camera_msgs/include/realsense2_camera_msgs/realsense2_camera_msgs/action
[0.423s] -- Up-to-date: /home/amrl-linux24-04/ros2_ben/install/realsense2_camera_msgs/include/realsense2_camera_msgs/realsense2_camera_msgs/action/detail
[0.423s] -- Up-to-date: /home/amrl-linux24-04/ros2_ben/install/realsense2_camera_msgs/include/realsense2_camera_msgs/realsense2_camera_msgs/action/detail/triggered_calibration__rosidl_typesupport_introspection_cpp.hpp
[0.423s] -- Up-to-date: /home/amrl-linux24-04/ros2_ben/install/realsense2_camera_msgs/include/realsense2_camera_msgs/realsense2_camera_msgs/action/detail/triggered_calibration__type_support.cpp
[0.423s] -- Up-to-date: /home/amrl-linux24-04/ros2_ben/install/realsense2_camera_msgs/include/realsense2_camera_msgs/realsense2_camera_msgs/srv
[0.423s] -- Up-to-date: /home/amrl-linux24-04/ros2_ben/install/realsense2_camera_msgs/include/realsense2_camera_msgs/realsense2_camera_msgs/srv/detail
[0.423s] -- Up-to-date: /home/amrl-linux24-04/ros2_ben/install/realsense2_camera_msgs/include/realsense2_camera_msgs/realsense2_camera_msgs/srv/detail/calib_config_write__rosidl_typesupport_introspection_cpp.hpp
[0.423s] -- Up-to-date: /home/amrl-linux24-04/ros2_ben/install/realsense2_camera_msgs/include/realsense2_camera_msgs/realsense2_camera_msgs/srv/detail/device_info__type_support.cpp
[0.423s] -- Up-to-date: /home/amrl-linux24-04/ros2_ben/install/realsense2_camera_msgs/include/realsense2_camera_msgs/realsense2_camera_msgs/srv/detail/device_info__rosidl_typesupport_introspection_cpp.hpp
[0.423s] -- Up-to-date: /home/amrl-linux24-04/ros2_ben/install/realsense2_camera_msgs/include/realsense2_camera_msgs/realsense2_camera_msgs/srv/detail/calib_config_write__type_support.cpp
[0.423s] -- Up-to-date: /home/amrl-linux24-04/ros2_ben/install/realsense2_camera_msgs/include/realsense2_camera_msgs/realsense2_camera_msgs/srv/detail/calib_config_read__rosidl_typesupport_introspection_cpp.hpp
[0.423s] -- Up-to-date: /home/amrl-linux24-04/ros2_ben/install/realsense2_camera_msgs/include/realsense2_camera_msgs/realsense2_camera_msgs/srv/detail/calib_config_read__type_support.cpp
[0.423s] -- Up-to-date: /home/amrl-linux24-04/ros2_ben/install/realsense2_camera_msgs/include/realsense2_camera_msgs/realsense2_camera_msgs/msg
[0.423s] -- Up-to-date: /home/amrl-linux24-04/ros2_ben/install/realsense2_camera_msgs/include/realsense2_camera_msgs/realsense2_camera_msgs/msg/detail
[0.423s] -- Up-to-date: /home/amrl-linux24-04/ros2_ben/install/realsense2_camera_msgs/include/realsense2_camera_msgs/realsense2_camera_msgs/msg/detail/imu_info__type_support.cpp
[0.424s] -- Up-to-date: /home/amrl-linux24-04/ros2_ben/install/realsense2_camera_msgs/include/realsense2_camera_msgs/realsense2_camera_msgs/msg/detail/metadata__rosidl_typesupport_introspection_cpp.hpp
[0.424s] -- Up-to-date: /home/amrl-linux24-04/ros2_ben/install/realsense2_camera_msgs/include/realsense2_camera_msgs/realsense2_camera_msgs/msg/detail/imu_info__rosidl_typesupport_introspection_cpp.hpp
[0.424s] -- Up-to-date: /home/amrl-linux24-04/ros2_ben/install/realsense2_camera_msgs/include/realsense2_camera_msgs/realsense2_camera_msgs/msg/detail/extrinsics__rosidl_typesupport_introspection_cpp.hpp
[0.424s] -- Up-to-date: /home/amrl-linux24-04/ros2_ben/install/realsense2_camera_msgs/include/realsense2_camera_msgs/realsense2_camera_msgs/msg/detail/rgbd__rosidl_typesupport_introspection_cpp.hpp
[0.424s] -- Up-to-date: /home/amrl-linux24-04/ros2_ben/install/realsense2_camera_msgs/include/realsense2_camera_msgs/realsense2_camera_msgs/msg/detail/metadata__type_support.cpp
[0.424s] -- Up-to-date: /home/amrl-linux24-04/ros2_ben/install/realsense2_camera_msgs/include/realsense2_camera_msgs/realsense2_camera_msgs/msg/detail/extrinsics__type_support.cpp
[0.424s] -- Up-to-date: /home/amrl-linux24-04/ros2_ben/install/realsense2_camera_msgs/include/realsense2_camera_msgs/realsense2_camera_msgs/msg/detail/rgbd__type_support.cpp
[0.424s] -- Up-to-date: /home/amrl-linux24-04/ros2_ben/install/realsense2_camera_msgs/lib/librealsense2_camera_msgs__rosidl_typesupport_introspection_cpp.so
[0.424s] -- Up-to-date: /home/amrl-linux24-04/ros2_ben/install/realsense2_camera_msgs/lib/librealsense2_camera_msgs__rosidl_typesupport_cpp.so
[0.424s] -- Up-to-date: /home/amrl-linux24-04/ros2_ben/install/realsense2_camera_msgs/share/realsense2_camera_msgs/environment/pythonpath.sh
[0.424s] -- Up-to-date: /home/amrl-linux24-04/ros2_ben/install/realsense2_camera_msgs/share/realsense2_camera_msgs/environment/pythonpath.dsv
[0.424s] -- Up-to-date: /home/amrl-linux24-04/ros2_ben/install/realsense2_camera_msgs/lib/python3.12/site-packages/realsense2_camera_msgs-4.56.4-py3.12.egg-info
[0.424s] -- Installing: /home/amrl-linux24-04/ros2_ben/install/realsense2_camera_msgs/lib/python3.12/site-packages/realsense2_camera_msgs-4.56.4-py3.12.egg-info/top_level.txt
[0.424s] -- Installing: /home/amrl-linux24-04/ros2_ben/install/realsense2_camera_msgs/lib/python3.12/site-packages/realsense2_camera_msgs-4.56.4-py3.12.egg-info/dependency_links.txt
[0.424s] -- Installing: /home/amrl-linux24-04/ros2_ben/install/realsense2_camera_msgs/lib/python3.12/site-packages/realsense2_camera_msgs-4.56.4-py3.12.egg-info/PKG-INFO
[0.424s] -- Installing: /home/amrl-linux24-04/ros2_ben/install/realsense2_camera_msgs/lib/python3.12/site-packages/realsense2_camera_msgs-4.56.4-py3.12.egg-info/SOURCES.txt
[0.424s] -- Up-to-date: /home/amrl-linux24-04/ros2_ben/install/realsense2_camera_msgs/lib/python3.12/site-packages/realsense2_camera_msgs
[0.424s] -- Up-to-date: /home/amrl-linux24-04/ros2_ben/install/realsense2_camera_msgs/lib/python3.12/site-packages/realsense2_camera_msgs/_realsense2_camera_msgs_s.ep.rosidl_typesupport_introspection_c.c
[0.424s] -- Up-to-date: /home/amrl-linux24-04/ros2_ben/install/realsense2_camera_msgs/lib/python3.12/site-packages/realsense2_camera_msgs/action
[0.424s] -- Up-to-date: /home/amrl-linux24-04/ros2_ben/install/realsense2_camera_msgs/lib/python3.12/site-packages/realsense2_camera_msgs/action/__init__.py
[0.424s] -- Up-to-date: /home/amrl-linux24-04/ros2_ben/install/realsense2_camera_msgs/lib/python3.12/site-packages/realsense2_camera_msgs/action/_triggered_calibration_s.c
[0.424s] -- Up-to-date: /home/amrl-linux24-04/ros2_ben/install/realsense2_camera_msgs/lib/python3.12/site-packages/realsense2_camera_msgs/action/_triggered_calibration.py
[0.424s] -- Up-to-date: /home/amrl-linux24-04/ros2_ben/install/realsense2_camera_msgs/lib/python3.12/site-packages/realsense2_camera_msgs/_realsense2_camera_msgs_s.ep.rosidl_typesupport_c.c
[0.424s] -- Up-to-date: /home/amrl-linux24-04/ros2_ben/install/realsense2_camera_msgs/lib/python3.12/site-packages/realsense2_camera_msgs/srv
[0.424s] -- Up-to-date: /home/amrl-linux24-04/ros2_ben/install/realsense2_camera_msgs/lib/python3.12/site-packages/realsense2_camera_msgs/srv/_device_info.py
[0.424s] -- Up-to-date: /home/amrl-linux24-04/ros2_ben/install/realsense2_camera_msgs/lib/python3.12/site-packages/realsense2_camera_msgs/srv/_calib_config_read_s.c
[0.424s] -- Up-to-date: /home/amrl-linux24-04/ros2_ben/install/realsense2_camera_msgs/lib/python3.12/site-packages/realsense2_camera_msgs/srv/__init__.py
[0.425s] -- Up-to-date: /home/amrl-linux24-04/ros2_ben/install/realsense2_camera_msgs/lib/python3.12/site-packages/realsense2_camera_msgs/srv/_calib_config_read.py
[0.425s] -- Up-to-date: /home/amrl-linux24-04/ros2_ben/install/realsense2_camera_msgs/lib/python3.12/site-packages/realsense2_camera_msgs/srv/_device_info_s.c
[0.425s] -- Up-to-date: /home/amrl-linux24-04/ros2_ben/install/realsense2_camera_msgs/lib/python3.12/site-packages/realsense2_camera_msgs/srv/_calib_config_write.py
[0.425s] -- Up-to-date: /home/amrl-linux24-04/ros2_ben/install/realsense2_camera_msgs/lib/python3.12/site-packages/realsense2_camera_msgs/srv/_calib_config_write_s.c
[0.425s] -- Up-to-date: /home/amrl-linux24-04/ros2_ben/install/realsense2_camera_msgs/lib/python3.12/site-packages/realsense2_camera_msgs/__init__.py
[0.425s] -- Up-to-date: /home/amrl-linux24-04/ros2_ben/install/realsense2_camera_msgs/lib/python3.12/site-packages/realsense2_camera_msgs/_realsense2_camera_msgs_s.ep.rosidl_typesupport_fastrtps_c.c
[0.425s] -- Up-to-date: /home/amrl-linux24-04/ros2_ben/install/realsense2_camera_msgs/lib/python3.12/site-packages/realsense2_camera_msgs/realsense2_camera_msgs_s__rosidl_typesupport_c.so
[0.425s] -- Up-to-date: /home/amrl-linux24-04/ros2_ben/install/realsense2_camera_msgs/lib/python3.12/site-packages/realsense2_camera_msgs/msg
[0.425s] -- Up-to-date: /home/amrl-linux24-04/ros2_ben/install/realsense2_camera_msgs/lib/python3.12/site-packages/realsense2_camera_msgs/msg/_metadata.py
[0.425s] -- Up-to-date: /home/amrl-linux24-04/ros2_ben/install/realsense2_camera_msgs/lib/python3.12/site-packages/realsense2_camera_msgs/msg/_extrinsics_s.c
[0.425s] -- Up-to-date: /home/amrl-linux24-04/ros2_ben/install/realsense2_camera_msgs/lib/python3.12/site-packages/realsense2_camera_msgs/msg/_extrinsics.py
[0.425s] -- Up-to-date: /home/amrl-linux24-04/ros2_ben/install/realsense2_camera_msgs/lib/python3.12/site-packages/realsense2_camera_msgs/msg/__init__.py
[0.425s] -- Up-to-date: /home/amrl-linux24-04/ros2_ben/install/realsense2_camera_msgs/lib/python3.12/site-packages/realsense2_camera_msgs/msg/_imu_info.py
[0.425s] -- Up-to-date: /home/amrl-linux24-04/ros2_ben/install/realsense2_camera_msgs/lib/python3.12/site-packages/realsense2_camera_msgs/msg/_rgbd.py
[0.425s] -- Up-to-date: /home/amrl-linux24-04/ros2_ben/install/realsense2_camera_msgs/lib/python3.12/site-packages/realsense2_camera_msgs/msg/_imu_info_s.c
[0.425s] -- Up-to-date: /home/amrl-linux24-04/ros2_ben/install/realsense2_camera_msgs/lib/python3.12/site-packages/realsense2_camera_msgs/msg/_rgbd_s.c
[0.425s] -- Up-to-date: /home/amrl-linux24-04/ros2_ben/install/realsense2_camera_msgs/lib/python3.12/site-packages/realsense2_camera_msgs/msg/_metadata_s.c
[0.425s] -- Up-to-date: /home/amrl-linux24-04/ros2_ben/install/realsense2_camera_msgs/lib/python3.12/site-packages/realsense2_camera_msgs/realsense2_camera_msgs_s__rosidl_typesupport_introspection_c.so
[0.425s] -- Up-to-date: /home/amrl-linux24-04/ros2_ben/install/realsense2_camera_msgs/lib/python3.12/site-packages/realsense2_camera_msgs/realsense2_camera_msgs_s__rosidl_typesupport_fastrtps_c.so
[0.432s] Listing '/home/amrl-linux24-04/ros2_ben/install/realsense2_camera_msgs/lib/python3.12/site-packages/realsense2_camera_msgs'...
[0.432s] Listing '/home/amrl-linux24-04/ros2_ben/install/realsense2_camera_msgs/lib/python3.12/site-packages/realsense2_camera_msgs/action'...
[0.432s] Listing '/home/amrl-linux24-04/ros2_ben/install/realsense2_camera_msgs/lib/python3.12/site-packages/realsense2_camera_msgs/msg'...
[0.432s] Listing '/home/amrl-linux24-04/ros2_ben/install/realsense2_camera_msgs/lib/python3.12/site-packages/realsense2_camera_msgs/srv'...
[0.435s] -- Up-to-date: /home/amrl-linux24-04/ros2_ben/install/realsense2_camera_msgs/lib/python3.12/site-packages/realsense2_camera_msgs/realsense2_camera_msgs_s__rosidl_typesupport_fastrtps_c.so
[0.435s] -- Up-to-date: /home/amrl-linux24-04/ros2_ben/install/realsense2_camera_msgs/lib/python3.12/site-packages/realsense2_camera_msgs/realsense2_camera_msgs_s__rosidl_typesupport_introspection_c.so
[0.436s] -- Up-to-date: /home/amrl-linux24-04/ros2_ben/install/realsense2_camera_msgs/lib/python3.12/site-packages/realsense2_camera_msgs/realsense2_camera_msgs_s__rosidl_typesupport_c.so
[0.436s] -- Up-to-date: /home/amrl-linux24-04/ros2_ben/install/realsense2_camera_msgs/lib/librealsense2_camera_msgs__rosidl_generator_py.so
[0.436s] -- Up-to-date: /home/amrl-linux24-04/ros2_ben/install/realsense2_camera_msgs/share/realsense2_camera_msgs/msg/IMUInfo.idl
[0.437s] -- Up-to-date: /home/amrl-linux24-04/ros2_ben/install/realsense2_camera_msgs/share/realsense2_camera_msgs/msg/Extrinsics.idl
[0.438s] -- Up-to-date: /home/amrl-linux24-04/ros2_ben/install/realsense2_camera_msgs/share/realsense2_camera_msgs/msg/Metadata.idl
[0.438s] -- Up-to-date: /home/amrl-linux24-04/ros2_ben/install/realsense2_camera_msgs/share/realsense2_camera_msgs/msg/RGBD.idl
[0.438s] -- Up-to-date: /home/amrl-linux24-04/ros2_ben/install/realsense2_camera_msgs/share/realsense2_camera_msgs/srv/DeviceInfo.idl
[0.438s] -- Up-to-date: /home/amrl-linux24-04/ros2_ben/install/realsense2_camera_msgs/share/realsense2_camera_msgs/srv/CalibConfigRead.idl
[0.438s] -- Up-to-date: /home/amrl-linux24-04/ros2_ben/install/realsense2_camera_msgs/share/realsense2_camera_msgs/srv/CalibConfigWrite.idl
[0.438s] -- Up-to-date: /home/amrl-linux24-04/ros2_ben/install/realsense2_camera_msgs/share/realsense2_camera_msgs/action/TriggeredCalibration.idl
[0.438s] -- Up-to-date: /home/amrl-linux24-04/ros2_ben/install/realsense2_camera_msgs/share/realsense2_camera_msgs/msg/IMUInfo.msg
[0.438s] -- Up-to-date: /home/amrl-linux24-04/ros2_ben/install/realsense2_camera_msgs/share/realsense2_camera_msgs/msg/Extrinsics.msg
[0.438s] -- Up-to-date: /home/amrl-linux24-04/ros2_ben/install/realsense2_camera_msgs/share/realsense2_camera_msgs/msg/Metadata.msg
[0.438s] -- Up-to-date: /home/amrl-linux24-04/ros2_ben/install/realsense2_camera_msgs/share/realsense2_camera_msgs/msg/RGBD.msg
[0.438s] -- Up-to-date: /home/amrl-linux24-04/ros2_ben/install/realsense2_camera_msgs/share/realsense2_camera_msgs/srv/DeviceInfo.srv
[0.438s] -- Up-to-date: /home/amrl-linux24-04/ros2_ben/install/realsense2_camera_msgs/share/realsense2_camera_msgs/srv/CalibConfigRead.srv
[0.438s] -- Up-to-date: /home/amrl-linux24-04/ros2_ben/install/realsense2_camera_msgs/share/realsense2_camera_msgs/srv/CalibConfigWrite.srv
[0.438s] -- Up-to-date: /home/amrl-linux24-04/ros2_ben/install/realsense2_camera_msgs/share/realsense2_camera_msgs/action/TriggeredCalibration.action
[0.438s] -- Up-to-date: /home/amrl-linux24-04/ros2_ben/install/realsense2_camera_msgs/share/ament_index/resource_index/package_run_dependencies/realsense2_camera_msgs
[0.438s] -- Up-to-date: /home/amrl-linux24-04/ros2_ben/install/realsense2_camera_msgs/share/ament_index/resource_index/parent_prefix_path/realsense2_camera_msgs
[0.438s] -- Up-to-date: /home/amrl-linux24-04/ros2_ben/install/realsense2_camera_msgs/share/realsense2_camera_msgs/environment/ament_prefix_path.sh
[0.438s] -- Up-to-date: /home/amrl-linux24-04/ros2_ben/install/realsense2_camera_msgs/share/realsense2_camera_msgs/environment/ament_prefix_path.dsv
[0.439s] -- Up-to-date: /home/amrl-linux24-04/ros2_ben/install/realsense2_camera_msgs/share/realsense2_camera_msgs/environment/path.sh
[0.439s] -- Up-to-date: /home/amrl-linux24-04/ros2_ben/install/realsense2_camera_msgs/share/realsense2_camera_msgs/environment/path.dsv
[0.439s] -- Up-to-date: /home/amrl-linux24-04/ros2_ben/install/realsense2_camera_msgs/share/realsense2_camera_msgs/local_setup.bash
[0.440s] -- Up-to-date: /home/amrl-linux24-04/ros2_ben/install/realsense2_camera_msgs/share/realsense2_camera_msgs/local_setup.sh
[0.440s] -- Up-to-date: /home/amrl-linux24-04/ros2_ben/install/realsense2_camera_msgs/share/realsense2_camera_msgs/local_setup.zsh
[0.440s] -- Up-to-date: /home/amrl-linux24-04/ros2_ben/install/realsense2_camera_msgs/share/realsense2_camera_msgs/local_setup.dsv
[0.440s] -- Installing: /home/amrl-linux24-04/ros2_ben/install/realsense2_camera_msgs/share/realsense2_camera_msgs/package.dsv
[0.440s] -- Up-to-date: /home/amrl-linux24-04/ros2_ben/install/realsense2_camera_msgs/share/ament_index/resource_index/packages/realsense2_camera_msgs
[0.440s] -- Up-to-date: /home/amrl-linux24-04/ros2_ben/install/realsense2_camera_msgs/share/realsense2_camera_msgs/cmake/export_realsense2_camera_msgs__rosidl_generator_cExport.cmake
[0.440s] -- Up-to-date: /home/amrl-linux24-04/ros2_ben/install/realsense2_camera_msgs/share/realsense2_camera_msgs/cmake/export_realsense2_camera_msgs__rosidl_generator_cExport-noconfig.cmake
[0.440s] -- Up-to-date: /home/amrl-linux24-04/ros2_ben/install/realsense2_camera_msgs/share/realsense2_camera_msgs/cmake/export_realsense2_camera_msgs__rosidl_typesupport_fastrtps_cExport.cmake
[0.440s] -- Up-to-date: /home/amrl-linux24-04/ros2_ben/install/realsense2_camera_msgs/share/realsense2_camera_msgs/cmake/export_realsense2_camera_msgs__rosidl_typesupport_fastrtps_cExport-noconfig.cmake
[0.440s] -- Up-to-date: /home/amrl-linux24-04/ros2_ben/install/realsense2_camera_msgs/share/realsense2_camera_msgs/cmake/realsense2_camera_msgs__rosidl_typesupport_introspection_cExport.cmake
[0.441s] -- Up-to-date: /home/amrl-linux24-04/ros2_ben/install/realsense2_camera_msgs/share/realsense2_camera_msgs/cmake/realsense2_camera_msgs__rosidl_typesupport_introspection_cExport-noconfig.cmake
[0.441s] -- Up-to-date: /home/amrl-linux24-04/ros2_ben/install/realsense2_camera_msgs/share/realsense2_camera_msgs/cmake/realsense2_camera_msgs__rosidl_typesupport_cExport.cmake
[0.441s] -- Up-to-date: /home/amrl-linux24-04/ros2_ben/install/realsense2_camera_msgs/share/realsense2_camera_msgs/cmake/realsense2_camera_msgs__rosidl_typesupport_cExport-noconfig.cmake
[0.441s] -- Up-to-date: /home/amrl-linux24-04/ros2_ben/install/realsense2_camera_msgs/share/realsense2_camera_msgs/cmake/export_realsense2_camera_msgs__rosidl_generator_cppExport.cmake
[0.441s] -- Up-to-date: /home/amrl-linux24-04/ros2_ben/install/realsense2_camera_msgs/share/realsense2_camera_msgs/cmake/export_realsense2_camera_msgs__rosidl_typesupport_fastrtps_cppExport.cmake
[0.441s] -- Up-to-date: /home/amrl-linux24-04/ros2_ben/install/realsense2_camera_msgs/share/realsense2_camera_msgs/cmake/export_realsense2_camera_msgs__rosidl_typesupport_fastrtps_cppExport-noconfig.cmake
[0.441s] -- Up-to-date: /home/amrl-linux24-04/ros2_ben/install/realsense2_camera_msgs/share/realsense2_camera_msgs/cmake/realsense2_camera_msgs__rosidl_typesupport_introspection_cppExport.cmake
[0.441s] -- Up-to-date: /home/amrl-linux24-04/ros2_ben/install/realsense2_camera_msgs/share/realsense2_camera_msgs/cmake/realsense2_camera_msgs__rosidl_typesupport_introspection_cppExport-noconfig.cmake
[0.441s] -- Up-to-date: /home/amrl-linux24-04/ros2_ben/install/realsense2_camera_msgs/share/realsense2_camera_msgs/cmake/realsense2_camera_msgs__rosidl_typesupport_cppExport.cmake
[0.441s] -- Up-to-date: /home/amrl-linux24-04/ros2_ben/install/realsense2_camera_msgs/share/realsense2_camera_msgs/cmake/realsense2_camera_msgs__rosidl_typesupport_cppExport-noconfig.cmake
[0.441s] -- Up-to-date: /home/amrl-linux24-04/ros2_ben/install/realsense2_camera_msgs/share/realsense2_camera_msgs/cmake/export_realsense2_camera_msgs__rosidl_generator_pyExport.cmake
[0.441s] -- Up-to-date: /home/amrl-linux24-04/ros2_ben/install/realsense2_camera_msgs/share/realsense2_camera_msgs/cmake/export_realsense2_camera_msgs__rosidl_generator_pyExport-noconfig.cmake
[0.441s] -- Up-to-date: /home/amrl-linux24-04/ros2_ben/install/realsense2_camera_msgs/share/realsense2_camera_msgs/cmake/rosidl_cmake-extras.cmake
[0.441s] -- Up-to-date: /home/amrl-linux24-04/ros2_ben/install/realsense2_camera_msgs/share/realsense2_camera_msgs/cmake/ament_cmake_export_dependencies-extras.cmake
[0.441s] -- Up-to-date: /home/amrl-linux24-04/ros2_ben/install/realsense2_camera_msgs/share/realsense2_camera_msgs/cmake/ament_cmake_export_include_directories-extras.cmake
[0.441s] -- Up-to-date: /home/amrl-linux24-04/ros2_ben/install/realsense2_camera_msgs/share/realsense2_camera_msgs/cmake/ament_cmake_export_libraries-extras.cmake
[0.441s] -- Up-to-date: /home/amrl-linux24-04/ros2_ben/install/realsense2_camera_msgs/share/realsense2_camera_msgs/cmake/ament_cmake_export_targets-extras.cmake
[0.441s] -- Up-to-date: /home/amrl-linux24-04/ros2_ben/install/realsense2_camera_msgs/share/realsense2_camera_msgs/cmake/rosidl_cmake_export_typesupport_targets-extras.cmake
[0.441s] -- Up-to-date: /home/amrl-linux24-04/ros2_ben/install/realsense2_camera_msgs/share/realsense2_camera_msgs/cmake/rosidl_cmake_export_typesupport_libraries-extras.cmake
[0.441s] -- Up-to-date: /home/amrl-linux24-04/ros2_ben/install/realsense2_camera_msgs/share/realsense2_camera_msgs/cmake/realsense2_camera_msgsConfig.cmake
[0.441s] -- Up-to-date: /home/amrl-linux24-04/ros2_ben/install/realsense2_camera_msgs/share/realsense2_camera_msgs/cmake/realsense2_camera_msgsConfig-version.cmake
[0.441s] -- Up-to-date: /home/amrl-linux24-04/ros2_ben/install/realsense2_camera_msgs/share/realsense2_camera_msgs/package.xml
[0.469s] Invoked command in '/home/amrl-linux24-04/ros2_ben/build/realsense2_camera_msgs' returned '0': CMAKE_PREFIX_PATH=${CMAKE_PREFIX_PATH}:/home/amrl-linux24-04/ros2_ben/install/yolo_ros:/home/amrl-linux24-04/ros2_ben/install/igusgus_launch:/opt/ros/jazzy DEBUGINFOD_URLS=https://debuginfod.ubuntu.com /usr/bin/cmake --install /home/amrl-linux24-04/ros2_ben/build/realsense2_camera_msgs
