[0.007s] Invoking command in '/home/amrl-linux24-04/ros2_ben/build/igus_rebel_description': CMAKE_PREFIX_PATH=${CMAKE_PREFIX_PATH}:/opt/ros/jazzy DEBUGINFOD_URLS=https://debuginfod.ubuntu.com /usr/bin/cmake /home/amrl-linux24-04/ros2_ben/src/igus_rebel_ros2/igus_rebel_description -DCMAKE_INSTALL_PREFIX=/home/amrl-linux24-04/ros2_ben/install/igus_rebel_description
[0.066s] -- The C compiler identification is GNU 13.3.0
[0.113s] -- The CXX compiler identification is GNU 13.3.0
[0.129s] -- Detecting C compiler ABI info
[0.201s] -- Detecting C compiler ABI info - done
[0.206s] -- Check for working C compiler: /usr/bin/cc - skipped
[0.207s] -- Detecting C compile features
[0.207s] -- Detecting C compile features - done
[0.214s] -- Detecting CXX compiler ABI info
[0.297s] -- Detecting CXX compiler ABI info - done
[0.306s] -- Check for working CXX compiler: /usr/bin/c++ - skipped
[0.306s] -- Detecting CXX compile features
[0.306s] -- Detecting CXX compile features - done
[0.309s] -- Found ament_cmake: 2.5.4 (/opt/ros/jazzy/share/ament_cmake/cmake)
[0.404s] -- Found Python3: /usr/bin/python3 (found version "3.12.3") found components: Interpreter 
[0.478s] -- Found ament_lint_auto: 0.17.3 (/opt/ros/jazzy/share/ament_lint_auto/cmake)
[0.549s] -- Added test 'lint_cmake' to check CMake code style
[0.550s] -- Added test 'xmllint' to check XML markup files
[0.551s] -- Configuring done (0.5s)
[0.552s] -- Generating done (0.0s)
[0.553s] -- Build files have been written to: /home/amrl-linux24-04/ros2_ben/build/igus_rebel_description
[0.558s] Invoked command in '/home/amrl-linux24-04/ros2_ben/build/igus_rebel_description' returned '0': CMAKE_PREFIX_PATH=${CMAKE_PREFIX_PATH}:/opt/ros/jazzy DEBUGINFOD_URLS=https://debuginfod.ubuntu.com /usr/bin/cmake /home/amrl-linux24-04/ros2_ben/src/igus_rebel_ros2/igus_rebel_description -DCMAKE_INSTALL_PREFIX=/home/amrl-linux24-04/ros2_ben/install/igus_rebel_description
[0.559s] Invoking command in '/home/amrl-linux24-04/ros2_ben/build/igus_rebel_description': CMAKE_PREFIX_PATH=${CMAKE_PREFIX_PATH}:/opt/ros/jazzy DEBUGINFOD_URLS=https://debuginfod.ubuntu.com /usr/bin/cmake --build /home/amrl-linux24-04/ros2_ben/build/igus_rebel_description -- -j22 -l22
[0.590s] Invoked command in '/home/amrl-linux24-04/ros2_ben/build/igus_rebel_description' returned '0': CMAKE_PREFIX_PATH=${CMAKE_PREFIX_PATH}:/opt/ros/jazzy DEBUGINFOD_URLS=https://debuginfod.ubuntu.com /usr/bin/cmake --build /home/amrl-linux24-04/ros2_ben/build/igus_rebel_description -- -j22 -l22
[0.597s] Invoking command in '/home/amrl-linux24-04/ros2_ben/build/igus_rebel_description': CMAKE_PREFIX_PATH=${CMAKE_PREFIX_PATH}:/opt/ros/jazzy DEBUGINFOD_URLS=https://debuginfod.ubuntu.com /usr/bin/cmake --install /home/amrl-linux24-04/ros2_ben/build/igus_rebel_description
[0.602s] -- Install configuration: ""
[0.602s] -- Installing: /home/amrl-linux24-04/ros2_ben/install/igus_rebel_description/share/igus_rebel_description/meshes
[0.603s] -- Installing: /home/amrl-linux24-04/ros2_ben/install/igus_rebel_description/share/igus_rebel_description/meshes/robolink_rebel
[0.603s] -- Installing: /home/amrl-linux24-04/ros2_ben/install/igus_rebel_description/share/igus_rebel_description/meshes/robolink_rebel/Robolink_RebeL_005.dae
[0.605s] -- Installing: /home/amrl-linux24-04/ros2_ben/install/igus_rebel_description/share/igus_rebel_description/meshes/robolink_rebel/Diffuse Map.002.png
[0.605s] -- Installing: /home/amrl-linux24-04/ros2_ben/install/igus_rebel_description/share/igus_rebel_description/meshes/robolink_rebel/Robolink_RebeL_002_0.stl
[0.605s] -- Installing: /home/amrl-linux24-04/ros2_ben/install/igus_rebel_description/share/igus_rebel_description/meshes/robolink_rebel/Diffuse Map.005.png
[0.605s] -- Installing: /home/amrl-linux24-04/ros2_ben/install/igus_rebel_description/share/igus_rebel_description/meshes/robolink_rebel/Diffuse Map.001.png
[0.605s] -- Installing: /home/amrl-linux24-04/ros2_ben/install/igus_rebel_description/share/igus_rebel_description/meshes/robolink_rebel/Robolink_RebeL_002.stl
[0.606s] -- Installing: /home/amrl-linux24-04/ros2_ben/install/igus_rebel_description/share/igus_rebel_description/meshes/robolink_rebel/Robolink_RebeL_003.stl
[0.607s] -- Installing: /home/amrl-linux24-04/ros2_ben/install/igus_rebel_description/share/igus_rebel_description/meshes/robolink_rebel/Robolink_RebeL_002_1.dae
[0.607s] -- Installing: /home/amrl-linux24-04/ros2_ben/install/igus_rebel_description/share/igus_rebel_description/meshes/robolink_rebel/Robolink_RebeL_002_0.dae
[0.608s] -- Installing: /home/amrl-linux24-04/ros2_ben/install/igus_rebel_description/share/igus_rebel_description/meshes/robolink_rebel/Robolink_RebeL_006.dae
[0.609s] -- Installing: /home/amrl-linux24-04/ros2_ben/install/igus_rebel_description/share/igus_rebel_description/meshes/robolink_rebel/Robolink_RebeL_005.stl
[0.609s] -- Installing: /home/amrl-linux24-04/ros2_ben/install/igus_rebel_description/share/igus_rebel_description/meshes/robolink_rebel/Robolink_RebeL_004.dae
[0.612s] -- Installing: /home/amrl-linux24-04/ros2_ben/install/igus_rebel_description/share/igus_rebel_description/meshes/robolink_rebel/Diffuse Map.png
[0.612s] -- Installing: /home/amrl-linux24-04/ros2_ben/install/igus_rebel_description/share/igus_rebel_description/meshes/robolink_rebel/Robolink_RebeL_000.stl
[0.613s] -- Installing: /home/amrl-linux24-04/ros2_ben/install/igus_rebel_description/share/igus_rebel_description/meshes/robolink_rebel/Robolink_RebeL_001.stl
[0.613s] -- Installing: /home/amrl-linux24-04/ros2_ben/install/igus_rebel_description/share/igus_rebel_description/meshes/robolink_rebel/Diffuse Map.004.png
[0.613s] -- Installing: /home/amrl-linux24-04/ros2_ben/install/igus_rebel_description/share/igus_rebel_description/meshes/robolink_rebel/Diffuse Map.006.png
[0.613s] -- Installing: /home/amrl-linux24-04/ros2_ben/install/igus_rebel_description/share/igus_rebel_description/meshes/robolink_rebel/Robolink_RebeL_001.dae
[0.614s] -- Installing: /home/amrl-linux24-04/ros2_ben/install/igus_rebel_description/share/igus_rebel_description/meshes/robolink_rebel/Robolink_RebeL_004.stl
[0.615s] -- Installing: /home/amrl-linux24-04/ros2_ben/install/igus_rebel_description/share/igus_rebel_description/meshes/robolink_rebel/Robolink_RebeL_002_1.stl
[0.615s] -- Installing: /home/amrl-linux24-04/ros2_ben/install/igus_rebel_description/share/igus_rebel_description/meshes/robolink_rebel/Robolink_RebeL_002_2.dae
[0.617s] -- Installing: /home/amrl-linux24-04/ros2_ben/install/igus_rebel_description/share/igus_rebel_description/meshes/robolink_rebel/Robolink_RebeL_000.dae
[0.617s] -- Installing: /home/amrl-linux24-04/ros2_ben/install/igus_rebel_description/share/igus_rebel_description/meshes/robolink_rebel/Diffuse Map.003.png
[0.617s] -- Installing: /home/amrl-linux24-04/ros2_ben/install/igus_rebel_description/share/igus_rebel_description/meshes/robolink_rebel/Robolink_RebeL_003.dae
[0.621s] -- Installing: /home/amrl-linux24-04/ros2_ben/install/igus_rebel_description/share/igus_rebel_description/meshes/robolink_rebel/Robolink_RebeL_006.stl
[0.621s] -- Installing: /home/amrl-linux24-04/ros2_ben/install/igus_rebel_description/share/igus_rebel_description/meshes/robolink_rebel/Robolink_RebeL_002_2.stl
[0.622s] -- Installing: /home/amrl-linux24-04/ros2_ben/install/igus_rebel_description/share/igus_rebel_description/meshes/robolink_rebel2
[0.622s] -- Installing: /home/amrl-linux24-04/ros2_ben/install/igus_rebel_description/share/igus_rebel_description/meshes/robolink_rebel2/simplified_motor3.stl
[0.622s] -- Installing: /home/amrl-linux24-04/ros2_ben/install/igus_rebel_description/share/igus_rebel_description/meshes/robolink_rebel2/simplified_motor2.stl
[0.622s] -- Installing: /home/amrl-linux24-04/ros2_ben/install/igus_rebel_description/share/igus_rebel_description/meshes/robolink_rebel2/motor2.stl
[0.627s] -- Installing: /home/amrl-linux24-04/ros2_ben/install/igus_rebel_description/share/igus_rebel_description/meshes/robolink_rebel2/simplified_link3.stl
[0.627s] -- Installing: /home/amrl-linux24-04/ros2_ben/install/igus_rebel_description/share/igus_rebel_description/meshes/robolink_rebel2/link4.stl
[0.630s] -- Installing: /home/amrl-linux24-04/ros2_ben/install/igus_rebel_description/share/igus_rebel_description/meshes/robolink_rebel2/simplified_link2.stl
[0.632s] -- Installing: /home/amrl-linux24-04/ros2_ben/install/igus_rebel_description/share/igus_rebel_description/meshes/robolink_rebel2/simplified_motor1.stl
[0.632s] -- Installing: /home/amrl-linux24-04/ros2_ben/install/igus_rebel_description/share/igus_rebel_description/meshes/robolink_rebel2/simplified_motor4.stl
[0.633s] -- Installing: /home/amrl-linux24-04/ros2_ben/install/igus_rebel_description/share/igus_rebel_description/meshes/robolink_rebel2/simplified_link1.stl
[0.633s] -- Installing: /home/amrl-linux24-04/ros2_ben/install/igus_rebel_description/share/igus_rebel_description/meshes/robolink_rebel2/motor1.stl
[0.637s] -- Installing: /home/amrl-linux24-04/ros2_ben/install/igus_rebel_description/share/igus_rebel_description/meshes/robolink_rebel2/simplified_link4.stl
[0.637s] -- Installing: /home/amrl-linux24-04/ros2_ben/install/igus_rebel_description/share/igus_rebel_description/meshes/robolink_rebel2/link6.stl
[0.638s] -- Installing: /home/amrl-linux24-04/ros2_ben/install/igus_rebel_description/share/igus_rebel_description/meshes/robolink_rebel2/motor3.stl
[0.642s] -- Installing: /home/amrl-linux24-04/ros2_ben/install/igus_rebel_description/share/igus_rebel_description/meshes/robolink_rebel2/link3.stl
[0.646s] -- Installing: /home/amrl-linux24-04/ros2_ben/install/igus_rebel_description/share/igus_rebel_description/meshes/robolink_rebel2/motor5.stl
[0.646s] -- Installing: /home/amrl-linux24-04/ros2_ben/install/igus_rebel_description/share/igus_rebel_description/meshes/robolink_rebel2/link1.stl
[0.649s] -- Installing: /home/amrl-linux24-04/ros2_ben/install/igus_rebel_description/share/igus_rebel_description/meshes/robolink_rebel2/link5.stl
[0.653s] -- Installing: /home/amrl-linux24-04/ros2_ben/install/igus_rebel_description/share/igus_rebel_description/meshes/robolink_rebel2/simplified_link6.stl
[0.653s] -- Installing: /home/amrl-linux24-04/ros2_ben/install/igus_rebel_description/share/igus_rebel_description/meshes/robolink_rebel2/simplified_motor5.stl
[0.653s] -- Installing: /home/amrl-linux24-04/ros2_ben/install/igus_rebel_description/share/igus_rebel_description/meshes/robolink_rebel2/simplified_base_link.stl
[0.653s] -- Installing: /home/amrl-linux24-04/ros2_ben/install/igus_rebel_description/share/igus_rebel_description/meshes/robolink_rebel2/link2.stl
[0.664s] -- Installing: /home/amrl-linux24-04/ros2_ben/install/igus_rebel_description/share/igus_rebel_description/meshes/robolink_rebel2/motor4.stl
[0.668s] -- Installing: /home/amrl-linux24-04/ros2_ben/install/igus_rebel_description/share/igus_rebel_description/meshes/robolink_rebel2/simplified_link5.stl
[0.668s] -- Installing: /home/amrl-linux24-04/ros2_ben/install/igus_rebel_description/share/igus_rebel_description/meshes/robolink_rebel2/base_link.stl
[0.672s] -- Installing: /home/amrl-linux24-04/ros2_ben/install/igus_rebel_description/share/igus_rebel_description/urdf
[0.672s] -- Installing: /home/amrl-linux24-04/ros2_ben/install/igus_rebel_description/share/igus_rebel_description/urdf/igus_rebel.urdf
[0.672s] -- Installing: /home/amrl-linux24-04/ros2_ben/install/igus_rebel_description/share/igus_rebel_description/urdf/igus_rebel.control.xacro
[0.672s] -- Installing: /home/amrl-linux24-04/ros2_ben/install/igus_rebel_description/share/igus_rebel_description/urdf/igus_rebel2.urdf
[0.672s] -- Installing: /home/amrl-linux24-04/ros2_ben/install/igus_rebel_description/share/igus_rebel_description/urdf/igus_rebel2.control.xacro
[0.672s] -- Installing: /home/amrl-linux24-04/ros2_ben/install/igus_rebel_description/share/igus_rebel_description/urdf/igus_rebel_robot.urdf.xacro
[0.672s] -- Installing: /home/amrl-linux24-04/ros2_ben/install/igus_rebel_description/share/igus_rebel_description/urdf/igus_rebel_robot2.urdf.xacro
[0.672s] -- Installing: /home/amrl-linux24-04/ros2_ben/install/igus_rebel_description/share/ament_index/resource_index/package_run_dependencies/igus_rebel_description
[0.672s] -- Installing: /home/amrl-linux24-04/ros2_ben/install/igus_rebel_description/share/ament_index/resource_index/parent_prefix_path/igus_rebel_description
[0.673s] -- Installing: /home/amrl-linux24-04/ros2_ben/install/igus_rebel_description/share/igus_rebel_description/environment/ament_prefix_path.sh
[0.673s] -- Installing: /home/amrl-linux24-04/ros2_ben/install/igus_rebel_description/share/igus_rebel_description/environment/ament_prefix_path.dsv
[0.673s] -- Installing: /home/amrl-linux24-04/ros2_ben/install/igus_rebel_description/share/igus_rebel_description/environment/path.sh
[0.673s] -- Installing: /home/amrl-linux24-04/ros2_ben/install/igus_rebel_description/share/igus_rebel_description/environment/path.dsv
[0.673s] -- Installing: /home/amrl-linux24-04/ros2_ben/install/igus_rebel_description/share/igus_rebel_description/local_setup.bash
[0.673s] -- Installing: /home/amrl-linux24-04/ros2_ben/install/igus_rebel_description/share/igus_rebel_description/local_setup.sh
[0.673s] -- Installing: /home/amrl-linux24-04/ros2_ben/install/igus_rebel_description/share/igus_rebel_description/local_setup.zsh
[0.673s] -- Installing: /home/amrl-linux24-04/ros2_ben/install/igus_rebel_description/share/igus_rebel_description/local_setup.dsv
[0.673s] -- Installing: /home/amrl-linux24-04/ros2_ben/install/igus_rebel_description/share/igus_rebel_description/package.dsv
[0.673s] -- Installing: /home/amrl-linux24-04/ros2_ben/install/igus_rebel_description/share/ament_index/resource_index/packages/igus_rebel_description
[0.673s] -- Installing: /home/amrl-linux24-04/ros2_ben/install/igus_rebel_description/share/igus_rebel_description/cmake/igus_rebel_descriptionConfig.cmake
[0.673s] -- Installing: /home/amrl-linux24-04/ros2_ben/install/igus_rebel_description/share/igus_rebel_description/cmake/igus_rebel_descriptionConfig-version.cmake
[0.673s] -- Installing: /home/amrl-linux24-04/ros2_ben/install/igus_rebel_description/share/igus_rebel_description/package.xml
[0.674s] Invoked command in '/home/amrl-linux24-04/ros2_ben/build/igus_rebel_description' returned '0': CMAKE_PREFIX_PATH=${CMAKE_PREFIX_PATH}:/opt/ros/jazzy DEBUGINFOD_URLS=https://debuginfod.ubuntu.com /usr/bin/cmake --install /home/amrl-linux24-04/ros2_ben/build/igus_rebel_description
