[0.008s] Invoking command in '/home/amrl-linux24-04/ros2_ben/build/igus_rebel': AMENT_PREFIX_PATH=/home/amrl-linux24-04/ros2_ben/install/igus_rebel_msgs:${AMENT_PREFIX_PATH} CMAKE_PREFIX_PATH=/home/amrl-linux24-04/ros2_ben/install/igus_rebel_msgs:/opt/ros/jazzy/opt/gz_math_vendor:/opt/ros/jazzy/opt/gz_utils_vendor:/opt/ros/jazzy/opt/gz_cmake_vendor:/opt/ros/jazzy DEBUGINFOD_URLS=https://debuginfod.ubuntu.com LD_LIBRARY_PATH=/home/amrl-linux24-04/ros2_ben/install/igus_rebel_msgs/lib:${LD_LIBRARY_PATH} PYTHONPATH=/home/amrl-linux24-04/ros2_ben/install/igus_rebel_msgs/lib/python3.12/site-packages:${PYTHONPATH} /usr/bin/cmake /home/amrl-linux24-04/ros2_ben/src/igus_rebel_ros2/igus_rebel -DCMAKE_INSTALL_PREFIX=/home/amrl-linux24-04/ros2_ben/install/igus_rebel
[0.053s] -- The C compiler identification is GNU 13.3.0
[0.090s] -- The CXX compiler identification is GNU 13.3.0
[0.104s] -- Detecting C compiler ABI info
[0.177s] -- Detecting C compiler ABI info - done
[0.183s] -- Check for working C compiler: /usr/bin/cc - skipped
[0.183s] -- Detecting C compile features
[0.184s] -- Detecting C compile features - done
[0.191s] -- Detecting CXX compiler ABI info
[0.268s] -- Detecting CXX compiler ABI info - done
[0.277s] -- Check for working CXX compiler: /usr/bin/c++ - skipped
[0.278s] -- Detecting CXX compile features
[0.278s] -- Detecting CXX compile features - done
[0.280s] -- Found ament_cmake: 2.5.4 (/opt/ros/jazzy/share/ament_cmake/cmake)
[0.371s] -- Found Python3: /usr/bin/python3 (found version "3.12.3") found components: Interpreter 
[0.433s] -- Found rclcpp: 28.1.11 (/opt/ros/jazzy/share/rclcpp/cmake)
[0.454s] -- Found rosidl_generator_c: 4.6.6 (/opt/ros/jazzy/share/rosidl_generator_c/cmake)
[0.462s] -- Found rosidl_generator_cpp: 4.6.6 (/opt/ros/jazzy/share/rosidl_generator_cpp/cmake)
[0.470s] -- Using all available rosidl_typesupport_c: rosidl_typesupport_fastrtps_c;rosidl_typesupport_introspection_c
[0.480s] -- Using all available rosidl_typesupport_cpp: rosidl_typesupport_fastrtps_cpp;rosidl_typesupport_introspection_cpp
[0.523s] -- Found rmw_implementation_cmake: 7.3.2 (/opt/ros/jazzy/share/rmw_implementation_cmake/cmake)
[0.525s] -- Found rmw_fastrtps_cpp: 8.4.3 (/opt/ros/jazzy/share/rmw_fastrtps_cpp/cmake)
[0.590s] -- Found OpenSSL: /usr/lib/x86_64-linux-gnu/libcrypto.so (found version "3.0.13")  
[0.607s] -- Found FastRTPS: /opt/ros/jazzy/include (Required is at least version "2.13") 
[0.625s] -- Using RMW implementation 'rmw_fastrtps_cpp' as default
[0.667s] -- Found rclpy: 7.1.5 (/opt/ros/jazzy/share/rclpy/cmake)
[0.668s] -- Found std_msgs: 5.3.6 (/opt/ros/jazzy/share/std_msgs/cmake)
[0.677s] -- Found sensor_msgs: 5.3.6 (/opt/ros/jazzy/share/sensor_msgs/cmake)
[0.701s] -- Found igus_rebel_msgs: 0.0.0 (/home/amrl-linux24-04/ros2_ben/install/igus_rebel_msgs/share/igus_rebel_msgs/cmake)
[0.710s] -- Found hardware_interface: 4.35.0 (/opt/ros/jazzy/share/hardware_interface/cmake)
[0.921s] -- Found ament_lint_auto: 0.17.3 (/opt/ros/jazzy/share/ament_lint_auto/cmake)
[0.986s] -- Added test 'cppcheck' to perform static code analysis on C / C++ code
[0.986s] -- Configured cppcheck include dirs: /home/amrl-linux24-04/ros2_ben/src/igus_rebel_ros2/igus_rebel/include
[0.986s] -- Configured cppcheck exclude dirs and/or files: 
[0.987s] -- Added test 'flake8' to check Python code syntax and style conventions
[0.987s] -- Configured 'flake8' exclude dirs and/or files: 
[0.987s] -- Added test 'lint_cmake' to check CMake code style
[0.987s] -- Added test 'pep257' to check Python code against some of the docstring style conventions in PEP 257
[0.988s] -- Added test 'uncrustify' to check C / C++ code style
[0.988s] -- Configured uncrustify additional arguments: 
[0.988s] -- Added test 'xmllint' to check XML markup files
[0.989s] -- Configuring done (1.0s)
[1.000s] -- Generating done (0.0s)
[1.003s] -- Build files have been written to: /home/amrl-linux24-04/ros2_ben/build/igus_rebel
[1.012s] Invoked command in '/home/amrl-linux24-04/ros2_ben/build/igus_rebel' returned '0': AMENT_PREFIX_PATH=/home/amrl-linux24-04/ros2_ben/install/igus_rebel_msgs:${AMENT_PREFIX_PATH} CMAKE_PREFIX_PATH=/home/amrl-linux24-04/ros2_ben/install/igus_rebel_msgs:/opt/ros/jazzy/opt/gz_math_vendor:/opt/ros/jazzy/opt/gz_utils_vendor:/opt/ros/jazzy/opt/gz_cmake_vendor:/opt/ros/jazzy DEBUGINFOD_URLS=https://debuginfod.ubuntu.com LD_LIBRARY_PATH=/home/amrl-linux24-04/ros2_ben/install/igus_rebel_msgs/lib:${LD_LIBRARY_PATH} PYTHONPATH=/home/amrl-linux24-04/ros2_ben/install/igus_rebel_msgs/lib/python3.12/site-packages:${PYTHONPATH} /usr/bin/cmake /home/amrl-linux24-04/ros2_ben/src/igus_rebel_ros2/igus_rebel -DCMAKE_INSTALL_PREFIX=/home/amrl-linux24-04/ros2_ben/install/igus_rebel
[1.014s] Invoking command in '/home/amrl-linux24-04/ros2_ben/build/igus_rebel': AMENT_PREFIX_PATH=/home/amrl-linux24-04/ros2_ben/install/igus_rebel_msgs:${AMENT_PREFIX_PATH} CMAKE_PREFIX_PATH=/home/amrl-linux24-04/ros2_ben/install/igus_rebel_msgs:/opt/ros/jazzy/opt/gz_math_vendor:/opt/ros/jazzy/opt/gz_utils_vendor:/opt/ros/jazzy/opt/gz_cmake_vendor:/opt/ros/jazzy DEBUGINFOD_URLS=https://debuginfod.ubuntu.com LD_LIBRARY_PATH=/home/amrl-linux24-04/ros2_ben/install/igus_rebel_msgs/lib:${LD_LIBRARY_PATH} PYTHONPATH=/home/amrl-linux24-04/ros2_ben/install/igus_rebel_msgs/lib/python3.12/site-packages:${PYTHONPATH} /usr/bin/cmake --build /home/amrl-linux24-04/ros2_ben/build/igus_rebel -- -j22 -l22
[1.059s] [ 25%] [32mBuilding CXX object CMakeFiles/igus_rebel.dir/src/Rebel.cpp.o[0m
[1.061s] [ 50%] [32mBuilding CXX object CMakeFiles/igus_rebel.dir/src/RebelSocket.cpp.o[0m
[1.062s] [ 75%] [32mBuilding CXX object CMakeFiles/igus_rebel.dir/src/CriMessages.cpp.o[0m
[4.817s] [100%] [32m[1mLinking CXX shared library libigus_rebel.so[0m
[5.031s] [100%] Built target igus_rebel
[5.041s] Invoked command in '/home/amrl-linux24-04/ros2_ben/build/igus_rebel' returned '0': AMENT_PREFIX_PATH=/home/amrl-linux24-04/ros2_ben/install/igus_rebel_msgs:${AMENT_PREFIX_PATH} CMAKE_PREFIX_PATH=/home/amrl-linux24-04/ros2_ben/install/igus_rebel_msgs:/opt/ros/jazzy/opt/gz_math_vendor:/opt/ros/jazzy/opt/gz_utils_vendor:/opt/ros/jazzy/opt/gz_cmake_vendor:/opt/ros/jazzy DEBUGINFOD_URLS=https://debuginfod.ubuntu.com LD_LIBRARY_PATH=/home/amrl-linux24-04/ros2_ben/install/igus_rebel_msgs/lib:${LD_LIBRARY_PATH} PYTHONPATH=/home/amrl-linux24-04/ros2_ben/install/igus_rebel_msgs/lib/python3.12/site-packages:${PYTHONPATH} /usr/bin/cmake --build /home/amrl-linux24-04/ros2_ben/build/igus_rebel -- -j22 -l22
[5.042s] Invoking command in '/home/amrl-linux24-04/ros2_ben/build/igus_rebel': AMENT_PREFIX_PATH=/home/amrl-linux24-04/ros2_ben/install/igus_rebel_msgs:${AMENT_PREFIX_PATH} CMAKE_PREFIX_PATH=/home/amrl-linux24-04/ros2_ben/install/igus_rebel_msgs:/opt/ros/jazzy/opt/gz_math_vendor:/opt/ros/jazzy/opt/gz_utils_vendor:/opt/ros/jazzy/opt/gz_cmake_vendor:/opt/ros/jazzy DEBUGINFOD_URLS=https://debuginfod.ubuntu.com LD_LIBRARY_PATH=/home/amrl-linux24-04/ros2_ben/install/igus_rebel_msgs/lib:${LD_LIBRARY_PATH} PYTHONPATH=/home/amrl-linux24-04/ros2_ben/install/igus_rebel_msgs/lib/python3.12/site-packages:${PYTHONPATH} /usr/bin/cmake --install /home/amrl-linux24-04/ros2_ben/build/igus_rebel
[5.048s] -- Install configuration: ""
[5.048s] -- Installing: /home/amrl-linux24-04/ros2_ben/install/igus_rebel/share/igus_rebel/rebel.xml
[5.048s] -- Installing: /home/amrl-linux24-04/ros2_ben/install/igus_rebel/lib/libigus_rebel.so
[5.050s] -- Set non-toolchain portion of runtime path of "/home/amrl-linux24-04/ros2_ben/install/igus_rebel/lib/libigus_rebel.so" to ""
[5.050s] -- Up-to-date: /home/amrl-linux24-04/ros2_ben/install/igus_rebel/share/igus_rebel/rebel.xml
[5.050s] -- Installing: /home/amrl-linux24-04/ros2_ben/install/igus_rebel/share/igus_rebel//config
[5.050s] -- Installing: /home/amrl-linux24-04/ros2_ben/install/igus_rebel/share/igus_rebel//config/controller.yaml
[5.050s] -- Installing: /home/amrl-linux24-04/ros2_ben/install/igus_rebel/share/igus_rebel//launch
[5.050s] -- Installing: /home/amrl-linux24-04/ros2_ben/install/igus_rebel/share/igus_rebel//launch/rebel.launch.py
[5.050s] -- Installing: /home/amrl-linux24-04/ros2_ben/install/igus_rebel/share/ament_index/resource_index/package_run_dependencies/igus_rebel
[5.051s] -- Installing: /home/amrl-linux24-04/ros2_ben/install/igus_rebel/share/ament_index/resource_index/parent_prefix_path/igus_rebel
[5.051s] -- Installing: /home/amrl-linux24-04/ros2_ben/install/igus_rebel/share/igus_rebel/environment/ament_prefix_path.sh
[5.051s] -- Installing: /home/amrl-linux24-04/ros2_ben/install/igus_rebel/share/igus_rebel/environment/ament_prefix_path.dsv
[5.051s] -- Installing: /home/amrl-linux24-04/ros2_ben/install/igus_rebel/share/igus_rebel/environment/path.sh
[5.051s] -- Installing: /home/amrl-linux24-04/ros2_ben/install/igus_rebel/share/igus_rebel/environment/path.dsv
[5.051s] -- Installing: /home/amrl-linux24-04/ros2_ben/install/igus_rebel/share/igus_rebel/local_setup.bash
[5.052s] -- Installing: /home/amrl-linux24-04/ros2_ben/install/igus_rebel/share/igus_rebel/local_setup.sh
[5.052s] -- Installing: /home/amrl-linux24-04/ros2_ben/install/igus_rebel/share/igus_rebel/local_setup.zsh
[5.052s] -- Installing: /home/amrl-linux24-04/ros2_ben/install/igus_rebel/share/igus_rebel/local_setup.dsv
[5.052s] -- Installing: /home/amrl-linux24-04/ros2_ben/install/igus_rebel/share/igus_rebel/package.dsv
[5.052s] -- Installing: /home/amrl-linux24-04/ros2_ben/install/igus_rebel/share/ament_index/resource_index/packages/igus_rebel
[5.052s] -- Installing: /home/amrl-linux24-04/ros2_ben/install/igus_rebel/share/ament_index/resource_index/hardware_interface__pluginlib__plugin/igus_rebel
[5.052s] -- Installing: /home/amrl-linux24-04/ros2_ben/install/igus_rebel/share/igus_rebel/cmake/igus_rebelConfig.cmake
[5.052s] -- Installing: /home/amrl-linux24-04/ros2_ben/install/igus_rebel/share/igus_rebel/cmake/igus_rebelConfig-version.cmake
[5.052s] -- Installing: /home/amrl-linux24-04/ros2_ben/install/igus_rebel/share/igus_rebel/package.xml
[5.054s] Invoked command in '/home/amrl-linux24-04/ros2_ben/build/igus_rebel' returned '0': AMENT_PREFIX_PATH=/home/amrl-linux24-04/ros2_ben/install/igus_rebel_msgs:${AMENT_PREFIX_PATH} CMAKE_PREFIX_PATH=/home/amrl-linux24-04/ros2_ben/install/igus_rebel_msgs:/opt/ros/jazzy/opt/gz_math_vendor:/opt/ros/jazzy/opt/gz_utils_vendor:/opt/ros/jazzy/opt/gz_cmake_vendor:/opt/ros/jazzy DEBUGINFOD_URLS=https://debuginfod.ubuntu.com LD_LIBRARY_PATH=/home/amrl-linux24-04/ros2_ben/install/igus_rebel_msgs/lib:${LD_LIBRARY_PATH} PYTHONPATH=/home/amrl-linux24-04/ros2_ben/install/igus_rebel_msgs/lib/python3.12/site-packages:${PYTHONPATH} /usr/bin/cmake --install /home/amrl-linux24-04/ros2_ben/build/igus_rebel
