running egg_info
creating ../../../../build/igusgus_launch/igusgus_launch.egg-info
writing ../../../../build/igusgus_launch/igusgus_launch.egg-info/PKG-INFO
writing dependency_links to ../../../../build/igusgus_launch/igusgus_launch.egg-info/dependency_links.txt
writing requirements to ../../../../build/igusgus_launch/igusgus_launch.egg-info/requires.txt
writing top-level names to ../../../../build/igusgus_launch/igusgus_launch.egg-info/top_level.txt
writing manifest file '../../../../build/igusgus_launch/igusgus_launch.egg-info/SOURCES.txt'
reading manifest file '../../../../build/igusgus_launch/igusgus_launch.egg-info/SOURCES.txt'
writing manifest file '../../../../build/igusgus_launch/igusgus_launch.egg-info/SOURCES.txt'
running build
running build_py
creating /home/amrl-linux24-04/ros2_ben/build/igusgus_launch/build
creating /home/amrl-linux24-04/ros2_ben/build/igusgus_launch/build/lib
creating /home/amrl-linux24-04/ros2_ben/build/igusgus_launch/build/lib/igusgus_launch
copying igusgus_launch/__init__.py -> /home/amrl-linux24-04/ros2_ben/build/igusgus_launch/build/lib/igusgus_launch
running install
running install_lib
creating /home/amrl-linux24-04/ros2_ben/install/igusgus_launch/lib/python3.12/site-packages/igusgus_launch
copying /home/amrl-linux24-04/ros2_ben/build/igusgus_launch/build/lib/igusgus_launch/__init__.py -> /home/amrl-linux24-04/ros2_ben/install/igusgus_launch/lib/python3.12/site-packages/igusgus_launch
byte-compiling /home/amrl-linux24-04/ros2_ben/install/igusgus_launch/lib/python3.12/site-packages/igusgus_launch/__init__.py to __init__.cpython-312.pyc
running install_data
creating /home/amrl-linux24-04/ros2_ben/install/igusgus_launch/share/igusgus_launch/launch
copying launch/igusgus_launch.py -> /home/amrl-linux24-04/ros2_ben/install/igusgus_launch/share/igusgus_launch/launch
copying launch/igusgus_launch_orbbec.py -> /home/amrl-linux24-04/ros2_ben/install/igusgus_launch/share/igusgus_launch/launch
running install_egg_info
Copying ../../../../build/igusgus_launch/igusgus_launch.egg-info to /home/amrl-linux24-04/ros2_ben/install/igusgus_launch/lib/python3.12/site-packages/igusgus_launch-0.0.0-py3.12.egg-info
running install_scripts
writing list of installed files to '/home/amrl-linux24-04/ros2_ben/build/igusgus_launch/install.log'
