[0.938s] Invoking command in '/home/amrl-linux24-04/ros2_ben/src/igusgus/src/igusgus_launch': DEBUGINFOD_URLS=https://debuginfod.ubuntu.com PYTHONPATH=/home/amrl-linux24-04/ros2_ben/build/igusgus_launch/prefix_override:/usr/lib/python3/dist-packages/colcon_core/task/python/colcon_distutils_commands:/home/amrl-linux24-04/ros2_ben/install/igusgus_launch/lib/python3.12/site-packages:${PYTHONPATH} /usr/bin/python3 -W ignore:setup.py install is deprecated -W ignore:easy_install command is deprecated setup.py egg_info --egg-base ../../../../build/igusgus_launch build --build-base /home/amrl-linux24-04/ros2_ben/build/igusgus_launch/build install --record /home/amrl-linux24-04/ros2_ben/build/igusgus_launch/install.log --single-version-externally-managed install_data
[1.222s] running egg_info
[1.223s] creating ../../../../build/igusgus_launch/igusgus_launch.egg-info
[1.244s] writing ../../../../build/igusgus_launch/igusgus_launch.egg-info/PKG-INFO
[1.244s] writing dependency_links to ../../../../build/igusgus_launch/igusgus_launch.egg-info/dependency_links.txt
[1.245s] writing requirements to ../../../../build/igusgus_launch/igusgus_launch.egg-info/requires.txt
[1.245s] writing top-level names to ../../../../build/igusgus_launch/igusgus_launch.egg-info/top_level.txt
[1.245s] writing manifest file '../../../../build/igusgus_launch/igusgus_launch.egg-info/SOURCES.txt'
[1.285s] reading manifest file '../../../../build/igusgus_launch/igusgus_launch.egg-info/SOURCES.txt'
[1.285s] writing manifest file '../../../../build/igusgus_launch/igusgus_launch.egg-info/SOURCES.txt'
[1.286s] running build
[1.286s] running build_py
[1.286s] creating /home/amrl-linux24-04/ros2_ben/build/igusgus_launch/build
[1.286s] creating /home/amrl-linux24-04/ros2_ben/build/igusgus_launch/build/lib
[1.287s] creating /home/amrl-linux24-04/ros2_ben/build/igusgus_launch/build/lib/igusgus_launch
[1.287s] copying igusgus_launch/__init__.py -> /home/amrl-linux24-04/ros2_ben/build/igusgus_launch/build/lib/igusgus_launch
[1.287s] running install
[1.292s] running install_lib
[1.311s] creating /home/amrl-linux24-04/ros2_ben/install/igusgus_launch/lib/python3.12/site-packages/igusgus_launch
[1.311s] copying /home/amrl-linux24-04/ros2_ben/build/igusgus_launch/build/lib/igusgus_launch/__init__.py -> /home/amrl-linux24-04/ros2_ben/install/igusgus_launch/lib/python3.12/site-packages/igusgus_launch
[1.311s] byte-compiling /home/amrl-linux24-04/ros2_ben/install/igusgus_launch/lib/python3.12/site-packages/igusgus_launch/__init__.py to __init__.cpython-312.pyc
[1.311s] running install_data
[1.312s] creating /home/amrl-linux24-04/ros2_ben/install/igusgus_launch/share/igusgus_launch/launch
[1.312s] copying launch/igusgus_launch.py -> /home/amrl-linux24-04/ros2_ben/install/igusgus_launch/share/igusgus_launch/launch
[1.312s] copying launch/igusgus_launch_orbbec.py -> /home/amrl-linux24-04/ros2_ben/install/igusgus_launch/share/igusgus_launch/launch
[1.312s] running install_egg_info
[1.331s] Copying ../../../../build/igusgus_launch/igusgus_launch.egg-info to /home/amrl-linux24-04/ros2_ben/install/igusgus_launch/lib/python3.12/site-packages/igusgus_launch-0.0.0-py3.12.egg-info
[1.332s] running install_scripts
[1.435s] writing list of installed files to '/home/amrl-linux24-04/ros2_ben/build/igusgus_launch/install.log'
[1.465s] Invoked command in '/home/amrl-linux24-04/ros2_ben/src/igusgus/src/igusgus_launch' returned '0': DEBUGINFOD_URLS=https://debuginfod.ubuntu.com PYTHONPATH=/home/amrl-linux24-04/ros2_ben/build/igusgus_launch/prefix_override:/usr/lib/python3/dist-packages/colcon_core/task/python/colcon_distutils_commands:/home/amrl-linux24-04/ros2_ben/install/igusgus_launch/lib/python3.12/site-packages:${PYTHONPATH} /usr/bin/python3 -W ignore:setup.py install is deprecated -W ignore:easy_install command is deprecated setup.py egg_info --egg-base ../../../../build/igusgus_launch build --build-base /home/amrl-linux24-04/ros2_ben/build/igusgus_launch/build install --record /home/amrl-linux24-04/ros2_ben/build/igusgus_launch/install.log --single-version-externally-managed install_data
