[0.012s] Invoking command in '/home/amrl-linux24-04/ros2_ben/build/orbbec_camera_msgs': CMAKE_PREFIX_PATH=${CMAKE_PREFIX_PATH}:/home/amrl-linux24-04/ros2_ben/install/igusgus_launch:/opt/ros/jazzy DEBUGINFOD_URLS=https://debuginfod.ubuntu.com /usr/bin/cmake --build /home/amrl-linux24-04/ros2_ben/build/orbbec_camera_msgs -- -j22 -l22
[0.178s] [  1%] Built target orbbec_camera_msgs__rosidl_generator_type_description
[0.178s] [  1%] Built target ament_cmake_python_copy_orbbec_camera_msgs
[0.178s] [  1%] Built target orbbec_camera_msgs__cpp
[0.178s] [ 27%] Built target orbbec_camera_msgs__rosidl_generator_c
[0.178s] [ 37%] Built target orbbec_camera_msgs__rosidl_typesupport_c
[0.178s] [ 47%] Built target orbbec_camera_msgs__rosidl_typesupport_introspection_c
[0.178s] [ 56%] Built target orbbec_camera_msgs__rosidl_typesupport_cpp
[0.178s] [ 65%] Built target orbbec_camera_msgs__rosidl_typesupport_introspection_cpp
[0.178s] [ 75%] Built target orbbec_camera_msgs__rosidl_typesupport_fastrtps_cpp
[0.178s] [ 85%] Built target orbbec_camera_msgs__rosidl_typesupport_fastrtps_c
[0.178s] [ 85%] Built target orbbec_camera_msgs
[0.178s] [ 86%] Built target orbbec_camera_msgs__py
[0.183s] [ 95%] Built target orbbec_camera_msgs__rosidl_generator_py
[0.203s] [ 97%] Built target orbbec_camera_msgs_s__rosidl_typesupport_c
[0.205s] [ 98%] Built target orbbec_camera_msgs_s__rosidl_typesupport_fastrtps_c
[0.208s] [100%] Built target orbbec_camera_msgs_s__rosidl_typesupport_introspection_c
[0.230s] running egg_info
[0.242s] writing orbbec_camera_msgs.egg-info/PKG-INFO
[0.242s] writing dependency_links to orbbec_camera_msgs.egg-info/dependency_links.txt
[0.243s] writing top-level names to orbbec_camera_msgs.egg-info/top_level.txt
[0.282s] reading manifest file 'orbbec_camera_msgs.egg-info/SOURCES.txt'
[0.282s] writing manifest file 'orbbec_camera_msgs.egg-info/SOURCES.txt'
[0.298s] [100%] Built target ament_cmake_python_build_orbbec_camera_msgs_egg
[0.307s] Invoked command in '/home/amrl-linux24-04/ros2_ben/build/orbbec_camera_msgs' returned '0': CMAKE_PREFIX_PATH=${CMAKE_PREFIX_PATH}:/home/amrl-linux24-04/ros2_ben/install/igusgus_launch:/opt/ros/jazzy DEBUGINFOD_URLS=https://debuginfod.ubuntu.com /usr/bin/cmake --build /home/amrl-linux24-04/ros2_ben/build/orbbec_camera_msgs -- -j22 -l22
[0.308s] Invoking command in '/home/amrl-linux24-04/ros2_ben/build/orbbec_camera_msgs': CMAKE_PREFIX_PATH=${CMAKE_PREFIX_PATH}:/home/amrl-linux24-04/ros2_ben/install/igusgus_launch:/opt/ros/jazzy DEBUGINFOD_URLS=https://debuginfod.ubuntu.com /usr/bin/cmake --install /home/amrl-linux24-04/ros2_ben/build/orbbec_camera_msgs
[0.315s] -- Install configuration: "Release"
[0.315s] -- Up-to-date: /home/amrl-linux24-04/ros2_ben/install/orbbec_camera_msgs/share/ament_index/resource_index/rosidl_interfaces/orbbec_camera_msgs
[0.315s] -- Up-to-date: /home/amrl-linux24-04/ros2_ben/install/orbbec_camera_msgs/share/orbbec_camera_msgs/msg/DeviceInfo.json
[0.315s] -- Up-to-date: /home/amrl-linux24-04/ros2_ben/install/orbbec_camera_msgs/share/orbbec_camera_msgs/msg/Extrinsics.json
[0.315s] -- Up-to-date: /home/amrl-linux24-04/ros2_ben/install/orbbec_camera_msgs/share/orbbec_camera_msgs/msg/Metadata.json
[0.315s] -- Up-to-date: /home/amrl-linux24-04/ros2_ben/install/orbbec_camera_msgs/share/orbbec_camera_msgs/msg/IMUInfo.json
[0.316s] -- Up-to-date: /home/amrl-linux24-04/ros2_ben/install/orbbec_camera_msgs/share/orbbec_camera_msgs/msg/RGBD.json
[0.316s] -- Up-to-date: /home/amrl-linux24-04/ros2_ben/install/orbbec_camera_msgs/share/orbbec_camera_msgs/srv/GetBool.json
[0.316s] -- Up-to-date: /home/amrl-linux24-04/ros2_ben/install/orbbec_camera_msgs/share/orbbec_camera_msgs/srv/GetDeviceInfo.json
[0.316s] -- Up-to-date: /home/amrl-linux24-04/ros2_ben/install/orbbec_camera_msgs/share/orbbec_camera_msgs/srv/GetCameraInfo.json
[0.316s] -- Up-to-date: /home/amrl-linux24-04/ros2_ben/install/orbbec_camera_msgs/share/orbbec_camera_msgs/srv/GetInt32.json
[0.316s] -- Up-to-date: /home/amrl-linux24-04/ros2_ben/install/orbbec_camera_msgs/share/orbbec_camera_msgs/srv/GetString.json
[0.316s] -- Up-to-date: /home/amrl-linux24-04/ros2_ben/install/orbbec_camera_msgs/share/orbbec_camera_msgs/srv/SetInt32.json
[0.316s] -- Up-to-date: /home/amrl-linux24-04/ros2_ben/install/orbbec_camera_msgs/share/orbbec_camera_msgs/srv/SetString.json
[0.316s] -- Up-to-date: /home/amrl-linux24-04/ros2_ben/install/orbbec_camera_msgs/include/orbbec_camera_msgs/orbbec_camera_msgs
[0.316s] -- Up-to-date: /home/amrl-linux24-04/ros2_ben/install/orbbec_camera_msgs/include/orbbec_camera_msgs/orbbec_camera_msgs/srv
[0.316s] -- Up-to-date: /home/amrl-linux24-04/ros2_ben/install/orbbec_camera_msgs/include/orbbec_camera_msgs/orbbec_camera_msgs/srv/detail
[0.316s] -- Up-to-date: /home/amrl-linux24-04/ros2_ben/install/orbbec_camera_msgs/include/orbbec_camera_msgs/orbbec_camera_msgs/srv/detail/get_bool__functions.h
[0.316s] -- Up-to-date: /home/amrl-linux24-04/ros2_ben/install/orbbec_camera_msgs/include/orbbec_camera_msgs/orbbec_camera_msgs/srv/detail/get_device_info__type_support.c
[0.316s] -- Up-to-date: /home/amrl-linux24-04/ros2_ben/install/orbbec_camera_msgs/include/orbbec_camera_msgs/orbbec_camera_msgs/srv/detail/get_string__description.c
[0.317s] -- Up-to-date: /home/amrl-linux24-04/ros2_ben/install/orbbec_camera_msgs/include/orbbec_camera_msgs/orbbec_camera_msgs/srv/detail/get_device_info__description.c
[0.317s] -- Up-to-date: /home/amrl-linux24-04/ros2_ben/install/orbbec_camera_msgs/include/orbbec_camera_msgs/orbbec_camera_msgs/srv/detail/get_bool__type_support.c
[0.317s] -- Up-to-date: /home/amrl-linux24-04/ros2_ben/install/orbbec_camera_msgs/include/orbbec_camera_msgs/orbbec_camera_msgs/srv/detail/get_bool__functions.c
[0.317s] -- Up-to-date: /home/amrl-linux24-04/ros2_ben/install/orbbec_camera_msgs/include/orbbec_camera_msgs/orbbec_camera_msgs/srv/detail/set_int32__struct.h
[0.317s] -- Up-to-date: /home/amrl-linux24-04/ros2_ben/install/orbbec_camera_msgs/include/orbbec_camera_msgs/orbbec_camera_msgs/srv/detail/set_string__functions.h
[0.317s] -- Up-to-date: /home/amrl-linux24-04/ros2_ben/install/orbbec_camera_msgs/include/orbbec_camera_msgs/orbbec_camera_msgs/srv/detail/get_device_info__functions.c
[0.317s] -- Up-to-date: /home/amrl-linux24-04/ros2_ben/install/orbbec_camera_msgs/include/orbbec_camera_msgs/orbbec_camera_msgs/srv/detail/get_camera_info__functions.h
[0.317s] -- Up-to-date: /home/amrl-linux24-04/ros2_ben/install/orbbec_camera_msgs/include/orbbec_camera_msgs/orbbec_camera_msgs/srv/detail/get_camera_info__description.c
[0.317s] -- Up-to-date: /home/amrl-linux24-04/ros2_ben/install/orbbec_camera_msgs/include/orbbec_camera_msgs/orbbec_camera_msgs/srv/detail/get_string__struct.h
[0.317s] -- Up-to-date: /home/amrl-linux24-04/ros2_ben/install/orbbec_camera_msgs/include/orbbec_camera_msgs/orbbec_camera_msgs/srv/detail/set_int32__type_support.h
[0.317s] -- Up-to-date: /home/amrl-linux24-04/ros2_ben/install/orbbec_camera_msgs/include/orbbec_camera_msgs/orbbec_camera_msgs/srv/detail/get_int32__struct.h
[0.317s] -- Up-to-date: /home/amrl-linux24-04/ros2_ben/install/orbbec_camera_msgs/include/orbbec_camera_msgs/orbbec_camera_msgs/srv/detail/get_string__functions.h
[0.317s] -- Up-to-date: /home/amrl-linux24-04/ros2_ben/install/orbbec_camera_msgs/include/orbbec_camera_msgs/orbbec_camera_msgs/srv/detail/get_int32__functions.h
[0.317s] -- Up-to-date: /home/amrl-linux24-04/ros2_ben/install/orbbec_camera_msgs/include/orbbec_camera_msgs/orbbec_camera_msgs/srv/detail/set_string__description.c
[0.318s] -- Up-to-date: /home/amrl-linux24-04/ros2_ben/install/orbbec_camera_msgs/include/orbbec_camera_msgs/orbbec_camera_msgs/srv/detail/get_camera_info__functions.c
[0.318s] -- Up-to-date: /home/amrl-linux24-04/ros2_ben/install/orbbec_camera_msgs/include/orbbec_camera_msgs/orbbec_camera_msgs/srv/detail/get_bool__struct.h
[0.318s] -- Up-to-date: /home/amrl-linux24-04/ros2_ben/install/orbbec_camera_msgs/include/orbbec_camera_msgs/orbbec_camera_msgs/srv/detail/set_string__type_support.c
[0.318s] -- Up-to-date: /home/amrl-linux24-04/ros2_ben/install/orbbec_camera_msgs/include/orbbec_camera_msgs/orbbec_camera_msgs/srv/detail/get_string__type_support.c
[0.318s] -- Up-to-date: /home/amrl-linux24-04/ros2_ben/install/orbbec_camera_msgs/include/orbbec_camera_msgs/orbbec_camera_msgs/srv/detail/get_device_info__type_support.h
[0.318s] -- Up-to-date: /home/amrl-linux24-04/ros2_ben/install/orbbec_camera_msgs/include/orbbec_camera_msgs/orbbec_camera_msgs/srv/detail/set_string__functions.c
[0.318s] -- Up-to-date: /home/amrl-linux24-04/ros2_ben/install/orbbec_camera_msgs/include/orbbec_camera_msgs/orbbec_camera_msgs/srv/detail/get_bool__type_support.h
[0.318s] -- Up-to-date: /home/amrl-linux24-04/ros2_ben/install/orbbec_camera_msgs/include/orbbec_camera_msgs/orbbec_camera_msgs/srv/detail/get_camera_info__type_support.c
[0.318s] -- Up-to-date: /home/amrl-linux24-04/ros2_ben/install/orbbec_camera_msgs/include/orbbec_camera_msgs/orbbec_camera_msgs/srv/detail/set_int32__type_support.c
[0.318s] -- Up-to-date: /home/amrl-linux24-04/ros2_ben/install/orbbec_camera_msgs/include/orbbec_camera_msgs/orbbec_camera_msgs/srv/detail/set_int32__description.c
[0.318s] -- Up-to-date: /home/amrl-linux24-04/ros2_ben/install/orbbec_camera_msgs/include/orbbec_camera_msgs/orbbec_camera_msgs/srv/detail/get_device_info__struct.h
[0.318s] -- Up-to-date: /home/amrl-linux24-04/ros2_ben/install/orbbec_camera_msgs/include/orbbec_camera_msgs/orbbec_camera_msgs/srv/detail/get_int32__functions.c
[0.318s] -- Up-to-date: /home/amrl-linux24-04/ros2_ben/install/orbbec_camera_msgs/include/orbbec_camera_msgs/orbbec_camera_msgs/srv/detail/set_int32__functions.h
[0.319s] -- Up-to-date: /home/amrl-linux24-04/ros2_ben/install/orbbec_camera_msgs/include/orbbec_camera_msgs/orbbec_camera_msgs/srv/detail/get_string__type_support.h
[0.319s] -- Up-to-date: /home/amrl-linux24-04/ros2_ben/install/orbbec_camera_msgs/include/orbbec_camera_msgs/orbbec_camera_msgs/srv/detail/get_int32__type_support.c
[0.319s] -- Up-to-date: /home/amrl-linux24-04/ros2_ben/install/orbbec_camera_msgs/include/orbbec_camera_msgs/orbbec_camera_msgs/srv/detail/get_device_info__functions.h
[0.319s] -- Up-to-date: /home/amrl-linux24-04/ros2_ben/install/orbbec_camera_msgs/include/orbbec_camera_msgs/orbbec_camera_msgs/srv/detail/get_int32__description.c
[0.319s] -- Up-to-date: /home/amrl-linux24-04/ros2_ben/install/orbbec_camera_msgs/include/orbbec_camera_msgs/orbbec_camera_msgs/srv/detail/set_string__struct.h
[0.319s] -- Up-to-date: /home/amrl-linux24-04/ros2_ben/install/orbbec_camera_msgs/include/orbbec_camera_msgs/orbbec_camera_msgs/srv/detail/get_camera_info__struct.h
[0.319s] -- Up-to-date: /home/amrl-linux24-04/ros2_ben/install/orbbec_camera_msgs/include/orbbec_camera_msgs/orbbec_camera_msgs/srv/detail/get_string__functions.c
[0.319s] -- Up-to-date: /home/amrl-linux24-04/ros2_ben/install/orbbec_camera_msgs/include/orbbec_camera_msgs/orbbec_camera_msgs/srv/detail/get_int32__type_support.h
[0.319s] -- Up-to-date: /home/amrl-linux24-04/ros2_ben/install/orbbec_camera_msgs/include/orbbec_camera_msgs/orbbec_camera_msgs/srv/detail/get_camera_info__type_support.h
[0.319s] -- Up-to-date: /home/amrl-linux24-04/ros2_ben/install/orbbec_camera_msgs/include/orbbec_camera_msgs/orbbec_camera_msgs/srv/detail/set_int32__functions.c
[0.319s] -- Up-to-date: /home/amrl-linux24-04/ros2_ben/install/orbbec_camera_msgs/include/orbbec_camera_msgs/orbbec_camera_msgs/srv/detail/get_bool__description.c
[0.319s] -- Up-to-date: /home/amrl-linux24-04/ros2_ben/install/orbbec_camera_msgs/include/orbbec_camera_msgs/orbbec_camera_msgs/srv/detail/set_string__type_support.h
[0.319s] -- Up-to-date: /home/amrl-linux24-04/ros2_ben/install/orbbec_camera_msgs/include/orbbec_camera_msgs/orbbec_camera_msgs/srv/set_string.h
[0.320s] -- Up-to-date: /home/amrl-linux24-04/ros2_ben/install/orbbec_camera_msgs/include/orbbec_camera_msgs/orbbec_camera_msgs/srv/set_int32.h
[0.320s] -- Up-to-date: /home/amrl-linux24-04/ros2_ben/install/orbbec_camera_msgs/include/orbbec_camera_msgs/orbbec_camera_msgs/srv/get_string.h
[0.320s] -- Up-to-date: /home/amrl-linux24-04/ros2_ben/install/orbbec_camera_msgs/include/orbbec_camera_msgs/orbbec_camera_msgs/srv/get_device_info.h
[0.320s] -- Up-to-date: /home/amrl-linux24-04/ros2_ben/install/orbbec_camera_msgs/include/orbbec_camera_msgs/orbbec_camera_msgs/srv/get_bool.h
[0.320s] -- Up-to-date: /home/amrl-linux24-04/ros2_ben/install/orbbec_camera_msgs/include/orbbec_camera_msgs/orbbec_camera_msgs/srv/get_int32.h
[0.320s] -- Up-to-date: /home/amrl-linux24-04/ros2_ben/install/orbbec_camera_msgs/include/orbbec_camera_msgs/orbbec_camera_msgs/srv/get_camera_info.h
[0.320s] -- Up-to-date: /home/amrl-linux24-04/ros2_ben/install/orbbec_camera_msgs/include/orbbec_camera_msgs/orbbec_camera_msgs/msg
[0.321s] -- Up-to-date: /home/amrl-linux24-04/ros2_ben/install/orbbec_camera_msgs/include/orbbec_camera_msgs/orbbec_camera_msgs/msg/detail
[0.321s] -- Up-to-date: /home/amrl-linux24-04/ros2_ben/install/orbbec_camera_msgs/include/orbbec_camera_msgs/orbbec_camera_msgs/msg/detail/extrinsics__type_support.c
[0.321s] -- Up-to-date: /home/amrl-linux24-04/ros2_ben/install/orbbec_camera_msgs/include/orbbec_camera_msgs/orbbec_camera_msgs/msg/detail/imu_info__functions.c
[0.321s] -- Up-to-date: /home/amrl-linux24-04/ros2_ben/install/orbbec_camera_msgs/include/orbbec_camera_msgs/orbbec_camera_msgs/msg/detail/device_info__functions.h
[0.321s] -- Up-to-date: /home/amrl-linux24-04/ros2_ben/install/orbbec_camera_msgs/include/orbbec_camera_msgs/orbbec_camera_msgs/msg/detail/extrinsics__description.c
[0.321s] -- Up-to-date: /home/amrl-linux24-04/ros2_ben/install/orbbec_camera_msgs/include/orbbec_camera_msgs/orbbec_camera_msgs/msg/detail/rgbd__description.c
[0.321s] -- Up-to-date: /home/amrl-linux24-04/ros2_ben/install/orbbec_camera_msgs/include/orbbec_camera_msgs/orbbec_camera_msgs/msg/detail/imu_info__struct.h
[0.321s] -- Up-to-date: /home/amrl-linux24-04/ros2_ben/install/orbbec_camera_msgs/include/orbbec_camera_msgs/orbbec_camera_msgs/msg/detail/extrinsics__type_support.h
[0.321s] -- Up-to-date: /home/amrl-linux24-04/ros2_ben/install/orbbec_camera_msgs/include/orbbec_camera_msgs/orbbec_camera_msgs/msg/detail/rgbd__struct.h
[0.321s] -- Up-to-date: /home/amrl-linux24-04/ros2_ben/install/orbbec_camera_msgs/include/orbbec_camera_msgs/orbbec_camera_msgs/msg/detail/metadata__struct.h
[0.321s] -- Up-to-date: /home/amrl-linux24-04/ros2_ben/install/orbbec_camera_msgs/include/orbbec_camera_msgs/orbbec_camera_msgs/msg/detail/metadata__type_support.c
[0.321s] -- Up-to-date: /home/amrl-linux24-04/ros2_ben/install/orbbec_camera_msgs/include/orbbec_camera_msgs/orbbec_camera_msgs/msg/detail/extrinsics__functions.h
[0.321s] -- Up-to-date: /home/amrl-linux24-04/ros2_ben/install/orbbec_camera_msgs/include/orbbec_camera_msgs/orbbec_camera_msgs/msg/detail/device_info__functions.c
[0.321s] -- Up-to-date: /home/amrl-linux24-04/ros2_ben/install/orbbec_camera_msgs/include/orbbec_camera_msgs/orbbec_camera_msgs/msg/detail/device_info__description.c
[0.322s] -- Up-to-date: /home/amrl-linux24-04/ros2_ben/install/orbbec_camera_msgs/include/orbbec_camera_msgs/orbbec_camera_msgs/msg/detail/device_info__type_support.c
[0.322s] -- Up-to-date: /home/amrl-linux24-04/ros2_ben/install/orbbec_camera_msgs/include/orbbec_camera_msgs/orbbec_camera_msgs/msg/detail/rgbd__type_support.c
[0.322s] -- Up-to-date: /home/amrl-linux24-04/ros2_ben/install/orbbec_camera_msgs/include/orbbec_camera_msgs/orbbec_camera_msgs/msg/detail/rgbd__functions.h
[0.322s] -- Up-to-date: /home/amrl-linux24-04/ros2_ben/install/orbbec_camera_msgs/include/orbbec_camera_msgs/orbbec_camera_msgs/msg/detail/device_info__struct.h
[0.322s] -- Up-to-date: /home/amrl-linux24-04/ros2_ben/install/orbbec_camera_msgs/include/orbbec_camera_msgs/orbbec_camera_msgs/msg/detail/metadata__type_support.h
[0.322s] -- Up-to-date: /home/amrl-linux24-04/ros2_ben/install/orbbec_camera_msgs/include/orbbec_camera_msgs/orbbec_camera_msgs/msg/detail/imu_info__type_support.c
[0.322s] -- Up-to-date: /home/amrl-linux24-04/ros2_ben/install/orbbec_camera_msgs/include/orbbec_camera_msgs/orbbec_camera_msgs/msg/detail/device_info__type_support.h
[0.322s] -- Up-to-date: /home/amrl-linux24-04/ros2_ben/install/orbbec_camera_msgs/include/orbbec_camera_msgs/orbbec_camera_msgs/msg/detail/metadata__functions.c
[0.322s] -- Up-to-date: /home/amrl-linux24-04/ros2_ben/install/orbbec_camera_msgs/include/orbbec_camera_msgs/orbbec_camera_msgs/msg/detail/extrinsics__struct.h
[0.322s] -- Up-to-date: /home/amrl-linux24-04/ros2_ben/install/orbbec_camera_msgs/include/orbbec_camera_msgs/orbbec_camera_msgs/msg/detail/extrinsics__functions.c
[0.322s] -- Up-to-date: /home/amrl-linux24-04/ros2_ben/install/orbbec_camera_msgs/include/orbbec_camera_msgs/orbbec_camera_msgs/msg/detail/rgbd__functions.c
[0.322s] -- Up-to-date: /home/amrl-linux24-04/ros2_ben/install/orbbec_camera_msgs/include/orbbec_camera_msgs/orbbec_camera_msgs/msg/detail/imu_info__description.c
[0.322s] -- Up-to-date: /home/amrl-linux24-04/ros2_ben/install/orbbec_camera_msgs/include/orbbec_camera_msgs/orbbec_camera_msgs/msg/detail/metadata__description.c
[0.322s] -- Up-to-date: /home/amrl-linux24-04/ros2_ben/install/orbbec_camera_msgs/include/orbbec_camera_msgs/orbbec_camera_msgs/msg/detail/imu_info__type_support.h
[0.322s] -- Up-to-date: /home/amrl-linux24-04/ros2_ben/install/orbbec_camera_msgs/include/orbbec_camera_msgs/orbbec_camera_msgs/msg/detail/imu_info__functions.h
[0.322s] -- Up-to-date: /home/amrl-linux24-04/ros2_ben/install/orbbec_camera_msgs/include/orbbec_camera_msgs/orbbec_camera_msgs/msg/detail/metadata__functions.h
[0.322s] -- Up-to-date: /home/amrl-linux24-04/ros2_ben/install/orbbec_camera_msgs/include/orbbec_camera_msgs/orbbec_camera_msgs/msg/detail/rgbd__type_support.h
[0.323s] -- Up-to-date: /home/amrl-linux24-04/ros2_ben/install/orbbec_camera_msgs/include/orbbec_camera_msgs/orbbec_camera_msgs/msg/rgbd.h
[0.323s] -- Up-to-date: /home/amrl-linux24-04/ros2_ben/install/orbbec_camera_msgs/include/orbbec_camera_msgs/orbbec_camera_msgs/msg/metadata.h
[0.323s] -- Up-to-date: /home/amrl-linux24-04/ros2_ben/install/orbbec_camera_msgs/include/orbbec_camera_msgs/orbbec_camera_msgs/msg/imu_info.h
[0.323s] -- Up-to-date: /home/amrl-linux24-04/ros2_ben/install/orbbec_camera_msgs/include/orbbec_camera_msgs/orbbec_camera_msgs/msg/rosidl_generator_c__visibility_control.h
[0.323s] -- Up-to-date: /home/amrl-linux24-04/ros2_ben/install/orbbec_camera_msgs/include/orbbec_camera_msgs/orbbec_camera_msgs/msg/device_info.h
[0.323s] -- Up-to-date: /home/amrl-linux24-04/ros2_ben/install/orbbec_camera_msgs/include/orbbec_camera_msgs/orbbec_camera_msgs/msg/extrinsics.h
[0.323s] -- Up-to-date: /home/amrl-linux24-04/ros2_ben/install/orbbec_camera_msgs/share/orbbec_camera_msgs/environment/library_path.sh
[0.323s] -- Up-to-date: /home/amrl-linux24-04/ros2_ben/install/orbbec_camera_msgs/share/orbbec_camera_msgs/environment/library_path.dsv
[0.323s] -- Up-to-date: /home/amrl-linux24-04/ros2_ben/install/orbbec_camera_msgs/lib/liborbbec_camera_msgs__rosidl_generator_c.so
[0.323s] -- Up-to-date: /home/amrl-linux24-04/ros2_ben/install/orbbec_camera_msgs/include/orbbec_camera_msgs/orbbec_camera_msgs
[0.323s] -- Up-to-date: /home/amrl-linux24-04/ros2_ben/install/orbbec_camera_msgs/include/orbbec_camera_msgs/orbbec_camera_msgs/srv
[0.323s] -- Up-to-date: /home/amrl-linux24-04/ros2_ben/install/orbbec_camera_msgs/include/orbbec_camera_msgs/orbbec_camera_msgs/srv/detail
[0.323s] -- Up-to-date: /home/amrl-linux24-04/ros2_ben/install/orbbec_camera_msgs/include/orbbec_camera_msgs/orbbec_camera_msgs/srv/detail/get_int32__rosidl_typesupport_fastrtps_c.h
[0.323s] -- Up-to-date: /home/amrl-linux24-04/ros2_ben/install/orbbec_camera_msgs/include/orbbec_camera_msgs/orbbec_camera_msgs/srv/detail/set_string__rosidl_typesupport_fastrtps_c.h
[0.323s] -- Up-to-date: /home/amrl-linux24-04/ros2_ben/install/orbbec_camera_msgs/include/orbbec_camera_msgs/orbbec_camera_msgs/srv/detail/set_int32__rosidl_typesupport_fastrtps_c.h
[0.323s] -- Up-to-date: /home/amrl-linux24-04/ros2_ben/install/orbbec_camera_msgs/include/orbbec_camera_msgs/orbbec_camera_msgs/srv/detail/get_string__rosidl_typesupport_fastrtps_c.h
[0.323s] -- Up-to-date: /home/amrl-linux24-04/ros2_ben/install/orbbec_camera_msgs/include/orbbec_camera_msgs/orbbec_camera_msgs/srv/detail/get_camera_info__rosidl_typesupport_fastrtps_c.h
[0.323s] -- Up-to-date: /home/amrl-linux24-04/ros2_ben/install/orbbec_camera_msgs/include/orbbec_camera_msgs/orbbec_camera_msgs/srv/detail/get_bool__rosidl_typesupport_fastrtps_c.h
[0.323s] -- Up-to-date: /home/amrl-linux24-04/ros2_ben/install/orbbec_camera_msgs/include/orbbec_camera_msgs/orbbec_camera_msgs/srv/detail/get_device_info__rosidl_typesupport_fastrtps_c.h
[0.324s] -- Up-to-date: /home/amrl-linux24-04/ros2_ben/install/orbbec_camera_msgs/include/orbbec_camera_msgs/orbbec_camera_msgs/msg
[0.324s] -- Up-to-date: /home/amrl-linux24-04/ros2_ben/install/orbbec_camera_msgs/include/orbbec_camera_msgs/orbbec_camera_msgs/msg/detail
[0.324s] -- Up-to-date: /home/amrl-linux24-04/ros2_ben/install/orbbec_camera_msgs/include/orbbec_camera_msgs/orbbec_camera_msgs/msg/detail/extrinsics__rosidl_typesupport_fastrtps_c.h
[0.324s] -- Up-to-date: /home/amrl-linux24-04/ros2_ben/install/orbbec_camera_msgs/include/orbbec_camera_msgs/orbbec_camera_msgs/msg/detail/imu_info__rosidl_typesupport_fastrtps_c.h
[0.324s] -- Up-to-date: /home/amrl-linux24-04/ros2_ben/install/orbbec_camera_msgs/include/orbbec_camera_msgs/orbbec_camera_msgs/msg/detail/metadata__rosidl_typesupport_fastrtps_c.h
[0.324s] -- Up-to-date: /home/amrl-linux24-04/ros2_ben/install/orbbec_camera_msgs/include/orbbec_camera_msgs/orbbec_camera_msgs/msg/detail/rgbd__rosidl_typesupport_fastrtps_c.h
[0.324s] -- Up-to-date: /home/amrl-linux24-04/ros2_ben/install/orbbec_camera_msgs/include/orbbec_camera_msgs/orbbec_camera_msgs/msg/detail/device_info__rosidl_typesupport_fastrtps_c.h
[0.324s] -- Up-to-date: /home/amrl-linux24-04/ros2_ben/install/orbbec_camera_msgs/include/orbbec_camera_msgs/orbbec_camera_msgs/msg/rosidl_typesupport_fastrtps_c__visibility_control.h
[0.324s] -- Up-to-date: /home/amrl-linux24-04/ros2_ben/install/orbbec_camera_msgs/lib/liborbbec_camera_msgs__rosidl_typesupport_fastrtps_c.so
[0.324s] -- Up-to-date: /home/amrl-linux24-04/ros2_ben/install/orbbec_camera_msgs/include/orbbec_camera_msgs/orbbec_camera_msgs
[0.324s] -- Up-to-date: /home/amrl-linux24-04/ros2_ben/install/orbbec_camera_msgs/include/orbbec_camera_msgs/orbbec_camera_msgs/srv
[0.324s] -- Up-to-date: /home/amrl-linux24-04/ros2_ben/install/orbbec_camera_msgs/include/orbbec_camera_msgs/orbbec_camera_msgs/srv/detail
[0.324s] -- Up-to-date: /home/amrl-linux24-04/ros2_ben/install/orbbec_camera_msgs/include/orbbec_camera_msgs/orbbec_camera_msgs/srv/detail/get_device_info__rosidl_typesupport_introspection_c.h
[0.324s] -- Up-to-date: /home/amrl-linux24-04/ros2_ben/install/orbbec_camera_msgs/include/orbbec_camera_msgs/orbbec_camera_msgs/srv/detail/get_device_info__type_support.c
[0.324s] -- Up-to-date: /home/amrl-linux24-04/ros2_ben/install/orbbec_camera_msgs/include/orbbec_camera_msgs/orbbec_camera_msgs/srv/detail/get_bool__type_support.c
[0.324s] -- Up-to-date: /home/amrl-linux24-04/ros2_ben/install/orbbec_camera_msgs/include/orbbec_camera_msgs/orbbec_camera_msgs/srv/detail/get_int32__rosidl_typesupport_introspection_c.h
[0.324s] -- Up-to-date: /home/amrl-linux24-04/ros2_ben/install/orbbec_camera_msgs/include/orbbec_camera_msgs/orbbec_camera_msgs/srv/detail/set_string__rosidl_typesupport_introspection_c.h
[0.325s] -- Up-to-date: /home/amrl-linux24-04/ros2_ben/install/orbbec_camera_msgs/include/orbbec_camera_msgs/orbbec_camera_msgs/srv/detail/get_string__rosidl_typesupport_introspection_c.h
[0.325s] -- Up-to-date: /home/amrl-linux24-04/ros2_ben/install/orbbec_camera_msgs/include/orbbec_camera_msgs/orbbec_camera_msgs/srv/detail/set_string__type_support.c
[0.325s] -- Up-to-date: /home/amrl-linux24-04/ros2_ben/install/orbbec_camera_msgs/include/orbbec_camera_msgs/orbbec_camera_msgs/srv/detail/get_string__type_support.c
[0.325s] -- Up-to-date: /home/amrl-linux24-04/ros2_ben/install/orbbec_camera_msgs/include/orbbec_camera_msgs/orbbec_camera_msgs/srv/detail/get_camera_info__type_support.c
[0.325s] -- Up-to-date: /home/amrl-linux24-04/ros2_ben/install/orbbec_camera_msgs/include/orbbec_camera_msgs/orbbec_camera_msgs/srv/detail/set_int32__type_support.c
[0.325s] -- Up-to-date: /home/amrl-linux24-04/ros2_ben/install/orbbec_camera_msgs/include/orbbec_camera_msgs/orbbec_camera_msgs/srv/detail/get_camera_info__rosidl_typesupport_introspection_c.h
[0.325s] -- Up-to-date: /home/amrl-linux24-04/ros2_ben/install/orbbec_camera_msgs/include/orbbec_camera_msgs/orbbec_camera_msgs/srv/detail/get_int32__type_support.c
[0.325s] -- Up-to-date: /home/amrl-linux24-04/ros2_ben/install/orbbec_camera_msgs/include/orbbec_camera_msgs/orbbec_camera_msgs/srv/detail/get_bool__rosidl_typesupport_introspection_c.h
[0.325s] -- Up-to-date: /home/amrl-linux24-04/ros2_ben/install/orbbec_camera_msgs/include/orbbec_camera_msgs/orbbec_camera_msgs/srv/detail/set_int32__rosidl_typesupport_introspection_c.h
[0.325s] -- Up-to-date: /home/amrl-linux24-04/ros2_ben/install/orbbec_camera_msgs/include/orbbec_camera_msgs/orbbec_camera_msgs/msg
[0.325s] -- Up-to-date: /home/amrl-linux24-04/ros2_ben/install/orbbec_camera_msgs/include/orbbec_camera_msgs/orbbec_camera_msgs/msg/detail
[0.325s] -- Up-to-date: /home/amrl-linux24-04/ros2_ben/install/orbbec_camera_msgs/include/orbbec_camera_msgs/orbbec_camera_msgs/msg/detail/extrinsics__type_support.c
[0.325s] -- Up-to-date: /home/amrl-linux24-04/ros2_ben/install/orbbec_camera_msgs/include/orbbec_camera_msgs/orbbec_camera_msgs/msg/detail/metadata__rosidl_typesupport_introspection_c.h
[0.325s] -- Up-to-date: /home/amrl-linux24-04/ros2_ben/install/orbbec_camera_msgs/include/orbbec_camera_msgs/orbbec_camera_msgs/msg/detail/metadata__type_support.c
[0.325s] -- Up-to-date: /home/amrl-linux24-04/ros2_ben/install/orbbec_camera_msgs/include/orbbec_camera_msgs/orbbec_camera_msgs/msg/detail/device_info__type_support.c
[0.325s] -- Up-to-date: /home/amrl-linux24-04/ros2_ben/install/orbbec_camera_msgs/include/orbbec_camera_msgs/orbbec_camera_msgs/msg/detail/rgbd__type_support.c
[0.325s] -- Up-to-date: /home/amrl-linux24-04/ros2_ben/install/orbbec_camera_msgs/include/orbbec_camera_msgs/orbbec_camera_msgs/msg/detail/rgbd__rosidl_typesupport_introspection_c.h
[0.325s] -- Up-to-date: /home/amrl-linux24-04/ros2_ben/install/orbbec_camera_msgs/include/orbbec_camera_msgs/orbbec_camera_msgs/msg/detail/extrinsics__rosidl_typesupport_introspection_c.h
[0.326s] -- Up-to-date: /home/amrl-linux24-04/ros2_ben/install/orbbec_camera_msgs/include/orbbec_camera_msgs/orbbec_camera_msgs/msg/detail/device_info__rosidl_typesupport_introspection_c.h
[0.326s] -- Up-to-date: /home/amrl-linux24-04/ros2_ben/install/orbbec_camera_msgs/include/orbbec_camera_msgs/orbbec_camera_msgs/msg/detail/imu_info__type_support.c
[0.326s] -- Up-to-date: /home/amrl-linux24-04/ros2_ben/install/orbbec_camera_msgs/include/orbbec_camera_msgs/orbbec_camera_msgs/msg/detail/imu_info__rosidl_typesupport_introspection_c.h
[0.326s] -- Up-to-date: /home/amrl-linux24-04/ros2_ben/install/orbbec_camera_msgs/include/orbbec_camera_msgs/orbbec_camera_msgs/msg/rosidl_typesupport_introspection_c__visibility_control.h
[0.326s] -- Up-to-date: /home/amrl-linux24-04/ros2_ben/install/orbbec_camera_msgs/lib/liborbbec_camera_msgs__rosidl_typesupport_introspection_c.so
[0.326s] -- Up-to-date: /home/amrl-linux24-04/ros2_ben/install/orbbec_camera_msgs/lib/liborbbec_camera_msgs__rosidl_typesupport_c.so
[0.326s] -- Up-to-date: /home/amrl-linux24-04/ros2_ben/install/orbbec_camera_msgs/include/orbbec_camera_msgs/orbbec_camera_msgs
[0.326s] -- Up-to-date: /home/amrl-linux24-04/ros2_ben/install/orbbec_camera_msgs/include/orbbec_camera_msgs/orbbec_camera_msgs/srv
[0.326s] -- Up-to-date: /home/amrl-linux24-04/ros2_ben/install/orbbec_camera_msgs/include/orbbec_camera_msgs/orbbec_camera_msgs/srv/get_device_info.hpp
[0.326s] -- Up-to-date: /home/amrl-linux24-04/ros2_ben/install/orbbec_camera_msgs/include/orbbec_camera_msgs/orbbec_camera_msgs/srv/detail
[0.326s] -- Up-to-date: /home/amrl-linux24-04/ros2_ben/install/orbbec_camera_msgs/include/orbbec_camera_msgs/orbbec_camera_msgs/srv/detail/set_string__traits.hpp
[0.326s] -- Up-to-date: /home/amrl-linux24-04/ros2_ben/install/orbbec_camera_msgs/include/orbbec_camera_msgs/orbbec_camera_msgs/srv/detail/get_camera_info__traits.hpp
[0.326s] -- Up-to-date: /home/amrl-linux24-04/ros2_ben/install/orbbec_camera_msgs/include/orbbec_camera_msgs/orbbec_camera_msgs/srv/detail/set_int32__type_support.hpp
[0.326s] -- Up-to-date: /home/amrl-linux24-04/ros2_ben/install/orbbec_camera_msgs/include/orbbec_camera_msgs/orbbec_camera_msgs/srv/detail/set_int32__traits.hpp
[0.326s] -- Up-to-date: /home/amrl-linux24-04/ros2_ben/install/orbbec_camera_msgs/include/orbbec_camera_msgs/orbbec_camera_msgs/srv/detail/get_int32__type_support.hpp
[0.326s] -- Up-to-date: /home/amrl-linux24-04/ros2_ben/install/orbbec_camera_msgs/include/orbbec_camera_msgs/orbbec_camera_msgs/srv/detail/get_string__traits.hpp
[0.326s] -- Up-to-date: /home/amrl-linux24-04/ros2_ben/install/orbbec_camera_msgs/include/orbbec_camera_msgs/orbbec_camera_msgs/srv/detail/get_camera_info__struct.hpp
[0.327s] -- Up-to-date: /home/amrl-linux24-04/ros2_ben/install/orbbec_camera_msgs/include/orbbec_camera_msgs/orbbec_camera_msgs/srv/detail/set_string__builder.hpp
[0.327s] -- Up-to-date: /home/amrl-linux24-04/ros2_ben/install/orbbec_camera_msgs/include/orbbec_camera_msgs/orbbec_camera_msgs/srv/detail/get_camera_info__builder.hpp
[0.327s] -- Up-to-date: /home/amrl-linux24-04/ros2_ben/install/orbbec_camera_msgs/include/orbbec_camera_msgs/orbbec_camera_msgs/srv/detail/get_bool__struct.hpp
[0.327s] -- Up-to-date: /home/amrl-linux24-04/ros2_ben/install/orbbec_camera_msgs/include/orbbec_camera_msgs/orbbec_camera_msgs/srv/detail/get_string__struct.hpp
[0.327s] -- Up-to-date: /home/amrl-linux24-04/ros2_ben/install/orbbec_camera_msgs/include/orbbec_camera_msgs/orbbec_camera_msgs/srv/detail/set_string__struct.hpp
[0.327s] -- Up-to-date: /home/amrl-linux24-04/ros2_ben/install/orbbec_camera_msgs/include/orbbec_camera_msgs/orbbec_camera_msgs/srv/detail/get_bool__type_support.hpp
[0.327s] -- Up-to-date: /home/amrl-linux24-04/ros2_ben/install/orbbec_camera_msgs/include/orbbec_camera_msgs/orbbec_camera_msgs/srv/detail/get_string__builder.hpp
[0.327s] -- Up-to-date: /home/amrl-linux24-04/ros2_ben/install/orbbec_camera_msgs/include/orbbec_camera_msgs/orbbec_camera_msgs/srv/detail/get_int32__traits.hpp
[0.327s] -- Up-to-date: /home/amrl-linux24-04/ros2_ben/install/orbbec_camera_msgs/include/orbbec_camera_msgs/orbbec_camera_msgs/srv/detail/get_device_info__builder.hpp
[0.327s] -- Up-to-date: /home/amrl-linux24-04/ros2_ben/install/orbbec_camera_msgs/include/orbbec_camera_msgs/orbbec_camera_msgs/srv/detail/get_device_info__type_support.hpp
[0.327s] -- Up-to-date: /home/amrl-linux24-04/ros2_ben/install/orbbec_camera_msgs/include/orbbec_camera_msgs/orbbec_camera_msgs/srv/detail/get_bool__builder.hpp
[0.327s] -- Up-to-date: /home/amrl-linux24-04/ros2_ben/install/orbbec_camera_msgs/include/orbbec_camera_msgs/orbbec_camera_msgs/srv/detail/set_int32__builder.hpp
[0.327s] -- Up-to-date: /home/amrl-linux24-04/ros2_ben/install/orbbec_camera_msgs/include/orbbec_camera_msgs/orbbec_camera_msgs/srv/detail/set_int32__struct.hpp
[0.327s] -- Up-to-date: /home/amrl-linux24-04/ros2_ben/install/orbbec_camera_msgs/include/orbbec_camera_msgs/orbbec_camera_msgs/srv/detail/get_device_info__traits.hpp
[0.327s] -- Up-to-date: /home/amrl-linux24-04/ros2_ben/install/orbbec_camera_msgs/include/orbbec_camera_msgs/orbbec_camera_msgs/srv/detail/get_string__type_support.hpp
[0.327s] -- Up-to-date: /home/amrl-linux24-04/ros2_ben/install/orbbec_camera_msgs/include/orbbec_camera_msgs/orbbec_camera_msgs/srv/detail/get_bool__traits.hpp
[0.327s] -- Up-to-date: /home/amrl-linux24-04/ros2_ben/install/orbbec_camera_msgs/include/orbbec_camera_msgs/orbbec_camera_msgs/srv/detail/set_string__type_support.hpp
[0.327s] -- Up-to-date: /home/amrl-linux24-04/ros2_ben/install/orbbec_camera_msgs/include/orbbec_camera_msgs/orbbec_camera_msgs/srv/detail/get_camera_info__type_support.hpp
[0.327s] -- Up-to-date: /home/amrl-linux24-04/ros2_ben/install/orbbec_camera_msgs/include/orbbec_camera_msgs/orbbec_camera_msgs/srv/detail/get_device_info__struct.hpp
[0.327s] -- Up-to-date: /home/amrl-linux24-04/ros2_ben/install/orbbec_camera_msgs/include/orbbec_camera_msgs/orbbec_camera_msgs/srv/detail/get_int32__struct.hpp
[0.327s] -- Up-to-date: /home/amrl-linux24-04/ros2_ben/install/orbbec_camera_msgs/include/orbbec_camera_msgs/orbbec_camera_msgs/srv/detail/get_int32__builder.hpp
[0.327s] -- Up-to-date: /home/amrl-linux24-04/ros2_ben/install/orbbec_camera_msgs/include/orbbec_camera_msgs/orbbec_camera_msgs/srv/set_int32.hpp
[0.327s] -- Up-to-date: /home/amrl-linux24-04/ros2_ben/install/orbbec_camera_msgs/include/orbbec_camera_msgs/orbbec_camera_msgs/srv/get_camera_info.hpp
[0.327s] -- Up-to-date: /home/amrl-linux24-04/ros2_ben/install/orbbec_camera_msgs/include/orbbec_camera_msgs/orbbec_camera_msgs/srv/set_string.hpp
[0.327s] -- Up-to-date: /home/amrl-linux24-04/ros2_ben/install/orbbec_camera_msgs/include/orbbec_camera_msgs/orbbec_camera_msgs/srv/get_int32.hpp
[0.327s] -- Up-to-date: /home/amrl-linux24-04/ros2_ben/install/orbbec_camera_msgs/include/orbbec_camera_msgs/orbbec_camera_msgs/srv/get_bool.hpp
[0.328s] -- Up-to-date: /home/amrl-linux24-04/ros2_ben/install/orbbec_camera_msgs/include/orbbec_camera_msgs/orbbec_camera_msgs/srv/get_string.hpp
[0.328s] -- Up-to-date: /home/amrl-linux24-04/ros2_ben/install/orbbec_camera_msgs/include/orbbec_camera_msgs/orbbec_camera_msgs/msg
[0.328s] -- Up-to-date: /home/amrl-linux24-04/ros2_ben/install/orbbec_camera_msgs/include/orbbec_camera_msgs/orbbec_camera_msgs/msg/metadata.hpp
[0.328s] -- Up-to-date: /home/amrl-linux24-04/ros2_ben/install/orbbec_camera_msgs/include/orbbec_camera_msgs/orbbec_camera_msgs/msg/detail
[0.328s] -- Up-to-date: /home/amrl-linux24-04/ros2_ben/install/orbbec_camera_msgs/include/orbbec_camera_msgs/orbbec_camera_msgs/msg/detail/metadata__type_support.hpp
[0.328s] -- Up-to-date: /home/amrl-linux24-04/ros2_ben/install/orbbec_camera_msgs/include/orbbec_camera_msgs/orbbec_camera_msgs/msg/detail/device_info__struct.hpp
[0.328s] -- Up-to-date: /home/amrl-linux24-04/ros2_ben/install/orbbec_camera_msgs/include/orbbec_camera_msgs/orbbec_camera_msgs/msg/detail/imu_info__builder.hpp
[0.328s] -- Up-to-date: /home/amrl-linux24-04/ros2_ben/install/orbbec_camera_msgs/include/orbbec_camera_msgs/orbbec_camera_msgs/msg/detail/rgbd__struct.hpp
[0.328s] -- Up-to-date: /home/amrl-linux24-04/ros2_ben/install/orbbec_camera_msgs/include/orbbec_camera_msgs/orbbec_camera_msgs/msg/detail/imu_info__traits.hpp
[0.328s] -- Up-to-date: /home/amrl-linux24-04/ros2_ben/install/orbbec_camera_msgs/include/orbbec_camera_msgs/orbbec_camera_msgs/msg/detail/imu_info__struct.hpp
[0.328s] -- Up-to-date: /home/amrl-linux24-04/ros2_ben/install/orbbec_camera_msgs/include/orbbec_camera_msgs/orbbec_camera_msgs/msg/detail/extrinsics__struct.hpp
[0.328s] -- Up-to-date: /home/amrl-linux24-04/ros2_ben/install/orbbec_camera_msgs/include/orbbec_camera_msgs/orbbec_camera_msgs/msg/detail/imu_info__type_support.hpp
[0.328s] -- Up-to-date: /home/amrl-linux24-04/ros2_ben/install/orbbec_camera_msgs/include/orbbec_camera_msgs/orbbec_camera_msgs/msg/detail/device_info__type_support.hpp
[0.328s] -- Up-to-date: /home/amrl-linux24-04/ros2_ben/install/orbbec_camera_msgs/include/orbbec_camera_msgs/orbbec_camera_msgs/msg/detail/extrinsics__type_support.hpp
[0.328s] -- Up-to-date: /home/amrl-linux24-04/ros2_ben/install/orbbec_camera_msgs/include/orbbec_camera_msgs/orbbec_camera_msgs/msg/detail/extrinsics__traits.hpp
[0.328s] -- Up-to-date: /home/amrl-linux24-04/ros2_ben/install/orbbec_camera_msgs/include/orbbec_camera_msgs/orbbec_camera_msgs/msg/detail/metadata__builder.hpp
[0.328s] -- Up-to-date: /home/amrl-linux24-04/ros2_ben/install/orbbec_camera_msgs/include/orbbec_camera_msgs/orbbec_camera_msgs/msg/detail/device_info__builder.hpp
[0.328s] -- Up-to-date: /home/amrl-linux24-04/ros2_ben/install/orbbec_camera_msgs/include/orbbec_camera_msgs/orbbec_camera_msgs/msg/detail/metadata__traits.hpp
[0.328s] -- Up-to-date: /home/amrl-linux24-04/ros2_ben/install/orbbec_camera_msgs/include/orbbec_camera_msgs/orbbec_camera_msgs/msg/detail/metadata__struct.hpp
[0.328s] -- Up-to-date: /home/amrl-linux24-04/ros2_ben/install/orbbec_camera_msgs/include/orbbec_camera_msgs/orbbec_camera_msgs/msg/detail/device_info__traits.hpp
[0.328s] -- Up-to-date: /home/amrl-linux24-04/ros2_ben/install/orbbec_camera_msgs/include/orbbec_camera_msgs/orbbec_camera_msgs/msg/detail/rgbd__traits.hpp
[0.328s] -- Up-to-date: /home/amrl-linux24-04/ros2_ben/install/orbbec_camera_msgs/include/orbbec_camera_msgs/orbbec_camera_msgs/msg/detail/extrinsics__builder.hpp
[0.328s] -- Up-to-date: /home/amrl-linux24-04/ros2_ben/install/orbbec_camera_msgs/include/orbbec_camera_msgs/orbbec_camera_msgs/msg/detail/rgbd__type_support.hpp
[0.328s] -- Up-to-date: /home/amrl-linux24-04/ros2_ben/install/orbbec_camera_msgs/include/orbbec_camera_msgs/orbbec_camera_msgs/msg/detail/rgbd__builder.hpp
[0.328s] -- Up-to-date: /home/amrl-linux24-04/ros2_ben/install/orbbec_camera_msgs/include/orbbec_camera_msgs/orbbec_camera_msgs/msg/imu_info.hpp
[0.328s] -- Up-to-date: /home/amrl-linux24-04/ros2_ben/install/orbbec_camera_msgs/include/orbbec_camera_msgs/orbbec_camera_msgs/msg/rgbd.hpp
[0.328s] -- Up-to-date: /home/amrl-linux24-04/ros2_ben/install/orbbec_camera_msgs/include/orbbec_camera_msgs/orbbec_camera_msgs/msg/rosidl_generator_cpp__visibility_control.hpp
[0.328s] -- Up-to-date: /home/amrl-linux24-04/ros2_ben/install/orbbec_camera_msgs/include/orbbec_camera_msgs/orbbec_camera_msgs/msg/device_info.hpp
[0.329s] -- Up-to-date: /home/amrl-linux24-04/ros2_ben/install/orbbec_camera_msgs/include/orbbec_camera_msgs/orbbec_camera_msgs/msg/extrinsics.hpp
[0.329s] -- Up-to-date: /home/amrl-linux24-04/ros2_ben/install/orbbec_camera_msgs/include/orbbec_camera_msgs/orbbec_camera_msgs
[0.329s] -- Up-to-date: /home/amrl-linux24-04/ros2_ben/install/orbbec_camera_msgs/include/orbbec_camera_msgs/orbbec_camera_msgs/srv
[0.329s] -- Up-to-date: /home/amrl-linux24-04/ros2_ben/install/orbbec_camera_msgs/include/orbbec_camera_msgs/orbbec_camera_msgs/srv/detail
[0.329s] -- Up-to-date: /home/amrl-linux24-04/ros2_ben/install/orbbec_camera_msgs/include/orbbec_camera_msgs/orbbec_camera_msgs/srv/detail/set_string__rosidl_typesupport_fastrtps_cpp.hpp
[0.329s] -- Up-to-date: /home/amrl-linux24-04/ros2_ben/install/orbbec_camera_msgs/include/orbbec_camera_msgs/orbbec_camera_msgs/srv/detail/set_int32__rosidl_typesupport_fastrtps_cpp.hpp
[0.329s] -- Up-to-date: /home/amrl-linux24-04/ros2_ben/install/orbbec_camera_msgs/include/orbbec_camera_msgs/orbbec_camera_msgs/srv/detail/dds_fastrtps
[0.329s] -- Up-to-date: /home/amrl-linux24-04/ros2_ben/install/orbbec_camera_msgs/include/orbbec_camera_msgs/orbbec_camera_msgs/srv/detail/get_bool__rosidl_typesupport_fastrtps_cpp.hpp
[0.329s] -- Up-to-date: /home/amrl-linux24-04/ros2_ben/install/orbbec_camera_msgs/include/orbbec_camera_msgs/orbbec_camera_msgs/srv/detail/get_device_info__rosidl_typesupport_fastrtps_cpp.hpp
[0.329s] -- Up-to-date: /home/amrl-linux24-04/ros2_ben/install/orbbec_camera_msgs/include/orbbec_camera_msgs/orbbec_camera_msgs/srv/detail/get_camera_info__rosidl_typesupport_fastrtps_cpp.hpp
[0.329s] -- Up-to-date: /home/amrl-linux24-04/ros2_ben/install/orbbec_camera_msgs/include/orbbec_camera_msgs/orbbec_camera_msgs/srv/detail/get_int32__rosidl_typesupport_fastrtps_cpp.hpp
[0.329s] -- Up-to-date: /home/amrl-linux24-04/ros2_ben/install/orbbec_camera_msgs/include/orbbec_camera_msgs/orbbec_camera_msgs/srv/detail/get_string__rosidl_typesupport_fastrtps_cpp.hpp
[0.329s] -- Up-to-date: /home/amrl-linux24-04/ros2_ben/install/orbbec_camera_msgs/include/orbbec_camera_msgs/orbbec_camera_msgs/msg
[0.329s] -- Up-to-date: /home/amrl-linux24-04/ros2_ben/install/orbbec_camera_msgs/include/orbbec_camera_msgs/orbbec_camera_msgs/msg/detail
[0.329s] -- Up-to-date: /home/amrl-linux24-04/ros2_ben/install/orbbec_camera_msgs/include/orbbec_camera_msgs/orbbec_camera_msgs/msg/detail/dds_fastrtps
[0.329s] -- Up-to-date: /home/amrl-linux24-04/ros2_ben/install/orbbec_camera_msgs/include/orbbec_camera_msgs/orbbec_camera_msgs/msg/detail/metadata__rosidl_typesupport_fastrtps_cpp.hpp
[0.329s] -- Up-to-date: /home/amrl-linux24-04/ros2_ben/install/orbbec_camera_msgs/include/orbbec_camera_msgs/orbbec_camera_msgs/msg/detail/rgbd__rosidl_typesupport_fastrtps_cpp.hpp
[0.329s] -- Up-to-date: /home/amrl-linux24-04/ros2_ben/install/orbbec_camera_msgs/include/orbbec_camera_msgs/orbbec_camera_msgs/msg/detail/imu_info__rosidl_typesupport_fastrtps_cpp.hpp
[0.329s] -- Up-to-date: /home/amrl-linux24-04/ros2_ben/install/orbbec_camera_msgs/include/orbbec_camera_msgs/orbbec_camera_msgs/msg/detail/device_info__rosidl_typesupport_fastrtps_cpp.hpp
[0.329s] -- Up-to-date: /home/amrl-linux24-04/ros2_ben/install/orbbec_camera_msgs/include/orbbec_camera_msgs/orbbec_camera_msgs/msg/detail/extrinsics__rosidl_typesupport_fastrtps_cpp.hpp
[0.329s] -- Up-to-date: /home/amrl-linux24-04/ros2_ben/install/orbbec_camera_msgs/include/orbbec_camera_msgs/orbbec_camera_msgs/msg/rosidl_typesupport_fastrtps_cpp__visibility_control.h
[0.329s] -- Up-to-date: /home/amrl-linux24-04/ros2_ben/install/orbbec_camera_msgs/lib/liborbbec_camera_msgs__rosidl_typesupport_fastrtps_cpp.so
[0.329s] -- Up-to-date: /home/amrl-linux24-04/ros2_ben/install/orbbec_camera_msgs/include/orbbec_camera_msgs/orbbec_camera_msgs
[0.329s] -- Up-to-date: /home/amrl-linux24-04/ros2_ben/install/orbbec_camera_msgs/include/orbbec_camera_msgs/orbbec_camera_msgs/srv
[0.329s] -- Up-to-date: /home/amrl-linux24-04/ros2_ben/install/orbbec_camera_msgs/include/orbbec_camera_msgs/orbbec_camera_msgs/srv/detail
[0.329s] -- Up-to-date: /home/amrl-linux24-04/ros2_ben/install/orbbec_camera_msgs/include/orbbec_camera_msgs/orbbec_camera_msgs/srv/detail/get_camera_info__rosidl_typesupport_introspection_cpp.hpp
[0.329s] -- Up-to-date: /home/amrl-linux24-04/ros2_ben/install/orbbec_camera_msgs/include/orbbec_camera_msgs/orbbec_camera_msgs/srv/detail/get_int32__rosidl_typesupport_introspection_cpp.hpp
[0.329s] -- Up-to-date: /home/amrl-linux24-04/ros2_ben/install/orbbec_camera_msgs/include/orbbec_camera_msgs/orbbec_camera_msgs/srv/detail/get_device_info__rosidl_typesupport_introspection_cpp.hpp
[0.329s] -- Up-to-date: /home/amrl-linux24-04/ros2_ben/install/orbbec_camera_msgs/include/orbbec_camera_msgs/orbbec_camera_msgs/srv/detail/get_bool__type_support.cpp
[0.330s] -- Up-to-date: /home/amrl-linux24-04/ros2_ben/install/orbbec_camera_msgs/include/orbbec_camera_msgs/orbbec_camera_msgs/srv/detail/get_device_info__type_support.cpp
[0.330s] -- Up-to-date: /home/amrl-linux24-04/ros2_ben/install/orbbec_camera_msgs/include/orbbec_camera_msgs/orbbec_camera_msgs/srv/detail/set_string__type_support.cpp
[0.330s] -- Up-to-date: /home/amrl-linux24-04/ros2_ben/install/orbbec_camera_msgs/include/orbbec_camera_msgs/orbbec_camera_msgs/srv/detail/set_int32__rosidl_typesupport_introspection_cpp.hpp
[0.330s] -- Up-to-date: /home/amrl-linux24-04/ros2_ben/install/orbbec_camera_msgs/include/orbbec_camera_msgs/orbbec_camera_msgs/srv/detail/get_string__rosidl_typesupport_introspection_cpp.hpp
[0.330s] -- Up-to-date: /home/amrl-linux24-04/ros2_ben/install/orbbec_camera_msgs/include/orbbec_camera_msgs/orbbec_camera_msgs/srv/detail/get_camera_info__type_support.cpp
[0.330s] -- Up-to-date: /home/amrl-linux24-04/ros2_ben/install/orbbec_camera_msgs/include/orbbec_camera_msgs/orbbec_camera_msgs/srv/detail/set_int32__type_support.cpp
[0.330s] -- Up-to-date: /home/amrl-linux24-04/ros2_ben/install/orbbec_camera_msgs/include/orbbec_camera_msgs/orbbec_camera_msgs/srv/detail/set_string__rosidl_typesupport_introspection_cpp.hpp
[0.330s] -- Up-to-date: /home/amrl-linux24-04/ros2_ben/install/orbbec_camera_msgs/include/orbbec_camera_msgs/orbbec_camera_msgs/srv/detail/get_string__type_support.cpp
[0.330s] -- Up-to-date: /home/amrl-linux24-04/ros2_ben/install/orbbec_camera_msgs/include/orbbec_camera_msgs/orbbec_camera_msgs/srv/detail/get_bool__rosidl_typesupport_introspection_cpp.hpp
[0.330s] -- Up-to-date: /home/amrl-linux24-04/ros2_ben/install/orbbec_camera_msgs/include/orbbec_camera_msgs/orbbec_camera_msgs/srv/detail/get_int32__type_support.cpp
[0.330s] -- Up-to-date: /home/amrl-linux24-04/ros2_ben/install/orbbec_camera_msgs/include/orbbec_camera_msgs/orbbec_camera_msgs/msg
[0.330s] -- Up-to-date: /home/amrl-linux24-04/ros2_ben/install/orbbec_camera_msgs/include/orbbec_camera_msgs/orbbec_camera_msgs/msg/detail
[0.330s] -- Up-to-date: /home/amrl-linux24-04/ros2_ben/install/orbbec_camera_msgs/include/orbbec_camera_msgs/orbbec_camera_msgs/msg/detail/imu_info__type_support.cpp
[0.330s] -- Up-to-date: /home/amrl-linux24-04/ros2_ben/install/orbbec_camera_msgs/include/orbbec_camera_msgs/orbbec_camera_msgs/msg/detail/metadata__rosidl_typesupport_introspection_cpp.hpp
[0.330s] -- Up-to-date: /home/amrl-linux24-04/ros2_ben/install/orbbec_camera_msgs/include/orbbec_camera_msgs/orbbec_camera_msgs/msg/detail/device_info__type_support.cpp
[0.330s] -- Up-to-date: /home/amrl-linux24-04/ros2_ben/install/orbbec_camera_msgs/include/orbbec_camera_msgs/orbbec_camera_msgs/msg/detail/imu_info__rosidl_typesupport_introspection_cpp.hpp
[0.330s] -- Up-to-date: /home/amrl-linux24-04/ros2_ben/install/orbbec_camera_msgs/include/orbbec_camera_msgs/orbbec_camera_msgs/msg/detail/extrinsics__rosidl_typesupport_introspection_cpp.hpp
[0.330s] -- Up-to-date: /home/amrl-linux24-04/ros2_ben/install/orbbec_camera_msgs/include/orbbec_camera_msgs/orbbec_camera_msgs/msg/detail/device_info__rosidl_typesupport_introspection_cpp.hpp
[0.330s] -- Up-to-date: /home/amrl-linux24-04/ros2_ben/install/orbbec_camera_msgs/include/orbbec_camera_msgs/orbbec_camera_msgs/msg/detail/rgbd__rosidl_typesupport_introspection_cpp.hpp
[0.330s] -- Up-to-date: /home/amrl-linux24-04/ros2_ben/install/orbbec_camera_msgs/include/orbbec_camera_msgs/orbbec_camera_msgs/msg/detail/metadata__type_support.cpp
[0.330s] -- Up-to-date: /home/amrl-linux24-04/ros2_ben/install/orbbec_camera_msgs/include/orbbec_camera_msgs/orbbec_camera_msgs/msg/detail/extrinsics__type_support.cpp
[0.330s] -- Up-to-date: /home/amrl-linux24-04/ros2_ben/install/orbbec_camera_msgs/include/orbbec_camera_msgs/orbbec_camera_msgs/msg/detail/rgbd__type_support.cpp
[0.330s] -- Up-to-date: /home/amrl-linux24-04/ros2_ben/install/orbbec_camera_msgs/lib/liborbbec_camera_msgs__rosidl_typesupport_introspection_cpp.so
[0.330s] -- Up-to-date: /home/amrl-linux24-04/ros2_ben/install/orbbec_camera_msgs/lib/liborbbec_camera_msgs__rosidl_typesupport_cpp.so
[0.330s] -- Up-to-date: /home/amrl-linux24-04/ros2_ben/install/orbbec_camera_msgs/share/orbbec_camera_msgs/environment/pythonpath.sh
[0.330s] -- Up-to-date: /home/amrl-linux24-04/ros2_ben/install/orbbec_camera_msgs/share/orbbec_camera_msgs/environment/pythonpath.dsv
[0.331s] -- Up-to-date: /home/amrl-linux24-04/ros2_ben/install/orbbec_camera_msgs/lib/python3.12/site-packages/orbbec_camera_msgs-1.2.2-py3.12.egg-info
[0.331s] -- Installing: /home/amrl-linux24-04/ros2_ben/install/orbbec_camera_msgs/lib/python3.12/site-packages/orbbec_camera_msgs-1.2.2-py3.12.egg-info/top_level.txt
[0.331s] -- Installing: /home/amrl-linux24-04/ros2_ben/install/orbbec_camera_msgs/lib/python3.12/site-packages/orbbec_camera_msgs-1.2.2-py3.12.egg-info/dependency_links.txt
[0.331s] -- Installing: /home/amrl-linux24-04/ros2_ben/install/orbbec_camera_msgs/lib/python3.12/site-packages/orbbec_camera_msgs-1.2.2-py3.12.egg-info/PKG-INFO
[0.331s] -- Installing: /home/amrl-linux24-04/ros2_ben/install/orbbec_camera_msgs/lib/python3.12/site-packages/orbbec_camera_msgs-1.2.2-py3.12.egg-info/SOURCES.txt
[0.331s] -- Up-to-date: /home/amrl-linux24-04/ros2_ben/install/orbbec_camera_msgs/lib/python3.12/site-packages/orbbec_camera_msgs
[0.331s] -- Up-to-date: /home/amrl-linux24-04/ros2_ben/install/orbbec_camera_msgs/lib/python3.12/site-packages/orbbec_camera_msgs/srv
[0.331s] -- Up-to-date: /home/amrl-linux24-04/ros2_ben/install/orbbec_camera_msgs/lib/python3.12/site-packages/orbbec_camera_msgs/srv/_get_bool_s.c
[0.331s] -- Up-to-date: /home/amrl-linux24-04/ros2_ben/install/orbbec_camera_msgs/lib/python3.12/site-packages/orbbec_camera_msgs/srv/_get_device_info_s.c
[0.331s] -- Up-to-date: /home/amrl-linux24-04/ros2_ben/install/orbbec_camera_msgs/lib/python3.12/site-packages/orbbec_camera_msgs/srv/__init__.py
[0.331s] -- Up-to-date: /home/amrl-linux24-04/ros2_ben/install/orbbec_camera_msgs/lib/python3.12/site-packages/orbbec_camera_msgs/srv/_set_int32_s.c
[0.331s] -- Up-to-date: /home/amrl-linux24-04/ros2_ben/install/orbbec_camera_msgs/lib/python3.12/site-packages/orbbec_camera_msgs/srv/_get_string.py
[0.331s] -- Up-to-date: /home/amrl-linux24-04/ros2_ben/install/orbbec_camera_msgs/lib/python3.12/site-packages/orbbec_camera_msgs/srv/_set_string.py
[0.331s] -- Up-to-date: /home/amrl-linux24-04/ros2_ben/install/orbbec_camera_msgs/lib/python3.12/site-packages/orbbec_camera_msgs/srv/_set_string_s.c
[0.331s] -- Up-to-date: /home/amrl-linux24-04/ros2_ben/install/orbbec_camera_msgs/lib/python3.12/site-packages/orbbec_camera_msgs/srv/_set_int32.py
[0.331s] -- Up-to-date: /home/amrl-linux24-04/ros2_ben/install/orbbec_camera_msgs/lib/python3.12/site-packages/orbbec_camera_msgs/srv/_get_camera_info.py
[0.331s] -- Up-to-date: /home/amrl-linux24-04/ros2_ben/install/orbbec_camera_msgs/lib/python3.12/site-packages/orbbec_camera_msgs/srv/_get_bool.py
[0.331s] -- Up-to-date: /home/amrl-linux24-04/ros2_ben/install/orbbec_camera_msgs/lib/python3.12/site-packages/orbbec_camera_msgs/srv/_get_int32.py
[0.331s] -- Up-to-date: /home/amrl-linux24-04/ros2_ben/install/orbbec_camera_msgs/lib/python3.12/site-packages/orbbec_camera_msgs/srv/_get_string_s.c
[0.331s] -- Up-to-date: /home/amrl-linux24-04/ros2_ben/install/orbbec_camera_msgs/lib/python3.12/site-packages/orbbec_camera_msgs/srv/_get_int32_s.c
[0.331s] -- Up-to-date: /home/amrl-linux24-04/ros2_ben/install/orbbec_camera_msgs/lib/python3.12/site-packages/orbbec_camera_msgs/srv/_get_device_info.py
[0.331s] -- Up-to-date: /home/amrl-linux24-04/ros2_ben/install/orbbec_camera_msgs/lib/python3.12/site-packages/orbbec_camera_msgs/srv/_get_camera_info_s.c
[0.332s] -- Up-to-date: /home/amrl-linux24-04/ros2_ben/install/orbbec_camera_msgs/lib/python3.12/site-packages/orbbec_camera_msgs/__init__.py
[0.332s] -- Up-to-date: /home/amrl-linux24-04/ros2_ben/install/orbbec_camera_msgs/lib/python3.12/site-packages/orbbec_camera_msgs/_orbbec_camera_msgs_s.ep.rosidl_typesupport_introspection_c.c
[0.332s] -- Up-to-date: /home/amrl-linux24-04/ros2_ben/install/orbbec_camera_msgs/lib/python3.12/site-packages/orbbec_camera_msgs/orbbec_camera_msgs_s__rosidl_typesupport_fastrtps_c.so
[0.332s] -- Up-to-date: /home/amrl-linux24-04/ros2_ben/install/orbbec_camera_msgs/lib/python3.12/site-packages/orbbec_camera_msgs/_orbbec_camera_msgs_s.ep.rosidl_typesupport_c.c
[0.332s] -- Up-to-date: /home/amrl-linux24-04/ros2_ben/install/orbbec_camera_msgs/lib/python3.12/site-packages/orbbec_camera_msgs/msg
[0.332s] -- Up-to-date: /home/amrl-linux24-04/ros2_ben/install/orbbec_camera_msgs/lib/python3.12/site-packages/orbbec_camera_msgs/msg/_device_info.py
[0.332s] -- Up-to-date: /home/amrl-linux24-04/ros2_ben/install/orbbec_camera_msgs/lib/python3.12/site-packages/orbbec_camera_msgs/msg/_metadata.py
[0.332s] -- Up-to-date: /home/amrl-linux24-04/ros2_ben/install/orbbec_camera_msgs/lib/python3.12/site-packages/orbbec_camera_msgs/msg/_extrinsics_s.c
[0.332s] -- Up-to-date: /home/amrl-linux24-04/ros2_ben/install/orbbec_camera_msgs/lib/python3.12/site-packages/orbbec_camera_msgs/msg/_extrinsics.py
[0.332s] -- Up-to-date: /home/amrl-linux24-04/ros2_ben/install/orbbec_camera_msgs/lib/python3.12/site-packages/orbbec_camera_msgs/msg/__init__.py
[0.332s] -- Up-to-date: /home/amrl-linux24-04/ros2_ben/install/orbbec_camera_msgs/lib/python3.12/site-packages/orbbec_camera_msgs/msg/_imu_info.py
[0.332s] -- Up-to-date: /home/amrl-linux24-04/ros2_ben/install/orbbec_camera_msgs/lib/python3.12/site-packages/orbbec_camera_msgs/msg/_rgbd.py
[0.332s] -- Up-to-date: /home/amrl-linux24-04/ros2_ben/install/orbbec_camera_msgs/lib/python3.12/site-packages/orbbec_camera_msgs/msg/_device_info_s.c
[0.332s] -- Up-to-date: /home/amrl-linux24-04/ros2_ben/install/orbbec_camera_msgs/lib/python3.12/site-packages/orbbec_camera_msgs/msg/_imu_info_s.c
[0.332s] -- Up-to-date: /home/amrl-linux24-04/ros2_ben/install/orbbec_camera_msgs/lib/python3.12/site-packages/orbbec_camera_msgs/msg/_rgbd_s.c
[0.332s] -- Up-to-date: /home/amrl-linux24-04/ros2_ben/install/orbbec_camera_msgs/lib/python3.12/site-packages/orbbec_camera_msgs/msg/_metadata_s.c
[0.332s] -- Up-to-date: /home/amrl-linux24-04/ros2_ben/install/orbbec_camera_msgs/lib/python3.12/site-packages/orbbec_camera_msgs/orbbec_camera_msgs_s__rosidl_typesupport_introspection_c.so
[0.332s] -- Up-to-date: /home/amrl-linux24-04/ros2_ben/install/orbbec_camera_msgs/lib/python3.12/site-packages/orbbec_camera_msgs/_orbbec_camera_msgs_s.ep.rosidl_typesupport_fastrtps_c.c
[0.333s] -- Up-to-date: /home/amrl-linux24-04/ros2_ben/install/orbbec_camera_msgs/lib/python3.12/site-packages/orbbec_camera_msgs/orbbec_camera_msgs_s__rosidl_typesupport_c.so
[0.345s] Listing '/home/amrl-linux24-04/ros2_ben/install/orbbec_camera_msgs/lib/python3.12/site-packages/orbbec_camera_msgs'...
[0.345s] Listing '/home/amrl-linux24-04/ros2_ben/install/orbbec_camera_msgs/lib/python3.12/site-packages/orbbec_camera_msgs/msg'...
[0.345s] Listing '/home/amrl-linux24-04/ros2_ben/install/orbbec_camera_msgs/lib/python3.12/site-packages/orbbec_camera_msgs/srv'...
[0.348s] -- Up-to-date: /home/amrl-linux24-04/ros2_ben/install/orbbec_camera_msgs/lib/python3.12/site-packages/orbbec_camera_msgs/orbbec_camera_msgs_s__rosidl_typesupport_fastrtps_c.so
[0.348s] -- Up-to-date: /home/amrl-linux24-04/ros2_ben/install/orbbec_camera_msgs/lib/python3.12/site-packages/orbbec_camera_msgs/orbbec_camera_msgs_s__rosidl_typesupport_introspection_c.so
[0.348s] -- Up-to-date: /home/amrl-linux24-04/ros2_ben/install/orbbec_camera_msgs/lib/python3.12/site-packages/orbbec_camera_msgs/orbbec_camera_msgs_s__rosidl_typesupport_c.so
[0.348s] -- Up-to-date: /home/amrl-linux24-04/ros2_ben/install/orbbec_camera_msgs/lib/liborbbec_camera_msgs__rosidl_generator_py.so
[0.348s] -- Up-to-date: /home/amrl-linux24-04/ros2_ben/install/orbbec_camera_msgs/share/orbbec_camera_msgs/msg/DeviceInfo.idl
[0.348s] -- Up-to-date: /home/amrl-linux24-04/ros2_ben/install/orbbec_camera_msgs/share/orbbec_camera_msgs/msg/Extrinsics.idl
[0.349s] -- Up-to-date: /home/amrl-linux24-04/ros2_ben/install/orbbec_camera_msgs/share/orbbec_camera_msgs/msg/Metadata.idl
[0.349s] -- Up-to-date: /home/amrl-linux24-04/ros2_ben/install/orbbec_camera_msgs/share/orbbec_camera_msgs/msg/IMUInfo.idl
[0.349s] -- Up-to-date: /home/amrl-linux24-04/ros2_ben/install/orbbec_camera_msgs/share/orbbec_camera_msgs/msg/RGBD.idl
[0.349s] -- Up-to-date: /home/amrl-linux24-04/ros2_ben/install/orbbec_camera_msgs/share/orbbec_camera_msgs/srv/GetBool.idl
[0.349s] -- Up-to-date: /home/amrl-linux24-04/ros2_ben/install/orbbec_camera_msgs/share/orbbec_camera_msgs/srv/GetDeviceInfo.idl
[0.349s] -- Up-to-date: /home/amrl-linux24-04/ros2_ben/install/orbbec_camera_msgs/share/orbbec_camera_msgs/srv/GetCameraInfo.idl
[0.349s] -- Up-to-date: /home/amrl-linux24-04/ros2_ben/install/orbbec_camera_msgs/share/orbbec_camera_msgs/srv/GetInt32.idl
[0.349s] -- Up-to-date: /home/amrl-linux24-04/ros2_ben/install/orbbec_camera_msgs/share/orbbec_camera_msgs/srv/GetString.idl
[0.349s] -- Up-to-date: /home/amrl-linux24-04/ros2_ben/install/orbbec_camera_msgs/share/orbbec_camera_msgs/srv/SetInt32.idl
[0.349s] -- Up-to-date: /home/amrl-linux24-04/ros2_ben/install/orbbec_camera_msgs/share/orbbec_camera_msgs/srv/SetString.idl
[0.349s] -- Up-to-date: /home/amrl-linux24-04/ros2_ben/install/orbbec_camera_msgs/share/orbbec_camera_msgs/msg/DeviceInfo.msg
[0.349s] -- Up-to-date: /home/amrl-linux24-04/ros2_ben/install/orbbec_camera_msgs/share/orbbec_camera_msgs/msg/Extrinsics.msg
[0.349s] -- Up-to-date: /home/amrl-linux24-04/ros2_ben/install/orbbec_camera_msgs/share/orbbec_camera_msgs/msg/Metadata.msg
[0.349s] -- Up-to-date: /home/amrl-linux24-04/ros2_ben/install/orbbec_camera_msgs/share/orbbec_camera_msgs/msg/IMUInfo.msg
[0.349s] -- Up-to-date: /home/amrl-linux24-04/ros2_ben/install/orbbec_camera_msgs/share/orbbec_camera_msgs/msg/RGBD.msg
[0.349s] -- Up-to-date: /home/amrl-linux24-04/ros2_ben/install/orbbec_camera_msgs/share/orbbec_camera_msgs/srv/GetBool.srv
[0.349s] -- Up-to-date: /home/amrl-linux24-04/ros2_ben/install/orbbec_camera_msgs/share/orbbec_camera_msgs/srv/GetDeviceInfo.srv
[0.349s] -- Up-to-date: /home/amrl-linux24-04/ros2_ben/install/orbbec_camera_msgs/share/orbbec_camera_msgs/srv/GetCameraInfo.srv
[0.349s] -- Up-to-date: /home/amrl-linux24-04/ros2_ben/install/orbbec_camera_msgs/share/orbbec_camera_msgs/srv/GetInt32.srv
[0.349s] -- Up-to-date: /home/amrl-linux24-04/ros2_ben/install/orbbec_camera_msgs/share/orbbec_camera_msgs/srv/GetString.srv
[0.349s] -- Up-to-date: /home/amrl-linux24-04/ros2_ben/install/orbbec_camera_msgs/share/orbbec_camera_msgs/srv/SetInt32.srv
[0.350s] -- Up-to-date: /home/amrl-linux24-04/ros2_ben/install/orbbec_camera_msgs/share/orbbec_camera_msgs/srv/SetString.srv
[0.350s] -- Up-to-date: /home/amrl-linux24-04/ros2_ben/install/orbbec_camera_msgs/share/ament_index/resource_index/package_run_dependencies/orbbec_camera_msgs
[0.350s] -- Up-to-date: /home/amrl-linux24-04/ros2_ben/install/orbbec_camera_msgs/share/ament_index/resource_index/parent_prefix_path/orbbec_camera_msgs
[0.350s] -- Up-to-date: /home/amrl-linux24-04/ros2_ben/install/orbbec_camera_msgs/share/orbbec_camera_msgs/environment/ament_prefix_path.sh
[0.350s] -- Up-to-date: /home/amrl-linux24-04/ros2_ben/install/orbbec_camera_msgs/share/orbbec_camera_msgs/environment/ament_prefix_path.dsv
[0.350s] -- Up-to-date: /home/amrl-linux24-04/ros2_ben/install/orbbec_camera_msgs/share/orbbec_camera_msgs/environment/path.sh
[0.350s] -- Up-to-date: /home/amrl-linux24-04/ros2_ben/install/orbbec_camera_msgs/share/orbbec_camera_msgs/environment/path.dsv
[0.350s] -- Up-to-date: /home/amrl-linux24-04/ros2_ben/install/orbbec_camera_msgs/share/orbbec_camera_msgs/local_setup.bash
[0.350s] -- Up-to-date: /home/amrl-linux24-04/ros2_ben/install/orbbec_camera_msgs/share/orbbec_camera_msgs/local_setup.sh
[0.350s] -- Up-to-date: /home/amrl-linux24-04/ros2_ben/install/orbbec_camera_msgs/share/orbbec_camera_msgs/local_setup.zsh
[0.350s] -- Up-to-date: /home/amrl-linux24-04/ros2_ben/install/orbbec_camera_msgs/share/orbbec_camera_msgs/local_setup.dsv
[0.350s] -- Installing: /home/amrl-linux24-04/ros2_ben/install/orbbec_camera_msgs/share/orbbec_camera_msgs/package.dsv
[0.350s] -- Up-to-date: /home/amrl-linux24-04/ros2_ben/install/orbbec_camera_msgs/share/ament_index/resource_index/packages/orbbec_camera_msgs
[0.350s] -- Up-to-date: /home/amrl-linux24-04/ros2_ben/install/orbbec_camera_msgs/share/orbbec_camera_msgs/cmake/export_orbbec_camera_msgs__rosidl_generator_cExport.cmake
[0.350s] -- Up-to-date: /home/amrl-linux24-04/ros2_ben/install/orbbec_camera_msgs/share/orbbec_camera_msgs/cmake/export_orbbec_camera_msgs__rosidl_generator_cExport-release.cmake
[0.350s] -- Up-to-date: /home/amrl-linux24-04/ros2_ben/install/orbbec_camera_msgs/share/orbbec_camera_msgs/cmake/export_orbbec_camera_msgs__rosidl_typesupport_fastrtps_cExport.cmake
[0.350s] -- Up-to-date: /home/amrl-linux24-04/ros2_ben/install/orbbec_camera_msgs/share/orbbec_camera_msgs/cmake/export_orbbec_camera_msgs__rosidl_typesupport_fastrtps_cExport-release.cmake
[0.351s] -- Up-to-date: /home/amrl-linux24-04/ros2_ben/install/orbbec_camera_msgs/share/orbbec_camera_msgs/cmake/orbbec_camera_msgs__rosidl_typesupport_introspection_cExport.cmake
[0.351s] -- Up-to-date: /home/amrl-linux24-04/ros2_ben/install/orbbec_camera_msgs/share/orbbec_camera_msgs/cmake/orbbec_camera_msgs__rosidl_typesupport_introspection_cExport-release.cmake
[0.351s] -- Up-to-date: /home/amrl-linux24-04/ros2_ben/install/orbbec_camera_msgs/share/orbbec_camera_msgs/cmake/orbbec_camera_msgs__rosidl_typesupport_cExport.cmake
[0.351s] -- Up-to-date: /home/amrl-linux24-04/ros2_ben/install/orbbec_camera_msgs/share/orbbec_camera_msgs/cmake/orbbec_camera_msgs__rosidl_typesupport_cExport-release.cmake
[0.351s] -- Up-to-date: /home/amrl-linux24-04/ros2_ben/install/orbbec_camera_msgs/share/orbbec_camera_msgs/cmake/export_orbbec_camera_msgs__rosidl_generator_cppExport.cmake
[0.351s] -- Up-to-date: /home/amrl-linux24-04/ros2_ben/install/orbbec_camera_msgs/share/orbbec_camera_msgs/cmake/export_orbbec_camera_msgs__rosidl_typesupport_fastrtps_cppExport.cmake
[0.351s] -- Up-to-date: /home/amrl-linux24-04/ros2_ben/install/orbbec_camera_msgs/share/orbbec_camera_msgs/cmake/export_orbbec_camera_msgs__rosidl_typesupport_fastrtps_cppExport-release.cmake
[0.351s] -- Up-to-date: /home/amrl-linux24-04/ros2_ben/install/orbbec_camera_msgs/share/orbbec_camera_msgs/cmake/orbbec_camera_msgs__rosidl_typesupport_introspection_cppExport.cmake
[0.351s] -- Up-to-date: /home/amrl-linux24-04/ros2_ben/install/orbbec_camera_msgs/share/orbbec_camera_msgs/cmake/orbbec_camera_msgs__rosidl_typesupport_introspection_cppExport-release.cmake
[0.351s] -- Up-to-date: /home/amrl-linux24-04/ros2_ben/install/orbbec_camera_msgs/share/orbbec_camera_msgs/cmake/orbbec_camera_msgs__rosidl_typesupport_cppExport.cmake
[0.351s] -- Up-to-date: /home/amrl-linux24-04/ros2_ben/install/orbbec_camera_msgs/share/orbbec_camera_msgs/cmake/orbbec_camera_msgs__rosidl_typesupport_cppExport-release.cmake
[0.351s] -- Up-to-date: /home/amrl-linux24-04/ros2_ben/install/orbbec_camera_msgs/share/orbbec_camera_msgs/cmake/export_orbbec_camera_msgs__rosidl_generator_pyExport.cmake
[0.351s] -- Up-to-date: /home/amrl-linux24-04/ros2_ben/install/orbbec_camera_msgs/share/orbbec_camera_msgs/cmake/export_orbbec_camera_msgs__rosidl_generator_pyExport-release.cmake
[0.351s] -- Up-to-date: /home/amrl-linux24-04/ros2_ben/install/orbbec_camera_msgs/share/orbbec_camera_msgs/cmake/rosidl_cmake-extras.cmake
[0.351s] -- Up-to-date: /home/amrl-linux24-04/ros2_ben/install/orbbec_camera_msgs/share/orbbec_camera_msgs/cmake/ament_cmake_export_dependencies-extras.cmake
[0.352s] -- Up-to-date: /home/amrl-linux24-04/ros2_ben/install/orbbec_camera_msgs/share/orbbec_camera_msgs/cmake/ament_cmake_export_include_directories-extras.cmake
[0.352s] -- Up-to-date: /home/amrl-linux24-04/ros2_ben/install/orbbec_camera_msgs/share/orbbec_camera_msgs/cmake/ament_cmake_export_libraries-extras.cmake
[0.352s] -- Up-to-date: /home/amrl-linux24-04/ros2_ben/install/orbbec_camera_msgs/share/orbbec_camera_msgs/cmake/ament_cmake_export_targets-extras.cmake
[0.352s] -- Up-to-date: /home/amrl-linux24-04/ros2_ben/install/orbbec_camera_msgs/share/orbbec_camera_msgs/cmake/rosidl_cmake_export_typesupport_targets-extras.cmake
[0.352s] -- Up-to-date: /home/amrl-linux24-04/ros2_ben/install/orbbec_camera_msgs/share/orbbec_camera_msgs/cmake/rosidl_cmake_export_typesupport_libraries-extras.cmake
[0.352s] -- Up-to-date: /home/amrl-linux24-04/ros2_ben/install/orbbec_camera_msgs/share/orbbec_camera_msgs/cmake/orbbec_camera_msgsConfig.cmake
[0.352s] -- Up-to-date: /home/amrl-linux24-04/ros2_ben/install/orbbec_camera_msgs/share/orbbec_camera_msgs/cmake/orbbec_camera_msgsConfig-version.cmake
[0.352s] -- Up-to-date: /home/amrl-linux24-04/ros2_ben/install/orbbec_camera_msgs/share/orbbec_camera_msgs/package.xml
[0.354s] Invoked command in '/home/amrl-linux24-04/ros2_ben/build/orbbec_camera_msgs' returned '0': CMAKE_PREFIX_PATH=${CMAKE_PREFIX_PATH}:/home/amrl-linux24-04/ros2_ben/install/igusgus_launch:/opt/ros/jazzy DEBUGINFOD_URLS=https://debuginfod.ubuntu.com /usr/bin/cmake --install /home/amrl-linux24-04/ros2_ben/build/orbbec_camera_msgs
