[0.080s] Invoking command in '/home/amrl-linux24-04/ros2_ben/build/realsense2_camera_msgs': CMAKE_PREFIX_PATH=${CMAKE_PREFIX_PATH}:/home/amrl-linux24-04/ros2_ben/install/yolo_ros:/home/amrl-linux24-04/ros2_ben/install/igusgus_launch:/home/amrl-linux24-04/ros2_ben/install/igusgus:/opt/ros/jazzy DEBUGINFOD_URLS=https://debuginfod.ubuntu.com /usr/bin/cmake --build /home/amrl-linux24-04/ros2_ben/build/realsense2_camera_msgs -- -j22 -l22
[0.267s] [  1%] Built target realsense2_camera_msgs__rosidl_generator_type_description
[0.333s] [  1%] Built target ament_cmake_python_copy_realsense2_camera_msgs
[0.356s] [  1%] Built target realsense2_camera_msgs__cpp
[0.413s] [ 26%] Built target realsense2_camera_msgs__rosidl_generator_c
[0.591s] [ 36%] Built target realsense2_camera_msgs__rosidl_typesupport_introspection_cpp
[0.597s] [ 45%] Built target realsense2_camera_msgs__rosidl_typesupport_cpp
[0.614s] [ 55%] Built target realsense2_camera_msgs__rosidl_typesupport_fastrtps_c
[0.636s] [ 65%] Built target realsense2_camera_msgs__rosidl_typesupport_c
[0.640s] [ 75%] Built target realsense2_camera_msgs__rosidl_typesupport_fastrtps_cpp
[0.646s] [ 84%] Built target realsense2_camera_msgs__rosidl_typesupport_introspection_c
[0.738s] [ 84%] Built target realsense2_camera_msgs
[0.865s] [ 85%] Built target realsense2_camera_msgs__py
[1.025s] [ 94%] Built target realsense2_camera_msgs__rosidl_generator_py
[1.176s] [ 96%] Built target realsense2_camera_msgs_s__rosidl_typesupport_c
[1.176s] [ 98%] Built target realsense2_camera_msgs_s__rosidl_typesupport_introspection_c
[1.180s] [100%] Built target realsense2_camera_msgs_s__rosidl_typesupport_fastrtps_c
[1.556s] running egg_info
[1.676s] writing realsense2_camera_msgs.egg-info/PKG-INFO
[1.677s] writing dependency_links to realsense2_camera_msgs.egg-info/dependency_links.txt
[1.678s] writing top-level names to realsense2_camera_msgs.egg-info/top_level.txt
[1.998s] reading manifest file 'realsense2_camera_msgs.egg-info/SOURCES.txt'
[2.000s] writing manifest file 'realsense2_camera_msgs.egg-info/SOURCES.txt'
[2.159s] [100%] Built target ament_cmake_python_build_realsense2_camera_msgs_egg
[2.293s] Invoked command in '/home/amrl-linux24-04/ros2_ben/build/realsense2_camera_msgs' returned '0': CMAKE_PREFIX_PATH=${CMAKE_PREFIX_PATH}:/home/amrl-linux24-04/ros2_ben/install/yolo_ros:/home/amrl-linux24-04/ros2_ben/install/igusgus_launch:/home/amrl-linux24-04/ros2_ben/install/igusgus:/opt/ros/jazzy DEBUGINFOD_URLS=https://debuginfod.ubuntu.com /usr/bin/cmake --build /home/amrl-linux24-04/ros2_ben/build/realsense2_camera_msgs -- -j22 -l22
[2.295s] Invoking command in '/home/amrl-linux24-04/ros2_ben/build/realsense2_camera_msgs': CMAKE_PREFIX_PATH=${CMAKE_PREFIX_PATH}:/home/amrl-linux24-04/ros2_ben/install/yolo_ros:/home/amrl-linux24-04/ros2_ben/install/igusgus_launch:/home/amrl-linux24-04/ros2_ben/install/igusgus:/opt/ros/jazzy DEBUGINFOD_URLS=https://debuginfod.ubuntu.com /usr/bin/cmake --install /home/amrl-linux24-04/ros2_ben/build/realsense2_camera_msgs
[2.341s] -- Install configuration: ""
[2.348s] -- Up-to-date: /home/amrl-linux24-04/ros2_ben/install/realsense2_camera_msgs/share/ament_index/resource_index/rosidl_interfaces/realsense2_camera_msgs
[2.352s] -- Up-to-date: /home/amrl-linux24-04/ros2_ben/install/realsense2_camera_msgs/share/realsense2_camera_msgs/msg/IMUInfo.json
[2.353s] -- Up-to-date: /home/amrl-linux24-04/ros2_ben/install/realsense2_camera_msgs/share/realsense2_camera_msgs/msg/Extrinsics.json
[2.354s] -- Up-to-date: /home/amrl-linux24-04/ros2_ben/install/realsense2_camera_msgs/share/realsense2_camera_msgs/msg/Metadata.json
[2.357s] -- Up-to-date: /home/amrl-linux24-04/ros2_ben/install/realsense2_camera_msgs/share/realsense2_camera_msgs/msg/RGBD.json
[2.358s] -- Up-to-date: /home/amrl-linux24-04/ros2_ben/install/realsense2_camera_msgs/share/realsense2_camera_msgs/srv/DeviceInfo.json
[2.359s] -- Up-to-date: /home/amrl-linux24-04/ros2_ben/install/realsense2_camera_msgs/share/realsense2_camera_msgs/srv/CalibConfigRead.json
[2.361s] -- Up-to-date: /home/amrl-linux24-04/ros2_ben/install/realsense2_camera_msgs/share/realsense2_camera_msgs/srv/CalibConfigWrite.json
[2.362s] -- Up-to-date: /home/amrl-linux24-04/ros2_ben/install/realsense2_camera_msgs/share/realsense2_camera_msgs/action/TriggeredCalibration.json
[2.362s] -- Up-to-date: /home/amrl-linux24-04/ros2_ben/install/realsense2_camera_msgs/include/realsense2_camera_msgs/realsense2_camera_msgs
[2.362s] -- Up-to-date: /home/amrl-linux24-04/ros2_ben/install/realsense2_camera_msgs/include/realsense2_camera_msgs/realsense2_camera_msgs/action
[2.366s] -- Up-to-date: /home/amrl-linux24-04/ros2_ben/install/realsense2_camera_msgs/include/realsense2_camera_msgs/realsense2_camera_msgs/action/detail
[2.367s] -- Up-to-date: /home/amrl-linux24-04/ros2_ben/install/realsense2_camera_msgs/include/realsense2_camera_msgs/realsense2_camera_msgs/action/detail/triggered_calibration__type_support.c
[2.368s] -- Up-to-date: /home/amrl-linux24-04/ros2_ben/install/realsense2_camera_msgs/include/realsense2_camera_msgs/realsense2_camera_msgs/action/detail/triggered_calibration__functions.h
[2.369s] -- Up-to-date: /home/amrl-linux24-04/ros2_ben/install/realsense2_camera_msgs/include/realsense2_camera_msgs/realsense2_camera_msgs/action/detail/triggered_calibration__functions.c
[2.370s] -- Up-to-date: /home/amrl-linux24-04/ros2_ben/install/realsense2_camera_msgs/include/realsense2_camera_msgs/realsense2_camera_msgs/action/detail/triggered_calibration__type_support.h
[2.373s] -- Up-to-date: /home/amrl-linux24-04/ros2_ben/install/realsense2_camera_msgs/include/realsense2_camera_msgs/realsense2_camera_msgs/action/detail/triggered_calibration__description.c
[2.375s] -- Up-to-date: /home/amrl-linux24-04/ros2_ben/install/realsense2_camera_msgs/include/realsense2_camera_msgs/realsense2_camera_msgs/action/detail/triggered_calibration__struct.h
[2.376s] -- Up-to-date: /home/amrl-linux24-04/ros2_ben/install/realsense2_camera_msgs/include/realsense2_camera_msgs/realsense2_camera_msgs/action/triggered_calibration.h
[2.378s] -- Up-to-date: /home/amrl-linux24-04/ros2_ben/install/realsense2_camera_msgs/include/realsense2_camera_msgs/realsense2_camera_msgs/srv
[2.380s] -- Up-to-date: /home/amrl-linux24-04/ros2_ben/install/realsense2_camera_msgs/include/realsense2_camera_msgs/realsense2_camera_msgs/srv/detail
[2.383s] -- Up-to-date: /home/amrl-linux24-04/ros2_ben/install/realsense2_camera_msgs/include/realsense2_camera_msgs/realsense2_camera_msgs/srv/detail/calib_config_read__struct.h
[2.384s] -- Up-to-date: /home/amrl-linux24-04/ros2_ben/install/realsense2_camera_msgs/include/realsense2_camera_msgs/realsense2_camera_msgs/srv/detail/device_info__functions.h
[2.384s] -- Up-to-date: /home/amrl-linux24-04/ros2_ben/install/realsense2_camera_msgs/include/realsense2_camera_msgs/realsense2_camera_msgs/srv/detail/calib_config_write__type_support.h
[2.385s] -- Up-to-date: /home/amrl-linux24-04/ros2_ben/install/realsense2_camera_msgs/include/realsense2_camera_msgs/realsense2_camera_msgs/srv/detail/calib_config_read__functions.c
[2.386s] -- Up-to-date: /home/amrl-linux24-04/ros2_ben/install/realsense2_camera_msgs/include/realsense2_camera_msgs/realsense2_camera_msgs/srv/detail/device_info__functions.c
[2.387s] -- Up-to-date: /home/amrl-linux24-04/ros2_ben/install/realsense2_camera_msgs/include/realsense2_camera_msgs/realsense2_camera_msgs/srv/detail/calib_config_write__functions.h
[2.387s] -- Up-to-date: /home/amrl-linux24-04/ros2_ben/install/realsense2_camera_msgs/include/realsense2_camera_msgs/realsense2_camera_msgs/srv/detail/device_info__description.c
[2.389s] -- Up-to-date: /home/amrl-linux24-04/ros2_ben/install/realsense2_camera_msgs/include/realsense2_camera_msgs/realsense2_camera_msgs/srv/detail/device_info__type_support.c
[2.390s] -- Up-to-date: /home/amrl-linux24-04/ros2_ben/install/realsense2_camera_msgs/include/realsense2_camera_msgs/realsense2_camera_msgs/srv/detail/calib_config_read__type_support.c
[2.391s] -- Up-to-date: /home/amrl-linux24-04/ros2_ben/install/realsense2_camera_msgs/include/realsense2_camera_msgs/realsense2_camera_msgs/srv/detail/device_info__struct.h
[2.391s] -- Up-to-date: /home/amrl-linux24-04/ros2_ben/install/realsense2_camera_msgs/include/realsense2_camera_msgs/realsense2_camera_msgs/srv/detail/calib_config_write__struct.h
[2.392s] -- Up-to-date: /home/amrl-linux24-04/ros2_ben/install/realsense2_camera_msgs/include/realsense2_camera_msgs/realsense2_camera_msgs/srv/detail/calib_config_write__description.c
[2.393s] -- Up-to-date: /home/amrl-linux24-04/ros2_ben/install/realsense2_camera_msgs/include/realsense2_camera_msgs/realsense2_camera_msgs/srv/detail/calib_config_read__description.c
[2.394s] -- Up-to-date: /home/amrl-linux24-04/ros2_ben/install/realsense2_camera_msgs/include/realsense2_camera_msgs/realsense2_camera_msgs/srv/detail/calib_config_write__type_support.c
[2.394s] -- Up-to-date: /home/amrl-linux24-04/ros2_ben/install/realsense2_camera_msgs/include/realsense2_camera_msgs/realsense2_camera_msgs/srv/detail/calib_config_read__functions.h
[2.395s] -- Up-to-date: /home/amrl-linux24-04/ros2_ben/install/realsense2_camera_msgs/include/realsense2_camera_msgs/realsense2_camera_msgs/srv/detail/device_info__type_support.h
[2.395s] -- Up-to-date: /home/amrl-linux24-04/ros2_ben/install/realsense2_camera_msgs/include/realsense2_camera_msgs/realsense2_camera_msgs/srv/detail/calib_config_read__type_support.h
[2.396s] -- Up-to-date: /home/amrl-linux24-04/ros2_ben/install/realsense2_camera_msgs/include/realsense2_camera_msgs/realsense2_camera_msgs/srv/detail/calib_config_write__functions.c
[2.397s] -- Up-to-date: /home/amrl-linux24-04/ros2_ben/install/realsense2_camera_msgs/include/realsense2_camera_msgs/realsense2_camera_msgs/srv/calib_config_write.h
[2.397s] -- Up-to-date: /home/amrl-linux24-04/ros2_ben/install/realsense2_camera_msgs/include/realsense2_camera_msgs/realsense2_camera_msgs/srv/calib_config_read.h
[2.399s] -- Up-to-date: /home/amrl-linux24-04/ros2_ben/install/realsense2_camera_msgs/include/realsense2_camera_msgs/realsense2_camera_msgs/srv/device_info.h
[2.399s] -- Up-to-date: /home/amrl-linux24-04/ros2_ben/install/realsense2_camera_msgs/include/realsense2_camera_msgs/realsense2_camera_msgs/msg
[2.400s] -- Up-to-date: /home/amrl-linux24-04/ros2_ben/install/realsense2_camera_msgs/include/realsense2_camera_msgs/realsense2_camera_msgs/msg/detail
[2.401s] -- Up-to-date: /home/amrl-linux24-04/ros2_ben/install/realsense2_camera_msgs/include/realsense2_camera_msgs/realsense2_camera_msgs/msg/detail/extrinsics__type_support.c
[2.404s] -- Up-to-date: /home/amrl-linux24-04/ros2_ben/install/realsense2_camera_msgs/include/realsense2_camera_msgs/realsense2_camera_msgs/msg/detail/imu_info__functions.c
[2.406s] -- Up-to-date: /home/amrl-linux24-04/ros2_ben/install/realsense2_camera_msgs/include/realsense2_camera_msgs/realsense2_camera_msgs/msg/detail/extrinsics__description.c
[2.408s] -- Up-to-date: /home/amrl-linux24-04/ros2_ben/install/realsense2_camera_msgs/include/realsense2_camera_msgs/realsense2_camera_msgs/msg/detail/rgbd__description.c
[2.408s] -- Up-to-date: /home/amrl-linux24-04/ros2_ben/install/realsense2_camera_msgs/include/realsense2_camera_msgs/realsense2_camera_msgs/msg/detail/imu_info__struct.h
[2.409s] -- Up-to-date: /home/amrl-linux24-04/ros2_ben/install/realsense2_camera_msgs/include/realsense2_camera_msgs/realsense2_camera_msgs/msg/detail/extrinsics__type_support.h
[2.409s] -- Up-to-date: /home/amrl-linux24-04/ros2_ben/install/realsense2_camera_msgs/include/realsense2_camera_msgs/realsense2_camera_msgs/msg/detail/rgbd__struct.h
[2.409s] -- Up-to-date: /home/amrl-linux24-04/ros2_ben/install/realsense2_camera_msgs/include/realsense2_camera_msgs/realsense2_camera_msgs/msg/detail/metadata__struct.h
[2.410s] -- Up-to-date: /home/amrl-linux24-04/ros2_ben/install/realsense2_camera_msgs/include/realsense2_camera_msgs/realsense2_camera_msgs/msg/detail/metadata__type_support.c
[2.410s] -- Up-to-date: /home/amrl-linux24-04/ros2_ben/install/realsense2_camera_msgs/include/realsense2_camera_msgs/realsense2_camera_msgs/msg/detail/extrinsics__functions.h
[2.410s] -- Up-to-date: /home/amrl-linux24-04/ros2_ben/install/realsense2_camera_msgs/include/realsense2_camera_msgs/realsense2_camera_msgs/msg/detail/rgbd__type_support.c
[2.412s] -- Up-to-date: /home/amrl-linux24-04/ros2_ben/install/realsense2_camera_msgs/include/realsense2_camera_msgs/realsense2_camera_msgs/msg/detail/rgbd__functions.h
[2.413s] -- Up-to-date: /home/amrl-linux24-04/ros2_ben/install/realsense2_camera_msgs/include/realsense2_camera_msgs/realsense2_camera_msgs/msg/detail/metadata__type_support.h
[2.415s] -- Up-to-date: /home/amrl-linux24-04/ros2_ben/install/realsense2_camera_msgs/include/realsense2_camera_msgs/realsense2_camera_msgs/msg/detail/imu_info__type_support.c
[2.417s] -- Up-to-date: /home/amrl-linux24-04/ros2_ben/install/realsense2_camera_msgs/include/realsense2_camera_msgs/realsense2_camera_msgs/msg/detail/metadata__functions.c
[2.418s] -- Up-to-date: /home/amrl-linux24-04/ros2_ben/install/realsense2_camera_msgs/include/realsense2_camera_msgs/realsense2_camera_msgs/msg/detail/extrinsics__struct.h
[2.419s] -- Up-to-date: /home/amrl-linux24-04/ros2_ben/install/realsense2_camera_msgs/include/realsense2_camera_msgs/realsense2_camera_msgs/msg/detail/extrinsics__functions.c
[2.421s] -- Up-to-date: /home/amrl-linux24-04/ros2_ben/install/realsense2_camera_msgs/include/realsense2_camera_msgs/realsense2_camera_msgs/msg/detail/rgbd__functions.c
[2.422s] -- Up-to-date: /home/amrl-linux24-04/ros2_ben/install/realsense2_camera_msgs/include/realsense2_camera_msgs/realsense2_camera_msgs/msg/detail/imu_info__description.c
[2.422s] -- Up-to-date: /home/amrl-linux24-04/ros2_ben/install/realsense2_camera_msgs/include/realsense2_camera_msgs/realsense2_camera_msgs/msg/detail/metadata__description.c
[2.423s] -- Up-to-date: /home/amrl-linux24-04/ros2_ben/install/realsense2_camera_msgs/include/realsense2_camera_msgs/realsense2_camera_msgs/msg/detail/imu_info__type_support.h
[2.426s] -- Up-to-date: /home/amrl-linux24-04/ros2_ben/install/realsense2_camera_msgs/include/realsense2_camera_msgs/realsense2_camera_msgs/msg/detail/imu_info__functions.h
[2.427s] -- Up-to-date: /home/amrl-linux24-04/ros2_ben/install/realsense2_camera_msgs/include/realsense2_camera_msgs/realsense2_camera_msgs/msg/detail/metadata__functions.h
[2.428s] -- Up-to-date: /home/amrl-linux24-04/ros2_ben/install/realsense2_camera_msgs/include/realsense2_camera_msgs/realsense2_camera_msgs/msg/detail/rgbd__type_support.h
[2.429s] -- Up-to-date: /home/amrl-linux24-04/ros2_ben/install/realsense2_camera_msgs/include/realsense2_camera_msgs/realsense2_camera_msgs/msg/rgbd.h
[2.430s] -- Up-to-date: /home/amrl-linux24-04/ros2_ben/install/realsense2_camera_msgs/include/realsense2_camera_msgs/realsense2_camera_msgs/msg/metadata.h
[2.430s] -- Up-to-date: /home/amrl-linux24-04/ros2_ben/install/realsense2_camera_msgs/include/realsense2_camera_msgs/realsense2_camera_msgs/msg/imu_info.h
[2.430s] -- Up-to-date: /home/amrl-linux24-04/ros2_ben/install/realsense2_camera_msgs/include/realsense2_camera_msgs/realsense2_camera_msgs/msg/rosidl_generator_c__visibility_control.h
[2.431s] -- Up-to-date: /home/amrl-linux24-04/ros2_ben/install/realsense2_camera_msgs/include/realsense2_camera_msgs/realsense2_camera_msgs/msg/extrinsics.h
[2.431s] -- Up-to-date: /home/amrl-linux24-04/ros2_ben/install/realsense2_camera_msgs/share/realsense2_camera_msgs/environment/library_path.sh
[2.431s] -- Up-to-date: /home/amrl-linux24-04/ros2_ben/install/realsense2_camera_msgs/share/realsense2_camera_msgs/environment/library_path.dsv
[2.432s] -- Up-to-date: /home/amrl-linux24-04/ros2_ben/install/realsense2_camera_msgs/lib/librealsense2_camera_msgs__rosidl_generator_c.so
[2.432s] -- Up-to-date: /home/amrl-linux24-04/ros2_ben/install/realsense2_camera_msgs/include/realsense2_camera_msgs/realsense2_camera_msgs
[2.434s] -- Up-to-date: /home/amrl-linux24-04/ros2_ben/install/realsense2_camera_msgs/include/realsense2_camera_msgs/realsense2_camera_msgs/action
[2.435s] -- Up-to-date: /home/amrl-linux24-04/ros2_ben/install/realsense2_camera_msgs/include/realsense2_camera_msgs/realsense2_camera_msgs/action/detail
[2.435s] -- Up-to-date: /home/amrl-linux24-04/ros2_ben/install/realsense2_camera_msgs/include/realsense2_camera_msgs/realsense2_camera_msgs/action/detail/triggered_calibration__rosidl_typesupport_fastrtps_c.h
[2.439s] -- Up-to-date: /home/amrl-linux24-04/ros2_ben/install/realsense2_camera_msgs/include/realsense2_camera_msgs/realsense2_camera_msgs/srv
[2.439s] -- Up-to-date: /home/amrl-linux24-04/ros2_ben/install/realsense2_camera_msgs/include/realsense2_camera_msgs/realsense2_camera_msgs/srv/detail
[2.440s] -- Up-to-date: /home/amrl-linux24-04/ros2_ben/install/realsense2_camera_msgs/include/realsense2_camera_msgs/realsense2_camera_msgs/srv/detail/calib_config_read__rosidl_typesupport_fastrtps_c.h
[2.440s] -- Up-to-date: /home/amrl-linux24-04/ros2_ben/install/realsense2_camera_msgs/include/realsense2_camera_msgs/realsense2_camera_msgs/srv/detail/calib_config_write__rosidl_typesupport_fastrtps_c.h
[2.441s] -- Up-to-date: /home/amrl-linux24-04/ros2_ben/install/realsense2_camera_msgs/include/realsense2_camera_msgs/realsense2_camera_msgs/srv/detail/device_info__rosidl_typesupport_fastrtps_c.h
[2.442s] -- Up-to-date: /home/amrl-linux24-04/ros2_ben/install/realsense2_camera_msgs/include/realsense2_camera_msgs/realsense2_camera_msgs/msg
[2.443s] -- Up-to-date: /home/amrl-linux24-04/ros2_ben/install/realsense2_camera_msgs/include/realsense2_camera_msgs/realsense2_camera_msgs/msg/detail
[2.449s] -- Up-to-date: /home/amrl-linux24-04/ros2_ben/install/realsense2_camera_msgs/include/realsense2_camera_msgs/realsense2_camera_msgs/msg/detail/extrinsics__rosidl_typesupport_fastrtps_c.h
[2.449s] -- Up-to-date: /home/amrl-linux24-04/ros2_ben/install/realsense2_camera_msgs/include/realsense2_camera_msgs/realsense2_camera_msgs/msg/detail/imu_info__rosidl_typesupport_fastrtps_c.h
[2.450s] -- Up-to-date: /home/amrl-linux24-04/ros2_ben/install/realsense2_camera_msgs/include/realsense2_camera_msgs/realsense2_camera_msgs/msg/detail/metadata__rosidl_typesupport_fastrtps_c.h
[2.450s] -- Up-to-date: /home/amrl-linux24-04/ros2_ben/install/realsense2_camera_msgs/include/realsense2_camera_msgs/realsense2_camera_msgs/msg/detail/rgbd__rosidl_typesupport_fastrtps_c.h
[2.450s] -- Up-to-date: /home/amrl-linux24-04/ros2_ben/install/realsense2_camera_msgs/include/realsense2_camera_msgs/realsense2_camera_msgs/msg/rosidl_typesupport_fastrtps_c__visibility_control.h
[2.451s] -- Up-to-date: /home/amrl-linux24-04/ros2_ben/install/realsense2_camera_msgs/lib/librealsense2_camera_msgs__rosidl_typesupport_fastrtps_c.so
[2.453s] -- Up-to-date: /home/amrl-linux24-04/ros2_ben/install/realsense2_camera_msgs/include/realsense2_camera_msgs/realsense2_camera_msgs
[2.453s] -- Up-to-date: /home/amrl-linux24-04/ros2_ben/install/realsense2_camera_msgs/include/realsense2_camera_msgs/realsense2_camera_msgs/action
[2.455s] -- Up-to-date: /home/amrl-linux24-04/ros2_ben/install/realsense2_camera_msgs/include/realsense2_camera_msgs/realsense2_camera_msgs/action/detail
[2.455s] -- Up-to-date: /home/amrl-linux24-04/ros2_ben/install/realsense2_camera_msgs/include/realsense2_camera_msgs/realsense2_camera_msgs/action/detail/triggered_calibration__type_support.c
[2.456s] -- Up-to-date: /home/amrl-linux24-04/ros2_ben/install/realsense2_camera_msgs/include/realsense2_camera_msgs/realsense2_camera_msgs/action/detail/triggered_calibration__rosidl_typesupport_introspection_c.h
[2.457s] -- Up-to-date: /home/amrl-linux24-04/ros2_ben/install/realsense2_camera_msgs/include/realsense2_camera_msgs/realsense2_camera_msgs/srv
[2.458s] -- Up-to-date: /home/amrl-linux24-04/ros2_ben/install/realsense2_camera_msgs/include/realsense2_camera_msgs/realsense2_camera_msgs/srv/detail
[2.458s] -- Up-to-date: /home/amrl-linux24-04/ros2_ben/install/realsense2_camera_msgs/include/realsense2_camera_msgs/realsense2_camera_msgs/srv/detail/device_info__type_support.c
[2.458s] -- Up-to-date: /home/amrl-linux24-04/ros2_ben/install/realsense2_camera_msgs/include/realsense2_camera_msgs/realsense2_camera_msgs/srv/detail/calib_config_read__type_support.c
[2.459s] -- Up-to-date: /home/amrl-linux24-04/ros2_ben/install/realsense2_camera_msgs/include/realsense2_camera_msgs/realsense2_camera_msgs/srv/detail/calib_config_write__rosidl_typesupport_introspection_c.h
[2.459s] -- Up-to-date: /home/amrl-linux24-04/ros2_ben/install/realsense2_camera_msgs/include/realsense2_camera_msgs/realsense2_camera_msgs/srv/detail/device_info__rosidl_typesupport_introspection_c.h
[2.460s] -- Up-to-date: /home/amrl-linux24-04/ros2_ben/install/realsense2_camera_msgs/include/realsense2_camera_msgs/realsense2_camera_msgs/srv/detail/calib_config_write__type_support.c
[2.461s] -- Up-to-date: /home/amrl-linux24-04/ros2_ben/install/realsense2_camera_msgs/include/realsense2_camera_msgs/realsense2_camera_msgs/srv/detail/calib_config_read__rosidl_typesupport_introspection_c.h
[2.461s] -- Up-to-date: /home/amrl-linux24-04/ros2_ben/install/realsense2_camera_msgs/include/realsense2_camera_msgs/realsense2_camera_msgs/msg
[2.462s] -- Up-to-date: /home/amrl-linux24-04/ros2_ben/install/realsense2_camera_msgs/include/realsense2_camera_msgs/realsense2_camera_msgs/msg/detail
[2.462s] -- Up-to-date: /home/amrl-linux24-04/ros2_ben/install/realsense2_camera_msgs/include/realsense2_camera_msgs/realsense2_camera_msgs/msg/detail/extrinsics__type_support.c
[2.462s] -- Up-to-date: /home/amrl-linux24-04/ros2_ben/install/realsense2_camera_msgs/include/realsense2_camera_msgs/realsense2_camera_msgs/msg/detail/metadata__rosidl_typesupport_introspection_c.h
[2.463s] -- Up-to-date: /home/amrl-linux24-04/ros2_ben/install/realsense2_camera_msgs/include/realsense2_camera_msgs/realsense2_camera_msgs/msg/detail/metadata__type_support.c
[2.463s] -- Up-to-date: /home/amrl-linux24-04/ros2_ben/install/realsense2_camera_msgs/include/realsense2_camera_msgs/realsense2_camera_msgs/msg/detail/rgbd__type_support.c
[2.464s] -- Up-to-date: /home/amrl-linux24-04/ros2_ben/install/realsense2_camera_msgs/include/realsense2_camera_msgs/realsense2_camera_msgs/msg/detail/rgbd__rosidl_typesupport_introspection_c.h
[2.464s] -- Up-to-date: /home/amrl-linux24-04/ros2_ben/install/realsense2_camera_msgs/include/realsense2_camera_msgs/realsense2_camera_msgs/msg/detail/extrinsics__rosidl_typesupport_introspection_c.h
[2.464s] -- Up-to-date: /home/amrl-linux24-04/ros2_ben/install/realsense2_camera_msgs/include/realsense2_camera_msgs/realsense2_camera_msgs/msg/detail/imu_info__type_support.c
[2.465s] -- Up-to-date: /home/amrl-linux24-04/ros2_ben/install/realsense2_camera_msgs/include/realsense2_camera_msgs/realsense2_camera_msgs/msg/detail/imu_info__rosidl_typesupport_introspection_c.h
[2.465s] -- Up-to-date: /home/amrl-linux24-04/ros2_ben/install/realsense2_camera_msgs/include/realsense2_camera_msgs/realsense2_camera_msgs/msg/rosidl_typesupport_introspection_c__visibility_control.h
[2.468s] -- Up-to-date: /home/amrl-linux24-04/ros2_ben/install/realsense2_camera_msgs/lib/librealsense2_camera_msgs__rosidl_typesupport_introspection_c.so
[2.471s] -- Up-to-date: /home/amrl-linux24-04/ros2_ben/install/realsense2_camera_msgs/lib/librealsense2_camera_msgs__rosidl_typesupport_c.so
[2.472s] -- Up-to-date: /home/amrl-linux24-04/ros2_ben/install/realsense2_camera_msgs/include/realsense2_camera_msgs/realsense2_camera_msgs
[2.473s] -- Up-to-date: /home/amrl-linux24-04/ros2_ben/install/realsense2_camera_msgs/include/realsense2_camera_msgs/realsense2_camera_msgs/action
[2.477s] -- Up-to-date: /home/amrl-linux24-04/ros2_ben/install/realsense2_camera_msgs/include/realsense2_camera_msgs/realsense2_camera_msgs/action/triggered_calibration.hpp
[2.479s] -- Up-to-date: /home/amrl-linux24-04/ros2_ben/install/realsense2_camera_msgs/include/realsense2_camera_msgs/realsense2_camera_msgs/action/detail
[2.482s] -- Up-to-date: /home/amrl-linux24-04/ros2_ben/install/realsense2_camera_msgs/include/realsense2_camera_msgs/realsense2_camera_msgs/action/detail/triggered_calibration__builder.hpp
[2.483s] -- Up-to-date: /home/amrl-linux24-04/ros2_ben/install/realsense2_camera_msgs/include/realsense2_camera_msgs/realsense2_camera_msgs/action/detail/triggered_calibration__struct.hpp
[2.484s] -- Up-to-date: /home/amrl-linux24-04/ros2_ben/install/realsense2_camera_msgs/include/realsense2_camera_msgs/realsense2_camera_msgs/action/detail/triggered_calibration__traits.hpp
[2.485s] -- Up-to-date: /home/amrl-linux24-04/ros2_ben/install/realsense2_camera_msgs/include/realsense2_camera_msgs/realsense2_camera_msgs/action/detail/triggered_calibration__type_support.hpp
[2.485s] -- Up-to-date: /home/amrl-linux24-04/ros2_ben/install/realsense2_camera_msgs/include/realsense2_camera_msgs/realsense2_camera_msgs/srv
[2.486s] -- Up-to-date: /home/amrl-linux24-04/ros2_ben/install/realsense2_camera_msgs/include/realsense2_camera_msgs/realsense2_camera_msgs/srv/detail
[2.486s] -- Up-to-date: /home/amrl-linux24-04/ros2_ben/install/realsense2_camera_msgs/include/realsense2_camera_msgs/realsense2_camera_msgs/srv/detail/device_info__struct.hpp
[2.486s] -- Up-to-date: /home/amrl-linux24-04/ros2_ben/install/realsense2_camera_msgs/include/realsense2_camera_msgs/realsense2_camera_msgs/srv/detail/calib_config_read__type_support.hpp
[2.487s] -- Up-to-date: /home/amrl-linux24-04/ros2_ben/install/realsense2_camera_msgs/include/realsense2_camera_msgs/realsense2_camera_msgs/srv/detail/calib_config_write__struct.hpp
[2.487s] -- Up-to-date: /home/amrl-linux24-04/ros2_ben/install/realsense2_camera_msgs/include/realsense2_camera_msgs/realsense2_camera_msgs/srv/detail/device_info__type_support.hpp
[2.487s] -- Up-to-date: /home/amrl-linux24-04/ros2_ben/install/realsense2_camera_msgs/include/realsense2_camera_msgs/realsense2_camera_msgs/srv/detail/device_info__builder.hpp
[2.487s] -- Up-to-date: /home/amrl-linux24-04/ros2_ben/install/realsense2_camera_msgs/include/realsense2_camera_msgs/realsense2_camera_msgs/srv/detail/calib_config_write__builder.hpp
[2.488s] -- Up-to-date: /home/amrl-linux24-04/ros2_ben/install/realsense2_camera_msgs/include/realsense2_camera_msgs/realsense2_camera_msgs/srv/detail/calib_config_write__type_support.hpp
[2.488s] -- Up-to-date: /home/amrl-linux24-04/ros2_ben/install/realsense2_camera_msgs/include/realsense2_camera_msgs/realsense2_camera_msgs/srv/detail/calib_config_read__builder.hpp
[2.488s] -- Up-to-date: /home/amrl-linux24-04/ros2_ben/install/realsense2_camera_msgs/include/realsense2_camera_msgs/realsense2_camera_msgs/srv/detail/device_info__traits.hpp
[2.489s] -- Up-to-date: /home/amrl-linux24-04/ros2_ben/install/realsense2_camera_msgs/include/realsense2_camera_msgs/realsense2_camera_msgs/srv/detail/calib_config_read__traits.hpp
[2.489s] -- Up-to-date: /home/amrl-linux24-04/ros2_ben/install/realsense2_camera_msgs/include/realsense2_camera_msgs/realsense2_camera_msgs/srv/detail/calib_config_write__traits.hpp
[2.489s] -- Up-to-date: /home/amrl-linux24-04/ros2_ben/install/realsense2_camera_msgs/include/realsense2_camera_msgs/realsense2_camera_msgs/srv/detail/calib_config_read__struct.hpp
[2.490s] -- Up-to-date: /home/amrl-linux24-04/ros2_ben/install/realsense2_camera_msgs/include/realsense2_camera_msgs/realsense2_camera_msgs/srv/calib_config_read.hpp
[2.490s] -- Up-to-date: /home/amrl-linux24-04/ros2_ben/install/realsense2_camera_msgs/include/realsense2_camera_msgs/realsense2_camera_msgs/srv/calib_config_write.hpp
[2.490s] -- Up-to-date: /home/amrl-linux24-04/ros2_ben/install/realsense2_camera_msgs/include/realsense2_camera_msgs/realsense2_camera_msgs/srv/device_info.hpp
[2.491s] -- Up-to-date: /home/amrl-linux24-04/ros2_ben/install/realsense2_camera_msgs/include/realsense2_camera_msgs/realsense2_camera_msgs/msg
[2.491s] -- Up-to-date: /home/amrl-linux24-04/ros2_ben/install/realsense2_camera_msgs/include/realsense2_camera_msgs/realsense2_camera_msgs/msg/metadata.hpp
[2.491s] -- Up-to-date: /home/amrl-linux24-04/ros2_ben/install/realsense2_camera_msgs/include/realsense2_camera_msgs/realsense2_camera_msgs/msg/detail
[2.492s] -- Up-to-date: /home/amrl-linux24-04/ros2_ben/install/realsense2_camera_msgs/include/realsense2_camera_msgs/realsense2_camera_msgs/msg/detail/metadata__type_support.hpp
[2.492s] -- Up-to-date: /home/amrl-linux24-04/ros2_ben/install/realsense2_camera_msgs/include/realsense2_camera_msgs/realsense2_camera_msgs/msg/detail/imu_info__builder.hpp
[2.492s] -- Up-to-date: /home/amrl-linux24-04/ros2_ben/install/realsense2_camera_msgs/include/realsense2_camera_msgs/realsense2_camera_msgs/msg/detail/rgbd__struct.hpp
[2.493s] -- Up-to-date: /home/amrl-linux24-04/ros2_ben/install/realsense2_camera_msgs/include/realsense2_camera_msgs/realsense2_camera_msgs/msg/detail/imu_info__traits.hpp
[2.493s] -- Up-to-date: /home/amrl-linux24-04/ros2_ben/install/realsense2_camera_msgs/include/realsense2_camera_msgs/realsense2_camera_msgs/msg/detail/imu_info__struct.hpp
[2.494s] -- Up-to-date: /home/amrl-linux24-04/ros2_ben/install/realsense2_camera_msgs/include/realsense2_camera_msgs/realsense2_camera_msgs/msg/detail/extrinsics__struct.hpp
[2.495s] -- Up-to-date: /home/amrl-linux24-04/ros2_ben/install/realsense2_camera_msgs/include/realsense2_camera_msgs/realsense2_camera_msgs/msg/detail/imu_info__type_support.hpp
[2.496s] -- Up-to-date: /home/amrl-linux24-04/ros2_ben/install/realsense2_camera_msgs/include/realsense2_camera_msgs/realsense2_camera_msgs/msg/detail/extrinsics__type_support.hpp
[2.496s] -- Up-to-date: /home/amrl-linux24-04/ros2_ben/install/realsense2_camera_msgs/include/realsense2_camera_msgs/realsense2_camera_msgs/msg/detail/extrinsics__traits.hpp
[2.496s] -- Up-to-date: /home/amrl-linux24-04/ros2_ben/install/realsense2_camera_msgs/include/realsense2_camera_msgs/realsense2_camera_msgs/msg/detail/metadata__builder.hpp
[2.497s] -- Up-to-date: /home/amrl-linux24-04/ros2_ben/install/realsense2_camera_msgs/include/realsense2_camera_msgs/realsense2_camera_msgs/msg/detail/metadata__traits.hpp
[2.498s] -- Up-to-date: /home/amrl-linux24-04/ros2_ben/install/realsense2_camera_msgs/include/realsense2_camera_msgs/realsense2_camera_msgs/msg/detail/metadata__struct.hpp
[2.498s] -- Up-to-date: /home/amrl-linux24-04/ros2_ben/install/realsense2_camera_msgs/include/realsense2_camera_msgs/realsense2_camera_msgs/msg/detail/rgbd__traits.hpp
[2.499s] -- Up-to-date: /home/amrl-linux24-04/ros2_ben/install/realsense2_camera_msgs/include/realsense2_camera_msgs/realsense2_camera_msgs/msg/detail/extrinsics__builder.hpp
[2.499s] -- Up-to-date: /home/amrl-linux24-04/ros2_ben/install/realsense2_camera_msgs/include/realsense2_camera_msgs/realsense2_camera_msgs/msg/detail/rgbd__type_support.hpp
[2.499s] -- Up-to-date: /home/amrl-linux24-04/ros2_ben/install/realsense2_camera_msgs/include/realsense2_camera_msgs/realsense2_camera_msgs/msg/detail/rgbd__builder.hpp
[2.500s] -- Up-to-date: /home/amrl-linux24-04/ros2_ben/install/realsense2_camera_msgs/include/realsense2_camera_msgs/realsense2_camera_msgs/msg/imu_info.hpp
[2.500s] -- Up-to-date: /home/amrl-linux24-04/ros2_ben/install/realsense2_camera_msgs/include/realsense2_camera_msgs/realsense2_camera_msgs/msg/rgbd.hpp
[2.500s] -- Up-to-date: /home/amrl-linux24-04/ros2_ben/install/realsense2_camera_msgs/include/realsense2_camera_msgs/realsense2_camera_msgs/msg/rosidl_generator_cpp__visibility_control.hpp
[2.501s] -- Up-to-date: /home/amrl-linux24-04/ros2_ben/install/realsense2_camera_msgs/include/realsense2_camera_msgs/realsense2_camera_msgs/msg/extrinsics.hpp
[2.501s] -- Up-to-date: /home/amrl-linux24-04/ros2_ben/install/realsense2_camera_msgs/include/realsense2_camera_msgs/realsense2_camera_msgs
[2.502s] -- Up-to-date: /home/amrl-linux24-04/ros2_ben/install/realsense2_camera_msgs/include/realsense2_camera_msgs/realsense2_camera_msgs/action
[2.503s] -- Up-to-date: /home/amrl-linux24-04/ros2_ben/install/realsense2_camera_msgs/include/realsense2_camera_msgs/realsense2_camera_msgs/action/detail
[2.504s] -- Up-to-date: /home/amrl-linux24-04/ros2_ben/install/realsense2_camera_msgs/include/realsense2_camera_msgs/realsense2_camera_msgs/action/detail/dds_fastrtps
[2.504s] -- Up-to-date: /home/amrl-linux24-04/ros2_ben/install/realsense2_camera_msgs/include/realsense2_camera_msgs/realsense2_camera_msgs/action/detail/triggered_calibration__rosidl_typesupport_fastrtps_cpp.hpp
[2.505s] -- Up-to-date: /home/amrl-linux24-04/ros2_ben/install/realsense2_camera_msgs/include/realsense2_camera_msgs/realsense2_camera_msgs/srv
[2.505s] -- Up-to-date: /home/amrl-linux24-04/ros2_ben/install/realsense2_camera_msgs/include/realsense2_camera_msgs/realsense2_camera_msgs/srv/detail
[2.506s] -- Up-to-date: /home/amrl-linux24-04/ros2_ben/install/realsense2_camera_msgs/include/realsense2_camera_msgs/realsense2_camera_msgs/srv/detail/dds_fastrtps
[2.507s] -- Up-to-date: /home/amrl-linux24-04/ros2_ben/install/realsense2_camera_msgs/include/realsense2_camera_msgs/realsense2_camera_msgs/srv/detail/calib_config_write__rosidl_typesupport_fastrtps_cpp.hpp
[2.512s] -- Up-to-date: /home/amrl-linux24-04/ros2_ben/install/realsense2_camera_msgs/include/realsense2_camera_msgs/realsense2_camera_msgs/srv/detail/calib_config_read__rosidl_typesupport_fastrtps_cpp.hpp
[2.512s] -- Up-to-date: /home/amrl-linux24-04/ros2_ben/install/realsense2_camera_msgs/include/realsense2_camera_msgs/realsense2_camera_msgs/srv/detail/device_info__rosidl_typesupport_fastrtps_cpp.hpp
[2.513s] -- Up-to-date: /home/amrl-linux24-04/ros2_ben/install/realsense2_camera_msgs/include/realsense2_camera_msgs/realsense2_camera_msgs/msg
[2.513s] -- Up-to-date: /home/amrl-linux24-04/ros2_ben/install/realsense2_camera_msgs/include/realsense2_camera_msgs/realsense2_camera_msgs/msg/detail
[2.514s] -- Up-to-date: /home/amrl-linux24-04/ros2_ben/install/realsense2_camera_msgs/include/realsense2_camera_msgs/realsense2_camera_msgs/msg/detail/dds_fastrtps
[2.514s] -- Up-to-date: /home/amrl-linux24-04/ros2_ben/install/realsense2_camera_msgs/include/realsense2_camera_msgs/realsense2_camera_msgs/msg/detail/metadata__rosidl_typesupport_fastrtps_cpp.hpp
[2.515s] -- Up-to-date: /home/amrl-linux24-04/ros2_ben/install/realsense2_camera_msgs/include/realsense2_camera_msgs/realsense2_camera_msgs/msg/detail/rgbd__rosidl_typesupport_fastrtps_cpp.hpp
[2.515s] -- Up-to-date: /home/amrl-linux24-04/ros2_ben/install/realsense2_camera_msgs/include/realsense2_camera_msgs/realsense2_camera_msgs/msg/detail/imu_info__rosidl_typesupport_fastrtps_cpp.hpp
[2.516s] -- Up-to-date: /home/amrl-linux24-04/ros2_ben/install/realsense2_camera_msgs/include/realsense2_camera_msgs/realsense2_camera_msgs/msg/detail/extrinsics__rosidl_typesupport_fastrtps_cpp.hpp
[2.516s] -- Up-to-date: /home/amrl-linux24-04/ros2_ben/install/realsense2_camera_msgs/include/realsense2_camera_msgs/realsense2_camera_msgs/msg/rosidl_typesupport_fastrtps_cpp__visibility_control.h
[2.516s] -- Up-to-date: /home/amrl-linux24-04/ros2_ben/install/realsense2_camera_msgs/lib/librealsense2_camera_msgs__rosidl_typesupport_fastrtps_cpp.so
[2.517s] -- Up-to-date: /home/amrl-linux24-04/ros2_ben/install/realsense2_camera_msgs/include/realsense2_camera_msgs/realsense2_camera_msgs
[2.517s] -- Up-to-date: /home/amrl-linux24-04/ros2_ben/install/realsense2_camera_msgs/include/realsense2_camera_msgs/realsense2_camera_msgs/action
[2.518s] -- Up-to-date: /home/amrl-linux24-04/ros2_ben/install/realsense2_camera_msgs/include/realsense2_camera_msgs/realsense2_camera_msgs/action/detail
[2.521s] -- Up-to-date: /home/amrl-linux24-04/ros2_ben/install/realsense2_camera_msgs/include/realsense2_camera_msgs/realsense2_camera_msgs/action/detail/triggered_calibration__rosidl_typesupport_introspection_cpp.hpp
[2.522s] -- Up-to-date: /home/amrl-linux24-04/ros2_ben/install/realsense2_camera_msgs/include/realsense2_camera_msgs/realsense2_camera_msgs/action/detail/triggered_calibration__type_support.cpp
[2.523s] -- Up-to-date: /home/amrl-linux24-04/ros2_ben/install/realsense2_camera_msgs/include/realsense2_camera_msgs/realsense2_camera_msgs/srv
[2.523s] -- Up-to-date: /home/amrl-linux24-04/ros2_ben/install/realsense2_camera_msgs/include/realsense2_camera_msgs/realsense2_camera_msgs/srv/detail
[2.524s] -- Up-to-date: /home/amrl-linux24-04/ros2_ben/install/realsense2_camera_msgs/include/realsense2_camera_msgs/realsense2_camera_msgs/srv/detail/calib_config_write__rosidl_typesupport_introspection_cpp.hpp
[2.524s] -- Up-to-date: /home/amrl-linux24-04/ros2_ben/install/realsense2_camera_msgs/include/realsense2_camera_msgs/realsense2_camera_msgs/srv/detail/device_info__type_support.cpp
[2.525s] -- Up-to-date: /home/amrl-linux24-04/ros2_ben/install/realsense2_camera_msgs/include/realsense2_camera_msgs/realsense2_camera_msgs/srv/detail/device_info__rosidl_typesupport_introspection_cpp.hpp
[2.526s] -- Up-to-date: /home/amrl-linux24-04/ros2_ben/install/realsense2_camera_msgs/include/realsense2_camera_msgs/realsense2_camera_msgs/srv/detail/calib_config_write__type_support.cpp
[2.526s] -- Up-to-date: /home/amrl-linux24-04/ros2_ben/install/realsense2_camera_msgs/include/realsense2_camera_msgs/realsense2_camera_msgs/srv/detail/calib_config_read__rosidl_typesupport_introspection_cpp.hpp
[2.527s] -- Up-to-date: /home/amrl-linux24-04/ros2_ben/install/realsense2_camera_msgs/include/realsense2_camera_msgs/realsense2_camera_msgs/srv/detail/calib_config_read__type_support.cpp
[2.527s] -- Up-to-date: /home/amrl-linux24-04/ros2_ben/install/realsense2_camera_msgs/include/realsense2_camera_msgs/realsense2_camera_msgs/msg
[2.528s] -- Up-to-date: /home/amrl-linux24-04/ros2_ben/install/realsense2_camera_msgs/include/realsense2_camera_msgs/realsense2_camera_msgs/msg/detail
[2.529s] -- Up-to-date: /home/amrl-linux24-04/ros2_ben/install/realsense2_camera_msgs/include/realsense2_camera_msgs/realsense2_camera_msgs/msg/detail/imu_info__type_support.cpp
[2.529s] -- Up-to-date: /home/amrl-linux24-04/ros2_ben/install/realsense2_camera_msgs/include/realsense2_camera_msgs/realsense2_camera_msgs/msg/detail/metadata__rosidl_typesupport_introspection_cpp.hpp
[2.530s] -- Up-to-date: /home/amrl-linux24-04/ros2_ben/install/realsense2_camera_msgs/include/realsense2_camera_msgs/realsense2_camera_msgs/msg/detail/imu_info__rosidl_typesupport_introspection_cpp.hpp
[2.530s] -- Up-to-date: /home/amrl-linux24-04/ros2_ben/install/realsense2_camera_msgs/include/realsense2_camera_msgs/realsense2_camera_msgs/msg/detail/extrinsics__rosidl_typesupport_introspection_cpp.hpp
[2.531s] -- Up-to-date: /home/amrl-linux24-04/ros2_ben/install/realsense2_camera_msgs/include/realsense2_camera_msgs/realsense2_camera_msgs/msg/detail/rgbd__rosidl_typesupport_introspection_cpp.hpp
[2.531s] -- Up-to-date: /home/amrl-linux24-04/ros2_ben/install/realsense2_camera_msgs/include/realsense2_camera_msgs/realsense2_camera_msgs/msg/detail/metadata__type_support.cpp
[2.532s] -- Up-to-date: /home/amrl-linux24-04/ros2_ben/install/realsense2_camera_msgs/include/realsense2_camera_msgs/realsense2_camera_msgs/msg/detail/extrinsics__type_support.cpp
[2.532s] -- Up-to-date: /home/amrl-linux24-04/ros2_ben/install/realsense2_camera_msgs/include/realsense2_camera_msgs/realsense2_camera_msgs/msg/detail/rgbd__type_support.cpp
[2.533s] -- Up-to-date: /home/amrl-linux24-04/ros2_ben/install/realsense2_camera_msgs/lib/librealsense2_camera_msgs__rosidl_typesupport_introspection_cpp.so
[2.533s] -- Up-to-date: /home/amrl-linux24-04/ros2_ben/install/realsense2_camera_msgs/lib/librealsense2_camera_msgs__rosidl_typesupport_cpp.so
[2.534s] -- Up-to-date: /home/amrl-linux24-04/ros2_ben/install/realsense2_camera_msgs/share/realsense2_camera_msgs/environment/pythonpath.sh
[2.534s] -- Up-to-date: /home/amrl-linux24-04/ros2_ben/install/realsense2_camera_msgs/share/realsense2_camera_msgs/environment/pythonpath.dsv
[2.534s] -- Up-to-date: /home/amrl-linux24-04/ros2_ben/install/realsense2_camera_msgs/lib/python3.12/site-packages/realsense2_camera_msgs-4.56.4-py3.12.egg-info
[2.535s] -- Installing: /home/amrl-linux24-04/ros2_ben/install/realsense2_camera_msgs/lib/python3.12/site-packages/realsense2_camera_msgs-4.56.4-py3.12.egg-info/top_level.txt
[2.535s] -- Installing: /home/amrl-linux24-04/ros2_ben/install/realsense2_camera_msgs/lib/python3.12/site-packages/realsense2_camera_msgs-4.56.4-py3.12.egg-info/dependency_links.txt
[2.536s] -- Installing: /home/amrl-linux24-04/ros2_ben/install/realsense2_camera_msgs/lib/python3.12/site-packages/realsense2_camera_msgs-4.56.4-py3.12.egg-info/PKG-INFO
[2.536s] -- Installing: /home/amrl-linux24-04/ros2_ben/install/realsense2_camera_msgs/lib/python3.12/site-packages/realsense2_camera_msgs-4.56.4-py3.12.egg-info/SOURCES.txt
[2.537s] -- Up-to-date: /home/amrl-linux24-04/ros2_ben/install/realsense2_camera_msgs/lib/python3.12/site-packages/realsense2_camera_msgs
[2.538s] -- Up-to-date: /home/amrl-linux24-04/ros2_ben/install/realsense2_camera_msgs/lib/python3.12/site-packages/realsense2_camera_msgs/_realsense2_camera_msgs_s.ep.rosidl_typesupport_introspection_c.c
[2.538s] -- Up-to-date: /home/amrl-linux24-04/ros2_ben/install/realsense2_camera_msgs/lib/python3.12/site-packages/realsense2_camera_msgs/action
[2.539s] -- Up-to-date: /home/amrl-linux24-04/ros2_ben/install/realsense2_camera_msgs/lib/python3.12/site-packages/realsense2_camera_msgs/action/__init__.py
[2.541s] -- Up-to-date: /home/amrl-linux24-04/ros2_ben/install/realsense2_camera_msgs/lib/python3.12/site-packages/realsense2_camera_msgs/action/_triggered_calibration_s.c
[2.543s] -- Up-to-date: /home/amrl-linux24-04/ros2_ben/install/realsense2_camera_msgs/lib/python3.12/site-packages/realsense2_camera_msgs/action/_triggered_calibration.py
[2.544s] -- Up-to-date: /home/amrl-linux24-04/ros2_ben/install/realsense2_camera_msgs/lib/python3.12/site-packages/realsense2_camera_msgs/_realsense2_camera_msgs_s.ep.rosidl_typesupport_c.c
[2.545s] -- Up-to-date: /home/amrl-linux24-04/ros2_ben/install/realsense2_camera_msgs/lib/python3.12/site-packages/realsense2_camera_msgs/srv
[2.545s] -- Up-to-date: /home/amrl-linux24-04/ros2_ben/install/realsense2_camera_msgs/lib/python3.12/site-packages/realsense2_camera_msgs/srv/_device_info.py
[2.547s] -- Up-to-date: /home/amrl-linux24-04/ros2_ben/install/realsense2_camera_msgs/lib/python3.12/site-packages/realsense2_camera_msgs/srv/_calib_config_read_s.c
[2.549s] -- Up-to-date: /home/amrl-linux24-04/ros2_ben/install/realsense2_camera_msgs/lib/python3.12/site-packages/realsense2_camera_msgs/srv/__init__.py
[2.553s] -- Up-to-date: /home/amrl-linux24-04/ros2_ben/install/realsense2_camera_msgs/lib/python3.12/site-packages/realsense2_camera_msgs/srv/_calib_config_read.py
[2.554s] -- Up-to-date: /home/amrl-linux24-04/ros2_ben/install/realsense2_camera_msgs/lib/python3.12/site-packages/realsense2_camera_msgs/srv/_device_info_s.c
[2.554s] -- Up-to-date: /home/amrl-linux24-04/ros2_ben/install/realsense2_camera_msgs/lib/python3.12/site-packages/realsense2_camera_msgs/srv/_calib_config_write.py
[2.554s] -- Up-to-date: /home/amrl-linux24-04/ros2_ben/install/realsense2_camera_msgs/lib/python3.12/site-packages/realsense2_camera_msgs/srv/_calib_config_write_s.c
[2.555s] -- Up-to-date: /home/amrl-linux24-04/ros2_ben/install/realsense2_camera_msgs/lib/python3.12/site-packages/realsense2_camera_msgs/__init__.py
[2.556s] -- Up-to-date: /home/amrl-linux24-04/ros2_ben/install/realsense2_camera_msgs/lib/python3.12/site-packages/realsense2_camera_msgs/_realsense2_camera_msgs_s.ep.rosidl_typesupport_fastrtps_c.c
[2.557s] -- Up-to-date: /home/amrl-linux24-04/ros2_ben/install/realsense2_camera_msgs/lib/python3.12/site-packages/realsense2_camera_msgs/realsense2_camera_msgs_s__rosidl_typesupport_c.so
[2.557s] -- Up-to-date: /home/amrl-linux24-04/ros2_ben/install/realsense2_camera_msgs/lib/python3.12/site-packages/realsense2_camera_msgs/msg
[2.558s] -- Up-to-date: /home/amrl-linux24-04/ros2_ben/install/realsense2_camera_msgs/lib/python3.12/site-packages/realsense2_camera_msgs/msg/_metadata.py
[2.558s] -- Up-to-date: /home/amrl-linux24-04/ros2_ben/install/realsense2_camera_msgs/lib/python3.12/site-packages/realsense2_camera_msgs/msg/_extrinsics_s.c
[2.559s] -- Up-to-date: /home/amrl-linux24-04/ros2_ben/install/realsense2_camera_msgs/lib/python3.12/site-packages/realsense2_camera_msgs/msg/_extrinsics.py
[2.559s] -- Up-to-date: /home/amrl-linux24-04/ros2_ben/install/realsense2_camera_msgs/lib/python3.12/site-packages/realsense2_camera_msgs/msg/__init__.py
[2.560s] -- Up-to-date: /home/amrl-linux24-04/ros2_ben/install/realsense2_camera_msgs/lib/python3.12/site-packages/realsense2_camera_msgs/msg/_imu_info.py
[2.561s] -- Up-to-date: /home/amrl-linux24-04/ros2_ben/install/realsense2_camera_msgs/lib/python3.12/site-packages/realsense2_camera_msgs/msg/_rgbd.py
[2.561s] -- Up-to-date: /home/amrl-linux24-04/ros2_ben/install/realsense2_camera_msgs/lib/python3.12/site-packages/realsense2_camera_msgs/msg/_imu_info_s.c
[2.562s] -- Up-to-date: /home/amrl-linux24-04/ros2_ben/install/realsense2_camera_msgs/lib/python3.12/site-packages/realsense2_camera_msgs/msg/_rgbd_s.c
[2.562s] -- Up-to-date: /home/amrl-linux24-04/ros2_ben/install/realsense2_camera_msgs/lib/python3.12/site-packages/realsense2_camera_msgs/msg/_metadata_s.c
[2.563s] -- Up-to-date: /home/amrl-linux24-04/ros2_ben/install/realsense2_camera_msgs/lib/python3.12/site-packages/realsense2_camera_msgs/realsense2_camera_msgs_s__rosidl_typesupport_introspection_c.so
[2.563s] -- Up-to-date: /home/amrl-linux24-04/ros2_ben/install/realsense2_camera_msgs/lib/python3.12/site-packages/realsense2_camera_msgs/realsense2_camera_msgs_s__rosidl_typesupport_fastrtps_c.so
[2.594s] Listing '/home/amrl-linux24-04/ros2_ben/install/realsense2_camera_msgs/lib/python3.12/site-packages/realsense2_camera_msgs'...
[2.595s] Listing '/home/amrl-linux24-04/ros2_ben/install/realsense2_camera_msgs/lib/python3.12/site-packages/realsense2_camera_msgs/action'...
[2.595s] Listing '/home/amrl-linux24-04/ros2_ben/install/realsense2_camera_msgs/lib/python3.12/site-packages/realsense2_camera_msgs/msg'...
[2.595s] Listing '/home/amrl-linux24-04/ros2_ben/install/realsense2_camera_msgs/lib/python3.12/site-packages/realsense2_camera_msgs/srv'...
[2.599s] -- Up-to-date: /home/amrl-linux24-04/ros2_ben/install/realsense2_camera_msgs/lib/python3.12/site-packages/realsense2_camera_msgs/realsense2_camera_msgs_s__rosidl_typesupport_fastrtps_c.so
[2.599s] -- Up-to-date: /home/amrl-linux24-04/ros2_ben/install/realsense2_camera_msgs/lib/python3.12/site-packages/realsense2_camera_msgs/realsense2_camera_msgs_s__rosidl_typesupport_introspection_c.so
[2.600s] -- Up-to-date: /home/amrl-linux24-04/ros2_ben/install/realsense2_camera_msgs/lib/python3.12/site-packages/realsense2_camera_msgs/realsense2_camera_msgs_s__rosidl_typesupport_c.so
[2.600s] -- Up-to-date: /home/amrl-linux24-04/ros2_ben/install/realsense2_camera_msgs/lib/librealsense2_camera_msgs__rosidl_generator_py.so
[2.600s] -- Up-to-date: /home/amrl-linux24-04/ros2_ben/install/realsense2_camera_msgs/share/realsense2_camera_msgs/msg/IMUInfo.idl
[2.601s] -- Up-to-date: /home/amrl-linux24-04/ros2_ben/install/realsense2_camera_msgs/share/realsense2_camera_msgs/msg/Extrinsics.idl
[2.601s] -- Up-to-date: /home/amrl-linux24-04/ros2_ben/install/realsense2_camera_msgs/share/realsense2_camera_msgs/msg/Metadata.idl
[2.601s] -- Up-to-date: /home/amrl-linux24-04/ros2_ben/install/realsense2_camera_msgs/share/realsense2_camera_msgs/msg/RGBD.idl
[2.602s] -- Up-to-date: /home/amrl-linux24-04/ros2_ben/install/realsense2_camera_msgs/share/realsense2_camera_msgs/srv/DeviceInfo.idl
[2.602s] -- Up-to-date: /home/amrl-linux24-04/ros2_ben/install/realsense2_camera_msgs/share/realsense2_camera_msgs/srv/CalibConfigRead.idl
[2.603s] -- Up-to-date: /home/amrl-linux24-04/ros2_ben/install/realsense2_camera_msgs/share/realsense2_camera_msgs/srv/CalibConfigWrite.idl
[2.603s] -- Up-to-date: /home/amrl-linux24-04/ros2_ben/install/realsense2_camera_msgs/share/realsense2_camera_msgs/action/TriggeredCalibration.idl
[2.604s] -- Up-to-date: /home/amrl-linux24-04/ros2_ben/install/realsense2_camera_msgs/share/realsense2_camera_msgs/msg/IMUInfo.msg
[2.604s] -- Up-to-date: /home/amrl-linux24-04/ros2_ben/install/realsense2_camera_msgs/share/realsense2_camera_msgs/msg/Extrinsics.msg
[2.604s] -- Up-to-date: /home/amrl-linux24-04/ros2_ben/install/realsense2_camera_msgs/share/realsense2_camera_msgs/msg/Metadata.msg
[2.606s] -- Up-to-date: /home/amrl-linux24-04/ros2_ben/install/realsense2_camera_msgs/share/realsense2_camera_msgs/msg/RGBD.msg
[2.606s] -- Up-to-date: /home/amrl-linux24-04/ros2_ben/install/realsense2_camera_msgs/share/realsense2_camera_msgs/srv/DeviceInfo.srv
[2.606s] -- Up-to-date: /home/amrl-linux24-04/ros2_ben/install/realsense2_camera_msgs/share/realsense2_camera_msgs/srv/CalibConfigRead.srv
[2.607s] -- Up-to-date: /home/amrl-linux24-04/ros2_ben/install/realsense2_camera_msgs/share/realsense2_camera_msgs/srv/CalibConfigWrite.srv
[2.608s] -- Up-to-date: /home/amrl-linux24-04/ros2_ben/install/realsense2_camera_msgs/share/realsense2_camera_msgs/action/TriggeredCalibration.action
[2.608s] -- Up-to-date: /home/amrl-linux24-04/ros2_ben/install/realsense2_camera_msgs/share/ament_index/resource_index/package_run_dependencies/realsense2_camera_msgs
[2.609s] -- Up-to-date: /home/amrl-linux24-04/ros2_ben/install/realsense2_camera_msgs/share/ament_index/resource_index/parent_prefix_path/realsense2_camera_msgs
[2.611s] -- Up-to-date: /home/amrl-linux24-04/ros2_ben/install/realsense2_camera_msgs/share/realsense2_camera_msgs/environment/ament_prefix_path.sh
[2.613s] -- Up-to-date: /home/amrl-linux24-04/ros2_ben/install/realsense2_camera_msgs/share/realsense2_camera_msgs/environment/ament_prefix_path.dsv
[2.615s] -- Up-to-date: /home/amrl-linux24-04/ros2_ben/install/realsense2_camera_msgs/share/realsense2_camera_msgs/environment/path.sh
[2.617s] -- Up-to-date: /home/amrl-linux24-04/ros2_ben/install/realsense2_camera_msgs/share/realsense2_camera_msgs/environment/path.dsv
[2.618s] -- Up-to-date: /home/amrl-linux24-04/ros2_ben/install/realsense2_camera_msgs/share/realsense2_camera_msgs/local_setup.bash
[2.619s] -- Up-to-date: /home/amrl-linux24-04/ros2_ben/install/realsense2_camera_msgs/share/realsense2_camera_msgs/local_setup.sh
[2.619s] -- Up-to-date: /home/amrl-linux24-04/ros2_ben/install/realsense2_camera_msgs/share/realsense2_camera_msgs/local_setup.zsh
[2.620s] -- Up-to-date: /home/amrl-linux24-04/ros2_ben/install/realsense2_camera_msgs/share/realsense2_camera_msgs/local_setup.dsv
[2.620s] -- Installing: /home/amrl-linux24-04/ros2_ben/install/realsense2_camera_msgs/share/realsense2_camera_msgs/package.dsv
[2.621s] -- Up-to-date: /home/amrl-linux24-04/ros2_ben/install/realsense2_camera_msgs/share/ament_index/resource_index/packages/realsense2_camera_msgs
[2.624s] -- Up-to-date: /home/amrl-linux24-04/ros2_ben/install/realsense2_camera_msgs/share/realsense2_camera_msgs/cmake/export_realsense2_camera_msgs__rosidl_generator_cExport.cmake
[2.624s] -- Up-to-date: /home/amrl-linux24-04/ros2_ben/install/realsense2_camera_msgs/share/realsense2_camera_msgs/cmake/export_realsense2_camera_msgs__rosidl_generator_cExport-noconfig.cmake
[2.624s] -- Up-to-date: /home/amrl-linux24-04/ros2_ben/install/realsense2_camera_msgs/share/realsense2_camera_msgs/cmake/export_realsense2_camera_msgs__rosidl_typesupport_fastrtps_cExport.cmake
[2.625s] -- Up-to-date: /home/amrl-linux24-04/ros2_ben/install/realsense2_camera_msgs/share/realsense2_camera_msgs/cmake/export_realsense2_camera_msgs__rosidl_typesupport_fastrtps_cExport-noconfig.cmake
[2.626s] -- Up-to-date: /home/amrl-linux24-04/ros2_ben/install/realsense2_camera_msgs/share/realsense2_camera_msgs/cmake/realsense2_camera_msgs__rosidl_typesupport_introspection_cExport.cmake
[2.626s] -- Up-to-date: /home/amrl-linux24-04/ros2_ben/install/realsense2_camera_msgs/share/realsense2_camera_msgs/cmake/realsense2_camera_msgs__rosidl_typesupport_introspection_cExport-noconfig.cmake
[2.626s] -- Up-to-date: /home/amrl-linux24-04/ros2_ben/install/realsense2_camera_msgs/share/realsense2_camera_msgs/cmake/realsense2_camera_msgs__rosidl_typesupport_cExport.cmake
[2.627s] -- Up-to-date: /home/amrl-linux24-04/ros2_ben/install/realsense2_camera_msgs/share/realsense2_camera_msgs/cmake/realsense2_camera_msgs__rosidl_typesupport_cExport-noconfig.cmake
[2.628s] -- Up-to-date: /home/amrl-linux24-04/ros2_ben/install/realsense2_camera_msgs/share/realsense2_camera_msgs/cmake/export_realsense2_camera_msgs__rosidl_generator_cppExport.cmake
[2.628s] -- Up-to-date: /home/amrl-linux24-04/ros2_ben/install/realsense2_camera_msgs/share/realsense2_camera_msgs/cmake/export_realsense2_camera_msgs__rosidl_typesupport_fastrtps_cppExport.cmake
[2.629s] -- Up-to-date: /home/amrl-linux24-04/ros2_ben/install/realsense2_camera_msgs/share/realsense2_camera_msgs/cmake/export_realsense2_camera_msgs__rosidl_typesupport_fastrtps_cppExport-noconfig.cmake
[2.630s] -- Up-to-date: /home/amrl-linux24-04/ros2_ben/install/realsense2_camera_msgs/share/realsense2_camera_msgs/cmake/realsense2_camera_msgs__rosidl_typesupport_introspection_cppExport.cmake
[2.630s] -- Up-to-date: /home/amrl-linux24-04/ros2_ben/install/realsense2_camera_msgs/share/realsense2_camera_msgs/cmake/realsense2_camera_msgs__rosidl_typesupport_introspection_cppExport-noconfig.cmake
[2.630s] -- Up-to-date: /home/amrl-linux24-04/ros2_ben/install/realsense2_camera_msgs/share/realsense2_camera_msgs/cmake/realsense2_camera_msgs__rosidl_typesupport_cppExport.cmake
[2.631s] -- Up-to-date: /home/amrl-linux24-04/ros2_ben/install/realsense2_camera_msgs/share/realsense2_camera_msgs/cmake/realsense2_camera_msgs__rosidl_typesupport_cppExport-noconfig.cmake
[2.632s] -- Up-to-date: /home/amrl-linux24-04/ros2_ben/install/realsense2_camera_msgs/share/realsense2_camera_msgs/cmake/export_realsense2_camera_msgs__rosidl_generator_pyExport.cmake
[2.632s] -- Up-to-date: /home/amrl-linux24-04/ros2_ben/install/realsense2_camera_msgs/share/realsense2_camera_msgs/cmake/export_realsense2_camera_msgs__rosidl_generator_pyExport-noconfig.cmake
[2.633s] -- Up-to-date: /home/amrl-linux24-04/ros2_ben/install/realsense2_camera_msgs/share/realsense2_camera_msgs/cmake/rosidl_cmake-extras.cmake
[2.635s] -- Up-to-date: /home/amrl-linux24-04/ros2_ben/install/realsense2_camera_msgs/share/realsense2_camera_msgs/cmake/ament_cmake_export_dependencies-extras.cmake
[2.636s] -- Up-to-date: /home/amrl-linux24-04/ros2_ben/install/realsense2_camera_msgs/share/realsense2_camera_msgs/cmake/ament_cmake_export_include_directories-extras.cmake
[2.640s] -- Up-to-date: /home/amrl-linux24-04/ros2_ben/install/realsense2_camera_msgs/share/realsense2_camera_msgs/cmake/ament_cmake_export_libraries-extras.cmake
[2.642s] -- Up-to-date: /home/amrl-linux24-04/ros2_ben/install/realsense2_camera_msgs/share/realsense2_camera_msgs/cmake/ament_cmake_export_targets-extras.cmake
[2.643s] -- Up-to-date: /home/amrl-linux24-04/ros2_ben/install/realsense2_camera_msgs/share/realsense2_camera_msgs/cmake/rosidl_cmake_export_typesupport_targets-extras.cmake
[2.643s] -- Up-to-date: /home/amrl-linux24-04/ros2_ben/install/realsense2_camera_msgs/share/realsense2_camera_msgs/cmake/rosidl_cmake_export_typesupport_libraries-extras.cmake
[2.643s] -- Up-to-date: /home/amrl-linux24-04/ros2_ben/install/realsense2_camera_msgs/share/realsense2_camera_msgs/cmake/realsense2_camera_msgsConfig.cmake
[2.644s] -- Up-to-date: /home/amrl-linux24-04/ros2_ben/install/realsense2_camera_msgs/share/realsense2_camera_msgs/cmake/realsense2_camera_msgsConfig-version.cmake
[2.645s] -- Up-to-date: /home/amrl-linux24-04/ros2_ben/install/realsense2_camera_msgs/share/realsense2_camera_msgs/package.xml
[2.726s] Invoked command in '/home/amrl-linux24-04/ros2_ben/build/realsense2_camera_msgs' returned '0': CMAKE_PREFIX_PATH=${CMAKE_PREFIX_PATH}:/home/amrl-linux24-04/ros2_ben/install/yolo_ros:/home/amrl-linux24-04/ros2_ben/install/igusgus_launch:/home/amrl-linux24-04/ros2_ben/install/igusgus:/opt/ros/jazzy DEBUGINFOD_URLS=https://debuginfod.ubuntu.com /usr/bin/cmake --install /home/amrl-linux24-04/ros2_ben/build/realsense2_camera_msgs
