[  2%] Built target igus_rebel_msgs__rosidl_generator_type_description
[  2%] Built target ament_cmake_python_copy_igus_rebel_msgs
[ 20%] Built target igus_rebel_msgs__rosidl_generator_c
[ 22%] Built target igus_rebel_msgs__cpp
[ 31%] Built target igus_rebel_msgs__rosidl_typesupport_fastrtps_c
[ 40%] Built target igus_rebel_msgs__rosidl_typesupport_introspection_c
[ 50%] Built target igus_rebel_msgs__rosidl_typesupport_introspection_cpp
[ 59%] Built target igus_rebel_msgs__rosidl_typesupport_fastrtps_cpp
[ 68%] Built target igus_rebel_msgs__rosidl_typesupport_cpp
[ 77%] Built target igus_rebel_msgs__rosidl_typesupport_c
[ 77%] Built target igus_rebel_msgs
[ 79%] Built target igus_rebel_msgs__py
[ 86%] Built target igus_rebel_msgs__rosidl_generator_py
[ 95%] Built target igus_rebel_msgs_s__rosidl_typesupport_introspection_c
[ 95%] Built target igus_rebel_msgs_s__rosidl_typesupport_c
[100%] Built target igus_rebel_msgs_s__rosidl_typesupport_fastrtps_c
running egg_info
writing igus_rebel_msgs.egg-info/PKG-INFO
writing dependency_links to igus_rebel_msgs.egg-info/dependency_links.txt
writing top-level names to igus_rebel_msgs.egg-info/top_level.txt
reading manifest file 'igus_rebel_msgs.egg-info/SOURCES.txt'
writing manifest file 'igus_rebel_msgs.egg-info/SOURCES.txt'
[100%] Built target ament_cmake_python_build_igus_rebel_msgs_egg
