[0.047s] Invoking command in '/home/amrl-linux24-04/ros2_ben/build/igus_rebel_msgs': CMAKE_PREFIX_PATH=${CMAKE_PREFIX_PATH}:/home/amrl-linux24-04/ros2_ben/install/yolo_ros:/home/amrl-linux24-04/ros2_ben/install/igusgus_launch:/opt/ros/jazzy DEBUGINFOD_URLS=https://debuginfod.ubuntu.com /usr/bin/cmake --build /home/amrl-linux24-04/ros2_ben/build/igus_rebel_msgs -- -j22 -l22
[0.097s] [  2%] Built target igus_rebel_msgs__rosidl_generator_type_description
[0.106s] [  2%] Built target ament_cmake_python_copy_igus_rebel_msgs
[0.122s] [ 20%] Built target igus_rebel_msgs__rosidl_generator_c
[0.124s] [ 22%] Built target igus_rebel_msgs__cpp
[0.155s] [ 31%] Built target igus_rebel_msgs__rosidl_typesupport_fastrtps_c
[0.156s] [ 40%] Built target igus_rebel_msgs__rosidl_typesupport_introspection_c
[0.156s] [ 50%] Built target igus_rebel_msgs__rosidl_typesupport_introspection_cpp
[0.156s] [ 59%] Built target igus_rebel_msgs__rosidl_typesupport_fastrtps_cpp
[0.156s] [ 68%] Built target igus_rebel_msgs__rosidl_typesupport_cpp
[0.156s] [ 77%] Built target igus_rebel_msgs__rosidl_typesupport_c
[0.179s] [ 77%] Built target igus_rebel_msgs
[0.202s] [ 79%] Built target igus_rebel_msgs__py
[0.231s] [ 86%] Built target igus_rebel_msgs__rosidl_generator_py
[0.258s] [ 95%] Built target igus_rebel_msgs_s__rosidl_typesupport_introspection_c
[0.258s] [ 95%] Built target igus_rebel_msgs_s__rosidl_typesupport_c
[0.263s] [100%] Built target igus_rebel_msgs_s__rosidl_typesupport_fastrtps_c
[0.378s] running egg_info
[0.400s] writing igus_rebel_msgs.egg-info/PKG-INFO
[0.401s] writing dependency_links to igus_rebel_msgs.egg-info/dependency_links.txt
[0.401s] writing top-level names to igus_rebel_msgs.egg-info/top_level.txt
[0.461s] reading manifest file 'igus_rebel_msgs.egg-info/SOURCES.txt'
[0.462s] writing manifest file 'igus_rebel_msgs.egg-info/SOURCES.txt'
[0.499s] [100%] Built target ament_cmake_python_build_igus_rebel_msgs_egg
