[2.620s] Invoking command in '/home/amrl-linux24-04/ros2_ben/src/igusgus': DEBUGINFOD_URLS=https://debuginfod.ubuntu.com PYTHONPATH=/home/amrl-linux24-04/ros2_ben/build/igusgus/prefix_override:/usr/lib/python3/dist-packages/colcon_core/task/python/colcon_distutils_commands:/home/amrl-linux24-04/ros2_ben/install/igusgus/lib/python3.12/site-packages:${PYTHONPATH} /usr/bin/python3 -W ignore:setup.py install is deprecated -W ignore:easy_install command is deprecated setup.py egg_info --egg-base ../../build/igusgus build --build-base /home/amrl-linux24-04/ros2_ben/build/igusgus/build install --record /home/amrl-linux24-04/ros2_ben/build/igusgus/install.log --single-version-externally-managed install_data
[3.256s] running egg_info
[3.307s] writing ../../build/igusgus/igusgus.egg-info/PKG-INFO
[3.308s] writing dependency_links to ../../build/igusgus/igusgus.egg-info/dependency_links.txt
[3.309s] writing entry points to ../../build/igusgus/igusgus.egg-info/entry_points.txt
[3.309s] writing requirements to ../../build/igusgus/igusgus.egg-info/requires.txt
[3.309s] writing top-level names to ../../build/igusgus/igusgus.egg-info/top_level.txt
[3.409s] reading manifest file '../../build/igusgus/igusgus.egg-info/SOURCES.txt'
[3.409s] adding license file 'LICENSE'
[3.411s] writing manifest file '../../build/igusgus/igusgus.egg-info/SOURCES.txt'
[3.411s] running build
[3.412s] running build_py
[3.412s] copying igusgus/mask_to_3d.py -> /home/amrl-linux24-04/ros2_ben/build/igusgus/build/lib/igusgus
[3.412s] running install
[3.428s] running install_lib
[3.478s] copying /home/amrl-linux24-04/ros2_ben/build/igusgus/build/lib/igusgus/mask_to_3d.py -> /home/amrl-linux24-04/ros2_ben/install/igusgus/lib/python3.12/site-packages/igusgus
[3.479s] byte-compiling /home/amrl-linux24-04/ros2_ben/install/igusgus/lib/python3.12/site-packages/igusgus/mask_to_3d.py to mask_to_3d.cpython-312.pyc
[3.482s] running install_data
[3.483s] running install_egg_info
[3.549s] removing '/home/amrl-linux24-04/ros2_ben/install/igusgus/lib/python3.12/site-packages/igusgus-0.0.0-py3.12.egg-info' (and everything under it)
[3.549s] Copying ../../build/igusgus/igusgus.egg-info to /home/amrl-linux24-04/ros2_ben/install/igusgus/lib/python3.12/site-packages/igusgus-0.0.0-py3.12.egg-info
[3.551s] running install_scripts
[3.877s] Installing mask_to_3d script to /home/amrl-linux24-04/ros2_ben/install/igusgus/lib/igusgus
[3.877s] writing list of installed files to '/home/amrl-linux24-04/ros2_ben/build/igusgus/install.log'
[3.936s] Invoked command in '/home/amrl-linux24-04/ros2_ben/src/igusgus' returned '0': DEBUGINFOD_URLS=https://debuginfod.ubuntu.com PYTHONPATH=/home/amrl-linux24-04/ros2_ben/build/igusgus/prefix_override:/usr/lib/python3/dist-packages/colcon_core/task/python/colcon_distutils_commands:/home/amrl-linux24-04/ros2_ben/install/igusgus/lib/python3.12/site-packages:${PYTHONPATH} /usr/bin/python3 -W ignore:setup.py install is deprecated -W ignore:easy_install command is deprecated setup.py egg_info --egg-base ../../build/igusgus build --build-base /home/amrl-linux24-04/ros2_ben/build/igusgus/build install --record /home/amrl-linux24-04/ros2_ben/build/igusgus/install.log --single-version-externally-managed install_data
