[0.007s] Invoking command in '/home/amrl-linux24-04/ros2_ben/build/igus_rebel': AMENT_PREFIX_PATH=/home/amrl-linux24-04/ros2_ben/install/igus_rebel_msgs:${AMENT_PREFIX_PATH} CMAKE_PREFIX_PATH=/home/amrl-linux24-04/ros2_ben/install/igus_rebel_msgs:/opt/ros/jazzy/opt/gz_math_vendor:/opt/ros/jazzy/opt/gz_utils_vendor:/opt/ros/jazzy/opt/gz_cmake_vendor:/opt/ros/jazzy DEBUGINFOD_URLS=https://debuginfod.ubuntu.com LD_LIBRARY_PATH=/home/amrl-linux24-04/ros2_ben/install/igus_rebel_msgs/lib:${LD_LIBRARY_PATH} PYTHONPATH=/home/amrl-linux24-04/ros2_ben/install/igus_rebel_msgs/lib/python3.12/site-packages:${PYTHONPATH} /usr/bin/cmake --build /home/amrl-linux24-04/ros2_ben/build/igus_rebel -- -j22 -l22
[0.055s] [100%] Built target igus_rebel
[0.062s] Invoked command in '/home/amrl-linux24-04/ros2_ben/build/igus_rebel' returned '0': AMENT_PREFIX_PATH=/home/amrl-linux24-04/ros2_ben/install/igus_rebel_msgs:${AMENT_PREFIX_PATH} CMAKE_PREFIX_PATH=/home/amrl-linux24-04/ros2_ben/install/igus_rebel_msgs:/opt/ros/jazzy/opt/gz_math_vendor:/opt/ros/jazzy/opt/gz_utils_vendor:/opt/ros/jazzy/opt/gz_cmake_vendor:/opt/ros/jazzy DEBUGINFOD_URLS=https://debuginfod.ubuntu.com LD_LIBRARY_PATH=/home/amrl-linux24-04/ros2_ben/install/igus_rebel_msgs/lib:${LD_LIBRARY_PATH} PYTHONPATH=/home/amrl-linux24-04/ros2_ben/install/igus_rebel_msgs/lib/python3.12/site-packages:${PYTHONPATH} /usr/bin/cmake --build /home/amrl-linux24-04/ros2_ben/build/igus_rebel -- -j22 -l22
[0.063s] Invoking command in '/home/amrl-linux24-04/ros2_ben/build/igus_rebel': AMENT_PREFIX_PATH=/home/amrl-linux24-04/ros2_ben/install/igus_rebel_msgs:${AMENT_PREFIX_PATH} CMAKE_PREFIX_PATH=/home/amrl-linux24-04/ros2_ben/install/igus_rebel_msgs:/opt/ros/jazzy/opt/gz_math_vendor:/opt/ros/jazzy/opt/gz_utils_vendor:/opt/ros/jazzy/opt/gz_cmake_vendor:/opt/ros/jazzy DEBUGINFOD_URLS=https://debuginfod.ubuntu.com LD_LIBRARY_PATH=/home/amrl-linux24-04/ros2_ben/install/igus_rebel_msgs/lib:${LD_LIBRARY_PATH} PYTHONPATH=/home/amrl-linux24-04/ros2_ben/install/igus_rebel_msgs/lib/python3.12/site-packages:${PYTHONPATH} /usr/bin/cmake --install /home/amrl-linux24-04/ros2_ben/build/igus_rebel
[0.068s] -- Install configuration: ""
[0.068s] -- Up-to-date: /home/amrl-linux24-04/ros2_ben/install/igus_rebel/share/igus_rebel/rebel.xml
[0.069s] -- Up-to-date: /home/amrl-linux24-04/ros2_ben/install/igus_rebel/lib/libigus_rebel.so
[0.069s] -- Up-to-date: /home/amrl-linux24-04/ros2_ben/install/igus_rebel/share/igus_rebel/rebel.xml
[0.069s] -- Up-to-date: /home/amrl-linux24-04/ros2_ben/install/igus_rebel/share/igus_rebel//config
[0.069s] -- Up-to-date: /home/amrl-linux24-04/ros2_ben/install/igus_rebel/share/igus_rebel//config/controller.yaml
[0.069s] -- Up-to-date: /home/amrl-linux24-04/ros2_ben/install/igus_rebel/share/igus_rebel//launch
[0.069s] -- Up-to-date: /home/amrl-linux24-04/ros2_ben/install/igus_rebel/share/igus_rebel//launch/rebel.launch.py
[0.069s] -- Up-to-date: /home/amrl-linux24-04/ros2_ben/install/igus_rebel/share/ament_index/resource_index/package_run_dependencies/igus_rebel
[0.069s] -- Up-to-date: /home/amrl-linux24-04/ros2_ben/install/igus_rebel/share/ament_index/resource_index/parent_prefix_path/igus_rebel
[0.069s] -- Up-to-date: /home/amrl-linux24-04/ros2_ben/install/igus_rebel/share/igus_rebel/environment/ament_prefix_path.sh
[0.069s] -- Up-to-date: /home/amrl-linux24-04/ros2_ben/install/igus_rebel/share/igus_rebel/environment/ament_prefix_path.dsv
[0.069s] -- Up-to-date: /home/amrl-linux24-04/ros2_ben/install/igus_rebel/share/igus_rebel/environment/path.sh
[0.070s] -- Up-to-date: /home/amrl-linux24-04/ros2_ben/install/igus_rebel/share/igus_rebel/environment/path.dsv
[0.070s] -- Up-to-date: /home/amrl-linux24-04/ros2_ben/install/igus_rebel/share/igus_rebel/local_setup.bash
[0.070s] -- Up-to-date: /home/amrl-linux24-04/ros2_ben/install/igus_rebel/share/igus_rebel/local_setup.sh
[0.070s] -- Up-to-date: /home/amrl-linux24-04/ros2_ben/install/igus_rebel/share/igus_rebel/local_setup.zsh
[0.070s] -- Up-to-date: /home/amrl-linux24-04/ros2_ben/install/igus_rebel/share/igus_rebel/local_setup.dsv
[0.070s] -- Installing: /home/amrl-linux24-04/ros2_ben/install/igus_rebel/share/igus_rebel/package.dsv
[0.070s] -- Up-to-date: /home/amrl-linux24-04/ros2_ben/install/igus_rebel/share/ament_index/resource_index/packages/igus_rebel
[0.070s] -- Up-to-date: /home/amrl-linux24-04/ros2_ben/install/igus_rebel/share/ament_index/resource_index/hardware_interface__pluginlib__plugin/igus_rebel
[0.071s] -- Up-to-date: /home/amrl-linux24-04/ros2_ben/install/igus_rebel/share/igus_rebel/cmake/igus_rebelConfig.cmake
[0.071s] -- Up-to-date: /home/amrl-linux24-04/ros2_ben/install/igus_rebel/share/igus_rebel/cmake/igus_rebelConfig-version.cmake
[0.071s] -- Up-to-date: /home/amrl-linux24-04/ros2_ben/install/igus_rebel/share/igus_rebel/package.xml
[0.072s] Invoked command in '/home/amrl-linux24-04/ros2_ben/build/igus_rebel' returned '0': AMENT_PREFIX_PATH=/home/amrl-linux24-04/ros2_ben/install/igus_rebel_msgs:${AMENT_PREFIX_PATH} CMAKE_PREFIX_PATH=/home/amrl-linux24-04/ros2_ben/install/igus_rebel_msgs:/opt/ros/jazzy/opt/gz_math_vendor:/opt/ros/jazzy/opt/gz_utils_vendor:/opt/ros/jazzy/opt/gz_cmake_vendor:/opt/ros/jazzy DEBUGINFOD_URLS=https://debuginfod.ubuntu.com LD_LIBRARY_PATH=/home/amrl-linux24-04/ros2_ben/install/igus_rebel_msgs/lib:${LD_LIBRARY_PATH} PYTHONPATH=/home/amrl-linux24-04/ros2_ben/install/igus_rebel_msgs/lib/python3.12/site-packages:${PYTHONPATH} /usr/bin/cmake --install /home/amrl-linux24-04/ros2_ben/build/igus_rebel
