[0.028s] Invoking command in '/home/amrl-linux24-04/ros2_ben/build/yolo_msgs': CMAKE_PREFIX_PATH=${CMAKE_PREFIX_PATH}:/home/amrl-linux24-04/ros2_ben/install/yolo_ros:/home/amrl-linux24-04/ros2_ben/install/igusgus_launch:/opt/ros/jazzy DEBUGINFOD_URLS=https://debuginfod.ubuntu.com /usr/bin/cmake /home/amrl-linux24-04/ros2_ben/src/yolo_ros/yolo_msgs -DCMAKE_INSTALL_PREFIX=/home/amrl-linux24-04/ros2_ben/install/yolo_msgs
[0.289s] -- The C compiler identification is GNU 13.3.0
[0.289s] -- The CXX compiler identification is GNU 13.3.0
[0.289s] -- Detecting C compiler ABI info
[0.346s] -- Detecting C compiler ABI info - done
[0.358s] -- Check for working C compiler: /usr/bin/cc - skipped
[0.358s] -- Detecting C compile features
[0.358s] -- Detecting C compile features - done
[0.372s] -- Detecting CXX compiler ABI info
[0.508s] -- Detecting CXX compiler ABI info - done
[0.524s] -- Check for working CXX compiler: /usr/bin/c++ - skipped
[0.525s] -- Detecting CXX compile features
[0.526s] -- Detecting CXX compile features - done
[0.532s] -- Found ament_cmake: 2.5.4 (/opt/ros/jazzy/share/ament_cmake/cmake)
[0.737s] -- Found Python3: /usr/bin/python3 (found version "3.12.3") found components: Interpreter 
[0.878s] -- Found rosidl_default_generators: 1.6.0 (/opt/ros/jazzy/share/rosidl_default_generators/cmake)
[0.893s] -- Using all available rosidl_typesupport_c: rosidl_typesupport_fastrtps_c;rosidl_typesupport_introspection_c
[1.003s] -- Using all available rosidl_typesupport_cpp: rosidl_typesupport_fastrtps_cpp;rosidl_typesupport_introspection_cpp
[1.078s] -- Found rosidl_adapter: 4.6.6 (/opt/ros/jazzy/share/rosidl_adapter/cmake)
[1.084s] -- Found std_msgs: 5.3.6 (/opt/ros/jazzy/share/std_msgs/cmake)
[1.125s] -- Found geometry_msgs: 5.3.6 (/opt/ros/jazzy/share/geometry_msgs/cmake)
[2.018s] -- Found ament_cmake_ros: 0.12.0 (/opt/ros/jazzy/share/ament_cmake_ros/cmake)
[2.667s] -- Using all available rosidl_typesupport_c: rosidl_typesupport_fastrtps_c;rosidl_typesupport_introspection_c
[3.523s] -- Using all available rosidl_typesupport_cpp: rosidl_typesupport_fastrtps_cpp;rosidl_typesupport_introspection_cpp
[3.527s] -- Found python_cmake_module: 0.11.1 (/opt/ros/jazzy/share/python_cmake_module/cmake)
[3.703s] -- Found PythonExtra: /usr/bin/python3  
[4.451s] -- Found Python3: /usr/bin/python3 (found version "3.12.3") found components: Interpreter Development NumPy Development.Module Development.Embed 
[4.514s] -- Configuring done (4.5s)
[4.572s] -- Generating done (0.0s)
[4.584s] -- Build files have been written to: /home/amrl-linux24-04/ros2_ben/build/yolo_msgs
[4.599s] Invoked command in '/home/amrl-linux24-04/ros2_ben/build/yolo_msgs' returned '0': CMAKE_PREFIX_PATH=${CMAKE_PREFIX_PATH}:/home/amrl-linux24-04/ros2_ben/install/yolo_ros:/home/amrl-linux24-04/ros2_ben/install/igusgus_launch:/opt/ros/jazzy DEBUGINFOD_URLS=https://debuginfod.ubuntu.com /usr/bin/cmake /home/amrl-linux24-04/ros2_ben/src/yolo_ros/yolo_msgs -DCMAKE_INSTALL_PREFIX=/home/amrl-linux24-04/ros2_ben/install/yolo_msgs
[4.601s] Invoking command in '/home/amrl-linux24-04/ros2_ben/build/yolo_msgs': CMAKE_PREFIX_PATH=${CMAKE_PREFIX_PATH}:/home/amrl-linux24-04/ros2_ben/install/yolo_ros:/home/amrl-linux24-04/ros2_ben/install/igusgus_launch:/opt/ros/jazzy DEBUGINFOD_URLS=https://debuginfod.ubuntu.com /usr/bin/cmake --build /home/amrl-linux24-04/ros2_ben/build/yolo_msgs -- -j22 -l22
[4.685s] [  0%] [34m[1mGenerating type hashes for ROS interfaces[0m
[4.702s] [  0%] Built target ament_cmake_python_copy_yolo_msgs
[4.982s] running egg_info
[4.983s] creating yolo_msgs.egg-info
[5.005s] writing yolo_msgs.egg-info/PKG-INFO
[5.005s] writing dependency_links to yolo_msgs.egg-info/dependency_links.txt
[5.005s] writing top-level names to yolo_msgs.egg-info/top_level.txt
[5.005s] writing manifest file 'yolo_msgs.egg-info/SOURCES.txt'
[5.069s] reading manifest file 'yolo_msgs.egg-info/SOURCES.txt'
[5.070s] writing manifest file 'yolo_msgs.egg-info/SOURCES.txt'
[5.085s] [  0%] Built target yolo_msgs__rosidl_generator_type_description
[5.100s] [  0%] Built target ament_cmake_python_build_yolo_msgs_egg
[5.102s] [  0%] [34m[1mGenerating C code for ROS interfaces[0m
[5.118s] [  0%] [34m[1mGenerating C++ code for ROS interfaces[0m
[6.095s] [  0%] Built target yolo_msgs__cpp
[6.246s] [  3%] [32mBuilding C object CMakeFiles/yolo_msgs__rosidl_generator_c.dir/rosidl_generator_c/yolo_msgs/msg/detail/vector2__description.c.o[0m
[6.246s] [  3%] [32mBuilding C object CMakeFiles/yolo_msgs__rosidl_generator_c.dir/rosidl_generator_c/yolo_msgs/msg/detail/pose2_d__description.c.o[0m
[6.246s] [  3%] [32mBuilding C object CMakeFiles/yolo_msgs__rosidl_generator_c.dir/rosidl_generator_c/yolo_msgs/msg/detail/point2_d__functions.c.o[0m
[6.246s] [  4%] [32mBuilding C object CMakeFiles/yolo_msgs__rosidl_generator_c.dir/rosidl_generator_c/yolo_msgs/msg/detail/vector2__functions.c.o[0m
[6.246s] [  4%] [32mBuilding C object CMakeFiles/yolo_msgs__rosidl_generator_c.dir/rosidl_generator_c/yolo_msgs/msg/detail/pose2_d__type_support.c.o[0m
[6.246s] [  4%] [32mBuilding C object CMakeFiles/yolo_msgs__rosidl_generator_c.dir/rosidl_generator_c/yolo_msgs/msg/detail/point2_d__type_support.c.o[0m
[6.247s] [  4%] [32mBuilding C object CMakeFiles/yolo_msgs__rosidl_generator_c.dir/rosidl_generator_c/yolo_msgs/msg/detail/bounding_box2_d__type_support.c.o[0m
[6.247s] [  5%] [32mBuilding C object CMakeFiles/yolo_msgs__rosidl_generator_c.dir/rosidl_generator_c/yolo_msgs/msg/detail/bounding_box3_d__description.c.o[0m
[6.247s] [  6%] [32mBuilding C object CMakeFiles/yolo_msgs__rosidl_generator_c.dir/rosidl_generator_c/yolo_msgs/msg/detail/point2_d__description.c.o[0m
[6.247s] [  7%] [32mBuilding C object CMakeFiles/yolo_msgs__rosidl_generator_c.dir/rosidl_generator_c/yolo_msgs/msg/detail/bounding_box2_d__description.c.o[0m
[6.249s] [  9%] [32mBuilding C object CMakeFiles/yolo_msgs__rosidl_generator_c.dir/rosidl_generator_c/yolo_msgs/msg/detail/pose2_d__functions.c.o[0m
[6.249s] [  9%] [32mBuilding C object CMakeFiles/yolo_msgs__rosidl_generator_c.dir/rosidl_generator_c/yolo_msgs/msg/detail/bounding_box2_d__functions.c.o[0m
[6.249s] [  9%] [32mBuilding C object CMakeFiles/yolo_msgs__rosidl_generator_c.dir/rosidl_generator_c/yolo_msgs/msg/detail/vector2__type_support.c.o[0m
[6.250s] [ 10%] [32mBuilding C object CMakeFiles/yolo_msgs__rosidl_generator_c.dir/rosidl_generator_c/yolo_msgs/msg/detail/bounding_box3_d__functions.c.o[0m
[6.253s] [ 11%] [32mBuilding C object CMakeFiles/yolo_msgs__rosidl_generator_c.dir/rosidl_generator_c/yolo_msgs/msg/detail/mask__description.c.o[0m
[6.253s] [ 12%] [32mBuilding C object CMakeFiles/yolo_msgs__rosidl_generator_c.dir/rosidl_generator_c/yolo_msgs/msg/detail/bounding_box3_d__type_support.c.o[0m
[6.253s] [ 12%] [32mBuilding C object CMakeFiles/yolo_msgs__rosidl_generator_c.dir/rosidl_generator_c/yolo_msgs/msg/detail/key_point2_d__description.c.o[0m
[6.259s] [ 12%] [32mBuilding C object CMakeFiles/yolo_msgs__rosidl_generator_c.dir/rosidl_generator_c/yolo_msgs/msg/detail/mask__functions.c.o[0m
[6.260s] [ 13%] [32mBuilding C object CMakeFiles/yolo_msgs__rosidl_generator_c.dir/rosidl_generator_c/yolo_msgs/msg/detail/mask__type_support.c.o[0m
[6.296s] [ 13%] [32mBuilding C object CMakeFiles/yolo_msgs__rosidl_generator_c.dir/rosidl_generator_c/yolo_msgs/msg/detail/key_point2_d__functions.c.o[0m
[6.296s] [ 14%] [32mBuilding C object CMakeFiles/yolo_msgs__rosidl_generator_c.dir/rosidl_generator_c/yolo_msgs/msg/detail/key_point2_d__type_support.c.o[0m
[6.315s] [ 15%] [32mBuilding C object CMakeFiles/yolo_msgs__rosidl_generator_c.dir/rosidl_generator_c/yolo_msgs/msg/detail/key_point3_d__description.c.o[0m
[6.316s] [ 16%] [32mBuilding C object CMakeFiles/yolo_msgs__rosidl_generator_c.dir/rosidl_generator_c/yolo_msgs/msg/detail/key_point2_d_array__type_support.c.o[0m
[6.316s] [ 16%] [32mBuilding C object CMakeFiles/yolo_msgs__rosidl_generator_c.dir/rosidl_generator_c/yolo_msgs/msg/detail/key_point3_d__functions.c.o[0m
[6.318s] [ 17%] [32mBuilding C object CMakeFiles/yolo_msgs__rosidl_generator_c.dir/rosidl_generator_c/yolo_msgs/msg/detail/key_point3_d__type_support.c.o[0m
[6.320s] [ 18%] [32mBuilding C object CMakeFiles/yolo_msgs__rosidl_generator_c.dir/rosidl_generator_c/yolo_msgs/msg/detail/key_point2_d_array__description.c.o[0m
[6.325s] [ 19%] [32mBuilding C object CMakeFiles/yolo_msgs__rosidl_generator_c.dir/rosidl_generator_c/yolo_msgs/msg/detail/key_point3_d_array__description.c.o[0m
[6.325s] [ 19%] [32mBuilding C object CMakeFiles/yolo_msgs__rosidl_generator_c.dir/rosidl_generator_c/yolo_msgs/msg/detail/key_point3_d_array__functions.c.o[0m
[6.325s] [ 19%] [32mBuilding C object CMakeFiles/yolo_msgs__rosidl_generator_c.dir/rosidl_generator_c/yolo_msgs/msg/detail/key_point2_d_array__functions.c.o[0m
[6.333s] [ 20%] [32mBuilding C object CMakeFiles/yolo_msgs__rosidl_generator_c.dir/rosidl_generator_c/yolo_msgs/msg/detail/key_point3_d_array__type_support.c.o[0m
[6.336s] [ 21%] [32mBuilding C object CMakeFiles/yolo_msgs__rosidl_generator_c.dir/rosidl_generator_c/yolo_msgs/msg/detail/detection__description.c.o[0m
[6.349s] [ 22%] [32mBuilding C object CMakeFiles/yolo_msgs__rosidl_generator_c.dir/rosidl_generator_c/yolo_msgs/msg/detail/detection__functions.c.o[0m
[6.356s] [ 23%] [32mBuilding C object CMakeFiles/yolo_msgs__rosidl_generator_c.dir/rosidl_generator_c/yolo_msgs/msg/detail/detection_array__description.c.o[0m
[6.356s] [ 22%] [32mBuilding C object CMakeFiles/yolo_msgs__rosidl_generator_c.dir/rosidl_generator_c/yolo_msgs/msg/detail/detection_array__type_support.c.o[0m
[6.356s] [ 24%] [32mBuilding C object CMakeFiles/yolo_msgs__rosidl_generator_c.dir/rosidl_generator_c/yolo_msgs/msg/detail/detection__type_support.c.o[0m
[6.359s] [ 24%] [32mBuilding C object CMakeFiles/yolo_msgs__rosidl_generator_c.dir/rosidl_generator_c/yolo_msgs/msg/detail/detection_array__functions.c.o[0m
[6.360s] [ 25%] [32mBuilding C object CMakeFiles/yolo_msgs__rosidl_generator_c.dir/rosidl_generator_c/yolo_msgs/srv/detail/set_classes__functions.c.o[0m
[6.365s] [ 25%] [32mBuilding C object CMakeFiles/yolo_msgs__rosidl_generator_c.dir/rosidl_generator_c/yolo_msgs/srv/detail/set_classes__description.c.o[0m
[6.366s] [ 26%] [32mBuilding C object CMakeFiles/yolo_msgs__rosidl_generator_c.dir/rosidl_generator_c/yolo_msgs/srv/detail/set_classes__type_support.c.o[0m
[6.428s] [ 26%] [32m[1mLinking C shared library libyolo_msgs__rosidl_generator_c.so[0m
[6.482s] [ 26%] Built target yolo_msgs__rosidl_generator_c
[6.498s] [ 27%] [34m[1mGenerating C++ type support dispatch for ROS interfaces[0m
[6.504s] [ 28%] [34m[1mGenerating C type support dispatch for ROS interfaces[0m
[6.510s] [ 29%] [34m[1mGenerating C++ introspection for ROS interfaces[0m
[6.523s] [ 30%] [34m[1mGenerating C++ type support for eProsima Fast-RTPS[0m
[6.523s] [ 29%] [34m[1mGenerating C type support for eProsima Fast-RTPS[0m
[6.527s] [ 31%] [34m[1mGenerating C introspection for ROS interfaces[0m
[7.605s] [ 31%] [32mBuilding CXX object CMakeFiles/yolo_msgs__rosidl_typesupport_cpp.dir/rosidl_typesupport_cpp/yolo_msgs/msg/point2_d__type_support.cpp.o[0m
[7.622s] [ 32%] [32mBuilding CXX object CMakeFiles/yolo_msgs__rosidl_typesupport_cpp.dir/rosidl_typesupport_cpp/yolo_msgs/msg/pose2_d__type_support.cpp.o[0m
[7.626s] [ 33%] [32mBuilding CXX object CMakeFiles/yolo_msgs__rosidl_typesupport_cpp.dir/rosidl_typesupport_cpp/yolo_msgs/msg/vector2__type_support.cpp.o[0m
[7.635s] [ 33%] [32mBuilding CXX object CMakeFiles/yolo_msgs__rosidl_typesupport_cpp.dir/rosidl_typesupport_cpp/yolo_msgs/msg/bounding_box2_d__type_support.cpp.o[0m
[7.636s] [ 34%] [32mBuilding CXX object CMakeFiles/yolo_msgs__rosidl_typesupport_cpp.dir/rosidl_typesupport_cpp/yolo_msgs/msg/bounding_box3_d__type_support.cpp.o[0m
[7.636s] [ 35%] [32mBuilding CXX object CMakeFiles/yolo_msgs__rosidl_typesupport_cpp.dir/rosidl_typesupport_cpp/yolo_msgs/msg/key_point2_d_array__type_support.cpp.o[0m
[7.640s] [ 36%] [32mBuilding CXX object CMakeFiles/yolo_msgs__rosidl_typesupport_cpp.dir/rosidl_typesupport_cpp/yolo_msgs/msg/key_point2_d__type_support.cpp.o[0m
[7.643s] [ 36%] [32mBuilding CXX object CMakeFiles/yolo_msgs__rosidl_typesupport_cpp.dir/rosidl_typesupport_cpp/yolo_msgs/msg/mask__type_support.cpp.o[0m
[7.646s] [ 36%] [32mBuilding CXX object CMakeFiles/yolo_msgs__rosidl_typesupport_cpp.dir/rosidl_typesupport_cpp/yolo_msgs/msg/key_point3_d__type_support.cpp.o[0m
[7.672s] [ 36%] [32mBuilding CXX object CMakeFiles/yolo_msgs__rosidl_typesupport_cpp.dir/rosidl_typesupport_cpp/yolo_msgs/msg/detection_array__type_support.cpp.o[0m
[7.693s] [ 37%] [32mBuilding CXX object CMakeFiles/yolo_msgs__rosidl_typesupport_cpp.dir/rosidl_typesupport_cpp/yolo_msgs/srv/set_classes__type_support.cpp.o[0m
[7.698s] [ 38%] [32mBuilding CXX object CMakeFiles/yolo_msgs__rosidl_typesupport_cpp.dir/rosidl_typesupport_cpp/yolo_msgs/msg/key_point3_d_array__type_support.cpp.o[0m
[7.704s] [ 39%] [32mBuilding CXX object CMakeFiles/yolo_msgs__rosidl_typesupport_cpp.dir/rosidl_typesupport_cpp/yolo_msgs/msg/detection__type_support.cpp.o[0m
[7.763s] [ 39%] [32mBuilding CXX object CMakeFiles/yolo_msgs__rosidl_typesupport_c.dir/rosidl_typesupport_c/yolo_msgs/msg/point2_d__type_support.cpp.o[0m
[7.766s] [ 39%] [32mBuilding CXX object CMakeFiles/yolo_msgs__rosidl_typesupport_c.dir/rosidl_typesupport_c/yolo_msgs/msg/bounding_box2_d__type_support.cpp.o[0m
[7.780s] [ 40%] [32mBuilding CXX object CMakeFiles/yolo_msgs__rosidl_typesupport_c.dir/rosidl_typesupport_c/yolo_msgs/msg/pose2_d__type_support.cpp.o[0m
[7.785s] [ 41%] [32mBuilding CXX object CMakeFiles/yolo_msgs__rosidl_typesupport_c.dir/rosidl_typesupport_c/yolo_msgs/msg/bounding_box3_d__type_support.cpp.o[0m
[7.824s] [ 42%] [32mBuilding CXX object CMakeFiles/yolo_msgs__rosidl_typesupport_c.dir/rosidl_typesupport_c/yolo_msgs/msg/vector2__type_support.cpp.o[0m
[7.934s] [ 43%] [32mBuilding CXX object CMakeFiles/yolo_msgs__rosidl_typesupport_c.dir/rosidl_typesupport_c/yolo_msgs/msg/mask__type_support.cpp.o[0m
[7.999s] [ 43%] [32mBuilding CXX object CMakeFiles/yolo_msgs__rosidl_typesupport_c.dir/rosidl_typesupport_c/yolo_msgs/msg/key_point2_d__type_support.cpp.o[0m
[8.069s] [ 44%] [32mBuilding CXX object CMakeFiles/yolo_msgs__rosidl_typesupport_c.dir/rosidl_typesupport_c/yolo_msgs/msg/key_point3_d__type_support.cpp.o[0m
[8.072s] [ 45%] [32mBuilding CXX object CMakeFiles/yolo_msgs__rosidl_typesupport_c.dir/rosidl_typesupport_c/yolo_msgs/msg/key_point2_d_array__type_support.cpp.o[0m
[8.103s] [ 45%] [32mBuilding CXX object CMakeFiles/yolo_msgs__rosidl_typesupport_introspection_cpp.dir/rosidl_typesupport_introspection_cpp/yolo_msgs/msg/detail/point2_d__type_support.cpp.o[0m
[8.136s] [ 46%] [32mBuilding CXX object CMakeFiles/yolo_msgs__rosidl_typesupport_introspection_cpp.dir/rosidl_typesupport_introspection_cpp/yolo_msgs/msg/detail/vector2__type_support.cpp.o[0m
[8.165s] [ 46%] [32mBuilding CXX object CMakeFiles/yolo_msgs__rosidl_typesupport_c.dir/rosidl_typesupport_c/yolo_msgs/msg/key_point3_d_array__type_support.cpp.o[0m
[8.190s] [ 47%] [32mBuilding CXX object CMakeFiles/yolo_msgs__rosidl_typesupport_c.dir/rosidl_typesupport_c/yolo_msgs/msg/detection__type_support.cpp.o[0m
[8.200s] [ 48%] [32mBuilding CXX object CMakeFiles/yolo_msgs__rosidl_typesupport_c.dir/rosidl_typesupport_c/yolo_msgs/msg/detection_array__type_support.cpp.o[0m
[8.339s] [ 48%] [32mBuilding CXX object CMakeFiles/yolo_msgs__rosidl_typesupport_introspection_cpp.dir/rosidl_typesupport_introspection_cpp/yolo_msgs/msg/detail/pose2_d__type_support.cpp.o[0m
[8.395s] [ 48%] [32mBuilding CXX object CMakeFiles/yolo_msgs__rosidl_typesupport_c.dir/rosidl_typesupport_c/yolo_msgs/srv/set_classes__type_support.cpp.o[0m
[8.415s] [ 49%] [32mBuilding CXX object CMakeFiles/yolo_msgs__rosidl_typesupport_introspection_cpp.dir/rosidl_typesupport_introspection_cpp/yolo_msgs/msg/detail/bounding_box3_d__type_support.cpp.o[0m
[8.423s] [ 50%] [32mBuilding CXX object CMakeFiles/yolo_msgs__rosidl_typesupport_introspection_cpp.dir/rosidl_typesupport_introspection_cpp/yolo_msgs/msg/detail/bounding_box2_d__type_support.cpp.o[0m
[8.445s] [ 50%] [32mBuilding CXX object CMakeFiles/yolo_msgs__rosidl_typesupport_introspection_cpp.dir/rosidl_typesupport_introspection_cpp/yolo_msgs/msg/detail/mask__type_support.cpp.o[0m
[8.530s] [ 51%] [32mBuilding CXX object CMakeFiles/yolo_msgs__rosidl_typesupport_introspection_cpp.dir/rosidl_typesupport_introspection_cpp/yolo_msgs/msg/detail/key_point2_d__type_support.cpp.o[0m
[8.564s] [ 52%] [32m[1mLinking CXX shared library libyolo_msgs__rosidl_typesupport_c.so[0m
[8.721s] [ 53%] [32mBuilding CXX object CMakeFiles/yolo_msgs__rosidl_typesupport_introspection_cpp.dir/rosidl_typesupport_introspection_cpp/yolo_msgs/msg/detail/key_point2_d_array__type_support.cpp.o[0m
[8.727s] [ 53%] [32mBuilding CXX object CMakeFiles/yolo_msgs__rosidl_typesupport_introspection_cpp.dir/rosidl_typesupport_introspection_cpp/yolo_msgs/msg/detail/key_point3_d__type_support.cpp.o[0m
[8.728s] [ 53%] [32mBuilding C object CMakeFiles/yolo_msgs__rosidl_typesupport_introspection_c.dir/rosidl_typesupport_introspection_c/yolo_msgs/msg/detail/point2_d__type_support.c.o[0m
[8.736s] [ 53%] Built target yolo_msgs__rosidl_typesupport_c
[8.778s] [ 54%] [32mBuilding CXX object CMakeFiles/yolo_msgs__rosidl_typesupport_introspection_cpp.dir/rosidl_typesupport_introspection_cpp/yolo_msgs/msg/detail/key_point3_d_array__type_support.cpp.o[0m
[8.804s] [ 55%] [32mBuilding C object CMakeFiles/yolo_msgs__rosidl_typesupport_introspection_c.dir/rosidl_typesupport_introspection_c/yolo_msgs/msg/detail/vector2__type_support.c.o[0m
[8.893s] [ 56%] [32mBuilding C object CMakeFiles/yolo_msgs__rosidl_typesupport_introspection_c.dir/rosidl_typesupport_introspection_c/yolo_msgs/msg/detail/bounding_box3_d__type_support.c.o[0m
[8.926s] [ 57%] [32mBuilding C object CMakeFiles/yolo_msgs__rosidl_typesupport_introspection_c.dir/rosidl_typesupport_introspection_c/yolo_msgs/msg/detail/pose2_d__type_support.c.o[0m
[8.930s] [ 58%] [32mBuilding CXX object CMakeFiles/yolo_msgs__rosidl_typesupport_fastrtps_cpp.dir/rosidl_typesupport_fastrtps_cpp/yolo_msgs/msg/detail/dds_fastrtps/point2_d__type_support.cpp.o[0m
[8.932s] [ 59%] [32mBuilding CXX object CMakeFiles/yolo_msgs__rosidl_typesupport_introspection_cpp.dir/rosidl_typesupport_introspection_cpp/yolo_msgs/msg/detail/detection__type_support.cpp.o[0m
[8.949s] [ 59%] [32mBuilding C object CMakeFiles/yolo_msgs__rosidl_typesupport_introspection_c.dir/rosidl_typesupport_introspection_c/yolo_msgs/msg/detail/bounding_box2_d__type_support.c.o[0m
[8.980s] [ 60%] [32mBuilding C object CMakeFiles/yolo_msgs__rosidl_typesupport_introspection_c.dir/rosidl_typesupport_introspection_c/yolo_msgs/msg/detail/mask__type_support.c.o[0m
[8.983s] [ 60%] [32mBuilding CXX object CMakeFiles/yolo_msgs__rosidl_typesupport_introspection_cpp.dir/rosidl_typesupport_introspection_cpp/yolo_msgs/msg/detail/detection_array__type_support.cpp.o[0m
[9.026s] [ 60%] [32mBuilding CXX object CMakeFiles/yolo_msgs__rosidl_typesupport_fastrtps_cpp.dir/rosidl_typesupport_fastrtps_cpp/yolo_msgs/msg/detail/dds_fastrtps/vector2__type_support.cpp.o[0m
[9.067s] [ 61%] [32mBuilding CXX object CMakeFiles/yolo_msgs__rosidl_typesupport_fastrtps_cpp.dir/rosidl_typesupport_fastrtps_cpp/yolo_msgs/msg/detail/dds_fastrtps/pose2_d__type_support.cpp.o[0m
[9.081s] [ 62%] [32mBuilding C object CMakeFiles/yolo_msgs__rosidl_typesupport_introspection_c.dir/rosidl_typesupport_introspection_c/yolo_msgs/msg/detail/key_point2_d_array__type_support.c.o[0m
[9.085s] [ 63%] [32mBuilding CXX object CMakeFiles/yolo_msgs__rosidl_typesupport_fastrtps_cpp.dir/rosidl_typesupport_fastrtps_cpp/yolo_msgs/msg/detail/dds_fastrtps/bounding_box2_d__type_support.cpp.o[0m
[9.086s] [ 63%] [32mBuilding C object CMakeFiles/yolo_msgs__rosidl_typesupport_introspection_c.dir/rosidl_typesupport_introspection_c/yolo_msgs/msg/detail/key_point2_d__type_support.c.o[0m
[9.115s] [ 64%] [32mBuilding C object CMakeFiles/yolo_msgs__rosidl_typesupport_introspection_c.dir/rosidl_typesupport_introspection_c/yolo_msgs/msg/detail/key_point3_d__type_support.c.o[0m
[9.118s] [ 65%] [32mBuilding CXX object CMakeFiles/yolo_msgs__rosidl_typesupport_fastrtps_c.dir/rosidl_typesupport_fastrtps_c/yolo_msgs/msg/detail/point2_d__type_support_c.cpp.o[0m
[9.133s] [ 66%] [32mBuilding CXX object CMakeFiles/yolo_msgs__rosidl_typesupport_introspection_cpp.dir/rosidl_typesupport_introspection_cpp/yolo_msgs/srv/detail/set_classes__type_support.cpp.o[0m
[9.193s] [ 67%] [32mBuilding CXX object CMakeFiles/yolo_msgs__rosidl_typesupport_fastrtps_c.dir/rosidl_typesupport_fastrtps_c/yolo_msgs/msg/detail/vector2__type_support_c.cpp.o[0m
[9.300s] [ 67%] [32mBuilding CXX object CMakeFiles/yolo_msgs__rosidl_typesupport_fastrtps_c.dir/rosidl_typesupport_fastrtps_c/yolo_msgs/msg/detail/pose2_d__type_support_c.cpp.o[0m
[9.302s] [ 67%] [32mBuilding C object CMakeFiles/yolo_msgs__rosidl_typesupport_introspection_c.dir/rosidl_typesupport_introspection_c/yolo_msgs/msg/detail/key_point3_d_array__type_support.c.o[0m
[9.448s] [ 68%] [32mBuilding C object CMakeFiles/yolo_msgs__rosidl_typesupport_introspection_c.dir/rosidl_typesupport_introspection_c/yolo_msgs/msg/detail/detection__type_support.c.o[0m
[9.522s] [ 69%] [32mBuilding C object CMakeFiles/yolo_msgs__rosidl_typesupport_introspection_c.dir/rosidl_typesupport_introspection_c/yolo_msgs/msg/detail/detection_array__type_support.c.o[0m
[9.642s] [ 69%] [32mBuilding CXX object CMakeFiles/yolo_msgs__rosidl_typesupport_fastrtps_cpp.dir/rosidl_typesupport_fastrtps_cpp/yolo_msgs/msg/detail/dds_fastrtps/bounding_box3_d__type_support.cpp.o[0m
[9.880s] [ 70%] [32mBuilding CXX object CMakeFiles/yolo_msgs__rosidl_typesupport_fastrtps_cpp.dir/rosidl_typesupport_fastrtps_cpp/yolo_msgs/msg/detail/dds_fastrtps/mask__type_support.cpp.o[0m
[9.895s] [ 71%] [32mBuilding CXX object CMakeFiles/yolo_msgs__rosidl_typesupport_fastrtps_c.dir/rosidl_typesupport_fastrtps_c/yolo_msgs/msg/detail/bounding_box2_d__type_support_c.cpp.o[0m
[9.902s] [ 71%] [32mBuilding C object CMakeFiles/yolo_msgs__rosidl_typesupport_introspection_c.dir/rosidl_typesupport_introspection_c/yolo_msgs/srv/detail/set_classes__type_support.c.o[0m
[9.903s] [ 72%] [32mBuilding CXX object CMakeFiles/yolo_msgs__rosidl_typesupport_fastrtps_c.dir/rosidl_typesupport_fastrtps_c/yolo_msgs/msg/detail/bounding_box3_d__type_support_c.cpp.o[0m
[9.915s] [ 73%] [32mBuilding CXX object CMakeFiles/yolo_msgs__rosidl_typesupport_fastrtps_cpp.dir/rosidl_typesupport_fastrtps_cpp/yolo_msgs/msg/detail/dds_fastrtps/key_point2_d__type_support.cpp.o[0m
[9.980s] [ 73%] [32mBuilding CXX object CMakeFiles/yolo_msgs__rosidl_typesupport_fastrtps_cpp.dir/rosidl_typesupport_fastrtps_cpp/yolo_msgs/msg/detail/dds_fastrtps/key_point2_d_array__type_support.cpp.o[0m
[10.021s] [ 73%] [32mBuilding CXX object CMakeFiles/yolo_msgs__rosidl_typesupport_fastrtps_c.dir/rosidl_typesupport_fastrtps_c/yolo_msgs/msg/detail/mask__type_support_c.cpp.o[0m
[10.082s] [ 74%] [32mBuilding CXX object CMakeFiles/yolo_msgs__rosidl_typesupport_fastrtps_c.dir/rosidl_typesupport_fastrtps_c/yolo_msgs/msg/detail/key_point2_d__type_support_c.cpp.o[0m
[10.139s] [ 75%] [32m[1mLinking C shared library libyolo_msgs__rosidl_typesupport_introspection_c.so[0m
[10.163s] [ 75%] [32mBuilding CXX object CMakeFiles/yolo_msgs__rosidl_typesupport_fastrtps_c.dir/rosidl_typesupport_fastrtps_c/yolo_msgs/msg/detail/key_point2_d_array__type_support_c.cpp.o[0m
[10.260s] [ 75%] Built target yolo_msgs__rosidl_typesupport_introspection_c
[10.266s] [ 76%] [32mBuilding CXX object CMakeFiles/yolo_msgs__rosidl_typesupport_fastrtps_cpp.dir/rosidl_typesupport_fastrtps_cpp/yolo_msgs/msg/detail/dds_fastrtps/key_point3_d__type_support.cpp.o[0m
[10.291s] [ 77%] [32mBuilding CXX object CMakeFiles/yolo_msgs__rosidl_typesupport_fastrtps_c.dir/rosidl_typesupport_fastrtps_c/yolo_msgs/msg/detail/key_point3_d__type_support_c.cpp.o[0m
[10.387s] [ 78%] [32mBuilding CXX object CMakeFiles/yolo_msgs__rosidl_typesupport_fastrtps_cpp.dir/rosidl_typesupport_fastrtps_cpp/yolo_msgs/msg/detail/dds_fastrtps/key_point3_d_array__type_support.cpp.o[0m
[10.446s] [ 78%] [32mBuilding CXX object CMakeFiles/yolo_msgs__rosidl_typesupport_fastrtps_cpp.dir/rosidl_typesupport_fastrtps_cpp/yolo_msgs/msg/detail/dds_fastrtps/detection__type_support.cpp.o[0m
[10.503s] [ 79%] [32mBuilding CXX object CMakeFiles/yolo_msgs__rosidl_typesupport_fastrtps_cpp.dir/rosidl_typesupport_fastrtps_cpp/yolo_msgs/msg/detail/dds_fastrtps/detection_array__type_support.cpp.o[0m
[10.519s] [ 79%] [32mBuilding CXX object CMakeFiles/yolo_msgs__rosidl_typesupport_fastrtps_cpp.dir/rosidl_typesupport_fastrtps_cpp/yolo_msgs/srv/detail/dds_fastrtps/set_classes__type_support.cpp.o[0m
[10.660s] [ 80%] [32mBuilding CXX object CMakeFiles/yolo_msgs__rosidl_typesupport_fastrtps_c.dir/rosidl_typesupport_fastrtps_c/yolo_msgs/msg/detail/key_point3_d_array__type_support_c.cpp.o[0m
[10.748s] [ 80%] [32mBuilding CXX object CMakeFiles/yolo_msgs__rosidl_typesupport_fastrtps_c.dir/rosidl_typesupport_fastrtps_c/yolo_msgs/msg/detail/detection__type_support_c.cpp.o[0m
[10.857s] [ 81%] [32mBuilding CXX object CMakeFiles/yolo_msgs__rosidl_typesupport_fastrtps_c.dir/rosidl_typesupport_fastrtps_c/yolo_msgs/msg/detail/detection_array__type_support_c.cpp.o[0m
[10.932s] [ 82%] [32mBuilding CXX object CMakeFiles/yolo_msgs__rosidl_typesupport_fastrtps_c.dir/rosidl_typesupport_fastrtps_c/yolo_msgs/srv/detail/set_classes__type_support_c.cpp.o[0m
[11.218s] [ 83%] [32m[1mLinking CXX shared library libyolo_msgs__rosidl_typesupport_introspection_cpp.so[0m
[11.397s] [ 84%] [32m[1mLinking CXX shared library libyolo_msgs__rosidl_typesupport_cpp.so[0m
[11.414s] [ 84%] Built target yolo_msgs__rosidl_typesupport_introspection_cpp
[11.597s] [ 84%] Built target yolo_msgs__rosidl_typesupport_cpp
[12.093s] [ 85%] [32m[1mLinking CXX shared library libyolo_msgs__rosidl_typesupport_fastrtps_cpp.so[0m
[12.219s] [ 85%] Built target yolo_msgs__rosidl_typesupport_fastrtps_cpp
[12.308s] [ 85%] [32m[1mLinking CXX shared library libyolo_msgs__rosidl_typesupport_fastrtps_c.so[0m
[12.411s] [ 85%] Built target yolo_msgs__rosidl_typesupport_fastrtps_c
[12.432s] [ 85%] Built target yolo_msgs
[12.463s] [ 86%] [34m[1mGenerating Python code for ROS interfaces[0m
[13.479s] [ 86%] Built target yolo_msgs__py
[13.515s] [ 86%] [32mBuilding C object CMakeFiles/yolo_msgs__rosidl_generator_py.dir/rosidl_generator_py/yolo_msgs/msg/_detection_array_s.c.o[0m
[13.515s] [ 87%] [32mBuilding C object CMakeFiles/yolo_msgs__rosidl_generator_py.dir/rosidl_generator_py/yolo_msgs/msg/_vector2_s.c.o[0m
[13.516s] [ 90%] [32mBuilding C object CMakeFiles/yolo_msgs__rosidl_generator_py.dir/rosidl_generator_py/yolo_msgs/msg/_bounding_box2_d_s.c.o[0m
[13.516s] [ 90%] [32mBuilding C object CMakeFiles/yolo_msgs__rosidl_generator_py.dir/rosidl_generator_py/yolo_msgs/msg/_pose2_d_s.c.o[0m
[13.517s] [ 91%] [32mBuilding C object CMakeFiles/yolo_msgs__rosidl_generator_py.dir/rosidl_generator_py/yolo_msgs/msg/_point2_d_s.c.o[0m
[13.517s] [ 91%] [32mBuilding C object CMakeFiles/yolo_msgs__rosidl_generator_py.dir/rosidl_generator_py/yolo_msgs/msg/_key_point2_d_s.c.o[0m
[13.518s] [ 90%] [32mBuilding C object CMakeFiles/yolo_msgs__rosidl_generator_py.dir/rosidl_generator_py/yolo_msgs/msg/_bounding_box3_d_s.c.o[0m
[13.518s] [ 92%] [32mBuilding C object CMakeFiles/yolo_msgs__rosidl_generator_py.dir/rosidl_generator_py/yolo_msgs/msg/_detection_s.c.o[0m
[13.518s] [ 91%] [32mBuilding C object CMakeFiles/yolo_msgs__rosidl_generator_py.dir/rosidl_generator_py/yolo_msgs/msg/_key_point3_d_s.c.o[0m
[13.518s] [ 93%] [32mBuilding C object CMakeFiles/yolo_msgs__rosidl_generator_py.dir/rosidl_generator_py/yolo_msgs/srv/_set_classes_s.c.o[0m
[13.518s] [ 95%] [32mBuilding C object CMakeFiles/yolo_msgs__rosidl_generator_py.dir/rosidl_generator_py/yolo_msgs/msg/_mask_s.c.o[0m
[13.518s] [ 95%] [32mBuilding C object CMakeFiles/yolo_msgs__rosidl_generator_py.dir/rosidl_generator_py/yolo_msgs/msg/_key_point3_d_array_s.c.o[0m
[13.518s] [ 95%] [32mBuilding C object CMakeFiles/yolo_msgs__rosidl_generator_py.dir/rosidl_generator_py/yolo_msgs/msg/_key_point2_d_array_s.c.o[0m
[13.804s] [ 96%] [32m[1mLinking C shared library libyolo_msgs__rosidl_generator_py.so[0m
[13.865s] [ 96%] Built target yolo_msgs__rosidl_generator_py
[13.892s] [ 97%] [32mBuilding C object CMakeFiles/yolo_msgs_s__rosidl_typesupport_introspection_c.dir/rosidl_generator_py/yolo_msgs/_yolo_msgs_s.ep.rosidl_typesupport_introspection_c.c.o[0m
[13.898s] [ 97%] [32mBuilding C object CMakeFiles/yolo_msgs_s__rosidl_typesupport_c.dir/rosidl_generator_py/yolo_msgs/_yolo_msgs_s.ep.rosidl_typesupport_c.c.o[0m
[13.901s] [ 98%] [32mBuilding C object CMakeFiles/yolo_msgs_s__rosidl_typesupport_fastrtps_c.dir/rosidl_generator_py/yolo_msgs/_yolo_msgs_s.ep.rosidl_typesupport_fastrtps_c.c.o[0m
[14.032s] [ 99%] [32m[1mLinking C shared module rosidl_generator_py/yolo_msgs/yolo_msgs_s__rosidl_typesupport_c.so[0m
[14.083s] [ 99%] Built target yolo_msgs_s__rosidl_typesupport_c
[14.083s] [100%] [32m[1mLinking C shared module rosidl_generator_py/yolo_msgs/yolo_msgs_s__rosidl_typesupport_introspection_c.so[0m
[14.109s] [100%] [32m[1mLinking C shared module rosidl_generator_py/yolo_msgs/yolo_msgs_s__rosidl_typesupport_fastrtps_c.so[0m
[14.131s] [100%] Built target yolo_msgs_s__rosidl_typesupport_introspection_c
[14.153s] [100%] Built target yolo_msgs_s__rosidl_typesupport_fastrtps_c
[14.170s] Invoked command in '/home/amrl-linux24-04/ros2_ben/build/yolo_msgs' returned '0': CMAKE_PREFIX_PATH=${CMAKE_PREFIX_PATH}:/home/amrl-linux24-04/ros2_ben/install/yolo_ros:/home/amrl-linux24-04/ros2_ben/install/igusgus_launch:/opt/ros/jazzy DEBUGINFOD_URLS=https://debuginfod.ubuntu.com /usr/bin/cmake --build /home/amrl-linux24-04/ros2_ben/build/yolo_msgs -- -j22 -l22
[14.171s] Invoking command in '/home/amrl-linux24-04/ros2_ben/build/yolo_msgs': CMAKE_PREFIX_PATH=${CMAKE_PREFIX_PATH}:/home/amrl-linux24-04/ros2_ben/install/yolo_ros:/home/amrl-linux24-04/ros2_ben/install/igusgus_launch:/opt/ros/jazzy DEBUGINFOD_URLS=https://debuginfod.ubuntu.com /usr/bin/cmake --install /home/amrl-linux24-04/ros2_ben/build/yolo_msgs
[14.185s] -- Install configuration: ""
[14.185s] -- Installing: /home/amrl-linux24-04/ros2_ben/install/yolo_msgs/share/ament_index/resource_index/rosidl_interfaces/yolo_msgs
[14.185s] -- Installing: /home/amrl-linux24-04/ros2_ben/install/yolo_msgs/share/yolo_msgs/msg/Point2D.json
[14.185s] -- Installing: /home/amrl-linux24-04/ros2_ben/install/yolo_msgs/share/yolo_msgs/msg/Vector2.json
[14.185s] -- Installing: /home/amrl-linux24-04/ros2_ben/install/yolo_msgs/share/yolo_msgs/msg/Pose2D.json
[14.185s] -- Installing: /home/amrl-linux24-04/ros2_ben/install/yolo_msgs/share/yolo_msgs/msg/BoundingBox2D.json
[14.186s] -- Installing: /home/amrl-linux24-04/ros2_ben/install/yolo_msgs/share/yolo_msgs/msg/BoundingBox3D.json
[14.186s] -- Installing: /home/amrl-linux24-04/ros2_ben/install/yolo_msgs/share/yolo_msgs/msg/Mask.json
[14.186s] -- Installing: /home/amrl-linux24-04/ros2_ben/install/yolo_msgs/share/yolo_msgs/msg/KeyPoint2D.json
[14.186s] -- Installing: /home/amrl-linux24-04/ros2_ben/install/yolo_msgs/share/yolo_msgs/msg/KeyPoint2DArray.json
[14.186s] -- Installing: /home/amrl-linux24-04/ros2_ben/install/yolo_msgs/share/yolo_msgs/msg/KeyPoint3D.json
[14.186s] -- Installing: /home/amrl-linux24-04/ros2_ben/install/yolo_msgs/share/yolo_msgs/msg/KeyPoint3DArray.json
[14.187s] -- Installing: /home/amrl-linux24-04/ros2_ben/install/yolo_msgs/share/yolo_msgs/msg/Detection.json
[14.187s] -- Installing: /home/amrl-linux24-04/ros2_ben/install/yolo_msgs/share/yolo_msgs/msg/DetectionArray.json
[14.187s] -- Installing: /home/amrl-linux24-04/ros2_ben/install/yolo_msgs/share/yolo_msgs/srv/SetClasses.json
[14.187s] -- Installing: /home/amrl-linux24-04/ros2_ben/install/yolo_msgs/include/yolo_msgs/yolo_msgs
[14.187s] -- Installing: /home/amrl-linux24-04/ros2_ben/install/yolo_msgs/include/yolo_msgs/yolo_msgs/srv
[14.187s] -- Installing: /home/amrl-linux24-04/ros2_ben/install/yolo_msgs/include/yolo_msgs/yolo_msgs/srv/detail
[14.187s] -- Installing: /home/amrl-linux24-04/ros2_ben/install/yolo_msgs/include/yolo_msgs/yolo_msgs/srv/detail/set_classes__functions.h
[14.187s] -- Installing: /home/amrl-linux24-04/ros2_ben/install/yolo_msgs/include/yolo_msgs/yolo_msgs/srv/detail/set_classes__type_support.h
[14.188s] -- Installing: /home/amrl-linux24-04/ros2_ben/install/yolo_msgs/include/yolo_msgs/yolo_msgs/srv/detail/set_classes__struct.h
[14.188s] -- Installing: /home/amrl-linux24-04/ros2_ben/install/yolo_msgs/include/yolo_msgs/yolo_msgs/srv/detail/set_classes__functions.c
[14.188s] -- Installing: /home/amrl-linux24-04/ros2_ben/install/yolo_msgs/include/yolo_msgs/yolo_msgs/srv/detail/set_classes__type_support.c
[14.188s] -- Installing: /home/amrl-linux24-04/ros2_ben/install/yolo_msgs/include/yolo_msgs/yolo_msgs/srv/detail/set_classes__description.c
[14.188s] -- Installing: /home/amrl-linux24-04/ros2_ben/install/yolo_msgs/include/yolo_msgs/yolo_msgs/srv/set_classes.h
[14.188s] -- Installing: /home/amrl-linux24-04/ros2_ben/install/yolo_msgs/include/yolo_msgs/yolo_msgs/msg
[14.188s] -- Installing: /home/amrl-linux24-04/ros2_ben/install/yolo_msgs/include/yolo_msgs/yolo_msgs/msg/detection.h
[14.188s] -- Installing: /home/amrl-linux24-04/ros2_ben/install/yolo_msgs/include/yolo_msgs/yolo_msgs/msg/mask.h
[14.189s] -- Installing: /home/amrl-linux24-04/ros2_ben/install/yolo_msgs/include/yolo_msgs/yolo_msgs/msg/key_point2_d_array.h
[14.189s] -- Installing: /home/amrl-linux24-04/ros2_ben/install/yolo_msgs/include/yolo_msgs/yolo_msgs/msg/detail
[14.189s] -- Installing: /home/amrl-linux24-04/ros2_ben/install/yolo_msgs/include/yolo_msgs/yolo_msgs/msg/detail/key_point3_d_array__functions.h
[14.189s] -- Installing: /home/amrl-linux24-04/ros2_ben/install/yolo_msgs/include/yolo_msgs/yolo_msgs/msg/detail/key_point2_d_array__type_support.c
[14.189s] -- Installing: /home/amrl-linux24-04/ros2_ben/install/yolo_msgs/include/yolo_msgs/yolo_msgs/msg/detail/bounding_box2_d__type_support.h
[14.189s] -- Installing: /home/amrl-linux24-04/ros2_ben/install/yolo_msgs/include/yolo_msgs/yolo_msgs/msg/detail/point2_d__type_support.c
[14.189s] -- Installing: /home/amrl-linux24-04/ros2_ben/install/yolo_msgs/include/yolo_msgs/yolo_msgs/msg/detail/pose2_d__functions.h
[14.189s] -- Installing: /home/amrl-linux24-04/ros2_ben/install/yolo_msgs/include/yolo_msgs/yolo_msgs/msg/detail/key_point2_d__functions.h
[14.189s] -- Installing: /home/amrl-linux24-04/ros2_ben/install/yolo_msgs/include/yolo_msgs/yolo_msgs/msg/detail/bounding_box2_d__struct.h
[14.189s] -- Installing: /home/amrl-linux24-04/ros2_ben/install/yolo_msgs/include/yolo_msgs/yolo_msgs/msg/detail/mask__type_support.h
[14.190s] -- Installing: /home/amrl-linux24-04/ros2_ben/install/yolo_msgs/include/yolo_msgs/yolo_msgs/msg/detail/key_point2_d__type_support.c
[14.190s] -- Installing: /home/amrl-linux24-04/ros2_ben/install/yolo_msgs/include/yolo_msgs/yolo_msgs/msg/detail/bounding_box2_d__description.c
[14.190s] -- Installing: /home/amrl-linux24-04/ros2_ben/install/yolo_msgs/include/yolo_msgs/yolo_msgs/msg/detail/detection__type_support.c
[14.190s] -- Installing: /home/amrl-linux24-04/ros2_ben/install/yolo_msgs/include/yolo_msgs/yolo_msgs/msg/detail/vector2__struct.h
[14.190s] -- Installing: /home/amrl-linux24-04/ros2_ben/install/yolo_msgs/include/yolo_msgs/yolo_msgs/msg/detail/key_point3_d__functions.c
[14.190s] -- Installing: /home/amrl-linux24-04/ros2_ben/install/yolo_msgs/include/yolo_msgs/yolo_msgs/msg/detail/key_point2_d_array__struct.h
[14.190s] -- Installing: /home/amrl-linux24-04/ros2_ben/install/yolo_msgs/include/yolo_msgs/yolo_msgs/msg/detail/bounding_box3_d__functions.c
[14.190s] -- Installing: /home/amrl-linux24-04/ros2_ben/install/yolo_msgs/include/yolo_msgs/yolo_msgs/msg/detail/bounding_box2_d__functions.c
[14.190s] -- Installing: /home/amrl-linux24-04/ros2_ben/install/yolo_msgs/include/yolo_msgs/yolo_msgs/msg/detail/key_point3_d__type_support.c
[14.191s] -- Installing: /home/amrl-linux24-04/ros2_ben/install/yolo_msgs/include/yolo_msgs/yolo_msgs/msg/detail/pose2_d__type_support.h
[14.191s] -- Installing: /home/amrl-linux24-04/ros2_ben/install/yolo_msgs/include/yolo_msgs/yolo_msgs/msg/detail/point2_d__struct.h
[14.191s] -- Installing: /home/amrl-linux24-04/ros2_ben/install/yolo_msgs/include/yolo_msgs/yolo_msgs/msg/detail/bounding_box3_d__type_support.h
[14.191s] -- Installing: /home/amrl-linux24-04/ros2_ben/install/yolo_msgs/include/yolo_msgs/yolo_msgs/msg/detail/mask__description.c
[14.191s] -- Installing: /home/amrl-linux24-04/ros2_ben/install/yolo_msgs/include/yolo_msgs/yolo_msgs/msg/detail/key_point3_d__type_support.h
[14.191s] -- Installing: /home/amrl-linux24-04/ros2_ben/install/yolo_msgs/include/yolo_msgs/yolo_msgs/msg/detail/key_point3_d__description.c
[14.191s] -- Installing: /home/amrl-linux24-04/ros2_ben/install/yolo_msgs/include/yolo_msgs/yolo_msgs/msg/detail/key_point3_d_array__struct.h
[14.191s] -- Installing: /home/amrl-linux24-04/ros2_ben/install/yolo_msgs/include/yolo_msgs/yolo_msgs/msg/detail/mask__functions.c
[14.191s] -- Installing: /home/amrl-linux24-04/ros2_ben/install/yolo_msgs/include/yolo_msgs/yolo_msgs/msg/detail/key_point3_d__functions.h
[14.192s] -- Installing: /home/amrl-linux24-04/ros2_ben/install/yolo_msgs/include/yolo_msgs/yolo_msgs/msg/detail/vector2__functions.c
[14.192s] -- Installing: /home/amrl-linux24-04/ros2_ben/install/yolo_msgs/include/yolo_msgs/yolo_msgs/msg/detail/bounding_box3_d__type_support.c
[14.192s] -- Installing: /home/amrl-linux24-04/ros2_ben/install/yolo_msgs/include/yolo_msgs/yolo_msgs/msg/detail/bounding_box3_d__struct.h
[14.192s] -- Installing: /home/amrl-linux24-04/ros2_ben/install/yolo_msgs/include/yolo_msgs/yolo_msgs/msg/detail/key_point2_d__functions.c
[14.192s] -- Installing: /home/amrl-linux24-04/ros2_ben/install/yolo_msgs/include/yolo_msgs/yolo_msgs/msg/detail/key_point2_d__description.c
[14.192s] -- Installing: /home/amrl-linux24-04/ros2_ben/install/yolo_msgs/include/yolo_msgs/yolo_msgs/msg/detail/bounding_box3_d__functions.h
[14.192s] -- Installing: /home/amrl-linux24-04/ros2_ben/install/yolo_msgs/include/yolo_msgs/yolo_msgs/msg/detail/key_point3_d__struct.h
[14.192s] -- Installing: /home/amrl-linux24-04/ros2_ben/install/yolo_msgs/include/yolo_msgs/yolo_msgs/msg/detail/pose2_d__struct.h
[14.192s] -- Installing: /home/amrl-linux24-04/ros2_ben/install/yolo_msgs/include/yolo_msgs/yolo_msgs/msg/detail/key_point3_d_array__type_support.c
[14.193s] -- Installing: /home/amrl-linux24-04/ros2_ben/install/yolo_msgs/include/yolo_msgs/yolo_msgs/msg/detail/vector2__type_support.c
[14.193s] -- Installing: /home/amrl-linux24-04/ros2_ben/install/yolo_msgs/include/yolo_msgs/yolo_msgs/msg/detail/key_point2_d_array__functions.c
[14.193s] -- Installing: /home/amrl-linux24-04/ros2_ben/install/yolo_msgs/include/yolo_msgs/yolo_msgs/msg/detail/point2_d__type_support.h
[14.193s] -- Installing: /home/amrl-linux24-04/ros2_ben/install/yolo_msgs/include/yolo_msgs/yolo_msgs/msg/detail/mask__functions.h
[14.193s] -- Installing: /home/amrl-linux24-04/ros2_ben/install/yolo_msgs/include/yolo_msgs/yolo_msgs/msg/detail/key_point2_d_array__functions.h
[14.193s] -- Installing: /home/amrl-linux24-04/ros2_ben/install/yolo_msgs/include/yolo_msgs/yolo_msgs/msg/detail/key_point2_d_array__description.c
[14.193s] -- Installing: /home/amrl-linux24-04/ros2_ben/install/yolo_msgs/include/yolo_msgs/yolo_msgs/msg/detail/key_point2_d__struct.h
[14.194s] -- Installing: /home/amrl-linux24-04/ros2_ben/install/yolo_msgs/include/yolo_msgs/yolo_msgs/msg/detail/detection_array__type_support.h
[14.194s] -- Installing: /home/amrl-linux24-04/ros2_ben/install/yolo_msgs/include/yolo_msgs/yolo_msgs/msg/detail/detection_array__type_support.c
[14.194s] -- Installing: /home/amrl-linux24-04/ros2_ben/install/yolo_msgs/include/yolo_msgs/yolo_msgs/msg/detail/detection__description.c
[14.194s] -- Installing: /home/amrl-linux24-04/ros2_ben/install/yolo_msgs/include/yolo_msgs/yolo_msgs/msg/detail/pose2_d__functions.c
[14.194s] -- Installing: /home/amrl-linux24-04/ros2_ben/install/yolo_msgs/include/yolo_msgs/yolo_msgs/msg/detail/mask__struct.h
[14.194s] -- Installing: /home/amrl-linux24-04/ros2_ben/install/yolo_msgs/include/yolo_msgs/yolo_msgs/msg/detail/bounding_box2_d__functions.h
[14.194s] -- Installing: /home/amrl-linux24-04/ros2_ben/install/yolo_msgs/include/yolo_msgs/yolo_msgs/msg/detail/key_point3_d_array__description.c
[14.194s] -- Installing: /home/amrl-linux24-04/ros2_ben/install/yolo_msgs/include/yolo_msgs/yolo_msgs/msg/detail/detection_array__functions.h
[14.195s] -- Installing: /home/amrl-linux24-04/ros2_ben/install/yolo_msgs/include/yolo_msgs/yolo_msgs/msg/detail/vector2__description.c
[14.195s] -- Installing: /home/amrl-linux24-04/ros2_ben/install/yolo_msgs/include/yolo_msgs/yolo_msgs/msg/detail/key_point2_d_array__type_support.h
[14.195s] -- Installing: /home/amrl-linux24-04/ros2_ben/install/yolo_msgs/include/yolo_msgs/yolo_msgs/msg/detail/detection__functions.c
[14.195s] -- Installing: /home/amrl-linux24-04/ros2_ben/install/yolo_msgs/include/yolo_msgs/yolo_msgs/msg/detail/detection__type_support.h
[14.195s] -- Installing: /home/amrl-linux24-04/ros2_ben/install/yolo_msgs/include/yolo_msgs/yolo_msgs/msg/detail/vector2__type_support.h
[14.195s] -- Installing: /home/amrl-linux24-04/ros2_ben/install/yolo_msgs/include/yolo_msgs/yolo_msgs/msg/detail/detection_array__description.c
[14.195s] -- Installing: /home/amrl-linux24-04/ros2_ben/install/yolo_msgs/include/yolo_msgs/yolo_msgs/msg/detail/pose2_d__description.c
[14.196s] -- Installing: /home/amrl-linux24-04/ros2_ben/install/yolo_msgs/include/yolo_msgs/yolo_msgs/msg/detail/mask__type_support.c
[14.196s] -- Installing: /home/amrl-linux24-04/ros2_ben/install/yolo_msgs/include/yolo_msgs/yolo_msgs/msg/detail/key_point3_d_array__functions.c
[14.197s] -- Installing: /home/amrl-linux24-04/ros2_ben/install/yolo_msgs/include/yolo_msgs/yolo_msgs/msg/detail/point2_d__functions.h
[14.197s] -- Installing: /home/amrl-linux24-04/ros2_ben/install/yolo_msgs/include/yolo_msgs/yolo_msgs/msg/detail/point2_d__description.c
[14.197s] -- Installing: /home/amrl-linux24-04/ros2_ben/install/yolo_msgs/include/yolo_msgs/yolo_msgs/msg/detail/key_point3_d_array__type_support.h
[14.197s] -- Installing: /home/amrl-linux24-04/ros2_ben/install/yolo_msgs/include/yolo_msgs/yolo_msgs/msg/detail/detection__struct.h
[14.197s] -- Installing: /home/amrl-linux24-04/ros2_ben/install/yolo_msgs/include/yolo_msgs/yolo_msgs/msg/detail/point2_d__functions.c
[14.197s] -- Installing: /home/amrl-linux24-04/ros2_ben/install/yolo_msgs/include/yolo_msgs/yolo_msgs/msg/detail/detection__functions.h
[14.197s] -- Installing: /home/amrl-linux24-04/ros2_ben/install/yolo_msgs/include/yolo_msgs/yolo_msgs/msg/detail/bounding_box3_d__description.c
[14.198s] -- Installing: /home/amrl-linux24-04/ros2_ben/install/yolo_msgs/include/yolo_msgs/yolo_msgs/msg/detail/key_point2_d__type_support.h
[14.198s] -- Installing: /home/amrl-linux24-04/ros2_ben/install/yolo_msgs/include/yolo_msgs/yolo_msgs/msg/detail/detection_array__functions.c
[14.198s] -- Installing: /home/amrl-linux24-04/ros2_ben/install/yolo_msgs/include/yolo_msgs/yolo_msgs/msg/detail/detection_array__struct.h
[14.198s] -- Installing: /home/amrl-linux24-04/ros2_ben/install/yolo_msgs/include/yolo_msgs/yolo_msgs/msg/detail/bounding_box2_d__type_support.c
[14.199s] -- Installing: /home/amrl-linux24-04/ros2_ben/install/yolo_msgs/include/yolo_msgs/yolo_msgs/msg/detail/pose2_d__type_support.c
[14.199s] -- Installing: /home/amrl-linux24-04/ros2_ben/install/yolo_msgs/include/yolo_msgs/yolo_msgs/msg/detail/vector2__functions.h
[14.199s] -- Installing: /home/amrl-linux24-04/ros2_ben/install/yolo_msgs/include/yolo_msgs/yolo_msgs/msg/key_point2_d.h
[14.199s] -- Installing: /home/amrl-linux24-04/ros2_ben/install/yolo_msgs/include/yolo_msgs/yolo_msgs/msg/pose2_d.h
[14.199s] -- Installing: /home/amrl-linux24-04/ros2_ben/install/yolo_msgs/include/yolo_msgs/yolo_msgs/msg/key_point3_d_array.h
[14.199s] -- Installing: /home/amrl-linux24-04/ros2_ben/install/yolo_msgs/include/yolo_msgs/yolo_msgs/msg/detection_array.h
[14.200s] -- Installing: /home/amrl-linux24-04/ros2_ben/install/yolo_msgs/include/yolo_msgs/yolo_msgs/msg/vector2.h
[14.200s] -- Installing: /home/amrl-linux24-04/ros2_ben/install/yolo_msgs/include/yolo_msgs/yolo_msgs/msg/bounding_box2_d.h
[14.200s] -- Installing: /home/amrl-linux24-04/ros2_ben/install/yolo_msgs/include/yolo_msgs/yolo_msgs/msg/bounding_box3_d.h
[14.201s] -- Installing: /home/amrl-linux24-04/ros2_ben/install/yolo_msgs/include/yolo_msgs/yolo_msgs/msg/point2_d.h
[14.201s] -- Installing: /home/amrl-linux24-04/ros2_ben/install/yolo_msgs/include/yolo_msgs/yolo_msgs/msg/key_point3_d.h
[14.201s] -- Installing: /home/amrl-linux24-04/ros2_ben/install/yolo_msgs/include/yolo_msgs/yolo_msgs/msg/rosidl_generator_c__visibility_control.h
[14.201s] -- Installing: /home/amrl-linux24-04/ros2_ben/install/yolo_msgs/share/yolo_msgs/environment/library_path.sh
[14.201s] -- Installing: /home/amrl-linux24-04/ros2_ben/install/yolo_msgs/share/yolo_msgs/environment/library_path.dsv
[14.202s] -- Installing: /home/amrl-linux24-04/ros2_ben/install/yolo_msgs/lib/libyolo_msgs__rosidl_generator_c.so
[14.202s] -- Set non-toolchain portion of runtime path of "/home/amrl-linux24-04/ros2_ben/install/yolo_msgs/lib/libyolo_msgs__rosidl_generator_c.so" to ""
[14.202s] -- Up-to-date: /home/amrl-linux24-04/ros2_ben/install/yolo_msgs/include/yolo_msgs/yolo_msgs
[14.202s] -- Up-to-date: /home/amrl-linux24-04/ros2_ben/install/yolo_msgs/include/yolo_msgs/yolo_msgs/srv
[14.202s] -- Up-to-date: /home/amrl-linux24-04/ros2_ben/install/yolo_msgs/include/yolo_msgs/yolo_msgs/srv/detail
[14.202s] -- Installing: /home/amrl-linux24-04/ros2_ben/install/yolo_msgs/include/yolo_msgs/yolo_msgs/srv/detail/set_classes__rosidl_typesupport_fastrtps_c.h
[14.202s] -- Up-to-date: /home/amrl-linux24-04/ros2_ben/install/yolo_msgs/include/yolo_msgs/yolo_msgs/msg
[14.203s] -- Up-to-date: /home/amrl-linux24-04/ros2_ben/install/yolo_msgs/include/yolo_msgs/yolo_msgs/msg/detail
[14.203s] -- Installing: /home/amrl-linux24-04/ros2_ben/install/yolo_msgs/include/yolo_msgs/yolo_msgs/msg/detail/key_point3_d_array__rosidl_typesupport_fastrtps_c.h
[14.203s] -- Installing: /home/amrl-linux24-04/ros2_ben/install/yolo_msgs/include/yolo_msgs/yolo_msgs/msg/detail/detection_array__rosidl_typesupport_fastrtps_c.h
[14.204s] -- Installing: /home/amrl-linux24-04/ros2_ben/install/yolo_msgs/include/yolo_msgs/yolo_msgs/msg/detail/detection__rosidl_typesupport_fastrtps_c.h
[14.204s] -- Installing: /home/amrl-linux24-04/ros2_ben/install/yolo_msgs/include/yolo_msgs/yolo_msgs/msg/detail/key_point2_d__rosidl_typesupport_fastrtps_c.h
[14.204s] -- Installing: /home/amrl-linux24-04/ros2_ben/install/yolo_msgs/include/yolo_msgs/yolo_msgs/msg/detail/bounding_box3_d__rosidl_typesupport_fastrtps_c.h
[14.204s] -- Installing: /home/amrl-linux24-04/ros2_ben/install/yolo_msgs/include/yolo_msgs/yolo_msgs/msg/detail/mask__rosidl_typesupport_fastrtps_c.h
[14.204s] -- Installing: /home/amrl-linux24-04/ros2_ben/install/yolo_msgs/include/yolo_msgs/yolo_msgs/msg/detail/pose2_d__rosidl_typesupport_fastrtps_c.h
[14.205s] -- Installing: /home/amrl-linux24-04/ros2_ben/install/yolo_msgs/include/yolo_msgs/yolo_msgs/msg/detail/point2_d__rosidl_typesupport_fastrtps_c.h
[14.205s] -- Installing: /home/amrl-linux24-04/ros2_ben/install/yolo_msgs/include/yolo_msgs/yolo_msgs/msg/detail/vector2__rosidl_typesupport_fastrtps_c.h
[14.205s] -- Installing: /home/amrl-linux24-04/ros2_ben/install/yolo_msgs/include/yolo_msgs/yolo_msgs/msg/detail/bounding_box2_d__rosidl_typesupport_fastrtps_c.h
[14.205s] -- Installing: /home/amrl-linux24-04/ros2_ben/install/yolo_msgs/include/yolo_msgs/yolo_msgs/msg/detail/key_point2_d_array__rosidl_typesupport_fastrtps_c.h
[14.205s] -- Installing: /home/amrl-linux24-04/ros2_ben/install/yolo_msgs/include/yolo_msgs/yolo_msgs/msg/detail/key_point3_d__rosidl_typesupport_fastrtps_c.h
[14.205s] -- Installing: /home/amrl-linux24-04/ros2_ben/install/yolo_msgs/include/yolo_msgs/yolo_msgs/msg/rosidl_typesupport_fastrtps_c__visibility_control.h
[14.205s] -- Installing: /home/amrl-linux24-04/ros2_ben/install/yolo_msgs/lib/libyolo_msgs__rosidl_typesupport_fastrtps_c.so
[14.205s] -- Set non-toolchain portion of runtime path of "/home/amrl-linux24-04/ros2_ben/install/yolo_msgs/lib/libyolo_msgs__rosidl_typesupport_fastrtps_c.so" to ""
[14.206s] -- Up-to-date: /home/amrl-linux24-04/ros2_ben/install/yolo_msgs/include/yolo_msgs/yolo_msgs
[14.206s] -- Up-to-date: /home/amrl-linux24-04/ros2_ben/install/yolo_msgs/include/yolo_msgs/yolo_msgs/srv
[14.206s] -- Up-to-date: /home/amrl-linux24-04/ros2_ben/install/yolo_msgs/include/yolo_msgs/yolo_msgs/srv/detail
[14.206s] -- Installing: /home/amrl-linux24-04/ros2_ben/install/yolo_msgs/include/yolo_msgs/yolo_msgs/srv/detail/set_classes__rosidl_typesupport_introspection_c.h
[14.206s] -- Installing: /home/amrl-linux24-04/ros2_ben/install/yolo_msgs/include/yolo_msgs/yolo_msgs/srv/detail/set_classes__type_support.c
[14.206s] -- Up-to-date: /home/amrl-linux24-04/ros2_ben/install/yolo_msgs/include/yolo_msgs/yolo_msgs/msg
[14.206s] -- Up-to-date: /home/amrl-linux24-04/ros2_ben/install/yolo_msgs/include/yolo_msgs/yolo_msgs/msg/detail
[14.206s] -- Installing: /home/amrl-linux24-04/ros2_ben/install/yolo_msgs/include/yolo_msgs/yolo_msgs/msg/detail/key_point2_d_array__type_support.c
[14.206s] -- Installing: /home/amrl-linux24-04/ros2_ben/install/yolo_msgs/include/yolo_msgs/yolo_msgs/msg/detail/point2_d__type_support.c
[14.207s] -- Installing: /home/amrl-linux24-04/ros2_ben/install/yolo_msgs/include/yolo_msgs/yolo_msgs/msg/detail/key_point2_d__type_support.c
[14.207s] -- Installing: /home/amrl-linux24-04/ros2_ben/install/yolo_msgs/include/yolo_msgs/yolo_msgs/msg/detail/mask__rosidl_typesupport_introspection_c.h
[14.207s] -- Installing: /home/amrl-linux24-04/ros2_ben/install/yolo_msgs/include/yolo_msgs/yolo_msgs/msg/detail/detection__type_support.c
[14.207s] -- Installing: /home/amrl-linux24-04/ros2_ben/install/yolo_msgs/include/yolo_msgs/yolo_msgs/msg/detail/key_point2_d_array__rosidl_typesupport_introspection_c.h
[14.207s] -- Installing: /home/amrl-linux24-04/ros2_ben/install/yolo_msgs/include/yolo_msgs/yolo_msgs/msg/detail/key_point3_d__type_support.c
[14.207s] -- Installing: /home/amrl-linux24-04/ros2_ben/install/yolo_msgs/include/yolo_msgs/yolo_msgs/msg/detail/point2_d__rosidl_typesupport_introspection_c.h
[14.207s] -- Installing: /home/amrl-linux24-04/ros2_ben/install/yolo_msgs/include/yolo_msgs/yolo_msgs/msg/detail/bounding_box3_d__type_support.c
[14.207s] -- Installing: /home/amrl-linux24-04/ros2_ben/install/yolo_msgs/include/yolo_msgs/yolo_msgs/msg/detail/key_point3_d__rosidl_typesupport_introspection_c.h
[14.207s] -- Installing: /home/amrl-linux24-04/ros2_ben/install/yolo_msgs/include/yolo_msgs/yolo_msgs/msg/detail/key_point3_d_array__type_support.c
[14.208s] -- Installing: /home/amrl-linux24-04/ros2_ben/install/yolo_msgs/include/yolo_msgs/yolo_msgs/msg/detail/pose2_d__rosidl_typesupport_introspection_c.h
[14.208s] -- Installing: /home/amrl-linux24-04/ros2_ben/install/yolo_msgs/include/yolo_msgs/yolo_msgs/msg/detail/vector2__type_support.c
[14.208s] -- Installing: /home/amrl-linux24-04/ros2_ben/install/yolo_msgs/include/yolo_msgs/yolo_msgs/msg/detail/detection_array__type_support.c
[14.208s] -- Installing: /home/amrl-linux24-04/ros2_ben/install/yolo_msgs/include/yolo_msgs/yolo_msgs/msg/detail/bounding_box2_d__rosidl_typesupport_introspection_c.h
[14.208s] -- Installing: /home/amrl-linux24-04/ros2_ben/install/yolo_msgs/include/yolo_msgs/yolo_msgs/msg/detail/detection__rosidl_typesupport_introspection_c.h
[14.208s] -- Installing: /home/amrl-linux24-04/ros2_ben/install/yolo_msgs/include/yolo_msgs/yolo_msgs/msg/detail/mask__type_support.c
[14.208s] -- Installing: /home/amrl-linux24-04/ros2_ben/install/yolo_msgs/include/yolo_msgs/yolo_msgs/msg/detail/key_point2_d__rosidl_typesupport_introspection_c.h
[14.208s] -- Installing: /home/amrl-linux24-04/ros2_ben/install/yolo_msgs/include/yolo_msgs/yolo_msgs/msg/detail/vector2__rosidl_typesupport_introspection_c.h
[14.208s] -- Installing: /home/amrl-linux24-04/ros2_ben/install/yolo_msgs/include/yolo_msgs/yolo_msgs/msg/detail/detection_array__rosidl_typesupport_introspection_c.h
[14.209s] -- Installing: /home/amrl-linux24-04/ros2_ben/install/yolo_msgs/include/yolo_msgs/yolo_msgs/msg/detail/bounding_box2_d__type_support.c
[14.209s] -- Installing: /home/amrl-linux24-04/ros2_ben/install/yolo_msgs/include/yolo_msgs/yolo_msgs/msg/detail/bounding_box3_d__rosidl_typesupport_introspection_c.h
[14.209s] -- Installing: /home/amrl-linux24-04/ros2_ben/install/yolo_msgs/include/yolo_msgs/yolo_msgs/msg/detail/pose2_d__type_support.c
[14.209s] -- Installing: /home/amrl-linux24-04/ros2_ben/install/yolo_msgs/include/yolo_msgs/yolo_msgs/msg/detail/key_point3_d_array__rosidl_typesupport_introspection_c.h
[14.209s] -- Installing: /home/amrl-linux24-04/ros2_ben/install/yolo_msgs/include/yolo_msgs/yolo_msgs/msg/rosidl_typesupport_introspection_c__visibility_control.h
[14.210s] -- Installing: /home/amrl-linux24-04/ros2_ben/install/yolo_msgs/lib/libyolo_msgs__rosidl_typesupport_introspection_c.so
[14.210s] -- Set non-toolchain portion of runtime path of "/home/amrl-linux24-04/ros2_ben/install/yolo_msgs/lib/libyolo_msgs__rosidl_typesupport_introspection_c.so" to ""
[14.210s] -- Installing: /home/amrl-linux24-04/ros2_ben/install/yolo_msgs/lib/libyolo_msgs__rosidl_typesupport_c.so
[14.210s] -- Set non-toolchain portion of runtime path of "/home/amrl-linux24-04/ros2_ben/install/yolo_msgs/lib/libyolo_msgs__rosidl_typesupport_c.so" to ""
[14.210s] -- Up-to-date: /home/amrl-linux24-04/ros2_ben/install/yolo_msgs/include/yolo_msgs/yolo_msgs
[14.210s] -- Up-to-date: /home/amrl-linux24-04/ros2_ben/install/yolo_msgs/include/yolo_msgs/yolo_msgs/srv
[14.210s] -- Up-to-date: /home/amrl-linux24-04/ros2_ben/install/yolo_msgs/include/yolo_msgs/yolo_msgs/srv/detail
[14.210s] -- Installing: /home/amrl-linux24-04/ros2_ben/install/yolo_msgs/include/yolo_msgs/yolo_msgs/srv/detail/set_classes__traits.hpp
[14.210s] -- Installing: /home/amrl-linux24-04/ros2_ben/install/yolo_msgs/include/yolo_msgs/yolo_msgs/srv/detail/set_classes__struct.hpp
[14.210s] -- Installing: /home/amrl-linux24-04/ros2_ben/install/yolo_msgs/include/yolo_msgs/yolo_msgs/srv/detail/set_classes__type_support.hpp
[14.210s] -- Installing: /home/amrl-linux24-04/ros2_ben/install/yolo_msgs/include/yolo_msgs/yolo_msgs/srv/detail/set_classes__builder.hpp
[14.211s] -- Installing: /home/amrl-linux24-04/ros2_ben/install/yolo_msgs/include/yolo_msgs/yolo_msgs/srv/set_classes.hpp
[14.211s] -- Up-to-date: /home/amrl-linux24-04/ros2_ben/install/yolo_msgs/include/yolo_msgs/yolo_msgs/msg
[14.211s] -- Up-to-date: /home/amrl-linux24-04/ros2_ben/install/yolo_msgs/include/yolo_msgs/yolo_msgs/msg/detail
[14.211s] -- Installing: /home/amrl-linux24-04/ros2_ben/install/yolo_msgs/include/yolo_msgs/yolo_msgs/msg/detail/key_point2_d_array__builder.hpp
[14.211s] -- Installing: /home/amrl-linux24-04/ros2_ben/install/yolo_msgs/include/yolo_msgs/yolo_msgs/msg/detail/pose2_d__builder.hpp
[14.211s] -- Installing: /home/amrl-linux24-04/ros2_ben/install/yolo_msgs/include/yolo_msgs/yolo_msgs/msg/detail/point2_d__type_support.hpp
[14.211s] -- Installing: /home/amrl-linux24-04/ros2_ben/install/yolo_msgs/include/yolo_msgs/yolo_msgs/msg/detail/detection_array__builder.hpp
[14.211s] -- Installing: /home/amrl-linux24-04/ros2_ben/install/yolo_msgs/include/yolo_msgs/yolo_msgs/msg/detail/mask__struct.hpp
[14.211s] -- Installing: /home/amrl-linux24-04/ros2_ben/install/yolo_msgs/include/yolo_msgs/yolo_msgs/msg/detail/key_point3_d__builder.hpp
[14.211s] -- Installing: /home/amrl-linux24-04/ros2_ben/install/yolo_msgs/include/yolo_msgs/yolo_msgs/msg/detail/key_point2_d_array__traits.hpp
[14.211s] -- Installing: /home/amrl-linux24-04/ros2_ben/install/yolo_msgs/include/yolo_msgs/yolo_msgs/msg/detail/bounding_box2_d__struct.hpp
[14.211s] -- Installing: /home/amrl-linux24-04/ros2_ben/install/yolo_msgs/include/yolo_msgs/yolo_msgs/msg/detail/bounding_box3_d__builder.hpp
[14.212s] -- Installing: /home/amrl-linux24-04/ros2_ben/install/yolo_msgs/include/yolo_msgs/yolo_msgs/msg/detail/key_point3_d__traits.hpp
[14.212s] -- Installing: /home/amrl-linux24-04/ros2_ben/install/yolo_msgs/include/yolo_msgs/yolo_msgs/msg/detail/mask__builder.hpp
[14.212s] -- Installing: /home/amrl-linux24-04/ros2_ben/install/yolo_msgs/include/yolo_msgs/yolo_msgs/msg/detail/detection__builder.hpp
[14.212s] -- Installing: /home/amrl-linux24-04/ros2_ben/install/yolo_msgs/include/yolo_msgs/yolo_msgs/msg/detail/detection_array__type_support.hpp
[14.212s] -- Installing: /home/amrl-linux24-04/ros2_ben/install/yolo_msgs/include/yolo_msgs/yolo_msgs/msg/detail/key_point2_d_array__struct.hpp
[14.212s] -- Installing: /home/amrl-linux24-04/ros2_ben/install/yolo_msgs/include/yolo_msgs/yolo_msgs/msg/detail/detection__traits.hpp
[14.212s] -- Installing: /home/amrl-linux24-04/ros2_ben/install/yolo_msgs/include/yolo_msgs/yolo_msgs/msg/detail/pose2_d__type_support.hpp
[14.212s] -- Installing: /home/amrl-linux24-04/ros2_ben/install/yolo_msgs/include/yolo_msgs/yolo_msgs/msg/detail/key_point3_d_array__traits.hpp
[14.212s] -- Installing: /home/amrl-linux24-04/ros2_ben/install/yolo_msgs/include/yolo_msgs/yolo_msgs/msg/detail/pose2_d__traits.hpp
[14.212s] -- Installing: /home/amrl-linux24-04/ros2_ben/install/yolo_msgs/include/yolo_msgs/yolo_msgs/msg/detail/key_point3_d__type_support.hpp
[14.212s] -- Installing: /home/amrl-linux24-04/ros2_ben/install/yolo_msgs/include/yolo_msgs/yolo_msgs/msg/detail/key_point2_d__struct.hpp
[14.213s] -- Installing: /home/amrl-linux24-04/ros2_ben/install/yolo_msgs/include/yolo_msgs/yolo_msgs/msg/detail/vector2__builder.hpp
[14.213s] -- Installing: /home/amrl-linux24-04/ros2_ben/install/yolo_msgs/include/yolo_msgs/yolo_msgs/msg/detail/vector2__traits.hpp
[14.213s] -- Installing: /home/amrl-linux24-04/ros2_ben/install/yolo_msgs/include/yolo_msgs/yolo_msgs/msg/detail/detection_array__traits.hpp
[14.213s] -- Installing: /home/amrl-linux24-04/ros2_ben/install/yolo_msgs/include/yolo_msgs/yolo_msgs/msg/detail/key_point2_d__traits.hpp
[14.213s] -- Installing: /home/amrl-linux24-04/ros2_ben/install/yolo_msgs/include/yolo_msgs/yolo_msgs/msg/detail/key_point3_d__struct.hpp
[14.213s] -- Installing: /home/amrl-linux24-04/ros2_ben/install/yolo_msgs/include/yolo_msgs/yolo_msgs/msg/detail/bounding_box2_d__traits.hpp
[14.213s] -- Installing: /home/amrl-linux24-04/ros2_ben/install/yolo_msgs/include/yolo_msgs/yolo_msgs/msg/detail/detection__struct.hpp
[14.213s] -- Installing: /home/amrl-linux24-04/ros2_ben/install/yolo_msgs/include/yolo_msgs/yolo_msgs/msg/detail/mask__traits.hpp
[14.213s] -- Installing: /home/amrl-linux24-04/ros2_ben/install/yolo_msgs/include/yolo_msgs/yolo_msgs/msg/detail/vector2__type_support.hpp
[14.213s] -- Installing: /home/amrl-linux24-04/ros2_ben/install/yolo_msgs/include/yolo_msgs/yolo_msgs/msg/detail/bounding_box3_d__type_support.hpp
[14.213s] -- Installing: /home/amrl-linux24-04/ros2_ben/install/yolo_msgs/include/yolo_msgs/yolo_msgs/msg/detail/vector2__struct.hpp
[14.213s] -- Installing: /home/amrl-linux24-04/ros2_ben/install/yolo_msgs/include/yolo_msgs/yolo_msgs/msg/detail/key_point3_d_array__type_support.hpp
[14.214s] -- Installing: /home/amrl-linux24-04/ros2_ben/install/yolo_msgs/include/yolo_msgs/yolo_msgs/msg/detail/point2_d__builder.hpp
[14.214s] -- Installing: /home/amrl-linux24-04/ros2_ben/install/yolo_msgs/include/yolo_msgs/yolo_msgs/msg/detail/pose2_d__struct.hpp
[14.214s] -- Installing: /home/amrl-linux24-04/ros2_ben/install/yolo_msgs/include/yolo_msgs/yolo_msgs/msg/detail/bounding_box3_d__traits.hpp
[14.214s] -- Installing: /home/amrl-linux24-04/ros2_ben/install/yolo_msgs/include/yolo_msgs/yolo_msgs/msg/detail/key_point3_d_array__builder.hpp
[14.214s] -- Installing: /home/amrl-linux24-04/ros2_ben/install/yolo_msgs/include/yolo_msgs/yolo_msgs/msg/detail/mask__type_support.hpp
[14.214s] -- Installing: /home/amrl-linux24-04/ros2_ben/install/yolo_msgs/include/yolo_msgs/yolo_msgs/msg/detail/point2_d__struct.hpp
[14.214s] -- Installing: /home/amrl-linux24-04/ros2_ben/install/yolo_msgs/include/yolo_msgs/yolo_msgs/msg/detail/detection_array__struct.hpp
[14.214s] -- Installing: /home/amrl-linux24-04/ros2_ben/install/yolo_msgs/include/yolo_msgs/yolo_msgs/msg/detail/bounding_box3_d__struct.hpp
[14.214s] -- Installing: /home/amrl-linux24-04/ros2_ben/install/yolo_msgs/include/yolo_msgs/yolo_msgs/msg/detail/bounding_box2_d__type_support.hpp
[14.214s] -- Installing: /home/amrl-linux24-04/ros2_ben/install/yolo_msgs/include/yolo_msgs/yolo_msgs/msg/detail/key_point3_d_array__struct.hpp
[14.214s] -- Installing: /home/amrl-linux24-04/ros2_ben/install/yolo_msgs/include/yolo_msgs/yolo_msgs/msg/detail/bounding_box2_d__builder.hpp
[14.214s] -- Installing: /home/amrl-linux24-04/ros2_ben/install/yolo_msgs/include/yolo_msgs/yolo_msgs/msg/detail/key_point2_d__builder.hpp
[14.214s] -- Installing: /home/amrl-linux24-04/ros2_ben/install/yolo_msgs/include/yolo_msgs/yolo_msgs/msg/detail/key_point2_d_array__type_support.hpp
[14.215s] -- Installing: /home/amrl-linux24-04/ros2_ben/install/yolo_msgs/include/yolo_msgs/yolo_msgs/msg/detail/key_point2_d__type_support.hpp
[14.215s] -- Installing: /home/amrl-linux24-04/ros2_ben/install/yolo_msgs/include/yolo_msgs/yolo_msgs/msg/detail/detection__type_support.hpp
[14.215s] -- Installing: /home/amrl-linux24-04/ros2_ben/install/yolo_msgs/include/yolo_msgs/yolo_msgs/msg/detail/point2_d__traits.hpp
[14.215s] -- Installing: /home/amrl-linux24-04/ros2_ben/install/yolo_msgs/include/yolo_msgs/yolo_msgs/msg/key_point3_d_array.hpp
[14.215s] -- Installing: /home/amrl-linux24-04/ros2_ben/install/yolo_msgs/include/yolo_msgs/yolo_msgs/msg/detection_array.hpp
[14.215s] -- Installing: /home/amrl-linux24-04/ros2_ben/install/yolo_msgs/include/yolo_msgs/yolo_msgs/msg/key_point2_d_array.hpp
[14.215s] -- Installing: /home/amrl-linux24-04/ros2_ben/install/yolo_msgs/include/yolo_msgs/yolo_msgs/msg/pose2_d.hpp
[14.215s] -- Installing: /home/amrl-linux24-04/ros2_ben/install/yolo_msgs/include/yolo_msgs/yolo_msgs/msg/bounding_box3_d.hpp
[14.215s] -- Installing: /home/amrl-linux24-04/ros2_ben/install/yolo_msgs/include/yolo_msgs/yolo_msgs/msg/mask.hpp
[14.215s] -- Installing: /home/amrl-linux24-04/ros2_ben/install/yolo_msgs/include/yolo_msgs/yolo_msgs/msg/key_point3_d.hpp
[14.215s] -- Installing: /home/amrl-linux24-04/ros2_ben/install/yolo_msgs/include/yolo_msgs/yolo_msgs/msg/key_point2_d.hpp
[14.215s] -- Installing: /home/amrl-linux24-04/ros2_ben/install/yolo_msgs/include/yolo_msgs/yolo_msgs/msg/rosidl_generator_cpp__visibility_control.hpp
[14.216s] -- Installing: /home/amrl-linux24-04/ros2_ben/install/yolo_msgs/include/yolo_msgs/yolo_msgs/msg/point2_d.hpp
[14.216s] -- Installing: /home/amrl-linux24-04/ros2_ben/install/yolo_msgs/include/yolo_msgs/yolo_msgs/msg/detection.hpp
[14.216s] -- Installing: /home/amrl-linux24-04/ros2_ben/install/yolo_msgs/include/yolo_msgs/yolo_msgs/msg/bounding_box2_d.hpp
[14.216s] -- Installing: /home/amrl-linux24-04/ros2_ben/install/yolo_msgs/include/yolo_msgs/yolo_msgs/msg/vector2.hpp
[14.216s] -- Up-to-date: /home/amrl-linux24-04/ros2_ben/install/yolo_msgs/include/yolo_msgs/yolo_msgs
[14.216s] -- Up-to-date: /home/amrl-linux24-04/ros2_ben/install/yolo_msgs/include/yolo_msgs/yolo_msgs/srv
[14.216s] -- Up-to-date: /home/amrl-linux24-04/ros2_ben/install/yolo_msgs/include/yolo_msgs/yolo_msgs/srv/detail
[14.216s] -- Installing: /home/amrl-linux24-04/ros2_ben/install/yolo_msgs/include/yolo_msgs/yolo_msgs/srv/detail/dds_fastrtps
[14.216s] -- Installing: /home/amrl-linux24-04/ros2_ben/install/yolo_msgs/include/yolo_msgs/yolo_msgs/srv/detail/set_classes__rosidl_typesupport_fastrtps_cpp.hpp
[14.216s] -- Up-to-date: /home/amrl-linux24-04/ros2_ben/install/yolo_msgs/include/yolo_msgs/yolo_msgs/msg
[14.216s] -- Up-to-date: /home/amrl-linux24-04/ros2_ben/install/yolo_msgs/include/yolo_msgs/yolo_msgs/msg/detail
[14.217s] -- Installing: /home/amrl-linux24-04/ros2_ben/install/yolo_msgs/include/yolo_msgs/yolo_msgs/msg/detail/key_point3_d_array__rosidl_typesupport_fastrtps_cpp.hpp
[14.217s] -- Installing: /home/amrl-linux24-04/ros2_ben/install/yolo_msgs/include/yolo_msgs/yolo_msgs/msg/detail/dds_fastrtps
[14.217s] -- Installing: /home/amrl-linux24-04/ros2_ben/install/yolo_msgs/include/yolo_msgs/yolo_msgs/msg/detail/key_point2_d_array__rosidl_typesupport_fastrtps_cpp.hpp
[14.217s] -- Installing: /home/amrl-linux24-04/ros2_ben/install/yolo_msgs/include/yolo_msgs/yolo_msgs/msg/detail/vector2__rosidl_typesupport_fastrtps_cpp.hpp
[14.217s] -- Installing: /home/amrl-linux24-04/ros2_ben/install/yolo_msgs/include/yolo_msgs/yolo_msgs/msg/detail/detection_array__rosidl_typesupport_fastrtps_cpp.hpp
[14.217s] -- Installing: /home/amrl-linux24-04/ros2_ben/install/yolo_msgs/include/yolo_msgs/yolo_msgs/msg/detail/pose2_d__rosidl_typesupport_fastrtps_cpp.hpp
[14.217s] -- Installing: /home/amrl-linux24-04/ros2_ben/install/yolo_msgs/include/yolo_msgs/yolo_msgs/msg/detail/bounding_box3_d__rosidl_typesupport_fastrtps_cpp.hpp
[14.217s] -- Installing: /home/amrl-linux24-04/ros2_ben/install/yolo_msgs/include/yolo_msgs/yolo_msgs/msg/detail/detection__rosidl_typesupport_fastrtps_cpp.hpp
[14.217s] -- Installing: /home/amrl-linux24-04/ros2_ben/install/yolo_msgs/include/yolo_msgs/yolo_msgs/msg/detail/key_point2_d__rosidl_typesupport_fastrtps_cpp.hpp
[14.217s] -- Installing: /home/amrl-linux24-04/ros2_ben/install/yolo_msgs/include/yolo_msgs/yolo_msgs/msg/detail/mask__rosidl_typesupport_fastrtps_cpp.hpp
[14.217s] -- Installing: /home/amrl-linux24-04/ros2_ben/install/yolo_msgs/include/yolo_msgs/yolo_msgs/msg/detail/bounding_box2_d__rosidl_typesupport_fastrtps_cpp.hpp
[14.217s] -- Installing: /home/amrl-linux24-04/ros2_ben/install/yolo_msgs/include/yolo_msgs/yolo_msgs/msg/detail/key_point3_d__rosidl_typesupport_fastrtps_cpp.hpp
[14.218s] -- Installing: /home/amrl-linux24-04/ros2_ben/install/yolo_msgs/include/yolo_msgs/yolo_msgs/msg/detail/point2_d__rosidl_typesupport_fastrtps_cpp.hpp
[14.218s] -- Installing: /home/amrl-linux24-04/ros2_ben/install/yolo_msgs/include/yolo_msgs/yolo_msgs/msg/rosidl_typesupport_fastrtps_cpp__visibility_control.h
[14.218s] -- Installing: /home/amrl-linux24-04/ros2_ben/install/yolo_msgs/lib/libyolo_msgs__rosidl_typesupport_fastrtps_cpp.so
[14.218s] -- Set non-toolchain portion of runtime path of "/home/amrl-linux24-04/ros2_ben/install/yolo_msgs/lib/libyolo_msgs__rosidl_typesupport_fastrtps_cpp.so" to ""
[14.218s] -- Up-to-date: /home/amrl-linux24-04/ros2_ben/install/yolo_msgs/include/yolo_msgs/yolo_msgs
[14.218s] -- Up-to-date: /home/amrl-linux24-04/ros2_ben/install/yolo_msgs/include/yolo_msgs/yolo_msgs/srv
[14.218s] -- Up-to-date: /home/amrl-linux24-04/ros2_ben/install/yolo_msgs/include/yolo_msgs/yolo_msgs/srv/detail
[14.218s] -- Installing: /home/amrl-linux24-04/ros2_ben/install/yolo_msgs/include/yolo_msgs/yolo_msgs/srv/detail/set_classes__rosidl_typesupport_introspection_cpp.hpp
[14.218s] -- Installing: /home/amrl-linux24-04/ros2_ben/install/yolo_msgs/include/yolo_msgs/yolo_msgs/srv/detail/set_classes__type_support.cpp
[14.218s] -- Up-to-date: /home/amrl-linux24-04/ros2_ben/install/yolo_msgs/include/yolo_msgs/yolo_msgs/msg
[14.218s] -- Up-to-date: /home/amrl-linux24-04/ros2_ben/install/yolo_msgs/include/yolo_msgs/yolo_msgs/msg/detail
[14.218s] -- Installing: /home/amrl-linux24-04/ros2_ben/install/yolo_msgs/include/yolo_msgs/yolo_msgs/msg/detail/detection__type_support.cpp
[14.218s] -- Installing: /home/amrl-linux24-04/ros2_ben/install/yolo_msgs/include/yolo_msgs/yolo_msgs/msg/detail/detection_array__rosidl_typesupport_introspection_cpp.hpp
[14.219s] -- Installing: /home/amrl-linux24-04/ros2_ben/install/yolo_msgs/include/yolo_msgs/yolo_msgs/msg/detail/key_point2_d_array__rosidl_typesupport_introspection_cpp.hpp
[14.219s] -- Installing: /home/amrl-linux24-04/ros2_ben/install/yolo_msgs/include/yolo_msgs/yolo_msgs/msg/detail/detection_array__type_support.cpp
[14.219s] -- Installing: /home/amrl-linux24-04/ros2_ben/install/yolo_msgs/include/yolo_msgs/yolo_msgs/msg/detail/key_point2_d__rosidl_typesupport_introspection_cpp.hpp
[14.219s] -- Installing: /home/amrl-linux24-04/ros2_ben/install/yolo_msgs/include/yolo_msgs/yolo_msgs/msg/detail/bounding_box3_d__rosidl_typesupport_introspection_cpp.hpp
[14.219s] -- Installing: /home/amrl-linux24-04/ros2_ben/install/yolo_msgs/include/yolo_msgs/yolo_msgs/msg/detail/vector2__type_support.cpp
[14.219s] -- Installing: /home/amrl-linux24-04/ros2_ben/install/yolo_msgs/include/yolo_msgs/yolo_msgs/msg/detail/key_point3_d_array__type_support.cpp
[14.219s] -- Installing: /home/amrl-linux24-04/ros2_ben/install/yolo_msgs/include/yolo_msgs/yolo_msgs/msg/detail/mask__type_support.cpp
[14.219s] -- Installing: /home/amrl-linux24-04/ros2_ben/install/yolo_msgs/include/yolo_msgs/yolo_msgs/msg/detail/key_point3_d__type_support.cpp
[14.219s] -- Installing: /home/amrl-linux24-04/ros2_ben/install/yolo_msgs/include/yolo_msgs/yolo_msgs/msg/detail/point2_d__type_support.cpp
[14.219s] -- Installing: /home/amrl-linux24-04/ros2_ben/install/yolo_msgs/include/yolo_msgs/yolo_msgs/msg/detail/pose2_d__rosidl_typesupport_introspection_cpp.hpp
[14.219s] -- Installing: /home/amrl-linux24-04/ros2_ben/install/yolo_msgs/include/yolo_msgs/yolo_msgs/msg/detail/key_point2_d__type_support.cpp
[14.219s] -- Installing: /home/amrl-linux24-04/ros2_ben/install/yolo_msgs/include/yolo_msgs/yolo_msgs/msg/detail/bounding_box2_d__rosidl_typesupport_introspection_cpp.hpp
[14.220s] -- Installing: /home/amrl-linux24-04/ros2_ben/install/yolo_msgs/include/yolo_msgs/yolo_msgs/msg/detail/vector2__rosidl_typesupport_introspection_cpp.hpp
[14.220s] -- Installing: /home/amrl-linux24-04/ros2_ben/install/yolo_msgs/include/yolo_msgs/yolo_msgs/msg/detail/bounding_box3_d__type_support.cpp
[14.220s] -- Installing: /home/amrl-linux24-04/ros2_ben/install/yolo_msgs/include/yolo_msgs/yolo_msgs/msg/detail/pose2_d__type_support.cpp
[14.220s] -- Installing: /home/amrl-linux24-04/ros2_ben/install/yolo_msgs/include/yolo_msgs/yolo_msgs/msg/detail/key_point3_d__rosidl_typesupport_introspection_cpp.hpp
[14.220s] -- Installing: /home/amrl-linux24-04/ros2_ben/install/yolo_msgs/include/yolo_msgs/yolo_msgs/msg/detail/bounding_box2_d__type_support.cpp
[14.220s] -- Installing: /home/amrl-linux24-04/ros2_ben/install/yolo_msgs/include/yolo_msgs/yolo_msgs/msg/detail/key_point2_d_array__type_support.cpp
[14.220s] -- Installing: /home/amrl-linux24-04/ros2_ben/install/yolo_msgs/include/yolo_msgs/yolo_msgs/msg/detail/point2_d__rosidl_typesupport_introspection_cpp.hpp
[14.220s] -- Installing: /home/amrl-linux24-04/ros2_ben/install/yolo_msgs/include/yolo_msgs/yolo_msgs/msg/detail/key_point3_d_array__rosidl_typesupport_introspection_cpp.hpp
[14.220s] -- Installing: /home/amrl-linux24-04/ros2_ben/install/yolo_msgs/include/yolo_msgs/yolo_msgs/msg/detail/mask__rosidl_typesupport_introspection_cpp.hpp
[14.220s] -- Installing: /home/amrl-linux24-04/ros2_ben/install/yolo_msgs/include/yolo_msgs/yolo_msgs/msg/detail/detection__rosidl_typesupport_introspection_cpp.hpp
[14.220s] -- Installing: /home/amrl-linux24-04/ros2_ben/install/yolo_msgs/lib/libyolo_msgs__rosidl_typesupport_introspection_cpp.so
[14.221s] -- Set non-toolchain portion of runtime path of "/home/amrl-linux24-04/ros2_ben/install/yolo_msgs/lib/libyolo_msgs__rosidl_typesupport_introspection_cpp.so" to ""
[14.221s] -- Installing: /home/amrl-linux24-04/ros2_ben/install/yolo_msgs/lib/libyolo_msgs__rosidl_typesupport_cpp.so
[14.221s] -- Set non-toolchain portion of runtime path of "/home/amrl-linux24-04/ros2_ben/install/yolo_msgs/lib/libyolo_msgs__rosidl_typesupport_cpp.so" to ""
[14.221s] -- Installing: /home/amrl-linux24-04/ros2_ben/install/yolo_msgs/share/yolo_msgs/environment/pythonpath.sh
[14.221s] -- Installing: /home/amrl-linux24-04/ros2_ben/install/yolo_msgs/share/yolo_msgs/environment/pythonpath.dsv
[14.221s] -- Installing: /home/amrl-linux24-04/ros2_ben/install/yolo_msgs/lib/python3.12/site-packages/yolo_msgs-4.3.1-py3.12.egg-info
[14.221s] -- Installing: /home/amrl-linux24-04/ros2_ben/install/yolo_msgs/lib/python3.12/site-packages/yolo_msgs-4.3.1-py3.12.egg-info/top_level.txt
[14.222s] -- Installing: /home/amrl-linux24-04/ros2_ben/install/yolo_msgs/lib/python3.12/site-packages/yolo_msgs-4.3.1-py3.12.egg-info/dependency_links.txt
[14.222s] -- Installing: /home/amrl-linux24-04/ros2_ben/install/yolo_msgs/lib/python3.12/site-packages/yolo_msgs-4.3.1-py3.12.egg-info/PKG-INFO
[14.222s] -- Installing: /home/amrl-linux24-04/ros2_ben/install/yolo_msgs/lib/python3.12/site-packages/yolo_msgs-4.3.1-py3.12.egg-info/SOURCES.txt
[14.222s] -- Installing: /home/amrl-linux24-04/ros2_ben/install/yolo_msgs/lib/python3.12/site-packages/yolo_msgs
[14.222s] -- Installing: /home/amrl-linux24-04/ros2_ben/install/yolo_msgs/lib/python3.12/site-packages/yolo_msgs/_yolo_msgs_s.ep.rosidl_typesupport_fastrtps_c.c
[14.222s] -- Installing: /home/amrl-linux24-04/ros2_ben/install/yolo_msgs/lib/python3.12/site-packages/yolo_msgs/yolo_msgs_s__rosidl_typesupport_introspection_c.so
[14.222s] -- Installing: /home/amrl-linux24-04/ros2_ben/install/yolo_msgs/lib/python3.12/site-packages/yolo_msgs/srv
[14.222s] -- Installing: /home/amrl-linux24-04/ros2_ben/install/yolo_msgs/lib/python3.12/site-packages/yolo_msgs/srv/__init__.py
[14.222s] -- Installing: /home/amrl-linux24-04/ros2_ben/install/yolo_msgs/lib/python3.12/site-packages/yolo_msgs/srv/_set_classes.py
[14.222s] -- Installing: /home/amrl-linux24-04/ros2_ben/install/yolo_msgs/lib/python3.12/site-packages/yolo_msgs/srv/_set_classes_s.c
[14.222s] -- Installing: /home/amrl-linux24-04/ros2_ben/install/yolo_msgs/lib/python3.12/site-packages/yolo_msgs/__init__.py
[14.222s] -- Installing: /home/amrl-linux24-04/ros2_ben/install/yolo_msgs/lib/python3.12/site-packages/yolo_msgs/yolo_msgs_s__rosidl_typesupport_c.so
[14.223s] -- Installing: /home/amrl-linux24-04/ros2_ben/install/yolo_msgs/lib/python3.12/site-packages/yolo_msgs/_yolo_msgs_s.ep.rosidl_typesupport_c.c
[14.223s] -- Installing: /home/amrl-linux24-04/ros2_ben/install/yolo_msgs/lib/python3.12/site-packages/yolo_msgs/msg
[14.223s] -- Installing: /home/amrl-linux24-04/ros2_ben/install/yolo_msgs/lib/python3.12/site-packages/yolo_msgs/msg/_key_point3_d_array.py
[14.223s] -- Installing: /home/amrl-linux24-04/ros2_ben/install/yolo_msgs/lib/python3.12/site-packages/yolo_msgs/msg/_key_point3_d_s.c
[14.223s] -- Installing: /home/amrl-linux24-04/ros2_ben/install/yolo_msgs/lib/python3.12/site-packages/yolo_msgs/msg/_mask_s.c
[14.223s] -- Installing: /home/amrl-linux24-04/ros2_ben/install/yolo_msgs/lib/python3.12/site-packages/yolo_msgs/msg/_bounding_box3_d_s.c
[14.223s] -- Installing: /home/amrl-linux24-04/ros2_ben/install/yolo_msgs/lib/python3.12/site-packages/yolo_msgs/msg/_key_point2_d_s.c
[14.223s] -- Installing: /home/amrl-linux24-04/ros2_ben/install/yolo_msgs/lib/python3.12/site-packages/yolo_msgs/msg/__init__.py
[14.224s] -- Installing: /home/amrl-linux24-04/ros2_ben/install/yolo_msgs/lib/python3.12/site-packages/yolo_msgs/msg/_pose2_d.py
[14.224s] -- Installing: /home/amrl-linux24-04/ros2_ben/install/yolo_msgs/lib/python3.12/site-packages/yolo_msgs/msg/_key_point3_d_array_s.c
[14.224s] -- Installing: /home/amrl-linux24-04/ros2_ben/install/yolo_msgs/lib/python3.12/site-packages/yolo_msgs/msg/_key_point2_d_array.py
[14.224s] -- Installing: /home/amrl-linux24-04/ros2_ben/install/yolo_msgs/lib/python3.12/site-packages/yolo_msgs/msg/_vector2.py
[14.224s] -- Installing: /home/amrl-linux24-04/ros2_ben/install/yolo_msgs/lib/python3.12/site-packages/yolo_msgs/msg/_detection_s.c
[14.224s] -- Installing: /home/amrl-linux24-04/ros2_ben/install/yolo_msgs/lib/python3.12/site-packages/yolo_msgs/msg/_bounding_box2_d.py
[14.225s] -- Installing: /home/amrl-linux24-04/ros2_ben/install/yolo_msgs/lib/python3.12/site-packages/yolo_msgs/msg/_bounding_box2_d_s.c
[14.225s] -- Installing: /home/amrl-linux24-04/ros2_ben/install/yolo_msgs/lib/python3.12/site-packages/yolo_msgs/msg/_key_point2_d.py
[14.225s] -- Installing: /home/amrl-linux24-04/ros2_ben/install/yolo_msgs/lib/python3.12/site-packages/yolo_msgs/msg/_key_point3_d.py
[14.225s] -- Installing: /home/amrl-linux24-04/ros2_ben/install/yolo_msgs/lib/python3.12/site-packages/yolo_msgs/msg/_detection_array_s.c
[14.225s] -- Installing: /home/amrl-linux24-04/ros2_ben/install/yolo_msgs/lib/python3.12/site-packages/yolo_msgs/msg/_point2_d_s.c
[14.225s] -- Installing: /home/amrl-linux24-04/ros2_ben/install/yolo_msgs/lib/python3.12/site-packages/yolo_msgs/msg/_detection_array.py
[14.225s] -- Installing: /home/amrl-linux24-04/ros2_ben/install/yolo_msgs/lib/python3.12/site-packages/yolo_msgs/msg/_detection.py
[14.225s] -- Installing: /home/amrl-linux24-04/ros2_ben/install/yolo_msgs/lib/python3.12/site-packages/yolo_msgs/msg/_mask.py
[14.225s] -- Installing: /home/amrl-linux24-04/ros2_ben/install/yolo_msgs/lib/python3.12/site-packages/yolo_msgs/msg/_pose2_d_s.c
[14.225s] -- Installing: /home/amrl-linux24-04/ros2_ben/install/yolo_msgs/lib/python3.12/site-packages/yolo_msgs/msg/_key_point2_d_array_s.c
[14.225s] -- Installing: /home/amrl-linux24-04/ros2_ben/install/yolo_msgs/lib/python3.12/site-packages/yolo_msgs/msg/_bounding_box3_d.py
[14.225s] -- Installing: /home/amrl-linux24-04/ros2_ben/install/yolo_msgs/lib/python3.12/site-packages/yolo_msgs/msg/_point2_d.py
[14.225s] -- Installing: /home/amrl-linux24-04/ros2_ben/install/yolo_msgs/lib/python3.12/site-packages/yolo_msgs/msg/_vector2_s.c
[14.225s] -- Installing: /home/amrl-linux24-04/ros2_ben/install/yolo_msgs/lib/python3.12/site-packages/yolo_msgs/yolo_msgs_s__rosidl_typesupport_fastrtps_c.so
[14.225s] -- Installing: /home/amrl-linux24-04/ros2_ben/install/yolo_msgs/lib/python3.12/site-packages/yolo_msgs/_yolo_msgs_s.ep.rosidl_typesupport_introspection_c.c
[14.277s] Listing '/home/amrl-linux24-04/ros2_ben/install/yolo_msgs/lib/python3.12/site-packages/yolo_msgs'...
[14.277s] Compiling '/home/amrl-linux24-04/ros2_ben/install/yolo_msgs/lib/python3.12/site-packages/yolo_msgs/__init__.py'...
[14.277s] Listing '/home/amrl-linux24-04/ros2_ben/install/yolo_msgs/lib/python3.12/site-packages/yolo_msgs/msg'...
[14.277s] Compiling '/home/amrl-linux24-04/ros2_ben/install/yolo_msgs/lib/python3.12/site-packages/yolo_msgs/msg/__init__.py'...
[14.277s] Compiling '/home/amrl-linux24-04/ros2_ben/install/yolo_msgs/lib/python3.12/site-packages/yolo_msgs/msg/_bounding_box2_d.py'...
[14.277s] Compiling '/home/amrl-linux24-04/ros2_ben/install/yolo_msgs/lib/python3.12/site-packages/yolo_msgs/msg/_bounding_box3_d.py'...
[14.277s] Compiling '/home/amrl-linux24-04/ros2_ben/install/yolo_msgs/lib/python3.12/site-packages/yolo_msgs/msg/_detection.py'...
[14.278s] Compiling '/home/amrl-linux24-04/ros2_ben/install/yolo_msgs/lib/python3.12/site-packages/yolo_msgs/msg/_detection_array.py'...
[14.278s] Compiling '/home/amrl-linux24-04/ros2_ben/install/yolo_msgs/lib/python3.12/site-packages/yolo_msgs/msg/_key_point2_d.py'...
[14.278s] Compiling '/home/amrl-linux24-04/ros2_ben/install/yolo_msgs/lib/python3.12/site-packages/yolo_msgs/msg/_key_point2_d_array.py'...
[14.278s] Compiling '/home/amrl-linux24-04/ros2_ben/install/yolo_msgs/lib/python3.12/site-packages/yolo_msgs/msg/_key_point3_d.py'...
[14.278s] Compiling '/home/amrl-linux24-04/ros2_ben/install/yolo_msgs/lib/python3.12/site-packages/yolo_msgs/msg/_key_point3_d_array.py'...
[14.278s] Compiling '/home/amrl-linux24-04/ros2_ben/install/yolo_msgs/lib/python3.12/site-packages/yolo_msgs/msg/_mask.py'...
[14.278s] Compiling '/home/amrl-linux24-04/ros2_ben/install/yolo_msgs/lib/python3.12/site-packages/yolo_msgs/msg/_point2_d.py'...
[14.278s] Compiling '/home/amrl-linux24-04/ros2_ben/install/yolo_msgs/lib/python3.12/site-packages/yolo_msgs/msg/_pose2_d.py'...
[14.278s] Compiling '/home/amrl-linux24-04/ros2_ben/install/yolo_msgs/lib/python3.12/site-packages/yolo_msgs/msg/_vector2.py'...
[14.278s] Listing '/home/amrl-linux24-04/ros2_ben/install/yolo_msgs/lib/python3.12/site-packages/yolo_msgs/srv'...
[14.278s] Compiling '/home/amrl-linux24-04/ros2_ben/install/yolo_msgs/lib/python3.12/site-packages/yolo_msgs/srv/__init__.py'...
[14.279s] Compiling '/home/amrl-linux24-04/ros2_ben/install/yolo_msgs/lib/python3.12/site-packages/yolo_msgs/srv/_set_classes.py'...
[14.283s] -- Installing: /home/amrl-linux24-04/ros2_ben/install/yolo_msgs/lib/python3.12/site-packages/yolo_msgs/yolo_msgs_s__rosidl_typesupport_fastrtps_c.so
[14.283s] -- Set non-toolchain portion of runtime path of "/home/amrl-linux24-04/ros2_ben/install/yolo_msgs/lib/python3.12/site-packages/yolo_msgs/yolo_msgs_s__rosidl_typesupport_fastrtps_c.so" to ""
[14.283s] -- Installing: /home/amrl-linux24-04/ros2_ben/install/yolo_msgs/lib/python3.12/site-packages/yolo_msgs/yolo_msgs_s__rosidl_typesupport_introspection_c.so
[14.283s] -- Set non-toolchain portion of runtime path of "/home/amrl-linux24-04/ros2_ben/install/yolo_msgs/lib/python3.12/site-packages/yolo_msgs/yolo_msgs_s__rosidl_typesupport_introspection_c.so" to ""
[14.283s] -- Installing: /home/amrl-linux24-04/ros2_ben/install/yolo_msgs/lib/python3.12/site-packages/yolo_msgs/yolo_msgs_s__rosidl_typesupport_c.so
[14.283s] -- Set non-toolchain portion of runtime path of "/home/amrl-linux24-04/ros2_ben/install/yolo_msgs/lib/python3.12/site-packages/yolo_msgs/yolo_msgs_s__rosidl_typesupport_c.so" to ""
[14.283s] -- Installing: /home/amrl-linux24-04/ros2_ben/install/yolo_msgs/lib/libyolo_msgs__rosidl_generator_py.so
[14.284s] -- Set non-toolchain portion of runtime path of "/home/amrl-linux24-04/ros2_ben/install/yolo_msgs/lib/libyolo_msgs__rosidl_generator_py.so" to ""
[14.284s] -- Installing: /home/amrl-linux24-04/ros2_ben/install/yolo_msgs/share/yolo_msgs/msg/Point2D.idl
[14.285s] -- Installing: /home/amrl-linux24-04/ros2_ben/install/yolo_msgs/share/yolo_msgs/msg/Vector2.idl
[14.286s] -- Installing: /home/amrl-linux24-04/ros2_ben/install/yolo_msgs/share/yolo_msgs/msg/Pose2D.idl
[14.286s] -- Installing: /home/amrl-linux24-04/ros2_ben/install/yolo_msgs/share/yolo_msgs/msg/BoundingBox2D.idl
[14.286s] -- Installing: /home/amrl-linux24-04/ros2_ben/install/yolo_msgs/share/yolo_msgs/msg/BoundingBox3D.idl
[14.286s] -- Installing: /home/amrl-linux24-04/ros2_ben/install/yolo_msgs/share/yolo_msgs/msg/Mask.idl
[14.287s] -- Installing: /home/amrl-linux24-04/ros2_ben/install/yolo_msgs/share/yolo_msgs/msg/KeyPoint2D.idl
[14.287s] -- Installing: /home/amrl-linux24-04/ros2_ben/install/yolo_msgs/share/yolo_msgs/msg/KeyPoint2DArray.idl
[14.287s] -- Installing: /home/amrl-linux24-04/ros2_ben/install/yolo_msgs/share/yolo_msgs/msg/KeyPoint3D.idl
[14.288s] -- Installing: /home/amrl-linux24-04/ros2_ben/install/yolo_msgs/share/yolo_msgs/msg/KeyPoint3DArray.idl
[14.288s] -- Installing: /home/amrl-linux24-04/ros2_ben/install/yolo_msgs/share/yolo_msgs/msg/Detection.idl
[14.288s] -- Installing: /home/amrl-linux24-04/ros2_ben/install/yolo_msgs/share/yolo_msgs/msg/DetectionArray.idl
[14.288s] -- Installing: /home/amrl-linux24-04/ros2_ben/install/yolo_msgs/share/yolo_msgs/srv/SetClasses.idl
[14.288s] -- Installing: /home/amrl-linux24-04/ros2_ben/install/yolo_msgs/share/yolo_msgs/msg/Point2D.msg
[14.288s] -- Installing: /home/amrl-linux24-04/ros2_ben/install/yolo_msgs/share/yolo_msgs/msg/Vector2.msg
[14.288s] -- Installing: /home/amrl-linux24-04/ros2_ben/install/yolo_msgs/share/yolo_msgs/msg/Pose2D.msg
[14.289s] -- Installing: /home/amrl-linux24-04/ros2_ben/install/yolo_msgs/share/yolo_msgs/msg/BoundingBox2D.msg
[14.289s] -- Installing: /home/amrl-linux24-04/ros2_ben/install/yolo_msgs/share/yolo_msgs/msg/BoundingBox3D.msg
[14.289s] -- Installing: /home/amrl-linux24-04/ros2_ben/install/yolo_msgs/share/yolo_msgs/msg/Mask.msg
[14.289s] -- Installing: /home/amrl-linux24-04/ros2_ben/install/yolo_msgs/share/yolo_msgs/msg/KeyPoint2D.msg
[14.289s] -- Installing: /home/amrl-linux24-04/ros2_ben/install/yolo_msgs/share/yolo_msgs/msg/KeyPoint2DArray.msg
[14.289s] -- Installing: /home/amrl-linux24-04/ros2_ben/install/yolo_msgs/share/yolo_msgs/msg/KeyPoint3D.msg
[14.289s] -- Installing: /home/amrl-linux24-04/ros2_ben/install/yolo_msgs/share/yolo_msgs/msg/KeyPoint3DArray.msg
[14.290s] -- Installing: /home/amrl-linux24-04/ros2_ben/install/yolo_msgs/share/yolo_msgs/msg/Detection.msg
[14.290s] -- Installing: /home/amrl-linux24-04/ros2_ben/install/yolo_msgs/share/yolo_msgs/msg/DetectionArray.msg
[14.290s] -- Installing: /home/amrl-linux24-04/ros2_ben/install/yolo_msgs/share/yolo_msgs/srv/SetClasses.srv
[14.290s] -- Installing: /home/amrl-linux24-04/ros2_ben/install/yolo_msgs/share/ament_index/resource_index/package_run_dependencies/yolo_msgs
[14.290s] -- Installing: /home/amrl-linux24-04/ros2_ben/install/yolo_msgs/share/ament_index/resource_index/parent_prefix_path/yolo_msgs
[14.290s] -- Installing: /home/amrl-linux24-04/ros2_ben/install/yolo_msgs/share/yolo_msgs/environment/ament_prefix_path.sh
[14.290s] -- Installing: /home/amrl-linux24-04/ros2_ben/install/yolo_msgs/share/yolo_msgs/environment/ament_prefix_path.dsv
[14.291s] -- Installing: /home/amrl-linux24-04/ros2_ben/install/yolo_msgs/share/yolo_msgs/environment/path.sh
[14.291s] -- Installing: /home/amrl-linux24-04/ros2_ben/install/yolo_msgs/share/yolo_msgs/environment/path.dsv
[14.291s] -- Installing: /home/amrl-linux24-04/ros2_ben/install/yolo_msgs/share/yolo_msgs/local_setup.bash
[14.291s] -- Installing: /home/amrl-linux24-04/ros2_ben/install/yolo_msgs/share/yolo_msgs/local_setup.sh
[14.291s] -- Installing: /home/amrl-linux24-04/ros2_ben/install/yolo_msgs/share/yolo_msgs/local_setup.zsh
[14.291s] -- Installing: /home/amrl-linux24-04/ros2_ben/install/yolo_msgs/share/yolo_msgs/local_setup.dsv
[14.291s] -- Installing: /home/amrl-linux24-04/ros2_ben/install/yolo_msgs/share/yolo_msgs/package.dsv
[14.291s] -- Installing: /home/amrl-linux24-04/ros2_ben/install/yolo_msgs/share/ament_index/resource_index/packages/yolo_msgs
[14.291s] -- Installing: /home/amrl-linux24-04/ros2_ben/install/yolo_msgs/share/yolo_msgs/cmake/export_yolo_msgs__rosidl_generator_cExport.cmake
[14.291s] -- Installing: /home/amrl-linux24-04/ros2_ben/install/yolo_msgs/share/yolo_msgs/cmake/export_yolo_msgs__rosidl_generator_cExport-noconfig.cmake
[14.292s] -- Installing: /home/amrl-linux24-04/ros2_ben/install/yolo_msgs/share/yolo_msgs/cmake/export_yolo_msgs__rosidl_typesupport_fastrtps_cExport.cmake
[14.292s] -- Installing: /home/amrl-linux24-04/ros2_ben/install/yolo_msgs/share/yolo_msgs/cmake/export_yolo_msgs__rosidl_typesupport_fastrtps_cExport-noconfig.cmake
[14.292s] -- Installing: /home/amrl-linux24-04/ros2_ben/install/yolo_msgs/share/yolo_msgs/cmake/yolo_msgs__rosidl_typesupport_introspection_cExport.cmake
[14.292s] -- Installing: /home/amrl-linux24-04/ros2_ben/install/yolo_msgs/share/yolo_msgs/cmake/yolo_msgs__rosidl_typesupport_introspection_cExport-noconfig.cmake
[14.292s] -- Installing: /home/amrl-linux24-04/ros2_ben/install/yolo_msgs/share/yolo_msgs/cmake/yolo_msgs__rosidl_typesupport_cExport.cmake
[14.292s] -- Installing: /home/amrl-linux24-04/ros2_ben/install/yolo_msgs/share/yolo_msgs/cmake/yolo_msgs__rosidl_typesupport_cExport-noconfig.cmake
[14.292s] -- Installing: /home/amrl-linux24-04/ros2_ben/install/yolo_msgs/share/yolo_msgs/cmake/export_yolo_msgs__rosidl_generator_cppExport.cmake
[14.293s] -- Installing: /home/amrl-linux24-04/ros2_ben/install/yolo_msgs/share/yolo_msgs/cmake/export_yolo_msgs__rosidl_typesupport_fastrtps_cppExport.cmake
[14.293s] -- Installing: /home/amrl-linux24-04/ros2_ben/install/yolo_msgs/share/yolo_msgs/cmake/export_yolo_msgs__rosidl_typesupport_fastrtps_cppExport-noconfig.cmake
[14.293s] -- Installing: /home/amrl-linux24-04/ros2_ben/install/yolo_msgs/share/yolo_msgs/cmake/yolo_msgs__rosidl_typesupport_introspection_cppExport.cmake
[14.293s] -- Installing: /home/amrl-linux24-04/ros2_ben/install/yolo_msgs/share/yolo_msgs/cmake/yolo_msgs__rosidl_typesupport_introspection_cppExport-noconfig.cmake
[14.293s] -- Installing: /home/amrl-linux24-04/ros2_ben/install/yolo_msgs/share/yolo_msgs/cmake/yolo_msgs__rosidl_typesupport_cppExport.cmake
[14.293s] -- Installing: /home/amrl-linux24-04/ros2_ben/install/yolo_msgs/share/yolo_msgs/cmake/yolo_msgs__rosidl_typesupport_cppExport-noconfig.cmake
[14.293s] -- Installing: /home/amrl-linux24-04/ros2_ben/install/yolo_msgs/share/yolo_msgs/cmake/export_yolo_msgs__rosidl_generator_pyExport.cmake
[14.293s] -- Installing: /home/amrl-linux24-04/ros2_ben/install/yolo_msgs/share/yolo_msgs/cmake/export_yolo_msgs__rosidl_generator_pyExport-noconfig.cmake
[14.293s] -- Installing: /home/amrl-linux24-04/ros2_ben/install/yolo_msgs/share/yolo_msgs/cmake/rosidl_cmake-extras.cmake
[14.294s] -- Installing: /home/amrl-linux24-04/ros2_ben/install/yolo_msgs/share/yolo_msgs/cmake/ament_cmake_export_dependencies-extras.cmake
[14.294s] -- Installing: /home/amrl-linux24-04/ros2_ben/install/yolo_msgs/share/yolo_msgs/cmake/ament_cmake_export_include_directories-extras.cmake
[14.294s] -- Installing: /home/amrl-linux24-04/ros2_ben/install/yolo_msgs/share/yolo_msgs/cmake/ament_cmake_export_libraries-extras.cmake
[14.294s] -- Installing: /home/amrl-linux24-04/ros2_ben/install/yolo_msgs/share/yolo_msgs/cmake/ament_cmake_export_targets-extras.cmake
[14.294s] -- Installing: /home/amrl-linux24-04/ros2_ben/install/yolo_msgs/share/yolo_msgs/cmake/rosidl_cmake_export_typesupport_targets-extras.cmake
[14.294s] -- Installing: /home/amrl-linux24-04/ros2_ben/install/yolo_msgs/share/yolo_msgs/cmake/rosidl_cmake_export_typesupport_libraries-extras.cmake
[14.294s] -- Installing: /home/amrl-linux24-04/ros2_ben/install/yolo_msgs/share/yolo_msgs/cmake/yolo_msgsConfig.cmake
[14.294s] -- Installing: /home/amrl-linux24-04/ros2_ben/install/yolo_msgs/share/yolo_msgs/cmake/yolo_msgsConfig-version.cmake
[14.294s] -- Installing: /home/amrl-linux24-04/ros2_ben/install/yolo_msgs/share/yolo_msgs/package.xml
[14.299s] Invoked command in '/home/amrl-linux24-04/ros2_ben/build/yolo_msgs' returned '0': CMAKE_PREFIX_PATH=${CMAKE_PREFIX_PATH}:/home/amrl-linux24-04/ros2_ben/install/yolo_ros:/home/amrl-linux24-04/ros2_ben/install/igusgus_launch:/opt/ros/jazzy DEBUGINFOD_URLS=https://debuginfod.ubuntu.com /usr/bin/cmake --install /home/amrl-linux24-04/ros2_ben/build/yolo_msgs
