[0.012s] Invoking command in '/home/amrl-linux24-04/ros2_ben/build/orbbec_description': CMAKE_PREFIX_PATH=${CMAKE_PREFIX_PATH}:/opt/ros/jazzy DEBUGINFOD_URLS=https://debuginfod.ubuntu.com /usr/bin/cmake /home/amrl-linux24-04/ros2_ben/src/OrbbecSDK_ROS2/orbbec_description -DCMAKE_INSTALL_PREFIX=/home/amrl-linux24-04/ros2_ben/install/orbbec_description
[0.091s] -- The C compiler identification is GNU 13.3.0
[0.171s] -- The CXX compiler identification is GNU 13.3.0
[0.184s] -- Detecting C compiler ABI info
[0.262s] -- Detecting C compiler ABI info - done
[0.271s] -- Check for working C compiler: /usr/bin/cc - skipped
[0.271s] -- Detecting C compile features
[0.272s] -- Detecting C compile features - done
[0.281s] -- Detecting CXX compiler ABI info
[0.369s] -- Detecting CXX compiler ABI info - done
[0.377s] -- Check for working CXX compiler: /usr/bin/c++ - skipped
[0.377s] -- Detecting CXX compile features
[0.377s] -- Detecting CXX compile features - done
[0.380s] -- Found ament_cmake: 2.5.4 (/opt/ros/jazzy/share/ament_cmake/cmake)
[0.497s] -- Found Python3: /usr/bin/python3 (found version "3.12.3") found components: Interpreter 
[0.637s] -- Configuring done (0.6s)
[0.638s] -- Generating done (0.0s)
[0.639s] -- Build files have been written to: /home/amrl-linux24-04/ros2_ben/build/orbbec_description
[0.644s] Invoked command in '/home/amrl-linux24-04/ros2_ben/build/orbbec_description' returned '0': CMAKE_PREFIX_PATH=${CMAKE_PREFIX_PATH}:/opt/ros/jazzy DEBUGINFOD_URLS=https://debuginfod.ubuntu.com /usr/bin/cmake /home/amrl-linux24-04/ros2_ben/src/OrbbecSDK_ROS2/orbbec_description -DCMAKE_INSTALL_PREFIX=/home/amrl-linux24-04/ros2_ben/install/orbbec_description
[0.645s] Invoking command in '/home/amrl-linux24-04/ros2_ben/build/orbbec_description': CMAKE_PREFIX_PATH=${CMAKE_PREFIX_PATH}:/opt/ros/jazzy DEBUGINFOD_URLS=https://debuginfod.ubuntu.com /usr/bin/cmake --build /home/amrl-linux24-04/ros2_ben/build/orbbec_description -- -j22 -l22
[0.677s] Invoked command in '/home/amrl-linux24-04/ros2_ben/build/orbbec_description' returned '0': CMAKE_PREFIX_PATH=${CMAKE_PREFIX_PATH}:/opt/ros/jazzy DEBUGINFOD_URLS=https://debuginfod.ubuntu.com /usr/bin/cmake --build /home/amrl-linux24-04/ros2_ben/build/orbbec_description -- -j22 -l22
[0.678s] Invoking command in '/home/amrl-linux24-04/ros2_ben/build/orbbec_description': CMAKE_PREFIX_PATH=${CMAKE_PREFIX_PATH}:/opt/ros/jazzy DEBUGINFOD_URLS=https://debuginfod.ubuntu.com /usr/bin/cmake --install /home/amrl-linux24-04/ros2_ben/build/orbbec_description
[0.684s] -- Install configuration: ""
[0.684s] -- Installing: /home/amrl-linux24-04/ros2_ben/install/orbbec_description/share/orbbec_description/launch
[0.685s] -- Installing: /home/amrl-linux24-04/ros2_ben/install/orbbec_description/share/orbbec_description/launch/launch_utils.py
[0.685s] -- Installing: /home/amrl-linux24-04/ros2_ben/install/orbbec_description/share/orbbec_description/launch/view_model.launch.py
[0.685s] -- Installing: /home/amrl-linux24-04/ros2_ben/install/orbbec_description/share/orbbec_description/meshes
[0.685s] -- Installing: /home/amrl-linux24-04/ros2_ben/install/orbbec_description/share/orbbec_description/meshes/femto_bolt
[0.685s] -- Installing: /home/amrl-linux24-04/ros2_ben/install/orbbec_description/share/orbbec_description/meshes/femto_bolt/femto_bolt.stl
[0.685s] -- Installing: /home/amrl-linux24-04/ros2_ben/install/orbbec_description/share/orbbec_description/meshes/gemini335_336
[0.685s] -- Installing: /home/amrl-linux24-04/ros2_ben/install/orbbec_description/share/orbbec_description/meshes/gemini335_336/camera_bottom_screw_frame.STL
[0.686s] -- Installing: /home/amrl-linux24-04/ros2_ben/install/orbbec_description/share/orbbec_description/meshes/gemini335_336/camera_infra2_frame.STL
[0.686s] -- Installing: /home/amrl-linux24-04/ros2_ben/install/orbbec_description/share/orbbec_description/meshes/gemini335_336/camera_link.STL
[0.687s] -- Installing: /home/amrl-linux24-04/ros2_ben/install/orbbec_description/share/orbbec_description/meshes/gemini335_336/camera_depth_frame.STL
[0.687s] -- Installing: /home/amrl-linux24-04/ros2_ben/install/orbbec_description/share/orbbec_description/meshes/gemini335_336/camera_infra2_optical_frame.STL
[0.687s] -- Installing: /home/amrl-linux24-04/ros2_ben/install/orbbec_description/share/orbbec_description/meshes/gemini335_336/camera_color_frame.STL
[0.687s] -- Installing: /home/amrl-linux24-04/ros2_ben/install/orbbec_description/share/orbbec_description/meshes/gemini335_336/camera_color_optical_frame.STL
[0.688s] -- Installing: /home/amrl-linux24-04/ros2_ben/install/orbbec_description/share/orbbec_description/meshes/gemini335_336/camera_infra_1_frame.STL
[0.688s] -- Installing: /home/amrl-linux24-04/ros2_ben/install/orbbec_description/share/orbbec_description/meshes/gemini335_336/camera_infra_1_optical_frame.STL
[0.688s] -- Installing: /home/amrl-linux24-04/ros2_ben/install/orbbec_description/share/orbbec_description/meshes/gemini335_336/camera_depth_optical_frame.STL
[0.688s] -- Installing: /home/amrl-linux24-04/ros2_ben/install/orbbec_description/share/orbbec_description/meshes/AstraPlus.stl
[0.701s] -- Installing: /home/amrl-linux24-04/ros2_ben/install/orbbec_description/share/orbbec_description/urdf
[0.701s] -- Installing: /home/amrl-linux24-04/ros2_ben/install/orbbec_description/share/orbbec_description/urdf/_gemini_335_336.urdf.xacro
[0.701s] -- Installing: /home/amrl-linux24-04/ros2_ben/install/orbbec_description/share/orbbec_description/urdf/test_gemini_335.urdf.xarco
[0.701s] -- Installing: /home/amrl-linux24-04/ros2_ben/install/orbbec_description/share/orbbec_description/urdf/test_gemini_336.urdf.xarco
[0.702s] -- Installing: /home/amrl-linux24-04/ros2_ben/install/orbbec_description/share/orbbec_description/urdf/femto_bolt.urdf.xacro
[0.702s] -- Installing: /home/amrl-linux24-04/ros2_ben/install/orbbec_description/share/orbbec_description/rviz
[0.702s] -- Installing: /home/amrl-linux24-04/ros2_ben/install/orbbec_description/share/orbbec_description/rviz/urdf.rviz
[0.702s] -- Installing: /home/amrl-linux24-04/ros2_ben/install/orbbec_description/share/ament_index/resource_index/package_run_dependencies/orbbec_description
[0.702s] -- Installing: /home/amrl-linux24-04/ros2_ben/install/orbbec_description/share/ament_index/resource_index/parent_prefix_path/orbbec_description
[0.702s] -- Installing: /home/amrl-linux24-04/ros2_ben/install/orbbec_description/share/orbbec_description/environment/ament_prefix_path.sh
[0.702s] -- Installing: /home/amrl-linux24-04/ros2_ben/install/orbbec_description/share/orbbec_description/environment/ament_prefix_path.dsv
[0.702s] -- Installing: /home/amrl-linux24-04/ros2_ben/install/orbbec_description/share/orbbec_description/environment/path.sh
[0.702s] -- Installing: /home/amrl-linux24-04/ros2_ben/install/orbbec_description/share/orbbec_description/environment/path.dsv
[0.702s] -- Installing: /home/amrl-linux24-04/ros2_ben/install/orbbec_description/share/orbbec_description/local_setup.bash
[0.702s] -- Installing: /home/amrl-linux24-04/ros2_ben/install/orbbec_description/share/orbbec_description/local_setup.sh
[0.703s] -- Installing: /home/amrl-linux24-04/ros2_ben/install/orbbec_description/share/orbbec_description/local_setup.zsh
[0.703s] -- Installing: /home/amrl-linux24-04/ros2_ben/install/orbbec_description/share/orbbec_description/local_setup.dsv
[0.703s] -- Installing: /home/amrl-linux24-04/ros2_ben/install/orbbec_description/share/orbbec_description/package.dsv
[0.703s] -- Installing: /home/amrl-linux24-04/ros2_ben/install/orbbec_description/share/ament_index/resource_index/packages/orbbec_description
[0.703s] -- Installing: /home/amrl-linux24-04/ros2_ben/install/orbbec_description/share/orbbec_description/cmake/orbbec_descriptionConfig.cmake
[0.703s] -- Installing: /home/amrl-linux24-04/ros2_ben/install/orbbec_description/share/orbbec_description/cmake/orbbec_descriptionConfig-version.cmake
[0.704s] -- Installing: /home/amrl-linux24-04/ros2_ben/install/orbbec_description/share/orbbec_description/package.xml
[0.704s] Invoked command in '/home/amrl-linux24-04/ros2_ben/build/orbbec_description' returned '0': CMAKE_PREFIX_PATH=${CMAKE_PREFIX_PATH}:/opt/ros/jazzy DEBUGINFOD_URLS=https://debuginfod.ubuntu.com /usr/bin/cmake --install /home/amrl-linux24-04/ros2_ben/build/orbbec_description
