[0.646s] Invoking command in '/home/amrl-linux24-04/ros2_ben/src/yolo_ros/yolo_ros': CMAKE_PREFIX_PATH=/home/amrl-linux24-04/ros2_ben/install/yolo_msgs:/home/amrl-linux24-04/ros2_ben/install/yolo_bringup:/home/amrl-linux24-04/ros2_ben/install/realsense2_description:/home/amrl-linux24-04/ros2_ben/install/realsense2_camera:/home/amrl-linux24-04/ros2_ben/install/realsense2_camera_msgs:/home/amrl-linux24-04/ros2_ben/install/orbbec_description:/home/amrl-linux24-04/ros2_ben/install/orbbec_camera:/home/amrl-linux24-04/ros2_ben/install/orbbec_camera_msgs:/home/amrl-linux24-04/ros2_ben/install/igus_rebel:/home/amrl-linux24-04/ros2_ben/install/igus_rebel_msgs:/home/amrl-linux24-04/ros2_ben/install/igus_rebel_moveit_config:/home/amrl-linux24-04/ros2_ben/install/igus_rebel_description:/opt/ros/jazzy/opt/gz_sim_vendor:/opt/ros/jazzy/opt/gz_sensors_vendor:/opt/ros/jazzy/opt/gz_physics_vendor:/opt/ros/jazzy/opt/sdformat_vendor:/opt/ros/jazzy/opt/gz_gui_vendor:/opt/ros/jazzy/opt/gz_transport_vendor:/opt/ros/jazzy/opt/gz_rendering_vendor:/opt/ros/jazzy/opt/gz_plugin_vendor:/opt/ros/jazzy/opt/gz_fuel_tools_vendor:/opt/ros/jazzy/opt/gz_msgs_vendor:/opt/ros/jazzy/opt/gz_common_vendor:/opt/ros/jazzy/opt/gz_math_vendor:/opt/ros/jazzy/opt/gz_utils_vendor:/opt/ros/jazzy/opt/gz_tools_vendor:/opt/ros/jazzy/opt/gz_ogre_next_vendor:/opt/ros/jazzy/opt/gz_dartsim_vendor:/opt/ros/jazzy/opt/gz_cmake_vendor DEBUGINFOD_URLS=https://debuginfod.ubuntu.com PYTHONPATH=/home/amrl-linux24-04/ros2_ben/build/yolo_ros/prefix_override:/usr/lib/python3/dist-packages/colcon_core/task/python/colcon_distutils_commands:/home/amrl-linux24-04/ros2_ben/install/yolo_ros/lib/python3.12/site-packages:/home/amrl-linux24-04/ros2_ben/install/yolo_msgs/lib/python3.12/site-packages:/home/amrl-linux24-04/ros2_ben/build/yolo_ros:/home/amrl-linux24-04/ros2_ben/install/yolo_ros/lib/python3.12/site-packages:/home/amrl-linux24-04/ros2_ben/install/realsense2_camera_msgs/lib/python3.12/site-packages:/home/amrl-linux24-04/ros2_ben/install/orbbec_camera_msgs/lib/python3.12/site-packages:/home/amrl-linux24-04/ros2_ben/build/igusgus_launch:/home/amrl-linux24-04/ros2_ben/install/igusgus_launch/lib/python3.12/site-packages:/home/amrl-linux24-04/ros2_ben/install/igus_rebel_msgs/lib/python3.12/site-packages:/opt/ros/jazzy/lib/python3.12/site-packages /usr/bin/python3 -W ignore:setup.py install is deprecated -W ignore:easy_install command is deprecated setup.py egg_info --egg-base ../../../build/yolo_ros build --build-base /home/amrl-linux24-04/ros2_ben/build/yolo_ros/build install --record /home/amrl-linux24-04/ros2_ben/build/yolo_ros/install.log --single-version-externally-managed install_data
[0.942s] running egg_info
[0.942s] creating ../../../build/yolo_ros/yolo_ros.egg-info
[0.963s] writing ../../../build/yolo_ros/yolo_ros.egg-info/PKG-INFO
[0.964s] writing dependency_links to ../../../build/yolo_ros/yolo_ros.egg-info/dependency_links.txt
[0.964s] writing entry points to ../../../build/yolo_ros/yolo_ros.egg-info/entry_points.txt
[0.964s] writing requirements to ../../../build/yolo_ros/yolo_ros.egg-info/requires.txt
[0.964s] writing top-level names to ../../../build/yolo_ros/yolo_ros.egg-info/top_level.txt
[0.964s] writing manifest file '../../../build/yolo_ros/yolo_ros.egg-info/SOURCES.txt'
[1.006s] reading manifest file '../../../build/yolo_ros/yolo_ros.egg-info/SOURCES.txt'
[1.007s] writing manifest file '../../../build/yolo_ros/yolo_ros.egg-info/SOURCES.txt'
[1.007s] running build
[1.008s] running build_py
[1.008s] creating /home/amrl-linux24-04/ros2_ben/build/yolo_ros/build
[1.008s] creating /home/amrl-linux24-04/ros2_ben/build/yolo_ros/build/lib
[1.008s] creating /home/amrl-linux24-04/ros2_ben/build/yolo_ros/build/lib/yolo_ros
[1.008s] copying yolo_ros/__init__.py -> /home/amrl-linux24-04/ros2_ben/build/yolo_ros/build/lib/yolo_ros
[1.008s] copying yolo_ros/detect_3d_node.py -> /home/amrl-linux24-04/ros2_ben/build/yolo_ros/build/lib/yolo_ros
[1.008s] copying yolo_ros/debug_node.py -> /home/amrl-linux24-04/ros2_ben/build/yolo_ros/build/lib/yolo_ros
[1.008s] copying yolo_ros/tracking_node.py -> /home/amrl-linux24-04/ros2_ben/build/yolo_ros/build/lib/yolo_ros
[1.009s] copying yolo_ros/yolo_node.py -> /home/amrl-linux24-04/ros2_ben/build/yolo_ros/build/lib/yolo_ros
[1.009s] running install
[1.015s] running install_lib
[1.034s] creating /home/amrl-linux24-04/ros2_ben/install/yolo_ros/lib/python3.12/site-packages/yolo_ros
[1.034s] copying /home/amrl-linux24-04/ros2_ben/build/yolo_ros/build/lib/yolo_ros/__init__.py -> /home/amrl-linux24-04/ros2_ben/install/yolo_ros/lib/python3.12/site-packages/yolo_ros
[1.034s] copying /home/amrl-linux24-04/ros2_ben/build/yolo_ros/build/lib/yolo_ros/detect_3d_node.py -> /home/amrl-linux24-04/ros2_ben/install/yolo_ros/lib/python3.12/site-packages/yolo_ros
[1.034s] copying /home/amrl-linux24-04/ros2_ben/build/yolo_ros/build/lib/yolo_ros/debug_node.py -> /home/amrl-linux24-04/ros2_ben/install/yolo_ros/lib/python3.12/site-packages/yolo_ros
[1.034s] copying /home/amrl-linux24-04/ros2_ben/build/yolo_ros/build/lib/yolo_ros/tracking_node.py -> /home/amrl-linux24-04/ros2_ben/install/yolo_ros/lib/python3.12/site-packages/yolo_ros
[1.034s] copying /home/amrl-linux24-04/ros2_ben/build/yolo_ros/build/lib/yolo_ros/yolo_node.py -> /home/amrl-linux24-04/ros2_ben/install/yolo_ros/lib/python3.12/site-packages/yolo_ros
[1.034s] byte-compiling /home/amrl-linux24-04/ros2_ben/install/yolo_ros/lib/python3.12/site-packages/yolo_ros/__init__.py to __init__.cpython-312.pyc
[1.035s] byte-compiling /home/amrl-linux24-04/ros2_ben/install/yolo_ros/lib/python3.12/site-packages/yolo_ros/detect_3d_node.py to detect_3d_node.cpython-312.pyc
[1.037s] byte-compiling /home/amrl-linux24-04/ros2_ben/install/yolo_ros/lib/python3.12/site-packages/yolo_ros/debug_node.py to debug_node.cpython-312.pyc
[1.040s] byte-compiling /home/amrl-linux24-04/ros2_ben/install/yolo_ros/lib/python3.12/site-packages/yolo_ros/tracking_node.py to tracking_node.cpython-312.pyc
[1.041s] byte-compiling /home/amrl-linux24-04/ros2_ben/install/yolo_ros/lib/python3.12/site-packages/yolo_ros/yolo_node.py to yolo_node.cpython-312.pyc
[1.044s] running install_data
[1.044s] creating /home/amrl-linux24-04/ros2_ben/install/yolo_ros/share/ament_index
[1.044s] creating /home/amrl-linux24-04/ros2_ben/install/yolo_ros/share/ament_index/resource_index
[1.044s] creating /home/amrl-linux24-04/ros2_ben/install/yolo_ros/share/ament_index/resource_index/packages
[1.044s] copying resource/yolo_ros -> /home/amrl-linux24-04/ros2_ben/install/yolo_ros/share/ament_index/resource_index/packages
[1.044s] copying package.xml -> /home/amrl-linux24-04/ros2_ben/install/yolo_ros/share/yolo_ros
[1.045s] running install_egg_info
[1.063s] Copying ../../../build/yolo_ros/yolo_ros.egg-info to /home/amrl-linux24-04/ros2_ben/install/yolo_ros/lib/python3.12/site-packages/yolo_ros-0.0.0-py3.12.egg-info
[1.063s] running install_scripts
[1.156s] Installing debug_node script to /home/amrl-linux24-04/ros2_ben/install/yolo_ros/lib/yolo_ros
[1.156s] Installing detect_3d_node script to /home/amrl-linux24-04/ros2_ben/install/yolo_ros/lib/yolo_ros
[1.156s] Installing tracking_node script to /home/amrl-linux24-04/ros2_ben/install/yolo_ros/lib/yolo_ros
[1.156s] Installing yolo_node script to /home/amrl-linux24-04/ros2_ben/install/yolo_ros/lib/yolo_ros
[1.156s] writing list of installed files to '/home/amrl-linux24-04/ros2_ben/build/yolo_ros/install.log'
[1.177s] Invoked command in '/home/amrl-linux24-04/ros2_ben/src/yolo_ros/yolo_ros' returned '0': CMAKE_PREFIX_PATH=/home/amrl-linux24-04/ros2_ben/install/yolo_msgs:/home/amrl-linux24-04/ros2_ben/install/yolo_bringup:/home/amrl-linux24-04/ros2_ben/install/realsense2_description:/home/amrl-linux24-04/ros2_ben/install/realsense2_camera:/home/amrl-linux24-04/ros2_ben/install/realsense2_camera_msgs:/home/amrl-linux24-04/ros2_ben/install/orbbec_description:/home/amrl-linux24-04/ros2_ben/install/orbbec_camera:/home/amrl-linux24-04/ros2_ben/install/orbbec_camera_msgs:/home/amrl-linux24-04/ros2_ben/install/igus_rebel:/home/amrl-linux24-04/ros2_ben/install/igus_rebel_msgs:/home/amrl-linux24-04/ros2_ben/install/igus_rebel_moveit_config:/home/amrl-linux24-04/ros2_ben/install/igus_rebel_description:/opt/ros/jazzy/opt/gz_sim_vendor:/opt/ros/jazzy/opt/gz_sensors_vendor:/opt/ros/jazzy/opt/gz_physics_vendor:/opt/ros/jazzy/opt/sdformat_vendor:/opt/ros/jazzy/opt/gz_gui_vendor:/opt/ros/jazzy/opt/gz_transport_vendor:/opt/ros/jazzy/opt/gz_rendering_vendor:/opt/ros/jazzy/opt/gz_plugin_vendor:/opt/ros/jazzy/opt/gz_fuel_tools_vendor:/opt/ros/jazzy/opt/gz_msgs_vendor:/opt/ros/jazzy/opt/gz_common_vendor:/opt/ros/jazzy/opt/gz_math_vendor:/opt/ros/jazzy/opt/gz_utils_vendor:/opt/ros/jazzy/opt/gz_tools_vendor:/opt/ros/jazzy/opt/gz_ogre_next_vendor:/opt/ros/jazzy/opt/gz_dartsim_vendor:/opt/ros/jazzy/opt/gz_cmake_vendor DEBUGINFOD_URLS=https://debuginfod.ubuntu.com PYTHONPATH=/home/amrl-linux24-04/ros2_ben/build/yolo_ros/prefix_override:/usr/lib/python3/dist-packages/colcon_core/task/python/colcon_distutils_commands:/home/amrl-linux24-04/ros2_ben/install/yolo_ros/lib/python3.12/site-packages:/home/amrl-linux24-04/ros2_ben/install/yolo_msgs/lib/python3.12/site-packages:/home/amrl-linux24-04/ros2_ben/build/yolo_ros:/home/amrl-linux24-04/ros2_ben/install/yolo_ros/lib/python3.12/site-packages:/home/amrl-linux24-04/ros2_ben/install/realsense2_camera_msgs/lib/python3.12/site-packages:/home/amrl-linux24-04/ros2_ben/install/orbbec_camera_msgs/lib/python3.12/site-packages:/home/amrl-linux24-04/ros2_ben/build/igusgus_launch:/home/amrl-linux24-04/ros2_ben/install/igusgus_launch/lib/python3.12/site-packages:/home/amrl-linux24-04/ros2_ben/install/igus_rebel_msgs/lib/python3.12/site-packages:/opt/ros/jazzy/lib/python3.12/site-packages /usr/bin/python3 -W ignore:setup.py install is deprecated -W ignore:easy_install command is deprecated setup.py egg_info --egg-base ../../../build/yolo_ros build --build-base /home/amrl-linux24-04/ros2_ben/build/yolo_ros/build install --record /home/amrl-linux24-04/ros2_ben/build/yolo_ros/install.log --single-version-externally-managed install_data
