[0.304s] DEBUG:colcon:Command line arguments: ['/usr/bin/colcon', 'build', '--packages-select', 'igusgus']
[0.304s] DEBUG:colcon:Parsed command line arguments: Namespace(log_base=None, log_level=None, verb_name='build', build_base='build', install_base='install', merge_install=False, symlink_install=False, test_result_base=None, continue_on_error=False, executor='parallel', parallel_workers=22, event_handlers=None, ignore_user_meta=False, metas=['./colcon.meta'], base_paths=['.'], packages_ignore=None, packages_ignore_regex=None, paths=None, packages_up_to=None, packages_up_to_regex=None, packages_above=None, packages_above_and_dependencies=None, packages_above_depth=None, packages_select_by_dep=None, packages_skip_by_dep=None, packages_skip_up_to=None, packages_select_build_failed=False, packages_skip_build_finished=False, packages_select_test_failures=False, packages_skip_test_passed=False, packages_select=['igusgus'], packages_skip=None, packages_select_regex=None, packages_skip_regex=None, packages_start=None, packages_end=None, allow_overriding=[], cmake_args=None, cmake_target=None, cmake_target_skip_unavailable=False, cmake_clean_cache=False, cmake_clean_first=False, cmake_force_configure=False, ament_cmake_args=None, catkin_cmake_args=None, catkin_skip_building_tests=False, mixin_files=None, mixin=None, verb_parser=<colcon_mixin.mixin.mixin_argument.MixinArgumentDecorator object at 0x7c4d2989e0c0>, verb_extension=<colcon_core.verb.build.BuildVerb object at 0x7c4d299b9ca0>, main=<bound method BuildVerb.main of <colcon_core.verb.build.BuildVerb object at 0x7c4d299b9ca0>>, mixin_verb=('build',))
[0.410s] Level 1:colcon.colcon_core.package_discovery:discover_packages(colcon_meta) check parameters
[0.410s] Level 1:colcon.colcon_core.package_discovery:discover_packages(recursive) check parameters
[0.410s] Level 1:colcon.colcon_core.package_discovery:discover_packages(ignore) check parameters
[0.411s] Level 1:colcon.colcon_core.package_discovery:discover_packages(path) check parameters
[0.411s] Level 1:colcon.colcon_core.package_discovery:discover_packages(colcon_meta) discover
[0.411s] Level 1:colcon.colcon_core.package_discovery:discover_packages(recursive) discover
[0.411s] INFO:colcon.colcon_core.package_discovery:Crawling recursively for packages in '/home/amrl-linux24-04/ros2_ben'
[0.411s] Level 1:colcon.colcon_core.package_identification:_identify(.) by extensions ['ignore', 'ignore_ament_install']
[0.411s] Level 1:colcon.colcon_core.package_identification:_identify(.) by extension 'ignore'
[0.412s] Level 1:colcon.colcon_core.package_identification:_identify(.) by extension 'ignore_ament_install'
[0.412s] Level 1:colcon.colcon_core.package_identification:_identify(.) by extensions ['colcon_pkg']
[0.412s] Level 1:colcon.colcon_core.package_identification:_identify(.) by extension 'colcon_pkg'
[0.412s] Level 1:colcon.colcon_core.package_identification:_identify(.) by extensions ['colcon_meta']
[0.412s] Level 1:colcon.colcon_core.package_identification:_identify(.) by extension 'colcon_meta'
[0.412s] Level 1:colcon.colcon_core.package_identification:_identify(.) by extensions ['ros']
[0.412s] Level 1:colcon.colcon_core.package_identification:_identify(.) by extension 'ros'
[0.481s] Level 1:colcon.colcon_core.package_identification:_identify(.) by extensions ['cmake', 'python']
[0.481s] Level 1:colcon.colcon_core.package_identification:_identify(.) by extension 'cmake'
[0.481s] Level 1:colcon.colcon_core.package_identification:_identify(.) by extension 'python'
[0.481s] Level 1:colcon.colcon_core.package_identification:_identify(.) by extensions ['python_setup_py']
[0.481s] Level 1:colcon.colcon_core.package_identification:_identify(.) by extension 'python_setup_py'
[0.481s] Level 1:colcon.colcon_core.package_identification:_identify(build) by extensions ['ignore', 'ignore_ament_install']
[0.482s] Level 1:colcon.colcon_core.package_identification:_identify(build) by extension 'ignore'
[0.482s] Level 1:colcon.colcon_core.package_identification:_identify(build) ignored
[0.482s] Level 1:colcon.colcon_core.package_identification:_identify(install) by extensions ['ignore', 'ignore_ament_install']
[0.482s] Level 1:colcon.colcon_core.package_identification:_identify(install) by extension 'ignore'
[0.482s] Level 1:colcon.colcon_core.package_identification:_identify(install) ignored
[0.483s] Level 1:colcon.colcon_core.package_identification:_identify(log) by extensions ['ignore', 'ignore_ament_install']
[0.483s] Level 1:colcon.colcon_core.package_identification:_identify(log) by extension 'ignore'
[0.483s] Level 1:colcon.colcon_core.package_identification:_identify(log) ignored
[0.483s] Level 1:colcon.colcon_core.package_identification:_identify(src) by extensions ['ignore', 'ignore_ament_install']
[0.483s] Level 1:colcon.colcon_core.package_identification:_identify(src) by extension 'ignore'
[0.483s] Level 1:colcon.colcon_core.package_identification:_identify(src) by extension 'ignore_ament_install'
[0.484s] Level 1:colcon.colcon_core.package_identification:_identify(src) by extensions ['colcon_pkg']
[0.484s] Level 1:colcon.colcon_core.package_identification:_identify(src) by extension 'colcon_pkg'
[0.484s] Level 1:colcon.colcon_core.package_identification:_identify(src) by extensions ['colcon_meta']
[0.484s] Level 1:colcon.colcon_core.package_identification:_identify(src) by extension 'colcon_meta'
[0.484s] Level 1:colcon.colcon_core.package_identification:_identify(src) by extensions ['ros']
[0.484s] Level 1:colcon.colcon_core.package_identification:_identify(src) by extension 'ros'
[0.484s] Level 1:colcon.colcon_core.package_identification:_identify(src) by extensions ['cmake', 'python']
[0.484s] Level 1:colcon.colcon_core.package_identification:_identify(src) by extension 'cmake'
[0.484s] Level 1:colcon.colcon_core.package_identification:_identify(src) by extension 'python'
[0.484s] Level 1:colcon.colcon_core.package_identification:_identify(src) by extensions ['python_setup_py']
[0.484s] Level 1:colcon.colcon_core.package_identification:_identify(src) by extension 'python_setup_py'
[0.484s] Level 1:colcon.colcon_core.package_identification:_identify(src/Log) by extensions ['ignore', 'ignore_ament_install']
[0.485s] Level 1:colcon.colcon_core.package_identification:_identify(src/Log) by extension 'ignore'
[0.485s] Level 1:colcon.colcon_core.package_identification:_identify(src/Log) by extension 'ignore_ament_install'
[0.485s] Level 1:colcon.colcon_core.package_identification:_identify(src/Log) by extensions ['colcon_pkg']
[0.485s] Level 1:colcon.colcon_core.package_identification:_identify(src/Log) by extension 'colcon_pkg'
[0.485s] Level 1:colcon.colcon_core.package_identification:_identify(src/Log) by extensions ['colcon_meta']
[0.485s] Level 1:colcon.colcon_core.package_identification:_identify(src/Log) by extension 'colcon_meta'
[0.485s] Level 1:colcon.colcon_core.package_identification:_identify(src/Log) by extensions ['ros']
[0.485s] Level 1:colcon.colcon_core.package_identification:_identify(src/Log) by extension 'ros'
[0.485s] Level 1:colcon.colcon_core.package_identification:_identify(src/Log) by extensions ['cmake', 'python']
[0.486s] Level 1:colcon.colcon_core.package_identification:_identify(src/Log) by extension 'cmake'
[0.486s] Level 1:colcon.colcon_core.package_identification:_identify(src/Log) by extension 'python'
[0.486s] Level 1:colcon.colcon_core.package_identification:_identify(src/Log) by extensions ['python_setup_py']
[0.486s] Level 1:colcon.colcon_core.package_identification:_identify(src/Log) by extension 'python_setup_py'
[0.486s] Level 1:colcon.colcon_core.package_identification:_identify(src/igus_rebel_ros2) by extensions ['ignore', 'ignore_ament_install']
[0.486s] Level 1:colcon.colcon_core.package_identification:_identify(src/igus_rebel_ros2) by extension 'ignore'
[0.486s] Level 1:colcon.colcon_core.package_identification:_identify(src/igus_rebel_ros2) by extension 'ignore_ament_install'
[0.486s] Level 1:colcon.colcon_core.package_identification:_identify(src/igus_rebel_ros2) by extensions ['colcon_pkg']
[0.486s] Level 1:colcon.colcon_core.package_identification:_identify(src/igus_rebel_ros2) by extension 'colcon_pkg'
[0.487s] Level 1:colcon.colcon_core.package_identification:_identify(src/igus_rebel_ros2) by extensions ['colcon_meta']
[0.487s] Level 1:colcon.colcon_core.package_identification:_identify(src/igus_rebel_ros2) by extension 'colcon_meta'
[0.487s] Level 1:colcon.colcon_core.package_identification:_identify(src/igus_rebel_ros2) by extensions ['ros']
[0.487s] Level 1:colcon.colcon_core.package_identification:_identify(src/igus_rebel_ros2) by extension 'ros'
[0.487s] Level 1:colcon.colcon_core.package_identification:_identify(src/igus_rebel_ros2) by extensions ['cmake', 'python']
[0.487s] Level 1:colcon.colcon_core.package_identification:_identify(src/igus_rebel_ros2) by extension 'cmake'
[0.487s] Level 1:colcon.colcon_core.package_identification:_identify(src/igus_rebel_ros2) by extension 'python'
[0.487s] Level 1:colcon.colcon_core.package_identification:_identify(src/igus_rebel_ros2) by extensions ['python_setup_py']
[0.487s] Level 1:colcon.colcon_core.package_identification:_identify(src/igus_rebel_ros2) by extension 'python_setup_py'
[0.487s] Level 1:colcon.colcon_core.package_identification:_identify(src/igus_rebel_ros2/src) by extensions ['ignore', 'ignore_ament_install']
[0.487s] Level 1:colcon.colcon_core.package_identification:_identify(src/igus_rebel_ros2/src) by extension 'ignore'
[0.488s] Level 1:colcon.colcon_core.package_identification:_identify(src/igus_rebel_ros2/src) by extension 'ignore_ament_install'
[0.488s] Level 1:colcon.colcon_core.package_identification:_identify(src/igus_rebel_ros2/src) by extensions ['colcon_pkg']
[0.488s] Level 1:colcon.colcon_core.package_identification:_identify(src/igus_rebel_ros2/src) by extension 'colcon_pkg'
[0.488s] Level 1:colcon.colcon_core.package_identification:_identify(src/igus_rebel_ros2/src) by extensions ['colcon_meta']
[0.488s] Level 1:colcon.colcon_core.package_identification:_identify(src/igus_rebel_ros2/src) by extension 'colcon_meta'
[0.488s] Level 1:colcon.colcon_core.package_identification:_identify(src/igus_rebel_ros2/src) by extensions ['ros']
[0.488s] Level 1:colcon.colcon_core.package_identification:_identify(src/igus_rebel_ros2/src) by extension 'ros'
[0.488s] Level 1:colcon.colcon_core.package_identification:_identify(src/igus_rebel_ros2/src) by extensions ['cmake', 'python']
[0.488s] Level 1:colcon.colcon_core.package_identification:_identify(src/igus_rebel_ros2/src) by extension 'cmake'
[0.488s] Level 1:colcon.colcon_core.package_identification:_identify(src/igus_rebel_ros2/src) by extension 'python'
[0.488s] Level 1:colcon.colcon_core.package_identification:_identify(src/igus_rebel_ros2/src) by extensions ['python_setup_py']
[0.489s] Level 1:colcon.colcon_core.package_identification:_identify(src/igus_rebel_ros2/src) by extension 'python_setup_py'
[0.489s] Level 1:colcon.colcon_core.package_identification:_identify(src/igus_rebel_ros2/src/doc) by extensions ['ignore', 'ignore_ament_install']
[0.489s] Level 1:colcon.colcon_core.package_identification:_identify(src/igus_rebel_ros2/src/doc) by extension 'ignore'
[0.489s] Level 1:colcon.colcon_core.package_identification:_identify(src/igus_rebel_ros2/src/doc) by extension 'ignore_ament_install'
[0.489s] Level 1:colcon.colcon_core.package_identification:_identify(src/igus_rebel_ros2/src/doc) by extensions ['colcon_pkg']
[0.489s] Level 1:colcon.colcon_core.package_identification:_identify(src/igus_rebel_ros2/src/doc) by extension 'colcon_pkg'
[0.489s] Level 1:colcon.colcon_core.package_identification:_identify(src/igus_rebel_ros2/src/doc) by extensions ['colcon_meta']
[0.489s] Level 1:colcon.colcon_core.package_identification:_identify(src/igus_rebel_ros2/src/doc) by extension 'colcon_meta'
[0.489s] Level 1:colcon.colcon_core.package_identification:_identify(src/igus_rebel_ros2/src/doc) by extensions ['ros']
[0.489s] Level 1:colcon.colcon_core.package_identification:_identify(src/igus_rebel_ros2/src/doc) by extension 'ros'
[0.490s] Level 1:colcon.colcon_core.package_identification:_identify(src/igus_rebel_ros2/src/doc) by extensions ['cmake', 'python']
[0.490s] Level 1:colcon.colcon_core.package_identification:_identify(src/igus_rebel_ros2/src/doc) by extension 'cmake'
[0.490s] Level 1:colcon.colcon_core.package_identification:_identify(src/igus_rebel_ros2/src/doc) by extension 'python'
[0.490s] Level 1:colcon.colcon_core.package_identification:_identify(src/igus_rebel_ros2/src/doc) by extensions ['python_setup_py']
[0.490s] Level 1:colcon.colcon_core.package_identification:_identify(src/igus_rebel_ros2/src/doc) by extension 'python_setup_py'
[0.490s] Level 1:colcon.colcon_core.package_identification:_identify(src/igus_rebel_ros2/src/doc/img) by extensions ['ignore', 'ignore_ament_install']
[0.490s] Level 1:colcon.colcon_core.package_identification:_identify(src/igus_rebel_ros2/src/doc/img) by extension 'ignore'
[0.490s] Level 1:colcon.colcon_core.package_identification:_identify(src/igus_rebel_ros2/src/doc/img) by extension 'ignore_ament_install'
[0.491s] Level 1:colcon.colcon_core.package_identification:_identify(src/igus_rebel_ros2/src/doc/img) by extensions ['colcon_pkg']
[0.491s] Level 1:colcon.colcon_core.package_identification:_identify(src/igus_rebel_ros2/src/doc/img) by extension 'colcon_pkg'
[0.491s] Level 1:colcon.colcon_core.package_identification:_identify(src/igus_rebel_ros2/src/doc/img) by extensions ['colcon_meta']
[0.491s] Level 1:colcon.colcon_core.package_identification:_identify(src/igus_rebel_ros2/src/doc/img) by extension 'colcon_meta'
[0.491s] Level 1:colcon.colcon_core.package_identification:_identify(src/igus_rebel_ros2/src/doc/img) by extensions ['ros']
[0.491s] Level 1:colcon.colcon_core.package_identification:_identify(src/igus_rebel_ros2/src/doc/img) by extension 'ros'
[0.491s] Level 1:colcon.colcon_core.package_identification:_identify(src/igus_rebel_ros2/src/doc/img) by extensions ['cmake', 'python']
[0.491s] Level 1:colcon.colcon_core.package_identification:_identify(src/igus_rebel_ros2/src/doc/img) by extension 'cmake'
[0.491s] Level 1:colcon.colcon_core.package_identification:_identify(src/igus_rebel_ros2/src/doc/img) by extension 'python'
[0.491s] Level 1:colcon.colcon_core.package_identification:_identify(src/igus_rebel_ros2/src/doc/img) by extensions ['python_setup_py']
[0.491s] Level 1:colcon.colcon_core.package_identification:_identify(src/igus_rebel_ros2/src/doc/img) by extension 'python_setup_py'
[0.492s] Level 1:colcon.colcon_core.package_identification:_identify(src/igus_rebel_ros2/src/igus_rebel) by extensions ['ignore', 'ignore_ament_install']
[0.492s] Level 1:colcon.colcon_core.package_identification:_identify(src/igus_rebel_ros2/src/igus_rebel) by extension 'ignore'
[0.492s] Level 1:colcon.colcon_core.package_identification:_identify(src/igus_rebel_ros2/src/igus_rebel) by extension 'ignore_ament_install'
[0.492s] Level 1:colcon.colcon_core.package_identification:_identify(src/igus_rebel_ros2/src/igus_rebel) by extensions ['colcon_pkg']
[0.492s] Level 1:colcon.colcon_core.package_identification:_identify(src/igus_rebel_ros2/src/igus_rebel) by extension 'colcon_pkg'
[0.492s] Level 1:colcon.colcon_core.package_identification:_identify(src/igus_rebel_ros2/src/igus_rebel) by extensions ['colcon_meta']
[0.492s] Level 1:colcon.colcon_core.package_identification:_identify(src/igus_rebel_ros2/src/igus_rebel) by extension 'colcon_meta'
[0.492s] Level 1:colcon.colcon_core.package_identification:_identify(src/igus_rebel_ros2/src/igus_rebel) by extensions ['ros']
[0.492s] Level 1:colcon.colcon_core.package_identification:_identify(src/igus_rebel_ros2/src/igus_rebel) by extension 'ros'
[0.499s] DEBUG:colcon.colcon_core.package_identification:Package 'src/igus_rebel_ros2/src/igus_rebel' with type 'ros.ament_cmake' and name 'igus_rebel'
[0.500s] Level 1:colcon.colcon_core.package_identification:_identify(src/igus_rebel_ros2/src/igus_rebel_description) by extensions ['ignore', 'ignore_ament_install']
[0.500s] Level 1:colcon.colcon_core.package_identification:_identify(src/igus_rebel_ros2/src/igus_rebel_description) by extension 'ignore'
[0.500s] Level 1:colcon.colcon_core.package_identification:_identify(src/igus_rebel_ros2/src/igus_rebel_description) by extension 'ignore_ament_install'
[0.500s] Level 1:colcon.colcon_core.package_identification:_identify(src/igus_rebel_ros2/src/igus_rebel_description) by extensions ['colcon_pkg']
[0.500s] Level 1:colcon.colcon_core.package_identification:_identify(src/igus_rebel_ros2/src/igus_rebel_description) by extension 'colcon_pkg'
[0.501s] Level 1:colcon.colcon_core.package_identification:_identify(src/igus_rebel_ros2/src/igus_rebel_description) by extensions ['colcon_meta']
[0.501s] Level 1:colcon.colcon_core.package_identification:_identify(src/igus_rebel_ros2/src/igus_rebel_description) by extension 'colcon_meta'
[0.501s] Level 1:colcon.colcon_core.package_identification:_identify(src/igus_rebel_ros2/src/igus_rebel_description) by extensions ['ros']
[0.501s] Level 1:colcon.colcon_core.package_identification:_identify(src/igus_rebel_ros2/src/igus_rebel_description) by extension 'ros'
[0.503s] DEBUG:colcon.colcon_core.package_identification:Package 'src/igus_rebel_ros2/src/igus_rebel_description' with type 'ros.ament_cmake' and name 'igus_rebel_description'
[0.503s] Level 1:colcon.colcon_core.package_identification:_identify(src/igus_rebel_ros2/src/igus_rebel_moveit_config) by extensions ['ignore', 'ignore_ament_install']
[0.504s] Level 1:colcon.colcon_core.package_identification:_identify(src/igus_rebel_ros2/src/igus_rebel_moveit_config) by extension 'ignore'
[0.504s] Level 1:colcon.colcon_core.package_identification:_identify(src/igus_rebel_ros2/src/igus_rebel_moveit_config) by extension 'ignore_ament_install'
[0.504s] Level 1:colcon.colcon_core.package_identification:_identify(src/igus_rebel_ros2/src/igus_rebel_moveit_config) by extensions ['colcon_pkg']
[0.504s] Level 1:colcon.colcon_core.package_identification:_identify(src/igus_rebel_ros2/src/igus_rebel_moveit_config) by extension 'colcon_pkg'
[0.504s] Level 1:colcon.colcon_core.package_identification:_identify(src/igus_rebel_ros2/src/igus_rebel_moveit_config) by extensions ['colcon_meta']
[0.504s] Level 1:colcon.colcon_core.package_identification:_identify(src/igus_rebel_ros2/src/igus_rebel_moveit_config) by extension 'colcon_meta'
[0.504s] Level 1:colcon.colcon_core.package_identification:_identify(src/igus_rebel_ros2/src/igus_rebel_moveit_config) by extensions ['ros']
[0.504s] Level 1:colcon.colcon_core.package_identification:_identify(src/igus_rebel_ros2/src/igus_rebel_moveit_config) by extension 'ros'
[0.506s] DEBUG:colcon.colcon_core.package_identification:Package 'src/igus_rebel_ros2/src/igus_rebel_moveit_config' with type 'ros.ament_cmake' and name 'igus_rebel_moveit_config'
[0.506s] Level 1:colcon.colcon_core.package_identification:_identify(src/igus_rebel_ros2/src/igus_rebel_msgs) by extensions ['ignore', 'ignore_ament_install']
[0.506s] Level 1:colcon.colcon_core.package_identification:_identify(src/igus_rebel_ros2/src/igus_rebel_msgs) by extension 'ignore'
[0.507s] Level 1:colcon.colcon_core.package_identification:_identify(src/igus_rebel_ros2/src/igus_rebel_msgs) by extension 'ignore_ament_install'
[0.507s] Level 1:colcon.colcon_core.package_identification:_identify(src/igus_rebel_ros2/src/igus_rebel_msgs) by extensions ['colcon_pkg']
[0.507s] Level 1:colcon.colcon_core.package_identification:_identify(src/igus_rebel_ros2/src/igus_rebel_msgs) by extension 'colcon_pkg'
[0.507s] Level 1:colcon.colcon_core.package_identification:_identify(src/igus_rebel_ros2/src/igus_rebel_msgs) by extensions ['colcon_meta']
[0.507s] Level 1:colcon.colcon_core.package_identification:_identify(src/igus_rebel_ros2/src/igus_rebel_msgs) by extension 'colcon_meta'
[0.507s] Level 1:colcon.colcon_core.package_identification:_identify(src/igus_rebel_ros2/src/igus_rebel_msgs) by extensions ['ros']
[0.507s] Level 1:colcon.colcon_core.package_identification:_identify(src/igus_rebel_ros2/src/igus_rebel_msgs) by extension 'ros'
[0.508s] DEBUG:colcon.colcon_core.package_identification:Package 'src/igus_rebel_ros2/src/igus_rebel_msgs' with type 'ros.ament_cmake' and name 'igus_rebel_msgs'
[0.509s] Level 1:colcon.colcon_core.package_identification:_identify(src/igusgus) by extensions ['ignore', 'ignore_ament_install']
[0.509s] Level 1:colcon.colcon_core.package_identification:_identify(src/igusgus) by extension 'ignore'
[0.509s] Level 1:colcon.colcon_core.package_identification:_identify(src/igusgus) by extension 'ignore_ament_install'
[0.509s] Level 1:colcon.colcon_core.package_identification:_identify(src/igusgus) by extensions ['colcon_pkg']
[0.509s] Level 1:colcon.colcon_core.package_identification:_identify(src/igusgus) by extension 'colcon_pkg'
[0.509s] Level 1:colcon.colcon_core.package_identification:_identify(src/igusgus) by extensions ['colcon_meta']
[0.509s] Level 1:colcon.colcon_core.package_identification:_identify(src/igusgus) by extension 'colcon_meta'
[0.509s] Level 1:colcon.colcon_core.package_identification:_identify(src/igusgus) by extensions ['ros']
[0.509s] Level 1:colcon.colcon_core.package_identification:_identify(src/igusgus) by extension 'ros'
[0.510s] DEBUG:colcon.colcon_core.package_identification:Package 'src/igusgus' with type 'ros.ament_python' and name 'igusgus'
[0.511s] Level 1:colcon.colcon_core.package_identification:_identify(src/realsense-ros) by extensions ['ignore', 'ignore_ament_install']
[0.511s] Level 1:colcon.colcon_core.package_identification:_identify(src/realsense-ros) by extension 'ignore'
[0.511s] Level 1:colcon.colcon_core.package_identification:_identify(src/realsense-ros) by extension 'ignore_ament_install'
[0.511s] Level 1:colcon.colcon_core.package_identification:_identify(src/realsense-ros) by extensions ['colcon_pkg']
[0.511s] Level 1:colcon.colcon_core.package_identification:_identify(src/realsense-ros) by extension 'colcon_pkg'
[0.511s] Level 1:colcon.colcon_core.package_identification:_identify(src/realsense-ros) by extensions ['colcon_meta']
[0.511s] Level 1:colcon.colcon_core.package_identification:_identify(src/realsense-ros) by extension 'colcon_meta'
[0.511s] Level 1:colcon.colcon_core.package_identification:_identify(src/realsense-ros) by extensions ['ros']
[0.511s] Level 1:colcon.colcon_core.package_identification:_identify(src/realsense-ros) by extension 'ros'
[0.512s] Level 1:colcon.colcon_core.package_identification:_identify(src/realsense-ros) by extensions ['cmake', 'python']
[0.512s] Level 1:colcon.colcon_core.package_identification:_identify(src/realsense-ros) by extension 'cmake'
[0.512s] Level 1:colcon.colcon_core.package_identification:_identify(src/realsense-ros) by extension 'python'
[0.512s] Level 1:colcon.colcon_core.package_identification:_identify(src/realsense-ros) by extensions ['python_setup_py']
[0.512s] Level 1:colcon.colcon_core.package_identification:_identify(src/realsense-ros) by extension 'python_setup_py'
[0.512s] Level 1:colcon.colcon_core.package_identification:_identify(src/realsense-ros/realsense2_camera) by extensions ['ignore', 'ignore_ament_install']
[0.512s] Level 1:colcon.colcon_core.package_identification:_identify(src/realsense-ros/realsense2_camera) by extension 'ignore'
[0.512s] Level 1:colcon.colcon_core.package_identification:_identify(src/realsense-ros/realsense2_camera) by extension 'ignore_ament_install'
[0.512s] Level 1:colcon.colcon_core.package_identification:_identify(src/realsense-ros/realsense2_camera) by extensions ['colcon_pkg']
[0.512s] Level 1:colcon.colcon_core.package_identification:_identify(src/realsense-ros/realsense2_camera) by extension 'colcon_pkg'
[0.513s] Level 1:colcon.colcon_core.package_identification:_identify(src/realsense-ros/realsense2_camera) by extensions ['colcon_meta']
[0.513s] Level 1:colcon.colcon_core.package_identification:_identify(src/realsense-ros/realsense2_camera) by extension 'colcon_meta'
[0.513s] Level 1:colcon.colcon_core.package_identification:_identify(src/realsense-ros/realsense2_camera) by extensions ['ros']
[0.513s] Level 1:colcon.colcon_core.package_identification:_identify(src/realsense-ros/realsense2_camera) by extension 'ros'
[0.530s] DEBUG:colcon.colcon_core.package_identification:Package 'src/realsense-ros/realsense2_camera' with type 'ros.ament_cmake' and name 'realsense2_camera'
[0.530s] Level 1:colcon.colcon_core.package_identification:_identify(src/realsense-ros/realsense2_camera_msgs) by extensions ['ignore', 'ignore_ament_install']
[0.530s] Level 1:colcon.colcon_core.package_identification:_identify(src/realsense-ros/realsense2_camera_msgs) by extension 'ignore'
[0.530s] Level 1:colcon.colcon_core.package_identification:_identify(src/realsense-ros/realsense2_camera_msgs) by extension 'ignore_ament_install'
[0.531s] Level 1:colcon.colcon_core.package_identification:_identify(src/realsense-ros/realsense2_camera_msgs) by extensions ['colcon_pkg']
[0.531s] Level 1:colcon.colcon_core.package_identification:_identify(src/realsense-ros/realsense2_camera_msgs) by extension 'colcon_pkg'
[0.531s] Level 1:colcon.colcon_core.package_identification:_identify(src/realsense-ros/realsense2_camera_msgs) by extensions ['colcon_meta']
[0.531s] Level 1:colcon.colcon_core.package_identification:_identify(src/realsense-ros/realsense2_camera_msgs) by extension 'colcon_meta'
[0.531s] Level 1:colcon.colcon_core.package_identification:_identify(src/realsense-ros/realsense2_camera_msgs) by extensions ['ros']
[0.531s] Level 1:colcon.colcon_core.package_identification:_identify(src/realsense-ros/realsense2_camera_msgs) by extension 'ros'
[0.532s] DEBUG:colcon.colcon_core.package_identification:Package 'src/realsense-ros/realsense2_camera_msgs' with type 'ros.ament_cmake' and name 'realsense2_camera_msgs'
[0.533s] Level 1:colcon.colcon_core.package_identification:_identify(src/realsense-ros/realsense2_description) by extensions ['ignore', 'ignore_ament_install']
[0.533s] Level 1:colcon.colcon_core.package_identification:_identify(src/realsense-ros/realsense2_description) by extension 'ignore'
[0.533s] Level 1:colcon.colcon_core.package_identification:_identify(src/realsense-ros/realsense2_description) by extension 'ignore_ament_install'
[0.533s] Level 1:colcon.colcon_core.package_identification:_identify(src/realsense-ros/realsense2_description) by extensions ['colcon_pkg']
[0.533s] Level 1:colcon.colcon_core.package_identification:_identify(src/realsense-ros/realsense2_description) by extension 'colcon_pkg'
[0.533s] Level 1:colcon.colcon_core.package_identification:_identify(src/realsense-ros/realsense2_description) by extensions ['colcon_meta']
[0.533s] Level 1:colcon.colcon_core.package_identification:_identify(src/realsense-ros/realsense2_description) by extension 'colcon_meta'
[0.533s] Level 1:colcon.colcon_core.package_identification:_identify(src/realsense-ros/realsense2_description) by extensions ['ros']
[0.533s] Level 1:colcon.colcon_core.package_identification:_identify(src/realsense-ros/realsense2_description) by extension 'ros'
[0.535s] DEBUG:colcon.colcon_core.package_identification:Package 'src/realsense-ros/realsense2_description' with type 'ros.ament_cmake' and name 'realsense2_description'
[0.535s] Level 1:colcon.colcon_core.package_identification:_identify(src/realsense-ros/scripts) by extensions ['ignore', 'ignore_ament_install']
[0.535s] Level 1:colcon.colcon_core.package_identification:_identify(src/realsense-ros/scripts) by extension 'ignore'
[0.535s] Level 1:colcon.colcon_core.package_identification:_identify(src/realsense-ros/scripts) by extension 'ignore_ament_install'
[0.536s] Level 1:colcon.colcon_core.package_identification:_identify(src/realsense-ros/scripts) by extensions ['colcon_pkg']
[0.536s] Level 1:colcon.colcon_core.package_identification:_identify(src/realsense-ros/scripts) by extension 'colcon_pkg'
[0.536s] Level 1:colcon.colcon_core.package_identification:_identify(src/realsense-ros/scripts) by extensions ['colcon_meta']
[0.536s] Level 1:colcon.colcon_core.package_identification:_identify(src/realsense-ros/scripts) by extension 'colcon_meta'
[0.536s] Level 1:colcon.colcon_core.package_identification:_identify(src/realsense-ros/scripts) by extensions ['ros']
[0.536s] Level 1:colcon.colcon_core.package_identification:_identify(src/realsense-ros/scripts) by extension 'ros'
[0.536s] Level 1:colcon.colcon_core.package_identification:_identify(src/realsense-ros/scripts) by extensions ['cmake', 'python']
[0.536s] Level 1:colcon.colcon_core.package_identification:_identify(src/realsense-ros/scripts) by extension 'cmake'
[0.536s] Level 1:colcon.colcon_core.package_identification:_identify(src/realsense-ros/scripts) by extension 'python'
[0.536s] Level 1:colcon.colcon_core.package_identification:_identify(src/realsense-ros/scripts) by extensions ['python_setup_py']
[0.536s] Level 1:colcon.colcon_core.package_identification:_identify(src/realsense-ros/scripts) by extension 'python_setup_py'
[0.537s] Level 1:colcon.colcon_core.package_identification:_identify(src/yolo_ros) by extensions ['ignore', 'ignore_ament_install']
[0.537s] Level 1:colcon.colcon_core.package_identification:_identify(src/yolo_ros) by extension 'ignore'
[0.537s] Level 1:colcon.colcon_core.package_identification:_identify(src/yolo_ros) by extension 'ignore_ament_install'
[0.537s] Level 1:colcon.colcon_core.package_identification:_identify(src/yolo_ros) by extensions ['colcon_pkg']
[0.537s] Level 1:colcon.colcon_core.package_identification:_identify(src/yolo_ros) by extension 'colcon_pkg'
[0.537s] Level 1:colcon.colcon_core.package_identification:_identify(src/yolo_ros) by extensions ['colcon_meta']
[0.537s] Level 1:colcon.colcon_core.package_identification:_identify(src/yolo_ros) by extension 'colcon_meta'
[0.537s] Level 1:colcon.colcon_core.package_identification:_identify(src/yolo_ros) by extensions ['ros']
[0.537s] Level 1:colcon.colcon_core.package_identification:_identify(src/yolo_ros) by extension 'ros'
[0.537s] Level 1:colcon.colcon_core.package_identification:_identify(src/yolo_ros) by extensions ['cmake', 'python']
[0.537s] Level 1:colcon.colcon_core.package_identification:_identify(src/yolo_ros) by extension 'cmake'
[0.537s] Level 1:colcon.colcon_core.package_identification:_identify(src/yolo_ros) by extension 'python'
[0.538s] Level 1:colcon.colcon_core.package_identification:_identify(src/yolo_ros) by extensions ['python_setup_py']
[0.538s] Level 1:colcon.colcon_core.package_identification:_identify(src/yolo_ros) by extension 'python_setup_py'
[0.538s] Level 1:colcon.colcon_core.package_identification:_identify(src/yolo_ros/docs) by extensions ['ignore', 'ignore_ament_install']
[0.538s] Level 1:colcon.colcon_core.package_identification:_identify(src/yolo_ros/docs) by extension 'ignore'
[0.538s] Level 1:colcon.colcon_core.package_identification:_identify(src/yolo_ros/docs) by extension 'ignore_ament_install'
[0.538s] Level 1:colcon.colcon_core.package_identification:_identify(src/yolo_ros/docs) by extensions ['colcon_pkg']
[0.538s] Level 1:colcon.colcon_core.package_identification:_identify(src/yolo_ros/docs) by extension 'colcon_pkg'
[0.538s] Level 1:colcon.colcon_core.package_identification:_identify(src/yolo_ros/docs) by extensions ['colcon_meta']
[0.538s] Level 1:colcon.colcon_core.package_identification:_identify(src/yolo_ros/docs) by extension 'colcon_meta'
[0.538s] Level 1:colcon.colcon_core.package_identification:_identify(src/yolo_ros/docs) by extensions ['ros']
[0.539s] Level 1:colcon.colcon_core.package_identification:_identify(src/yolo_ros/docs) by extension 'ros'
[0.539s] Level 1:colcon.colcon_core.package_identification:_identify(src/yolo_ros/docs) by extensions ['cmake', 'python']
[0.539s] Level 1:colcon.colcon_core.package_identification:_identify(src/yolo_ros/docs) by extension 'cmake'
[0.539s] Level 1:colcon.colcon_core.package_identification:_identify(src/yolo_ros/docs) by extension 'python'
[0.539s] Level 1:colcon.colcon_core.package_identification:_identify(src/yolo_ros/docs) by extensions ['python_setup_py']
[0.539s] Level 1:colcon.colcon_core.package_identification:_identify(src/yolo_ros/docs) by extension 'python_setup_py'
[0.539s] Level 1:colcon.colcon_core.package_identification:_identify(src/yolo_ros/yolo_bringup) by extensions ['ignore', 'ignore_ament_install']
[0.539s] Level 1:colcon.colcon_core.package_identification:_identify(src/yolo_ros/yolo_bringup) by extension 'ignore'
[0.539s] Level 1:colcon.colcon_core.package_identification:_identify(src/yolo_ros/yolo_bringup) by extension 'ignore_ament_install'
[0.540s] Level 1:colcon.colcon_core.package_identification:_identify(src/yolo_ros/yolo_bringup) by extensions ['colcon_pkg']
[0.540s] Level 1:colcon.colcon_core.package_identification:_identify(src/yolo_ros/yolo_bringup) by extension 'colcon_pkg'
[0.540s] Level 1:colcon.colcon_core.package_identification:_identify(src/yolo_ros/yolo_bringup) by extensions ['colcon_meta']
[0.540s] Level 1:colcon.colcon_core.package_identification:_identify(src/yolo_ros/yolo_bringup) by extension 'colcon_meta'
[0.540s] Level 1:colcon.colcon_core.package_identification:_identify(src/yolo_ros/yolo_bringup) by extensions ['ros']
[0.540s] Level 1:colcon.colcon_core.package_identification:_identify(src/yolo_ros/yolo_bringup) by extension 'ros'
[0.541s] DEBUG:colcon.colcon_core.package_identification:Package 'src/yolo_ros/yolo_bringup' with type 'ros.ament_cmake' and name 'yolo_bringup'
[0.541s] Level 1:colcon.colcon_core.package_identification:_identify(src/yolo_ros/yolo_msgs) by extensions ['ignore', 'ignore_ament_install']
[0.541s] Level 1:colcon.colcon_core.package_identification:_identify(src/yolo_ros/yolo_msgs) by extension 'ignore'
[0.542s] Level 1:colcon.colcon_core.package_identification:_identify(src/yolo_ros/yolo_msgs) by extension 'ignore_ament_install'
[0.542s] Level 1:colcon.colcon_core.package_identification:_identify(src/yolo_ros/yolo_msgs) by extensions ['colcon_pkg']
[0.542s] Level 1:colcon.colcon_core.package_identification:_identify(src/yolo_ros/yolo_msgs) by extension 'colcon_pkg'
[0.542s] Level 1:colcon.colcon_core.package_identification:_identify(src/yolo_ros/yolo_msgs) by extensions ['colcon_meta']
[0.542s] Level 1:colcon.colcon_core.package_identification:_identify(src/yolo_ros/yolo_msgs) by extension 'colcon_meta'
[0.542s] Level 1:colcon.colcon_core.package_identification:_identify(src/yolo_ros/yolo_msgs) by extensions ['ros']
[0.542s] Level 1:colcon.colcon_core.package_identification:_identify(src/yolo_ros/yolo_msgs) by extension 'ros'
[0.543s] DEBUG:colcon.colcon_core.package_identification:Package 'src/yolo_ros/yolo_msgs' with type 'ros.ament_cmake' and name 'yolo_msgs'
[0.543s] Level 1:colcon.colcon_core.package_identification:_identify(src/yolo_ros/yolo_ros) by extensions ['ignore', 'ignore_ament_install']
[0.544s] Level 1:colcon.colcon_core.package_identification:_identify(src/yolo_ros/yolo_ros) by extension 'ignore'
[0.544s] Level 1:colcon.colcon_core.package_identification:_identify(src/yolo_ros/yolo_ros) by extension 'ignore_ament_install'
[0.544s] Level 1:colcon.colcon_core.package_identification:_identify(src/yolo_ros/yolo_ros) by extensions ['colcon_pkg']
[0.544s] Level 1:colcon.colcon_core.package_identification:_identify(src/yolo_ros/yolo_ros) by extension 'colcon_pkg'
[0.544s] Level 1:colcon.colcon_core.package_identification:_identify(src/yolo_ros/yolo_ros) by extensions ['colcon_meta']
[0.544s] Level 1:colcon.colcon_core.package_identification:_identify(src/yolo_ros/yolo_ros) by extension 'colcon_meta'
[0.544s] Level 1:colcon.colcon_core.package_identification:_identify(src/yolo_ros/yolo_ros) by extensions ['ros']
[0.544s] Level 1:colcon.colcon_core.package_identification:_identify(src/yolo_ros/yolo_ros) by extension 'ros'
[0.546s] DEBUG:colcon.colcon_core.package_identification:Package 'src/yolo_ros/yolo_ros' with type 'ros.ament_python' and name 'yolo_ros'
[0.546s] Level 1:colcon.colcon_core.package_discovery:discover_packages(recursive) using defaults
[0.546s] Level 1:colcon.colcon_core.package_discovery:discover_packages(ignore) discover
[0.546s] Level 1:colcon.colcon_core.package_discovery:discover_packages(ignore) using defaults
[0.546s] Level 1:colcon.colcon_core.package_discovery:discover_packages(path) discover
[0.546s] Level 1:colcon.colcon_core.package_discovery:discover_packages(path) using defaults
[0.596s] INFO:colcon.colcon_core.package_selection:Skipping not selected package 'igus_rebel_description' in 'src/igus_rebel_ros2/src/igus_rebel_description'
[0.596s] INFO:colcon.colcon_core.package_selection:Skipping not selected package 'igus_rebel_msgs' in 'src/igus_rebel_ros2/src/igus_rebel_msgs'
[0.596s] INFO:colcon.colcon_core.package_selection:Skipping not selected package 'realsense2_camera_msgs' in 'src/realsense-ros/realsense2_camera_msgs'
[0.596s] INFO:colcon.colcon_core.package_selection:Skipping not selected package 'yolo_msgs' in 'src/yolo_ros/yolo_msgs'
[0.596s] INFO:colcon.colcon_core.package_selection:Skipping not selected package 'igus_rebel' in 'src/igus_rebel_ros2/src/igus_rebel'
[0.597s] INFO:colcon.colcon_core.package_selection:Skipping not selected package 'igus_rebel_moveit_config' in 'src/igus_rebel_ros2/src/igus_rebel_moveit_config'
[0.597s] INFO:colcon.colcon_core.package_selection:Skipping not selected package 'realsense2_camera' in 'src/realsense-ros/realsense2_camera'
[0.597s] INFO:colcon.colcon_core.package_selection:Skipping not selected package 'realsense2_description' in 'src/realsense-ros/realsense2_description'
[0.597s] INFO:colcon.colcon_core.package_selection:Skipping not selected package 'yolo_ros' in 'src/yolo_ros/yolo_ros'
[0.597s] INFO:colcon.colcon_core.package_selection:Skipping not selected package 'yolo_bringup' in 'src/yolo_ros/yolo_bringup'
[0.597s] Level 1:colcon.colcon_core.package_discovery:discover_packages(prefix_path) check parameters
[0.598s] Level 1:colcon.colcon_core.package_discovery:discover_packages(prefix_path) discover
[0.603s] DEBUG:colcon.colcon_installed_package_information.package_discovery:Found 11 installed packages in /home/amrl-linux24-04/ros2_ben/install
[0.607s] DEBUG:colcon.colcon_installed_package_information.package_discovery:Found 385 installed packages in /opt/ros/jazzy
[0.609s] Level 1:colcon.colcon_core.package_discovery:discover_packages(prefix_path) using defaults
[0.727s] Level 5:colcon.colcon_core.verb:set package 'igusgus' build argument 'cmake_args' from command line to 'None'
[0.728s] Level 5:colcon.colcon_core.verb:set package 'igusgus' build argument 'cmake_target' from command line to 'None'
[0.728s] Level 5:colcon.colcon_core.verb:set package 'igusgus' build argument 'cmake_target_skip_unavailable' from command line to 'False'
[0.728s] Level 5:colcon.colcon_core.verb:set package 'igusgus' build argument 'cmake_clean_cache' from command line to 'False'
[0.728s] Level 5:colcon.colcon_core.verb:set package 'igusgus' build argument 'cmake_clean_first' from command line to 'False'
[0.728s] Level 5:colcon.colcon_core.verb:set package 'igusgus' build argument 'cmake_force_configure' from command line to 'False'
[0.728s] Level 5:colcon.colcon_core.verb:set package 'igusgus' build argument 'ament_cmake_args' from command line to 'None'
[0.728s] Level 5:colcon.colcon_core.verb:set package 'igusgus' build argument 'catkin_cmake_args' from command line to 'None'
[0.728s] Level 5:colcon.colcon_core.verb:set package 'igusgus' build argument 'catkin_skip_building_tests' from command line to 'False'
[0.728s] DEBUG:colcon.colcon_core.verb:Building package 'igusgus' with the following arguments: {'ament_cmake_args': None, 'build_base': '/home/amrl-linux24-04/ros2_ben/build/igusgus', 'catkin_cmake_args': None, 'catkin_skip_building_tests': False, 'cmake_args': None, 'cmake_clean_cache': False, 'cmake_clean_first': False, 'cmake_force_configure': False, 'cmake_target': None, 'cmake_target_skip_unavailable': False, 'install_base': '/home/amrl-linux24-04/ros2_ben/install/igusgus', 'merge_install': False, 'path': '/home/amrl-linux24-04/ros2_ben/src/igusgus', 'symlink_install': False, 'test_result_base': None}
[0.728s] INFO:colcon.colcon_core.executor:Executing jobs using 'parallel' executor
[0.730s] DEBUG:colcon.colcon_parallel_executor.executor.parallel:run_until_complete
[0.731s] INFO:colcon.colcon_ros.task.ament_python.build:Building ROS package in '/home/amrl-linux24-04/ros2_ben/src/igusgus' with build type 'ament_python'
[0.731s] Level 1:colcon.colcon_core.shell:create_environment_hook('igusgus', 'ament_prefix_path')
[0.736s] INFO:colcon.colcon_core.plugin_system:Skipping extension 'colcon_core.shell.bat': Not used on non-Windows systems
[0.736s] INFO:colcon.colcon_core.shell:Creating environment hook '/home/amrl-linux24-04/ros2_ben/install/igusgus/share/igusgus/hook/ament_prefix_path.ps1'
[0.738s] INFO:colcon.colcon_core.shell:Creating environment descriptor '/home/amrl-linux24-04/ros2_ben/install/igusgus/share/igusgus/hook/ament_prefix_path.dsv'
[0.739s] INFO:colcon.colcon_core.shell:Creating environment hook '/home/amrl-linux24-04/ros2_ben/install/igusgus/share/igusgus/hook/ament_prefix_path.sh'
[0.740s] INFO:colcon.colcon_core.shell:Skip shell extension 'powershell' for command environment: Not usable outside of PowerShell
[0.740s] DEBUG:colcon.colcon_core.shell:Skip shell extension 'dsv' for command environment
[1.351s] INFO:colcon.colcon_core.task.python.build:Building Python package in '/home/amrl-linux24-04/ros2_ben/src/igusgus'
[1.352s] INFO:colcon.colcon_core.shell:Skip shell extension 'powershell' for command environment: Not usable outside of PowerShell
[1.352s] DEBUG:colcon.colcon_core.shell:Skip shell extension 'dsv' for command environment
[3.154s] DEBUG:colcon.colcon_core.event_handler.log_command:Invoking command in '/home/amrl-linux24-04/ros2_ben/src/igusgus': DEBUGINFOD_URLS=https://debuginfod.ubuntu.com PYTHONPATH=/home/amrl-linux24-04/ros2_ben/build/igusgus/prefix_override:/usr/lib/python3/dist-packages/colcon_core/task/python/colcon_distutils_commands:/home/amrl-linux24-04/ros2_ben/install/igusgus/lib/python3.12/site-packages:${PYTHONPATH} /usr/bin/python3 -W ignore:setup.py install is deprecated -W ignore:easy_install command is deprecated setup.py egg_info --egg-base ../../build/igusgus build --build-base /home/amrl-linux24-04/ros2_ben/build/igusgus/build install --record /home/amrl-linux24-04/ros2_ben/build/igusgus/install.log --single-version-externally-managed install_data
[4.751s] DEBUG:colcon.colcon_core.event_handler.log_command:Invoked command in '/home/amrl-linux24-04/ros2_ben/src/igusgus' returned '0': DEBUGINFOD_URLS=https://debuginfod.ubuntu.com PYTHONPATH=/home/amrl-linux24-04/ros2_ben/build/igusgus/prefix_override:/usr/lib/python3/dist-packages/colcon_core/task/python/colcon_distutils_commands:/home/amrl-linux24-04/ros2_ben/install/igusgus/lib/python3.12/site-packages:${PYTHONPATH} /usr/bin/python3 -W ignore:setup.py install is deprecated -W ignore:easy_install command is deprecated setup.py egg_info --egg-base ../../build/igusgus build --build-base /home/amrl-linux24-04/ros2_ben/build/igusgus/build install --record /home/amrl-linux24-04/ros2_ben/build/igusgus/install.log --single-version-externally-managed install_data
[4.760s] Level 1:colcon.colcon_core.environment:checking '/home/amrl-linux24-04/ros2_ben/install/igusgus' for CMake module files
[4.762s] Level 1:colcon.colcon_core.environment:checking '/home/amrl-linux24-04/ros2_ben/install/igusgus' for CMake config files
[4.765s] Level 1:colcon.colcon_core.environment:checking '/home/amrl-linux24-04/ros2_ben/install/igusgus/lib'
[4.765s] Level 1:colcon.colcon_core.environment:checking '/home/amrl-linux24-04/ros2_ben/install/igusgus/bin'
[4.766s] Level 1:colcon.colcon_core.environment:checking '/home/amrl-linux24-04/ros2_ben/install/igusgus/lib/pkgconfig/igusgus.pc'
[4.767s] Level 1:colcon.colcon_core.environment:checking '/home/amrl-linux24-04/ros2_ben/install/igusgus/lib/python3.12/site-packages'
[4.767s] Level 1:colcon.colcon_core.shell:create_environment_hook('igusgus', 'pythonpath')
[4.768s] INFO:colcon.colcon_core.shell:Creating environment hook '/home/amrl-linux24-04/ros2_ben/install/igusgus/share/igusgus/hook/pythonpath.ps1'
[4.769s] INFO:colcon.colcon_core.shell:Creating environment descriptor '/home/amrl-linux24-04/ros2_ben/install/igusgus/share/igusgus/hook/pythonpath.dsv'
[4.771s] INFO:colcon.colcon_core.shell:Creating environment hook '/home/amrl-linux24-04/ros2_ben/install/igusgus/share/igusgus/hook/pythonpath.sh'
[4.773s] Level 1:colcon.colcon_core.environment:checking '/home/amrl-linux24-04/ros2_ben/install/igusgus/bin'
[4.773s] Level 1:colcon.colcon_core.environment:create_environment_scripts_only(igusgus)
[4.774s] INFO:colcon.colcon_core.shell:Creating package script '/home/amrl-linux24-04/ros2_ben/install/igusgus/share/igusgus/package.ps1'
[4.777s] INFO:colcon.colcon_core.shell:Creating package descriptor '/home/amrl-linux24-04/ros2_ben/install/igusgus/share/igusgus/package.dsv'
[4.779s] INFO:colcon.colcon_core.shell:Creating package script '/home/amrl-linux24-04/ros2_ben/install/igusgus/share/igusgus/package.sh'
[4.781s] INFO:colcon.colcon_core.shell:Creating package script '/home/amrl-linux24-04/ros2_ben/install/igusgus/share/igusgus/package.bash'
[4.825s] INFO:colcon.colcon_core.shell:Creating package script '/home/amrl-linux24-04/ros2_ben/install/igusgus/share/igusgus/package.zsh'
[4.828s] Level 1:colcon.colcon_core.environment:create_file_with_runtime_dependencies(/home/amrl-linux24-04/ros2_ben/install/igusgus/share/colcon-core/packages/igusgus)
[4.829s] DEBUG:colcon.colcon_parallel_executor.executor.parallel:closing loop
[4.830s] DEBUG:colcon.colcon_parallel_executor.executor.parallel:loop closed
[4.831s] DEBUG:colcon.colcon_parallel_executor.executor.parallel:run_until_complete finished with '0'
[4.831s] DEBUG:colcon.colcon_core.event_reactor:joining thread
[4.850s] INFO:colcon.colcon_core.plugin_system:Skipping extension 'colcon_notification.desktop_notification.terminal_notifier': Not used on non-Darwin systems
[4.850s] INFO:colcon.colcon_core.plugin_system:Skipping extension 'colcon_notification.desktop_notification.win32': Not used on non-Windows systems
[4.850s] INFO:colcon.colcon_notification.desktop_notification:Sending desktop notification using 'notify2'
[4.902s] DEBUG:colcon.colcon_core.event_reactor:joined thread
[4.902s] INFO:colcon.colcon_core.shell:Creating prefix script '/home/amrl-linux24-04/ros2_ben/install/local_setup.ps1'
[4.906s] INFO:colcon.colcon_core.shell:Creating prefix util module '/home/amrl-linux24-04/ros2_ben/install/_local_setup_util_ps1.py'
[4.910s] INFO:colcon.colcon_core.shell:Creating prefix chain script '/home/amrl-linux24-04/ros2_ben/install/setup.ps1'
[4.915s] INFO:colcon.colcon_core.shell:Creating prefix script '/home/amrl-linux24-04/ros2_ben/install/local_setup.sh'
[4.917s] INFO:colcon.colcon_core.shell:Creating prefix util module '/home/amrl-linux24-04/ros2_ben/install/_local_setup_util_sh.py'
[4.919s] INFO:colcon.colcon_core.shell:Creating prefix chain script '/home/amrl-linux24-04/ros2_ben/install/setup.sh'
[4.924s] INFO:colcon.colcon_core.shell:Creating prefix script '/home/amrl-linux24-04/ros2_ben/install/local_setup.bash'
[4.926s] INFO:colcon.colcon_core.shell:Creating prefix chain script '/home/amrl-linux24-04/ros2_ben/install/setup.bash'
[4.930s] INFO:colcon.colcon_core.shell:Creating prefix script '/home/amrl-linux24-04/ros2_ben/install/local_setup.zsh'
[4.932s] INFO:colcon.colcon_core.shell:Creating prefix chain script '/home/amrl-linux24-04/ros2_ben/install/setup.zsh'
