[0.626s] Invoking command in '/home/amrl-linux24-04/ros2_ben/src/igusgus': DEBUGINFOD_URLS=https://debuginfod.ubuntu.com PYTHONPATH=/home/amrl-linux24-04/ros2_ben/build/igusgus/prefix_override:/usr/lib/python3/dist-packages/colcon_core/task/python/colcon_distutils_commands:/home/amrl-linux24-04/ros2_ben/install/igusgus/lib/python3.12/site-packages:${PYTHONPATH} /usr/bin/python3 -W ignore:setup.py install is deprecated -W ignore:easy_install command is deprecated setup.py egg_info --egg-base ../../build/igusgus build --build-base /home/amrl-linux24-04/ros2_ben/build/igusgus/build install --record /home/amrl-linux24-04/ros2_ben/build/igusgus/install.log --single-version-externally-managed install_data
[0.789s] running egg_info
[0.800s] writing ../../build/igusgus/igusgus.egg-info/PKG-INFO
[0.800s] writing dependency_links to ../../build/igusgus/igusgus.egg-info/dependency_links.txt
[0.800s] writing requirements to ../../build/igusgus/igusgus.egg-info/requires.txt
[0.800s] writing top-level names to ../../build/igusgus/igusgus.egg-info/top_level.txt
[0.822s] reading manifest file '../../build/igusgus/igusgus.egg-info/SOURCES.txt'
[0.822s] adding license file 'LICENSE'
[0.822s] writing manifest file '../../build/igusgus/igusgus.egg-info/SOURCES.txt'
[0.822s] running build
[0.823s] running build_py
[0.823s] running install
[0.826s] running install_lib
[0.837s] running install_data
[0.837s] running install_egg_info
[0.849s] removing '/home/amrl-linux24-04/ros2_ben/install/igusgus/lib/python3.12/site-packages/igusgus-0.0.0-py3.12.egg-info' (and everything under it)
[0.849s] Copying ../../build/igusgus/igusgus.egg-info to /home/amrl-linux24-04/ros2_ben/install/igusgus/lib/python3.12/site-packages/igusgus-0.0.0-py3.12.egg-info
[0.850s] running install_scripts
[0.924s] writing list of installed files to '/home/amrl-linux24-04/ros2_ben/build/igusgus/install.log'
[0.940s] Invoked command in '/home/amrl-linux24-04/ros2_ben/src/igusgus' returned '0': DEBUGINFOD_URLS=https://debuginfod.ubuntu.com PYTHONPATH=/home/amrl-linux24-04/ros2_ben/build/igusgus/prefix_override:/usr/lib/python3/dist-packages/colcon_core/task/python/colcon_distutils_commands:/home/amrl-linux24-04/ros2_ben/install/igusgus/lib/python3.12/site-packages:${PYTHONPATH} /usr/bin/python3 -W ignore:setup.py install is deprecated -W ignore:easy_install command is deprecated setup.py egg_info --egg-base ../../build/igusgus build --build-base /home/amrl-linux24-04/ros2_ben/build/igusgus/build install --record /home/amrl-linux24-04/ros2_ben/build/igusgus/install.log --single-version-externally-managed install_data
