[0.023s] Invoking command in '/home/amrl-linux24-04/ros2_ben/build/orbbec_camera_msgs': CMAKE_PREFIX_PATH=${CMAKE_PREFIX_PATH}:/opt/ros/jazzy DEBUGINFOD_URLS=https://debuginfod.ubuntu.com /usr/bin/cmake /home/amrl-linux24-04/ros2_ben/src/OrbbecSDK_ROS2/orbbec_camera_msgs -DCMAKE_INSTALL_PREFIX=/home/amrl-linux24-04/ros2_ben/install/orbbec_camera_msgs
[0.259s] -- Found ament_cmake: 2.5.4 (/opt/ros/jazzy/share/ament_cmake/cmake)
[0.260s] -- Found Python3: /usr/bin/python3 (found version "3.12.3") found components: Interpreter 
[0.260s] -- Found rosidl_default_generators: 1.6.0 (/opt/ros/jazzy/share/rosidl_default_generators/cmake)
[0.260s] -- Using all available rosidl_typesupport_c: rosidl_typesupport_fastrtps_c;rosidl_typesupport_introspection_c
[0.260s] -- Using all available rosidl_typesupport_cpp: rosidl_typesupport_fastrtps_cpp;rosidl_typesupport_introspection_cpp
[0.292s] -- Found rosidl_adapter: 4.6.6 (/opt/ros/jazzy/share/rosidl_adapter/cmake)
[0.296s] -- Found sensor_msgs: 5.3.6 (/opt/ros/jazzy/share/sensor_msgs/cmake)
[0.806s] -- Found ament_cmake_ros: 0.12.0 (/opt/ros/jazzy/share/ament_cmake_ros/cmake)
[1.037s] -- Using all available rosidl_typesupport_c: rosidl_typesupport_fastrtps_c;rosidl_typesupport_introspection_c
[1.345s] -- Using all available rosidl_typesupport_cpp: rosidl_typesupport_fastrtps_cpp;rosidl_typesupport_introspection_cpp
[1.347s] -- Found python_cmake_module: 0.11.1 (/opt/ros/jazzy/share/python_cmake_module/cmake)
[1.613s] -- Found Python3: /usr/bin/python3 (found version "3.12.3") found components: Interpreter Development NumPy Development.Module Development.Embed 
[1.656s] -- Found ament_lint_auto: 0.17.3 (/opt/ros/jazzy/share/ament_lint_auto/cmake)
[1.665s] -- Added test 'copyright' to check source files copyright and LICENSE
[1.667s] -- Added test 'lint_cmake' to check CMake code style
[1.667s] -- Added test 'xmllint' to check XML markup files
[1.669s] -- Configuring done (1.6s)
[1.740s] -- Generating done (0.1s)
[1.755s] -- Build files have been written to: /home/amrl-linux24-04/ros2_ben/build/orbbec_camera_msgs
[1.766s] Invoked command in '/home/amrl-linux24-04/ros2_ben/build/orbbec_camera_msgs' returned '0': CMAKE_PREFIX_PATH=${CMAKE_PREFIX_PATH}:/opt/ros/jazzy DEBUGINFOD_URLS=https://debuginfod.ubuntu.com /usr/bin/cmake /home/amrl-linux24-04/ros2_ben/src/OrbbecSDK_ROS2/orbbec_camera_msgs -DCMAKE_INSTALL_PREFIX=/home/amrl-linux24-04/ros2_ben/install/orbbec_camera_msgs
[1.768s] Invoking command in '/home/amrl-linux24-04/ros2_ben/build/orbbec_camera_msgs': CMAKE_PREFIX_PATH=${CMAKE_PREFIX_PATH}:/opt/ros/jazzy DEBUGINFOD_URLS=https://debuginfod.ubuntu.com /usr/bin/cmake --build /home/amrl-linux24-04/ros2_ben/build/orbbec_camera_msgs -- -j22 -l22
[1.842s] [  1%] Built target orbbec_camera_msgs__rosidl_generator_type_description
[1.861s] [  1%] Built target ament_cmake_python_copy_orbbec_camera_msgs
[1.877s] [  1%] Built target orbbec_camera_msgs__cpp
[1.905s] [ 27%] Built target orbbec_camera_msgs__rosidl_generator_c
[1.945s] [ 37%] Built target orbbec_camera_msgs__rosidl_typesupport_c
[1.947s] [ 47%] Built target orbbec_camera_msgs__rosidl_typesupport_introspection_c
[1.954s] [ 56%] Built target orbbec_camera_msgs__rosidl_typesupport_cpp
[1.955s] [ 65%] Built target orbbec_camera_msgs__rosidl_typesupport_introspection_cpp
[1.961s] [ 75%] Built target orbbec_camera_msgs__rosidl_typesupport_fastrtps_c
[1.963s] [ 85%] Built target orbbec_camera_msgs__rosidl_typesupport_fastrtps_cpp
[1.995s] [ 85%] Built target orbbec_camera_msgs
[2.026s] [ 86%] Built target orbbec_camera_msgs__py
[2.081s] [ 95%] Built target orbbec_camera_msgs__rosidl_generator_py
[2.092s] running egg_info
[2.114s] writing orbbec_camera_msgs.egg-info/PKG-INFO
[2.114s] writing dependency_links to orbbec_camera_msgs.egg-info/dependency_links.txt
[2.114s] writing top-level names to orbbec_camera_msgs.egg-info/top_level.txt
[2.115s] [ 97%] Built target orbbec_camera_msgs_s__rosidl_typesupport_c
[2.115s] [ 99%] Built target orbbec_camera_msgs_s__rosidl_typesupport_introspection_c
[2.115s] [100%] Built target orbbec_camera_msgs_s__rosidl_typesupport_fastrtps_c
[2.173s] reading manifest file 'orbbec_camera_msgs.egg-info/SOURCES.txt'
[2.174s] writing manifest file 'orbbec_camera_msgs.egg-info/SOURCES.txt'
[2.210s] [100%] Built target ament_cmake_python_build_orbbec_camera_msgs_egg
[2.227s] Invoked command in '/home/amrl-linux24-04/ros2_ben/build/orbbec_camera_msgs' returned '0': CMAKE_PREFIX_PATH=${CMAKE_PREFIX_PATH}:/opt/ros/jazzy DEBUGINFOD_URLS=https://debuginfod.ubuntu.com /usr/bin/cmake --build /home/amrl-linux24-04/ros2_ben/build/orbbec_camera_msgs -- -j22 -l22
[2.228s] Invoking command in '/home/amrl-linux24-04/ros2_ben/build/orbbec_camera_msgs': CMAKE_PREFIX_PATH=${CMAKE_PREFIX_PATH}:/opt/ros/jazzy DEBUGINFOD_URLS=https://debuginfod.ubuntu.com /usr/bin/cmake --install /home/amrl-linux24-04/ros2_ben/build/orbbec_camera_msgs
[2.240s] -- Install configuration: "Release"
[2.240s] -- Up-to-date: /home/amrl-linux24-04/ros2_ben/install/orbbec_camera_msgs/share/ament_index/resource_index/rosidl_interfaces/orbbec_camera_msgs
[2.240s] -- Up-to-date: /home/amrl-linux24-04/ros2_ben/install/orbbec_camera_msgs/share/orbbec_camera_msgs/msg/DeviceInfo.json
[2.240s] -- Up-to-date: /home/amrl-linux24-04/ros2_ben/install/orbbec_camera_msgs/share/orbbec_camera_msgs/msg/Extrinsics.json
[2.240s] -- Up-to-date: /home/amrl-linux24-04/ros2_ben/install/orbbec_camera_msgs/share/orbbec_camera_msgs/msg/Metadata.json
[2.240s] -- Up-to-date: /home/amrl-linux24-04/ros2_ben/install/orbbec_camera_msgs/share/orbbec_camera_msgs/msg/IMUInfo.json
[2.240s] -- Up-to-date: /home/amrl-linux24-04/ros2_ben/install/orbbec_camera_msgs/share/orbbec_camera_msgs/msg/RGBD.json
[2.241s] -- Up-to-date: /home/amrl-linux24-04/ros2_ben/install/orbbec_camera_msgs/share/orbbec_camera_msgs/srv/GetBool.json
[2.241s] -- Up-to-date: /home/amrl-linux24-04/ros2_ben/install/orbbec_camera_msgs/share/orbbec_camera_msgs/srv/GetDeviceInfo.json
[2.241s] -- Up-to-date: /home/amrl-linux24-04/ros2_ben/install/orbbec_camera_msgs/share/orbbec_camera_msgs/srv/GetCameraInfo.json
[2.241s] -- Up-to-date: /home/amrl-linux24-04/ros2_ben/install/orbbec_camera_msgs/share/orbbec_camera_msgs/srv/GetInt32.json
[2.241s] -- Up-to-date: /home/amrl-linux24-04/ros2_ben/install/orbbec_camera_msgs/share/orbbec_camera_msgs/srv/GetString.json
[2.241s] -- Up-to-date: /home/amrl-linux24-04/ros2_ben/install/orbbec_camera_msgs/share/orbbec_camera_msgs/srv/SetInt32.json
[2.242s] -- Up-to-date: /home/amrl-linux24-04/ros2_ben/install/orbbec_camera_msgs/share/orbbec_camera_msgs/srv/SetString.json
[2.242s] -- Up-to-date: /home/amrl-linux24-04/ros2_ben/install/orbbec_camera_msgs/include/orbbec_camera_msgs/orbbec_camera_msgs
[2.242s] -- Up-to-date: /home/amrl-linux24-04/ros2_ben/install/orbbec_camera_msgs/include/orbbec_camera_msgs/orbbec_camera_msgs/srv
[2.242s] -- Up-to-date: /home/amrl-linux24-04/ros2_ben/install/orbbec_camera_msgs/include/orbbec_camera_msgs/orbbec_camera_msgs/srv/detail
[2.242s] -- Up-to-date: /home/amrl-linux24-04/ros2_ben/install/orbbec_camera_msgs/include/orbbec_camera_msgs/orbbec_camera_msgs/srv/detail/get_bool__functions.h
[2.242s] -- Up-to-date: /home/amrl-linux24-04/ros2_ben/install/orbbec_camera_msgs/include/orbbec_camera_msgs/orbbec_camera_msgs/srv/detail/get_device_info__type_support.c
[2.242s] -- Up-to-date: /home/amrl-linux24-04/ros2_ben/install/orbbec_camera_msgs/include/orbbec_camera_msgs/orbbec_camera_msgs/srv/detail/get_string__description.c
[2.242s] -- Up-to-date: /home/amrl-linux24-04/ros2_ben/install/orbbec_camera_msgs/include/orbbec_camera_msgs/orbbec_camera_msgs/srv/detail/get_device_info__description.c
[2.242s] -- Up-to-date: /home/amrl-linux24-04/ros2_ben/install/orbbec_camera_msgs/include/orbbec_camera_msgs/orbbec_camera_msgs/srv/detail/get_bool__type_support.c
[2.243s] -- Up-to-date: /home/amrl-linux24-04/ros2_ben/install/orbbec_camera_msgs/include/orbbec_camera_msgs/orbbec_camera_msgs/srv/detail/get_bool__functions.c
[2.243s] -- Up-to-date: /home/amrl-linux24-04/ros2_ben/install/orbbec_camera_msgs/include/orbbec_camera_msgs/orbbec_camera_msgs/srv/detail/set_int32__struct.h
[2.243s] -- Up-to-date: /home/amrl-linux24-04/ros2_ben/install/orbbec_camera_msgs/include/orbbec_camera_msgs/orbbec_camera_msgs/srv/detail/set_string__functions.h
[2.243s] -- Up-to-date: /home/amrl-linux24-04/ros2_ben/install/orbbec_camera_msgs/include/orbbec_camera_msgs/orbbec_camera_msgs/srv/detail/get_device_info__functions.c
[2.243s] -- Up-to-date: /home/amrl-linux24-04/ros2_ben/install/orbbec_camera_msgs/include/orbbec_camera_msgs/orbbec_camera_msgs/srv/detail/get_camera_info__functions.h
[2.243s] -- Up-to-date: /home/amrl-linux24-04/ros2_ben/install/orbbec_camera_msgs/include/orbbec_camera_msgs/orbbec_camera_msgs/srv/detail/get_camera_info__description.c
[2.243s] -- Up-to-date: /home/amrl-linux24-04/ros2_ben/install/orbbec_camera_msgs/include/orbbec_camera_msgs/orbbec_camera_msgs/srv/detail/get_string__struct.h
[2.243s] -- Up-to-date: /home/amrl-linux24-04/ros2_ben/install/orbbec_camera_msgs/include/orbbec_camera_msgs/orbbec_camera_msgs/srv/detail/set_int32__type_support.h
[2.243s] -- Up-to-date: /home/amrl-linux24-04/ros2_ben/install/orbbec_camera_msgs/include/orbbec_camera_msgs/orbbec_camera_msgs/srv/detail/get_int32__struct.h
[2.244s] -- Up-to-date: /home/amrl-linux24-04/ros2_ben/install/orbbec_camera_msgs/include/orbbec_camera_msgs/orbbec_camera_msgs/srv/detail/get_string__functions.h
[2.244s] -- Up-to-date: /home/amrl-linux24-04/ros2_ben/install/orbbec_camera_msgs/include/orbbec_camera_msgs/orbbec_camera_msgs/srv/detail/get_int32__functions.h
[2.244s] -- Up-to-date: /home/amrl-linux24-04/ros2_ben/install/orbbec_camera_msgs/include/orbbec_camera_msgs/orbbec_camera_msgs/srv/detail/set_string__description.c
[2.244s] -- Up-to-date: /home/amrl-linux24-04/ros2_ben/install/orbbec_camera_msgs/include/orbbec_camera_msgs/orbbec_camera_msgs/srv/detail/get_camera_info__functions.c
[2.244s] -- Up-to-date: /home/amrl-linux24-04/ros2_ben/install/orbbec_camera_msgs/include/orbbec_camera_msgs/orbbec_camera_msgs/srv/detail/get_bool__struct.h
[2.245s] -- Up-to-date: /home/amrl-linux24-04/ros2_ben/install/orbbec_camera_msgs/include/orbbec_camera_msgs/orbbec_camera_msgs/srv/detail/set_string__type_support.c
[2.245s] -- Up-to-date: /home/amrl-linux24-04/ros2_ben/install/orbbec_camera_msgs/include/orbbec_camera_msgs/orbbec_camera_msgs/srv/detail/get_string__type_support.c
[2.245s] -- Up-to-date: /home/amrl-linux24-04/ros2_ben/install/orbbec_camera_msgs/include/orbbec_camera_msgs/orbbec_camera_msgs/srv/detail/get_device_info__type_support.h
[2.245s] -- Up-to-date: /home/amrl-linux24-04/ros2_ben/install/orbbec_camera_msgs/include/orbbec_camera_msgs/orbbec_camera_msgs/srv/detail/set_string__functions.c
[2.245s] -- Up-to-date: /home/amrl-linux24-04/ros2_ben/install/orbbec_camera_msgs/include/orbbec_camera_msgs/orbbec_camera_msgs/srv/detail/get_bool__type_support.h
[2.245s] -- Up-to-date: /home/amrl-linux24-04/ros2_ben/install/orbbec_camera_msgs/include/orbbec_camera_msgs/orbbec_camera_msgs/srv/detail/get_camera_info__type_support.c
[2.245s] -- Up-to-date: /home/amrl-linux24-04/ros2_ben/install/orbbec_camera_msgs/include/orbbec_camera_msgs/orbbec_camera_msgs/srv/detail/set_int32__type_support.c
[2.245s] -- Up-to-date: /home/amrl-linux24-04/ros2_ben/install/orbbec_camera_msgs/include/orbbec_camera_msgs/orbbec_camera_msgs/srv/detail/set_int32__description.c
[2.245s] -- Up-to-date: /home/amrl-linux24-04/ros2_ben/install/orbbec_camera_msgs/include/orbbec_camera_msgs/orbbec_camera_msgs/srv/detail/get_device_info__struct.h
[2.245s] -- Up-to-date: /home/amrl-linux24-04/ros2_ben/install/orbbec_camera_msgs/include/orbbec_camera_msgs/orbbec_camera_msgs/srv/detail/get_int32__functions.c
[2.245s] -- Up-to-date: /home/amrl-linux24-04/ros2_ben/install/orbbec_camera_msgs/include/orbbec_camera_msgs/orbbec_camera_msgs/srv/detail/set_int32__functions.h
[2.245s] -- Up-to-date: /home/amrl-linux24-04/ros2_ben/install/orbbec_camera_msgs/include/orbbec_camera_msgs/orbbec_camera_msgs/srv/detail/get_string__type_support.h
[2.246s] -- Up-to-date: /home/amrl-linux24-04/ros2_ben/install/orbbec_camera_msgs/include/orbbec_camera_msgs/orbbec_camera_msgs/srv/detail/get_int32__type_support.c
[2.246s] -- Up-to-date: /home/amrl-linux24-04/ros2_ben/install/orbbec_camera_msgs/include/orbbec_camera_msgs/orbbec_camera_msgs/srv/detail/get_device_info__functions.h
[2.246s] -- Up-to-date: /home/amrl-linux24-04/ros2_ben/install/orbbec_camera_msgs/include/orbbec_camera_msgs/orbbec_camera_msgs/srv/detail/get_int32__description.c
[2.246s] -- Up-to-date: /home/amrl-linux24-04/ros2_ben/install/orbbec_camera_msgs/include/orbbec_camera_msgs/orbbec_camera_msgs/srv/detail/set_string__struct.h
[2.246s] -- Up-to-date: /home/amrl-linux24-04/ros2_ben/install/orbbec_camera_msgs/include/orbbec_camera_msgs/orbbec_camera_msgs/srv/detail/get_camera_info__struct.h
[2.246s] -- Up-to-date: /home/amrl-linux24-04/ros2_ben/install/orbbec_camera_msgs/include/orbbec_camera_msgs/orbbec_camera_msgs/srv/detail/get_string__functions.c
[2.246s] -- Up-to-date: /home/amrl-linux24-04/ros2_ben/install/orbbec_camera_msgs/include/orbbec_camera_msgs/orbbec_camera_msgs/srv/detail/get_int32__type_support.h
[2.246s] -- Up-to-date: /home/amrl-linux24-04/ros2_ben/install/orbbec_camera_msgs/include/orbbec_camera_msgs/orbbec_camera_msgs/srv/detail/get_camera_info__type_support.h
[2.246s] -- Up-to-date: /home/amrl-linux24-04/ros2_ben/install/orbbec_camera_msgs/include/orbbec_camera_msgs/orbbec_camera_msgs/srv/detail/set_int32__functions.c
[2.247s] -- Up-to-date: /home/amrl-linux24-04/ros2_ben/install/orbbec_camera_msgs/include/orbbec_camera_msgs/orbbec_camera_msgs/srv/detail/get_bool__description.c
[2.247s] -- Up-to-date: /home/amrl-linux24-04/ros2_ben/install/orbbec_camera_msgs/include/orbbec_camera_msgs/orbbec_camera_msgs/srv/detail/set_string__type_support.h
[2.247s] -- Up-to-date: /home/amrl-linux24-04/ros2_ben/install/orbbec_camera_msgs/include/orbbec_camera_msgs/orbbec_camera_msgs/srv/set_string.h
[2.247s] -- Up-to-date: /home/amrl-linux24-04/ros2_ben/install/orbbec_camera_msgs/include/orbbec_camera_msgs/orbbec_camera_msgs/srv/set_int32.h
[2.247s] -- Up-to-date: /home/amrl-linux24-04/ros2_ben/install/orbbec_camera_msgs/include/orbbec_camera_msgs/orbbec_camera_msgs/srv/get_string.h
[2.247s] -- Up-to-date: /home/amrl-linux24-04/ros2_ben/install/orbbec_camera_msgs/include/orbbec_camera_msgs/orbbec_camera_msgs/srv/get_device_info.h
[2.247s] -- Up-to-date: /home/amrl-linux24-04/ros2_ben/install/orbbec_camera_msgs/include/orbbec_camera_msgs/orbbec_camera_msgs/srv/get_bool.h
[2.247s] -- Up-to-date: /home/amrl-linux24-04/ros2_ben/install/orbbec_camera_msgs/include/orbbec_camera_msgs/orbbec_camera_msgs/srv/get_int32.h
[2.247s] -- Up-to-date: /home/amrl-linux24-04/ros2_ben/install/orbbec_camera_msgs/include/orbbec_camera_msgs/orbbec_camera_msgs/srv/get_camera_info.h
[2.247s] -- Up-to-date: /home/amrl-linux24-04/ros2_ben/install/orbbec_camera_msgs/include/orbbec_camera_msgs/orbbec_camera_msgs/msg
[2.247s] -- Up-to-date: /home/amrl-linux24-04/ros2_ben/install/orbbec_camera_msgs/include/orbbec_camera_msgs/orbbec_camera_msgs/msg/detail
[2.247s] -- Up-to-date: /home/amrl-linux24-04/ros2_ben/install/orbbec_camera_msgs/include/orbbec_camera_msgs/orbbec_camera_msgs/msg/detail/extrinsics__type_support.c
[2.247s] -- Up-to-date: /home/amrl-linux24-04/ros2_ben/install/orbbec_camera_msgs/include/orbbec_camera_msgs/orbbec_camera_msgs/msg/detail/imu_info__functions.c
[2.248s] -- Up-to-date: /home/amrl-linux24-04/ros2_ben/install/orbbec_camera_msgs/include/orbbec_camera_msgs/orbbec_camera_msgs/msg/detail/device_info__functions.h
[2.248s] -- Up-to-date: /home/amrl-linux24-04/ros2_ben/install/orbbec_camera_msgs/include/orbbec_camera_msgs/orbbec_camera_msgs/msg/detail/extrinsics__description.c
[2.248s] -- Up-to-date: /home/amrl-linux24-04/ros2_ben/install/orbbec_camera_msgs/include/orbbec_camera_msgs/orbbec_camera_msgs/msg/detail/rgbd__description.c
[2.248s] -- Up-to-date: /home/amrl-linux24-04/ros2_ben/install/orbbec_camera_msgs/include/orbbec_camera_msgs/orbbec_camera_msgs/msg/detail/imu_info__struct.h
[2.248s] -- Up-to-date: /home/amrl-linux24-04/ros2_ben/install/orbbec_camera_msgs/include/orbbec_camera_msgs/orbbec_camera_msgs/msg/detail/extrinsics__type_support.h
[2.248s] -- Up-to-date: /home/amrl-linux24-04/ros2_ben/install/orbbec_camera_msgs/include/orbbec_camera_msgs/orbbec_camera_msgs/msg/detail/rgbd__struct.h
[2.248s] -- Up-to-date: /home/amrl-linux24-04/ros2_ben/install/orbbec_camera_msgs/include/orbbec_camera_msgs/orbbec_camera_msgs/msg/detail/metadata__struct.h
[2.248s] -- Up-to-date: /home/amrl-linux24-04/ros2_ben/install/orbbec_camera_msgs/include/orbbec_camera_msgs/orbbec_camera_msgs/msg/detail/metadata__type_support.c
[2.248s] -- Up-to-date: /home/amrl-linux24-04/ros2_ben/install/orbbec_camera_msgs/include/orbbec_camera_msgs/orbbec_camera_msgs/msg/detail/extrinsics__functions.h
[2.248s] -- Up-to-date: /home/amrl-linux24-04/ros2_ben/install/orbbec_camera_msgs/include/orbbec_camera_msgs/orbbec_camera_msgs/msg/detail/device_info__functions.c
[2.248s] -- Up-to-date: /home/amrl-linux24-04/ros2_ben/install/orbbec_camera_msgs/include/orbbec_camera_msgs/orbbec_camera_msgs/msg/detail/device_info__description.c
[2.248s] -- Up-to-date: /home/amrl-linux24-04/ros2_ben/install/orbbec_camera_msgs/include/orbbec_camera_msgs/orbbec_camera_msgs/msg/detail/device_info__type_support.c
[2.248s] -- Up-to-date: /home/amrl-linux24-04/ros2_ben/install/orbbec_camera_msgs/include/orbbec_camera_msgs/orbbec_camera_msgs/msg/detail/rgbd__type_support.c
[2.249s] -- Up-to-date: /home/amrl-linux24-04/ros2_ben/install/orbbec_camera_msgs/include/orbbec_camera_msgs/orbbec_camera_msgs/msg/detail/rgbd__functions.h
[2.249s] -- Up-to-date: /home/amrl-linux24-04/ros2_ben/install/orbbec_camera_msgs/include/orbbec_camera_msgs/orbbec_camera_msgs/msg/detail/device_info__struct.h
[2.249s] -- Up-to-date: /home/amrl-linux24-04/ros2_ben/install/orbbec_camera_msgs/include/orbbec_camera_msgs/orbbec_camera_msgs/msg/detail/metadata__type_support.h
[2.249s] -- Up-to-date: /home/amrl-linux24-04/ros2_ben/install/orbbec_camera_msgs/include/orbbec_camera_msgs/orbbec_camera_msgs/msg/detail/imu_info__type_support.c
[2.249s] -- Up-to-date: /home/amrl-linux24-04/ros2_ben/install/orbbec_camera_msgs/include/orbbec_camera_msgs/orbbec_camera_msgs/msg/detail/device_info__type_support.h
[2.249s] -- Up-to-date: /home/amrl-linux24-04/ros2_ben/install/orbbec_camera_msgs/include/orbbec_camera_msgs/orbbec_camera_msgs/msg/detail/metadata__functions.c
[2.249s] -- Up-to-date: /home/amrl-linux24-04/ros2_ben/install/orbbec_camera_msgs/include/orbbec_camera_msgs/orbbec_camera_msgs/msg/detail/extrinsics__struct.h
[2.249s] -- Up-to-date: /home/amrl-linux24-04/ros2_ben/install/orbbec_camera_msgs/include/orbbec_camera_msgs/orbbec_camera_msgs/msg/detail/extrinsics__functions.c
[2.249s] -- Up-to-date: /home/amrl-linux24-04/ros2_ben/install/orbbec_camera_msgs/include/orbbec_camera_msgs/orbbec_camera_msgs/msg/detail/rgbd__functions.c
[2.249s] -- Up-to-date: /home/amrl-linux24-04/ros2_ben/install/orbbec_camera_msgs/include/orbbec_camera_msgs/orbbec_camera_msgs/msg/detail/imu_info__description.c
[2.249s] -- Up-to-date: /home/amrl-linux24-04/ros2_ben/install/orbbec_camera_msgs/include/orbbec_camera_msgs/orbbec_camera_msgs/msg/detail/metadata__description.c
[2.249s] -- Up-to-date: /home/amrl-linux24-04/ros2_ben/install/orbbec_camera_msgs/include/orbbec_camera_msgs/orbbec_camera_msgs/msg/detail/imu_info__type_support.h
[2.249s] -- Up-to-date: /home/amrl-linux24-04/ros2_ben/install/orbbec_camera_msgs/include/orbbec_camera_msgs/orbbec_camera_msgs/msg/detail/imu_info__functions.h
[2.250s] -- Up-to-date: /home/amrl-linux24-04/ros2_ben/install/orbbec_camera_msgs/include/orbbec_camera_msgs/orbbec_camera_msgs/msg/detail/metadata__functions.h
[2.250s] -- Up-to-date: /home/amrl-linux24-04/ros2_ben/install/orbbec_camera_msgs/include/orbbec_camera_msgs/orbbec_camera_msgs/msg/detail/rgbd__type_support.h
[2.250s] -- Up-to-date: /home/amrl-linux24-04/ros2_ben/install/orbbec_camera_msgs/include/orbbec_camera_msgs/orbbec_camera_msgs/msg/rgbd.h
[2.250s] -- Up-to-date: /home/amrl-linux24-04/ros2_ben/install/orbbec_camera_msgs/include/orbbec_camera_msgs/orbbec_camera_msgs/msg/metadata.h
[2.250s] -- Up-to-date: /home/amrl-linux24-04/ros2_ben/install/orbbec_camera_msgs/include/orbbec_camera_msgs/orbbec_camera_msgs/msg/imu_info.h
[2.250s] -- Up-to-date: /home/amrl-linux24-04/ros2_ben/install/orbbec_camera_msgs/include/orbbec_camera_msgs/orbbec_camera_msgs/msg/rosidl_generator_c__visibility_control.h
[2.250s] -- Up-to-date: /home/amrl-linux24-04/ros2_ben/install/orbbec_camera_msgs/include/orbbec_camera_msgs/orbbec_camera_msgs/msg/device_info.h
[2.250s] -- Up-to-date: /home/amrl-linux24-04/ros2_ben/install/orbbec_camera_msgs/include/orbbec_camera_msgs/orbbec_camera_msgs/msg/extrinsics.h
[2.250s] -- Up-to-date: /home/amrl-linux24-04/ros2_ben/install/orbbec_camera_msgs/share/orbbec_camera_msgs/environment/library_path.sh
[2.250s] -- Up-to-date: /home/amrl-linux24-04/ros2_ben/install/orbbec_camera_msgs/share/orbbec_camera_msgs/environment/library_path.dsv
[2.251s] -- Up-to-date: /home/amrl-linux24-04/ros2_ben/install/orbbec_camera_msgs/lib/liborbbec_camera_msgs__rosidl_generator_c.so
[2.251s] -- Up-to-date: /home/amrl-linux24-04/ros2_ben/install/orbbec_camera_msgs/include/orbbec_camera_msgs/orbbec_camera_msgs
[2.251s] -- Up-to-date: /home/amrl-linux24-04/ros2_ben/install/orbbec_camera_msgs/include/orbbec_camera_msgs/orbbec_camera_msgs/srv
[2.251s] -- Up-to-date: /home/amrl-linux24-04/ros2_ben/install/orbbec_camera_msgs/include/orbbec_camera_msgs/orbbec_camera_msgs/srv/detail
[2.251s] -- Up-to-date: /home/amrl-linux24-04/ros2_ben/install/orbbec_camera_msgs/include/orbbec_camera_msgs/orbbec_camera_msgs/srv/detail/get_int32__rosidl_typesupport_fastrtps_c.h
[2.251s] -- Up-to-date: /home/amrl-linux24-04/ros2_ben/install/orbbec_camera_msgs/include/orbbec_camera_msgs/orbbec_camera_msgs/srv/detail/set_string__rosidl_typesupport_fastrtps_c.h
[2.251s] -- Up-to-date: /home/amrl-linux24-04/ros2_ben/install/orbbec_camera_msgs/include/orbbec_camera_msgs/orbbec_camera_msgs/srv/detail/set_int32__rosidl_typesupport_fastrtps_c.h
[2.251s] -- Up-to-date: /home/amrl-linux24-04/ros2_ben/install/orbbec_camera_msgs/include/orbbec_camera_msgs/orbbec_camera_msgs/srv/detail/get_string__rosidl_typesupport_fastrtps_c.h
[2.251s] -- Up-to-date: /home/amrl-linux24-04/ros2_ben/install/orbbec_camera_msgs/include/orbbec_camera_msgs/orbbec_camera_msgs/srv/detail/get_camera_info__rosidl_typesupport_fastrtps_c.h
[2.251s] -- Up-to-date: /home/amrl-linux24-04/ros2_ben/install/orbbec_camera_msgs/include/orbbec_camera_msgs/orbbec_camera_msgs/srv/detail/get_bool__rosidl_typesupport_fastrtps_c.h
[2.251s] -- Up-to-date: /home/amrl-linux24-04/ros2_ben/install/orbbec_camera_msgs/include/orbbec_camera_msgs/orbbec_camera_msgs/srv/detail/get_device_info__rosidl_typesupport_fastrtps_c.h
[2.251s] -- Up-to-date: /home/amrl-linux24-04/ros2_ben/install/orbbec_camera_msgs/include/orbbec_camera_msgs/orbbec_camera_msgs/msg
[2.251s] -- Up-to-date: /home/amrl-linux24-04/ros2_ben/install/orbbec_camera_msgs/include/orbbec_camera_msgs/orbbec_camera_msgs/msg/detail
[2.252s] -- Up-to-date: /home/amrl-linux24-04/ros2_ben/install/orbbec_camera_msgs/include/orbbec_camera_msgs/orbbec_camera_msgs/msg/detail/extrinsics__rosidl_typesupport_fastrtps_c.h
[2.252s] -- Up-to-date: /home/amrl-linux24-04/ros2_ben/install/orbbec_camera_msgs/include/orbbec_camera_msgs/orbbec_camera_msgs/msg/detail/imu_info__rosidl_typesupport_fastrtps_c.h
[2.253s] -- Up-to-date: /home/amrl-linux24-04/ros2_ben/install/orbbec_camera_msgs/include/orbbec_camera_msgs/orbbec_camera_msgs/msg/detail/metadata__rosidl_typesupport_fastrtps_c.h
[2.253s] -- Up-to-date: /home/amrl-linux24-04/ros2_ben/install/orbbec_camera_msgs/include/orbbec_camera_msgs/orbbec_camera_msgs/msg/detail/rgbd__rosidl_typesupport_fastrtps_c.h
[2.253s] -- Up-to-date: /home/amrl-linux24-04/ros2_ben/install/orbbec_camera_msgs/include/orbbec_camera_msgs/orbbec_camera_msgs/msg/detail/device_info__rosidl_typesupport_fastrtps_c.h
[2.253s] -- Up-to-date: /home/amrl-linux24-04/ros2_ben/install/orbbec_camera_msgs/include/orbbec_camera_msgs/orbbec_camera_msgs/msg/rosidl_typesupport_fastrtps_c__visibility_control.h
[2.253s] -- Up-to-date: /home/amrl-linux24-04/ros2_ben/install/orbbec_camera_msgs/lib/liborbbec_camera_msgs__rosidl_typesupport_fastrtps_c.so
[2.253s] -- Up-to-date: /home/amrl-linux24-04/ros2_ben/install/orbbec_camera_msgs/include/orbbec_camera_msgs/orbbec_camera_msgs
[2.253s] -- Up-to-date: /home/amrl-linux24-04/ros2_ben/install/orbbec_camera_msgs/include/orbbec_camera_msgs/orbbec_camera_msgs/srv
[2.253s] -- Up-to-date: /home/amrl-linux24-04/ros2_ben/install/orbbec_camera_msgs/include/orbbec_camera_msgs/orbbec_camera_msgs/srv/detail
[2.254s] -- Up-to-date: /home/amrl-linux24-04/ros2_ben/install/orbbec_camera_msgs/include/orbbec_camera_msgs/orbbec_camera_msgs/srv/detail/get_device_info__rosidl_typesupport_introspection_c.h
[2.254s] -- Up-to-date: /home/amrl-linux24-04/ros2_ben/install/orbbec_camera_msgs/include/orbbec_camera_msgs/orbbec_camera_msgs/srv/detail/get_device_info__type_support.c
[2.254s] -- Up-to-date: /home/amrl-linux24-04/ros2_ben/install/orbbec_camera_msgs/include/orbbec_camera_msgs/orbbec_camera_msgs/srv/detail/get_bool__type_support.c
[2.254s] -- Up-to-date: /home/amrl-linux24-04/ros2_ben/install/orbbec_camera_msgs/include/orbbec_camera_msgs/orbbec_camera_msgs/srv/detail/get_int32__rosidl_typesupport_introspection_c.h
[2.254s] -- Up-to-date: /home/amrl-linux24-04/ros2_ben/install/orbbec_camera_msgs/include/orbbec_camera_msgs/orbbec_camera_msgs/srv/detail/set_string__rosidl_typesupport_introspection_c.h
[2.254s] -- Up-to-date: /home/amrl-linux24-04/ros2_ben/install/orbbec_camera_msgs/include/orbbec_camera_msgs/orbbec_camera_msgs/srv/detail/get_string__rosidl_typesupport_introspection_c.h
[2.254s] -- Up-to-date: /home/amrl-linux24-04/ros2_ben/install/orbbec_camera_msgs/include/orbbec_camera_msgs/orbbec_camera_msgs/srv/detail/set_string__type_support.c
[2.254s] -- Up-to-date: /home/amrl-linux24-04/ros2_ben/install/orbbec_camera_msgs/include/orbbec_camera_msgs/orbbec_camera_msgs/srv/detail/get_string__type_support.c
[2.254s] -- Up-to-date: /home/amrl-linux24-04/ros2_ben/install/orbbec_camera_msgs/include/orbbec_camera_msgs/orbbec_camera_msgs/srv/detail/get_camera_info__type_support.c
[2.255s] -- Up-to-date: /home/amrl-linux24-04/ros2_ben/install/orbbec_camera_msgs/include/orbbec_camera_msgs/orbbec_camera_msgs/srv/detail/set_int32__type_support.c
[2.255s] -- Up-to-date: /home/amrl-linux24-04/ros2_ben/install/orbbec_camera_msgs/include/orbbec_camera_msgs/orbbec_camera_msgs/srv/detail/get_camera_info__rosidl_typesupport_introspection_c.h
[2.255s] -- Up-to-date: /home/amrl-linux24-04/ros2_ben/install/orbbec_camera_msgs/include/orbbec_camera_msgs/orbbec_camera_msgs/srv/detail/get_int32__type_support.c
[2.255s] -- Up-to-date: /home/amrl-linux24-04/ros2_ben/install/orbbec_camera_msgs/include/orbbec_camera_msgs/orbbec_camera_msgs/srv/detail/get_bool__rosidl_typesupport_introspection_c.h
[2.255s] -- Up-to-date: /home/amrl-linux24-04/ros2_ben/install/orbbec_camera_msgs/include/orbbec_camera_msgs/orbbec_camera_msgs/srv/detail/set_int32__rosidl_typesupport_introspection_c.h
[2.255s] -- Up-to-date: /home/amrl-linux24-04/ros2_ben/install/orbbec_camera_msgs/include/orbbec_camera_msgs/orbbec_camera_msgs/msg
[2.255s] -- Up-to-date: /home/amrl-linux24-04/ros2_ben/install/orbbec_camera_msgs/include/orbbec_camera_msgs/orbbec_camera_msgs/msg/detail
[2.255s] -- Up-to-date: /home/amrl-linux24-04/ros2_ben/install/orbbec_camera_msgs/include/orbbec_camera_msgs/orbbec_camera_msgs/msg/detail/extrinsics__type_support.c
[2.255s] -- Up-to-date: /home/amrl-linux24-04/ros2_ben/install/orbbec_camera_msgs/include/orbbec_camera_msgs/orbbec_camera_msgs/msg/detail/metadata__rosidl_typesupport_introspection_c.h
[2.255s] -- Up-to-date: /home/amrl-linux24-04/ros2_ben/install/orbbec_camera_msgs/include/orbbec_camera_msgs/orbbec_camera_msgs/msg/detail/metadata__type_support.c
[2.255s] -- Up-to-date: /home/amrl-linux24-04/ros2_ben/install/orbbec_camera_msgs/include/orbbec_camera_msgs/orbbec_camera_msgs/msg/detail/device_info__type_support.c
[2.256s] -- Up-to-date: /home/amrl-linux24-04/ros2_ben/install/orbbec_camera_msgs/include/orbbec_camera_msgs/orbbec_camera_msgs/msg/detail/rgbd__type_support.c
[2.256s] -- Up-to-date: /home/amrl-linux24-04/ros2_ben/install/orbbec_camera_msgs/include/orbbec_camera_msgs/orbbec_camera_msgs/msg/detail/rgbd__rosidl_typesupport_introspection_c.h
[2.257s] -- Up-to-date: /home/amrl-linux24-04/ros2_ben/install/orbbec_camera_msgs/include/orbbec_camera_msgs/orbbec_camera_msgs/msg/detail/extrinsics__rosidl_typesupport_introspection_c.h
[2.258s] -- Up-to-date: /home/amrl-linux24-04/ros2_ben/install/orbbec_camera_msgs/include/orbbec_camera_msgs/orbbec_camera_msgs/msg/detail/device_info__rosidl_typesupport_introspection_c.h
[2.258s] -- Up-to-date: /home/amrl-linux24-04/ros2_ben/install/orbbec_camera_msgs/include/orbbec_camera_msgs/orbbec_camera_msgs/msg/detail/imu_info__type_support.c
[2.258s] -- Up-to-date: /home/amrl-linux24-04/ros2_ben/install/orbbec_camera_msgs/include/orbbec_camera_msgs/orbbec_camera_msgs/msg/detail/imu_info__rosidl_typesupport_introspection_c.h
[2.258s] -- Up-to-date: /home/amrl-linux24-04/ros2_ben/install/orbbec_camera_msgs/include/orbbec_camera_msgs/orbbec_camera_msgs/msg/rosidl_typesupport_introspection_c__visibility_control.h
[2.258s] -- Up-to-date: /home/amrl-linux24-04/ros2_ben/install/orbbec_camera_msgs/lib/liborbbec_camera_msgs__rosidl_typesupport_introspection_c.so
[2.260s] -- Up-to-date: /home/amrl-linux24-04/ros2_ben/install/orbbec_camera_msgs/lib/liborbbec_camera_msgs__rosidl_typesupport_c.so
[2.261s] -- Up-to-date: /home/amrl-linux24-04/ros2_ben/install/orbbec_camera_msgs/include/orbbec_camera_msgs/orbbec_camera_msgs
[2.261s] -- Up-to-date: /home/amrl-linux24-04/ros2_ben/install/orbbec_camera_msgs/include/orbbec_camera_msgs/orbbec_camera_msgs/srv
[2.261s] -- Up-to-date: /home/amrl-linux24-04/ros2_ben/install/orbbec_camera_msgs/include/orbbec_camera_msgs/orbbec_camera_msgs/srv/get_device_info.hpp
[2.261s] -- Up-to-date: /home/amrl-linux24-04/ros2_ben/install/orbbec_camera_msgs/include/orbbec_camera_msgs/orbbec_camera_msgs/srv/detail
[2.261s] -- Up-to-date: /home/amrl-linux24-04/ros2_ben/install/orbbec_camera_msgs/include/orbbec_camera_msgs/orbbec_camera_msgs/srv/detail/set_string__traits.hpp
[2.261s] -- Up-to-date: /home/amrl-linux24-04/ros2_ben/install/orbbec_camera_msgs/include/orbbec_camera_msgs/orbbec_camera_msgs/srv/detail/get_camera_info__traits.hpp
[2.261s] -- Up-to-date: /home/amrl-linux24-04/ros2_ben/install/orbbec_camera_msgs/include/orbbec_camera_msgs/orbbec_camera_msgs/srv/detail/set_int32__type_support.hpp
[2.261s] -- Up-to-date: /home/amrl-linux24-04/ros2_ben/install/orbbec_camera_msgs/include/orbbec_camera_msgs/orbbec_camera_msgs/srv/detail/set_int32__traits.hpp
[2.261s] -- Up-to-date: /home/amrl-linux24-04/ros2_ben/install/orbbec_camera_msgs/include/orbbec_camera_msgs/orbbec_camera_msgs/srv/detail/get_int32__type_support.hpp
[2.261s] -- Up-to-date: /home/amrl-linux24-04/ros2_ben/install/orbbec_camera_msgs/include/orbbec_camera_msgs/orbbec_camera_msgs/srv/detail/get_string__traits.hpp
[2.261s] -- Up-to-date: /home/amrl-linux24-04/ros2_ben/install/orbbec_camera_msgs/include/orbbec_camera_msgs/orbbec_camera_msgs/srv/detail/get_camera_info__struct.hpp
[2.261s] -- Up-to-date: /home/amrl-linux24-04/ros2_ben/install/orbbec_camera_msgs/include/orbbec_camera_msgs/orbbec_camera_msgs/srv/detail/set_string__builder.hpp
[2.261s] -- Up-to-date: /home/amrl-linux24-04/ros2_ben/install/orbbec_camera_msgs/include/orbbec_camera_msgs/orbbec_camera_msgs/srv/detail/get_camera_info__builder.hpp
[2.261s] -- Up-to-date: /home/amrl-linux24-04/ros2_ben/install/orbbec_camera_msgs/include/orbbec_camera_msgs/orbbec_camera_msgs/srv/detail/get_bool__struct.hpp
[2.262s] -- Up-to-date: /home/amrl-linux24-04/ros2_ben/install/orbbec_camera_msgs/include/orbbec_camera_msgs/orbbec_camera_msgs/srv/detail/get_string__struct.hpp
[2.262s] -- Up-to-date: /home/amrl-linux24-04/ros2_ben/install/orbbec_camera_msgs/include/orbbec_camera_msgs/orbbec_camera_msgs/srv/detail/set_string__struct.hpp
[2.262s] -- Up-to-date: /home/amrl-linux24-04/ros2_ben/install/orbbec_camera_msgs/include/orbbec_camera_msgs/orbbec_camera_msgs/srv/detail/get_bool__type_support.hpp
[2.262s] -- Up-to-date: /home/amrl-linux24-04/ros2_ben/install/orbbec_camera_msgs/include/orbbec_camera_msgs/orbbec_camera_msgs/srv/detail/get_string__builder.hpp
[2.262s] -- Up-to-date: /home/amrl-linux24-04/ros2_ben/install/orbbec_camera_msgs/include/orbbec_camera_msgs/orbbec_camera_msgs/srv/detail/get_int32__traits.hpp
[2.262s] -- Up-to-date: /home/amrl-linux24-04/ros2_ben/install/orbbec_camera_msgs/include/orbbec_camera_msgs/orbbec_camera_msgs/srv/detail/get_device_info__builder.hpp
[2.262s] -- Up-to-date: /home/amrl-linux24-04/ros2_ben/install/orbbec_camera_msgs/include/orbbec_camera_msgs/orbbec_camera_msgs/srv/detail/get_device_info__type_support.hpp
[2.262s] -- Up-to-date: /home/amrl-linux24-04/ros2_ben/install/orbbec_camera_msgs/include/orbbec_camera_msgs/orbbec_camera_msgs/srv/detail/get_bool__builder.hpp
[2.262s] -- Up-to-date: /home/amrl-linux24-04/ros2_ben/install/orbbec_camera_msgs/include/orbbec_camera_msgs/orbbec_camera_msgs/srv/detail/set_int32__builder.hpp
[2.262s] -- Up-to-date: /home/amrl-linux24-04/ros2_ben/install/orbbec_camera_msgs/include/orbbec_camera_msgs/orbbec_camera_msgs/srv/detail/set_int32__struct.hpp
[2.262s] -- Up-to-date: /home/amrl-linux24-04/ros2_ben/install/orbbec_camera_msgs/include/orbbec_camera_msgs/orbbec_camera_msgs/srv/detail/get_device_info__traits.hpp
[2.262s] -- Up-to-date: /home/amrl-linux24-04/ros2_ben/install/orbbec_camera_msgs/include/orbbec_camera_msgs/orbbec_camera_msgs/srv/detail/get_string__type_support.hpp
[2.262s] -- Up-to-date: /home/amrl-linux24-04/ros2_ben/install/orbbec_camera_msgs/include/orbbec_camera_msgs/orbbec_camera_msgs/srv/detail/get_bool__traits.hpp
[2.263s] -- Up-to-date: /home/amrl-linux24-04/ros2_ben/install/orbbec_camera_msgs/include/orbbec_camera_msgs/orbbec_camera_msgs/srv/detail/set_string__type_support.hpp
[2.263s] -- Up-to-date: /home/amrl-linux24-04/ros2_ben/install/orbbec_camera_msgs/include/orbbec_camera_msgs/orbbec_camera_msgs/srv/detail/get_camera_info__type_support.hpp
[2.263s] -- Up-to-date: /home/amrl-linux24-04/ros2_ben/install/orbbec_camera_msgs/include/orbbec_camera_msgs/orbbec_camera_msgs/srv/detail/get_device_info__struct.hpp
[2.263s] -- Up-to-date: /home/amrl-linux24-04/ros2_ben/install/orbbec_camera_msgs/include/orbbec_camera_msgs/orbbec_camera_msgs/srv/detail/get_int32__struct.hpp
[2.263s] -- Up-to-date: /home/amrl-linux24-04/ros2_ben/install/orbbec_camera_msgs/include/orbbec_camera_msgs/orbbec_camera_msgs/srv/detail/get_int32__builder.hpp
[2.263s] -- Up-to-date: /home/amrl-linux24-04/ros2_ben/install/orbbec_camera_msgs/include/orbbec_camera_msgs/orbbec_camera_msgs/srv/set_int32.hpp
[2.263s] -- Up-to-date: /home/amrl-linux24-04/ros2_ben/install/orbbec_camera_msgs/include/orbbec_camera_msgs/orbbec_camera_msgs/srv/get_camera_info.hpp
[2.263s] -- Up-to-date: /home/amrl-linux24-04/ros2_ben/install/orbbec_camera_msgs/include/orbbec_camera_msgs/orbbec_camera_msgs/srv/set_string.hpp
[2.263s] -- Up-to-date: /home/amrl-linux24-04/ros2_ben/install/orbbec_camera_msgs/include/orbbec_camera_msgs/orbbec_camera_msgs/srv/get_int32.hpp
[2.263s] -- Up-to-date: /home/amrl-linux24-04/ros2_ben/install/orbbec_camera_msgs/include/orbbec_camera_msgs/orbbec_camera_msgs/srv/get_bool.hpp
[2.263s] -- Up-to-date: /home/amrl-linux24-04/ros2_ben/install/orbbec_camera_msgs/include/orbbec_camera_msgs/orbbec_camera_msgs/srv/get_string.hpp
[2.263s] -- Up-to-date: /home/amrl-linux24-04/ros2_ben/install/orbbec_camera_msgs/include/orbbec_camera_msgs/orbbec_camera_msgs/msg
[2.263s] -- Up-to-date: /home/amrl-linux24-04/ros2_ben/install/orbbec_camera_msgs/include/orbbec_camera_msgs/orbbec_camera_msgs/msg/metadata.hpp
[2.263s] -- Up-to-date: /home/amrl-linux24-04/ros2_ben/install/orbbec_camera_msgs/include/orbbec_camera_msgs/orbbec_camera_msgs/msg/detail
[2.264s] -- Up-to-date: /home/amrl-linux24-04/ros2_ben/install/orbbec_camera_msgs/include/orbbec_camera_msgs/orbbec_camera_msgs/msg/detail/metadata__type_support.hpp
[2.264s] -- Up-to-date: /home/amrl-linux24-04/ros2_ben/install/orbbec_camera_msgs/include/orbbec_camera_msgs/orbbec_camera_msgs/msg/detail/device_info__struct.hpp
[2.264s] -- Up-to-date: /home/amrl-linux24-04/ros2_ben/install/orbbec_camera_msgs/include/orbbec_camera_msgs/orbbec_camera_msgs/msg/detail/imu_info__builder.hpp
[2.264s] -- Up-to-date: /home/amrl-linux24-04/ros2_ben/install/orbbec_camera_msgs/include/orbbec_camera_msgs/orbbec_camera_msgs/msg/detail/rgbd__struct.hpp
[2.264s] -- Up-to-date: /home/amrl-linux24-04/ros2_ben/install/orbbec_camera_msgs/include/orbbec_camera_msgs/orbbec_camera_msgs/msg/detail/imu_info__traits.hpp
[2.264s] -- Up-to-date: /home/amrl-linux24-04/ros2_ben/install/orbbec_camera_msgs/include/orbbec_camera_msgs/orbbec_camera_msgs/msg/detail/imu_info__struct.hpp
[2.264s] -- Up-to-date: /home/amrl-linux24-04/ros2_ben/install/orbbec_camera_msgs/include/orbbec_camera_msgs/orbbec_camera_msgs/msg/detail/extrinsics__struct.hpp
[2.264s] -- Up-to-date: /home/amrl-linux24-04/ros2_ben/install/orbbec_camera_msgs/include/orbbec_camera_msgs/orbbec_camera_msgs/msg/detail/imu_info__type_support.hpp
[2.264s] -- Up-to-date: /home/amrl-linux24-04/ros2_ben/install/orbbec_camera_msgs/include/orbbec_camera_msgs/orbbec_camera_msgs/msg/detail/device_info__type_support.hpp
[2.264s] -- Up-to-date: /home/amrl-linux24-04/ros2_ben/install/orbbec_camera_msgs/include/orbbec_camera_msgs/orbbec_camera_msgs/msg/detail/extrinsics__type_support.hpp
[2.264s] -- Up-to-date: /home/amrl-linux24-04/ros2_ben/install/orbbec_camera_msgs/include/orbbec_camera_msgs/orbbec_camera_msgs/msg/detail/extrinsics__traits.hpp
[2.264s] -- Up-to-date: /home/amrl-linux24-04/ros2_ben/install/orbbec_camera_msgs/include/orbbec_camera_msgs/orbbec_camera_msgs/msg/detail/metadata__builder.hpp
[2.265s] -- Up-to-date: /home/amrl-linux24-04/ros2_ben/install/orbbec_camera_msgs/include/orbbec_camera_msgs/orbbec_camera_msgs/msg/detail/device_info__builder.hpp
[2.266s] -- Up-to-date: /home/amrl-linux24-04/ros2_ben/install/orbbec_camera_msgs/include/orbbec_camera_msgs/orbbec_camera_msgs/msg/detail/metadata__traits.hpp
[2.266s] -- Up-to-date: /home/amrl-linux24-04/ros2_ben/install/orbbec_camera_msgs/include/orbbec_camera_msgs/orbbec_camera_msgs/msg/detail/metadata__struct.hpp
[2.266s] -- Up-to-date: /home/amrl-linux24-04/ros2_ben/install/orbbec_camera_msgs/include/orbbec_camera_msgs/orbbec_camera_msgs/msg/detail/device_info__traits.hpp
[2.266s] -- Up-to-date: /home/amrl-linux24-04/ros2_ben/install/orbbec_camera_msgs/include/orbbec_camera_msgs/orbbec_camera_msgs/msg/detail/rgbd__traits.hpp
[2.266s] -- Up-to-date: /home/amrl-linux24-04/ros2_ben/install/orbbec_camera_msgs/include/orbbec_camera_msgs/orbbec_camera_msgs/msg/detail/extrinsics__builder.hpp
[2.266s] -- Up-to-date: /home/amrl-linux24-04/ros2_ben/install/orbbec_camera_msgs/include/orbbec_camera_msgs/orbbec_camera_msgs/msg/detail/rgbd__type_support.hpp
[2.266s] -- Up-to-date: /home/amrl-linux24-04/ros2_ben/install/orbbec_camera_msgs/include/orbbec_camera_msgs/orbbec_camera_msgs/msg/detail/rgbd__builder.hpp
[2.266s] -- Up-to-date: /home/amrl-linux24-04/ros2_ben/install/orbbec_camera_msgs/include/orbbec_camera_msgs/orbbec_camera_msgs/msg/imu_info.hpp
[2.266s] -- Up-to-date: /home/amrl-linux24-04/ros2_ben/install/orbbec_camera_msgs/include/orbbec_camera_msgs/orbbec_camera_msgs/msg/rgbd.hpp
[2.266s] -- Up-to-date: /home/amrl-linux24-04/ros2_ben/install/orbbec_camera_msgs/include/orbbec_camera_msgs/orbbec_camera_msgs/msg/rosidl_generator_cpp__visibility_control.hpp
[2.266s] -- Up-to-date: /home/amrl-linux24-04/ros2_ben/install/orbbec_camera_msgs/include/orbbec_camera_msgs/orbbec_camera_msgs/msg/device_info.hpp
[2.266s] -- Up-to-date: /home/amrl-linux24-04/ros2_ben/install/orbbec_camera_msgs/include/orbbec_camera_msgs/orbbec_camera_msgs/msg/extrinsics.hpp
[2.266s] -- Up-to-date: /home/amrl-linux24-04/ros2_ben/install/orbbec_camera_msgs/include/orbbec_camera_msgs/orbbec_camera_msgs
[2.266s] -- Up-to-date: /home/amrl-linux24-04/ros2_ben/install/orbbec_camera_msgs/include/orbbec_camera_msgs/orbbec_camera_msgs/srv
[2.267s] -- Up-to-date: /home/amrl-linux24-04/ros2_ben/install/orbbec_camera_msgs/include/orbbec_camera_msgs/orbbec_camera_msgs/srv/detail
[2.267s] -- Up-to-date: /home/amrl-linux24-04/ros2_ben/install/orbbec_camera_msgs/include/orbbec_camera_msgs/orbbec_camera_msgs/srv/detail/set_string__rosidl_typesupport_fastrtps_cpp.hpp
[2.267s] -- Up-to-date: /home/amrl-linux24-04/ros2_ben/install/orbbec_camera_msgs/include/orbbec_camera_msgs/orbbec_camera_msgs/srv/detail/set_int32__rosidl_typesupport_fastrtps_cpp.hpp
[2.267s] -- Up-to-date: /home/amrl-linux24-04/ros2_ben/install/orbbec_camera_msgs/include/orbbec_camera_msgs/orbbec_camera_msgs/srv/detail/dds_fastrtps
[2.267s] -- Up-to-date: /home/amrl-linux24-04/ros2_ben/install/orbbec_camera_msgs/include/orbbec_camera_msgs/orbbec_camera_msgs/srv/detail/get_bool__rosidl_typesupport_fastrtps_cpp.hpp
[2.267s] -- Up-to-date: /home/amrl-linux24-04/ros2_ben/install/orbbec_camera_msgs/include/orbbec_camera_msgs/orbbec_camera_msgs/srv/detail/get_device_info__rosidl_typesupport_fastrtps_cpp.hpp
[2.267s] -- Up-to-date: /home/amrl-linux24-04/ros2_ben/install/orbbec_camera_msgs/include/orbbec_camera_msgs/orbbec_camera_msgs/srv/detail/get_camera_info__rosidl_typesupport_fastrtps_cpp.hpp
[2.267s] -- Up-to-date: /home/amrl-linux24-04/ros2_ben/install/orbbec_camera_msgs/include/orbbec_camera_msgs/orbbec_camera_msgs/srv/detail/get_int32__rosidl_typesupport_fastrtps_cpp.hpp
[2.267s] -- Up-to-date: /home/amrl-linux24-04/ros2_ben/install/orbbec_camera_msgs/include/orbbec_camera_msgs/orbbec_camera_msgs/srv/detail/get_string__rosidl_typesupport_fastrtps_cpp.hpp
[2.267s] -- Up-to-date: /home/amrl-linux24-04/ros2_ben/install/orbbec_camera_msgs/include/orbbec_camera_msgs/orbbec_camera_msgs/msg
[2.267s] -- Up-to-date: /home/amrl-linux24-04/ros2_ben/install/orbbec_camera_msgs/include/orbbec_camera_msgs/orbbec_camera_msgs/msg/detail
[2.267s] -- Up-to-date: /home/amrl-linux24-04/ros2_ben/install/orbbec_camera_msgs/include/orbbec_camera_msgs/orbbec_camera_msgs/msg/detail/dds_fastrtps
[2.267s] -- Up-to-date: /home/amrl-linux24-04/ros2_ben/install/orbbec_camera_msgs/include/orbbec_camera_msgs/orbbec_camera_msgs/msg/detail/metadata__rosidl_typesupport_fastrtps_cpp.hpp
[2.268s] -- Up-to-date: /home/amrl-linux24-04/ros2_ben/install/orbbec_camera_msgs/include/orbbec_camera_msgs/orbbec_camera_msgs/msg/detail/rgbd__rosidl_typesupport_fastrtps_cpp.hpp
[2.268s] -- Up-to-date: /home/amrl-linux24-04/ros2_ben/install/orbbec_camera_msgs/include/orbbec_camera_msgs/orbbec_camera_msgs/msg/detail/imu_info__rosidl_typesupport_fastrtps_cpp.hpp
[2.268s] -- Up-to-date: /home/amrl-linux24-04/ros2_ben/install/orbbec_camera_msgs/include/orbbec_camera_msgs/orbbec_camera_msgs/msg/detail/device_info__rosidl_typesupport_fastrtps_cpp.hpp
[2.268s] -- Up-to-date: /home/amrl-linux24-04/ros2_ben/install/orbbec_camera_msgs/include/orbbec_camera_msgs/orbbec_camera_msgs/msg/detail/extrinsics__rosidl_typesupport_fastrtps_cpp.hpp
[2.268s] -- Up-to-date: /home/amrl-linux24-04/ros2_ben/install/orbbec_camera_msgs/include/orbbec_camera_msgs/orbbec_camera_msgs/msg/rosidl_typesupport_fastrtps_cpp__visibility_control.h
[2.268s] -- Up-to-date: /home/amrl-linux24-04/ros2_ben/install/orbbec_camera_msgs/lib/liborbbec_camera_msgs__rosidl_typesupport_fastrtps_cpp.so
[2.268s] -- Up-to-date: /home/amrl-linux24-04/ros2_ben/install/orbbec_camera_msgs/include/orbbec_camera_msgs/orbbec_camera_msgs
[2.268s] -- Up-to-date: /home/amrl-linux24-04/ros2_ben/install/orbbec_camera_msgs/include/orbbec_camera_msgs/orbbec_camera_msgs/srv
[2.268s] -- Up-to-date: /home/amrl-linux24-04/ros2_ben/install/orbbec_camera_msgs/include/orbbec_camera_msgs/orbbec_camera_msgs/srv/detail
[2.268s] -- Up-to-date: /home/amrl-linux24-04/ros2_ben/install/orbbec_camera_msgs/include/orbbec_camera_msgs/orbbec_camera_msgs/srv/detail/get_camera_info__rosidl_typesupport_introspection_cpp.hpp
[2.268s] -- Up-to-date: /home/amrl-linux24-04/ros2_ben/install/orbbec_camera_msgs/include/orbbec_camera_msgs/orbbec_camera_msgs/srv/detail/get_int32__rosidl_typesupport_introspection_cpp.hpp
[2.268s] -- Up-to-date: /home/amrl-linux24-04/ros2_ben/install/orbbec_camera_msgs/include/orbbec_camera_msgs/orbbec_camera_msgs/srv/detail/get_device_info__rosidl_typesupport_introspection_cpp.hpp
[2.268s] -- Up-to-date: /home/amrl-linux24-04/ros2_ben/install/orbbec_camera_msgs/include/orbbec_camera_msgs/orbbec_camera_msgs/srv/detail/get_bool__type_support.cpp
[2.268s] -- Up-to-date: /home/amrl-linux24-04/ros2_ben/install/orbbec_camera_msgs/include/orbbec_camera_msgs/orbbec_camera_msgs/srv/detail/get_device_info__type_support.cpp
[2.269s] -- Up-to-date: /home/amrl-linux24-04/ros2_ben/install/orbbec_camera_msgs/include/orbbec_camera_msgs/orbbec_camera_msgs/srv/detail/set_string__type_support.cpp
[2.269s] -- Up-to-date: /home/amrl-linux24-04/ros2_ben/install/orbbec_camera_msgs/include/orbbec_camera_msgs/orbbec_camera_msgs/srv/detail/set_int32__rosidl_typesupport_introspection_cpp.hpp
[2.269s] -- Up-to-date: /home/amrl-linux24-04/ros2_ben/install/orbbec_camera_msgs/include/orbbec_camera_msgs/orbbec_camera_msgs/srv/detail/get_string__rosidl_typesupport_introspection_cpp.hpp
[2.269s] -- Up-to-date: /home/amrl-linux24-04/ros2_ben/install/orbbec_camera_msgs/include/orbbec_camera_msgs/orbbec_camera_msgs/srv/detail/get_camera_info__type_support.cpp
[2.269s] -- Up-to-date: /home/amrl-linux24-04/ros2_ben/install/orbbec_camera_msgs/include/orbbec_camera_msgs/orbbec_camera_msgs/srv/detail/set_int32__type_support.cpp
[2.269s] -- Up-to-date: /home/amrl-linux24-04/ros2_ben/install/orbbec_camera_msgs/include/orbbec_camera_msgs/orbbec_camera_msgs/srv/detail/set_string__rosidl_typesupport_introspection_cpp.hpp
[2.269s] -- Up-to-date: /home/amrl-linux24-04/ros2_ben/install/orbbec_camera_msgs/include/orbbec_camera_msgs/orbbec_camera_msgs/srv/detail/get_string__type_support.cpp
[2.269s] -- Up-to-date: /home/amrl-linux24-04/ros2_ben/install/orbbec_camera_msgs/include/orbbec_camera_msgs/orbbec_camera_msgs/srv/detail/get_bool__rosidl_typesupport_introspection_cpp.hpp
[2.269s] -- Up-to-date: /home/amrl-linux24-04/ros2_ben/install/orbbec_camera_msgs/include/orbbec_camera_msgs/orbbec_camera_msgs/srv/detail/get_int32__type_support.cpp
[2.269s] -- Up-to-date: /home/amrl-linux24-04/ros2_ben/install/orbbec_camera_msgs/include/orbbec_camera_msgs/orbbec_camera_msgs/msg
[2.269s] -- Up-to-date: /home/amrl-linux24-04/ros2_ben/install/orbbec_camera_msgs/include/orbbec_camera_msgs/orbbec_camera_msgs/msg/detail
[2.269s] -- Up-to-date: /home/amrl-linux24-04/ros2_ben/install/orbbec_camera_msgs/include/orbbec_camera_msgs/orbbec_camera_msgs/msg/detail/imu_info__type_support.cpp
[2.269s] -- Up-to-date: /home/amrl-linux24-04/ros2_ben/install/orbbec_camera_msgs/include/orbbec_camera_msgs/orbbec_camera_msgs/msg/detail/metadata__rosidl_typesupport_introspection_cpp.hpp
[2.269s] -- Up-to-date: /home/amrl-linux24-04/ros2_ben/install/orbbec_camera_msgs/include/orbbec_camera_msgs/orbbec_camera_msgs/msg/detail/device_info__type_support.cpp
[2.269s] -- Up-to-date: /home/amrl-linux24-04/ros2_ben/install/orbbec_camera_msgs/include/orbbec_camera_msgs/orbbec_camera_msgs/msg/detail/imu_info__rosidl_typesupport_introspection_cpp.hpp
[2.270s] -- Up-to-date: /home/amrl-linux24-04/ros2_ben/install/orbbec_camera_msgs/include/orbbec_camera_msgs/orbbec_camera_msgs/msg/detail/extrinsics__rosidl_typesupport_introspection_cpp.hpp
[2.270s] -- Up-to-date: /home/amrl-linux24-04/ros2_ben/install/orbbec_camera_msgs/include/orbbec_camera_msgs/orbbec_camera_msgs/msg/detail/device_info__rosidl_typesupport_introspection_cpp.hpp
[2.270s] -- Up-to-date: /home/amrl-linux24-04/ros2_ben/install/orbbec_camera_msgs/include/orbbec_camera_msgs/orbbec_camera_msgs/msg/detail/rgbd__rosidl_typesupport_introspection_cpp.hpp
[2.270s] -- Up-to-date: /home/amrl-linux24-04/ros2_ben/install/orbbec_camera_msgs/include/orbbec_camera_msgs/orbbec_camera_msgs/msg/detail/metadata__type_support.cpp
[2.270s] -- Up-to-date: /home/amrl-linux24-04/ros2_ben/install/orbbec_camera_msgs/include/orbbec_camera_msgs/orbbec_camera_msgs/msg/detail/extrinsics__type_support.cpp
[2.270s] -- Up-to-date: /home/amrl-linux24-04/ros2_ben/install/orbbec_camera_msgs/include/orbbec_camera_msgs/orbbec_camera_msgs/msg/detail/rgbd__type_support.cpp
[2.270s] -- Up-to-date: /home/amrl-linux24-04/ros2_ben/install/orbbec_camera_msgs/lib/liborbbec_camera_msgs__rosidl_typesupport_introspection_cpp.so
[2.270s] -- Up-to-date: /home/amrl-linux24-04/ros2_ben/install/orbbec_camera_msgs/lib/liborbbec_camera_msgs__rosidl_typesupport_cpp.so
[2.270s] -- Up-to-date: /home/amrl-linux24-04/ros2_ben/install/orbbec_camera_msgs/share/orbbec_camera_msgs/environment/pythonpath.sh
[2.270s] -- Up-to-date: /home/amrl-linux24-04/ros2_ben/install/orbbec_camera_msgs/share/orbbec_camera_msgs/environment/pythonpath.dsv
[2.270s] -- Up-to-date: /home/amrl-linux24-04/ros2_ben/install/orbbec_camera_msgs/lib/python3.12/site-packages/orbbec_camera_msgs-1.2.2-py3.12.egg-info
[2.270s] -- Installing: /home/amrl-linux24-04/ros2_ben/install/orbbec_camera_msgs/lib/python3.12/site-packages/orbbec_camera_msgs-1.2.2-py3.12.egg-info/top_level.txt
[2.270s] -- Installing: /home/amrl-linux24-04/ros2_ben/install/orbbec_camera_msgs/lib/python3.12/site-packages/orbbec_camera_msgs-1.2.2-py3.12.egg-info/dependency_links.txt
[2.270s] -- Installing: /home/amrl-linux24-04/ros2_ben/install/orbbec_camera_msgs/lib/python3.12/site-packages/orbbec_camera_msgs-1.2.2-py3.12.egg-info/PKG-INFO
[2.270s] -- Installing: /home/amrl-linux24-04/ros2_ben/install/orbbec_camera_msgs/lib/python3.12/site-packages/orbbec_camera_msgs-1.2.2-py3.12.egg-info/SOURCES.txt
[2.270s] -- Up-to-date: /home/amrl-linux24-04/ros2_ben/install/orbbec_camera_msgs/lib/python3.12/site-packages/orbbec_camera_msgs
[2.271s] -- Up-to-date: /home/amrl-linux24-04/ros2_ben/install/orbbec_camera_msgs/lib/python3.12/site-packages/orbbec_camera_msgs/srv
[2.271s] -- Up-to-date: /home/amrl-linux24-04/ros2_ben/install/orbbec_camera_msgs/lib/python3.12/site-packages/orbbec_camera_msgs/srv/_get_bool_s.c
[2.271s] -- Up-to-date: /home/amrl-linux24-04/ros2_ben/install/orbbec_camera_msgs/lib/python3.12/site-packages/orbbec_camera_msgs/srv/_get_device_info_s.c
[2.271s] -- Up-to-date: /home/amrl-linux24-04/ros2_ben/install/orbbec_camera_msgs/lib/python3.12/site-packages/orbbec_camera_msgs/srv/__init__.py
[2.271s] -- Up-to-date: /home/amrl-linux24-04/ros2_ben/install/orbbec_camera_msgs/lib/python3.12/site-packages/orbbec_camera_msgs/srv/_set_int32_s.c
[2.271s] -- Up-to-date: /home/amrl-linux24-04/ros2_ben/install/orbbec_camera_msgs/lib/python3.12/site-packages/orbbec_camera_msgs/srv/_get_string.py
[2.271s] -- Up-to-date: /home/amrl-linux24-04/ros2_ben/install/orbbec_camera_msgs/lib/python3.12/site-packages/orbbec_camera_msgs/srv/_set_string.py
[2.271s] -- Up-to-date: /home/amrl-linux24-04/ros2_ben/install/orbbec_camera_msgs/lib/python3.12/site-packages/orbbec_camera_msgs/srv/_set_string_s.c
[2.271s] -- Up-to-date: /home/amrl-linux24-04/ros2_ben/install/orbbec_camera_msgs/lib/python3.12/site-packages/orbbec_camera_msgs/srv/_set_int32.py
[2.271s] -- Up-to-date: /home/amrl-linux24-04/ros2_ben/install/orbbec_camera_msgs/lib/python3.12/site-packages/orbbec_camera_msgs/srv/_get_camera_info.py
[2.271s] -- Up-to-date: /home/amrl-linux24-04/ros2_ben/install/orbbec_camera_msgs/lib/python3.12/site-packages/orbbec_camera_msgs/srv/_get_bool.py
[2.271s] -- Up-to-date: /home/amrl-linux24-04/ros2_ben/install/orbbec_camera_msgs/lib/python3.12/site-packages/orbbec_camera_msgs/srv/_get_int32.py
[2.271s] -- Up-to-date: /home/amrl-linux24-04/ros2_ben/install/orbbec_camera_msgs/lib/python3.12/site-packages/orbbec_camera_msgs/srv/_get_string_s.c
[2.271s] -- Up-to-date: /home/amrl-linux24-04/ros2_ben/install/orbbec_camera_msgs/lib/python3.12/site-packages/orbbec_camera_msgs/srv/_get_int32_s.c
[2.271s] -- Up-to-date: /home/amrl-linux24-04/ros2_ben/install/orbbec_camera_msgs/lib/python3.12/site-packages/orbbec_camera_msgs/srv/_get_device_info.py
[2.271s] -- Up-to-date: /home/amrl-linux24-04/ros2_ben/install/orbbec_camera_msgs/lib/python3.12/site-packages/orbbec_camera_msgs/srv/_get_camera_info_s.c
[2.272s] -- Installing: /home/amrl-linux24-04/ros2_ben/install/orbbec_camera_msgs/lib/python3.12/site-packages/orbbec_camera_msgs/__init__.py
[2.272s] -- Up-to-date: /home/amrl-linux24-04/ros2_ben/install/orbbec_camera_msgs/lib/python3.12/site-packages/orbbec_camera_msgs/_orbbec_camera_msgs_s.ep.rosidl_typesupport_introspection_c.c
[2.272s] -- Up-to-date: /home/amrl-linux24-04/ros2_ben/install/orbbec_camera_msgs/lib/python3.12/site-packages/orbbec_camera_msgs/orbbec_camera_msgs_s__rosidl_typesupport_fastrtps_c.so
[2.272s] -- Up-to-date: /home/amrl-linux24-04/ros2_ben/install/orbbec_camera_msgs/lib/python3.12/site-packages/orbbec_camera_msgs/_orbbec_camera_msgs_s.ep.rosidl_typesupport_c.c
[2.272s] -- Up-to-date: /home/amrl-linux24-04/ros2_ben/install/orbbec_camera_msgs/lib/python3.12/site-packages/orbbec_camera_msgs/msg
[2.272s] -- Up-to-date: /home/amrl-linux24-04/ros2_ben/install/orbbec_camera_msgs/lib/python3.12/site-packages/orbbec_camera_msgs/msg/_device_info.py
[2.272s] -- Up-to-date: /home/amrl-linux24-04/ros2_ben/install/orbbec_camera_msgs/lib/python3.12/site-packages/orbbec_camera_msgs/msg/_metadata.py
[2.272s] -- Up-to-date: /home/amrl-linux24-04/ros2_ben/install/orbbec_camera_msgs/lib/python3.12/site-packages/orbbec_camera_msgs/msg/_extrinsics_s.c
[2.272s] -- Up-to-date: /home/amrl-linux24-04/ros2_ben/install/orbbec_camera_msgs/lib/python3.12/site-packages/orbbec_camera_msgs/msg/_extrinsics.py
[2.272s] -- Up-to-date: /home/amrl-linux24-04/ros2_ben/install/orbbec_camera_msgs/lib/python3.12/site-packages/orbbec_camera_msgs/msg/__init__.py
[2.272s] -- Up-to-date: /home/amrl-linux24-04/ros2_ben/install/orbbec_camera_msgs/lib/python3.12/site-packages/orbbec_camera_msgs/msg/_imu_info.py
[2.272s] -- Up-to-date: /home/amrl-linux24-04/ros2_ben/install/orbbec_camera_msgs/lib/python3.12/site-packages/orbbec_camera_msgs/msg/_rgbd.py
[2.272s] -- Up-to-date: /home/amrl-linux24-04/ros2_ben/install/orbbec_camera_msgs/lib/python3.12/site-packages/orbbec_camera_msgs/msg/_device_info_s.c
[2.272s] -- Up-to-date: /home/amrl-linux24-04/ros2_ben/install/orbbec_camera_msgs/lib/python3.12/site-packages/orbbec_camera_msgs/msg/_imu_info_s.c
[2.272s] -- Up-to-date: /home/amrl-linux24-04/ros2_ben/install/orbbec_camera_msgs/lib/python3.12/site-packages/orbbec_camera_msgs/msg/_rgbd_s.c
[2.272s] -- Up-to-date: /home/amrl-linux24-04/ros2_ben/install/orbbec_camera_msgs/lib/python3.12/site-packages/orbbec_camera_msgs/msg/_metadata_s.c
[2.272s] -- Up-to-date: /home/amrl-linux24-04/ros2_ben/install/orbbec_camera_msgs/lib/python3.12/site-packages/orbbec_camera_msgs/orbbec_camera_msgs_s__rosidl_typesupport_introspection_c.so
[2.272s] -- Up-to-date: /home/amrl-linux24-04/ros2_ben/install/orbbec_camera_msgs/lib/python3.12/site-packages/orbbec_camera_msgs/_orbbec_camera_msgs_s.ep.rosidl_typesupport_fastrtps_c.c
[2.273s] -- Up-to-date: /home/amrl-linux24-04/ros2_ben/install/orbbec_camera_msgs/lib/python3.12/site-packages/orbbec_camera_msgs/orbbec_camera_msgs_s__rosidl_typesupport_c.so
[2.297s] Listing '/home/amrl-linux24-04/ros2_ben/install/orbbec_camera_msgs/lib/python3.12/site-packages/orbbec_camera_msgs'...
[2.297s] Compiling '/home/amrl-linux24-04/ros2_ben/install/orbbec_camera_msgs/lib/python3.12/site-packages/orbbec_camera_msgs/__init__.py'...
[2.297s] Listing '/home/amrl-linux24-04/ros2_ben/install/orbbec_camera_msgs/lib/python3.12/site-packages/orbbec_camera_msgs/msg'...
[2.297s] Listing '/home/amrl-linux24-04/ros2_ben/install/orbbec_camera_msgs/lib/python3.12/site-packages/orbbec_camera_msgs/srv'...
[2.306s] -- Up-to-date: /home/amrl-linux24-04/ros2_ben/install/orbbec_camera_msgs/lib/python3.12/site-packages/orbbec_camera_msgs/orbbec_camera_msgs_s__rosidl_typesupport_fastrtps_c.so
[2.307s] -- Up-to-date: /home/amrl-linux24-04/ros2_ben/install/orbbec_camera_msgs/lib/python3.12/site-packages/orbbec_camera_msgs/orbbec_camera_msgs_s__rosidl_typesupport_introspection_c.so
[2.307s] -- Up-to-date: /home/amrl-linux24-04/ros2_ben/install/orbbec_camera_msgs/lib/python3.12/site-packages/orbbec_camera_msgs/orbbec_camera_msgs_s__rosidl_typesupport_c.so
[2.308s] -- Up-to-date: /home/amrl-linux24-04/ros2_ben/install/orbbec_camera_msgs/lib/liborbbec_camera_msgs__rosidl_generator_py.so
[2.308s] -- Up-to-date: /home/amrl-linux24-04/ros2_ben/install/orbbec_camera_msgs/share/orbbec_camera_msgs/msg/DeviceInfo.idl
[2.308s] -- Up-to-date: /home/amrl-linux24-04/ros2_ben/install/orbbec_camera_msgs/share/orbbec_camera_msgs/msg/Extrinsics.idl
[2.308s] -- Up-to-date: /home/amrl-linux24-04/ros2_ben/install/orbbec_camera_msgs/share/orbbec_camera_msgs/msg/Metadata.idl
[2.308s] -- Up-to-date: /home/amrl-linux24-04/ros2_ben/install/orbbec_camera_msgs/share/orbbec_camera_msgs/msg/IMUInfo.idl
[2.308s] -- Up-to-date: /home/amrl-linux24-04/ros2_ben/install/orbbec_camera_msgs/share/orbbec_camera_msgs/msg/RGBD.idl
[2.308s] -- Up-to-date: /home/amrl-linux24-04/ros2_ben/install/orbbec_camera_msgs/share/orbbec_camera_msgs/srv/GetBool.idl
[2.308s] -- Up-to-date: /home/amrl-linux24-04/ros2_ben/install/orbbec_camera_msgs/share/orbbec_camera_msgs/srv/GetDeviceInfo.idl
[2.309s] -- Up-to-date: /home/amrl-linux24-04/ros2_ben/install/orbbec_camera_msgs/share/orbbec_camera_msgs/srv/GetCameraInfo.idl
[2.309s] -- Up-to-date: /home/amrl-linux24-04/ros2_ben/install/orbbec_camera_msgs/share/orbbec_camera_msgs/srv/GetInt32.idl
[2.309s] -- Up-to-date: /home/amrl-linux24-04/ros2_ben/install/orbbec_camera_msgs/share/orbbec_camera_msgs/srv/GetString.idl
[2.309s] -- Up-to-date: /home/amrl-linux24-04/ros2_ben/install/orbbec_camera_msgs/share/orbbec_camera_msgs/srv/SetInt32.idl
[2.309s] -- Up-to-date: /home/amrl-linux24-04/ros2_ben/install/orbbec_camera_msgs/share/orbbec_camera_msgs/srv/SetString.idl
[2.309s] -- Up-to-date: /home/amrl-linux24-04/ros2_ben/install/orbbec_camera_msgs/share/orbbec_camera_msgs/msg/DeviceInfo.msg
[2.309s] -- Up-to-date: /home/amrl-linux24-04/ros2_ben/install/orbbec_camera_msgs/share/orbbec_camera_msgs/msg/Extrinsics.msg
[2.309s] -- Up-to-date: /home/amrl-linux24-04/ros2_ben/install/orbbec_camera_msgs/share/orbbec_camera_msgs/msg/Metadata.msg
[2.309s] -- Up-to-date: /home/amrl-linux24-04/ros2_ben/install/orbbec_camera_msgs/share/orbbec_camera_msgs/msg/IMUInfo.msg
[2.309s] -- Up-to-date: /home/amrl-linux24-04/ros2_ben/install/orbbec_camera_msgs/share/orbbec_camera_msgs/msg/RGBD.msg
[2.310s] -- Up-to-date: /home/amrl-linux24-04/ros2_ben/install/orbbec_camera_msgs/share/orbbec_camera_msgs/srv/GetBool.srv
[2.310s] -- Up-to-date: /home/amrl-linux24-04/ros2_ben/install/orbbec_camera_msgs/share/orbbec_camera_msgs/srv/GetDeviceInfo.srv
[2.310s] -- Up-to-date: /home/amrl-linux24-04/ros2_ben/install/orbbec_camera_msgs/share/orbbec_camera_msgs/srv/GetCameraInfo.srv
[2.310s] -- Up-to-date: /home/amrl-linux24-04/ros2_ben/install/orbbec_camera_msgs/share/orbbec_camera_msgs/srv/GetInt32.srv
[2.310s] -- Up-to-date: /home/amrl-linux24-04/ros2_ben/install/orbbec_camera_msgs/share/orbbec_camera_msgs/srv/GetString.srv
[2.310s] -- Up-to-date: /home/amrl-linux24-04/ros2_ben/install/orbbec_camera_msgs/share/orbbec_camera_msgs/srv/SetInt32.srv
[2.310s] -- Up-to-date: /home/amrl-linux24-04/ros2_ben/install/orbbec_camera_msgs/share/orbbec_camera_msgs/srv/SetString.srv
[2.310s] -- Up-to-date: /home/amrl-linux24-04/ros2_ben/install/orbbec_camera_msgs/share/ament_index/resource_index/package_run_dependencies/orbbec_camera_msgs
[2.310s] -- Up-to-date: /home/amrl-linux24-04/ros2_ben/install/orbbec_camera_msgs/share/ament_index/resource_index/parent_prefix_path/orbbec_camera_msgs
[2.310s] -- Up-to-date: /home/amrl-linux24-04/ros2_ben/install/orbbec_camera_msgs/share/orbbec_camera_msgs/environment/ament_prefix_path.sh
[2.310s] -- Up-to-date: /home/amrl-linux24-04/ros2_ben/install/orbbec_camera_msgs/share/orbbec_camera_msgs/environment/ament_prefix_path.dsv
[2.310s] -- Up-to-date: /home/amrl-linux24-04/ros2_ben/install/orbbec_camera_msgs/share/orbbec_camera_msgs/environment/path.sh
[2.311s] -- Up-to-date: /home/amrl-linux24-04/ros2_ben/install/orbbec_camera_msgs/share/orbbec_camera_msgs/environment/path.dsv
[2.311s] -- Up-to-date: /home/amrl-linux24-04/ros2_ben/install/orbbec_camera_msgs/share/orbbec_camera_msgs/local_setup.bash
[2.311s] -- Up-to-date: /home/amrl-linux24-04/ros2_ben/install/orbbec_camera_msgs/share/orbbec_camera_msgs/local_setup.sh
[2.311s] -- Up-to-date: /home/amrl-linux24-04/ros2_ben/install/orbbec_camera_msgs/share/orbbec_camera_msgs/local_setup.zsh
[2.311s] -- Up-to-date: /home/amrl-linux24-04/ros2_ben/install/orbbec_camera_msgs/share/orbbec_camera_msgs/local_setup.dsv
[2.311s] -- Installing: /home/amrl-linux24-04/ros2_ben/install/orbbec_camera_msgs/share/orbbec_camera_msgs/package.dsv
[2.311s] -- Up-to-date: /home/amrl-linux24-04/ros2_ben/install/orbbec_camera_msgs/share/ament_index/resource_index/packages/orbbec_camera_msgs
[2.311s] -- Up-to-date: /home/amrl-linux24-04/ros2_ben/install/orbbec_camera_msgs/share/orbbec_camera_msgs/cmake/export_orbbec_camera_msgs__rosidl_generator_cExport.cmake
[2.311s] -- Up-to-date: /home/amrl-linux24-04/ros2_ben/install/orbbec_camera_msgs/share/orbbec_camera_msgs/cmake/export_orbbec_camera_msgs__rosidl_generator_cExport-release.cmake
[2.312s] -- Up-to-date: /home/amrl-linux24-04/ros2_ben/install/orbbec_camera_msgs/share/orbbec_camera_msgs/cmake/export_orbbec_camera_msgs__rosidl_typesupport_fastrtps_cExport.cmake
[2.312s] -- Up-to-date: /home/amrl-linux24-04/ros2_ben/install/orbbec_camera_msgs/share/orbbec_camera_msgs/cmake/export_orbbec_camera_msgs__rosidl_typesupport_fastrtps_cExport-release.cmake
[2.312s] -- Up-to-date: /home/amrl-linux24-04/ros2_ben/install/orbbec_camera_msgs/share/orbbec_camera_msgs/cmake/orbbec_camera_msgs__rosidl_typesupport_introspection_cExport.cmake
[2.312s] -- Up-to-date: /home/amrl-linux24-04/ros2_ben/install/orbbec_camera_msgs/share/orbbec_camera_msgs/cmake/orbbec_camera_msgs__rosidl_typesupport_introspection_cExport-release.cmake
[2.312s] -- Up-to-date: /home/amrl-linux24-04/ros2_ben/install/orbbec_camera_msgs/share/orbbec_camera_msgs/cmake/orbbec_camera_msgs__rosidl_typesupport_cExport.cmake
[2.312s] -- Up-to-date: /home/amrl-linux24-04/ros2_ben/install/orbbec_camera_msgs/share/orbbec_camera_msgs/cmake/orbbec_camera_msgs__rosidl_typesupport_cExport-release.cmake
[2.312s] -- Up-to-date: /home/amrl-linux24-04/ros2_ben/install/orbbec_camera_msgs/share/orbbec_camera_msgs/cmake/export_orbbec_camera_msgs__rosidl_generator_cppExport.cmake
[2.313s] -- Up-to-date: /home/amrl-linux24-04/ros2_ben/install/orbbec_camera_msgs/share/orbbec_camera_msgs/cmake/export_orbbec_camera_msgs__rosidl_typesupport_fastrtps_cppExport.cmake
[2.313s] -- Up-to-date: /home/amrl-linux24-04/ros2_ben/install/orbbec_camera_msgs/share/orbbec_camera_msgs/cmake/export_orbbec_camera_msgs__rosidl_typesupport_fastrtps_cppExport-release.cmake
[2.313s] -- Up-to-date: /home/amrl-linux24-04/ros2_ben/install/orbbec_camera_msgs/share/orbbec_camera_msgs/cmake/orbbec_camera_msgs__rosidl_typesupport_introspection_cppExport.cmake
[2.313s] -- Up-to-date: /home/amrl-linux24-04/ros2_ben/install/orbbec_camera_msgs/share/orbbec_camera_msgs/cmake/orbbec_camera_msgs__rosidl_typesupport_introspection_cppExport-release.cmake
[2.313s] -- Up-to-date: /home/amrl-linux24-04/ros2_ben/install/orbbec_camera_msgs/share/orbbec_camera_msgs/cmake/orbbec_camera_msgs__rosidl_typesupport_cppExport.cmake
[2.313s] -- Up-to-date: /home/amrl-linux24-04/ros2_ben/install/orbbec_camera_msgs/share/orbbec_camera_msgs/cmake/orbbec_camera_msgs__rosidl_typesupport_cppExport-release.cmake
[2.313s] -- Up-to-date: /home/amrl-linux24-04/ros2_ben/install/orbbec_camera_msgs/share/orbbec_camera_msgs/cmake/export_orbbec_camera_msgs__rosidl_generator_pyExport.cmake
[2.314s] -- Up-to-date: /home/amrl-linux24-04/ros2_ben/install/orbbec_camera_msgs/share/orbbec_camera_msgs/cmake/export_orbbec_camera_msgs__rosidl_generator_pyExport-release.cmake
[2.314s] -- Up-to-date: /home/amrl-linux24-04/ros2_ben/install/orbbec_camera_msgs/share/orbbec_camera_msgs/cmake/rosidl_cmake-extras.cmake
[2.314s] -- Up-to-date: /home/amrl-linux24-04/ros2_ben/install/orbbec_camera_msgs/share/orbbec_camera_msgs/cmake/ament_cmake_export_dependencies-extras.cmake
[2.314s] -- Up-to-date: /home/amrl-linux24-04/ros2_ben/install/orbbec_camera_msgs/share/orbbec_camera_msgs/cmake/ament_cmake_export_include_directories-extras.cmake
[2.314s] -- Up-to-date: /home/amrl-linux24-04/ros2_ben/install/orbbec_camera_msgs/share/orbbec_camera_msgs/cmake/ament_cmake_export_libraries-extras.cmake
[2.314s] -- Up-to-date: /home/amrl-linux24-04/ros2_ben/install/orbbec_camera_msgs/share/orbbec_camera_msgs/cmake/ament_cmake_export_targets-extras.cmake
[2.314s] -- Up-to-date: /home/amrl-linux24-04/ros2_ben/install/orbbec_camera_msgs/share/orbbec_camera_msgs/cmake/rosidl_cmake_export_typesupport_targets-extras.cmake
[2.314s] -- Up-to-date: /home/amrl-linux24-04/ros2_ben/install/orbbec_camera_msgs/share/orbbec_camera_msgs/cmake/rosidl_cmake_export_typesupport_libraries-extras.cmake
[2.314s] -- Up-to-date: /home/amrl-linux24-04/ros2_ben/install/orbbec_camera_msgs/share/orbbec_camera_msgs/cmake/orbbec_camera_msgsConfig.cmake
[2.314s] -- Up-to-date: /home/amrl-linux24-04/ros2_ben/install/orbbec_camera_msgs/share/orbbec_camera_msgs/cmake/orbbec_camera_msgsConfig-version.cmake
[2.314s] -- Up-to-date: /home/amrl-linux24-04/ros2_ben/install/orbbec_camera_msgs/share/orbbec_camera_msgs/package.xml
[2.317s] Invoked command in '/home/amrl-linux24-04/ros2_ben/build/orbbec_camera_msgs' returned '0': CMAKE_PREFIX_PATH=${CMAKE_PREFIX_PATH}:/opt/ros/jazzy DEBUGINFOD_URLS=https://debuginfod.ubuntu.com /usr/bin/cmake --install /home/amrl-linux24-04/ros2_ben/build/orbbec_camera_msgs
