[0.031s] Invoking command in '/home/amrl-linux24-04/ros2_ben/build/igus_rebel_msgs': CMAKE_PREFIX_PATH=${CMAKE_PREFIX_PATH}:/home/amrl-linux24-04/ros2_ben/install/yolo_ros:/home/amrl-linux24-04/ros2_ben/install/igusgus_launch:/home/amrl-linux24-04/ros2_ben/install/igusgus:/opt/ros/jazzy DEBUGINFOD_URLS=https://debuginfod.ubuntu.com /usr/bin/cmake --build /home/amrl-linux24-04/ros2_ben/build/igus_rebel_msgs -- -j22 -l22
[0.110s] [  2%] Built target igus_rebel_msgs__rosidl_generator_type_description
[0.116s] [  2%] Built target ament_cmake_python_copy_igus_rebel_msgs
[0.147s] [  4%] Built target igus_rebel_msgs__cpp
[0.149s] [ 22%] Built target igus_rebel_msgs__rosidl_generator_c
[0.189s] [ 31%] Built target igus_rebel_msgs__rosidl_typesupport_introspection_c
[0.194s] [ 40%] Built target igus_rebel_msgs__rosidl_typesupport_fastrtps_c
[0.195s] [ 50%] Built target igus_rebel_msgs__rosidl_typesupport_fastrtps_cpp
[0.198s] [ 59%] Built target igus_rebel_msgs__rosidl_typesupport_cpp
[0.203s] [ 68%] Built target igus_rebel_msgs__rosidl_typesupport_introspection_cpp
[0.207s] [ 77%] Built target igus_rebel_msgs__rosidl_typesupport_c
[0.238s] [ 77%] Built target igus_rebel_msgs
[0.273s] [ 79%] Built target igus_rebel_msgs__py
[0.311s] [ 86%] Built target igus_rebel_msgs__rosidl_generator_py
[0.350s] [ 90%] Built target igus_rebel_msgs_s__rosidl_typesupport_introspection_c
[0.356s] [ 95%] Built target igus_rebel_msgs_s__rosidl_typesupport_c
[0.360s] [100%] Built target igus_rebel_msgs_s__rosidl_typesupport_fastrtps_c
[0.568s] running egg_info
[0.600s] writing igus_rebel_msgs.egg-info/PKG-INFO
[0.600s] writing dependency_links to igus_rebel_msgs.egg-info/dependency_links.txt
[0.600s] writing top-level names to igus_rebel_msgs.egg-info/top_level.txt
[0.732s] reading manifest file 'igus_rebel_msgs.egg-info/SOURCES.txt'
[0.732s] writing manifest file 'igus_rebel_msgs.egg-info/SOURCES.txt'
[0.763s] [100%] Built target ament_cmake_python_build_igus_rebel_msgs_egg
[0.796s] Invoked command in '/home/amrl-linux24-04/ros2_ben/build/igus_rebel_msgs' returned '0': CMAKE_PREFIX_PATH=${CMAKE_PREFIX_PATH}:/home/amrl-linux24-04/ros2_ben/install/yolo_ros:/home/amrl-linux24-04/ros2_ben/install/igusgus_launch:/home/amrl-linux24-04/ros2_ben/install/igusgus:/opt/ros/jazzy DEBUGINFOD_URLS=https://debuginfod.ubuntu.com /usr/bin/cmake --build /home/amrl-linux24-04/ros2_ben/build/igus_rebel_msgs -- -j22 -l22
[0.804s] Invoking command in '/home/amrl-linux24-04/ros2_ben/build/igus_rebel_msgs': CMAKE_PREFIX_PATH=${CMAKE_PREFIX_PATH}:/home/amrl-linux24-04/ros2_ben/install/yolo_ros:/home/amrl-linux24-04/ros2_ben/install/igusgus_launch:/home/amrl-linux24-04/ros2_ben/install/igusgus:/opt/ros/jazzy DEBUGINFOD_URLS=https://debuginfod.ubuntu.com /usr/bin/cmake --install /home/amrl-linux24-04/ros2_ben/build/igus_rebel_msgs
[0.810s] -- Install configuration: ""
[0.810s] -- Up-to-date: /home/amrl-linux24-04/ros2_ben/install/igus_rebel_msgs/share/ament_index/resource_index/rosidl_interfaces/igus_rebel_msgs
[0.810s] -- Up-to-date: /home/amrl-linux24-04/ros2_ben/install/igus_rebel_msgs/share/igus_rebel_msgs/msg/DigitalOutput.json
[0.811s] -- Up-to-date: /home/amrl-linux24-04/ros2_ben/install/igus_rebel_msgs/share/igus_rebel_msgs/srv/SetDigitalOutput.json
[0.811s] -- Up-to-date: /home/amrl-linux24-04/ros2_ben/install/igus_rebel_msgs/include/igus_rebel_msgs/igus_rebel_msgs
[0.811s] -- Up-to-date: /home/amrl-linux24-04/ros2_ben/install/igus_rebel_msgs/include/igus_rebel_msgs/igus_rebel_msgs/srv
[0.811s] -- Up-to-date: /home/amrl-linux24-04/ros2_ben/install/igus_rebel_msgs/include/igus_rebel_msgs/igus_rebel_msgs/srv/detail
[0.811s] -- Up-to-date: /home/amrl-linux24-04/ros2_ben/install/igus_rebel_msgs/include/igus_rebel_msgs/igus_rebel_msgs/srv/detail/set_digital_output__description.c
[0.811s] -- Up-to-date: /home/amrl-linux24-04/ros2_ben/install/igus_rebel_msgs/include/igus_rebel_msgs/igus_rebel_msgs/srv/detail/set_digital_output__type_support.c
[0.811s] -- Up-to-date: /home/amrl-linux24-04/ros2_ben/install/igus_rebel_msgs/include/igus_rebel_msgs/igus_rebel_msgs/srv/detail/set_digital_output__struct.h
[0.811s] -- Up-to-date: /home/amrl-linux24-04/ros2_ben/install/igus_rebel_msgs/include/igus_rebel_msgs/igus_rebel_msgs/srv/detail/set_digital_output__functions.c
[0.813s] -- Up-to-date: /home/amrl-linux24-04/ros2_ben/install/igus_rebel_msgs/include/igus_rebel_msgs/igus_rebel_msgs/srv/detail/set_digital_output__functions.h
[0.813s] -- Up-to-date: /home/amrl-linux24-04/ros2_ben/install/igus_rebel_msgs/include/igus_rebel_msgs/igus_rebel_msgs/srv/detail/set_digital_output__type_support.h
[0.813s] -- Up-to-date: /home/amrl-linux24-04/ros2_ben/install/igus_rebel_msgs/include/igus_rebel_msgs/igus_rebel_msgs/srv/set_digital_output.h
[0.813s] -- Up-to-date: /home/amrl-linux24-04/ros2_ben/install/igus_rebel_msgs/include/igus_rebel_msgs/igus_rebel_msgs/msg
[0.814s] -- Up-to-date: /home/amrl-linux24-04/ros2_ben/install/igus_rebel_msgs/include/igus_rebel_msgs/igus_rebel_msgs/msg/detail
[0.814s] -- Up-to-date: /home/amrl-linux24-04/ros2_ben/install/igus_rebel_msgs/include/igus_rebel_msgs/igus_rebel_msgs/msg/detail/digital_output__type_support.h
[0.814s] -- Up-to-date: /home/amrl-linux24-04/ros2_ben/install/igus_rebel_msgs/include/igus_rebel_msgs/igus_rebel_msgs/msg/detail/digital_output__type_support.c
[0.814s] -- Up-to-date: /home/amrl-linux24-04/ros2_ben/install/igus_rebel_msgs/include/igus_rebel_msgs/igus_rebel_msgs/msg/detail/digital_output__functions.h
[0.814s] -- Up-to-date: /home/amrl-linux24-04/ros2_ben/install/igus_rebel_msgs/include/igus_rebel_msgs/igus_rebel_msgs/msg/detail/digital_output__struct.h
[0.815s] -- Up-to-date: /home/amrl-linux24-04/ros2_ben/install/igus_rebel_msgs/include/igus_rebel_msgs/igus_rebel_msgs/msg/detail/digital_output__functions.c
[0.815s] -- Up-to-date: /home/amrl-linux24-04/ros2_ben/install/igus_rebel_msgs/include/igus_rebel_msgs/igus_rebel_msgs/msg/detail/digital_output__description.c
[0.815s] -- Up-to-date: /home/amrl-linux24-04/ros2_ben/install/igus_rebel_msgs/include/igus_rebel_msgs/igus_rebel_msgs/msg/digital_output.h
[0.815s] -- Up-to-date: /home/amrl-linux24-04/ros2_ben/install/igus_rebel_msgs/include/igus_rebel_msgs/igus_rebel_msgs/msg/rosidl_generator_c__visibility_control.h
[0.815s] -- Up-to-date: /home/amrl-linux24-04/ros2_ben/install/igus_rebel_msgs/share/igus_rebel_msgs/environment/library_path.sh
[0.815s] -- Up-to-date: /home/amrl-linux24-04/ros2_ben/install/igus_rebel_msgs/share/igus_rebel_msgs/environment/library_path.dsv
[0.815s] -- Up-to-date: /home/amrl-linux24-04/ros2_ben/install/igus_rebel_msgs/lib/libigus_rebel_msgs__rosidl_generator_c.so
[0.815s] -- Up-to-date: /home/amrl-linux24-04/ros2_ben/install/igus_rebel_msgs/include/igus_rebel_msgs/igus_rebel_msgs
[0.815s] -- Up-to-date: /home/amrl-linux24-04/ros2_ben/install/igus_rebel_msgs/include/igus_rebel_msgs/igus_rebel_msgs/srv
[0.816s] -- Up-to-date: /home/amrl-linux24-04/ros2_ben/install/igus_rebel_msgs/include/igus_rebel_msgs/igus_rebel_msgs/srv/detail
[0.816s] -- Up-to-date: /home/amrl-linux24-04/ros2_ben/install/igus_rebel_msgs/include/igus_rebel_msgs/igus_rebel_msgs/srv/detail/set_digital_output__rosidl_typesupport_fastrtps_c.h
[0.816s] -- Up-to-date: /home/amrl-linux24-04/ros2_ben/install/igus_rebel_msgs/include/igus_rebel_msgs/igus_rebel_msgs/msg
[0.816s] -- Up-to-date: /home/amrl-linux24-04/ros2_ben/install/igus_rebel_msgs/include/igus_rebel_msgs/igus_rebel_msgs/msg/detail
[0.816s] -- Up-to-date: /home/amrl-linux24-04/ros2_ben/install/igus_rebel_msgs/include/igus_rebel_msgs/igus_rebel_msgs/msg/detail/digital_output__rosidl_typesupport_fastrtps_c.h
[0.816s] -- Up-to-date: /home/amrl-linux24-04/ros2_ben/install/igus_rebel_msgs/include/igus_rebel_msgs/igus_rebel_msgs/msg/rosidl_typesupport_fastrtps_c__visibility_control.h
[0.816s] -- Up-to-date: /home/amrl-linux24-04/ros2_ben/install/igus_rebel_msgs/lib/libigus_rebel_msgs__rosidl_typesupport_fastrtps_c.so
[0.816s] -- Up-to-date: /home/amrl-linux24-04/ros2_ben/install/igus_rebel_msgs/include/igus_rebel_msgs/igus_rebel_msgs
[0.816s] -- Up-to-date: /home/amrl-linux24-04/ros2_ben/install/igus_rebel_msgs/include/igus_rebel_msgs/igus_rebel_msgs/srv
[0.817s] -- Up-to-date: /home/amrl-linux24-04/ros2_ben/install/igus_rebel_msgs/include/igus_rebel_msgs/igus_rebel_msgs/srv/detail
[0.817s] -- Up-to-date: /home/amrl-linux24-04/ros2_ben/install/igus_rebel_msgs/include/igus_rebel_msgs/igus_rebel_msgs/srv/detail/set_digital_output__builder.hpp
[0.817s] -- Up-to-date: /home/amrl-linux24-04/ros2_ben/install/igus_rebel_msgs/include/igus_rebel_msgs/igus_rebel_msgs/srv/detail/set_digital_output__type_support.hpp
[0.817s] -- Up-to-date: /home/amrl-linux24-04/ros2_ben/install/igus_rebel_msgs/include/igus_rebel_msgs/igus_rebel_msgs/srv/detail/set_digital_output__struct.hpp
[0.817s] -- Up-to-date: /home/amrl-linux24-04/ros2_ben/install/igus_rebel_msgs/include/igus_rebel_msgs/igus_rebel_msgs/srv/detail/set_digital_output__traits.hpp
[0.817s] -- Up-to-date: /home/amrl-linux24-04/ros2_ben/install/igus_rebel_msgs/include/igus_rebel_msgs/igus_rebel_msgs/srv/set_digital_output.hpp
[0.817s] -- Up-to-date: /home/amrl-linux24-04/ros2_ben/install/igus_rebel_msgs/include/igus_rebel_msgs/igus_rebel_msgs/msg
[0.818s] -- Up-to-date: /home/amrl-linux24-04/ros2_ben/install/igus_rebel_msgs/include/igus_rebel_msgs/igus_rebel_msgs/msg/digital_output.hpp
[0.818s] -- Up-to-date: /home/amrl-linux24-04/ros2_ben/install/igus_rebel_msgs/include/igus_rebel_msgs/igus_rebel_msgs/msg/detail
[0.818s] -- Up-to-date: /home/amrl-linux24-04/ros2_ben/install/igus_rebel_msgs/include/igus_rebel_msgs/igus_rebel_msgs/msg/detail/digital_output__type_support.hpp
[0.818s] -- Up-to-date: /home/amrl-linux24-04/ros2_ben/install/igus_rebel_msgs/include/igus_rebel_msgs/igus_rebel_msgs/msg/detail/digital_output__struct.hpp
[0.818s] -- Up-to-date: /home/amrl-linux24-04/ros2_ben/install/igus_rebel_msgs/include/igus_rebel_msgs/igus_rebel_msgs/msg/detail/digital_output__traits.hpp
[0.818s] -- Up-to-date: /home/amrl-linux24-04/ros2_ben/install/igus_rebel_msgs/include/igus_rebel_msgs/igus_rebel_msgs/msg/detail/digital_output__builder.hpp
[0.819s] -- Up-to-date: /home/amrl-linux24-04/ros2_ben/install/igus_rebel_msgs/include/igus_rebel_msgs/igus_rebel_msgs/msg/rosidl_generator_cpp__visibility_control.hpp
[0.819s] -- Up-to-date: /home/amrl-linux24-04/ros2_ben/install/igus_rebel_msgs/include/igus_rebel_msgs/igus_rebel_msgs
[0.819s] -- Up-to-date: /home/amrl-linux24-04/ros2_ben/install/igus_rebel_msgs/include/igus_rebel_msgs/igus_rebel_msgs/srv
[0.819s] -- Up-to-date: /home/amrl-linux24-04/ros2_ben/install/igus_rebel_msgs/include/igus_rebel_msgs/igus_rebel_msgs/srv/detail
[0.819s] -- Up-to-date: /home/amrl-linux24-04/ros2_ben/install/igus_rebel_msgs/include/igus_rebel_msgs/igus_rebel_msgs/srv/detail/set_digital_output__rosidl_typesupport_fastrtps_cpp.hpp
[0.819s] -- Up-to-date: /home/amrl-linux24-04/ros2_ben/install/igus_rebel_msgs/include/igus_rebel_msgs/igus_rebel_msgs/srv/detail/dds_fastrtps
[0.819s] -- Up-to-date: /home/amrl-linux24-04/ros2_ben/install/igus_rebel_msgs/include/igus_rebel_msgs/igus_rebel_msgs/msg
[0.819s] -- Up-to-date: /home/amrl-linux24-04/ros2_ben/install/igus_rebel_msgs/include/igus_rebel_msgs/igus_rebel_msgs/msg/detail
[0.819s] -- Up-to-date: /home/amrl-linux24-04/ros2_ben/install/igus_rebel_msgs/include/igus_rebel_msgs/igus_rebel_msgs/msg/detail/dds_fastrtps
[0.820s] -- Up-to-date: /home/amrl-linux24-04/ros2_ben/install/igus_rebel_msgs/include/igus_rebel_msgs/igus_rebel_msgs/msg/detail/digital_output__rosidl_typesupport_fastrtps_cpp.hpp
[0.820s] -- Up-to-date: /home/amrl-linux24-04/ros2_ben/install/igus_rebel_msgs/include/igus_rebel_msgs/igus_rebel_msgs/msg/rosidl_typesupport_fastrtps_cpp__visibility_control.h
[0.820s] -- Up-to-date: /home/amrl-linux24-04/ros2_ben/install/igus_rebel_msgs/lib/libigus_rebel_msgs__rosidl_typesupport_fastrtps_cpp.so
[0.820s] -- Up-to-date: /home/amrl-linux24-04/ros2_ben/install/igus_rebel_msgs/include/igus_rebel_msgs/igus_rebel_msgs
[0.820s] -- Up-to-date: /home/amrl-linux24-04/ros2_ben/install/igus_rebel_msgs/include/igus_rebel_msgs/igus_rebel_msgs/srv
[0.820s] -- Up-to-date: /home/amrl-linux24-04/ros2_ben/install/igus_rebel_msgs/include/igus_rebel_msgs/igus_rebel_msgs/srv/detail
[0.820s] -- Up-to-date: /home/amrl-linux24-04/ros2_ben/install/igus_rebel_msgs/include/igus_rebel_msgs/igus_rebel_msgs/srv/detail/set_digital_output__type_support.c
[0.820s] -- Up-to-date: /home/amrl-linux24-04/ros2_ben/install/igus_rebel_msgs/include/igus_rebel_msgs/igus_rebel_msgs/srv/detail/set_digital_output__rosidl_typesupport_introspection_c.h
[0.820s] -- Up-to-date: /home/amrl-linux24-04/ros2_ben/install/igus_rebel_msgs/include/igus_rebel_msgs/igus_rebel_msgs/msg
[0.821s] -- Up-to-date: /home/amrl-linux24-04/ros2_ben/install/igus_rebel_msgs/include/igus_rebel_msgs/igus_rebel_msgs/msg/detail
[0.821s] -- Up-to-date: /home/amrl-linux24-04/ros2_ben/install/igus_rebel_msgs/include/igus_rebel_msgs/igus_rebel_msgs/msg/detail/digital_output__type_support.c
[0.821s] -- Up-to-date: /home/amrl-linux24-04/ros2_ben/install/igus_rebel_msgs/include/igus_rebel_msgs/igus_rebel_msgs/msg/detail/digital_output__rosidl_typesupport_introspection_c.h
[0.821s] -- Up-to-date: /home/amrl-linux24-04/ros2_ben/install/igus_rebel_msgs/include/igus_rebel_msgs/igus_rebel_msgs/msg/rosidl_typesupport_introspection_c__visibility_control.h
[0.821s] -- Up-to-date: /home/amrl-linux24-04/ros2_ben/install/igus_rebel_msgs/lib/libigus_rebel_msgs__rosidl_typesupport_introspection_c.so
[0.821s] -- Up-to-date: /home/amrl-linux24-04/ros2_ben/install/igus_rebel_msgs/lib/libigus_rebel_msgs__rosidl_typesupport_c.so
[0.823s] -- Up-to-date: /home/amrl-linux24-04/ros2_ben/install/igus_rebel_msgs/include/igus_rebel_msgs/igus_rebel_msgs
[0.824s] -- Up-to-date: /home/amrl-linux24-04/ros2_ben/install/igus_rebel_msgs/include/igus_rebel_msgs/igus_rebel_msgs/srv
[0.825s] -- Up-to-date: /home/amrl-linux24-04/ros2_ben/install/igus_rebel_msgs/include/igus_rebel_msgs/igus_rebel_msgs/srv/detail
[0.825s] -- Up-to-date: /home/amrl-linux24-04/ros2_ben/install/igus_rebel_msgs/include/igus_rebel_msgs/igus_rebel_msgs/srv/detail/set_digital_output__type_support.cpp
[0.825s] -- Up-to-date: /home/amrl-linux24-04/ros2_ben/install/igus_rebel_msgs/include/igus_rebel_msgs/igus_rebel_msgs/srv/detail/set_digital_output__rosidl_typesupport_introspection_cpp.hpp
[0.826s] -- Up-to-date: /home/amrl-linux24-04/ros2_ben/install/igus_rebel_msgs/include/igus_rebel_msgs/igus_rebel_msgs/msg
[0.826s] -- Up-to-date: /home/amrl-linux24-04/ros2_ben/install/igus_rebel_msgs/include/igus_rebel_msgs/igus_rebel_msgs/msg/detail
[0.827s] -- Up-to-date: /home/amrl-linux24-04/ros2_ben/install/igus_rebel_msgs/include/igus_rebel_msgs/igus_rebel_msgs/msg/detail/digital_output__type_support.cpp
[0.837s] -- Up-to-date: /home/amrl-linux24-04/ros2_ben/install/igus_rebel_msgs/include/igus_rebel_msgs/igus_rebel_msgs/msg/detail/digital_output__rosidl_typesupport_introspection_cpp.hpp
[0.838s] -- Up-to-date: /home/amrl-linux24-04/ros2_ben/install/igus_rebel_msgs/lib/libigus_rebel_msgs__rosidl_typesupport_introspection_cpp.so
[0.838s] -- Up-to-date: /home/amrl-linux24-04/ros2_ben/install/igus_rebel_msgs/lib/libigus_rebel_msgs__rosidl_typesupport_cpp.so
[0.838s] -- Up-to-date: /home/amrl-linux24-04/ros2_ben/install/igus_rebel_msgs/share/igus_rebel_msgs/environment/pythonpath.sh
[0.838s] -- Up-to-date: /home/amrl-linux24-04/ros2_ben/install/igus_rebel_msgs/share/igus_rebel_msgs/environment/pythonpath.dsv
[0.838s] -- Up-to-date: /home/amrl-linux24-04/ros2_ben/install/igus_rebel_msgs/lib/python3.12/site-packages/igus_rebel_msgs-0.0.0-py3.12.egg-info
[0.838s] -- Installing: /home/amrl-linux24-04/ros2_ben/install/igus_rebel_msgs/lib/python3.12/site-packages/igus_rebel_msgs-0.0.0-py3.12.egg-info/top_level.txt
[0.838s] -- Installing: /home/amrl-linux24-04/ros2_ben/install/igus_rebel_msgs/lib/python3.12/site-packages/igus_rebel_msgs-0.0.0-py3.12.egg-info/dependency_links.txt
[0.838s] -- Installing: /home/amrl-linux24-04/ros2_ben/install/igus_rebel_msgs/lib/python3.12/site-packages/igus_rebel_msgs-0.0.0-py3.12.egg-info/PKG-INFO
[0.838s] -- Installing: /home/amrl-linux24-04/ros2_ben/install/igus_rebel_msgs/lib/python3.12/site-packages/igus_rebel_msgs-0.0.0-py3.12.egg-info/SOURCES.txt
[0.838s] -- Up-to-date: /home/amrl-linux24-04/ros2_ben/install/igus_rebel_msgs/lib/python3.12/site-packages/igus_rebel_msgs
[0.839s] -- Up-to-date: /home/amrl-linux24-04/ros2_ben/install/igus_rebel_msgs/lib/python3.12/site-packages/igus_rebel_msgs/_igus_rebel_msgs_s.ep.rosidl_typesupport_introspection_c.c
[0.839s] -- Up-to-date: /home/amrl-linux24-04/ros2_ben/install/igus_rebel_msgs/lib/python3.12/site-packages/igus_rebel_msgs/srv
[0.839s] -- Up-to-date: /home/amrl-linux24-04/ros2_ben/install/igus_rebel_msgs/lib/python3.12/site-packages/igus_rebel_msgs/srv/__init__.py
[0.839s] -- Up-to-date: /home/amrl-linux24-04/ros2_ben/install/igus_rebel_msgs/lib/python3.12/site-packages/igus_rebel_msgs/srv/_set_digital_output.py
[0.839s] -- Up-to-date: /home/amrl-linux24-04/ros2_ben/install/igus_rebel_msgs/lib/python3.12/site-packages/igus_rebel_msgs/srv/_set_digital_output_s.c
[0.839s] -- Up-to-date: /home/amrl-linux24-04/ros2_ben/install/igus_rebel_msgs/lib/python3.12/site-packages/igus_rebel_msgs/__init__.py
[0.839s] -- Up-to-date: /home/amrl-linux24-04/ros2_ben/install/igus_rebel_msgs/lib/python3.12/site-packages/igus_rebel_msgs/igus_rebel_msgs_s__rosidl_typesupport_fastrtps_c.so
[0.840s] -- Up-to-date: /home/amrl-linux24-04/ros2_ben/install/igus_rebel_msgs/lib/python3.12/site-packages/igus_rebel_msgs/igus_rebel_msgs_s__rosidl_typesupport_introspection_c.so
[0.840s] -- Up-to-date: /home/amrl-linux24-04/ros2_ben/install/igus_rebel_msgs/lib/python3.12/site-packages/igus_rebel_msgs/_igus_rebel_msgs_s.ep.rosidl_typesupport_c.c
[0.840s] -- Up-to-date: /home/amrl-linux24-04/ros2_ben/install/igus_rebel_msgs/lib/python3.12/site-packages/igus_rebel_msgs/_igus_rebel_msgs_s.ep.rosidl_typesupport_fastrtps_c.c
[0.840s] -- Up-to-date: /home/amrl-linux24-04/ros2_ben/install/igus_rebel_msgs/lib/python3.12/site-packages/igus_rebel_msgs/msg
[0.840s] -- Up-to-date: /home/amrl-linux24-04/ros2_ben/install/igus_rebel_msgs/lib/python3.12/site-packages/igus_rebel_msgs/msg/_digital_output.py
[0.840s] -- Up-to-date: /home/amrl-linux24-04/ros2_ben/install/igus_rebel_msgs/lib/python3.12/site-packages/igus_rebel_msgs/msg/__init__.py
[0.840s] -- Up-to-date: /home/amrl-linux24-04/ros2_ben/install/igus_rebel_msgs/lib/python3.12/site-packages/igus_rebel_msgs/msg/_digital_output_s.c
[0.840s] -- Up-to-date: /home/amrl-linux24-04/ros2_ben/install/igus_rebel_msgs/lib/python3.12/site-packages/igus_rebel_msgs/igus_rebel_msgs_s__rosidl_typesupport_c.so
[0.884s] Listing '/home/amrl-linux24-04/ros2_ben/install/igus_rebel_msgs/lib/python3.12/site-packages/igus_rebel_msgs'...
[0.884s] Listing '/home/amrl-linux24-04/ros2_ben/install/igus_rebel_msgs/lib/python3.12/site-packages/igus_rebel_msgs/msg'...
[0.885s] Listing '/home/amrl-linux24-04/ros2_ben/install/igus_rebel_msgs/lib/python3.12/site-packages/igus_rebel_msgs/srv'...
[0.894s] -- Up-to-date: /home/amrl-linux24-04/ros2_ben/install/igus_rebel_msgs/lib/python3.12/site-packages/igus_rebel_msgs/igus_rebel_msgs_s__rosidl_typesupport_fastrtps_c.so
[0.895s] -- Up-to-date: /home/amrl-linux24-04/ros2_ben/install/igus_rebel_msgs/lib/python3.12/site-packages/igus_rebel_msgs/igus_rebel_msgs_s__rosidl_typesupport_introspection_c.so
[0.895s] -- Up-to-date: /home/amrl-linux24-04/ros2_ben/install/igus_rebel_msgs/lib/python3.12/site-packages/igus_rebel_msgs/igus_rebel_msgs_s__rosidl_typesupport_c.so
[0.895s] -- Up-to-date: /home/amrl-linux24-04/ros2_ben/install/igus_rebel_msgs/lib/libigus_rebel_msgs__rosidl_generator_py.so
[0.895s] -- Up-to-date: /home/amrl-linux24-04/ros2_ben/install/igus_rebel_msgs/share/igus_rebel_msgs/msg/DigitalOutput.idl
[0.896s] -- Up-to-date: /home/amrl-linux24-04/ros2_ben/install/igus_rebel_msgs/share/igus_rebel_msgs/srv/SetDigitalOutput.idl
[0.896s] -- Up-to-date: /home/amrl-linux24-04/ros2_ben/install/igus_rebel_msgs/share/igus_rebel_msgs/msg/DigitalOutput.msg
[0.896s] -- Up-to-date: /home/amrl-linux24-04/ros2_ben/install/igus_rebel_msgs/share/igus_rebel_msgs/srv/SetDigitalOutput.srv
[0.896s] -- Up-to-date: /home/amrl-linux24-04/ros2_ben/install/igus_rebel_msgs/share/ament_index/resource_index/package_run_dependencies/igus_rebel_msgs
[0.896s] -- Up-to-date: /home/amrl-linux24-04/ros2_ben/install/igus_rebel_msgs/share/ament_index/resource_index/parent_prefix_path/igus_rebel_msgs
[0.897s] -- Up-to-date: /home/amrl-linux24-04/ros2_ben/install/igus_rebel_msgs/share/igus_rebel_msgs/environment/ament_prefix_path.sh
[0.897s] -- Up-to-date: /home/amrl-linux24-04/ros2_ben/install/igus_rebel_msgs/share/igus_rebel_msgs/environment/ament_prefix_path.dsv
[0.897s] -- Up-to-date: /home/amrl-linux24-04/ros2_ben/install/igus_rebel_msgs/share/igus_rebel_msgs/environment/path.sh
[0.897s] -- Up-to-date: /home/amrl-linux24-04/ros2_ben/install/igus_rebel_msgs/share/igus_rebel_msgs/environment/path.dsv
[0.897s] -- Up-to-date: /home/amrl-linux24-04/ros2_ben/install/igus_rebel_msgs/share/igus_rebel_msgs/local_setup.bash
[0.897s] -- Up-to-date: /home/amrl-linux24-04/ros2_ben/install/igus_rebel_msgs/share/igus_rebel_msgs/local_setup.sh
[0.897s] -- Up-to-date: /home/amrl-linux24-04/ros2_ben/install/igus_rebel_msgs/share/igus_rebel_msgs/local_setup.zsh
[0.897s] -- Up-to-date: /home/amrl-linux24-04/ros2_ben/install/igus_rebel_msgs/share/igus_rebel_msgs/local_setup.dsv
[0.897s] -- Installing: /home/amrl-linux24-04/ros2_ben/install/igus_rebel_msgs/share/igus_rebel_msgs/package.dsv
[0.898s] -- Up-to-date: /home/amrl-linux24-04/ros2_ben/install/igus_rebel_msgs/share/ament_index/resource_index/packages/igus_rebel_msgs
[0.898s] -- Up-to-date: /home/amrl-linux24-04/ros2_ben/install/igus_rebel_msgs/share/igus_rebel_msgs/cmake/export_igus_rebel_msgs__rosidl_generator_cExport.cmake
[0.898s] -- Up-to-date: /home/amrl-linux24-04/ros2_ben/install/igus_rebel_msgs/share/igus_rebel_msgs/cmake/export_igus_rebel_msgs__rosidl_generator_cExport-noconfig.cmake
[0.898s] -- Up-to-date: /home/amrl-linux24-04/ros2_ben/install/igus_rebel_msgs/share/igus_rebel_msgs/cmake/export_igus_rebel_msgs__rosidl_typesupport_fastrtps_cExport.cmake
[0.898s] -- Up-to-date: /home/amrl-linux24-04/ros2_ben/install/igus_rebel_msgs/share/igus_rebel_msgs/cmake/export_igus_rebel_msgs__rosidl_typesupport_fastrtps_cExport-noconfig.cmake
[0.898s] -- Up-to-date: /home/amrl-linux24-04/ros2_ben/install/igus_rebel_msgs/share/igus_rebel_msgs/cmake/export_igus_rebel_msgs__rosidl_generator_cppExport.cmake
[0.898s] -- Up-to-date: /home/amrl-linux24-04/ros2_ben/install/igus_rebel_msgs/share/igus_rebel_msgs/cmake/export_igus_rebel_msgs__rosidl_typesupport_fastrtps_cppExport.cmake
[0.898s] -- Up-to-date: /home/amrl-linux24-04/ros2_ben/install/igus_rebel_msgs/share/igus_rebel_msgs/cmake/export_igus_rebel_msgs__rosidl_typesupport_fastrtps_cppExport-noconfig.cmake
[0.899s] -- Up-to-date: /home/amrl-linux24-04/ros2_ben/install/igus_rebel_msgs/share/igus_rebel_msgs/cmake/igus_rebel_msgs__rosidl_typesupport_introspection_cExport.cmake
[0.899s] -- Up-to-date: /home/amrl-linux24-04/ros2_ben/install/igus_rebel_msgs/share/igus_rebel_msgs/cmake/igus_rebel_msgs__rosidl_typesupport_introspection_cExport-noconfig.cmake
[0.899s] -- Up-to-date: /home/amrl-linux24-04/ros2_ben/install/igus_rebel_msgs/share/igus_rebel_msgs/cmake/igus_rebel_msgs__rosidl_typesupport_cExport.cmake
[0.899s] -- Up-to-date: /home/amrl-linux24-04/ros2_ben/install/igus_rebel_msgs/share/igus_rebel_msgs/cmake/igus_rebel_msgs__rosidl_typesupport_cExport-noconfig.cmake
[0.899s] -- Up-to-date: /home/amrl-linux24-04/ros2_ben/install/igus_rebel_msgs/share/igus_rebel_msgs/cmake/igus_rebel_msgs__rosidl_typesupport_introspection_cppExport.cmake
[0.899s] -- Up-to-date: /home/amrl-linux24-04/ros2_ben/install/igus_rebel_msgs/share/igus_rebel_msgs/cmake/igus_rebel_msgs__rosidl_typesupport_introspection_cppExport-noconfig.cmake
[0.899s] -- Up-to-date: /home/amrl-linux24-04/ros2_ben/install/igus_rebel_msgs/share/igus_rebel_msgs/cmake/igus_rebel_msgs__rosidl_typesupport_cppExport.cmake
[0.899s] -- Up-to-date: /home/amrl-linux24-04/ros2_ben/install/igus_rebel_msgs/share/igus_rebel_msgs/cmake/igus_rebel_msgs__rosidl_typesupport_cppExport-noconfig.cmake
[0.900s] -- Up-to-date: /home/amrl-linux24-04/ros2_ben/install/igus_rebel_msgs/share/igus_rebel_msgs/cmake/export_igus_rebel_msgs__rosidl_generator_pyExport.cmake
[0.900s] -- Up-to-date: /home/amrl-linux24-04/ros2_ben/install/igus_rebel_msgs/share/igus_rebel_msgs/cmake/export_igus_rebel_msgs__rosidl_generator_pyExport-noconfig.cmake
[0.900s] -- Up-to-date: /home/amrl-linux24-04/ros2_ben/install/igus_rebel_msgs/share/igus_rebel_msgs/cmake/rosidl_cmake-extras.cmake
[0.900s] -- Up-to-date: /home/amrl-linux24-04/ros2_ben/install/igus_rebel_msgs/share/igus_rebel_msgs/cmake/ament_cmake_export_dependencies-extras.cmake
[0.900s] -- Up-to-date: /home/amrl-linux24-04/ros2_ben/install/igus_rebel_msgs/share/igus_rebel_msgs/cmake/ament_cmake_export_include_directories-extras.cmake
[0.900s] -- Up-to-date: /home/amrl-linux24-04/ros2_ben/install/igus_rebel_msgs/share/igus_rebel_msgs/cmake/ament_cmake_export_libraries-extras.cmake
[0.900s] -- Up-to-date: /home/amrl-linux24-04/ros2_ben/install/igus_rebel_msgs/share/igus_rebel_msgs/cmake/ament_cmake_export_targets-extras.cmake
[0.900s] -- Up-to-date: /home/amrl-linux24-04/ros2_ben/install/igus_rebel_msgs/share/igus_rebel_msgs/cmake/rosidl_cmake_export_typesupport_targets-extras.cmake
[0.900s] -- Up-to-date: /home/amrl-linux24-04/ros2_ben/install/igus_rebel_msgs/share/igus_rebel_msgs/cmake/rosidl_cmake_export_typesupport_libraries-extras.cmake
[0.900s] -- Up-to-date: /home/amrl-linux24-04/ros2_ben/install/igus_rebel_msgs/share/igus_rebel_msgs/cmake/igus_rebel_msgsConfig.cmake
[0.901s] -- Up-to-date: /home/amrl-linux24-04/ros2_ben/install/igus_rebel_msgs/share/igus_rebel_msgs/cmake/igus_rebel_msgsConfig-version.cmake
[0.901s] -- Up-to-date: /home/amrl-linux24-04/ros2_ben/install/igus_rebel_msgs/share/igus_rebel_msgs/package.xml
[1.358s] Invoked command in '/home/amrl-linux24-04/ros2_ben/build/igus_rebel_msgs' returned '0': CMAKE_PREFIX_PATH=${CMAKE_PREFIX_PATH}:/home/amrl-linux24-04/ros2_ben/install/yolo_ros:/home/amrl-linux24-04/ros2_ben/install/igusgus_launch:/home/amrl-linux24-04/ros2_ben/install/igusgus:/opt/ros/jazzy DEBUGINFOD_URLS=https://debuginfod.ubuntu.com /usr/bin/cmake --install /home/amrl-linux24-04/ros2_ben/build/igus_rebel_msgs
