[0.015s] Invoking command in '/home/amrl-linux24-04/ros2_ben/build/realsense2_camera': CMAKE_PREFIX_PATH=/home/amrl-linux24-04/ros2_ben/install/realsense2_camera_msgs:/home/amrl-linux24-04/ros2_ben/install/yolo_bringup:/home/amrl-linux24-04/ros2_ben/install/yolo_msgs:/home/amrl-linux24-04/ros2_ben/install/realsense2_description:/home/amrl-linux24-04/ros2_ben/install/realsense2_camera:/home/amrl-linux24-04/ros2_ben/install/orbbec_description:/home/amrl-linux24-04/ros2_ben/install/orbbec_camera:/home/amrl-linux24-04/ros2_ben/install/orbbec_camera_msgs:/home/amrl-linux24-04/ros2_ben/install/igus_rebel:/home/amrl-linux24-04/ros2_ben/install/igus_rebel_msgs:/home/amrl-linux24-04/ros2_ben/install/igus_rebel_moveit_config:/home/amrl-linux24-04/ros2_ben/install/igus_rebel_description:/opt/ros/jazzy/opt/gz_sim_vendor:/opt/ros/jazzy/opt/gz_sensors_vendor:/opt/ros/jazzy/opt/gz_physics_vendor:/opt/ros/jazzy/opt/sdformat_vendor:/opt/ros/jazzy/opt/gz_gui_vendor:/opt/ros/jazzy/opt/gz_transport_vendor:/opt/ros/jazzy/opt/gz_rendering_vendor:/opt/ros/jazzy/opt/gz_plugin_vendor:/opt/ros/jazzy/opt/gz_fuel_tools_vendor:/opt/ros/jazzy/opt/gz_msgs_vendor:/opt/ros/jazzy/opt/gz_common_vendor:/opt/ros/jazzy/opt/gz_math_vendor:/opt/ros/jazzy/opt/gz_utils_vendor:/opt/ros/jazzy/opt/gz_tools_vendor:/opt/ros/jazzy/opt/gz_ogre_next_vendor:/opt/ros/jazzy/opt/gz_dartsim_vendor:/opt/ros/jazzy/opt/gz_cmake_vendor:/home/amrl-linux24-04/ros2_ben/install/yolo_ros:/home/amrl-linux24-04/ros2_ben/install/igusgus_launch:/opt/ros/jazzy DEBUGINFOD_URLS=https://debuginfod.ubuntu.com LD_LIBRARY_PATH=/home/amrl-linux24-04/ros2_ben/install/realsense2_camera_msgs/lib:/home/amrl-linux24-04/ros2_ben/install/yolo_msgs/lib:/home/amrl-linux24-04/ros2_ben/install/realsense2_camera/lib:/home/amrl-linux24-04/ros2_ben/install/orbbec_camera/lib:/home/amrl-linux24-04/ros2_ben/install/orbbec_camera_msgs/lib:/home/amrl-linux24-04/ros2_ben/install/igus_rebel/lib:/home/amrl-linux24-04/ros2_ben/install/igus_rebel_msgs/lib:/opt/ros/jazzy/opt/gz_sim_vendor/lib:/opt/ros/jazzy/opt/gz_sensors_vendor/lib:/opt/ros/jazzy/opt/gz_physics_vendor/lib:/opt/ros/jazzy/opt/sdformat_vendor/lib:/opt/ros/jazzy/opt/rviz_ogre_vendor/lib:/opt/ros/jazzy/lib/x86_64-linux-gnu:/opt/ros/jazzy/opt/gz_gui_vendor/lib:/opt/ros/jazzy/opt/gz_transport_vendor/lib:/opt/ros/jazzy/opt/gz_rendering_vendor/lib:/opt/ros/jazzy/opt/gz_plugin_vendor/lib:/opt/ros/jazzy/opt/gz_fuel_tools_vendor/lib:/opt/ros/jazzy/opt/gz_msgs_vendor/lib:/opt/ros/jazzy/opt/gz_common_vendor/lib:/opt/ros/jazzy/opt/gz_math_vendor/lib:/opt/ros/jazzy/opt/gz_utils_vendor/lib:/opt/ros/jazzy/opt/gz_tools_vendor/lib:/opt/ros/jazzy/opt/gz_ogre_next_vendor/lib:/opt/ros/jazzy/opt/gz_dartsim_vendor/lib:/opt/ros/jazzy/opt/gz_cmake_vendor/lib:/opt/ros/jazzy/lib PYTHONPATH=/home/amrl-linux24-04/ros2_ben/install/realsense2_camera_msgs/lib/python3.12/site-packages:/home/amrl-linux24-04/ros2_ben/build/yolo_ros:/home/amrl-linux24-04/ros2_ben/install/yolo_ros/lib/python3.12/site-packages:/home/amrl-linux24-04/ros2_ben/install/yolo_msgs/lib/python3.12/site-packages:/home/amrl-linux24-04/ros2_ben/install/orbbec_camera_msgs/lib/python3.12/site-packages:/home/amrl-linux24-04/ros2_ben/build/igusgus_launch:/home/amrl-linux24-04/ros2_ben/install/igusgus_launch/lib/python3.12/site-packages:/home/amrl-linux24-04/ros2_ben/install/igus_rebel_msgs/lib/python3.12/site-packages:/opt/ros/jazzy/lib/python3.12/site-packages /usr/bin/cmake /home/amrl-linux24-04/ros2_ben/src/realsense-ros/realsense2_camera -DCMAKE_INSTALL_PREFIX=/home/amrl-linux24-04/ros2_ben/install/realsense2_camera
[0.092s] -- The C compiler identification is GNU 13.3.0
[0.169s] -- The CXX compiler identification is GNU 13.3.0
[0.196s] -- Detecting C compiler ABI info
[0.343s] -- Detecting C compiler ABI info - done
[0.360s] -- Check for working C compiler: /usr/bin/cc - skipped
[0.360s] -- Detecting C compile features
[0.361s] -- Detecting C compile features - done
[0.376s] -- Detecting CXX compiler ABI info
[0.523s] -- Detecting CXX compiler ABI info - done
[0.542s] -- Check for working CXX compiler: /usr/bin/c++ - skipped
[0.543s] -- Detecting CXX compile features
[0.544s] -- Detecting CXX compile features - done
[0.545s] -- Create Release Build.
[0.551s] -- Found ament_cmake: 2.5.4 (/opt/ros/jazzy/share/ament_cmake/cmake)
[0.798s] -- Found Python3: /usr/bin/python3 (found version "3.12.3") found components: Interpreter 
[1.008s] -- Found builtin_interfaces: 2.0.3 (/opt/ros/jazzy/share/builtin_interfaces/cmake)
[1.067s] -- Found rosidl_generator_c: 4.6.6 (/opt/ros/jazzy/share/rosidl_generator_c/cmake)
[1.088s] -- Found rosidl_generator_cpp: 4.6.6 (/opt/ros/jazzy/share/rosidl_generator_cpp/cmake)
[1.112s] -- Using all available rosidl_typesupport_c: rosidl_typesupport_fastrtps_c;rosidl_typesupport_introspection_c
[1.139s] -- Using all available rosidl_typesupport_cpp: rosidl_typesupport_fastrtps_cpp;rosidl_typesupport_introspection_cpp
[1.164s] -- Found cv_bridge: 4.1.0 (/opt/ros/jazzy/share/cv_bridge/cmake)
[1.339s] -- Found rmw_implementation_cmake: 7.3.2 (/opt/ros/jazzy/share/rmw_implementation_cmake/cmake)
[1.343s] -- Found rmw_fastrtps_cpp: 8.4.3 (/opt/ros/jazzy/share/rmw_fastrtps_cpp/cmake)
[1.463s] -- Found OpenSSL: /usr/lib/x86_64-linux-gnu/libcrypto.so (found version "3.0.13")  
[1.500s] -- Found FastRTPS: /opt/ros/jazzy/include (Required is at least version "2.13") 
[1.535s] -- Using RMW implementation 'rmw_fastrtps_cpp' as default
[1.630s] -- Found image_transport: 5.1.7 (/opt/ros/jazzy/share/image_transport/cmake)
[1.669s] -- Found rclcpp_action: 28.1.11 (/opt/ros/jazzy/share/rclcpp_action/cmake)
[1.727s] -- Found rclcpp_components: 28.1.11 (/opt/ros/jazzy/share/rclcpp_components/cmake)
[1.757s] -- Found realsense2_camera_msgs: 4.56.4 (/home/amrl-linux24-04/ros2_ben/install/realsense2_camera_msgs/share/realsense2_camera_msgs/cmake)
[1.794s] -- Found std_srvs: 5.3.6 (/opt/ros/jazzy/share/std_srvs/cmake)
[1.812s] -- Found nav_msgs: 5.3.6 (/opt/ros/jazzy/share/nav_msgs/cmake)
[1.837s] -- Found tf2_ros: 0.36.14 (/opt/ros/jazzy/share/tf2_ros/cmake)
[1.874s] -- Found diagnostic_updater: 4.2.6 (/opt/ros/jazzy/share/diagnostic_updater/cmake)
[1.897s] -- Found OpenCV: /usr (found version "4.6.0") found components: core 
[1.899s] -- Build for ROS2 Jazzy
[1.902s] -- Found ament_cmake_gtest: 2.5.4 (/opt/ros/jazzy/share/ament_cmake_gtest/cmake)
[1.905s] -- Found gtest sources under '/opt/ros/jazzy/src/gtest_vendor': C++ tests using 'Google Test' will be built
[1.908s] -- Performing Test CMAKE_HAVE_LIBC_PTHREAD
[2.034s] -- Performing Test CMAKE_HAVE_LIBC_PTHREAD - Success
[2.036s] -- Found Threads: TRUE  
[2.041s] -- Found ament_cmake_pytest: 2.5.4 (/opt/ros/jazzy/share/ament_cmake_pytest/cmake)
[6.500s] -- rs_device_info:
[6.501s] -- Device Name                   Serial Number       Firmware Version
[6.501s] Intel RealSense D435          909512071556        5.17.0.10
[6.501s] 
[6.501s] -- D455 device found
[15.465s] -- Configuring done (15.4s)
[15.561s] -- Generating done (0.1s)
[15.586s] -- Build files have been written to: /home/amrl-linux24-04/ros2_ben/build/realsense2_camera
[15.630s] Invoked command in '/home/amrl-linux24-04/ros2_ben/build/realsense2_camera' returned '0': CMAKE_PREFIX_PATH=/home/amrl-linux24-04/ros2_ben/install/realsense2_camera_msgs:/home/amrl-linux24-04/ros2_ben/install/yolo_bringup:/home/amrl-linux24-04/ros2_ben/install/yolo_msgs:/home/amrl-linux24-04/ros2_ben/install/realsense2_description:/home/amrl-linux24-04/ros2_ben/install/realsense2_camera:/home/amrl-linux24-04/ros2_ben/install/orbbec_description:/home/amrl-linux24-04/ros2_ben/install/orbbec_camera:/home/amrl-linux24-04/ros2_ben/install/orbbec_camera_msgs:/home/amrl-linux24-04/ros2_ben/install/igus_rebel:/home/amrl-linux24-04/ros2_ben/install/igus_rebel_msgs:/home/amrl-linux24-04/ros2_ben/install/igus_rebel_moveit_config:/home/amrl-linux24-04/ros2_ben/install/igus_rebel_description:/opt/ros/jazzy/opt/gz_sim_vendor:/opt/ros/jazzy/opt/gz_sensors_vendor:/opt/ros/jazzy/opt/gz_physics_vendor:/opt/ros/jazzy/opt/sdformat_vendor:/opt/ros/jazzy/opt/gz_gui_vendor:/opt/ros/jazzy/opt/gz_transport_vendor:/opt/ros/jazzy/opt/gz_rendering_vendor:/opt/ros/jazzy/opt/gz_plugin_vendor:/opt/ros/jazzy/opt/gz_fuel_tools_vendor:/opt/ros/jazzy/opt/gz_msgs_vendor:/opt/ros/jazzy/opt/gz_common_vendor:/opt/ros/jazzy/opt/gz_math_vendor:/opt/ros/jazzy/opt/gz_utils_vendor:/opt/ros/jazzy/opt/gz_tools_vendor:/opt/ros/jazzy/opt/gz_ogre_next_vendor:/opt/ros/jazzy/opt/gz_dartsim_vendor:/opt/ros/jazzy/opt/gz_cmake_vendor:/home/amrl-linux24-04/ros2_ben/install/yolo_ros:/home/amrl-linux24-04/ros2_ben/install/igusgus_launch:/opt/ros/jazzy DEBUGINFOD_URLS=https://debuginfod.ubuntu.com LD_LIBRARY_PATH=/home/amrl-linux24-04/ros2_ben/install/realsense2_camera_msgs/lib:/home/amrl-linux24-04/ros2_ben/install/yolo_msgs/lib:/home/amrl-linux24-04/ros2_ben/install/realsense2_camera/lib:/home/amrl-linux24-04/ros2_ben/install/orbbec_camera/lib:/home/amrl-linux24-04/ros2_ben/install/orbbec_camera_msgs/lib:/home/amrl-linux24-04/ros2_ben/install/igus_rebel/lib:/home/amrl-linux24-04/ros2_ben/install/igus_rebel_msgs/lib:/opt/ros/jazzy/opt/gz_sim_vendor/lib:/opt/ros/jazzy/opt/gz_sensors_vendor/lib:/opt/ros/jazzy/opt/gz_physics_vendor/lib:/opt/ros/jazzy/opt/sdformat_vendor/lib:/opt/ros/jazzy/opt/rviz_ogre_vendor/lib:/opt/ros/jazzy/lib/x86_64-linux-gnu:/opt/ros/jazzy/opt/gz_gui_vendor/lib:/opt/ros/jazzy/opt/gz_transport_vendor/lib:/opt/ros/jazzy/opt/gz_rendering_vendor/lib:/opt/ros/jazzy/opt/gz_plugin_vendor/lib:/opt/ros/jazzy/opt/gz_fuel_tools_vendor/lib:/opt/ros/jazzy/opt/gz_msgs_vendor/lib:/opt/ros/jazzy/opt/gz_common_vendor/lib:/opt/ros/jazzy/opt/gz_math_vendor/lib:/opt/ros/jazzy/opt/gz_utils_vendor/lib:/opt/ros/jazzy/opt/gz_tools_vendor/lib:/opt/ros/jazzy/opt/gz_ogre_next_vendor/lib:/opt/ros/jazzy/opt/gz_dartsim_vendor/lib:/opt/ros/jazzy/opt/gz_cmake_vendor/lib:/opt/ros/jazzy/lib PYTHONPATH=/home/amrl-linux24-04/ros2_ben/install/realsense2_camera_msgs/lib/python3.12/site-packages:/home/amrl-linux24-04/ros2_ben/build/yolo_ros:/home/amrl-linux24-04/ros2_ben/install/yolo_ros/lib/python3.12/site-packages:/home/amrl-linux24-04/ros2_ben/install/yolo_msgs/lib/python3.12/site-packages:/home/amrl-linux24-04/ros2_ben/install/orbbec_camera_msgs/lib/python3.12/site-packages:/home/amrl-linux24-04/ros2_ben/build/igusgus_launch:/home/amrl-linux24-04/ros2_ben/install/igusgus_launch/lib/python3.12/site-packages:/home/amrl-linux24-04/ros2_ben/install/igus_rebel_msgs/lib/python3.12/site-packages:/opt/ros/jazzy/lib/python3.12/site-packages /usr/bin/cmake /home/amrl-linux24-04/ros2_ben/src/realsense-ros/realsense2_camera -DCMAKE_INSTALL_PREFIX=/home/amrl-linux24-04/ros2_ben/install/realsense2_camera
[15.633s] Invoking command in '/home/amrl-linux24-04/ros2_ben/build/realsense2_camera': CMAKE_PREFIX_PATH=/home/amrl-linux24-04/ros2_ben/install/realsense2_camera_msgs:/home/amrl-linux24-04/ros2_ben/install/yolo_bringup:/home/amrl-linux24-04/ros2_ben/install/yolo_msgs:/home/amrl-linux24-04/ros2_ben/install/realsense2_description:/home/amrl-linux24-04/ros2_ben/install/realsense2_camera:/home/amrl-linux24-04/ros2_ben/install/orbbec_description:/home/amrl-linux24-04/ros2_ben/install/orbbec_camera:/home/amrl-linux24-04/ros2_ben/install/orbbec_camera_msgs:/home/amrl-linux24-04/ros2_ben/install/igus_rebel:/home/amrl-linux24-04/ros2_ben/install/igus_rebel_msgs:/home/amrl-linux24-04/ros2_ben/install/igus_rebel_moveit_config:/home/amrl-linux24-04/ros2_ben/install/igus_rebel_description:/opt/ros/jazzy/opt/gz_sim_vendor:/opt/ros/jazzy/opt/gz_sensors_vendor:/opt/ros/jazzy/opt/gz_physics_vendor:/opt/ros/jazzy/opt/sdformat_vendor:/opt/ros/jazzy/opt/gz_gui_vendor:/opt/ros/jazzy/opt/gz_transport_vendor:/opt/ros/jazzy/opt/gz_rendering_vendor:/opt/ros/jazzy/opt/gz_plugin_vendor:/opt/ros/jazzy/opt/gz_fuel_tools_vendor:/opt/ros/jazzy/opt/gz_msgs_vendor:/opt/ros/jazzy/opt/gz_common_vendor:/opt/ros/jazzy/opt/gz_math_vendor:/opt/ros/jazzy/opt/gz_utils_vendor:/opt/ros/jazzy/opt/gz_tools_vendor:/opt/ros/jazzy/opt/gz_ogre_next_vendor:/opt/ros/jazzy/opt/gz_dartsim_vendor:/opt/ros/jazzy/opt/gz_cmake_vendor:/home/amrl-linux24-04/ros2_ben/install/yolo_ros:/home/amrl-linux24-04/ros2_ben/install/igusgus_launch:/opt/ros/jazzy DEBUGINFOD_URLS=https://debuginfod.ubuntu.com LD_LIBRARY_PATH=/home/amrl-linux24-04/ros2_ben/install/realsense2_camera_msgs/lib:/home/amrl-linux24-04/ros2_ben/install/yolo_msgs/lib:/home/amrl-linux24-04/ros2_ben/install/realsense2_camera/lib:/home/amrl-linux24-04/ros2_ben/install/orbbec_camera/lib:/home/amrl-linux24-04/ros2_ben/install/orbbec_camera_msgs/lib:/home/amrl-linux24-04/ros2_ben/install/igus_rebel/lib:/home/amrl-linux24-04/ros2_ben/install/igus_rebel_msgs/lib:/opt/ros/jazzy/opt/gz_sim_vendor/lib:/opt/ros/jazzy/opt/gz_sensors_vendor/lib:/opt/ros/jazzy/opt/gz_physics_vendor/lib:/opt/ros/jazzy/opt/sdformat_vendor/lib:/opt/ros/jazzy/opt/rviz_ogre_vendor/lib:/opt/ros/jazzy/lib/x86_64-linux-gnu:/opt/ros/jazzy/opt/gz_gui_vendor/lib:/opt/ros/jazzy/opt/gz_transport_vendor/lib:/opt/ros/jazzy/opt/gz_rendering_vendor/lib:/opt/ros/jazzy/opt/gz_plugin_vendor/lib:/opt/ros/jazzy/opt/gz_fuel_tools_vendor/lib:/opt/ros/jazzy/opt/gz_msgs_vendor/lib:/opt/ros/jazzy/opt/gz_common_vendor/lib:/opt/ros/jazzy/opt/gz_math_vendor/lib:/opt/ros/jazzy/opt/gz_utils_vendor/lib:/opt/ros/jazzy/opt/gz_tools_vendor/lib:/opt/ros/jazzy/opt/gz_ogre_next_vendor/lib:/opt/ros/jazzy/opt/gz_dartsim_vendor/lib:/opt/ros/jazzy/opt/gz_cmake_vendor/lib:/opt/ros/jazzy/lib PYTHONPATH=/home/amrl-linux24-04/ros2_ben/install/realsense2_camera_msgs/lib/python3.12/site-packages:/home/amrl-linux24-04/ros2_ben/build/yolo_ros:/home/amrl-linux24-04/ros2_ben/install/yolo_ros/lib/python3.12/site-packages:/home/amrl-linux24-04/ros2_ben/install/yolo_msgs/lib/python3.12/site-packages:/home/amrl-linux24-04/ros2_ben/install/orbbec_camera_msgs/lib/python3.12/site-packages:/home/amrl-linux24-04/ros2_ben/build/igusgus_launch:/home/amrl-linux24-04/ros2_ben/install/igusgus_launch/lib/python3.12/site-packages:/home/amrl-linux24-04/ros2_ben/install/igus_rebel_msgs/lib/python3.12/site-packages:/opt/ros/jazzy/lib/python3.12/site-packages /usr/bin/cmake --build /home/amrl-linux24-04/ros2_ben/build/realsense2_camera -- -j22 -l22
[15.771s] [  4%] [32mBuilding CXX object CMakeFiles/realsense2_camera.dir/src/realsense_node_factory.cpp.o[0m
[15.771s] [  8%] [32mBuilding CXX object CMakeFiles/realsense2_camera.dir/src/ros_sensor.cpp.o[0m
[15.773s] [ 12%] [32mBuilding CXX object CMakeFiles/realsense2_camera.dir/src/named_filter.cpp.o[0m
[15.776s] [ 20%] [32mBuilding CXX object CMakeFiles/realsense2_camera.dir/src/ros_utils.cpp.o[0m
[15.776s] [ 20%] [32mBuilding CXX object CMakeFiles/realsense2_camera.dir/src/pointcloud_filter.cpp.o[0m
[15.776s] [ 24%] [32mBuilding CXX object CMakeFiles/realsense2_camera.dir/src/rs_node_setup.cpp.o[0m
[15.778s] [ 28%] [32mBuilding CXX object CMakeFiles/realsense2_camera.dir/src/sensor_params.cpp.o[0m
[15.778s] [ 32%] [32mBuilding CXX object CMakeFiles/realsense2_camera.dir/src/parameters.cpp.o[0m
[15.781s] [ 36%] [32mBuilding CXX object CMakeFiles/realsense2_camera.dir/src/image_publisher.cpp.o[0m
[15.782s] [ 40%] [32mBuilding CXX object CMakeFiles/realsense2_camera_node.dir/rclcpp_components/node_main_realsense2_camera_node.cpp.o[0m
[15.786s] [ 44%] [32mBuilding CXX object CMakeFiles/realsense2_camera.dir/src/base_realsense_node.cpp.o[0m
[15.791s] [ 52%] [32mBuilding CXX object CMakeFiles/realsense2_camera.dir/src/align_depth_filter.cpp.o[0m
[15.791s] [ 52%] [32mBuilding CXX object CMakeFiles/realsense2_camera.dir/src/tfs.cpp.o[0m
[15.797s] [ 56%] [32mBuilding CXX object gtest/CMakeFiles/gtest.dir/src/gtest-all.cc.o[0m
[15.798s] [ 60%] [32mBuilding CXX object CMakeFiles/realsense2_camera.dir/src/dynamic_params.cpp.o[0m
[15.798s] [ 64%] [32mBuilding CXX object CMakeFiles/realsense2_camera.dir/src/profile_manager.cpp.o[0m
[15.806s] [ 68%] [32mBuilding CXX object gtest/CMakeFiles/gtest_main.dir/src/gtest_main.cc.o[0m
[15.822s] [ 72%] [32mBuilding CXX object CMakeFiles/realsense2_camera.dir/src/ros_param_backend.cpp.o[0m
[15.829s] [ 76%] [32mBuilding CXX object CMakeFiles/realsense2_camera.dir/src/actions.cpp.o[0m
[18.544s] [ 80%] [32m[1mLinking CXX static library libgtest_main.a[0m
[18.970s] [ 80%] Built target gtest_main
[32.231s] [ 84%] [32m[1mLinking CXX executable realsense2_camera_node[0m
[32.777s] [ 84%] Built target realsense2_camera_node
[52.399s] [ 88%] [32m[1mLinking CXX static library libgtest.a[0m
[52.483s] [ 88%] Built target gtest
[52.526s] [ 92%] [32mBuilding CXX object CMakeFiles/gtest_template.dir/test/gtest_template.cpp.o[0m
[54.730s] [ 96%] [32m[1mLinking CXX executable gtest_template[0m
[54.893s] [ 96%] Built target gtest_template
[64.195s] [100%] [32m[1mLinking CXX shared library librealsense2_camera.so[0m
[64.641s] [100%] Built target realsense2_camera
[64.661s] Invoked command in '/home/amrl-linux24-04/ros2_ben/build/realsense2_camera' returned '0': CMAKE_PREFIX_PATH=/home/amrl-linux24-04/ros2_ben/install/realsense2_camera_msgs:/home/amrl-linux24-04/ros2_ben/install/yolo_bringup:/home/amrl-linux24-04/ros2_ben/install/yolo_msgs:/home/amrl-linux24-04/ros2_ben/install/realsense2_description:/home/amrl-linux24-04/ros2_ben/install/realsense2_camera:/home/amrl-linux24-04/ros2_ben/install/orbbec_description:/home/amrl-linux24-04/ros2_ben/install/orbbec_camera:/home/amrl-linux24-04/ros2_ben/install/orbbec_camera_msgs:/home/amrl-linux24-04/ros2_ben/install/igus_rebel:/home/amrl-linux24-04/ros2_ben/install/igus_rebel_msgs:/home/amrl-linux24-04/ros2_ben/install/igus_rebel_moveit_config:/home/amrl-linux24-04/ros2_ben/install/igus_rebel_description:/opt/ros/jazzy/opt/gz_sim_vendor:/opt/ros/jazzy/opt/gz_sensors_vendor:/opt/ros/jazzy/opt/gz_physics_vendor:/opt/ros/jazzy/opt/sdformat_vendor:/opt/ros/jazzy/opt/gz_gui_vendor:/opt/ros/jazzy/opt/gz_transport_vendor:/opt/ros/jazzy/opt/gz_rendering_vendor:/opt/ros/jazzy/opt/gz_plugin_vendor:/opt/ros/jazzy/opt/gz_fuel_tools_vendor:/opt/ros/jazzy/opt/gz_msgs_vendor:/opt/ros/jazzy/opt/gz_common_vendor:/opt/ros/jazzy/opt/gz_math_vendor:/opt/ros/jazzy/opt/gz_utils_vendor:/opt/ros/jazzy/opt/gz_tools_vendor:/opt/ros/jazzy/opt/gz_ogre_next_vendor:/opt/ros/jazzy/opt/gz_dartsim_vendor:/opt/ros/jazzy/opt/gz_cmake_vendor:/home/amrl-linux24-04/ros2_ben/install/yolo_ros:/home/amrl-linux24-04/ros2_ben/install/igusgus_launch:/opt/ros/jazzy DEBUGINFOD_URLS=https://debuginfod.ubuntu.com LD_LIBRARY_PATH=/home/amrl-linux24-04/ros2_ben/install/realsense2_camera_msgs/lib:/home/amrl-linux24-04/ros2_ben/install/yolo_msgs/lib:/home/amrl-linux24-04/ros2_ben/install/realsense2_camera/lib:/home/amrl-linux24-04/ros2_ben/install/orbbec_camera/lib:/home/amrl-linux24-04/ros2_ben/install/orbbec_camera_msgs/lib:/home/amrl-linux24-04/ros2_ben/install/igus_rebel/lib:/home/amrl-linux24-04/ros2_ben/install/igus_rebel_msgs/lib:/opt/ros/jazzy/opt/gz_sim_vendor/lib:/opt/ros/jazzy/opt/gz_sensors_vendor/lib:/opt/ros/jazzy/opt/gz_physics_vendor/lib:/opt/ros/jazzy/opt/sdformat_vendor/lib:/opt/ros/jazzy/opt/rviz_ogre_vendor/lib:/opt/ros/jazzy/lib/x86_64-linux-gnu:/opt/ros/jazzy/opt/gz_gui_vendor/lib:/opt/ros/jazzy/opt/gz_transport_vendor/lib:/opt/ros/jazzy/opt/gz_rendering_vendor/lib:/opt/ros/jazzy/opt/gz_plugin_vendor/lib:/opt/ros/jazzy/opt/gz_fuel_tools_vendor/lib:/opt/ros/jazzy/opt/gz_msgs_vendor/lib:/opt/ros/jazzy/opt/gz_common_vendor/lib:/opt/ros/jazzy/opt/gz_math_vendor/lib:/opt/ros/jazzy/opt/gz_utils_vendor/lib:/opt/ros/jazzy/opt/gz_tools_vendor/lib:/opt/ros/jazzy/opt/gz_ogre_next_vendor/lib:/opt/ros/jazzy/opt/gz_dartsim_vendor/lib:/opt/ros/jazzy/opt/gz_cmake_vendor/lib:/opt/ros/jazzy/lib PYTHONPATH=/home/amrl-linux24-04/ros2_ben/install/realsense2_camera_msgs/lib/python3.12/site-packages:/home/amrl-linux24-04/ros2_ben/build/yolo_ros:/home/amrl-linux24-04/ros2_ben/install/yolo_ros/lib/python3.12/site-packages:/home/amrl-linux24-04/ros2_ben/install/yolo_msgs/lib/python3.12/site-packages:/home/amrl-linux24-04/ros2_ben/install/orbbec_camera_msgs/lib/python3.12/site-packages:/home/amrl-linux24-04/ros2_ben/build/igusgus_launch:/home/amrl-linux24-04/ros2_ben/install/igusgus_launch/lib/python3.12/site-packages:/home/amrl-linux24-04/ros2_ben/install/igus_rebel_msgs/lib/python3.12/site-packages:/opt/ros/jazzy/lib/python3.12/site-packages /usr/bin/cmake --build /home/amrl-linux24-04/ros2_ben/build/realsense2_camera -- -j22 -l22
[64.663s] Invoking command in '/home/amrl-linux24-04/ros2_ben/build/realsense2_camera': CMAKE_PREFIX_PATH=/home/amrl-linux24-04/ros2_ben/install/realsense2_camera_msgs:/home/amrl-linux24-04/ros2_ben/install/yolo_bringup:/home/amrl-linux24-04/ros2_ben/install/yolo_msgs:/home/amrl-linux24-04/ros2_ben/install/realsense2_description:/home/amrl-linux24-04/ros2_ben/install/realsense2_camera:/home/amrl-linux24-04/ros2_ben/install/orbbec_description:/home/amrl-linux24-04/ros2_ben/install/orbbec_camera:/home/amrl-linux24-04/ros2_ben/install/orbbec_camera_msgs:/home/amrl-linux24-04/ros2_ben/install/igus_rebel:/home/amrl-linux24-04/ros2_ben/install/igus_rebel_msgs:/home/amrl-linux24-04/ros2_ben/install/igus_rebel_moveit_config:/home/amrl-linux24-04/ros2_ben/install/igus_rebel_description:/opt/ros/jazzy/opt/gz_sim_vendor:/opt/ros/jazzy/opt/gz_sensors_vendor:/opt/ros/jazzy/opt/gz_physics_vendor:/opt/ros/jazzy/opt/sdformat_vendor:/opt/ros/jazzy/opt/gz_gui_vendor:/opt/ros/jazzy/opt/gz_transport_vendor:/opt/ros/jazzy/opt/gz_rendering_vendor:/opt/ros/jazzy/opt/gz_plugin_vendor:/opt/ros/jazzy/opt/gz_fuel_tools_vendor:/opt/ros/jazzy/opt/gz_msgs_vendor:/opt/ros/jazzy/opt/gz_common_vendor:/opt/ros/jazzy/opt/gz_math_vendor:/opt/ros/jazzy/opt/gz_utils_vendor:/opt/ros/jazzy/opt/gz_tools_vendor:/opt/ros/jazzy/opt/gz_ogre_next_vendor:/opt/ros/jazzy/opt/gz_dartsim_vendor:/opt/ros/jazzy/opt/gz_cmake_vendor:/home/amrl-linux24-04/ros2_ben/install/yolo_ros:/home/amrl-linux24-04/ros2_ben/install/igusgus_launch:/opt/ros/jazzy DEBUGINFOD_URLS=https://debuginfod.ubuntu.com LD_LIBRARY_PATH=/home/amrl-linux24-04/ros2_ben/install/realsense2_camera_msgs/lib:/home/amrl-linux24-04/ros2_ben/install/yolo_msgs/lib:/home/amrl-linux24-04/ros2_ben/install/realsense2_camera/lib:/home/amrl-linux24-04/ros2_ben/install/orbbec_camera/lib:/home/amrl-linux24-04/ros2_ben/install/orbbec_camera_msgs/lib:/home/amrl-linux24-04/ros2_ben/install/igus_rebel/lib:/home/amrl-linux24-04/ros2_ben/install/igus_rebel_msgs/lib:/opt/ros/jazzy/opt/gz_sim_vendor/lib:/opt/ros/jazzy/opt/gz_sensors_vendor/lib:/opt/ros/jazzy/opt/gz_physics_vendor/lib:/opt/ros/jazzy/opt/sdformat_vendor/lib:/opt/ros/jazzy/opt/rviz_ogre_vendor/lib:/opt/ros/jazzy/lib/x86_64-linux-gnu:/opt/ros/jazzy/opt/gz_gui_vendor/lib:/opt/ros/jazzy/opt/gz_transport_vendor/lib:/opt/ros/jazzy/opt/gz_rendering_vendor/lib:/opt/ros/jazzy/opt/gz_plugin_vendor/lib:/opt/ros/jazzy/opt/gz_fuel_tools_vendor/lib:/opt/ros/jazzy/opt/gz_msgs_vendor/lib:/opt/ros/jazzy/opt/gz_common_vendor/lib:/opt/ros/jazzy/opt/gz_math_vendor/lib:/opt/ros/jazzy/opt/gz_utils_vendor/lib:/opt/ros/jazzy/opt/gz_tools_vendor/lib:/opt/ros/jazzy/opt/gz_ogre_next_vendor/lib:/opt/ros/jazzy/opt/gz_dartsim_vendor/lib:/opt/ros/jazzy/opt/gz_cmake_vendor/lib:/opt/ros/jazzy/lib PYTHONPATH=/home/amrl-linux24-04/ros2_ben/install/realsense2_camera_msgs/lib/python3.12/site-packages:/home/amrl-linux24-04/ros2_ben/build/yolo_ros:/home/amrl-linux24-04/ros2_ben/install/yolo_ros/lib/python3.12/site-packages:/home/amrl-linux24-04/ros2_ben/install/yolo_msgs/lib/python3.12/site-packages:/home/amrl-linux24-04/ros2_ben/install/orbbec_camera_msgs/lib/python3.12/site-packages:/home/amrl-linux24-04/ros2_ben/build/igusgus_launch:/home/amrl-linux24-04/ros2_ben/install/igusgus_launch/lib/python3.12/site-packages:/home/amrl-linux24-04/ros2_ben/install/igus_rebel_msgs/lib/python3.12/site-packages:/opt/ros/jazzy/lib/python3.12/site-packages /usr/bin/cmake --install /home/amrl-linux24-04/ros2_ben/build/realsense2_camera
[64.676s] -- Install configuration: "Release"
[64.676s] -- Installing: /home/amrl-linux24-04/ros2_ben/install/realsense2_camera/share/realsense2_camera/config/global_settings.yaml
[64.677s] -- Installing: /home/amrl-linux24-04/ros2_ben/install/realsense2_camera/lib/realsense2_camera/realsense2_camera_node
[64.677s] -- Set non-toolchain portion of runtime path of "/home/amrl-linux24-04/ros2_ben/install/realsense2_camera/lib/realsense2_camera/realsense2_camera_node" to ""
[64.677s] -- Installing: /home/amrl-linux24-04/ros2_ben/install/realsense2_camera/lib/librealsense2_camera.so
[64.680s] -- Set non-toolchain portion of runtime path of "/home/amrl-linux24-04/ros2_ben/install/realsense2_camera/lib/librealsense2_camera.so" to ""
[64.680s] -- Installing: /home/amrl-linux24-04/ros2_ben/install/realsense2_camera/include
[64.680s] -- Installing: /home/amrl-linux24-04/ros2_ben/install/realsense2_camera/include/ros_sensor.h
[64.680s] -- Installing: /home/amrl-linux24-04/ros2_ben/install/realsense2_camera/include/dynamic_params.h
[64.680s] -- Installing: /home/amrl-linux24-04/ros2_ben/install/realsense2_camera/include/ros_node_base.h
[64.680s] -- Installing: /home/amrl-linux24-04/ros2_ben/install/realsense2_camera/include/ros_param_backend.h
[64.681s] -- Installing: /home/amrl-linux24-04/ros2_ben/install/realsense2_camera/include/image_publisher.h
[64.681s] -- Installing: /home/amrl-linux24-04/ros2_ben/install/realsense2_camera/include/constants.h
[64.681s] -- Installing: /home/amrl-linux24-04/ros2_ben/install/realsense2_camera/include/base_realsense_node.h
[64.681s] -- Installing: /home/amrl-linux24-04/ros2_ben/install/realsense2_camera/include/sensor_params.h
[64.681s] -- Installing: /home/amrl-linux24-04/ros2_ben/install/realsense2_camera/include/realsense_node_factory.h
[64.681s] -- Installing: /home/amrl-linux24-04/ros2_ben/install/realsense2_camera/include/align_depth_filter.h
[64.681s] -- Installing: /home/amrl-linux24-04/ros2_ben/install/realsense2_camera/include/named_filter.h
[64.681s] -- Installing: /home/amrl-linux24-04/ros2_ben/install/realsense2_camera/include/ros_utils.h
[64.682s] -- Installing: /home/amrl-linux24-04/ros2_ben/install/realsense2_camera/include/pointcloud_filter.h
[64.682s] -- Installing: /home/amrl-linux24-04/ros2_ben/install/realsense2_camera/include/gl_window.h
[64.682s] -- Installing: /home/amrl-linux24-04/ros2_ben/install/realsense2_camera/include/profile_manager.h
[64.682s] -- Installing: /home/amrl-linux24-04/ros2_ben/install/realsense2_camera/share/realsense2_camera/launch
[64.682s] -- Installing: /home/amrl-linux24-04/ros2_ben/install/realsense2_camera/share/realsense2_camera/launch/rs_multi_camera_launch.py
[64.682s] -- Installing: /home/amrl-linux24-04/ros2_ben/install/realsense2_camera/share/realsense2_camera/launch/default.rviz
[64.682s] -- Installing: /home/amrl-linux24-04/ros2_ben/install/realsense2_camera/share/realsense2_camera/launch/rs_multi_camera_launch_sync.py
[64.682s] -- Installing: /home/amrl-linux24-04/ros2_ben/install/realsense2_camera/share/realsense2_camera/launch/rs_launch.py
[64.682s] -- Installing: /home/amrl-linux24-04/ros2_ben/install/realsense2_camera/share/realsense2_camera/launch/rs_intra_process_demo_launch.py
[64.683s] -- Installing: /home/amrl-linux24-04/ros2_ben/install/realsense2_camera/share/realsense2_camera/examples
[64.683s] -- Installing: /home/amrl-linux24-04/ros2_ben/install/realsense2_camera/share/realsense2_camera/examples/pointcloud
[64.683s] -- Installing: /home/amrl-linux24-04/ros2_ben/install/realsense2_camera/share/realsense2_camera/examples/pointcloud/rs_d405_pointcloud_launch.py
[64.683s] -- Installing: /home/amrl-linux24-04/ros2_ben/install/realsense2_camera/share/realsense2_camera/examples/pointcloud/README.md
[64.683s] -- Installing: /home/amrl-linux24-04/ros2_ben/install/realsense2_camera/share/realsense2_camera/examples/pointcloud/rs_d455_pointcloud_launch.py
[64.683s] -- Installing: /home/amrl-linux24-04/ros2_ben/install/realsense2_camera/share/realsense2_camera/examples/pointcloud/rs_pointcloud_launch.py
[64.683s] -- Installing: /home/amrl-linux24-04/ros2_ben/install/realsense2_camera/share/realsense2_camera/examples/pointcloud/rs_pointcloud_infra_launch.py
[64.683s] -- Installing: /home/amrl-linux24-04/ros2_ben/install/realsense2_camera/share/realsense2_camera/examples/pointcloud/rviz
[64.683s] -- Installing: /home/amrl-linux24-04/ros2_ben/install/realsense2_camera/share/realsense2_camera/examples/pointcloud/rviz/urdf_pointcloud.rviz
[64.683s] -- Installing: /home/amrl-linux24-04/ros2_ben/install/realsense2_camera/share/realsense2_camera/examples/pointcloud/rviz/pointcloud.rviz
[64.683s] -- Installing: /home/amrl-linux24-04/ros2_ben/install/realsense2_camera/share/realsense2_camera/examples/d500_tables
[64.684s] -- Installing: /home/amrl-linux24-04/ros2_ben/install/realsense2_camera/share/realsense2_camera/examples/d500_tables/calib_config_example.json
[64.684s] -- Installing: /home/amrl-linux24-04/ros2_ben/install/realsense2_camera/share/realsense2_camera/examples/align_depth
[64.684s] -- Installing: /home/amrl-linux24-04/ros2_ben/install/realsense2_camera/share/realsense2_camera/examples/align_depth/README.md
[64.684s] -- Installing: /home/amrl-linux24-04/ros2_ben/install/realsense2_camera/share/realsense2_camera/examples/align_depth/rs_align_depth_launch.py
[64.684s] -- Installing: /home/amrl-linux24-04/ros2_ben/install/realsense2_camera/share/realsense2_camera/examples/launch_params_from_file
[64.684s] -- Installing: /home/amrl-linux24-04/ros2_ben/install/realsense2_camera/share/realsense2_camera/examples/launch_params_from_file/README.md
[64.684s] -- Installing: /home/amrl-linux24-04/ros2_ben/install/realsense2_camera/share/realsense2_camera/examples/launch_params_from_file/config
[64.684s] -- Installing: /home/amrl-linux24-04/ros2_ben/install/realsense2_camera/share/realsense2_camera/examples/launch_params_from_file/config/config.yaml
[64.684s] -- Installing: /home/amrl-linux24-04/ros2_ben/install/realsense2_camera/share/realsense2_camera/examples/launch_params_from_file/rs_launch_get_params_from_yaml.py
[64.684s] -- Installing: /home/amrl-linux24-04/ros2_ben/install/realsense2_camera/share/realsense2_camera/examples/dual_camera
[64.685s] -- Installing: /home/amrl-linux24-04/ros2_ben/install/realsense2_camera/share/realsense2_camera/examples/dual_camera/README.md
[64.685s] -- Installing: /home/amrl-linux24-04/ros2_ben/install/realsense2_camera/share/realsense2_camera/examples/dual_camera/rs_dual_camera_launch.py
[64.685s] -- Installing: /home/amrl-linux24-04/ros2_ben/install/realsense2_camera/share/realsense2_camera/examples/dual_camera/rviz
[64.685s] -- Installing: /home/amrl-linux24-04/ros2_ben/install/realsense2_camera/share/realsense2_camera/examples/dual_camera/rviz/dual_camera_pointcloud.rviz
[64.685s] -- Installing: /home/amrl-linux24-04/ros2_ben/install/realsense2_camera/share/realsense2_camera/examples/launch_from_rosbag
[64.685s] -- Installing: /home/amrl-linux24-04/ros2_ben/install/realsense2_camera/share/realsense2_camera/examples/launch_from_rosbag/README.md
[64.685s] -- Installing: /home/amrl-linux24-04/ros2_ben/install/realsense2_camera/share/realsense2_camera/examples/launch_from_rosbag/rs_launch_from_rosbag.py
[64.685s] -- Installing: /home/amrl-linux24-04/ros2_ben/install/realsense2_camera/share/realsense2_camera/environment/library_path.sh
[64.685s] -- Installing: /home/amrl-linux24-04/ros2_ben/install/realsense2_camera/share/realsense2_camera/environment/library_path.dsv
[64.685s] -- Installing: /home/amrl-linux24-04/ros2_ben/install/realsense2_camera/share/ament_index/resource_index/package_run_dependencies/realsense2_camera
[64.686s] -- Installing: /home/amrl-linux24-04/ros2_ben/install/realsense2_camera/share/ament_index/resource_index/parent_prefix_path/realsense2_camera
[64.686s] -- Installing: /home/amrl-linux24-04/ros2_ben/install/realsense2_camera/share/realsense2_camera/environment/ament_prefix_path.sh
[64.686s] -- Installing: /home/amrl-linux24-04/ros2_ben/install/realsense2_camera/share/realsense2_camera/environment/ament_prefix_path.dsv
[64.686s] -- Installing: /home/amrl-linux24-04/ros2_ben/install/realsense2_camera/share/realsense2_camera/environment/path.sh
[64.686s] -- Installing: /home/amrl-linux24-04/ros2_ben/install/realsense2_camera/share/realsense2_camera/environment/path.dsv
[64.686s] -- Installing: /home/amrl-linux24-04/ros2_ben/install/realsense2_camera/share/realsense2_camera/local_setup.bash
[64.686s] -- Installing: /home/amrl-linux24-04/ros2_ben/install/realsense2_camera/share/realsense2_camera/local_setup.sh
[64.686s] -- Installing: /home/amrl-linux24-04/ros2_ben/install/realsense2_camera/share/realsense2_camera/local_setup.zsh
[64.686s] -- Installing: /home/amrl-linux24-04/ros2_ben/install/realsense2_camera/share/realsense2_camera/local_setup.dsv
[64.686s] -- Installing: /home/amrl-linux24-04/ros2_ben/install/realsense2_camera/share/realsense2_camera/package.dsv
[64.687s] -- Installing: /home/amrl-linux24-04/ros2_ben/install/realsense2_camera/share/ament_index/resource_index/packages/realsense2_camera
[64.687s] -- Installing: /home/amrl-linux24-04/ros2_ben/install/realsense2_camera/share/ament_index/resource_index/rclcpp_components/realsense2_camera
[64.687s] -- Installing: /home/amrl-linux24-04/ros2_ben/install/realsense2_camera/share/realsense2_camera/cmake/ament_cmake_export_include_directories-extras.cmake
[64.687s] -- Installing: /home/amrl-linux24-04/ros2_ben/install/realsense2_camera/share/realsense2_camera/cmake/ament_cmake_export_libraries-extras.cmake
[64.687s] -- Installing: /home/amrl-linux24-04/ros2_ben/install/realsense2_camera/share/realsense2_camera/cmake/ament_cmake_export_dependencies-extras.cmake
[64.687s] -- Installing: /home/amrl-linux24-04/ros2_ben/install/realsense2_camera/share/realsense2_camera/cmake/realsense2_cameraConfig.cmake
[64.687s] -- Installing: /home/amrl-linux24-04/ros2_ben/install/realsense2_camera/share/realsense2_camera/cmake/realsense2_cameraConfig-version.cmake
[64.687s] -- Installing: /home/amrl-linux24-04/ros2_ben/install/realsense2_camera/share/realsense2_camera/package.xml
[64.689s] Invoked command in '/home/amrl-linux24-04/ros2_ben/build/realsense2_camera' returned '0': CMAKE_PREFIX_PATH=/home/amrl-linux24-04/ros2_ben/install/realsense2_camera_msgs:/home/amrl-linux24-04/ros2_ben/install/yolo_bringup:/home/amrl-linux24-04/ros2_ben/install/yolo_msgs:/home/amrl-linux24-04/ros2_ben/install/realsense2_description:/home/amrl-linux24-04/ros2_ben/install/realsense2_camera:/home/amrl-linux24-04/ros2_ben/install/orbbec_description:/home/amrl-linux24-04/ros2_ben/install/orbbec_camera:/home/amrl-linux24-04/ros2_ben/install/orbbec_camera_msgs:/home/amrl-linux24-04/ros2_ben/install/igus_rebel:/home/amrl-linux24-04/ros2_ben/install/igus_rebel_msgs:/home/amrl-linux24-04/ros2_ben/install/igus_rebel_moveit_config:/home/amrl-linux24-04/ros2_ben/install/igus_rebel_description:/opt/ros/jazzy/opt/gz_sim_vendor:/opt/ros/jazzy/opt/gz_sensors_vendor:/opt/ros/jazzy/opt/gz_physics_vendor:/opt/ros/jazzy/opt/sdformat_vendor:/opt/ros/jazzy/opt/gz_gui_vendor:/opt/ros/jazzy/opt/gz_transport_vendor:/opt/ros/jazzy/opt/gz_rendering_vendor:/opt/ros/jazzy/opt/gz_plugin_vendor:/opt/ros/jazzy/opt/gz_fuel_tools_vendor:/opt/ros/jazzy/opt/gz_msgs_vendor:/opt/ros/jazzy/opt/gz_common_vendor:/opt/ros/jazzy/opt/gz_math_vendor:/opt/ros/jazzy/opt/gz_utils_vendor:/opt/ros/jazzy/opt/gz_tools_vendor:/opt/ros/jazzy/opt/gz_ogre_next_vendor:/opt/ros/jazzy/opt/gz_dartsim_vendor:/opt/ros/jazzy/opt/gz_cmake_vendor:/home/amrl-linux24-04/ros2_ben/install/yolo_ros:/home/amrl-linux24-04/ros2_ben/install/igusgus_launch:/opt/ros/jazzy DEBUGINFOD_URLS=https://debuginfod.ubuntu.com LD_LIBRARY_PATH=/home/amrl-linux24-04/ros2_ben/install/realsense2_camera_msgs/lib:/home/amrl-linux24-04/ros2_ben/install/yolo_msgs/lib:/home/amrl-linux24-04/ros2_ben/install/realsense2_camera/lib:/home/amrl-linux24-04/ros2_ben/install/orbbec_camera/lib:/home/amrl-linux24-04/ros2_ben/install/orbbec_camera_msgs/lib:/home/amrl-linux24-04/ros2_ben/install/igus_rebel/lib:/home/amrl-linux24-04/ros2_ben/install/igus_rebel_msgs/lib:/opt/ros/jazzy/opt/gz_sim_vendor/lib:/opt/ros/jazzy/opt/gz_sensors_vendor/lib:/opt/ros/jazzy/opt/gz_physics_vendor/lib:/opt/ros/jazzy/opt/sdformat_vendor/lib:/opt/ros/jazzy/opt/rviz_ogre_vendor/lib:/opt/ros/jazzy/lib/x86_64-linux-gnu:/opt/ros/jazzy/opt/gz_gui_vendor/lib:/opt/ros/jazzy/opt/gz_transport_vendor/lib:/opt/ros/jazzy/opt/gz_rendering_vendor/lib:/opt/ros/jazzy/opt/gz_plugin_vendor/lib:/opt/ros/jazzy/opt/gz_fuel_tools_vendor/lib:/opt/ros/jazzy/opt/gz_msgs_vendor/lib:/opt/ros/jazzy/opt/gz_common_vendor/lib:/opt/ros/jazzy/opt/gz_math_vendor/lib:/opt/ros/jazzy/opt/gz_utils_vendor/lib:/opt/ros/jazzy/opt/gz_tools_vendor/lib:/opt/ros/jazzy/opt/gz_ogre_next_vendor/lib:/opt/ros/jazzy/opt/gz_dartsim_vendor/lib:/opt/ros/jazzy/opt/gz_cmake_vendor/lib:/opt/ros/jazzy/lib PYTHONPATH=/home/amrl-linux24-04/ros2_ben/install/realsense2_camera_msgs/lib/python3.12/site-packages:/home/amrl-linux24-04/ros2_ben/build/yolo_ros:/home/amrl-linux24-04/ros2_ben/install/yolo_ros/lib/python3.12/site-packages:/home/amrl-linux24-04/ros2_ben/install/yolo_msgs/lib/python3.12/site-packages:/home/amrl-linux24-04/ros2_ben/install/orbbec_camera_msgs/lib/python3.12/site-packages:/home/amrl-linux24-04/ros2_ben/build/igusgus_launch:/home/amrl-linux24-04/ros2_ben/install/igusgus_launch/lib/python3.12/site-packages:/home/amrl-linux24-04/ros2_ben/install/igus_rebel_msgs/lib/python3.12/site-packages:/opt/ros/jazzy/lib/python3.12/site-packages /usr/bin/cmake --install /home/amrl-linux24-04/ros2_ben/build/realsense2_camera
