-- Found ament_cmake: 2.5.4 (/opt/ros/jazzy/share/ament_cmake/cmake)
-- Override CMake install command with custom implementation using symlinks instead of copying resources
-- Found rclcpp: 28.1.12 (/opt/ros/jazzy/share/rclcpp/cmake)
-- Found rosidl_generator_c: 4.6.6 (/opt/ros/jazzy/share/rosidl_generator_c/cmake)
-- Found rosidl_generator_cpp: 4.6.6 (/opt/ros/jazzy/share/rosidl_generator_cpp/cmake)
-- Using all available rosidl_typesupport_c: rosidl_typesupport_fastrtps_c;rosidl_typesupport_introspection_c
-- Using all available rosidl_typesupport_cpp: rosidl_typesupport_fastrtps_cpp;rosidl_typesupport_introspection_cpp
-- Found rmw_implementation_cmake: 7.3.2 (/opt/ros/jazzy/share/rmw_implementation_cmake/cmake)
-- Found rmw_fastrtps_cpp: 8.4.3 (/opt/ros/jazzy/share/rmw_fastrtps_cpp/cmake)
-- Using RMW implementation 'rmw_fastrtps_cpp' as default
-- Found rclpy: 7.1.5 (/opt/ros/jazzy/share/rclpy/cmake)
-- Found std_msgs: 5.3.6 (/opt/ros/jazzy/share/std_msgs/cmake)
-- Found sensor_msgs: 5.3.6 (/opt/ros/jazzy/share/sensor_msgs/cmake)
-- Found igus_rebel_msgs: 0.0.0 (/home/amrl-linux24-04/ros2_ben/install/igus_rebel_msgs/share/igus_rebel_msgs/cmake)
-- Found hardware_interface: 4.37.0 (/opt/ros/jazzy/share/hardware_interface/cmake)
-- Found ament_lint_auto: 0.17.3 (/opt/ros/jazzy/share/ament_lint_auto/cmake)
-- Added test 'cppcheck' to perform static code analysis on C / C++ code
-- Configured cppcheck include dirs: /home/amrl-linux24-04/ros2_ben/src/igus_rebel_ros2/src/igus_rebel/include
-- Configured cppcheck exclude dirs and/or files: 
-- Added test 'flake8' to check Python code syntax and style conventions
-- Configured 'flake8' exclude dirs and/or files: 
-- Added test 'lint_cmake' to check CMake code style
-- Added test 'pep257' to check Python code against some of the docstring style conventions in PEP 257
-- Added test 'uncrustify' to check C / C++ code style
-- Configured uncrustify additional arguments: 
-- Added test 'xmllint' to check XML markup files
-- Configuring done (1.2s)
-- Generating done (0.0s)
-- Build files have been written to: /home/amrl-linux24-04/ros2_ben/build/igus_rebel
[100%] Built target igus_rebel
-- Install configuration: ""
-- Execute custom install script
-- Up-to-date symlink: /home/amrl-linux24-04/ros2_ben/install/igus_rebel/share/igus_rebel//rebel.xml
-- Up-to-date symlink: /home/amrl-linux24-04/ros2_ben/install/igus_rebel/lib/libigus_rebel.so
-- Up-to-date symlink: /home/amrl-linux24-04/ros2_ben/install/igus_rebel/share/igus_rebel/rebel.xml
-- Up-to-date symlink: /home/amrl-linux24-04/ros2_ben/install/igus_rebel/share/igus_rebel//config/controller.yaml
-- Up-to-date symlink: /home/amrl-linux24-04/ros2_ben/install/igus_rebel/share/igus_rebel//launch/rebel.launch.py
-- Up-to-date symlink: /home/amrl-linux24-04/ros2_ben/install/igus_rebel/share/ament_index/resource_index/package_run_dependencies/igus_rebel
-- Up-to-date symlink: /home/amrl-linux24-04/ros2_ben/install/igus_rebel/share/ament_index/resource_index/parent_prefix_path/igus_rebel
-- Up-to-date symlink: /home/amrl-linux24-04/ros2_ben/install/igus_rebel/share/igus_rebel/environment/ament_prefix_path.sh
-- Up-to-date symlink: /home/amrl-linux24-04/ros2_ben/install/igus_rebel/share/igus_rebel/environment/ament_prefix_path.dsv
-- Up-to-date symlink: /home/amrl-linux24-04/ros2_ben/install/igus_rebel/share/igus_rebel/environment/path.sh
-- Up-to-date symlink: /home/amrl-linux24-04/ros2_ben/install/igus_rebel/share/igus_rebel/environment/path.dsv
-- Up-to-date symlink: /home/amrl-linux24-04/ros2_ben/install/igus_rebel/share/igus_rebel/local_setup.bash
-- Up-to-date symlink: /home/amrl-linux24-04/ros2_ben/install/igus_rebel/share/igus_rebel/local_setup.sh
-- Up-to-date symlink: /home/amrl-linux24-04/ros2_ben/install/igus_rebel/share/igus_rebel/local_setup.zsh
-- Up-to-date symlink: /home/amrl-linux24-04/ros2_ben/install/igus_rebel/share/igus_rebel/local_setup.dsv
-- Symlinking: /home/amrl-linux24-04/ros2_ben/install/igus_rebel/share/igus_rebel/package.dsv
-- Up-to-date symlink: /home/amrl-linux24-04/ros2_ben/install/igus_rebel/share/ament_index/resource_index/packages/igus_rebel
-- Up-to-date symlink: /home/amrl-linux24-04/ros2_ben/install/igus_rebel/share/ament_index/resource_index/hardware_interface__pluginlib__plugin/igus_rebel
-- Up-to-date symlink: /home/amrl-linux24-04/ros2_ben/install/igus_rebel/share/igus_rebel/cmake/igus_rebelConfig.cmake
-- Up-to-date symlink: /home/amrl-linux24-04/ros2_ben/install/igus_rebel/share/igus_rebel/cmake/igus_rebelConfig-version.cmake
-- Up-to-date symlink: /home/amrl-linux24-04/ros2_ben/install/igus_rebel/share/igus_rebel/package.xml
