[0.024s] Invoking command in '/home/amrl-linux24-04/ros2_ben/build/igus_rebel_msgs': CMAKE_PREFIX_PATH=${CMAKE_PREFIX_PATH}:/home/amrl-linux24-04/ros2_ben/install/yolo_ros:/home/amrl-linux24-04/ros2_ben/install/igusgus_launch:/opt/ros/jazzy DEBUGINFOD_URLS=https://debuginfod.ubuntu.com /usr/bin/cmake /home/amrl-linux24-04/ros2_ben/src/igus_rebel_ros2/igus_rebel_msgs -DCMAKE_INSTALL_PREFIX=/home/amrl-linux24-04/ros2_ben/install/igus_rebel_msgs
[0.286s] -- The C compiler identification is GNU 13.3.0
[0.286s] -- The CXX compiler identification is GNU 13.3.0
[0.286s] -- Detecting C compiler ABI info
[0.320s] -- Detecting C compiler ABI info - done
[0.330s] -- Check for working C compiler: /usr/bin/cc - skipped
[0.330s] -- Detecting C compile features
[0.330s] -- Detecting C compile features - done
[0.343s] -- Detecting CXX compiler ABI info
[0.478s] -- Detecting CXX compiler ABI info - done
[0.492s] -- Check for working CXX compiler: /usr/bin/c++ - skipped
[0.493s] -- Detecting CXX compile features
[0.494s] -- Detecting CXX compile features - done
[0.498s] -- Found ament_cmake: 2.5.4 (/opt/ros/jazzy/share/ament_cmake/cmake)
[0.705s] -- Found Python3: /usr/bin/python3 (found version "3.12.3") found components: Interpreter 
[0.887s] -- Found rclcpp: 28.1.11 (/opt/ros/jazzy/share/rclcpp/cmake)
[0.945s] -- Found rosidl_generator_c: 4.6.6 (/opt/ros/jazzy/share/rosidl_generator_c/cmake)
[0.960s] -- Found rosidl_generator_cpp: 4.6.6 (/opt/ros/jazzy/share/rosidl_generator_cpp/cmake)
[0.981s] -- Using all available rosidl_typesupport_c: rosidl_typesupport_fastrtps_c;rosidl_typesupport_introspection_c
[1.005s] -- Using all available rosidl_typesupport_cpp: rosidl_typesupport_fastrtps_cpp;rosidl_typesupport_introspection_cpp
[1.100s] -- Found rmw_implementation_cmake: 7.3.2 (/opt/ros/jazzy/share/rmw_implementation_cmake/cmake)
[1.105s] -- Found rmw_fastrtps_cpp: 8.4.3 (/opt/ros/jazzy/share/rmw_fastrtps_cpp/cmake)
[1.227s] -- Found OpenSSL: /usr/lib/x86_64-linux-gnu/libcrypto.so (found version "3.0.13")  
[1.257s] -- Found FastRTPS: /opt/ros/jazzy/include (Required is at least version "2.13") 
[1.299s] -- Using RMW implementation 'rmw_fastrtps_cpp' as default
[1.413s] -- Found rclpy: 7.1.5 (/opt/ros/jazzy/share/rclpy/cmake)
[1.416s] -- Found std_msgs: 5.3.6 (/opt/ros/jazzy/share/std_msgs/cmake)
[1.433s] -- Found sensor_msgs: 5.3.6 (/opt/ros/jazzy/share/sensor_msgs/cmake)
[1.482s] -- Found rosidl_default_generators: 1.6.0 (/opt/ros/jazzy/share/rosidl_default_generators/cmake)
[1.504s] -- Found rosidl_adapter: 4.6.6 (/opt/ros/jazzy/share/rosidl_adapter/cmake)
[2.266s] -- Found ament_cmake_ros: 0.12.0 (/opt/ros/jazzy/share/ament_cmake_ros/cmake)
[3.203s] -- Using all available rosidl_typesupport_c: rosidl_typesupport_fastrtps_c;rosidl_typesupport_introspection_c
[3.581s] -- Using all available rosidl_typesupport_cpp: rosidl_typesupport_fastrtps_cpp;rosidl_typesupport_introspection_cpp
[3.585s] -- Found python_cmake_module: 0.11.1 (/opt/ros/jazzy/share/python_cmake_module/cmake)
[3.782s] -- Found PythonExtra: /usr/bin/python3  
[4.456s] -- Found Python3: /usr/bin/python3 (found version "3.12.3") found components: Interpreter Development NumPy Development.Module Development.Embed 
[4.501s] -- Configuring done (4.5s)
[4.527s] -- Generating done (0.0s)
[4.536s] -- Build files have been written to: /home/amrl-linux24-04/ros2_ben/build/igus_rebel_msgs
[4.552s] Invoked command in '/home/amrl-linux24-04/ros2_ben/build/igus_rebel_msgs' returned '0': CMAKE_PREFIX_PATH=${CMAKE_PREFIX_PATH}:/home/amrl-linux24-04/ros2_ben/install/yolo_ros:/home/amrl-linux24-04/ros2_ben/install/igusgus_launch:/opt/ros/jazzy DEBUGINFOD_URLS=https://debuginfod.ubuntu.com /usr/bin/cmake /home/amrl-linux24-04/ros2_ben/src/igus_rebel_ros2/igus_rebel_msgs -DCMAKE_INSTALL_PREFIX=/home/amrl-linux24-04/ros2_ben/install/igus_rebel_msgs
[4.553s] Invoking command in '/home/amrl-linux24-04/ros2_ben/build/igus_rebel_msgs': CMAKE_PREFIX_PATH=${CMAKE_PREFIX_PATH}:/home/amrl-linux24-04/ros2_ben/install/yolo_ros:/home/amrl-linux24-04/ros2_ben/install/igusgus_launch:/opt/ros/jazzy DEBUGINFOD_URLS=https://debuginfod.ubuntu.com /usr/bin/cmake --build /home/amrl-linux24-04/ros2_ben/build/igus_rebel_msgs -- -j22 -l22
[4.623s] [  2%] [34m[1mGenerating type hashes for ROS interfaces[0m
[4.634s] [  2%] Built target ament_cmake_python_copy_igus_rebel_msgs
[4.865s] [  2%] Built target igus_rebel_msgs__rosidl_generator_type_description
[4.882s] running egg_info
[4.883s] [  4%] [34m[1mGenerating C code for ROS interfaces[0m
[4.883s] creating igus_rebel_msgs.egg-info
[4.900s] [  6%] [34m[1mGenerating C++ code for ROS interfaces[0m
[4.903s] writing igus_rebel_msgs.egg-info/PKG-INFO
[4.904s] writing dependency_links to igus_rebel_msgs.egg-info/dependency_links.txt
[4.904s] writing top-level names to igus_rebel_msgs.egg-info/top_level.txt
[4.904s] writing manifest file 'igus_rebel_msgs.egg-info/SOURCES.txt'
[4.966s] reading manifest file 'igus_rebel_msgs.egg-info/SOURCES.txt'
[4.966s] writing manifest file 'igus_rebel_msgs.egg-info/SOURCES.txt'
[4.999s] [  6%] Built target ament_cmake_python_build_igus_rebel_msgs_egg
[5.215s] [  6%] Built target igus_rebel_msgs__cpp
[5.254s] [ 11%] [32mBuilding C object CMakeFiles/igus_rebel_msgs__rosidl_generator_c.dir/rosidl_generator_c/igus_rebel_msgs/srv/detail/set_digital_output__functions.c.o[0m
[5.254s] [ 11%] [32mBuilding C object CMakeFiles/igus_rebel_msgs__rosidl_generator_c.dir/rosidl_generator_c/igus_rebel_msgs/srv/detail/set_digital_output__description.c.o[0m
[5.254s] [ 13%] [32mBuilding C object CMakeFiles/igus_rebel_msgs__rosidl_generator_c.dir/rosidl_generator_c/igus_rebel_msgs/msg/detail/digital_output__description.c.o[0m
[5.255s] [ 15%] [32mBuilding C object CMakeFiles/igus_rebel_msgs__rosidl_generator_c.dir/rosidl_generator_c/igus_rebel_msgs/msg/detail/digital_output__functions.c.o[0m
[5.259s] [ 18%] [32mBuilding C object CMakeFiles/igus_rebel_msgs__rosidl_generator_c.dir/rosidl_generator_c/igus_rebel_msgs/msg/detail/digital_output__type_support.c.o[0m
[5.259s] [ 20%] [32mBuilding C object CMakeFiles/igus_rebel_msgs__rosidl_generator_c.dir/rosidl_generator_c/igus_rebel_msgs/srv/detail/set_digital_output__type_support.c.o[0m
[5.333s] [ 22%] [32m[1mLinking C shared library libigus_rebel_msgs__rosidl_generator_c.so[0m
[5.384s] [ 22%] Built target igus_rebel_msgs__rosidl_generator_c
[5.396s] [ 25%] [34m[1mGenerating C introspection for ROS interfaces[0m
[5.399s] [ 34%] [34m[1mGenerating C type support dispatch for ROS interfaces[0m
[5.400s] [ 34%] [34m[1mGenerating C type support for eProsima Fast-RTPS[0m
[5.400s] [ 34%] [34m[1mGenerating C++ type support dispatch for ROS interfaces[0m
[5.400s] [ 34%] [34m[1mGenerating C++ type support for eProsima Fast-RTPS[0m
[5.400s] [ 36%] [34m[1mGenerating C++ introspection for ROS interfaces[0m
[5.670s] [ 38%] [32mBuilding C object CMakeFiles/igus_rebel_msgs__rosidl_typesupport_introspection_c.dir/rosidl_typesupport_introspection_c/igus_rebel_msgs/msg/detail/digital_output__type_support.c.o[0m
[5.681s] [ 40%] [32mBuilding C object CMakeFiles/igus_rebel_msgs__rosidl_typesupport_introspection_c.dir/rosidl_typesupport_introspection_c/igus_rebel_msgs/srv/detail/set_digital_output__type_support.c.o[0m
[5.724s] [ 43%] [32m[1mLinking C shared library libigus_rebel_msgs__rosidl_typesupport_introspection_c.so[0m
[5.745s] [ 45%] [32mBuilding CXX object CMakeFiles/igus_rebel_msgs__rosidl_typesupport_cpp.dir/rosidl_typesupport_cpp/igus_rebel_msgs/srv/set_digital_output__type_support.cpp.o[0m
[5.745s] [ 47%] [32mBuilding CXX object CMakeFiles/igus_rebel_msgs__rosidl_typesupport_cpp.dir/rosidl_typesupport_cpp/igus_rebel_msgs/msg/digital_output__type_support.cpp.o[0m
[5.753s] [ 47%] Built target igus_rebel_msgs__rosidl_typesupport_introspection_c
[5.803s] [ 50%] [32mBuilding CXX object CMakeFiles/igus_rebel_msgs__rosidl_typesupport_c.dir/rosidl_typesupport_c/igus_rebel_msgs/srv/set_digital_output__type_support.cpp.o[0m
[5.803s] [ 52%] [32mBuilding CXX object CMakeFiles/igus_rebel_msgs__rosidl_typesupport_c.dir/rosidl_typesupport_c/igus_rebel_msgs/msg/digital_output__type_support.cpp.o[0m
[5.804s] [ 54%] [32mBuilding CXX object CMakeFiles/igus_rebel_msgs__rosidl_typesupport_introspection_cpp.dir/rosidl_typesupport_introspection_cpp/igus_rebel_msgs/msg/detail/digital_output__type_support.cpp.o[0m
[5.804s] [ 56%] [32mBuilding CXX object CMakeFiles/igus_rebel_msgs__rosidl_typesupport_introspection_cpp.dir/rosidl_typesupport_introspection_cpp/igus_rebel_msgs/srv/detail/set_digital_output__type_support.cpp.o[0m
[5.818s] [ 59%] [32mBuilding CXX object CMakeFiles/igus_rebel_msgs__rosidl_typesupport_fastrtps_c.dir/rosidl_typesupport_fastrtps_c/igus_rebel_msgs/msg/detail/digital_output__type_support_c.cpp.o[0m
[5.818s] [ 61%] [32mBuilding CXX object CMakeFiles/igus_rebel_msgs__rosidl_typesupport_fastrtps_c.dir/rosidl_typesupport_fastrtps_c/igus_rebel_msgs/srv/detail/set_digital_output__type_support_c.cpp.o[0m
[5.843s] [ 63%] [32m[1mLinking CXX shared library libigus_rebel_msgs__rosidl_typesupport_c.so[0m
[5.868s] [ 65%] [32mBuilding CXX object CMakeFiles/igus_rebel_msgs__rosidl_typesupport_fastrtps_cpp.dir/rosidl_typesupport_fastrtps_cpp/igus_rebel_msgs/msg/detail/dds_fastrtps/digital_output__type_support.cpp.o[0m
[5.882s] [ 68%] [32mBuilding CXX object CMakeFiles/igus_rebel_msgs__rosidl_typesupport_fastrtps_cpp.dir/rosidl_typesupport_fastrtps_cpp/igus_rebel_msgs/srv/detail/dds_fastrtps/set_digital_output__type_support.cpp.o[0m
[5.897s] [ 68%] Built target igus_rebel_msgs__rosidl_typesupport_c
[6.173s] [ 70%] [32m[1mLinking CXX shared library libigus_rebel_msgs__rosidl_typesupport_cpp.so[0m
[6.281s] [ 70%] Built target igus_rebel_msgs__rosidl_typesupport_cpp
[6.426s] [ 72%] [32m[1mLinking CXX shared library libigus_rebel_msgs__rosidl_typesupport_introspection_cpp.so[0m
[6.557s] [ 72%] Built target igus_rebel_msgs__rosidl_typesupport_introspection_cpp
[6.563s] [ 75%] [32m[1mLinking CXX shared library libigus_rebel_msgs__rosidl_typesupport_fastrtps_c.so[0m
[6.706s] [ 75%] Built target igus_rebel_msgs__rosidl_typesupport_fastrtps_c
[6.739s] [ 77%] [32m[1mLinking CXX shared library libigus_rebel_msgs__rosidl_typesupport_fastrtps_cpp.so[0m
[6.887s] [ 77%] Built target igus_rebel_msgs__rosidl_typesupport_fastrtps_cpp
[6.907s] [ 77%] Built target igus_rebel_msgs
[6.924s] [ 79%] [34m[1mGenerating Python code for ROS interfaces[0m
[7.659s] [ 79%] Built target igus_rebel_msgs__py
[7.743s] [ 81%] [32mBuilding C object CMakeFiles/igus_rebel_msgs__rosidl_generator_py.dir/rosidl_generator_py/igus_rebel_msgs/srv/_set_digital_output_s.c.o[0m
[7.801s] [ 84%] [32mBuilding C object CMakeFiles/igus_rebel_msgs__rosidl_generator_py.dir/rosidl_generator_py/igus_rebel_msgs/msg/_digital_output_s.c.o[0m
[8.376s] [ 86%] [32m[1mLinking C shared library libigus_rebel_msgs__rosidl_generator_py.so[0m
[8.611s] [ 86%] Built target igus_rebel_msgs__rosidl_generator_py
[8.707s] [ 88%] [32mBuilding C object CMakeFiles/igus_rebel_msgs_s__rosidl_typesupport_c.dir/rosidl_generator_py/igus_rebel_msgs/_igus_rebel_msgs_s.ep.rosidl_typesupport_c.c.o[0m
[8.724s] [ 90%] [32mBuilding C object CMakeFiles/igus_rebel_msgs_s__rosidl_typesupport_introspection_c.dir/rosidl_generator_py/igus_rebel_msgs/_igus_rebel_msgs_s.ep.rosidl_typesupport_introspection_c.c.o[0m
[8.740s] [ 93%] [32mBuilding C object CMakeFiles/igus_rebel_msgs_s__rosidl_typesupport_fastrtps_c.dir/rosidl_generator_py/igus_rebel_msgs/_igus_rebel_msgs_s.ep.rosidl_typesupport_fastrtps_c.c.o[0m
[8.967s] [ 95%] [32m[1mLinking C shared module rosidl_generator_py/igus_rebel_msgs/igus_rebel_msgs_s__rosidl_typesupport_fastrtps_c.so[0m
[9.079s] [ 95%] Built target igus_rebel_msgs_s__rosidl_typesupport_fastrtps_c
[9.238s] [ 97%] [32m[1mLinking C shared module rosidl_generator_py/igus_rebel_msgs/igus_rebel_msgs_s__rosidl_typesupport_introspection_c.so[0m
[9.285s] [100%] [32m[1mLinking C shared module rosidl_generator_py/igus_rebel_msgs/igus_rebel_msgs_s__rosidl_typesupport_c.so[0m
[9.376s] [100%] Built target igus_rebel_msgs_s__rosidl_typesupport_c
[9.411s] [100%] Built target igus_rebel_msgs_s__rosidl_typesupport_introspection_c
[9.545s] Invoked command in '/home/amrl-linux24-04/ros2_ben/build/igus_rebel_msgs' returned '0': CMAKE_PREFIX_PATH=${CMAKE_PREFIX_PATH}:/home/amrl-linux24-04/ros2_ben/install/yolo_ros:/home/amrl-linux24-04/ros2_ben/install/igusgus_launch:/opt/ros/jazzy DEBUGINFOD_URLS=https://debuginfod.ubuntu.com /usr/bin/cmake --build /home/amrl-linux24-04/ros2_ben/build/igus_rebel_msgs -- -j22 -l22
[9.547s] Invoking command in '/home/amrl-linux24-04/ros2_ben/build/igus_rebel_msgs': CMAKE_PREFIX_PATH=${CMAKE_PREFIX_PATH}:/home/amrl-linux24-04/ros2_ben/install/yolo_ros:/home/amrl-linux24-04/ros2_ben/install/igusgus_launch:/opt/ros/jazzy DEBUGINFOD_URLS=https://debuginfod.ubuntu.com /usr/bin/cmake --install /home/amrl-linux24-04/ros2_ben/build/igus_rebel_msgs
[9.579s] -- Install configuration: ""
[9.587s] -- Installing: /home/amrl-linux24-04/ros2_ben/install/igus_rebel_msgs/share/ament_index/resource_index/rosidl_interfaces/igus_rebel_msgs
[9.587s] -- Installing: /home/amrl-linux24-04/ros2_ben/install/igus_rebel_msgs/share/igus_rebel_msgs/msg/DigitalOutput.json
[9.587s] -- Installing: /home/amrl-linux24-04/ros2_ben/install/igus_rebel_msgs/share/igus_rebel_msgs/srv/SetDigitalOutput.json
[9.587s] -- Installing: /home/amrl-linux24-04/ros2_ben/install/igus_rebel_msgs/include/igus_rebel_msgs/igus_rebel_msgs
[9.587s] -- Installing: /home/amrl-linux24-04/ros2_ben/install/igus_rebel_msgs/include/igus_rebel_msgs/igus_rebel_msgs/srv
[9.590s] -- Installing: /home/amrl-linux24-04/ros2_ben/install/igus_rebel_msgs/include/igus_rebel_msgs/igus_rebel_msgs/srv/detail
[9.590s] -- Installing: /home/amrl-linux24-04/ros2_ben/install/igus_rebel_msgs/include/igus_rebel_msgs/igus_rebel_msgs/srv/detail/set_digital_output__description.c
[9.591s] -- Installing: /home/amrl-linux24-04/ros2_ben/install/igus_rebel_msgs/include/igus_rebel_msgs/igus_rebel_msgs/srv/detail/set_digital_output__type_support.c
[9.591s] -- Installing: /home/amrl-linux24-04/ros2_ben/install/igus_rebel_msgs/include/igus_rebel_msgs/igus_rebel_msgs/srv/detail/set_digital_output__struct.h
[9.591s] -- Installing: /home/amrl-linux24-04/ros2_ben/install/igus_rebel_msgs/include/igus_rebel_msgs/igus_rebel_msgs/srv/detail/set_digital_output__functions.c
[9.591s] -- Installing: /home/amrl-linux24-04/ros2_ben/install/igus_rebel_msgs/include/igus_rebel_msgs/igus_rebel_msgs/srv/detail/set_digital_output__functions.h
[9.591s] -- Installing: /home/amrl-linux24-04/ros2_ben/install/igus_rebel_msgs/include/igus_rebel_msgs/igus_rebel_msgs/srv/detail/set_digital_output__type_support.h
[9.591s] -- Installing: /home/amrl-linux24-04/ros2_ben/install/igus_rebel_msgs/include/igus_rebel_msgs/igus_rebel_msgs/srv/set_digital_output.h
[9.591s] -- Installing: /home/amrl-linux24-04/ros2_ben/install/igus_rebel_msgs/include/igus_rebel_msgs/igus_rebel_msgs/msg
[9.591s] -- Installing: /home/amrl-linux24-04/ros2_ben/install/igus_rebel_msgs/include/igus_rebel_msgs/igus_rebel_msgs/msg/detail
[9.591s] -- Installing: /home/amrl-linux24-04/ros2_ben/install/igus_rebel_msgs/include/igus_rebel_msgs/igus_rebel_msgs/msg/detail/digital_output__type_support.h
[9.591s] -- Installing: /home/amrl-linux24-04/ros2_ben/install/igus_rebel_msgs/include/igus_rebel_msgs/igus_rebel_msgs/msg/detail/digital_output__type_support.c
[9.592s] -- Installing: /home/amrl-linux24-04/ros2_ben/install/igus_rebel_msgs/include/igus_rebel_msgs/igus_rebel_msgs/msg/detail/digital_output__functions.h
[9.592s] -- Installing: /home/amrl-linux24-04/ros2_ben/install/igus_rebel_msgs/include/igus_rebel_msgs/igus_rebel_msgs/msg/detail/digital_output__struct.h
[9.592s] -- Installing: /home/amrl-linux24-04/ros2_ben/install/igus_rebel_msgs/include/igus_rebel_msgs/igus_rebel_msgs/msg/detail/digital_output__functions.c
[9.592s] -- Installing: /home/amrl-linux24-04/ros2_ben/install/igus_rebel_msgs/include/igus_rebel_msgs/igus_rebel_msgs/msg/detail/digital_output__description.c
[9.592s] -- Installing: /home/amrl-linux24-04/ros2_ben/install/igus_rebel_msgs/include/igus_rebel_msgs/igus_rebel_msgs/msg/digital_output.h
[9.592s] -- Installing: /home/amrl-linux24-04/ros2_ben/install/igus_rebel_msgs/include/igus_rebel_msgs/igus_rebel_msgs/msg/rosidl_generator_c__visibility_control.h
[9.592s] -- Installing: /home/amrl-linux24-04/ros2_ben/install/igus_rebel_msgs/share/igus_rebel_msgs/environment/library_path.sh
[9.592s] -- Installing: /home/amrl-linux24-04/ros2_ben/install/igus_rebel_msgs/share/igus_rebel_msgs/environment/library_path.dsv
[9.592s] -- Installing: /home/amrl-linux24-04/ros2_ben/install/igus_rebel_msgs/lib/libigus_rebel_msgs__rosidl_generator_c.so
[9.593s] -- Set non-toolchain portion of runtime path of "/home/amrl-linux24-04/ros2_ben/install/igus_rebel_msgs/lib/libigus_rebel_msgs__rosidl_generator_c.so" to ""
[9.593s] -- Up-to-date: /home/amrl-linux24-04/ros2_ben/install/igus_rebel_msgs/include/igus_rebel_msgs/igus_rebel_msgs
[9.593s] -- Up-to-date: /home/amrl-linux24-04/ros2_ben/install/igus_rebel_msgs/include/igus_rebel_msgs/igus_rebel_msgs/srv
[9.593s] -- Up-to-date: /home/amrl-linux24-04/ros2_ben/install/igus_rebel_msgs/include/igus_rebel_msgs/igus_rebel_msgs/srv/detail
[9.593s] -- Installing: /home/amrl-linux24-04/ros2_ben/install/igus_rebel_msgs/include/igus_rebel_msgs/igus_rebel_msgs/srv/detail/set_digital_output__rosidl_typesupport_fastrtps_c.h
[9.593s] -- Up-to-date: /home/amrl-linux24-04/ros2_ben/install/igus_rebel_msgs/include/igus_rebel_msgs/igus_rebel_msgs/msg
[9.597s] -- Up-to-date: /home/amrl-linux24-04/ros2_ben/install/igus_rebel_msgs/include/igus_rebel_msgs/igus_rebel_msgs/msg/detail
[9.597s] -- Installing: /home/amrl-linux24-04/ros2_ben/install/igus_rebel_msgs/include/igus_rebel_msgs/igus_rebel_msgs/msg/detail/digital_output__rosidl_typesupport_fastrtps_c.h
[9.598s] -- Installing: /home/amrl-linux24-04/ros2_ben/install/igus_rebel_msgs/include/igus_rebel_msgs/igus_rebel_msgs/msg/rosidl_typesupport_fastrtps_c__visibility_control.h
[9.598s] -- Installing: /home/amrl-linux24-04/ros2_ben/install/igus_rebel_msgs/lib/libigus_rebel_msgs__rosidl_typesupport_fastrtps_c.so
[9.598s] -- Set non-toolchain portion of runtime path of "/home/amrl-linux24-04/ros2_ben/install/igus_rebel_msgs/lib/libigus_rebel_msgs__rosidl_typesupport_fastrtps_c.so" to ""
[9.598s] -- Up-to-date: /home/amrl-linux24-04/ros2_ben/install/igus_rebel_msgs/include/igus_rebel_msgs/igus_rebel_msgs
[9.598s] -- Up-to-date: /home/amrl-linux24-04/ros2_ben/install/igus_rebel_msgs/include/igus_rebel_msgs/igus_rebel_msgs/srv
[9.598s] -- Up-to-date: /home/amrl-linux24-04/ros2_ben/install/igus_rebel_msgs/include/igus_rebel_msgs/igus_rebel_msgs/srv/detail
[9.598s] -- Installing: /home/amrl-linux24-04/ros2_ben/install/igus_rebel_msgs/include/igus_rebel_msgs/igus_rebel_msgs/srv/detail/set_digital_output__builder.hpp
[9.598s] -- Installing: /home/amrl-linux24-04/ros2_ben/install/igus_rebel_msgs/include/igus_rebel_msgs/igus_rebel_msgs/srv/detail/set_digital_output__type_support.hpp
[9.598s] -- Installing: /home/amrl-linux24-04/ros2_ben/install/igus_rebel_msgs/include/igus_rebel_msgs/igus_rebel_msgs/srv/detail/set_digital_output__struct.hpp
[9.599s] -- Installing: /home/amrl-linux24-04/ros2_ben/install/igus_rebel_msgs/include/igus_rebel_msgs/igus_rebel_msgs/srv/detail/set_digital_output__traits.hpp
[9.599s] -- Installing: /home/amrl-linux24-04/ros2_ben/install/igus_rebel_msgs/include/igus_rebel_msgs/igus_rebel_msgs/srv/set_digital_output.hpp
[9.601s] -- Up-to-date: /home/amrl-linux24-04/ros2_ben/install/igus_rebel_msgs/include/igus_rebel_msgs/igus_rebel_msgs/msg
[9.602s] -- Installing: /home/amrl-linux24-04/ros2_ben/install/igus_rebel_msgs/include/igus_rebel_msgs/igus_rebel_msgs/msg/digital_output.hpp
[9.602s] -- Up-to-date: /home/amrl-linux24-04/ros2_ben/install/igus_rebel_msgs/include/igus_rebel_msgs/igus_rebel_msgs/msg/detail
[9.602s] -- Installing: /home/amrl-linux24-04/ros2_ben/install/igus_rebel_msgs/include/igus_rebel_msgs/igus_rebel_msgs/msg/detail/digital_output__type_support.hpp
[9.602s] -- Installing: /home/amrl-linux24-04/ros2_ben/install/igus_rebel_msgs/include/igus_rebel_msgs/igus_rebel_msgs/msg/detail/digital_output__struct.hpp
[9.602s] -- Installing: /home/amrl-linux24-04/ros2_ben/install/igus_rebel_msgs/include/igus_rebel_msgs/igus_rebel_msgs/msg/detail/digital_output__traits.hpp
[9.602s] -- Installing: /home/amrl-linux24-04/ros2_ben/install/igus_rebel_msgs/include/igus_rebel_msgs/igus_rebel_msgs/msg/detail/digital_output__builder.hpp
[9.602s] -- Installing: /home/amrl-linux24-04/ros2_ben/install/igus_rebel_msgs/include/igus_rebel_msgs/igus_rebel_msgs/msg/rosidl_generator_cpp__visibility_control.hpp
[9.602s] -- Up-to-date: /home/amrl-linux24-04/ros2_ben/install/igus_rebel_msgs/include/igus_rebel_msgs/igus_rebel_msgs
[9.602s] -- Up-to-date: /home/amrl-linux24-04/ros2_ben/install/igus_rebel_msgs/include/igus_rebel_msgs/igus_rebel_msgs/srv
[9.603s] -- Up-to-date: /home/amrl-linux24-04/ros2_ben/install/igus_rebel_msgs/include/igus_rebel_msgs/igus_rebel_msgs/srv/detail
[9.603s] -- Installing: /home/amrl-linux24-04/ros2_ben/install/igus_rebel_msgs/include/igus_rebel_msgs/igus_rebel_msgs/srv/detail/set_digital_output__rosidl_typesupport_fastrtps_cpp.hpp
[9.603s] -- Installing: /home/amrl-linux24-04/ros2_ben/install/igus_rebel_msgs/include/igus_rebel_msgs/igus_rebel_msgs/srv/detail/dds_fastrtps
[9.603s] -- Up-to-date: /home/amrl-linux24-04/ros2_ben/install/igus_rebel_msgs/include/igus_rebel_msgs/igus_rebel_msgs/msg
[9.603s] -- Up-to-date: /home/amrl-linux24-04/ros2_ben/install/igus_rebel_msgs/include/igus_rebel_msgs/igus_rebel_msgs/msg/detail
[9.603s] -- Installing: /home/amrl-linux24-04/ros2_ben/install/igus_rebel_msgs/include/igus_rebel_msgs/igus_rebel_msgs/msg/detail/dds_fastrtps
[9.603s] -- Installing: /home/amrl-linux24-04/ros2_ben/install/igus_rebel_msgs/include/igus_rebel_msgs/igus_rebel_msgs/msg/detail/digital_output__rosidl_typesupport_fastrtps_cpp.hpp
[9.603s] -- Installing: /home/amrl-linux24-04/ros2_ben/install/igus_rebel_msgs/include/igus_rebel_msgs/igus_rebel_msgs/msg/rosidl_typesupport_fastrtps_cpp__visibility_control.h
[9.604s] -- Installing: /home/amrl-linux24-04/ros2_ben/install/igus_rebel_msgs/lib/libigus_rebel_msgs__rosidl_typesupport_fastrtps_cpp.so
[9.608s] -- Set non-toolchain portion of runtime path of "/home/amrl-linux24-04/ros2_ben/install/igus_rebel_msgs/lib/libigus_rebel_msgs__rosidl_typesupport_fastrtps_cpp.so" to ""
[9.608s] -- Up-to-date: /home/amrl-linux24-04/ros2_ben/install/igus_rebel_msgs/include/igus_rebel_msgs/igus_rebel_msgs
[9.608s] -- Up-to-date: /home/amrl-linux24-04/ros2_ben/install/igus_rebel_msgs/include/igus_rebel_msgs/igus_rebel_msgs/srv
[9.608s] -- Up-to-date: /home/amrl-linux24-04/ros2_ben/install/igus_rebel_msgs/include/igus_rebel_msgs/igus_rebel_msgs/srv/detail
[9.608s] -- Installing: /home/amrl-linux24-04/ros2_ben/install/igus_rebel_msgs/include/igus_rebel_msgs/igus_rebel_msgs/srv/detail/set_digital_output__type_support.c
[9.608s] -- Installing: /home/amrl-linux24-04/ros2_ben/install/igus_rebel_msgs/include/igus_rebel_msgs/igus_rebel_msgs/srv/detail/set_digital_output__rosidl_typesupport_introspection_c.h
[9.609s] -- Up-to-date: /home/amrl-linux24-04/ros2_ben/install/igus_rebel_msgs/include/igus_rebel_msgs/igus_rebel_msgs/msg
[9.609s] -- Up-to-date: /home/amrl-linux24-04/ros2_ben/install/igus_rebel_msgs/include/igus_rebel_msgs/igus_rebel_msgs/msg/detail
[9.609s] -- Installing: /home/amrl-linux24-04/ros2_ben/install/igus_rebel_msgs/include/igus_rebel_msgs/igus_rebel_msgs/msg/detail/digital_output__type_support.c
[9.609s] -- Installing: /home/amrl-linux24-04/ros2_ben/install/igus_rebel_msgs/include/igus_rebel_msgs/igus_rebel_msgs/msg/detail/digital_output__rosidl_typesupport_introspection_c.h
[9.613s] -- Installing: /home/amrl-linux24-04/ros2_ben/install/igus_rebel_msgs/include/igus_rebel_msgs/igus_rebel_msgs/msg/rosidl_typesupport_introspection_c__visibility_control.h
[9.613s] -- Installing: /home/amrl-linux24-04/ros2_ben/install/igus_rebel_msgs/lib/libigus_rebel_msgs__rosidl_typesupport_introspection_c.so
[9.613s] -- Set non-toolchain portion of runtime path of "/home/amrl-linux24-04/ros2_ben/install/igus_rebel_msgs/lib/libigus_rebel_msgs__rosidl_typesupport_introspection_c.so" to ""
[9.613s] -- Installing: /home/amrl-linux24-04/ros2_ben/install/igus_rebel_msgs/lib/libigus_rebel_msgs__rosidl_typesupport_c.so
[9.613s] -- Set non-toolchain portion of runtime path of "/home/amrl-linux24-04/ros2_ben/install/igus_rebel_msgs/lib/libigus_rebel_msgs__rosidl_typesupport_c.so" to ""
[9.613s] -- Up-to-date: /home/amrl-linux24-04/ros2_ben/install/igus_rebel_msgs/include/igus_rebel_msgs/igus_rebel_msgs
[9.614s] -- Up-to-date: /home/amrl-linux24-04/ros2_ben/install/igus_rebel_msgs/include/igus_rebel_msgs/igus_rebel_msgs/srv
[9.614s] -- Up-to-date: /home/amrl-linux24-04/ros2_ben/install/igus_rebel_msgs/include/igus_rebel_msgs/igus_rebel_msgs/srv/detail
[9.614s] -- Installing: /home/amrl-linux24-04/ros2_ben/install/igus_rebel_msgs/include/igus_rebel_msgs/igus_rebel_msgs/srv/detail/set_digital_output__type_support.cpp
[9.614s] -- Installing: /home/amrl-linux24-04/ros2_ben/install/igus_rebel_msgs/include/igus_rebel_msgs/igus_rebel_msgs/srv/detail/set_digital_output__rosidl_typesupport_introspection_cpp.hpp
[9.614s] -- Up-to-date: /home/amrl-linux24-04/ros2_ben/install/igus_rebel_msgs/include/igus_rebel_msgs/igus_rebel_msgs/msg
[9.615s] -- Up-to-date: /home/amrl-linux24-04/ros2_ben/install/igus_rebel_msgs/include/igus_rebel_msgs/igus_rebel_msgs/msg/detail
[9.615s] -- Installing: /home/amrl-linux24-04/ros2_ben/install/igus_rebel_msgs/include/igus_rebel_msgs/igus_rebel_msgs/msg/detail/digital_output__type_support.cpp
[9.615s] -- Installing: /home/amrl-linux24-04/ros2_ben/install/igus_rebel_msgs/include/igus_rebel_msgs/igus_rebel_msgs/msg/detail/digital_output__rosidl_typesupport_introspection_cpp.hpp
[9.615s] -- Installing: /home/amrl-linux24-04/ros2_ben/install/igus_rebel_msgs/lib/libigus_rebel_msgs__rosidl_typesupport_introspection_cpp.so
[9.615s] -- Set non-toolchain portion of runtime path of "/home/amrl-linux24-04/ros2_ben/install/igus_rebel_msgs/lib/libigus_rebel_msgs__rosidl_typesupport_introspection_cpp.so" to ""
[9.615s] -- Installing: /home/amrl-linux24-04/ros2_ben/install/igus_rebel_msgs/lib/libigus_rebel_msgs__rosidl_typesupport_cpp.so
[9.618s] -- Set non-toolchain portion of runtime path of "/home/amrl-linux24-04/ros2_ben/install/igus_rebel_msgs/lib/libigus_rebel_msgs__rosidl_typesupport_cpp.so" to ""
[9.619s] -- Installing: /home/amrl-linux24-04/ros2_ben/install/igus_rebel_msgs/share/igus_rebel_msgs/environment/pythonpath.sh
[9.623s] -- Installing: /home/amrl-linux24-04/ros2_ben/install/igus_rebel_msgs/share/igus_rebel_msgs/environment/pythonpath.dsv
[9.624s] -- Installing: /home/amrl-linux24-04/ros2_ben/install/igus_rebel_msgs/lib/python3.12/site-packages/igus_rebel_msgs-0.0.0-py3.12.egg-info
[9.624s] -- Installing: /home/amrl-linux24-04/ros2_ben/install/igus_rebel_msgs/lib/python3.12/site-packages/igus_rebel_msgs-0.0.0-py3.12.egg-info/top_level.txt
[9.624s] -- Installing: /home/amrl-linux24-04/ros2_ben/install/igus_rebel_msgs/lib/python3.12/site-packages/igus_rebel_msgs-0.0.0-py3.12.egg-info/dependency_links.txt
[9.624s] -- Installing: /home/amrl-linux24-04/ros2_ben/install/igus_rebel_msgs/lib/python3.12/site-packages/igus_rebel_msgs-0.0.0-py3.12.egg-info/PKG-INFO
[9.624s] -- Installing: /home/amrl-linux24-04/ros2_ben/install/igus_rebel_msgs/lib/python3.12/site-packages/igus_rebel_msgs-0.0.0-py3.12.egg-info/SOURCES.txt
[9.624s] -- Installing: /home/amrl-linux24-04/ros2_ben/install/igus_rebel_msgs/lib/python3.12/site-packages/igus_rebel_msgs
[9.624s] -- Installing: /home/amrl-linux24-04/ros2_ben/install/igus_rebel_msgs/lib/python3.12/site-packages/igus_rebel_msgs/_igus_rebel_msgs_s.ep.rosidl_typesupport_introspection_c.c
[9.625s] -- Installing: /home/amrl-linux24-04/ros2_ben/install/igus_rebel_msgs/lib/python3.12/site-packages/igus_rebel_msgs/srv
[9.625s] -- Installing: /home/amrl-linux24-04/ros2_ben/install/igus_rebel_msgs/lib/python3.12/site-packages/igus_rebel_msgs/srv/__init__.py
[9.625s] -- Installing: /home/amrl-linux24-04/ros2_ben/install/igus_rebel_msgs/lib/python3.12/site-packages/igus_rebel_msgs/srv/_set_digital_output.py
[9.625s] -- Installing: /home/amrl-linux24-04/ros2_ben/install/igus_rebel_msgs/lib/python3.12/site-packages/igus_rebel_msgs/srv/_set_digital_output_s.c
[9.625s] -- Installing: /home/amrl-linux24-04/ros2_ben/install/igus_rebel_msgs/lib/python3.12/site-packages/igus_rebel_msgs/__init__.py
[9.625s] -- Installing: /home/amrl-linux24-04/ros2_ben/install/igus_rebel_msgs/lib/python3.12/site-packages/igus_rebel_msgs/igus_rebel_msgs_s__rosidl_typesupport_fastrtps_c.so
[9.625s] -- Installing: /home/amrl-linux24-04/ros2_ben/install/igus_rebel_msgs/lib/python3.12/site-packages/igus_rebel_msgs/igus_rebel_msgs_s__rosidl_typesupport_introspection_c.so
[9.625s] -- Installing: /home/amrl-linux24-04/ros2_ben/install/igus_rebel_msgs/lib/python3.12/site-packages/igus_rebel_msgs/_igus_rebel_msgs_s.ep.rosidl_typesupport_c.c
[9.630s] -- Installing: /home/amrl-linux24-04/ros2_ben/install/igus_rebel_msgs/lib/python3.12/site-packages/igus_rebel_msgs/_igus_rebel_msgs_s.ep.rosidl_typesupport_fastrtps_c.c
[9.630s] -- Installing: /home/amrl-linux24-04/ros2_ben/install/igus_rebel_msgs/lib/python3.12/site-packages/igus_rebel_msgs/msg
[9.630s] -- Installing: /home/amrl-linux24-04/ros2_ben/install/igus_rebel_msgs/lib/python3.12/site-packages/igus_rebel_msgs/msg/_digital_output.py
[9.630s] -- Installing: /home/amrl-linux24-04/ros2_ben/install/igus_rebel_msgs/lib/python3.12/site-packages/igus_rebel_msgs/msg/__init__.py
[9.631s] -- Installing: /home/amrl-linux24-04/ros2_ben/install/igus_rebel_msgs/lib/python3.12/site-packages/igus_rebel_msgs/msg/_digital_output_s.c
[9.631s] -- Installing: /home/amrl-linux24-04/ros2_ben/install/igus_rebel_msgs/lib/python3.12/site-packages/igus_rebel_msgs/igus_rebel_msgs_s__rosidl_typesupport_c.so
[9.785s] Listing '/home/amrl-linux24-04/ros2_ben/install/igus_rebel_msgs/lib/python3.12/site-packages/igus_rebel_msgs'...
[9.785s] Compiling '/home/amrl-linux24-04/ros2_ben/install/igus_rebel_msgs/lib/python3.12/site-packages/igus_rebel_msgs/__init__.py'...
[9.785s] Listing '/home/amrl-linux24-04/ros2_ben/install/igus_rebel_msgs/lib/python3.12/site-packages/igus_rebel_msgs/msg'...
[9.785s] Compiling '/home/amrl-linux24-04/ros2_ben/install/igus_rebel_msgs/lib/python3.12/site-packages/igus_rebel_msgs/msg/__init__.py'...
[9.785s] Compiling '/home/amrl-linux24-04/ros2_ben/install/igus_rebel_msgs/lib/python3.12/site-packages/igus_rebel_msgs/msg/_digital_output.py'...
[9.785s] Listing '/home/amrl-linux24-04/ros2_ben/install/igus_rebel_msgs/lib/python3.12/site-packages/igus_rebel_msgs/srv'...
[9.785s] Compiling '/home/amrl-linux24-04/ros2_ben/install/igus_rebel_msgs/lib/python3.12/site-packages/igus_rebel_msgs/srv/__init__.py'...
[9.785s] Compiling '/home/amrl-linux24-04/ros2_ben/install/igus_rebel_msgs/lib/python3.12/site-packages/igus_rebel_msgs/srv/_set_digital_output.py'...
[9.808s] -- Installing: /home/amrl-linux24-04/ros2_ben/install/igus_rebel_msgs/lib/python3.12/site-packages/igus_rebel_msgs/igus_rebel_msgs_s__rosidl_typesupport_fastrtps_c.so
[9.809s] -- Set non-toolchain portion of runtime path of "/home/amrl-linux24-04/ros2_ben/install/igus_rebel_msgs/lib/python3.12/site-packages/igus_rebel_msgs/igus_rebel_msgs_s__rosidl_typesupport_fastrtps_c.so" to ""
[9.809s] -- Installing: /home/amrl-linux24-04/ros2_ben/install/igus_rebel_msgs/lib/python3.12/site-packages/igus_rebel_msgs/igus_rebel_msgs_s__rosidl_typesupport_introspection_c.so
[9.818s] -- Set non-toolchain portion of runtime path of "/home/amrl-linux24-04/ros2_ben/install/igus_rebel_msgs/lib/python3.12/site-packages/igus_rebel_msgs/igus_rebel_msgs_s__rosidl_typesupport_introspection_c.so" to ""
[9.819s] -- Installing: /home/amrl-linux24-04/ros2_ben/install/igus_rebel_msgs/lib/python3.12/site-packages/igus_rebel_msgs/igus_rebel_msgs_s__rosidl_typesupport_c.so
[9.819s] -- Set non-toolchain portion of runtime path of "/home/amrl-linux24-04/ros2_ben/install/igus_rebel_msgs/lib/python3.12/site-packages/igus_rebel_msgs/igus_rebel_msgs_s__rosidl_typesupport_c.so" to ""
[9.819s] -- Installing: /home/amrl-linux24-04/ros2_ben/install/igus_rebel_msgs/lib/libigus_rebel_msgs__rosidl_generator_py.so
[9.819s] -- Set non-toolchain portion of runtime path of "/home/amrl-linux24-04/ros2_ben/install/igus_rebel_msgs/lib/libigus_rebel_msgs__rosidl_generator_py.so" to ""
[9.819s] -- Installing: /home/amrl-linux24-04/ros2_ben/install/igus_rebel_msgs/share/igus_rebel_msgs/msg/DigitalOutput.idl
[9.819s] -- Installing: /home/amrl-linux24-04/ros2_ben/install/igus_rebel_msgs/share/igus_rebel_msgs/srv/SetDigitalOutput.idl
[9.819s] -- Installing: /home/amrl-linux24-04/ros2_ben/install/igus_rebel_msgs/share/igus_rebel_msgs/msg/DigitalOutput.msg
[9.819s] -- Installing: /home/amrl-linux24-04/ros2_ben/install/igus_rebel_msgs/share/igus_rebel_msgs/srv/SetDigitalOutput.srv
[9.819s] -- Installing: /home/amrl-linux24-04/ros2_ben/install/igus_rebel_msgs/share/ament_index/resource_index/package_run_dependencies/igus_rebel_msgs
[9.820s] -- Installing: /home/amrl-linux24-04/ros2_ben/install/igus_rebel_msgs/share/ament_index/resource_index/parent_prefix_path/igus_rebel_msgs
[9.820s] -- Installing: /home/amrl-linux24-04/ros2_ben/install/igus_rebel_msgs/share/igus_rebel_msgs/environment/ament_prefix_path.sh
[9.820s] -- Installing: /home/amrl-linux24-04/ros2_ben/install/igus_rebel_msgs/share/igus_rebel_msgs/environment/ament_prefix_path.dsv
[9.820s] -- Installing: /home/amrl-linux24-04/ros2_ben/install/igus_rebel_msgs/share/igus_rebel_msgs/environment/path.sh
[9.820s] -- Installing: /home/amrl-linux24-04/ros2_ben/install/igus_rebel_msgs/share/igus_rebel_msgs/environment/path.dsv
[9.820s] -- Installing: /home/amrl-linux24-04/ros2_ben/install/igus_rebel_msgs/share/igus_rebel_msgs/local_setup.bash
[9.820s] -- Installing: /home/amrl-linux24-04/ros2_ben/install/igus_rebel_msgs/share/igus_rebel_msgs/local_setup.sh
[9.825s] -- Installing: /home/amrl-linux24-04/ros2_ben/install/igus_rebel_msgs/share/igus_rebel_msgs/local_setup.zsh
[9.825s] -- Installing: /home/amrl-linux24-04/ros2_ben/install/igus_rebel_msgs/share/igus_rebel_msgs/local_setup.dsv
[9.825s] -- Installing: /home/amrl-linux24-04/ros2_ben/install/igus_rebel_msgs/share/igus_rebel_msgs/package.dsv
[9.825s] -- Installing: /home/amrl-linux24-04/ros2_ben/install/igus_rebel_msgs/share/ament_index/resource_index/packages/igus_rebel_msgs
[9.825s] -- Installing: /home/amrl-linux24-04/ros2_ben/install/igus_rebel_msgs/share/igus_rebel_msgs/cmake/export_igus_rebel_msgs__rosidl_generator_cExport.cmake
[9.825s] -- Installing: /home/amrl-linux24-04/ros2_ben/install/igus_rebel_msgs/share/igus_rebel_msgs/cmake/export_igus_rebel_msgs__rosidl_generator_cExport-noconfig.cmake
[9.825s] -- Installing: /home/amrl-linux24-04/ros2_ben/install/igus_rebel_msgs/share/igus_rebel_msgs/cmake/export_igus_rebel_msgs__rosidl_typesupport_fastrtps_cExport.cmake
[9.825s] -- Installing: /home/amrl-linux24-04/ros2_ben/install/igus_rebel_msgs/share/igus_rebel_msgs/cmake/export_igus_rebel_msgs__rosidl_typesupport_fastrtps_cExport-noconfig.cmake
[9.825s] -- Installing: /home/amrl-linux24-04/ros2_ben/install/igus_rebel_msgs/share/igus_rebel_msgs/cmake/export_igus_rebel_msgs__rosidl_generator_cppExport.cmake
[9.825s] -- Installing: /home/amrl-linux24-04/ros2_ben/install/igus_rebel_msgs/share/igus_rebel_msgs/cmake/export_igus_rebel_msgs__rosidl_typesupport_fastrtps_cppExport.cmake
[9.825s] -- Installing: /home/amrl-linux24-04/ros2_ben/install/igus_rebel_msgs/share/igus_rebel_msgs/cmake/export_igus_rebel_msgs__rosidl_typesupport_fastrtps_cppExport-noconfig.cmake
[9.826s] -- Installing: /home/amrl-linux24-04/ros2_ben/install/igus_rebel_msgs/share/igus_rebel_msgs/cmake/igus_rebel_msgs__rosidl_typesupport_introspection_cExport.cmake
[9.826s] -- Installing: /home/amrl-linux24-04/ros2_ben/install/igus_rebel_msgs/share/igus_rebel_msgs/cmake/igus_rebel_msgs__rosidl_typesupport_introspection_cExport-noconfig.cmake
[9.826s] -- Installing: /home/amrl-linux24-04/ros2_ben/install/igus_rebel_msgs/share/igus_rebel_msgs/cmake/igus_rebel_msgs__rosidl_typesupport_cExport.cmake
[9.826s] -- Installing: /home/amrl-linux24-04/ros2_ben/install/igus_rebel_msgs/share/igus_rebel_msgs/cmake/igus_rebel_msgs__rosidl_typesupport_cExport-noconfig.cmake
[9.826s] -- Installing: /home/amrl-linux24-04/ros2_ben/install/igus_rebel_msgs/share/igus_rebel_msgs/cmake/igus_rebel_msgs__rosidl_typesupport_introspection_cppExport.cmake
[9.826s] -- Installing: /home/amrl-linux24-04/ros2_ben/install/igus_rebel_msgs/share/igus_rebel_msgs/cmake/igus_rebel_msgs__rosidl_typesupport_introspection_cppExport-noconfig.cmake
[9.826s] -- Installing: /home/amrl-linux24-04/ros2_ben/install/igus_rebel_msgs/share/igus_rebel_msgs/cmake/igus_rebel_msgs__rosidl_typesupport_cppExport.cmake
[9.830s] -- Installing: /home/amrl-linux24-04/ros2_ben/install/igus_rebel_msgs/share/igus_rebel_msgs/cmake/igus_rebel_msgs__rosidl_typesupport_cppExport-noconfig.cmake
[9.831s] -- Installing: /home/amrl-linux24-04/ros2_ben/install/igus_rebel_msgs/share/igus_rebel_msgs/cmake/export_igus_rebel_msgs__rosidl_generator_pyExport.cmake
[9.831s] -- Installing: /home/amrl-linux24-04/ros2_ben/install/igus_rebel_msgs/share/igus_rebel_msgs/cmake/export_igus_rebel_msgs__rosidl_generator_pyExport-noconfig.cmake
[9.831s] -- Installing: /home/amrl-linux24-04/ros2_ben/install/igus_rebel_msgs/share/igus_rebel_msgs/cmake/rosidl_cmake-extras.cmake
[9.831s] -- Installing: /home/amrl-linux24-04/ros2_ben/install/igus_rebel_msgs/share/igus_rebel_msgs/cmake/ament_cmake_export_dependencies-extras.cmake
[9.831s] -- Installing: /home/amrl-linux24-04/ros2_ben/install/igus_rebel_msgs/share/igus_rebel_msgs/cmake/ament_cmake_export_include_directories-extras.cmake
[9.831s] -- Installing: /home/amrl-linux24-04/ros2_ben/install/igus_rebel_msgs/share/igus_rebel_msgs/cmake/ament_cmake_export_libraries-extras.cmake
[9.831s] -- Installing: /home/amrl-linux24-04/ros2_ben/install/igus_rebel_msgs/share/igus_rebel_msgs/cmake/ament_cmake_export_targets-extras.cmake
[9.832s] -- Installing: /home/amrl-linux24-04/ros2_ben/install/igus_rebel_msgs/share/igus_rebel_msgs/cmake/rosidl_cmake_export_typesupport_targets-extras.cmake
[9.832s] -- Installing: /home/amrl-linux24-04/ros2_ben/install/igus_rebel_msgs/share/igus_rebel_msgs/cmake/rosidl_cmake_export_typesupport_libraries-extras.cmake
[9.832s] -- Installing: /home/amrl-linux24-04/ros2_ben/install/igus_rebel_msgs/share/igus_rebel_msgs/cmake/igus_rebel_msgsConfig.cmake
[9.832s] -- Installing: /home/amrl-linux24-04/ros2_ben/install/igus_rebel_msgs/share/igus_rebel_msgs/cmake/igus_rebel_msgsConfig-version.cmake
[9.832s] -- Installing: /home/amrl-linux24-04/ros2_ben/install/igus_rebel_msgs/share/igus_rebel_msgs/package.xml
[9.838s] Invoked command in '/home/amrl-linux24-04/ros2_ben/build/igus_rebel_msgs' returned '0': CMAKE_PREFIX_PATH=${CMAKE_PREFIX_PATH}:/home/amrl-linux24-04/ros2_ben/install/yolo_ros:/home/amrl-linux24-04/ros2_ben/install/igusgus_launch:/opt/ros/jazzy DEBUGINFOD_URLS=https://debuginfod.ubuntu.com /usr/bin/cmake --install /home/amrl-linux24-04/ros2_ben/build/igus_rebel_msgs
