[2.221s] Invoking command in '/home/amrl-linux24-04/ros2_ben/src/igusgus': DEBUGINFOD_URLS=https://debuginfod.ubuntu.com PYTHONPATH=/home/amrl-linux24-04/ros2_ben/build/igusgus/prefix_override:/usr/lib/python3/dist-packages/colcon_core/task/python/colcon_distutils_commands:/home/amrl-linux24-04/ros2_ben/install/igusgus/lib/python3.12/site-packages:${PYTHONPATH} /usr/bin/python3 -W ignore:setup.py install is deprecated -W ignore:easy_install command is deprecated setup.py egg_info --egg-base ../../build/igusgus build --build-base /home/amrl-linux24-04/ros2_ben/build/igusgus/build install --record /home/amrl-linux24-04/ros2_ben/build/igusgus/install.log --single-version-externally-managed install_data
[2.954s] running egg_info
[3.010s] writing ../../build/igusgus/igusgus.egg-info/PKG-INFO
[3.010s] writing dependency_links to ../../build/igusgus/igusgus.egg-info/dependency_links.txt
[3.011s] writing entry points to ../../build/igusgus/igusgus.egg-info/entry_points.txt
[3.011s] writing requirements to ../../build/igusgus/igusgus.egg-info/requires.txt
[3.011s] writing top-level names to ../../build/igusgus/igusgus.egg-info/top_level.txt
[3.117s] reading manifest file '../../build/igusgus/igusgus.egg-info/SOURCES.txt'
[3.118s] adding license file 'LICENSE'
[3.119s] writing manifest file '../../build/igusgus/igusgus.egg-info/SOURCES.txt'
[3.120s] running build
[3.120s] running build_py
[3.120s] copying igusgus/ctrl_rob.py -> /home/amrl-linux24-04/ros2_ben/build/igusgus/build/lib/igusgus
[3.122s] running install
[3.138s] running install_lib
[3.191s] copying /home/amrl-linux24-04/ros2_ben/build/igusgus/build/lib/igusgus/ctrl_rob.py -> /home/amrl-linux24-04/ros2_ben/install/igusgus/lib/python3.12/site-packages/igusgus
[3.192s] byte-compiling /home/amrl-linux24-04/ros2_ben/install/igusgus/lib/python3.12/site-packages/igusgus/ctrl_rob.py to ctrl_rob.cpython-312.pyc
[3.195s] running install_data
[3.195s] running install_egg_info
[3.255s] removing '/home/amrl-linux24-04/ros2_ben/install/igusgus/lib/python3.12/site-packages/igusgus-0.0.0-py3.12.egg-info' (and everything under it)
[3.256s] Copying ../../build/igusgus/igusgus.egg-info to /home/amrl-linux24-04/ros2_ben/install/igusgus/lib/python3.12/site-packages/igusgus-0.0.0-py3.12.egg-info
[3.259s] running install_scripts
[3.606s] Installing ctrl_rob script to /home/amrl-linux24-04/ros2_ben/install/igusgus/lib/igusgus
[3.606s] Installing pub_3d script to /home/amrl-linux24-04/ros2_ben/install/igusgus/lib/igusgus
[3.607s] writing list of installed files to '/home/amrl-linux24-04/ros2_ben/build/igusgus/install.log'
[3.665s] Invoked command in '/home/amrl-linux24-04/ros2_ben/src/igusgus' returned '0': DEBUGINFOD_URLS=https://debuginfod.ubuntu.com PYTHONPATH=/home/amrl-linux24-04/ros2_ben/build/igusgus/prefix_override:/usr/lib/python3/dist-packages/colcon_core/task/python/colcon_distutils_commands:/home/amrl-linux24-04/ros2_ben/install/igusgus/lib/python3.12/site-packages:${PYTHONPATH} /usr/bin/python3 -W ignore:setup.py install is deprecated -W ignore:easy_install command is deprecated setup.py egg_info --egg-base ../../build/igusgus build --build-base /home/amrl-linux24-04/ros2_ben/build/igusgus/build install --record /home/amrl-linux24-04/ros2_ben/build/igusgus/install.log --single-version-externally-managed install_data
