[0.012s] Invoking command in '/home/amrl-linux24-04/ros2_ben/build/realsense2_camera': AMENT_PREFIX_PATH=/home/amrl-linux24-04/ros2_ben/install/realsense2_camera_msgs:${AMENT_PREFIX_PATH} CMAKE_PREFIX_PATH=/home/amrl-linux24-04/ros2_ben/install/realsense2_camera_msgs:/home/amrl-linux24-04/ros2_ben/install/orbbec_description:/home/amrl-linux24-04/ros2_ben/install/orbbec_camera:/home/amrl-linux24-04/ros2_ben/install/orbbec_camera_msgs:/home/amrl-linux24-04/ros2_ben/install/igus_rebel:/home/amrl-linux24-04/ros2_ben/install/igus_rebel_msgs:/home/amrl-linux24-04/ros2_ben/install/igus_rebel_moveit_config:/home/amrl-linux24-04/ros2_ben/install/igus_rebel_description:/opt/ros/jazzy/opt/gz_sim_vendor:/opt/ros/jazzy/opt/gz_sensors_vendor:/opt/ros/jazzy/opt/gz_physics_vendor:/opt/ros/jazzy/opt/sdformat_vendor:/opt/ros/jazzy/opt/gz_gui_vendor:/opt/ros/jazzy/opt/gz_transport_vendor:/opt/ros/jazzy/opt/gz_rendering_vendor:/opt/ros/jazzy/opt/gz_plugin_vendor:/opt/ros/jazzy/opt/gz_fuel_tools_vendor:/opt/ros/jazzy/opt/gz_msgs_vendor:/opt/ros/jazzy/opt/gz_common_vendor:/opt/ros/jazzy/opt/gz_math_vendor:/opt/ros/jazzy/opt/gz_utils_vendor:/opt/ros/jazzy/opt/gz_tools_vendor:/opt/ros/jazzy/opt/gz_ogre_next_vendor:/opt/ros/jazzy/opt/gz_dartsim_vendor:/opt/ros/jazzy/opt/gz_cmake_vendor:/home/amrl-linux24-04/ros2_ben/install/igusgus_launch:/opt/ros/jazzy DEBUGINFOD_URLS=https://debuginfod.ubuntu.com LD_LIBRARY_PATH=/home/amrl-linux24-04/ros2_ben/install/realsense2_camera_msgs/lib:${LD_LIBRARY_PATH} PYTHONPATH=/home/amrl-linux24-04/ros2_ben/install/realsense2_camera_msgs/lib/python3.12/site-packages:${PYTHONPATH} /usr/bin/cmake /home/amrl-linux24-04/ros2_ben/src/realsense-ros/realsense2_camera -DCMAKE_INSTALL_PREFIX=/home/amrl-linux24-04/ros2_ben/install/realsense2_camera
[0.088s] -- The C compiler identification is GNU 13.3.0
[0.163s] -- The CXX compiler identification is GNU 13.3.0
[0.185s] -- Detecting C compiler ABI info
[0.304s] -- Detecting C compiler ABI info - done
[0.317s] -- Check for working C compiler: /usr/bin/cc - skipped
[0.317s] -- Detecting C compile features
[0.318s] -- Detecting C compile features - done
[0.331s] -- Detecting CXX compiler ABI info
[0.464s] -- Detecting CXX compiler ABI info - done
[0.476s] -- Check for working CXX compiler: /usr/bin/c++ - skipped
[0.476s] -- Detecting CXX compile features
[0.477s] -- Detecting CXX compile features - done
[0.477s] -- Create Release Build.
[0.481s] -- Found ament_cmake: 2.5.4 (/opt/ros/jazzy/share/ament_cmake/cmake)
[0.659s] -- Found Python3: /usr/bin/python3 (found version "3.12.3") found components: Interpreter 
[0.797s] -- Found builtin_interfaces: 2.0.3 (/opt/ros/jazzy/share/builtin_interfaces/cmake)
[0.852s] -- Found rosidl_generator_c: 4.6.6 (/opt/ros/jazzy/share/rosidl_generator_c/cmake)
[0.870s] -- Found rosidl_generator_cpp: 4.6.6 (/opt/ros/jazzy/share/rosidl_generator_cpp/cmake)
[0.892s] -- Using all available rosidl_typesupport_c: rosidl_typesupport_fastrtps_c;rosidl_typesupport_introspection_c
[0.917s] -- Using all available rosidl_typesupport_cpp: rosidl_typesupport_fastrtps_cpp;rosidl_typesupport_introspection_cpp
[0.939s] -- Found cv_bridge: 4.1.0 (/opt/ros/jazzy/share/cv_bridge/cmake)
[1.102s] -- Found rmw_implementation_cmake: 7.3.2 (/opt/ros/jazzy/share/rmw_implementation_cmake/cmake)
[1.106s] -- Found rmw_fastrtps_cpp: 8.4.3 (/opt/ros/jazzy/share/rmw_fastrtps_cpp/cmake)
[1.216s] -- Found OpenSSL: /usr/lib/x86_64-linux-gnu/libcrypto.so (found version "3.0.13")  
[1.246s] -- Found FastRTPS: /opt/ros/jazzy/include (Required is at least version "2.13") 
[1.276s] -- Using RMW implementation 'rmw_fastrtps_cpp' as default
[1.370s] -- Found image_transport: 5.1.7 (/opt/ros/jazzy/share/image_transport/cmake)
[1.406s] -- Found rclcpp_action: 28.1.11 (/opt/ros/jazzy/share/rclcpp_action/cmake)
[1.462s] -- Found rclcpp_components: 28.1.11 (/opt/ros/jazzy/share/rclcpp_components/cmake)
[1.493s] -- Found realsense2_camera_msgs: 4.56.4 (/home/amrl-linux24-04/ros2_ben/install/realsense2_camera_msgs/share/realsense2_camera_msgs/cmake)
[1.534s] -- Found std_srvs: 5.3.6 (/opt/ros/jazzy/share/std_srvs/cmake)
[1.555s] -- Found nav_msgs: 5.3.6 (/opt/ros/jazzy/share/nav_msgs/cmake)
[1.587s] -- Found tf2_ros: 0.36.14 (/opt/ros/jazzy/share/tf2_ros/cmake)
[1.641s] -- Found diagnostic_updater: 4.2.6 (/opt/ros/jazzy/share/diagnostic_updater/cmake)
[1.672s] -- Found OpenCV: /usr (found version "4.6.0") found components: core 
[1.675s] -- Build for ROS2 Jazzy
[1.679s] -- Found ament_cmake_gtest: 2.5.4 (/opt/ros/jazzy/share/ament_cmake_gtest/cmake)
[1.683s] -- Found gtest sources under '/opt/ros/jazzy/src/gtest_vendor': C++ tests using 'Google Test' will be built
[1.685s] -- Performing Test CMAKE_HAVE_LIBC_PTHREAD
[1.808s] -- Performing Test CMAKE_HAVE_LIBC_PTHREAD - Success
[1.810s] -- Found Threads: TRUE  
[1.816s] -- Found ament_cmake_pytest: 2.5.4 (/opt/ros/jazzy/share/ament_cmake_pytest/cmake)
[5.600s] -- rs_device_info:
[5.600s] -- Device Name                   Serial Number       Firmware Version
[5.600s] Intel RealSense D435          909512071556        5.17.0.10
[5.601s] 
[5.601s] -- D455 device found
[8.995s] -- Configuring done (9.0s)
[9.034s] -- Generating done (0.0s)
[9.043s] -- Build files have been written to: /home/amrl-linux24-04/ros2_ben/build/realsense2_camera
[9.058s] Invoked command in '/home/amrl-linux24-04/ros2_ben/build/realsense2_camera' returned '0': AMENT_PREFIX_PATH=/home/amrl-linux24-04/ros2_ben/install/realsense2_camera_msgs:${AMENT_PREFIX_PATH} CMAKE_PREFIX_PATH=/home/amrl-linux24-04/ros2_ben/install/realsense2_camera_msgs:/home/amrl-linux24-04/ros2_ben/install/orbbec_description:/home/amrl-linux24-04/ros2_ben/install/orbbec_camera:/home/amrl-linux24-04/ros2_ben/install/orbbec_camera_msgs:/home/amrl-linux24-04/ros2_ben/install/igus_rebel:/home/amrl-linux24-04/ros2_ben/install/igus_rebel_msgs:/home/amrl-linux24-04/ros2_ben/install/igus_rebel_moveit_config:/home/amrl-linux24-04/ros2_ben/install/igus_rebel_description:/opt/ros/jazzy/opt/gz_sim_vendor:/opt/ros/jazzy/opt/gz_sensors_vendor:/opt/ros/jazzy/opt/gz_physics_vendor:/opt/ros/jazzy/opt/sdformat_vendor:/opt/ros/jazzy/opt/gz_gui_vendor:/opt/ros/jazzy/opt/gz_transport_vendor:/opt/ros/jazzy/opt/gz_rendering_vendor:/opt/ros/jazzy/opt/gz_plugin_vendor:/opt/ros/jazzy/opt/gz_fuel_tools_vendor:/opt/ros/jazzy/opt/gz_msgs_vendor:/opt/ros/jazzy/opt/gz_common_vendor:/opt/ros/jazzy/opt/gz_math_vendor:/opt/ros/jazzy/opt/gz_utils_vendor:/opt/ros/jazzy/opt/gz_tools_vendor:/opt/ros/jazzy/opt/gz_ogre_next_vendor:/opt/ros/jazzy/opt/gz_dartsim_vendor:/opt/ros/jazzy/opt/gz_cmake_vendor:/home/amrl-linux24-04/ros2_ben/install/igusgus_launch:/opt/ros/jazzy DEBUGINFOD_URLS=https://debuginfod.ubuntu.com LD_LIBRARY_PATH=/home/amrl-linux24-04/ros2_ben/install/realsense2_camera_msgs/lib:${LD_LIBRARY_PATH} PYTHONPATH=/home/amrl-linux24-04/ros2_ben/install/realsense2_camera_msgs/lib/python3.12/site-packages:${PYTHONPATH} /usr/bin/cmake /home/amrl-linux24-04/ros2_ben/src/realsense-ros/realsense2_camera -DCMAKE_INSTALL_PREFIX=/home/amrl-linux24-04/ros2_ben/install/realsense2_camera
[9.059s] Invoking command in '/home/amrl-linux24-04/ros2_ben/build/realsense2_camera': AMENT_PREFIX_PATH=/home/amrl-linux24-04/ros2_ben/install/realsense2_camera_msgs:${AMENT_PREFIX_PATH} CMAKE_PREFIX_PATH=/home/amrl-linux24-04/ros2_ben/install/realsense2_camera_msgs:/home/amrl-linux24-04/ros2_ben/install/orbbec_description:/home/amrl-linux24-04/ros2_ben/install/orbbec_camera:/home/amrl-linux24-04/ros2_ben/install/orbbec_camera_msgs:/home/amrl-linux24-04/ros2_ben/install/igus_rebel:/home/amrl-linux24-04/ros2_ben/install/igus_rebel_msgs:/home/amrl-linux24-04/ros2_ben/install/igus_rebel_moveit_config:/home/amrl-linux24-04/ros2_ben/install/igus_rebel_description:/opt/ros/jazzy/opt/gz_sim_vendor:/opt/ros/jazzy/opt/gz_sensors_vendor:/opt/ros/jazzy/opt/gz_physics_vendor:/opt/ros/jazzy/opt/sdformat_vendor:/opt/ros/jazzy/opt/gz_gui_vendor:/opt/ros/jazzy/opt/gz_transport_vendor:/opt/ros/jazzy/opt/gz_rendering_vendor:/opt/ros/jazzy/opt/gz_plugin_vendor:/opt/ros/jazzy/opt/gz_fuel_tools_vendor:/opt/ros/jazzy/opt/gz_msgs_vendor:/opt/ros/jazzy/opt/gz_common_vendor:/opt/ros/jazzy/opt/gz_math_vendor:/opt/ros/jazzy/opt/gz_utils_vendor:/opt/ros/jazzy/opt/gz_tools_vendor:/opt/ros/jazzy/opt/gz_ogre_next_vendor:/opt/ros/jazzy/opt/gz_dartsim_vendor:/opt/ros/jazzy/opt/gz_cmake_vendor:/home/amrl-linux24-04/ros2_ben/install/igusgus_launch:/opt/ros/jazzy DEBUGINFOD_URLS=https://debuginfod.ubuntu.com LD_LIBRARY_PATH=/home/amrl-linux24-04/ros2_ben/install/realsense2_camera_msgs/lib:${LD_LIBRARY_PATH} PYTHONPATH=/home/amrl-linux24-04/ros2_ben/install/realsense2_camera_msgs/lib/python3.12/site-packages:${PYTHONPATH} /usr/bin/cmake --build /home/amrl-linux24-04/ros2_ben/build/realsense2_camera -- -j22 -l22
[9.142s] [  4%] [32mBuilding CXX object CMakeFiles/realsense2_camera.dir/src/realsense_node_factory.cpp.o[0m
[9.143s] [  8%] [32mBuilding CXX object gtest/CMakeFiles/gtest_main.dir/src/gtest_main.cc.o[0m
[9.143s] [ 12%] [32mBuilding CXX object CMakeFiles/realsense2_camera.dir/src/parameters.cpp.o[0m
[9.143s] [ 20%] [32mBuilding CXX object gtest/CMakeFiles/gtest.dir/src/gtest-all.cc.o[0m
[9.144s] [ 20%] [32mBuilding CXX object CMakeFiles/realsense2_camera.dir/src/base_realsense_node.cpp.o[0m
[9.144s] [ 24%] [32mBuilding CXX object CMakeFiles/realsense2_camera_node.dir/rclcpp_components/node_main_realsense2_camera_node.cpp.o[0m
[9.144s] [ 28%] [32mBuilding CXX object CMakeFiles/realsense2_camera.dir/src/ros_sensor.cpp.o[0m
[9.145s] [ 36%] [32mBuilding CXX object CMakeFiles/realsense2_camera.dir/src/rs_node_setup.cpp.o[0m
[9.145s] [ 36%] [32mBuilding CXX object CMakeFiles/realsense2_camera.dir/src/ros_utils.cpp.o[0m
[9.145s] [ 40%] [32mBuilding CXX object CMakeFiles/realsense2_camera.dir/src/sensor_params.cpp.o[0m
[9.146s] [ 44%] [32mBuilding CXX object CMakeFiles/realsense2_camera.dir/src/actions.cpp.o[0m
[9.146s] [ 52%] [32mBuilding CXX object CMakeFiles/realsense2_camera.dir/src/pointcloud_filter.cpp.o[0m
[9.146s] [ 48%] [32mBuilding CXX object CMakeFiles/realsense2_camera.dir/src/dynamic_params.cpp.o[0m
[9.146s] [ 56%] [32mBuilding CXX object CMakeFiles/realsense2_camera.dir/src/named_filter.cpp.o[0m
[9.147s] [ 60%] [32mBuilding CXX object CMakeFiles/realsense2_camera.dir/src/profile_manager.cpp.o[0m
[9.147s] [ 68%] [32mBuilding CXX object CMakeFiles/realsense2_camera.dir/src/tfs.cpp.o[0m
[9.147s] [ 68%] [32mBuilding CXX object CMakeFiles/realsense2_camera.dir/src/align_depth_filter.cpp.o[0m
[9.148s] [ 72%] [32mBuilding CXX object CMakeFiles/realsense2_camera.dir/src/ros_param_backend.cpp.o[0m
[9.153s] [ 76%] [32mBuilding CXX object CMakeFiles/realsense2_camera.dir/src/image_publisher.cpp.o[0m
[10.171s] [ 80%] [32m[1mLinking CXX static library libgtest_main.a[0m
[10.216s] [ 80%] Built target gtest_main
[12.547s] [ 84%] [32m[1mLinking CXX executable realsense2_camera_node[0m
[12.634s] [ 84%] Built target realsense2_camera_node
[16.409s] [ 88%] [32m[1mLinking CXX static library libgtest.a[0m
[16.459s] [ 88%] Built target gtest
[16.487s] [ 92%] [32mBuilding CXX object CMakeFiles/gtest_template.dir/test/gtest_template.cpp.o[0m
[17.583s] [ 96%] [32m[1mLinking CXX executable gtest_template[0m
[17.683s] [ 96%] Built target gtest_template
[28.456s] [100%] [32m[1mLinking CXX shared library librealsense2_camera.so[0m
[28.828s] [100%] Built target realsense2_camera
[28.845s] Invoked command in '/home/amrl-linux24-04/ros2_ben/build/realsense2_camera' returned '0': AMENT_PREFIX_PATH=/home/amrl-linux24-04/ros2_ben/install/realsense2_camera_msgs:${AMENT_PREFIX_PATH} CMAKE_PREFIX_PATH=/home/amrl-linux24-04/ros2_ben/install/realsense2_camera_msgs:/home/amrl-linux24-04/ros2_ben/install/orbbec_description:/home/amrl-linux24-04/ros2_ben/install/orbbec_camera:/home/amrl-linux24-04/ros2_ben/install/orbbec_camera_msgs:/home/amrl-linux24-04/ros2_ben/install/igus_rebel:/home/amrl-linux24-04/ros2_ben/install/igus_rebel_msgs:/home/amrl-linux24-04/ros2_ben/install/igus_rebel_moveit_config:/home/amrl-linux24-04/ros2_ben/install/igus_rebel_description:/opt/ros/jazzy/opt/gz_sim_vendor:/opt/ros/jazzy/opt/gz_sensors_vendor:/opt/ros/jazzy/opt/gz_physics_vendor:/opt/ros/jazzy/opt/sdformat_vendor:/opt/ros/jazzy/opt/gz_gui_vendor:/opt/ros/jazzy/opt/gz_transport_vendor:/opt/ros/jazzy/opt/gz_rendering_vendor:/opt/ros/jazzy/opt/gz_plugin_vendor:/opt/ros/jazzy/opt/gz_fuel_tools_vendor:/opt/ros/jazzy/opt/gz_msgs_vendor:/opt/ros/jazzy/opt/gz_common_vendor:/opt/ros/jazzy/opt/gz_math_vendor:/opt/ros/jazzy/opt/gz_utils_vendor:/opt/ros/jazzy/opt/gz_tools_vendor:/opt/ros/jazzy/opt/gz_ogre_next_vendor:/opt/ros/jazzy/opt/gz_dartsim_vendor:/opt/ros/jazzy/opt/gz_cmake_vendor:/home/amrl-linux24-04/ros2_ben/install/igusgus_launch:/opt/ros/jazzy DEBUGINFOD_URLS=https://debuginfod.ubuntu.com LD_LIBRARY_PATH=/home/amrl-linux24-04/ros2_ben/install/realsense2_camera_msgs/lib:${LD_LIBRARY_PATH} PYTHONPATH=/home/amrl-linux24-04/ros2_ben/install/realsense2_camera_msgs/lib/python3.12/site-packages:${PYTHONPATH} /usr/bin/cmake --build /home/amrl-linux24-04/ros2_ben/build/realsense2_camera -- -j22 -l22
[28.847s] Invoking command in '/home/amrl-linux24-04/ros2_ben/build/realsense2_camera': AMENT_PREFIX_PATH=/home/amrl-linux24-04/ros2_ben/install/realsense2_camera_msgs:${AMENT_PREFIX_PATH} CMAKE_PREFIX_PATH=/home/amrl-linux24-04/ros2_ben/install/realsense2_camera_msgs:/home/amrl-linux24-04/ros2_ben/install/orbbec_description:/home/amrl-linux24-04/ros2_ben/install/orbbec_camera:/home/amrl-linux24-04/ros2_ben/install/orbbec_camera_msgs:/home/amrl-linux24-04/ros2_ben/install/igus_rebel:/home/amrl-linux24-04/ros2_ben/install/igus_rebel_msgs:/home/amrl-linux24-04/ros2_ben/install/igus_rebel_moveit_config:/home/amrl-linux24-04/ros2_ben/install/igus_rebel_description:/opt/ros/jazzy/opt/gz_sim_vendor:/opt/ros/jazzy/opt/gz_sensors_vendor:/opt/ros/jazzy/opt/gz_physics_vendor:/opt/ros/jazzy/opt/sdformat_vendor:/opt/ros/jazzy/opt/gz_gui_vendor:/opt/ros/jazzy/opt/gz_transport_vendor:/opt/ros/jazzy/opt/gz_rendering_vendor:/opt/ros/jazzy/opt/gz_plugin_vendor:/opt/ros/jazzy/opt/gz_fuel_tools_vendor:/opt/ros/jazzy/opt/gz_msgs_vendor:/opt/ros/jazzy/opt/gz_common_vendor:/opt/ros/jazzy/opt/gz_math_vendor:/opt/ros/jazzy/opt/gz_utils_vendor:/opt/ros/jazzy/opt/gz_tools_vendor:/opt/ros/jazzy/opt/gz_ogre_next_vendor:/opt/ros/jazzy/opt/gz_dartsim_vendor:/opt/ros/jazzy/opt/gz_cmake_vendor:/home/amrl-linux24-04/ros2_ben/install/igusgus_launch:/opt/ros/jazzy DEBUGINFOD_URLS=https://debuginfod.ubuntu.com LD_LIBRARY_PATH=/home/amrl-linux24-04/ros2_ben/install/realsense2_camera_msgs/lib:${LD_LIBRARY_PATH} PYTHONPATH=/home/amrl-linux24-04/ros2_ben/install/realsense2_camera_msgs/lib/python3.12/site-packages:${PYTHONPATH} /usr/bin/cmake --install /home/amrl-linux24-04/ros2_ben/build/realsense2_camera
[28.859s] -- Install configuration: "Release"
[28.859s] -- Installing: /home/amrl-linux24-04/ros2_ben/install/realsense2_camera/share/realsense2_camera/config/global_settings.yaml
[28.860s] -- Installing: /home/amrl-linux24-04/ros2_ben/install/realsense2_camera/lib/realsense2_camera/realsense2_camera_node
[28.860s] -- Set non-toolchain portion of runtime path of "/home/amrl-linux24-04/ros2_ben/install/realsense2_camera/lib/realsense2_camera/realsense2_camera_node" to ""
[28.860s] -- Installing: /home/amrl-linux24-04/ros2_ben/install/realsense2_camera/lib/librealsense2_camera.so
[28.862s] -- Set non-toolchain portion of runtime path of "/home/amrl-linux24-04/ros2_ben/install/realsense2_camera/lib/librealsense2_camera.so" to ""
[28.863s] -- Installing: /home/amrl-linux24-04/ros2_ben/install/realsense2_camera/include
[28.863s] -- Installing: /home/amrl-linux24-04/ros2_ben/install/realsense2_camera/include/ros_sensor.h
[28.863s] -- Installing: /home/amrl-linux24-04/ros2_ben/install/realsense2_camera/include/dynamic_params.h
[28.863s] -- Installing: /home/amrl-linux24-04/ros2_ben/install/realsense2_camera/include/ros_node_base.h
[28.863s] -- Installing: /home/amrl-linux24-04/ros2_ben/install/realsense2_camera/include/ros_param_backend.h
[28.863s] -- Installing: /home/amrl-linux24-04/ros2_ben/install/realsense2_camera/include/image_publisher.h
[28.863s] -- Installing: /home/amrl-linux24-04/ros2_ben/install/realsense2_camera/include/constants.h
[28.863s] -- Installing: /home/amrl-linux24-04/ros2_ben/install/realsense2_camera/include/base_realsense_node.h
[28.863s] -- Installing: /home/amrl-linux24-04/ros2_ben/install/realsense2_camera/include/sensor_params.h
[28.863s] -- Installing: /home/amrl-linux24-04/ros2_ben/install/realsense2_camera/include/realsense_node_factory.h
[28.863s] -- Installing: /home/amrl-linux24-04/ros2_ben/install/realsense2_camera/include/align_depth_filter.h
[28.864s] -- Installing: /home/amrl-linux24-04/ros2_ben/install/realsense2_camera/include/named_filter.h
[28.864s] -- Installing: /home/amrl-linux24-04/ros2_ben/install/realsense2_camera/include/ros_utils.h
[28.864s] -- Installing: /home/amrl-linux24-04/ros2_ben/install/realsense2_camera/include/pointcloud_filter.h
[28.864s] -- Installing: /home/amrl-linux24-04/ros2_ben/install/realsense2_camera/include/gl_window.h
[28.864s] -- Installing: /home/amrl-linux24-04/ros2_ben/install/realsense2_camera/include/profile_manager.h
[28.864s] -- Installing: /home/amrl-linux24-04/ros2_ben/install/realsense2_camera/share/realsense2_camera/launch
[28.864s] -- Installing: /home/amrl-linux24-04/ros2_ben/install/realsense2_camera/share/realsense2_camera/launch/rs_multi_camera_launch.py
[28.864s] -- Installing: /home/amrl-linux24-04/ros2_ben/install/realsense2_camera/share/realsense2_camera/launch/default.rviz
[28.864s] -- Installing: /home/amrl-linux24-04/ros2_ben/install/realsense2_camera/share/realsense2_camera/launch/rs_multi_camera_launch_sync.py
[28.864s] -- Installing: /home/amrl-linux24-04/ros2_ben/install/realsense2_camera/share/realsense2_camera/launch/rs_launch.py
[28.864s] -- Installing: /home/amrl-linux24-04/ros2_ben/install/realsense2_camera/share/realsense2_camera/launch/rs_intra_process_demo_launch.py
[28.865s] -- Installing: /home/amrl-linux24-04/ros2_ben/install/realsense2_camera/share/realsense2_camera/examples
[28.865s] -- Installing: /home/amrl-linux24-04/ros2_ben/install/realsense2_camera/share/realsense2_camera/examples/pointcloud
[28.865s] -- Installing: /home/amrl-linux24-04/ros2_ben/install/realsense2_camera/share/realsense2_camera/examples/pointcloud/rs_d405_pointcloud_launch.py
[28.865s] -- Installing: /home/amrl-linux24-04/ros2_ben/install/realsense2_camera/share/realsense2_camera/examples/pointcloud/README.md
[28.865s] -- Installing: /home/amrl-linux24-04/ros2_ben/install/realsense2_camera/share/realsense2_camera/examples/pointcloud/rs_d455_pointcloud_launch.py
[28.865s] -- Installing: /home/amrl-linux24-04/ros2_ben/install/realsense2_camera/share/realsense2_camera/examples/pointcloud/rs_pointcloud_launch.py
[28.865s] -- Installing: /home/amrl-linux24-04/ros2_ben/install/realsense2_camera/share/realsense2_camera/examples/pointcloud/rs_pointcloud_infra_launch.py
[28.865s] -- Installing: /home/amrl-linux24-04/ros2_ben/install/realsense2_camera/share/realsense2_camera/examples/pointcloud/rviz
[28.865s] -- Installing: /home/amrl-linux24-04/ros2_ben/install/realsense2_camera/share/realsense2_camera/examples/pointcloud/rviz/urdf_pointcloud.rviz
[28.865s] -- Installing: /home/amrl-linux24-04/ros2_ben/install/realsense2_camera/share/realsense2_camera/examples/pointcloud/rviz/pointcloud.rviz
[28.865s] -- Installing: /home/amrl-linux24-04/ros2_ben/install/realsense2_camera/share/realsense2_camera/examples/d500_tables
[28.865s] -- Installing: /home/amrl-linux24-04/ros2_ben/install/realsense2_camera/share/realsense2_camera/examples/d500_tables/calib_config_example.json
[28.866s] -- Installing: /home/amrl-linux24-04/ros2_ben/install/realsense2_camera/share/realsense2_camera/examples/align_depth
[28.866s] -- Installing: /home/amrl-linux24-04/ros2_ben/install/realsense2_camera/share/realsense2_camera/examples/align_depth/README.md
[28.866s] -- Installing: /home/amrl-linux24-04/ros2_ben/install/realsense2_camera/share/realsense2_camera/examples/align_depth/rs_align_depth_launch.py
[28.866s] -- Installing: /home/amrl-linux24-04/ros2_ben/install/realsense2_camera/share/realsense2_camera/examples/launch_params_from_file
[28.866s] -- Installing: /home/amrl-linux24-04/ros2_ben/install/realsense2_camera/share/realsense2_camera/examples/launch_params_from_file/README.md
[28.866s] -- Installing: /home/amrl-linux24-04/ros2_ben/install/realsense2_camera/share/realsense2_camera/examples/launch_params_from_file/config
[28.866s] -- Installing: /home/amrl-linux24-04/ros2_ben/install/realsense2_camera/share/realsense2_camera/examples/launch_params_from_file/config/config.yaml
[28.866s] -- Installing: /home/amrl-linux24-04/ros2_ben/install/realsense2_camera/share/realsense2_camera/examples/launch_params_from_file/rs_launch_get_params_from_yaml.py
[28.866s] -- Installing: /home/amrl-linux24-04/ros2_ben/install/realsense2_camera/share/realsense2_camera/examples/dual_camera
[28.866s] -- Installing: /home/amrl-linux24-04/ros2_ben/install/realsense2_camera/share/realsense2_camera/examples/dual_camera/README.md
[28.866s] -- Installing: /home/amrl-linux24-04/ros2_ben/install/realsense2_camera/share/realsense2_camera/examples/dual_camera/rs_dual_camera_launch.py
[28.866s] -- Installing: /home/amrl-linux24-04/ros2_ben/install/realsense2_camera/share/realsense2_camera/examples/dual_camera/rviz
[28.867s] -- Installing: /home/amrl-linux24-04/ros2_ben/install/realsense2_camera/share/realsense2_camera/examples/dual_camera/rviz/dual_camera_pointcloud.rviz
[28.867s] -- Installing: /home/amrl-linux24-04/ros2_ben/install/realsense2_camera/share/realsense2_camera/examples/launch_from_rosbag
[28.867s] -- Installing: /home/amrl-linux24-04/ros2_ben/install/realsense2_camera/share/realsense2_camera/examples/launch_from_rosbag/README.md
[28.867s] -- Installing: /home/amrl-linux24-04/ros2_ben/install/realsense2_camera/share/realsense2_camera/examples/launch_from_rosbag/rs_launch_from_rosbag.py
[28.867s] -- Installing: /home/amrl-linux24-04/ros2_ben/install/realsense2_camera/share/realsense2_camera/environment/library_path.sh
[28.867s] -- Installing: /home/amrl-linux24-04/ros2_ben/install/realsense2_camera/share/realsense2_camera/environment/library_path.dsv
[28.867s] -- Installing: /home/amrl-linux24-04/ros2_ben/install/realsense2_camera/share/ament_index/resource_index/package_run_dependencies/realsense2_camera
[28.867s] -- Installing: /home/amrl-linux24-04/ros2_ben/install/realsense2_camera/share/ament_index/resource_index/parent_prefix_path/realsense2_camera
[28.867s] -- Installing: /home/amrl-linux24-04/ros2_ben/install/realsense2_camera/share/realsense2_camera/environment/ament_prefix_path.sh
[28.867s] -- Installing: /home/amrl-linux24-04/ros2_ben/install/realsense2_camera/share/realsense2_camera/environment/ament_prefix_path.dsv
[28.867s] -- Installing: /home/amrl-linux24-04/ros2_ben/install/realsense2_camera/share/realsense2_camera/environment/path.sh
[28.867s] -- Installing: /home/amrl-linux24-04/ros2_ben/install/realsense2_camera/share/realsense2_camera/environment/path.dsv
[28.868s] -- Installing: /home/amrl-linux24-04/ros2_ben/install/realsense2_camera/share/realsense2_camera/local_setup.bash
[28.868s] -- Installing: /home/amrl-linux24-04/ros2_ben/install/realsense2_camera/share/realsense2_camera/local_setup.sh
[28.868s] -- Installing: /home/amrl-linux24-04/ros2_ben/install/realsense2_camera/share/realsense2_camera/local_setup.zsh
[28.868s] -- Installing: /home/amrl-linux24-04/ros2_ben/install/realsense2_camera/share/realsense2_camera/local_setup.dsv
[28.868s] -- Installing: /home/amrl-linux24-04/ros2_ben/install/realsense2_camera/share/realsense2_camera/package.dsv
[28.868s] -- Installing: /home/amrl-linux24-04/ros2_ben/install/realsense2_camera/share/ament_index/resource_index/packages/realsense2_camera
[28.868s] -- Installing: /home/amrl-linux24-04/ros2_ben/install/realsense2_camera/share/ament_index/resource_index/rclcpp_components/realsense2_camera
[28.868s] -- Installing: /home/amrl-linux24-04/ros2_ben/install/realsense2_camera/share/realsense2_camera/cmake/ament_cmake_export_include_directories-extras.cmake
[28.868s] -- Installing: /home/amrl-linux24-04/ros2_ben/install/realsense2_camera/share/realsense2_camera/cmake/ament_cmake_export_libraries-extras.cmake
[28.868s] -- Installing: /home/amrl-linux24-04/ros2_ben/install/realsense2_camera/share/realsense2_camera/cmake/ament_cmake_export_dependencies-extras.cmake
[28.868s] -- Installing: /home/amrl-linux24-04/ros2_ben/install/realsense2_camera/share/realsense2_camera/cmake/realsense2_cameraConfig.cmake
[28.868s] -- Installing: /home/amrl-linux24-04/ros2_ben/install/realsense2_camera/share/realsense2_camera/cmake/realsense2_cameraConfig-version.cmake
[28.868s] -- Installing: /home/amrl-linux24-04/ros2_ben/install/realsense2_camera/share/realsense2_camera/package.xml
[28.871s] Invoked command in '/home/amrl-linux24-04/ros2_ben/build/realsense2_camera' returned '0': AMENT_PREFIX_PATH=/home/amrl-linux24-04/ros2_ben/install/realsense2_camera_msgs:${AMENT_PREFIX_PATH} CMAKE_PREFIX_PATH=/home/amrl-linux24-04/ros2_ben/install/realsense2_camera_msgs:/home/amrl-linux24-04/ros2_ben/install/orbbec_description:/home/amrl-linux24-04/ros2_ben/install/orbbec_camera:/home/amrl-linux24-04/ros2_ben/install/orbbec_camera_msgs:/home/amrl-linux24-04/ros2_ben/install/igus_rebel:/home/amrl-linux24-04/ros2_ben/install/igus_rebel_msgs:/home/amrl-linux24-04/ros2_ben/install/igus_rebel_moveit_config:/home/amrl-linux24-04/ros2_ben/install/igus_rebel_description:/opt/ros/jazzy/opt/gz_sim_vendor:/opt/ros/jazzy/opt/gz_sensors_vendor:/opt/ros/jazzy/opt/gz_physics_vendor:/opt/ros/jazzy/opt/sdformat_vendor:/opt/ros/jazzy/opt/gz_gui_vendor:/opt/ros/jazzy/opt/gz_transport_vendor:/opt/ros/jazzy/opt/gz_rendering_vendor:/opt/ros/jazzy/opt/gz_plugin_vendor:/opt/ros/jazzy/opt/gz_fuel_tools_vendor:/opt/ros/jazzy/opt/gz_msgs_vendor:/opt/ros/jazzy/opt/gz_common_vendor:/opt/ros/jazzy/opt/gz_math_vendor:/opt/ros/jazzy/opt/gz_utils_vendor:/opt/ros/jazzy/opt/gz_tools_vendor:/opt/ros/jazzy/opt/gz_ogre_next_vendor:/opt/ros/jazzy/opt/gz_dartsim_vendor:/opt/ros/jazzy/opt/gz_cmake_vendor:/home/amrl-linux24-04/ros2_ben/install/igusgus_launch:/opt/ros/jazzy DEBUGINFOD_URLS=https://debuginfod.ubuntu.com LD_LIBRARY_PATH=/home/amrl-linux24-04/ros2_ben/install/realsense2_camera_msgs/lib:${LD_LIBRARY_PATH} PYTHONPATH=/home/amrl-linux24-04/ros2_ben/install/realsense2_camera_msgs/lib/python3.12/site-packages:${PYTHONPATH} /usr/bin/cmake --install /home/amrl-linux24-04/ros2_ben/build/realsense2_camera
