[2.315s] Invoking command in '/home/amrl-linux24-04/ros2_ben/src/igusgus': DEBUGINFOD_URLS=https://debuginfod.ubuntu.com PYTHONPATH=/home/amrl-linux24-04/ros2_ben/build/igusgus/prefix_override:/usr/lib/python3/dist-packages/colcon_core/task/python/colcon_distutils_commands:/home/amrl-linux24-04/ros2_ben/install/igusgus/lib/python3.12/site-packages:${PYTHONPATH} /usr/bin/python3 -W ignore:setup.py install is deprecated -W ignore:easy_install command is deprecated setup.py egg_info --egg-base ../../build/igusgus build --build-base /home/amrl-linux24-04/ros2_ben/build/igusgus/build install --record /home/amrl-linux24-04/ros2_ben/build/igusgus/install.log --single-version-externally-managed install_data
[3.184s] running egg_info
[3.250s] writing ../../build/igusgus/igusgus.egg-info/PKG-INFO
[3.250s] writing dependency_links to ../../build/igusgus/igusgus.egg-info/dependency_links.txt
[3.250s] writing entry points to ../../build/igusgus/igusgus.egg-info/entry_points.txt
[3.251s] writing requirements to ../../build/igusgus/igusgus.egg-info/requires.txt
[3.251s] writing top-level names to ../../build/igusgus/igusgus.egg-info/top_level.txt
[3.413s] reading manifest file '../../build/igusgus/igusgus.egg-info/SOURCES.txt'
[3.413s] adding license file 'LICENSE'
[3.415s] writing manifest file '../../build/igusgus/igusgus.egg-info/SOURCES.txt'
[3.416s] running build
[3.416s] running build_py
[3.417s] copying igusgus/pub_3d.py -> /home/amrl-linux24-04/ros2_ben/build/igusgus/build/lib/igusgus
[3.417s] running install
[3.435s] running install_lib
[3.489s] copying /home/amrl-linux24-04/ros2_ben/build/igusgus/build/lib/igusgus/pub_3d.py -> /home/amrl-linux24-04/ros2_ben/install/igusgus/lib/python3.12/site-packages/igusgus
[3.491s] byte-compiling /home/amrl-linux24-04/ros2_ben/install/igusgus/lib/python3.12/site-packages/igusgus/pub_3d.py to pub_3d.cpython-312.pyc
[3.495s] running install_data
[3.496s] running install_egg_info
[3.554s] removing '/home/amrl-linux24-04/ros2_ben/install/igusgus/lib/python3.12/site-packages/igusgus-0.0.0-py3.12.egg-info' (and everything under it)
[3.555s] Copying ../../build/igusgus/igusgus.egg-info to /home/amrl-linux24-04/ros2_ben/install/igusgus/lib/python3.12/site-packages/igusgus-0.0.0-py3.12.egg-info
[3.556s] running install_scripts
[3.915s] Installing pub_3d script to /home/amrl-linux24-04/ros2_ben/install/igusgus/lib/igusgus
[3.916s] writing list of installed files to '/home/amrl-linux24-04/ros2_ben/build/igusgus/install.log'
[3.979s] Invoked command in '/home/amrl-linux24-04/ros2_ben/src/igusgus' returned '0': DEBUGINFOD_URLS=https://debuginfod.ubuntu.com PYTHONPATH=/home/amrl-linux24-04/ros2_ben/build/igusgus/prefix_override:/usr/lib/python3/dist-packages/colcon_core/task/python/colcon_distutils_commands:/home/amrl-linux24-04/ros2_ben/install/igusgus/lib/python3.12/site-packages:${PYTHONPATH} /usr/bin/python3 -W ignore:setup.py install is deprecated -W ignore:easy_install command is deprecated setup.py egg_info --egg-base ../../build/igusgus build --build-base /home/amrl-linux24-04/ros2_ben/build/igusgus/build install --record /home/amrl-linux24-04/ros2_ben/build/igusgus/install.log --single-version-externally-managed install_data
