[1.837s] Invoking command in '/home/amrl-linux24-04/ros2_ben/build/yolo_ros': CMAKE_PREFIX_PATH=/home/amrl-linux24-04/ros2_ben/install/yolo_msgs:/home/amrl-linux24-04/ros2_ben/install/yolo_bringup:/home/amrl-linux24-04/ros2_ben/install/realsense2_description:/home/amrl-linux24-04/ros2_ben/install/realsense2_camera:/home/amrl-linux24-04/ros2_ben/install/realsense2_camera_msgs:/home/amrl-linux24-04/ros2_ben/install/igus_rebel:/home/amrl-linux24-04/ros2_ben/install/igus_rebel_msgs:/home/amrl-linux24-04/ros2_ben/install/igus_rebel_moveit_config:/home/amrl-linux24-04/ros2_ben/install/igus_rebel_description:/opt/ros/jazzy/opt/gz_sim_vendor:/opt/ros/jazzy/opt/gz_sensors_vendor:/opt/ros/jazzy/opt/gz_physics_vendor:/opt/ros/jazzy/opt/sdformat_vendor:/opt/ros/jazzy/opt/gz_gui_vendor:/opt/ros/jazzy/opt/gz_transport_vendor:/opt/ros/jazzy/opt/gz_rendering_vendor:/opt/ros/jazzy/opt/gz_plugin_vendor:/opt/ros/jazzy/opt/gz_fuel_tools_vendor:/opt/ros/jazzy/opt/gz_msgs_vendor:/opt/ros/jazzy/opt/gz_common_vendor:/opt/ros/jazzy/opt/gz_math_vendor:/opt/ros/jazzy/opt/gz_utils_vendor:/opt/ros/jazzy/opt/gz_tools_vendor:/opt/ros/jazzy/opt/gz_ogre_next_vendor:/opt/ros/jazzy/opt/gz_dartsim_vendor:/opt/ros/jazzy/opt/gz_cmake_vendor DEBUGINFOD_URLS=https://debuginfod.ubuntu.com PYTHONPATH=/home/amrl-linux24-04/ros2_ben/build/yolo_ros/prefix_override:/usr/lib/python3/dist-packages/colcon_core/task/python/colcon_distutils_commands:/home/amrl-linux24-04/ros2_ben/install/yolo_ros/lib/python3.12/site-packages:/home/amrl-linux24-04/ros2_ben/install/yolo_msgs/lib/python3.12/site-packages:/home/amrl-linux24-04/ros2_ben/build/yolo_ros:/home/amrl-linux24-04/ros2_ben/build/igusgus:/home/amrl-linux24-04/ros2_ben/install/yolo_ros/lib/python3.12/site-packages:/home/amrl-linux24-04/ros2_ben/install/realsense2_camera_msgs/lib/python3.12/site-packages:/home/amrl-linux24-04/ros2_ben/install/igusgus/lib/python3.12/site-packages:/home/amrl-linux24-04/ros2_ben/install/igus_rebel_msgs/lib/python3.12/site-packages:/opt/ros/jazzy/lib/python3.12/site-packages /usr/bin/python3 -W ignore:setup.py install is deprecated -W ignore:easy_install command is deprecated setup.py develop --editable --build-directory /home/amrl-linux24-04/ros2_ben/build/yolo_ros/build --no-deps symlink_data
[2.493s] running develop
[2.876s] running egg_info
[2.877s] creating yolo_ros.egg-info
[2.914s] writing yolo_ros.egg-info/PKG-INFO
[2.915s] writing dependency_links to yolo_ros.egg-info/dependency_links.txt
[2.915s] writing entry points to yolo_ros.egg-info/entry_points.txt
[2.916s] writing requirements to yolo_ros.egg-info/requires.txt
[2.916s] writing top-level names to yolo_ros.egg-info/top_level.txt
[2.916s] writing manifest file 'yolo_ros.egg-info/SOURCES.txt'
[2.987s] reading manifest file 'yolo_ros.egg-info/SOURCES.txt'
[2.988s] writing manifest file 'yolo_ros.egg-info/SOURCES.txt'
[3.024s] running build_ext
[3.025s] Creating /home/amrl-linux24-04/ros2_ben/install/yolo_ros/lib/python3.12/site-packages/yolo-ros.egg-link (link to .)
[3.026s] Installing debug_node script to /home/amrl-linux24-04/ros2_ben/install/yolo_ros/lib/yolo_ros
[3.027s] Installing detect_3d_node script to /home/amrl-linux24-04/ros2_ben/install/yolo_ros/lib/yolo_ros
[3.027s] Installing tracking_node script to /home/amrl-linux24-04/ros2_ben/install/yolo_ros/lib/yolo_ros
[3.027s] Installing yolo_node script to /home/amrl-linux24-04/ros2_ben/install/yolo_ros/lib/yolo_ros
[3.027s] 
[3.028s] Installed /home/amrl-linux24-04/ros2_ben/build/yolo_ros
[3.028s] running symlink_data
[3.028s] creating /home/amrl-linux24-04/ros2_ben/install/yolo_ros/share/ament_index
[3.028s] creating /home/amrl-linux24-04/ros2_ben/install/yolo_ros/share/ament_index/resource_index
[3.028s] creating /home/amrl-linux24-04/ros2_ben/install/yolo_ros/share/ament_index/resource_index/packages
[3.028s] symbolically linking /home/amrl-linux24-04/ros2_ben/build/yolo_ros/resource/yolo_ros -> /home/amrl-linux24-04/ros2_ben/install/yolo_ros/share/ament_index/resource_index/packages
[3.029s] symbolically linking /home/amrl-linux24-04/ros2_ben/build/yolo_ros/package.xml -> /home/amrl-linux24-04/ros2_ben/install/yolo_ros/share/yolo_ros
[3.073s] Invoked command in '/home/amrl-linux24-04/ros2_ben/build/yolo_ros' returned '0': CMAKE_PREFIX_PATH=/home/amrl-linux24-04/ros2_ben/install/yolo_msgs:/home/amrl-linux24-04/ros2_ben/install/yolo_bringup:/home/amrl-linux24-04/ros2_ben/install/realsense2_description:/home/amrl-linux24-04/ros2_ben/install/realsense2_camera:/home/amrl-linux24-04/ros2_ben/install/realsense2_camera_msgs:/home/amrl-linux24-04/ros2_ben/install/igus_rebel:/home/amrl-linux24-04/ros2_ben/install/igus_rebel_msgs:/home/amrl-linux24-04/ros2_ben/install/igus_rebel_moveit_config:/home/amrl-linux24-04/ros2_ben/install/igus_rebel_description:/opt/ros/jazzy/opt/gz_sim_vendor:/opt/ros/jazzy/opt/gz_sensors_vendor:/opt/ros/jazzy/opt/gz_physics_vendor:/opt/ros/jazzy/opt/sdformat_vendor:/opt/ros/jazzy/opt/gz_gui_vendor:/opt/ros/jazzy/opt/gz_transport_vendor:/opt/ros/jazzy/opt/gz_rendering_vendor:/opt/ros/jazzy/opt/gz_plugin_vendor:/opt/ros/jazzy/opt/gz_fuel_tools_vendor:/opt/ros/jazzy/opt/gz_msgs_vendor:/opt/ros/jazzy/opt/gz_common_vendor:/opt/ros/jazzy/opt/gz_math_vendor:/opt/ros/jazzy/opt/gz_utils_vendor:/opt/ros/jazzy/opt/gz_tools_vendor:/opt/ros/jazzy/opt/gz_ogre_next_vendor:/opt/ros/jazzy/opt/gz_dartsim_vendor:/opt/ros/jazzy/opt/gz_cmake_vendor DEBUGINFOD_URLS=https://debuginfod.ubuntu.com PYTHONPATH=/home/amrl-linux24-04/ros2_ben/build/yolo_ros/prefix_override:/usr/lib/python3/dist-packages/colcon_core/task/python/colcon_distutils_commands:/home/amrl-linux24-04/ros2_ben/install/yolo_ros/lib/python3.12/site-packages:/home/amrl-linux24-04/ros2_ben/install/yolo_msgs/lib/python3.12/site-packages:/home/amrl-linux24-04/ros2_ben/build/yolo_ros:/home/amrl-linux24-04/ros2_ben/build/igusgus:/home/amrl-linux24-04/ros2_ben/install/yolo_ros/lib/python3.12/site-packages:/home/amrl-linux24-04/ros2_ben/install/realsense2_camera_msgs/lib/python3.12/site-packages:/home/amrl-linux24-04/ros2_ben/install/igusgus/lib/python3.12/site-packages:/home/amrl-linux24-04/ros2_ben/install/igus_rebel_msgs/lib/python3.12/site-packages:/opt/ros/jazzy/lib/python3.12/site-packages /usr/bin/python3 -W ignore:setup.py install is deprecated -W ignore:easy_install command is deprecated setup.py develop --editable --build-directory /home/amrl-linux24-04/ros2_ben/build/yolo_ros/build --no-deps symlink_data
