[0.021s] Invoking command in '/home/amrl-linux24-04/ros2_ben/build/realsense2_camera_msgs': CMAKE_PREFIX_PATH=${CMAKE_PREFIX_PATH}:/home/amrl-linux24-04/ros2_ben/install/yolo_ros:/home/amrl-linux24-04/ros2_ben/install/igusgus:/opt/ros/jazzy DEBUGINFOD_URLS=https://debuginfod.ubuntu.com /usr/bin/cmake --build /home/amrl-linux24-04/ros2_ben/build/realsense2_camera_msgs -- -j22 -l22
[0.069s] [  1%] Built target realsense2_camera_msgs__rosidl_generator_type_description
[0.073s] [  1%] Built target ament_cmake_python_symlink_realsense2_camera_msgs
[0.087s] [  1%] Built target realsense2_camera_msgs__cpp
[0.091s] [ 26%] Built target realsense2_camera_msgs__rosidl_generator_c
[0.116s] [ 35%] Built target realsense2_camera_msgs__rosidl_typesupport_introspection_c
[0.117s] [ 45%] Built target realsense2_camera_msgs__rosidl_typesupport_fastrtps_c
[0.118s] [ 55%] Built target realsense2_camera_msgs__rosidl_typesupport_c
[0.119s] [ 64%] Built target realsense2_camera_msgs__rosidl_typesupport_cpp
[0.119s] [ 74%] Built target realsense2_camera_msgs__rosidl_typesupport_fastrtps_cpp
[0.121s] [ 84%] Built target realsense2_camera_msgs__rosidl_typesupport_introspection_cpp
[0.139s] [ 84%] Built target realsense2_camera_msgs
[0.158s] [ 85%] Built target realsense2_camera_msgs__py
[0.185s] [ 94%] Built target realsense2_camera_msgs__rosidl_generator_py
[0.208s] [ 96%] Built target realsense2_camera_msgs_s__rosidl_typesupport_c
[0.210s] [ 98%] Built target realsense2_camera_msgs_s__rosidl_typesupport_introspection_c
[0.211s] [100%] Built target realsense2_camera_msgs_s__rosidl_typesupport_fastrtps_c
[0.319s] running egg_info
[0.337s] writing realsense2_camera_msgs.egg-info/PKG-INFO
[0.337s] writing dependency_links to realsense2_camera_msgs.egg-info/dependency_links.txt
[0.337s] writing top-level names to realsense2_camera_msgs.egg-info/top_level.txt
[0.392s] reading manifest file 'realsense2_camera_msgs.egg-info/SOURCES.txt'
[0.392s] writing manifest file 'realsense2_camera_msgs.egg-info/SOURCES.txt'
[0.424s] [100%] Built target ament_cmake_python_build_realsense2_camera_msgs_egg
[0.443s] Invoked command in '/home/amrl-linux24-04/ros2_ben/build/realsense2_camera_msgs' returned '0': CMAKE_PREFIX_PATH=${CMAKE_PREFIX_PATH}:/home/amrl-linux24-04/ros2_ben/install/yolo_ros:/home/amrl-linux24-04/ros2_ben/install/igusgus:/opt/ros/jazzy DEBUGINFOD_URLS=https://debuginfod.ubuntu.com /usr/bin/cmake --build /home/amrl-linux24-04/ros2_ben/build/realsense2_camera_msgs -- -j22 -l22
[0.444s] Invoking command in '/home/amrl-linux24-04/ros2_ben/build/realsense2_camera_msgs': CMAKE_PREFIX_PATH=${CMAKE_PREFIX_PATH}:/home/amrl-linux24-04/ros2_ben/install/yolo_ros:/home/amrl-linux24-04/ros2_ben/install/igusgus:/opt/ros/jazzy DEBUGINFOD_URLS=https://debuginfod.ubuntu.com /usr/bin/cmake --install /home/amrl-linux24-04/ros2_ben/build/realsense2_camera_msgs
[0.459s] -- Install configuration: ""
[0.461s] -- Execute custom install script
[0.463s] -- Up-to-date symlink: /home/amrl-linux24-04/ros2_ben/install/realsense2_camera_msgs/share/ament_index/resource_index/rosidl_interfaces/realsense2_camera_msgs
[0.464s] -- Up-to-date symlink: /home/amrl-linux24-04/ros2_ben/install/realsense2_camera_msgs/share/realsense2_camera_msgs/msg/IMUInfo.json
[0.464s] -- Up-to-date symlink: /home/amrl-linux24-04/ros2_ben/install/realsense2_camera_msgs/share/realsense2_camera_msgs/msg/Extrinsics.json
[0.464s] -- Up-to-date symlink: /home/amrl-linux24-04/ros2_ben/install/realsense2_camera_msgs/share/realsense2_camera_msgs/msg/Metadata.json
[0.464s] -- Up-to-date symlink: /home/amrl-linux24-04/ros2_ben/install/realsense2_camera_msgs/share/realsense2_camera_msgs/msg/RGBD.json
[0.465s] -- Up-to-date symlink: /home/amrl-linux24-04/ros2_ben/install/realsense2_camera_msgs/share/realsense2_camera_msgs/srv/DeviceInfo.json
[0.465s] -- Up-to-date symlink: /home/amrl-linux24-04/ros2_ben/install/realsense2_camera_msgs/share/realsense2_camera_msgs/srv/CalibConfigRead.json
[0.465s] -- Up-to-date symlink: /home/amrl-linux24-04/ros2_ben/install/realsense2_camera_msgs/share/realsense2_camera_msgs/srv/CalibConfigWrite.json
[0.466s] -- Up-to-date symlink: /home/amrl-linux24-04/ros2_ben/install/realsense2_camera_msgs/share/realsense2_camera_msgs/action/TriggeredCalibration.json
[0.466s] -- Up-to-date symlink: /home/amrl-linux24-04/ros2_ben/install/realsense2_camera_msgs/include/realsense2_camera_msgs/realsense2_camera_msgs/action/detail/triggered_calibration__functions.h
[0.466s] -- Up-to-date symlink: /home/amrl-linux24-04/ros2_ben/install/realsense2_camera_msgs/include/realsense2_camera_msgs/realsense2_camera_msgs/action/detail/triggered_calibration__struct.h
[0.467s] -- Up-to-date symlink: /home/amrl-linux24-04/ros2_ben/install/realsense2_camera_msgs/include/realsense2_camera_msgs/realsense2_camera_msgs/action/detail/triggered_calibration__type_support.h
[0.467s] -- Up-to-date symlink: /home/amrl-linux24-04/ros2_ben/install/realsense2_camera_msgs/include/realsense2_camera_msgs/realsense2_camera_msgs/action/triggered_calibration.h
[0.467s] -- Up-to-date symlink: /home/amrl-linux24-04/ros2_ben/install/realsense2_camera_msgs/include/realsense2_camera_msgs/realsense2_camera_msgs/msg/detail/extrinsics__functions.h
[0.468s] -- Up-to-date symlink: /home/amrl-linux24-04/ros2_ben/install/realsense2_camera_msgs/include/realsense2_camera_msgs/realsense2_camera_msgs/msg/detail/extrinsics__struct.h
[0.468s] -- Up-to-date symlink: /home/amrl-linux24-04/ros2_ben/install/realsense2_camera_msgs/include/realsense2_camera_msgs/realsense2_camera_msgs/msg/detail/extrinsics__type_support.h
[0.468s] -- Up-to-date symlink: /home/amrl-linux24-04/ros2_ben/install/realsense2_camera_msgs/include/realsense2_camera_msgs/realsense2_camera_msgs/msg/detail/imu_info__functions.h
[0.469s] -- Up-to-date symlink: /home/amrl-linux24-04/ros2_ben/install/realsense2_camera_msgs/include/realsense2_camera_msgs/realsense2_camera_msgs/msg/detail/imu_info__struct.h
[0.469s] -- Up-to-date symlink: /home/amrl-linux24-04/ros2_ben/install/realsense2_camera_msgs/include/realsense2_camera_msgs/realsense2_camera_msgs/msg/detail/imu_info__type_support.h
[0.469s] -- Up-to-date symlink: /home/amrl-linux24-04/ros2_ben/install/realsense2_camera_msgs/include/realsense2_camera_msgs/realsense2_camera_msgs/msg/detail/metadata__functions.h
[0.469s] -- Up-to-date symlink: /home/amrl-linux24-04/ros2_ben/install/realsense2_camera_msgs/include/realsense2_camera_msgs/realsense2_camera_msgs/msg/detail/metadata__struct.h
[0.470s] -- Up-to-date symlink: /home/amrl-linux24-04/ros2_ben/install/realsense2_camera_msgs/include/realsense2_camera_msgs/realsense2_camera_msgs/msg/detail/metadata__type_support.h
[0.470s] -- Up-to-date symlink: /home/amrl-linux24-04/ros2_ben/install/realsense2_camera_msgs/include/realsense2_camera_msgs/realsense2_camera_msgs/msg/detail/rgbd__functions.h
[0.470s] -- Up-to-date symlink: /home/amrl-linux24-04/ros2_ben/install/realsense2_camera_msgs/include/realsense2_camera_msgs/realsense2_camera_msgs/msg/detail/rgbd__struct.h
[0.470s] -- Up-to-date symlink: /home/amrl-linux24-04/ros2_ben/install/realsense2_camera_msgs/include/realsense2_camera_msgs/realsense2_camera_msgs/msg/detail/rgbd__type_support.h
[0.470s] -- Up-to-date symlink: /home/amrl-linux24-04/ros2_ben/install/realsense2_camera_msgs/include/realsense2_camera_msgs/realsense2_camera_msgs/msg/extrinsics.h
[0.471s] -- Up-to-date symlink: /home/amrl-linux24-04/ros2_ben/install/realsense2_camera_msgs/include/realsense2_camera_msgs/realsense2_camera_msgs/msg/imu_info.h
[0.471s] -- Up-to-date symlink: /home/amrl-linux24-04/ros2_ben/install/realsense2_camera_msgs/include/realsense2_camera_msgs/realsense2_camera_msgs/msg/metadata.h
[0.471s] -- Up-to-date symlink: /home/amrl-linux24-04/ros2_ben/install/realsense2_camera_msgs/include/realsense2_camera_msgs/realsense2_camera_msgs/msg/rgbd.h
[0.471s] -- Up-to-date symlink: /home/amrl-linux24-04/ros2_ben/install/realsense2_camera_msgs/include/realsense2_camera_msgs/realsense2_camera_msgs/msg/rosidl_generator_c__visibility_control.h
[0.472s] -- Up-to-date symlink: /home/amrl-linux24-04/ros2_ben/install/realsense2_camera_msgs/include/realsense2_camera_msgs/realsense2_camera_msgs/srv/calib_config_read.h
[0.472s] -- Up-to-date symlink: /home/amrl-linux24-04/ros2_ben/install/realsense2_camera_msgs/include/realsense2_camera_msgs/realsense2_camera_msgs/srv/calib_config_write.h
[0.472s] -- Up-to-date symlink: /home/amrl-linux24-04/ros2_ben/install/realsense2_camera_msgs/include/realsense2_camera_msgs/realsense2_camera_msgs/srv/detail/calib_config_read__functions.h
[0.472s] -- Up-to-date symlink: /home/amrl-linux24-04/ros2_ben/install/realsense2_camera_msgs/include/realsense2_camera_msgs/realsense2_camera_msgs/srv/detail/calib_config_read__struct.h
[0.472s] -- Up-to-date symlink: /home/amrl-linux24-04/ros2_ben/install/realsense2_camera_msgs/include/realsense2_camera_msgs/realsense2_camera_msgs/srv/detail/calib_config_read__type_support.h
[0.472s] -- Up-to-date symlink: /home/amrl-linux24-04/ros2_ben/install/realsense2_camera_msgs/include/realsense2_camera_msgs/realsense2_camera_msgs/srv/detail/calib_config_write__functions.h
[0.473s] -- Up-to-date symlink: /home/amrl-linux24-04/ros2_ben/install/realsense2_camera_msgs/include/realsense2_camera_msgs/realsense2_camera_msgs/srv/detail/calib_config_write__struct.h
[0.473s] -- Up-to-date symlink: /home/amrl-linux24-04/ros2_ben/install/realsense2_camera_msgs/include/realsense2_camera_msgs/realsense2_camera_msgs/srv/detail/calib_config_write__type_support.h
[0.474s] -- Up-to-date symlink: /home/amrl-linux24-04/ros2_ben/install/realsense2_camera_msgs/include/realsense2_camera_msgs/realsense2_camera_msgs/srv/detail/device_info__functions.h
[0.474s] -- Up-to-date symlink: /home/amrl-linux24-04/ros2_ben/install/realsense2_camera_msgs/include/realsense2_camera_msgs/realsense2_camera_msgs/srv/detail/device_info__struct.h
[0.474s] -- Up-to-date symlink: /home/amrl-linux24-04/ros2_ben/install/realsense2_camera_msgs/include/realsense2_camera_msgs/realsense2_camera_msgs/srv/detail/device_info__type_support.h
[0.474s] -- Up-to-date symlink: /home/amrl-linux24-04/ros2_ben/install/realsense2_camera_msgs/include/realsense2_camera_msgs/realsense2_camera_msgs/srv/device_info.h
[0.475s] -- Up-to-date symlink: /home/amrl-linux24-04/ros2_ben/install/realsense2_camera_msgs/share/realsense2_camera_msgs/environment/library_path.sh
[0.475s] -- Up-to-date symlink: /home/amrl-linux24-04/ros2_ben/install/realsense2_camera_msgs/share/realsense2_camera_msgs/environment/library_path.dsv
[0.475s] -- Up-to-date symlink: /home/amrl-linux24-04/ros2_ben/install/realsense2_camera_msgs/include/realsense2_camera_msgs/realsense2_camera_msgs/action/detail/triggered_calibration__rosidl_typesupport_fastrtps_c.h
[0.476s] -- Up-to-date symlink: /home/amrl-linux24-04/ros2_ben/install/realsense2_camera_msgs/include/realsense2_camera_msgs/realsense2_camera_msgs/msg/detail/extrinsics__rosidl_typesupport_fastrtps_c.h
[0.476s] -- Up-to-date symlink: /home/amrl-linux24-04/ros2_ben/install/realsense2_camera_msgs/include/realsense2_camera_msgs/realsense2_camera_msgs/msg/detail/imu_info__rosidl_typesupport_fastrtps_c.h
[0.476s] -- Up-to-date symlink: /home/amrl-linux24-04/ros2_ben/install/realsense2_camera_msgs/include/realsense2_camera_msgs/realsense2_camera_msgs/msg/detail/metadata__rosidl_typesupport_fastrtps_c.h
[0.476s] -- Up-to-date symlink: /home/amrl-linux24-04/ros2_ben/install/realsense2_camera_msgs/include/realsense2_camera_msgs/realsense2_camera_msgs/msg/detail/rgbd__rosidl_typesupport_fastrtps_c.h
[0.476s] -- Up-to-date symlink: /home/amrl-linux24-04/ros2_ben/install/realsense2_camera_msgs/include/realsense2_camera_msgs/realsense2_camera_msgs/msg/rosidl_typesupport_fastrtps_c__visibility_control.h
[0.477s] -- Up-to-date symlink: /home/amrl-linux24-04/ros2_ben/install/realsense2_camera_msgs/include/realsense2_camera_msgs/realsense2_camera_msgs/srv/detail/calib_config_read__rosidl_typesupport_fastrtps_c.h
[0.477s] -- Up-to-date symlink: /home/amrl-linux24-04/ros2_ben/install/realsense2_camera_msgs/include/realsense2_camera_msgs/realsense2_camera_msgs/srv/detail/calib_config_write__rosidl_typesupport_fastrtps_c.h
[0.477s] -- Up-to-date symlink: /home/amrl-linux24-04/ros2_ben/install/realsense2_camera_msgs/include/realsense2_camera_msgs/realsense2_camera_msgs/srv/detail/device_info__rosidl_typesupport_fastrtps_c.h
[0.478s] -- Up-to-date symlink: /home/amrl-linux24-04/ros2_ben/install/realsense2_camera_msgs/include/realsense2_camera_msgs/realsense2_camera_msgs/action/detail/triggered_calibration__rosidl_typesupport_introspection_c.h
[0.478s] -- Up-to-date symlink: /home/amrl-linux24-04/ros2_ben/install/realsense2_camera_msgs/include/realsense2_camera_msgs/realsense2_camera_msgs/msg/detail/extrinsics__rosidl_typesupport_introspection_c.h
[0.478s] -- Up-to-date symlink: /home/amrl-linux24-04/ros2_ben/install/realsense2_camera_msgs/include/realsense2_camera_msgs/realsense2_camera_msgs/msg/detail/imu_info__rosidl_typesupport_introspection_c.h
[0.478s] -- Up-to-date symlink: /home/amrl-linux24-04/ros2_ben/install/realsense2_camera_msgs/include/realsense2_camera_msgs/realsense2_camera_msgs/msg/detail/metadata__rosidl_typesupport_introspection_c.h
[0.479s] -- Up-to-date symlink: /home/amrl-linux24-04/ros2_ben/install/realsense2_camera_msgs/include/realsense2_camera_msgs/realsense2_camera_msgs/msg/detail/rgbd__rosidl_typesupport_introspection_c.h
[0.479s] -- Up-to-date symlink: /home/amrl-linux24-04/ros2_ben/install/realsense2_camera_msgs/include/realsense2_camera_msgs/realsense2_camera_msgs/msg/rosidl_typesupport_introspection_c__visibility_control.h
[0.479s] -- Up-to-date symlink: /home/amrl-linux24-04/ros2_ben/install/realsense2_camera_msgs/include/realsense2_camera_msgs/realsense2_camera_msgs/srv/detail/calib_config_read__rosidl_typesupport_introspection_c.h
[0.479s] -- Up-to-date symlink: /home/amrl-linux24-04/ros2_ben/install/realsense2_camera_msgs/include/realsense2_camera_msgs/realsense2_camera_msgs/srv/detail/calib_config_write__rosidl_typesupport_introspection_c.h
[0.480s] -- Up-to-date symlink: /home/amrl-linux24-04/ros2_ben/install/realsense2_camera_msgs/include/realsense2_camera_msgs/realsense2_camera_msgs/srv/detail/device_info__rosidl_typesupport_introspection_c.h
[0.480s] -- Up-to-date symlink: /home/amrl-linux24-04/ros2_ben/install/realsense2_camera_msgs/include/realsense2_camera_msgs/realsense2_camera_msgs/action/detail/triggered_calibration__builder.hpp
[0.480s] -- Up-to-date symlink: /home/amrl-linux24-04/ros2_ben/install/realsense2_camera_msgs/include/realsense2_camera_msgs/realsense2_camera_msgs/action/detail/triggered_calibration__struct.hpp
[0.480s] -- Up-to-date symlink: /home/amrl-linux24-04/ros2_ben/install/realsense2_camera_msgs/include/realsense2_camera_msgs/realsense2_camera_msgs/action/detail/triggered_calibration__traits.hpp
[0.481s] -- Up-to-date symlink: /home/amrl-linux24-04/ros2_ben/install/realsense2_camera_msgs/include/realsense2_camera_msgs/realsense2_camera_msgs/action/detail/triggered_calibration__type_support.hpp
[0.481s] -- Up-to-date symlink: /home/amrl-linux24-04/ros2_ben/install/realsense2_camera_msgs/include/realsense2_camera_msgs/realsense2_camera_msgs/action/triggered_calibration.hpp
[0.481s] -- Up-to-date symlink: /home/amrl-linux24-04/ros2_ben/install/realsense2_camera_msgs/include/realsense2_camera_msgs/realsense2_camera_msgs/msg/detail/extrinsics__builder.hpp
[0.482s] -- Up-to-date symlink: /home/amrl-linux24-04/ros2_ben/install/realsense2_camera_msgs/include/realsense2_camera_msgs/realsense2_camera_msgs/msg/detail/extrinsics__struct.hpp
[0.482s] -- Up-to-date symlink: /home/amrl-linux24-04/ros2_ben/install/realsense2_camera_msgs/include/realsense2_camera_msgs/realsense2_camera_msgs/msg/detail/extrinsics__traits.hpp
[0.482s] -- Up-to-date symlink: /home/amrl-linux24-04/ros2_ben/install/realsense2_camera_msgs/include/realsense2_camera_msgs/realsense2_camera_msgs/msg/detail/extrinsics__type_support.hpp
[0.482s] -- Up-to-date symlink: /home/amrl-linux24-04/ros2_ben/install/realsense2_camera_msgs/include/realsense2_camera_msgs/realsense2_camera_msgs/msg/detail/imu_info__builder.hpp
[0.482s] -- Up-to-date symlink: /home/amrl-linux24-04/ros2_ben/install/realsense2_camera_msgs/include/realsense2_camera_msgs/realsense2_camera_msgs/msg/detail/imu_info__struct.hpp
[0.482s] -- Up-to-date symlink: /home/amrl-linux24-04/ros2_ben/install/realsense2_camera_msgs/include/realsense2_camera_msgs/realsense2_camera_msgs/msg/detail/imu_info__traits.hpp
[0.482s] -- Up-to-date symlink: /home/amrl-linux24-04/ros2_ben/install/realsense2_camera_msgs/include/realsense2_camera_msgs/realsense2_camera_msgs/msg/detail/imu_info__type_support.hpp
[0.482s] -- Up-to-date symlink: /home/amrl-linux24-04/ros2_ben/install/realsense2_camera_msgs/include/realsense2_camera_msgs/realsense2_camera_msgs/msg/detail/metadata__builder.hpp
[0.484s] -- Up-to-date symlink: /home/amrl-linux24-04/ros2_ben/install/realsense2_camera_msgs/include/realsense2_camera_msgs/realsense2_camera_msgs/msg/detail/metadata__struct.hpp
[0.485s] -- Up-to-date symlink: /home/amrl-linux24-04/ros2_ben/install/realsense2_camera_msgs/include/realsense2_camera_msgs/realsense2_camera_msgs/msg/detail/metadata__traits.hpp
[0.485s] -- Up-to-date symlink: /home/amrl-linux24-04/ros2_ben/install/realsense2_camera_msgs/include/realsense2_camera_msgs/realsense2_camera_msgs/msg/detail/metadata__type_support.hpp
[0.485s] -- Up-to-date symlink: /home/amrl-linux24-04/ros2_ben/install/realsense2_camera_msgs/include/realsense2_camera_msgs/realsense2_camera_msgs/msg/detail/rgbd__builder.hpp
[0.485s] -- Up-to-date symlink: /home/amrl-linux24-04/ros2_ben/install/realsense2_camera_msgs/include/realsense2_camera_msgs/realsense2_camera_msgs/msg/detail/rgbd__struct.hpp
[0.485s] -- Up-to-date symlink: /home/amrl-linux24-04/ros2_ben/install/realsense2_camera_msgs/include/realsense2_camera_msgs/realsense2_camera_msgs/msg/detail/rgbd__traits.hpp
[0.485s] -- Up-to-date symlink: /home/amrl-linux24-04/ros2_ben/install/realsense2_camera_msgs/include/realsense2_camera_msgs/realsense2_camera_msgs/msg/detail/rgbd__type_support.hpp
[0.485s] -- Up-to-date symlink: /home/amrl-linux24-04/ros2_ben/install/realsense2_camera_msgs/include/realsense2_camera_msgs/realsense2_camera_msgs/msg/extrinsics.hpp
[0.485s] -- Up-to-date symlink: /home/amrl-linux24-04/ros2_ben/install/realsense2_camera_msgs/include/realsense2_camera_msgs/realsense2_camera_msgs/msg/imu_info.hpp
[0.485s] -- Up-to-date symlink: /home/amrl-linux24-04/ros2_ben/install/realsense2_camera_msgs/include/realsense2_camera_msgs/realsense2_camera_msgs/msg/metadata.hpp
[0.485s] -- Up-to-date symlink: /home/amrl-linux24-04/ros2_ben/install/realsense2_camera_msgs/include/realsense2_camera_msgs/realsense2_camera_msgs/msg/rgbd.hpp
[0.485s] -- Up-to-date symlink: /home/amrl-linux24-04/ros2_ben/install/realsense2_camera_msgs/include/realsense2_camera_msgs/realsense2_camera_msgs/msg/rosidl_generator_cpp__visibility_control.hpp
[0.485s] -- Up-to-date symlink: /home/amrl-linux24-04/ros2_ben/install/realsense2_camera_msgs/include/realsense2_camera_msgs/realsense2_camera_msgs/srv/calib_config_read.hpp
[0.485s] -- Up-to-date symlink: /home/amrl-linux24-04/ros2_ben/install/realsense2_camera_msgs/include/realsense2_camera_msgs/realsense2_camera_msgs/srv/calib_config_write.hpp
[0.486s] -- Up-to-date symlink: /home/amrl-linux24-04/ros2_ben/install/realsense2_camera_msgs/include/realsense2_camera_msgs/realsense2_camera_msgs/srv/detail/calib_config_read__builder.hpp
[0.486s] -- Up-to-date symlink: /home/amrl-linux24-04/ros2_ben/install/realsense2_camera_msgs/include/realsense2_camera_msgs/realsense2_camera_msgs/srv/detail/calib_config_read__struct.hpp
[0.486s] -- Up-to-date symlink: /home/amrl-linux24-04/ros2_ben/install/realsense2_camera_msgs/include/realsense2_camera_msgs/realsense2_camera_msgs/srv/detail/calib_config_read__traits.hpp
[0.486s] -- Up-to-date symlink: /home/amrl-linux24-04/ros2_ben/install/realsense2_camera_msgs/include/realsense2_camera_msgs/realsense2_camera_msgs/srv/detail/calib_config_read__type_support.hpp
[0.486s] -- Up-to-date symlink: /home/amrl-linux24-04/ros2_ben/install/realsense2_camera_msgs/include/realsense2_camera_msgs/realsense2_camera_msgs/srv/detail/calib_config_write__builder.hpp
[0.486s] -- Up-to-date symlink: /home/amrl-linux24-04/ros2_ben/install/realsense2_camera_msgs/include/realsense2_camera_msgs/realsense2_camera_msgs/srv/detail/calib_config_write__struct.hpp
[0.486s] -- Up-to-date symlink: /home/amrl-linux24-04/ros2_ben/install/realsense2_camera_msgs/include/realsense2_camera_msgs/realsense2_camera_msgs/srv/detail/calib_config_write__traits.hpp
[0.486s] -- Up-to-date symlink: /home/amrl-linux24-04/ros2_ben/install/realsense2_camera_msgs/include/realsense2_camera_msgs/realsense2_camera_msgs/srv/detail/calib_config_write__type_support.hpp
[0.486s] -- Up-to-date symlink: /home/amrl-linux24-04/ros2_ben/install/realsense2_camera_msgs/include/realsense2_camera_msgs/realsense2_camera_msgs/srv/detail/device_info__builder.hpp
[0.486s] -- Up-to-date symlink: /home/amrl-linux24-04/ros2_ben/install/realsense2_camera_msgs/include/realsense2_camera_msgs/realsense2_camera_msgs/srv/detail/device_info__struct.hpp
[0.486s] -- Up-to-date symlink: /home/amrl-linux24-04/ros2_ben/install/realsense2_camera_msgs/include/realsense2_camera_msgs/realsense2_camera_msgs/srv/detail/device_info__traits.hpp
[0.486s] -- Up-to-date symlink: /home/amrl-linux24-04/ros2_ben/install/realsense2_camera_msgs/include/realsense2_camera_msgs/realsense2_camera_msgs/srv/detail/device_info__type_support.hpp
[0.486s] -- Up-to-date symlink: /home/amrl-linux24-04/ros2_ben/install/realsense2_camera_msgs/include/realsense2_camera_msgs/realsense2_camera_msgs/srv/device_info.hpp
[0.491s] -- Up-to-date symlink: /home/amrl-linux24-04/ros2_ben/install/realsense2_camera_msgs/include/realsense2_camera_msgs/realsense2_camera_msgs/action/detail/triggered_calibration__rosidl_typesupport_fastrtps_cpp.hpp
[0.493s] -- Up-to-date symlink: /home/amrl-linux24-04/ros2_ben/install/realsense2_camera_msgs/include/realsense2_camera_msgs/realsense2_camera_msgs/msg/detail/extrinsics__rosidl_typesupport_fastrtps_cpp.hpp
[0.495s] -- Up-to-date symlink: /home/amrl-linux24-04/ros2_ben/install/realsense2_camera_msgs/include/realsense2_camera_msgs/realsense2_camera_msgs/msg/detail/imu_info__rosidl_typesupport_fastrtps_cpp.hpp
[0.495s] -- Up-to-date symlink: /home/amrl-linux24-04/ros2_ben/install/realsense2_camera_msgs/include/realsense2_camera_msgs/realsense2_camera_msgs/msg/detail/metadata__rosidl_typesupport_fastrtps_cpp.hpp
[0.495s] -- Up-to-date symlink: /home/amrl-linux24-04/ros2_ben/install/realsense2_camera_msgs/include/realsense2_camera_msgs/realsense2_camera_msgs/msg/detail/rgbd__rosidl_typesupport_fastrtps_cpp.hpp
[0.495s] -- Up-to-date symlink: /home/amrl-linux24-04/ros2_ben/install/realsense2_camera_msgs/include/realsense2_camera_msgs/realsense2_camera_msgs/msg/rosidl_typesupport_fastrtps_cpp__visibility_control.h
[0.495s] -- Up-to-date symlink: /home/amrl-linux24-04/ros2_ben/install/realsense2_camera_msgs/include/realsense2_camera_msgs/realsense2_camera_msgs/srv/detail/calib_config_read__rosidl_typesupport_fastrtps_cpp.hpp
[0.495s] -- Up-to-date symlink: /home/amrl-linux24-04/ros2_ben/install/realsense2_camera_msgs/include/realsense2_camera_msgs/realsense2_camera_msgs/srv/detail/calib_config_write__rosidl_typesupport_fastrtps_cpp.hpp
[0.495s] -- Up-to-date symlink: /home/amrl-linux24-04/ros2_ben/install/realsense2_camera_msgs/include/realsense2_camera_msgs/realsense2_camera_msgs/srv/detail/device_info__rosidl_typesupport_fastrtps_cpp.hpp
[0.495s] -- Up-to-date symlink: /home/amrl-linux24-04/ros2_ben/install/realsense2_camera_msgs/include/realsense2_camera_msgs/realsense2_camera_msgs/action/detail/triggered_calibration__rosidl_typesupport_introspection_cpp.hpp
[0.497s] -- Up-to-date symlink: /home/amrl-linux24-04/ros2_ben/install/realsense2_camera_msgs/include/realsense2_camera_msgs/realsense2_camera_msgs/msg/detail/extrinsics__rosidl_typesupport_introspection_cpp.hpp
[0.497s] -- Up-to-date symlink: /home/amrl-linux24-04/ros2_ben/install/realsense2_camera_msgs/include/realsense2_camera_msgs/realsense2_camera_msgs/msg/detail/imu_info__rosidl_typesupport_introspection_cpp.hpp
[0.497s] -- Up-to-date symlink: /home/amrl-linux24-04/ros2_ben/install/realsense2_camera_msgs/include/realsense2_camera_msgs/realsense2_camera_msgs/msg/detail/metadata__rosidl_typesupport_introspection_cpp.hpp
[0.498s] -- Up-to-date symlink: /home/amrl-linux24-04/ros2_ben/install/realsense2_camera_msgs/include/realsense2_camera_msgs/realsense2_camera_msgs/msg/detail/rgbd__rosidl_typesupport_introspection_cpp.hpp
[0.498s] -- Up-to-date symlink: /home/amrl-linux24-04/ros2_ben/install/realsense2_camera_msgs/include/realsense2_camera_msgs/realsense2_camera_msgs/srv/detail/calib_config_read__rosidl_typesupport_introspection_cpp.hpp
[0.498s] -- Up-to-date symlink: /home/amrl-linux24-04/ros2_ben/install/realsense2_camera_msgs/include/realsense2_camera_msgs/realsense2_camera_msgs/srv/detail/calib_config_write__rosidl_typesupport_introspection_cpp.hpp
[0.501s] -- Up-to-date symlink: /home/amrl-linux24-04/ros2_ben/install/realsense2_camera_msgs/include/realsense2_camera_msgs/realsense2_camera_msgs/srv/detail/device_info__rosidl_typesupport_introspection_cpp.hpp
[0.502s] -- Up-to-date symlink: /home/amrl-linux24-04/ros2_ben/install/realsense2_camera_msgs/share/realsense2_camera_msgs/environment/pythonpath.sh
[0.502s] -- Up-to-date symlink: /home/amrl-linux24-04/ros2_ben/install/realsense2_camera_msgs/share/realsense2_camera_msgs/environment/pythonpath.dsv
[0.503s] -- Up-to-date symlink: /home/amrl-linux24-04/ros2_ben/install/realsense2_camera_msgs/lib/python3.12/site-packages/realsense2_camera_msgs-4.56.4-py3.12.egg-info/PKG-INFO
[0.504s] -- Up-to-date symlink: /home/amrl-linux24-04/ros2_ben/install/realsense2_camera_msgs/lib/python3.12/site-packages/realsense2_camera_msgs-4.56.4-py3.12.egg-info/SOURCES.txt
[0.504s] -- Up-to-date symlink: /home/amrl-linux24-04/ros2_ben/install/realsense2_camera_msgs/lib/python3.12/site-packages/realsense2_camera_msgs-4.56.4-py3.12.egg-info/dependency_links.txt
[0.504s] -- Up-to-date symlink: /home/amrl-linux24-04/ros2_ben/install/realsense2_camera_msgs/lib/python3.12/site-packages/realsense2_camera_msgs-4.56.4-py3.12.egg-info/top_level.txt
[0.504s] -- Up-to-date symlink: /home/amrl-linux24-04/ros2_ben/install/realsense2_camera_msgs/lib/python3.12/site-packages/realsense2_camera_msgs/__init__.py
[0.505s] -- Up-to-date symlink: /home/amrl-linux24-04/ros2_ben/install/realsense2_camera_msgs/lib/python3.12/site-packages/realsense2_camera_msgs/_realsense2_camera_msgs_s.ep.rosidl_typesupport_c.c
[0.505s] -- Up-to-date symlink: /home/amrl-linux24-04/ros2_ben/install/realsense2_camera_msgs/lib/python3.12/site-packages/realsense2_camera_msgs/_realsense2_camera_msgs_s.ep.rosidl_typesupport_fastrtps_c.c
[0.505s] -- Up-to-date symlink: /home/amrl-linux24-04/ros2_ben/install/realsense2_camera_msgs/lib/python3.12/site-packages/realsense2_camera_msgs/_realsense2_camera_msgs_s.ep.rosidl_typesupport_introspection_c.c
[0.505s] -- Up-to-date symlink: /home/amrl-linux24-04/ros2_ben/install/realsense2_camera_msgs/lib/python3.12/site-packages/realsense2_camera_msgs/action/__init__.py
[0.505s] -- Up-to-date symlink: /home/amrl-linux24-04/ros2_ben/install/realsense2_camera_msgs/lib/python3.12/site-packages/realsense2_camera_msgs/action/_triggered_calibration.py
[0.505s] -- Up-to-date symlink: /home/amrl-linux24-04/ros2_ben/install/realsense2_camera_msgs/lib/python3.12/site-packages/realsense2_camera_msgs/action/_triggered_calibration_s.c
[0.505s] -- Up-to-date symlink: /home/amrl-linux24-04/ros2_ben/install/realsense2_camera_msgs/lib/python3.12/site-packages/realsense2_camera_msgs/msg/__init__.py
[0.506s] -- Up-to-date symlink: /home/amrl-linux24-04/ros2_ben/install/realsense2_camera_msgs/lib/python3.12/site-packages/realsense2_camera_msgs/msg/_extrinsics.py
[0.506s] -- Up-to-date symlink: /home/amrl-linux24-04/ros2_ben/install/realsense2_camera_msgs/lib/python3.12/site-packages/realsense2_camera_msgs/msg/_extrinsics_s.c
[0.506s] -- Up-to-date symlink: /home/amrl-linux24-04/ros2_ben/install/realsense2_camera_msgs/lib/python3.12/site-packages/realsense2_camera_msgs/msg/_imu_info.py
[0.507s] -- Up-to-date symlink: /home/amrl-linux24-04/ros2_ben/install/realsense2_camera_msgs/lib/python3.12/site-packages/realsense2_camera_msgs/msg/_imu_info_s.c
[0.507s] -- Up-to-date symlink: /home/amrl-linux24-04/ros2_ben/install/realsense2_camera_msgs/lib/python3.12/site-packages/realsense2_camera_msgs/msg/_metadata.py
[0.507s] -- Up-to-date symlink: /home/amrl-linux24-04/ros2_ben/install/realsense2_camera_msgs/lib/python3.12/site-packages/realsense2_camera_msgs/msg/_metadata_s.c
[0.507s] -- Up-to-date symlink: /home/amrl-linux24-04/ros2_ben/install/realsense2_camera_msgs/lib/python3.12/site-packages/realsense2_camera_msgs/msg/_rgbd.py
[0.507s] -- Up-to-date symlink: /home/amrl-linux24-04/ros2_ben/install/realsense2_camera_msgs/lib/python3.12/site-packages/realsense2_camera_msgs/msg/_rgbd_s.c
[0.507s] -- Up-to-date symlink: /home/amrl-linux24-04/ros2_ben/install/realsense2_camera_msgs/lib/python3.12/site-packages/realsense2_camera_msgs/realsense2_camera_msgs_s__rosidl_typesupport_c.so
[0.507s] -- Up-to-date symlink: /home/amrl-linux24-04/ros2_ben/install/realsense2_camera_msgs/lib/python3.12/site-packages/realsense2_camera_msgs/realsense2_camera_msgs_s__rosidl_typesupport_fastrtps_c.so
[0.508s] -- Up-to-date symlink: /home/amrl-linux24-04/ros2_ben/install/realsense2_camera_msgs/lib/python3.12/site-packages/realsense2_camera_msgs/realsense2_camera_msgs_s__rosidl_typesupport_introspection_c.so
[0.508s] -- Up-to-date symlink: /home/amrl-linux24-04/ros2_ben/install/realsense2_camera_msgs/lib/python3.12/site-packages/realsense2_camera_msgs/srv/__init__.py
[0.508s] -- Up-to-date symlink: /home/amrl-linux24-04/ros2_ben/install/realsense2_camera_msgs/lib/python3.12/site-packages/realsense2_camera_msgs/srv/_calib_config_read.py
[0.508s] -- Up-to-date symlink: /home/amrl-linux24-04/ros2_ben/install/realsense2_camera_msgs/lib/python3.12/site-packages/realsense2_camera_msgs/srv/_calib_config_read_s.c
[0.508s] -- Up-to-date symlink: /home/amrl-linux24-04/ros2_ben/install/realsense2_camera_msgs/lib/python3.12/site-packages/realsense2_camera_msgs/srv/_calib_config_write.py
[0.508s] -- Up-to-date symlink: /home/amrl-linux24-04/ros2_ben/install/realsense2_camera_msgs/lib/python3.12/site-packages/realsense2_camera_msgs/srv/_calib_config_write_s.c
[0.509s] -- Up-to-date symlink: /home/amrl-linux24-04/ros2_ben/install/realsense2_camera_msgs/lib/python3.12/site-packages/realsense2_camera_msgs/srv/_device_info.py
[0.509s] -- Up-to-date symlink: /home/amrl-linux24-04/ros2_ben/install/realsense2_camera_msgs/lib/python3.12/site-packages/realsense2_camera_msgs/srv/_device_info_s.c
[0.509s] -- Up-to-date symlink: /home/amrl-linux24-04/ros2_ben/install/realsense2_camera_msgs/lib/python3.12/site-packages/realsense2_camera_msgs/realsense2_camera_msgs_s__rosidl_typesupport_fastrtps_c.so
[0.510s] -- Up-to-date symlink: /home/amrl-linux24-04/ros2_ben/install/realsense2_camera_msgs/lib/python3.12/site-packages/realsense2_camera_msgs/realsense2_camera_msgs_s__rosidl_typesupport_introspection_c.so
[0.510s] -- Up-to-date symlink: /home/amrl-linux24-04/ros2_ben/install/realsense2_camera_msgs/lib/python3.12/site-packages/realsense2_camera_msgs/realsense2_camera_msgs_s__rosidl_typesupport_c.so
[0.510s] -- Up-to-date symlink: /home/amrl-linux24-04/ros2_ben/install/realsense2_camera_msgs/share/realsense2_camera_msgs/msg/IMUInfo.idl
[0.510s] -- Up-to-date symlink: /home/amrl-linux24-04/ros2_ben/install/realsense2_camera_msgs/share/realsense2_camera_msgs/msg/Extrinsics.idl
[0.511s] -- Up-to-date symlink: /home/amrl-linux24-04/ros2_ben/install/realsense2_camera_msgs/share/realsense2_camera_msgs/msg/Metadata.idl
[0.511s] -- Up-to-date symlink: /home/amrl-linux24-04/ros2_ben/install/realsense2_camera_msgs/share/realsense2_camera_msgs/msg/RGBD.idl
[0.511s] -- Up-to-date symlink: /home/amrl-linux24-04/ros2_ben/install/realsense2_camera_msgs/share/realsense2_camera_msgs/srv/DeviceInfo.idl
[0.511s] -- Up-to-date symlink: /home/amrl-linux24-04/ros2_ben/install/realsense2_camera_msgs/share/realsense2_camera_msgs/srv/CalibConfigRead.idl
[0.511s] -- Up-to-date symlink: /home/amrl-linux24-04/ros2_ben/install/realsense2_camera_msgs/share/realsense2_camera_msgs/srv/CalibConfigWrite.idl
[0.511s] -- Up-to-date symlink: /home/amrl-linux24-04/ros2_ben/install/realsense2_camera_msgs/share/realsense2_camera_msgs/action/TriggeredCalibration.idl
[0.511s] -- Up-to-date symlink: /home/amrl-linux24-04/ros2_ben/install/realsense2_camera_msgs/share/realsense2_camera_msgs/msg/IMUInfo.msg
[0.512s] -- Up-to-date symlink: /home/amrl-linux24-04/ros2_ben/install/realsense2_camera_msgs/share/realsense2_camera_msgs/msg/Extrinsics.msg
[0.512s] -- Up-to-date symlink: /home/amrl-linux24-04/ros2_ben/install/realsense2_camera_msgs/share/realsense2_camera_msgs/msg/Metadata.msg
[0.512s] -- Up-to-date symlink: /home/amrl-linux24-04/ros2_ben/install/realsense2_camera_msgs/share/realsense2_camera_msgs/msg/RGBD.msg
[0.512s] -- Up-to-date symlink: /home/amrl-linux24-04/ros2_ben/install/realsense2_camera_msgs/share/realsense2_camera_msgs/srv/DeviceInfo.srv
[0.512s] -- Up-to-date symlink: /home/amrl-linux24-04/ros2_ben/install/realsense2_camera_msgs/share/realsense2_camera_msgs/srv/CalibConfigRead.srv
[0.512s] -- Up-to-date symlink: /home/amrl-linux24-04/ros2_ben/install/realsense2_camera_msgs/share/realsense2_camera_msgs/srv/CalibConfigWrite.srv
[0.513s] -- Up-to-date symlink: /home/amrl-linux24-04/ros2_ben/install/realsense2_camera_msgs/share/realsense2_camera_msgs/action/TriggeredCalibration.action
[0.513s] -- Up-to-date symlink: /home/amrl-linux24-04/ros2_ben/install/realsense2_camera_msgs/share/ament_index/resource_index/package_run_dependencies/realsense2_camera_msgs
[0.513s] -- Up-to-date symlink: /home/amrl-linux24-04/ros2_ben/install/realsense2_camera_msgs/share/ament_index/resource_index/parent_prefix_path/realsense2_camera_msgs
[0.513s] -- Up-to-date symlink: /home/amrl-linux24-04/ros2_ben/install/realsense2_camera_msgs/share/realsense2_camera_msgs/environment/ament_prefix_path.sh
[0.513s] -- Up-to-date symlink: /home/amrl-linux24-04/ros2_ben/install/realsense2_camera_msgs/share/realsense2_camera_msgs/environment/ament_prefix_path.dsv
[0.514s] -- Up-to-date symlink: /home/amrl-linux24-04/ros2_ben/install/realsense2_camera_msgs/share/realsense2_camera_msgs/environment/path.sh
[0.514s] -- Up-to-date symlink: /home/amrl-linux24-04/ros2_ben/install/realsense2_camera_msgs/share/realsense2_camera_msgs/environment/path.dsv
[0.514s] -- Up-to-date symlink: /home/amrl-linux24-04/ros2_ben/install/realsense2_camera_msgs/share/realsense2_camera_msgs/local_setup.bash
[0.514s] -- Up-to-date symlink: /home/amrl-linux24-04/ros2_ben/install/realsense2_camera_msgs/share/realsense2_camera_msgs/local_setup.sh
[0.514s] -- Up-to-date symlink: /home/amrl-linux24-04/ros2_ben/install/realsense2_camera_msgs/share/realsense2_camera_msgs/local_setup.zsh
[0.514s] -- Up-to-date symlink: /home/amrl-linux24-04/ros2_ben/install/realsense2_camera_msgs/share/realsense2_camera_msgs/local_setup.dsv
[0.514s] -- Symlinking: /home/amrl-linux24-04/ros2_ben/install/realsense2_camera_msgs/share/realsense2_camera_msgs/package.dsv
[0.518s] -- Up-to-date symlink: /home/amrl-linux24-04/ros2_ben/install/realsense2_camera_msgs/share/ament_index/resource_index/packages/realsense2_camera_msgs
[0.518s] -- Up-to-date symlink: /home/amrl-linux24-04/ros2_ben/install/realsense2_camera_msgs/share/realsense2_camera_msgs/cmake/rosidl_cmake-extras.cmake
[0.518s] -- Up-to-date symlink: /home/amrl-linux24-04/ros2_ben/install/realsense2_camera_msgs/share/realsense2_camera_msgs/cmake/ament_cmake_export_dependencies-extras.cmake
[0.518s] -- Up-to-date symlink: /home/amrl-linux24-04/ros2_ben/install/realsense2_camera_msgs/share/realsense2_camera_msgs/cmake/ament_cmake_export_include_directories-extras.cmake
[0.518s] -- Up-to-date symlink: /home/amrl-linux24-04/ros2_ben/install/realsense2_camera_msgs/share/realsense2_camera_msgs/cmake/ament_cmake_export_libraries-extras.cmake
[0.518s] -- Up-to-date symlink: /home/amrl-linux24-04/ros2_ben/install/realsense2_camera_msgs/share/realsense2_camera_msgs/cmake/ament_cmake_export_targets-extras.cmake
[0.518s] -- Up-to-date symlink: /home/amrl-linux24-04/ros2_ben/install/realsense2_camera_msgs/share/realsense2_camera_msgs/cmake/rosidl_cmake_export_typesupport_targets-extras.cmake
[0.518s] -- Up-to-date symlink: /home/amrl-linux24-04/ros2_ben/install/realsense2_camera_msgs/share/realsense2_camera_msgs/cmake/rosidl_cmake_export_typesupport_libraries-extras.cmake
[0.518s] -- Up-to-date symlink: /home/amrl-linux24-04/ros2_ben/install/realsense2_camera_msgs/share/realsense2_camera_msgs/cmake/realsense2_camera_msgsConfig.cmake
[0.519s] -- Up-to-date symlink: /home/amrl-linux24-04/ros2_ben/install/realsense2_camera_msgs/share/realsense2_camera_msgs/cmake/realsense2_camera_msgsConfig-version.cmake
[0.519s] -- Up-to-date symlink: /home/amrl-linux24-04/ros2_ben/install/realsense2_camera_msgs/share/realsense2_camera_msgs/package.xml
[0.519s] -- Up-to-date: /home/amrl-linux24-04/ros2_ben/install/realsense2_camera_msgs/lib/librealsense2_camera_msgs__rosidl_generator_c.so
[0.519s] -- Up-to-date: /home/amrl-linux24-04/ros2_ben/install/realsense2_camera_msgs/lib/librealsense2_camera_msgs__rosidl_typesupport_fastrtps_c.so
[0.519s] -- Up-to-date: /home/amrl-linux24-04/ros2_ben/install/realsense2_camera_msgs/lib/librealsense2_camera_msgs__rosidl_typesupport_introspection_c.so
[0.519s] -- Up-to-date: /home/amrl-linux24-04/ros2_ben/install/realsense2_camera_msgs/lib/librealsense2_camera_msgs__rosidl_typesupport_c.so
[0.519s] -- Up-to-date: /home/amrl-linux24-04/ros2_ben/install/realsense2_camera_msgs/lib/librealsense2_camera_msgs__rosidl_typesupport_fastrtps_cpp.so
[0.519s] -- Up-to-date: /home/amrl-linux24-04/ros2_ben/install/realsense2_camera_msgs/lib/librealsense2_camera_msgs__rosidl_typesupport_introspection_cpp.so
[0.519s] -- Up-to-date: /home/amrl-linux24-04/ros2_ben/install/realsense2_camera_msgs/lib/librealsense2_camera_msgs__rosidl_typesupport_cpp.so
[0.527s] Listing '/home/amrl-linux24-04/ros2_ben/install/realsense2_camera_msgs/lib/python3.12/site-packages/realsense2_camera_msgs'...
[0.527s] Listing '/home/amrl-linux24-04/ros2_ben/install/realsense2_camera_msgs/lib/python3.12/site-packages/realsense2_camera_msgs/action'...
[0.527s] Listing '/home/amrl-linux24-04/ros2_ben/install/realsense2_camera_msgs/lib/python3.12/site-packages/realsense2_camera_msgs/msg'...
[0.527s] Listing '/home/amrl-linux24-04/ros2_ben/install/realsense2_camera_msgs/lib/python3.12/site-packages/realsense2_camera_msgs/srv'...
[0.533s] -- Up-to-date: /home/amrl-linux24-04/ros2_ben/install/realsense2_camera_msgs/lib/librealsense2_camera_msgs__rosidl_generator_py.so
[0.533s] -- Up-to-date: /home/amrl-linux24-04/ros2_ben/install/realsense2_camera_msgs/share/realsense2_camera_msgs/cmake/export_realsense2_camera_msgs__rosidl_generator_cExport.cmake
[0.533s] -- Up-to-date: /home/amrl-linux24-04/ros2_ben/install/realsense2_camera_msgs/share/realsense2_camera_msgs/cmake/export_realsense2_camera_msgs__rosidl_generator_cExport-noconfig.cmake
[0.533s] -- Up-to-date: /home/amrl-linux24-04/ros2_ben/install/realsense2_camera_msgs/share/realsense2_camera_msgs/cmake/export_realsense2_camera_msgs__rosidl_typesupport_fastrtps_cExport.cmake
[0.533s] -- Up-to-date: /home/amrl-linux24-04/ros2_ben/install/realsense2_camera_msgs/share/realsense2_camera_msgs/cmake/export_realsense2_camera_msgs__rosidl_typesupport_fastrtps_cExport-noconfig.cmake
[0.533s] -- Up-to-date: /home/amrl-linux24-04/ros2_ben/install/realsense2_camera_msgs/share/realsense2_camera_msgs/cmake/realsense2_camera_msgs__rosidl_typesupport_introspection_cExport.cmake
[0.534s] -- Up-to-date: /home/amrl-linux24-04/ros2_ben/install/realsense2_camera_msgs/share/realsense2_camera_msgs/cmake/realsense2_camera_msgs__rosidl_typesupport_introspection_cExport-noconfig.cmake
[0.534s] -- Up-to-date: /home/amrl-linux24-04/ros2_ben/install/realsense2_camera_msgs/share/realsense2_camera_msgs/cmake/realsense2_camera_msgs__rosidl_typesupport_cExport.cmake
[0.534s] -- Up-to-date: /home/amrl-linux24-04/ros2_ben/install/realsense2_camera_msgs/share/realsense2_camera_msgs/cmake/realsense2_camera_msgs__rosidl_typesupport_cExport-noconfig.cmake
[0.534s] -- Up-to-date: /home/amrl-linux24-04/ros2_ben/install/realsense2_camera_msgs/share/realsense2_camera_msgs/cmake/export_realsense2_camera_msgs__rosidl_generator_cppExport.cmake
[0.534s] -- Up-to-date: /home/amrl-linux24-04/ros2_ben/install/realsense2_camera_msgs/share/realsense2_camera_msgs/cmake/export_realsense2_camera_msgs__rosidl_typesupport_fastrtps_cppExport.cmake
[0.534s] -- Up-to-date: /home/amrl-linux24-04/ros2_ben/install/realsense2_camera_msgs/share/realsense2_camera_msgs/cmake/export_realsense2_camera_msgs__rosidl_typesupport_fastrtps_cppExport-noconfig.cmake
[0.534s] -- Up-to-date: /home/amrl-linux24-04/ros2_ben/install/realsense2_camera_msgs/share/realsense2_camera_msgs/cmake/realsense2_camera_msgs__rosidl_typesupport_introspection_cppExport.cmake
[0.534s] -- Up-to-date: /home/amrl-linux24-04/ros2_ben/install/realsense2_camera_msgs/share/realsense2_camera_msgs/cmake/realsense2_camera_msgs__rosidl_typesupport_introspection_cppExport-noconfig.cmake
[0.534s] -- Up-to-date: /home/amrl-linux24-04/ros2_ben/install/realsense2_camera_msgs/share/realsense2_camera_msgs/cmake/realsense2_camera_msgs__rosidl_typesupport_cppExport.cmake
[0.534s] -- Up-to-date: /home/amrl-linux24-04/ros2_ben/install/realsense2_camera_msgs/share/realsense2_camera_msgs/cmake/realsense2_camera_msgs__rosidl_typesupport_cppExport-noconfig.cmake
[0.535s] -- Up-to-date: /home/amrl-linux24-04/ros2_ben/install/realsense2_camera_msgs/share/realsense2_camera_msgs/cmake/export_realsense2_camera_msgs__rosidl_generator_pyExport.cmake
[0.535s] -- Up-to-date: /home/amrl-linux24-04/ros2_ben/install/realsense2_camera_msgs/share/realsense2_camera_msgs/cmake/export_realsense2_camera_msgs__rosidl_generator_pyExport-noconfig.cmake
[0.539s] Invoked command in '/home/amrl-linux24-04/ros2_ben/build/realsense2_camera_msgs' returned '0': CMAKE_PREFIX_PATH=${CMAKE_PREFIX_PATH}:/home/amrl-linux24-04/ros2_ben/install/yolo_ros:/home/amrl-linux24-04/ros2_ben/install/igusgus:/opt/ros/jazzy DEBUGINFOD_URLS=https://debuginfod.ubuntu.com /usr/bin/cmake --install /home/amrl-linux24-04/ros2_ben/build/realsense2_camera_msgs
