[0.035s] Invoking command in '/home/amrl-linux24-04/ros2_ben/build/realsense2_camera_msgs': CMAKE_PREFIX_PATH=${CMAKE_PREFIX_PATH}:/home/amrl-linux24-04/ros2_ben/install/yolo_ros:/home/amrl-linux24-04/ros2_ben/install/igusgus_launch:/opt/ros/jazzy DEBUGINFOD_URLS=https://debuginfod.ubuntu.com /usr/bin/cmake --build /home/amrl-linux24-04/ros2_ben/build/realsense2_camera_msgs -- -j22 -l22
[0.109s] [  1%] Built target realsense2_camera_msgs__rosidl_generator_type_description
[0.122s] [  1%] Built target ament_cmake_python_copy_realsense2_camera_msgs
[0.133s] [  1%] Built target realsense2_camera_msgs__cpp
[0.147s] [ 26%] Built target realsense2_camera_msgs__rosidl_generator_c
[0.186s] [ 36%] Built target realsense2_camera_msgs__rosidl_typesupport_fastrtps_c
[0.187s] [ 45%] Built target realsense2_camera_msgs__rosidl_typesupport_introspection_c
[0.188s] [ 55%] Built target realsense2_camera_msgs__rosidl_typesupport_c
[0.189s] [ 65%] Built target realsense2_camera_msgs__rosidl_typesupport_fastrtps_cpp
[0.191s] [ 74%] Built target realsense2_camera_msgs__rosidl_typesupport_cpp
[0.193s] [ 84%] Built target realsense2_camera_msgs__rosidl_typesupport_introspection_cpp
[0.218s] [ 84%] Built target realsense2_camera_msgs
[0.251s] [ 85%] Built target realsense2_camera_msgs__py
[0.294s] [ 94%] Built target realsense2_camera_msgs__rosidl_generator_py
[0.327s] [ 96%] Built target realsense2_camera_msgs_s__rosidl_typesupport_introspection_c
[0.329s] [ 98%] Built target realsense2_camera_msgs_s__rosidl_typesupport_fastrtps_c
[0.329s] [100%] Built target realsense2_camera_msgs_s__rosidl_typesupport_c
[0.386s] running egg_info
[0.408s] writing realsense2_camera_msgs.egg-info/PKG-INFO
[0.408s] writing dependency_links to realsense2_camera_msgs.egg-info/dependency_links.txt
[0.408s] writing top-level names to realsense2_camera_msgs.egg-info/top_level.txt
[0.469s] reading manifest file 'realsense2_camera_msgs.egg-info/SOURCES.txt'
[0.469s] writing manifest file 'realsense2_camera_msgs.egg-info/SOURCES.txt'
[0.506s] [100%] Built target ament_cmake_python_build_realsense2_camera_msgs_egg
