[0.011s] Invoking command in '/home/amrl-linux24-04/ros2_ben/build/igus_rebel_description': CMAKE_PREFIX_PATH=${CMAKE_PREFIX_PATH}:/home/amrl-linux24-04/ros2_ben/install/yolo_ros:/home/amrl-linux24-04/ros2_ben/install/igusgus_launch:/opt/ros/jazzy DEBUGINFOD_URLS=https://debuginfod.ubuntu.com /usr/bin/cmake /home/amrl-linux24-04/ros2_ben/src/igus_rebel_ros2/src/igus_rebel_description -DCMAKE_INSTALL_PREFIX=/home/amrl-linux24-04/ros2_ben/install/igus_rebel_description
[0.090s] -- The C compiler identification is GNU 13.3.0
[0.166s] -- The CXX compiler identification is GNU 13.3.0
[0.178s] -- Detecting C compiler ABI info
[0.252s] -- Detecting C compiler ABI info - done
[0.263s] -- Check for working C compiler: /usr/bin/cc - skipped
[0.264s] -- Detecting C compile features
[0.264s] -- Detecting C compile features - done
[0.273s] -- Detecting CXX compiler ABI info
[0.362s] -- Detecting CXX compiler ABI info - done
[0.368s] -- Check for working CXX compiler: /usr/bin/c++ - skipped
[0.368s] -- Detecting CXX compile features
[0.369s] -- Detecting CXX compile features - done
[0.375s] -- Found ament_cmake: 2.5.4 (/opt/ros/jazzy/share/ament_cmake/cmake)
[0.507s] -- Found Python3: /usr/bin/python3 (found version "3.12.3") found components: Interpreter 
[0.598s] -- Found ament_lint_auto: 0.17.3 (/opt/ros/jazzy/share/ament_lint_auto/cmake)
[0.687s] -- Added test 'lint_cmake' to check CMake code style
[0.689s] -- Added test 'xmllint' to check XML markup files
[0.690s] -- Configuring done (0.7s)
[0.692s] -- Generating done (0.0s)
[0.693s] -- Build files have been written to: /home/amrl-linux24-04/ros2_ben/build/igus_rebel_description
[0.702s] Invoked command in '/home/amrl-linux24-04/ros2_ben/build/igus_rebel_description' returned '0': CMAKE_PREFIX_PATH=${CMAKE_PREFIX_PATH}:/home/amrl-linux24-04/ros2_ben/install/yolo_ros:/home/amrl-linux24-04/ros2_ben/install/igusgus_launch:/opt/ros/jazzy DEBUGINFOD_URLS=https://debuginfod.ubuntu.com /usr/bin/cmake /home/amrl-linux24-04/ros2_ben/src/igus_rebel_ros2/src/igus_rebel_description -DCMAKE_INSTALL_PREFIX=/home/amrl-linux24-04/ros2_ben/install/igus_rebel_description
[0.702s] Invoking command in '/home/amrl-linux24-04/ros2_ben/build/igus_rebel_description': CMAKE_PREFIX_PATH=${CMAKE_PREFIX_PATH}:/home/amrl-linux24-04/ros2_ben/install/yolo_ros:/home/amrl-linux24-04/ros2_ben/install/igusgus_launch:/opt/ros/jazzy DEBUGINFOD_URLS=https://debuginfod.ubuntu.com /usr/bin/cmake --build /home/amrl-linux24-04/ros2_ben/build/igus_rebel_description -- -j22 -l22
[0.740s] Invoked command in '/home/amrl-linux24-04/ros2_ben/build/igus_rebel_description' returned '0': CMAKE_PREFIX_PATH=${CMAKE_PREFIX_PATH}:/home/amrl-linux24-04/ros2_ben/install/yolo_ros:/home/amrl-linux24-04/ros2_ben/install/igusgus_launch:/opt/ros/jazzy DEBUGINFOD_URLS=https://debuginfod.ubuntu.com /usr/bin/cmake --build /home/amrl-linux24-04/ros2_ben/build/igus_rebel_description -- -j22 -l22
[0.751s] Invoking command in '/home/amrl-linux24-04/ros2_ben/build/igus_rebel_description': CMAKE_PREFIX_PATH=${CMAKE_PREFIX_PATH}:/home/amrl-linux24-04/ros2_ben/install/yolo_ros:/home/amrl-linux24-04/ros2_ben/install/igusgus_launch:/opt/ros/jazzy DEBUGINFOD_URLS=https://debuginfod.ubuntu.com /usr/bin/cmake --install /home/amrl-linux24-04/ros2_ben/build/igus_rebel_description
[0.758s] -- Install configuration: ""
[0.759s] -- Installing: /home/amrl-linux24-04/ros2_ben/install/igus_rebel_description/share/igus_rebel_description/meshes
[0.759s] -- Installing: /home/amrl-linux24-04/ros2_ben/install/igus_rebel_description/share/igus_rebel_description/meshes/robolink_rebel
[0.759s] -- Installing: /home/amrl-linux24-04/ros2_ben/install/igus_rebel_description/share/igus_rebel_description/meshes/robolink_rebel/Robolink_RebeL_005.dae
[0.762s] -- Installing: /home/amrl-linux24-04/ros2_ben/install/igus_rebel_description/share/igus_rebel_description/meshes/robolink_rebel/Diffuse Map.002.png
[0.762s] -- Installing: /home/amrl-linux24-04/ros2_ben/install/igus_rebel_description/share/igus_rebel_description/meshes/robolink_rebel/Robolink_RebeL_002_0.stl
[0.764s] -- Installing: /home/amrl-linux24-04/ros2_ben/install/igus_rebel_description/share/igus_rebel_description/meshes/robolink_rebel/Diffuse Map.005.png
[0.764s] -- Installing: /home/amrl-linux24-04/ros2_ben/install/igus_rebel_description/share/igus_rebel_description/meshes/robolink_rebel/Diffuse Map.001.png
[0.765s] -- Installing: /home/amrl-linux24-04/ros2_ben/install/igus_rebel_description/share/igus_rebel_description/meshes/robolink_rebel/Robolink_RebeL_002.stl
[0.767s] -- Installing: /home/amrl-linux24-04/ros2_ben/install/igus_rebel_description/share/igus_rebel_description/meshes/robolink_rebel/Robolink_RebeL_003.stl
[0.768s] -- Installing: /home/amrl-linux24-04/ros2_ben/install/igus_rebel_description/share/igus_rebel_description/meshes/robolink_rebel/Robolink_RebeL_002_1.dae
[0.769s] -- Installing: /home/amrl-linux24-04/ros2_ben/install/igus_rebel_description/share/igus_rebel_description/meshes/robolink_rebel/Robolink_RebeL_002_0.dae
[0.772s] -- Installing: /home/amrl-linux24-04/ros2_ben/install/igus_rebel_description/share/igus_rebel_description/meshes/robolink_rebel/Robolink_RebeL_006.dae
[0.773s] -- Installing: /home/amrl-linux24-04/ros2_ben/install/igus_rebel_description/share/igus_rebel_description/meshes/robolink_rebel/Robolink_RebeL_005.stl
[0.774s] -- Installing: /home/amrl-linux24-04/ros2_ben/install/igus_rebel_description/share/igus_rebel_description/meshes/robolink_rebel/Robolink_RebeL_004.dae
[0.777s] -- Installing: /home/amrl-linux24-04/ros2_ben/install/igus_rebel_description/share/igus_rebel_description/meshes/robolink_rebel/Diffuse Map.png
[0.778s] -- Installing: /home/amrl-linux24-04/ros2_ben/install/igus_rebel_description/share/igus_rebel_description/meshes/robolink_rebel/Robolink_RebeL_000.stl
[0.778s] -- Installing: /home/amrl-linux24-04/ros2_ben/install/igus_rebel_description/share/igus_rebel_description/meshes/robolink_rebel/Robolink_RebeL_001.stl
[0.779s] -- Installing: /home/amrl-linux24-04/ros2_ben/install/igus_rebel_description/share/igus_rebel_description/meshes/robolink_rebel/Diffuse Map.004.png
[0.779s] -- Installing: /home/amrl-linux24-04/ros2_ben/install/igus_rebel_description/share/igus_rebel_description/meshes/robolink_rebel/Diffuse Map.006.png
[0.779s] -- Installing: /home/amrl-linux24-04/ros2_ben/install/igus_rebel_description/share/igus_rebel_description/meshes/robolink_rebel/Robolink_RebeL_001.dae
[0.782s] -- Installing: /home/amrl-linux24-04/ros2_ben/install/igus_rebel_description/share/igus_rebel_description/meshes/robolink_rebel/Robolink_RebeL_004.stl
[0.782s] -- Installing: /home/amrl-linux24-04/ros2_ben/install/igus_rebel_description/share/igus_rebel_description/meshes/robolink_rebel/Robolink_RebeL_002_1.stl
[0.782s] -- Installing: /home/amrl-linux24-04/ros2_ben/install/igus_rebel_description/share/igus_rebel_description/meshes/robolink_rebel/Robolink_RebeL_002_2.dae
[0.785s] -- Installing: /home/amrl-linux24-04/ros2_ben/install/igus_rebel_description/share/igus_rebel_description/meshes/robolink_rebel/Robolink_RebeL_000.dae
[0.785s] -- Installing: /home/amrl-linux24-04/ros2_ben/install/igus_rebel_description/share/igus_rebel_description/meshes/robolink_rebel/Diffuse Map.003.png
[0.786s] -- Installing: /home/amrl-linux24-04/ros2_ben/install/igus_rebel_description/share/igus_rebel_description/meshes/robolink_rebel/Robolink_RebeL_003.dae
[0.790s] -- Installing: /home/amrl-linux24-04/ros2_ben/install/igus_rebel_description/share/igus_rebel_description/meshes/robolink_rebel/Robolink_RebeL_006.stl
[0.790s] -- Installing: /home/amrl-linux24-04/ros2_ben/install/igus_rebel_description/share/igus_rebel_description/meshes/robolink_rebel/Robolink_RebeL_002_2.stl
[0.791s] -- Installing: /home/amrl-linux24-04/ros2_ben/install/igus_rebel_description/share/igus_rebel_description/meshes/robolink_rebel2
[0.791s] -- Installing: /home/amrl-linux24-04/ros2_ben/install/igus_rebel_description/share/igus_rebel_description/meshes/robolink_rebel2/simplified_motor3.stl
[0.792s] -- Installing: /home/amrl-linux24-04/ros2_ben/install/igus_rebel_description/share/igus_rebel_description/meshes/robolink_rebel2/simplified_motor2.stl
[0.792s] -- Installing: /home/amrl-linux24-04/ros2_ben/install/igus_rebel_description/share/igus_rebel_description/meshes/robolink_rebel2/motor2.stl
[0.797s] -- Installing: /home/amrl-linux24-04/ros2_ben/install/igus_rebel_description/share/igus_rebel_description/meshes/robolink_rebel2/simplified_link3.stl
[0.797s] -- Installing: /home/amrl-linux24-04/ros2_ben/install/igus_rebel_description/share/igus_rebel_description/meshes/robolink_rebel2/link4.stl
[0.801s] -- Installing: /home/amrl-linux24-04/ros2_ben/install/igus_rebel_description/share/igus_rebel_description/meshes/robolink_rebel2/simplified_link2.stl
[0.803s] -- Installing: /home/amrl-linux24-04/ros2_ben/install/igus_rebel_description/share/igus_rebel_description/meshes/robolink_rebel2/simplified_motor1.stl
[0.804s] -- Installing: /home/amrl-linux24-04/ros2_ben/install/igus_rebel_description/share/igus_rebel_description/meshes/robolink_rebel2/simplified_motor4.stl
[0.804s] -- Installing: /home/amrl-linux24-04/ros2_ben/install/igus_rebel_description/share/igus_rebel_description/meshes/robolink_rebel2/simplified_link1.stl
[0.804s] -- Installing: /home/amrl-linux24-04/ros2_ben/install/igus_rebel_description/share/igus_rebel_description/meshes/robolink_rebel2/motor1.stl
[0.809s] -- Installing: /home/amrl-linux24-04/ros2_ben/install/igus_rebel_description/share/igus_rebel_description/meshes/robolink_rebel2/simplified_link4.stl
[0.809s] -- Installing: /home/amrl-linux24-04/ros2_ben/install/igus_rebel_description/share/igus_rebel_description/meshes/robolink_rebel2/link6.stl
[0.810s] -- Installing: /home/amrl-linux24-04/ros2_ben/install/igus_rebel_description/share/igus_rebel_description/meshes/robolink_rebel2/motor3.stl
[0.815s] -- Installing: /home/amrl-linux24-04/ros2_ben/install/igus_rebel_description/share/igus_rebel_description/meshes/robolink_rebel2/link3.stl
[0.819s] -- Installing: /home/amrl-linux24-04/ros2_ben/install/igus_rebel_description/share/igus_rebel_description/meshes/robolink_rebel2/motor5.stl
[0.820s] -- Installing: /home/amrl-linux24-04/ros2_ben/install/igus_rebel_description/share/igus_rebel_description/meshes/robolink_rebel2/link1.stl
[0.823s] -- Installing: /home/amrl-linux24-04/ros2_ben/install/igus_rebel_description/share/igus_rebel_description/meshes/robolink_rebel2/link5.stl
[0.827s] -- Installing: /home/amrl-linux24-04/ros2_ben/install/igus_rebel_description/share/igus_rebel_description/meshes/robolink_rebel2/simplified_link6.stl
[0.827s] -- Installing: /home/amrl-linux24-04/ros2_ben/install/igus_rebel_description/share/igus_rebel_description/meshes/robolink_rebel2/simplified_motor5.stl
[0.828s] -- Installing: /home/amrl-linux24-04/ros2_ben/install/igus_rebel_description/share/igus_rebel_description/meshes/robolink_rebel2/simplified_base_link.stl
[0.828s] -- Installing: /home/amrl-linux24-04/ros2_ben/install/igus_rebel_description/share/igus_rebel_description/meshes/robolink_rebel2/link2.stl
[0.841s] -- Installing: /home/amrl-linux24-04/ros2_ben/install/igus_rebel_description/share/igus_rebel_description/meshes/robolink_rebel2/motor4.stl
[0.845s] -- Installing: /home/amrl-linux24-04/ros2_ben/install/igus_rebel_description/share/igus_rebel_description/meshes/robolink_rebel2/simplified_link5.stl
[0.846s] -- Installing: /home/amrl-linux24-04/ros2_ben/install/igus_rebel_description/share/igus_rebel_description/meshes/robolink_rebel2/base_link.stl
[0.850s] -- Installing: /home/amrl-linux24-04/ros2_ben/install/igus_rebel_description/share/igus_rebel_description/urdf
[0.850s] -- Installing: /home/amrl-linux24-04/ros2_ben/install/igus_rebel_description/share/igus_rebel_description/urdf/igus_rebel.urdf
[0.850s] -- Installing: /home/amrl-linux24-04/ros2_ben/install/igus_rebel_description/share/igus_rebel_description/urdf/igus_rebel.control.xacro
[0.850s] -- Installing: /home/amrl-linux24-04/ros2_ben/install/igus_rebel_description/share/igus_rebel_description/urdf/igus_rebel2.urdf
[0.850s] -- Installing: /home/amrl-linux24-04/ros2_ben/install/igus_rebel_description/share/igus_rebel_description/urdf/igus_rebel2.control.xacro
[0.850s] -- Installing: /home/amrl-linux24-04/ros2_ben/install/igus_rebel_description/share/igus_rebel_description/urdf/igus_rebel_robot.urdf.xacro
[0.850s] -- Installing: /home/amrl-linux24-04/ros2_ben/install/igus_rebel_description/share/igus_rebel_description/urdf/igus_rebel_robot2.urdf.xacro
[0.850s] -- Installing: /home/amrl-linux24-04/ros2_ben/install/igus_rebel_description/share/ament_index/resource_index/package_run_dependencies/igus_rebel_description
[0.850s] -- Installing: /home/amrl-linux24-04/ros2_ben/install/igus_rebel_description/share/ament_index/resource_index/parent_prefix_path/igus_rebel_description
[0.850s] -- Installing: /home/amrl-linux24-04/ros2_ben/install/igus_rebel_description/share/igus_rebel_description/environment/ament_prefix_path.sh
[0.850s] -- Installing: /home/amrl-linux24-04/ros2_ben/install/igus_rebel_description/share/igus_rebel_description/environment/ament_prefix_path.dsv
[0.850s] -- Installing: /home/amrl-linux24-04/ros2_ben/install/igus_rebel_description/share/igus_rebel_description/environment/path.sh
[0.850s] -- Installing: /home/amrl-linux24-04/ros2_ben/install/igus_rebel_description/share/igus_rebel_description/environment/path.dsv
[0.850s] -- Installing: /home/amrl-linux24-04/ros2_ben/install/igus_rebel_description/share/igus_rebel_description/local_setup.bash
[0.850s] -- Installing: /home/amrl-linux24-04/ros2_ben/install/igus_rebel_description/share/igus_rebel_description/local_setup.sh
[0.850s] -- Installing: /home/amrl-linux24-04/ros2_ben/install/igus_rebel_description/share/igus_rebel_description/local_setup.zsh
[0.850s] -- Installing: /home/amrl-linux24-04/ros2_ben/install/igus_rebel_description/share/igus_rebel_description/local_setup.dsv
[0.850s] -- Installing: /home/amrl-linux24-04/ros2_ben/install/igus_rebel_description/share/igus_rebel_description/package.dsv
[0.851s] -- Installing: /home/amrl-linux24-04/ros2_ben/install/igus_rebel_description/share/ament_index/resource_index/packages/igus_rebel_description
[0.851s] -- Installing: /home/amrl-linux24-04/ros2_ben/install/igus_rebel_description/share/igus_rebel_description/cmake/igus_rebel_descriptionConfig.cmake
[0.851s] -- Installing: /home/amrl-linux24-04/ros2_ben/install/igus_rebel_description/share/igus_rebel_description/cmake/igus_rebel_descriptionConfig-version.cmake
[0.851s] -- Installing: /home/amrl-linux24-04/ros2_ben/install/igus_rebel_description/share/igus_rebel_description/package.xml
[0.853s] Invoked command in '/home/amrl-linux24-04/ros2_ben/build/igus_rebel_description' returned '0': CMAKE_PREFIX_PATH=${CMAKE_PREFIX_PATH}:/home/amrl-linux24-04/ros2_ben/install/yolo_ros:/home/amrl-linux24-04/ros2_ben/install/igusgus_launch:/opt/ros/jazzy DEBUGINFOD_URLS=https://debuginfod.ubuntu.com /usr/bin/cmake --install /home/amrl-linux24-04/ros2_ben/build/igus_rebel_description
