[0.023s] Invoking command in '/home/amrl-linux24-04/ros2_ben/build/realsense2_camera': CMAKE_PREFIX_PATH=/home/amrl-linux24-04/ros2_ben/install/realsense2_camera_msgs:/home/amrl-linux24-04/ros2_ben/install/yolo_bringup:/home/amrl-linux24-04/ros2_ben/install/yolo_msgs:/home/amrl-linux24-04/ros2_ben/install/realsense2_description:/home/amrl-linux24-04/ros2_ben/install/realsense2_camera:/home/amrl-linux24-04/ros2_ben/install/igus_rebel:/home/amrl-linux24-04/ros2_ben/install/igus_rebel_msgs:/home/amrl-linux24-04/ros2_ben/install/igus_rebel_moveit_config:/home/amrl-linux24-04/ros2_ben/install/igus_rebel_description:/opt/ros/jazzy/opt/gz_sim_vendor:/opt/ros/jazzy/opt/gz_sensors_vendor:/opt/ros/jazzy/opt/gz_physics_vendor:/opt/ros/jazzy/opt/sdformat_vendor:/opt/ros/jazzy/opt/gz_gui_vendor:/opt/ros/jazzy/opt/gz_transport_vendor:/opt/ros/jazzy/opt/gz_rendering_vendor:/opt/ros/jazzy/opt/gz_plugin_vendor:/opt/ros/jazzy/opt/gz_fuel_tools_vendor:/opt/ros/jazzy/opt/gz_msgs_vendor:/opt/ros/jazzy/opt/gz_common_vendor:/opt/ros/jazzy/opt/gz_math_vendor:/opt/ros/jazzy/opt/gz_utils_vendor:/opt/ros/jazzy/opt/gz_tools_vendor:/opt/ros/jazzy/opt/gz_ogre_next_vendor:/opt/ros/jazzy/opt/gz_dartsim_vendor:/opt/ros/jazzy/opt/gz_cmake_vendor:/home/amrl-linux24-04/ros2_ben/install/yolo_ros:/home/amrl-linux24-04/ros2_ben/install/igusgus:/opt/ros/jazzy DEBUGINFOD_URLS=https://debuginfod.ubuntu.com LD_LIBRARY_PATH=/home/amrl-linux24-04/ros2_ben/install/realsense2_camera_msgs/lib:/home/amrl-linux24-04/ros2_ben/install/yolo_msgs/lib:/home/amrl-linux24-04/ros2_ben/install/realsense2_camera/lib:/home/amrl-linux24-04/ros2_ben/install/igus_rebel/lib:/home/amrl-linux24-04/ros2_ben/install/igus_rebel_msgs/lib:/opt/ros/jazzy/opt/gz_sim_vendor/lib:/opt/ros/jazzy/opt/gz_sensors_vendor/lib:/opt/ros/jazzy/opt/gz_physics_vendor/lib:/opt/ros/jazzy/opt/sdformat_vendor/lib:/opt/ros/jazzy/opt/rviz_ogre_vendor/lib:/opt/ros/jazzy/lib/x86_64-linux-gnu:/opt/ros/jazzy/opt/gz_gui_vendor/lib:/opt/ros/jazzy/opt/gz_transport_vendor/lib:/opt/ros/jazzy/opt/gz_rendering_vendor/lib:/opt/ros/jazzy/opt/gz_plugin_vendor/lib:/opt/ros/jazzy/opt/gz_fuel_tools_vendor/lib:/opt/ros/jazzy/opt/gz_msgs_vendor/lib:/opt/ros/jazzy/opt/gz_common_vendor/lib:/opt/ros/jazzy/opt/gz_math_vendor/lib:/opt/ros/jazzy/opt/gz_utils_vendor/lib:/opt/ros/jazzy/opt/gz_tools_vendor/lib:/opt/ros/jazzy/opt/gz_ogre_next_vendor/lib:/opt/ros/jazzy/opt/gz_dartsim_vendor/lib:/opt/ros/jazzy/opt/gz_cmake_vendor/lib:/opt/ros/jazzy/lib PYTHONPATH=/home/amrl-linux24-04/ros2_ben/install/realsense2_camera_msgs/lib/python3.12/site-packages:/home/amrl-linux24-04/ros2_ben/build/yolo_ros:/home/amrl-linux24-04/ros2_ben/build/igusgus:/home/amrl-linux24-04/ros2_ben/install/yolo_ros/lib/python3.12/site-packages:/home/amrl-linux24-04/ros2_ben/install/yolo_msgs/lib/python3.12/site-packages:/home/amrl-linux24-04/ros2_ben/install/igusgus/lib/python3.12/site-packages:/home/amrl-linux24-04/ros2_ben/install/igus_rebel_msgs/lib/python3.12/site-packages:/opt/ros/jazzy/lib/python3.12/site-packages /usr/bin/cmake /home/amrl-linux24-04/ros2_ben/src/realsense-ros/realsense2_camera -DAMENT_CMAKE_SYMLINK_INSTALL=1 -DCMAKE_INSTALL_PREFIX=/home/amrl-linux24-04/ros2_ben/install/realsense2_camera
[0.161s] -- The C compiler identification is GNU 13.3.0
[0.313s] -- The CXX compiler identification is GNU 13.3.0
[0.358s] -- Detecting C compiler ABI info
[0.593s] -- Detecting C compiler ABI info - done
[0.615s] -- Check for working C compiler: /usr/bin/cc - skipped
[0.615s] -- Detecting C compile features
[0.616s] -- Detecting C compile features - done
[0.640s] -- Detecting CXX compiler ABI info
[0.898s] -- Detecting CXX compiler ABI info - done
[0.923s] -- Check for working CXX compiler: /usr/bin/c++ - skipped
[0.924s] -- Detecting CXX compile features
[0.925s] -- Detecting CXX compile features - done
[0.927s] -- Create Release Build.
[0.936s] -- Found ament_cmake: 2.5.4 (/opt/ros/jazzy/share/ament_cmake/cmake)
[1.369s] -- Found Python3: /usr/bin/python3 (found version "3.12.3") found components: Interpreter 
[1.622s] -- Override CMake install command with custom implementation using symlinks instead of copying resources
[1.757s] -- Found builtin_interfaces: 2.0.3 (/opt/ros/jazzy/share/builtin_interfaces/cmake)
[1.886s] -- Found rosidl_generator_c: 4.6.6 (/opt/ros/jazzy/share/rosidl_generator_c/cmake)
[1.935s] -- Found rosidl_generator_cpp: 4.6.6 (/opt/ros/jazzy/share/rosidl_generator_cpp/cmake)
[1.989s] -- Using all available rosidl_typesupport_c: rosidl_typesupport_fastrtps_c;rosidl_typesupport_introspection_c
[2.049s] -- Using all available rosidl_typesupport_cpp: rosidl_typesupport_fastrtps_cpp;rosidl_typesupport_introspection_cpp
[2.106s] -- Found cv_bridge: 4.1.0 (/opt/ros/jazzy/share/cv_bridge/cmake)
[2.523s] -- Found rmw_implementation_cmake: 7.3.2 (/opt/ros/jazzy/share/rmw_implementation_cmake/cmake)
[2.536s] -- Found rmw_fastrtps_cpp: 8.4.3 (/opt/ros/jazzy/share/rmw_fastrtps_cpp/cmake)
[2.779s] -- Found OpenSSL: /usr/lib/x86_64-linux-gnu/libcrypto.so (found version "3.0.13")  
[2.830s] -- Found FastRTPS: /opt/ros/jazzy/include (Required is at least version "2.13") 
[2.895s] -- Using RMW implementation 'rmw_fastrtps_cpp' as default
[3.101s] -- Found image_transport: 5.1.7 (/opt/ros/jazzy/share/image_transport/cmake)
[3.183s] -- Found rclcpp_action: 28.1.12 (/opt/ros/jazzy/share/rclcpp_action/cmake)
[3.310s] -- Found rclcpp_components: 28.1.12 (/opt/ros/jazzy/share/rclcpp_components/cmake)
[3.380s] -- Found realsense2_camera_msgs: 4.56.4 (/home/amrl-linux24-04/ros2_ben/install/realsense2_camera_msgs/share/realsense2_camera_msgs/cmake)
[3.475s] -- Found std_srvs: 5.3.6 (/opt/ros/jazzy/share/std_srvs/cmake)
[3.523s] -- Found nav_msgs: 5.3.6 (/opt/ros/jazzy/share/nav_msgs/cmake)
[3.590s] -- Found tf2_ros: 0.36.14 (/opt/ros/jazzy/share/tf2_ros/cmake)
[3.702s] -- Found diagnostic_updater: 4.2.6 (/opt/ros/jazzy/share/diagnostic_updater/cmake)
[3.774s] -- Found OpenCV: /usr (found version "4.6.0") found components: core 
[3.780s] -- Build for ROS2 Jazzy
[3.792s] -- Found ament_cmake_gtest: 2.5.4 (/opt/ros/jazzy/share/ament_cmake_gtest/cmake)
[3.801s] -- Found gtest sources under '/opt/ros/jazzy/src/gtest_vendor': C++ tests using 'Google Test' will be built
[3.806s] -- Performing Test CMAKE_HAVE_LIBC_PTHREAD
[4.016s] -- Performing Test CMAKE_HAVE_LIBC_PTHREAD - Success
[4.018s] -- Found Threads: TRUE  
[4.026s] -- Found ament_cmake_pytest: 2.5.4 (/opt/ros/jazzy/share/ament_cmake_pytest/cmake)
[9.546s] -- rs_device_info:
[9.546s] -- Device Name                   Serial Number       Firmware Version
[9.546s] Intel RealSense D435          909512071556        5.17.0.10
[9.546s] 
[9.546s] -- D455 device found
[11.968s] -- Configuring done (11.9s)
[11.988s] -- Generating done (0.0s)
[11.993s] -- Build files have been written to: /home/amrl-linux24-04/ros2_ben/build/realsense2_camera
[12.002s] Invoked command in '/home/amrl-linux24-04/ros2_ben/build/realsense2_camera' returned '0': CMAKE_PREFIX_PATH=/home/amrl-linux24-04/ros2_ben/install/realsense2_camera_msgs:/home/amrl-linux24-04/ros2_ben/install/yolo_bringup:/home/amrl-linux24-04/ros2_ben/install/yolo_msgs:/home/amrl-linux24-04/ros2_ben/install/realsense2_description:/home/amrl-linux24-04/ros2_ben/install/realsense2_camera:/home/amrl-linux24-04/ros2_ben/install/igus_rebel:/home/amrl-linux24-04/ros2_ben/install/igus_rebel_msgs:/home/amrl-linux24-04/ros2_ben/install/igus_rebel_moveit_config:/home/amrl-linux24-04/ros2_ben/install/igus_rebel_description:/opt/ros/jazzy/opt/gz_sim_vendor:/opt/ros/jazzy/opt/gz_sensors_vendor:/opt/ros/jazzy/opt/gz_physics_vendor:/opt/ros/jazzy/opt/sdformat_vendor:/opt/ros/jazzy/opt/gz_gui_vendor:/opt/ros/jazzy/opt/gz_transport_vendor:/opt/ros/jazzy/opt/gz_rendering_vendor:/opt/ros/jazzy/opt/gz_plugin_vendor:/opt/ros/jazzy/opt/gz_fuel_tools_vendor:/opt/ros/jazzy/opt/gz_msgs_vendor:/opt/ros/jazzy/opt/gz_common_vendor:/opt/ros/jazzy/opt/gz_math_vendor:/opt/ros/jazzy/opt/gz_utils_vendor:/opt/ros/jazzy/opt/gz_tools_vendor:/opt/ros/jazzy/opt/gz_ogre_next_vendor:/opt/ros/jazzy/opt/gz_dartsim_vendor:/opt/ros/jazzy/opt/gz_cmake_vendor:/home/amrl-linux24-04/ros2_ben/install/yolo_ros:/home/amrl-linux24-04/ros2_ben/install/igusgus:/opt/ros/jazzy DEBUGINFOD_URLS=https://debuginfod.ubuntu.com LD_LIBRARY_PATH=/home/amrl-linux24-04/ros2_ben/install/realsense2_camera_msgs/lib:/home/amrl-linux24-04/ros2_ben/install/yolo_msgs/lib:/home/amrl-linux24-04/ros2_ben/install/realsense2_camera/lib:/home/amrl-linux24-04/ros2_ben/install/igus_rebel/lib:/home/amrl-linux24-04/ros2_ben/install/igus_rebel_msgs/lib:/opt/ros/jazzy/opt/gz_sim_vendor/lib:/opt/ros/jazzy/opt/gz_sensors_vendor/lib:/opt/ros/jazzy/opt/gz_physics_vendor/lib:/opt/ros/jazzy/opt/sdformat_vendor/lib:/opt/ros/jazzy/opt/rviz_ogre_vendor/lib:/opt/ros/jazzy/lib/x86_64-linux-gnu:/opt/ros/jazzy/opt/gz_gui_vendor/lib:/opt/ros/jazzy/opt/gz_transport_vendor/lib:/opt/ros/jazzy/opt/gz_rendering_vendor/lib:/opt/ros/jazzy/opt/gz_plugin_vendor/lib:/opt/ros/jazzy/opt/gz_fuel_tools_vendor/lib:/opt/ros/jazzy/opt/gz_msgs_vendor/lib:/opt/ros/jazzy/opt/gz_common_vendor/lib:/opt/ros/jazzy/opt/gz_math_vendor/lib:/opt/ros/jazzy/opt/gz_utils_vendor/lib:/opt/ros/jazzy/opt/gz_tools_vendor/lib:/opt/ros/jazzy/opt/gz_ogre_next_vendor/lib:/opt/ros/jazzy/opt/gz_dartsim_vendor/lib:/opt/ros/jazzy/opt/gz_cmake_vendor/lib:/opt/ros/jazzy/lib PYTHONPATH=/home/amrl-linux24-04/ros2_ben/install/realsense2_camera_msgs/lib/python3.12/site-packages:/home/amrl-linux24-04/ros2_ben/build/yolo_ros:/home/amrl-linux24-04/ros2_ben/build/igusgus:/home/amrl-linux24-04/ros2_ben/install/yolo_ros/lib/python3.12/site-packages:/home/amrl-linux24-04/ros2_ben/install/yolo_msgs/lib/python3.12/site-packages:/home/amrl-linux24-04/ros2_ben/install/igusgus/lib/python3.12/site-packages:/home/amrl-linux24-04/ros2_ben/install/igus_rebel_msgs/lib/python3.12/site-packages:/opt/ros/jazzy/lib/python3.12/site-packages /usr/bin/cmake /home/amrl-linux24-04/ros2_ben/src/realsense-ros/realsense2_camera -DAMENT_CMAKE_SYMLINK_INSTALL=1 -DCMAKE_INSTALL_PREFIX=/home/amrl-linux24-04/ros2_ben/install/realsense2_camera
[12.003s] Invoking command in '/home/amrl-linux24-04/ros2_ben/build/realsense2_camera': CMAKE_PREFIX_PATH=/home/amrl-linux24-04/ros2_ben/install/realsense2_camera_msgs:/home/amrl-linux24-04/ros2_ben/install/yolo_bringup:/home/amrl-linux24-04/ros2_ben/install/yolo_msgs:/home/amrl-linux24-04/ros2_ben/install/realsense2_description:/home/amrl-linux24-04/ros2_ben/install/realsense2_camera:/home/amrl-linux24-04/ros2_ben/install/igus_rebel:/home/amrl-linux24-04/ros2_ben/install/igus_rebel_msgs:/home/amrl-linux24-04/ros2_ben/install/igus_rebel_moveit_config:/home/amrl-linux24-04/ros2_ben/install/igus_rebel_description:/opt/ros/jazzy/opt/gz_sim_vendor:/opt/ros/jazzy/opt/gz_sensors_vendor:/opt/ros/jazzy/opt/gz_physics_vendor:/opt/ros/jazzy/opt/sdformat_vendor:/opt/ros/jazzy/opt/gz_gui_vendor:/opt/ros/jazzy/opt/gz_transport_vendor:/opt/ros/jazzy/opt/gz_rendering_vendor:/opt/ros/jazzy/opt/gz_plugin_vendor:/opt/ros/jazzy/opt/gz_fuel_tools_vendor:/opt/ros/jazzy/opt/gz_msgs_vendor:/opt/ros/jazzy/opt/gz_common_vendor:/opt/ros/jazzy/opt/gz_math_vendor:/opt/ros/jazzy/opt/gz_utils_vendor:/opt/ros/jazzy/opt/gz_tools_vendor:/opt/ros/jazzy/opt/gz_ogre_next_vendor:/opt/ros/jazzy/opt/gz_dartsim_vendor:/opt/ros/jazzy/opt/gz_cmake_vendor:/home/amrl-linux24-04/ros2_ben/install/yolo_ros:/home/amrl-linux24-04/ros2_ben/install/igusgus:/opt/ros/jazzy DEBUGINFOD_URLS=https://debuginfod.ubuntu.com LD_LIBRARY_PATH=/home/amrl-linux24-04/ros2_ben/install/realsense2_camera_msgs/lib:/home/amrl-linux24-04/ros2_ben/install/yolo_msgs/lib:/home/amrl-linux24-04/ros2_ben/install/realsense2_camera/lib:/home/amrl-linux24-04/ros2_ben/install/igus_rebel/lib:/home/amrl-linux24-04/ros2_ben/install/igus_rebel_msgs/lib:/opt/ros/jazzy/opt/gz_sim_vendor/lib:/opt/ros/jazzy/opt/gz_sensors_vendor/lib:/opt/ros/jazzy/opt/gz_physics_vendor/lib:/opt/ros/jazzy/opt/sdformat_vendor/lib:/opt/ros/jazzy/opt/rviz_ogre_vendor/lib:/opt/ros/jazzy/lib/x86_64-linux-gnu:/opt/ros/jazzy/opt/gz_gui_vendor/lib:/opt/ros/jazzy/opt/gz_transport_vendor/lib:/opt/ros/jazzy/opt/gz_rendering_vendor/lib:/opt/ros/jazzy/opt/gz_plugin_vendor/lib:/opt/ros/jazzy/opt/gz_fuel_tools_vendor/lib:/opt/ros/jazzy/opt/gz_msgs_vendor/lib:/opt/ros/jazzy/opt/gz_common_vendor/lib:/opt/ros/jazzy/opt/gz_math_vendor/lib:/opt/ros/jazzy/opt/gz_utils_vendor/lib:/opt/ros/jazzy/opt/gz_tools_vendor/lib:/opt/ros/jazzy/opt/gz_ogre_next_vendor/lib:/opt/ros/jazzy/opt/gz_dartsim_vendor/lib:/opt/ros/jazzy/opt/gz_cmake_vendor/lib:/opt/ros/jazzy/lib PYTHONPATH=/home/amrl-linux24-04/ros2_ben/install/realsense2_camera_msgs/lib/python3.12/site-packages:/home/amrl-linux24-04/ros2_ben/build/yolo_ros:/home/amrl-linux24-04/ros2_ben/build/igusgus:/home/amrl-linux24-04/ros2_ben/install/yolo_ros/lib/python3.12/site-packages:/home/amrl-linux24-04/ros2_ben/install/yolo_msgs/lib/python3.12/site-packages:/home/amrl-linux24-04/ros2_ben/install/igusgus/lib/python3.12/site-packages:/home/amrl-linux24-04/ros2_ben/install/igus_rebel_msgs/lib/python3.12/site-packages:/opt/ros/jazzy/lib/python3.12/site-packages /usr/bin/cmake --build /home/amrl-linux24-04/ros2_ben/build/realsense2_camera -- -j22 -l22
[12.059s] [  4%] [32mBuilding CXX object gtest/CMakeFiles/gtest.dir/src/gtest-all.cc.o[0m
[12.059s] [  8%] [32mBuilding CXX object CMakeFiles/realsense2_camera_node.dir/rclcpp_components/node_main_realsense2_camera_node.cpp.o[0m
[12.059s] [ 16%] [32mBuilding CXX object gtest/CMakeFiles/gtest_main.dir/src/gtest_main.cc.o[0m
[12.059s] [ 16%] [32mBuilding CXX object CMakeFiles/realsense2_camera.dir/src/ros_utils.cpp.o[0m
[12.059s] [ 20%] [32mBuilding CXX object CMakeFiles/realsense2_camera.dir/src/pointcloud_filter.cpp.o[0m
[12.059s] [ 24%] [32mBuilding CXX object CMakeFiles/realsense2_camera.dir/src/ros_param_backend.cpp.o[0m
[12.059s] [ 28%] [32mBuilding CXX object CMakeFiles/realsense2_camera.dir/src/named_filter.cpp.o[0m
[12.060s] [ 32%] [32mBuilding CXX object CMakeFiles/realsense2_camera.dir/src/rs_node_setup.cpp.o[0m
[12.060s] [ 36%] [32mBuilding CXX object CMakeFiles/realsense2_camera.dir/src/ros_sensor.cpp.o[0m
[12.060s] [ 40%] [32mBuilding CXX object CMakeFiles/realsense2_camera.dir/src/realsense_node_factory.cpp.o[0m
[12.060s] [ 44%] [32mBuilding CXX object CMakeFiles/realsense2_camera.dir/src/base_realsense_node.cpp.o[0m
[12.060s] [ 48%] [32mBuilding CXX object CMakeFiles/realsense2_camera.dir/src/actions.cpp.o[0m
[12.060s] [ 52%] [32mBuilding CXX object CMakeFiles/realsense2_camera.dir/src/dynamic_params.cpp.o[0m
[12.060s] [ 56%] [32mBuilding CXX object CMakeFiles/realsense2_camera.dir/src/parameters.cpp.o[0m
[12.061s] [ 60%] [32mBuilding CXX object CMakeFiles/realsense2_camera.dir/src/sensor_params.cpp.o[0m
[12.061s] [ 64%] [32mBuilding CXX object CMakeFiles/realsense2_camera.dir/src/align_depth_filter.cpp.o[0m
[12.061s] [ 68%] [32mBuilding CXX object CMakeFiles/realsense2_camera.dir/src/image_publisher.cpp.o[0m
[12.062s] [ 72%] [32mBuilding CXX object CMakeFiles/realsense2_camera.dir/src/profile_manager.cpp.o[0m
[12.066s] [ 76%] [32mBuilding CXX object CMakeFiles/realsense2_camera.dir/src/tfs.cpp.o[0m
[13.684s] [ 80%] [32m[1mLinking CXX static library libgtest_main.a[0m
[13.805s] [ 80%] Built target gtest_main
[21.767s] [ 84%] [32m[1mLinking CXX executable realsense2_camera_node[0m
[22.211s] [ 84%] Built target realsense2_camera_node
[39.690s] [ 88%] [32m[1mLinking CXX static library libgtest.a[0m
[39.810s] [ 88%] Built target gtest
[39.873s] [ 92%] [32mBuilding CXX object CMakeFiles/gtest_template.dir/test/gtest_template.cpp.o[0m
[42.007s] [ 96%] [32m[1mLinking CXX executable gtest_template[0m
[42.235s] [ 96%] Built target gtest_template
[53.638s] [100%] [32m[1mLinking CXX shared library librealsense2_camera.so[0m
[53.918s] [100%] Built target realsense2_camera
[53.927s] Invoked command in '/home/amrl-linux24-04/ros2_ben/build/realsense2_camera' returned '0': CMAKE_PREFIX_PATH=/home/amrl-linux24-04/ros2_ben/install/realsense2_camera_msgs:/home/amrl-linux24-04/ros2_ben/install/yolo_bringup:/home/amrl-linux24-04/ros2_ben/install/yolo_msgs:/home/amrl-linux24-04/ros2_ben/install/realsense2_description:/home/amrl-linux24-04/ros2_ben/install/realsense2_camera:/home/amrl-linux24-04/ros2_ben/install/igus_rebel:/home/amrl-linux24-04/ros2_ben/install/igus_rebel_msgs:/home/amrl-linux24-04/ros2_ben/install/igus_rebel_moveit_config:/home/amrl-linux24-04/ros2_ben/install/igus_rebel_description:/opt/ros/jazzy/opt/gz_sim_vendor:/opt/ros/jazzy/opt/gz_sensors_vendor:/opt/ros/jazzy/opt/gz_physics_vendor:/opt/ros/jazzy/opt/sdformat_vendor:/opt/ros/jazzy/opt/gz_gui_vendor:/opt/ros/jazzy/opt/gz_transport_vendor:/opt/ros/jazzy/opt/gz_rendering_vendor:/opt/ros/jazzy/opt/gz_plugin_vendor:/opt/ros/jazzy/opt/gz_fuel_tools_vendor:/opt/ros/jazzy/opt/gz_msgs_vendor:/opt/ros/jazzy/opt/gz_common_vendor:/opt/ros/jazzy/opt/gz_math_vendor:/opt/ros/jazzy/opt/gz_utils_vendor:/opt/ros/jazzy/opt/gz_tools_vendor:/opt/ros/jazzy/opt/gz_ogre_next_vendor:/opt/ros/jazzy/opt/gz_dartsim_vendor:/opt/ros/jazzy/opt/gz_cmake_vendor:/home/amrl-linux24-04/ros2_ben/install/yolo_ros:/home/amrl-linux24-04/ros2_ben/install/igusgus:/opt/ros/jazzy DEBUGINFOD_URLS=https://debuginfod.ubuntu.com LD_LIBRARY_PATH=/home/amrl-linux24-04/ros2_ben/install/realsense2_camera_msgs/lib:/home/amrl-linux24-04/ros2_ben/install/yolo_msgs/lib:/home/amrl-linux24-04/ros2_ben/install/realsense2_camera/lib:/home/amrl-linux24-04/ros2_ben/install/igus_rebel/lib:/home/amrl-linux24-04/ros2_ben/install/igus_rebel_msgs/lib:/opt/ros/jazzy/opt/gz_sim_vendor/lib:/opt/ros/jazzy/opt/gz_sensors_vendor/lib:/opt/ros/jazzy/opt/gz_physics_vendor/lib:/opt/ros/jazzy/opt/sdformat_vendor/lib:/opt/ros/jazzy/opt/rviz_ogre_vendor/lib:/opt/ros/jazzy/lib/x86_64-linux-gnu:/opt/ros/jazzy/opt/gz_gui_vendor/lib:/opt/ros/jazzy/opt/gz_transport_vendor/lib:/opt/ros/jazzy/opt/gz_rendering_vendor/lib:/opt/ros/jazzy/opt/gz_plugin_vendor/lib:/opt/ros/jazzy/opt/gz_fuel_tools_vendor/lib:/opt/ros/jazzy/opt/gz_msgs_vendor/lib:/opt/ros/jazzy/opt/gz_common_vendor/lib:/opt/ros/jazzy/opt/gz_math_vendor/lib:/opt/ros/jazzy/opt/gz_utils_vendor/lib:/opt/ros/jazzy/opt/gz_tools_vendor/lib:/opt/ros/jazzy/opt/gz_ogre_next_vendor/lib:/opt/ros/jazzy/opt/gz_dartsim_vendor/lib:/opt/ros/jazzy/opt/gz_cmake_vendor/lib:/opt/ros/jazzy/lib PYTHONPATH=/home/amrl-linux24-04/ros2_ben/install/realsense2_camera_msgs/lib/python3.12/site-packages:/home/amrl-linux24-04/ros2_ben/build/yolo_ros:/home/amrl-linux24-04/ros2_ben/build/igusgus:/home/amrl-linux24-04/ros2_ben/install/yolo_ros/lib/python3.12/site-packages:/home/amrl-linux24-04/ros2_ben/install/yolo_msgs/lib/python3.12/site-packages:/home/amrl-linux24-04/ros2_ben/install/igusgus/lib/python3.12/site-packages:/home/amrl-linux24-04/ros2_ben/install/igus_rebel_msgs/lib/python3.12/site-packages:/opt/ros/jazzy/lib/python3.12/site-packages /usr/bin/cmake --build /home/amrl-linux24-04/ros2_ben/build/realsense2_camera -- -j22 -l22
[53.928s] Invoking command in '/home/amrl-linux24-04/ros2_ben/build/realsense2_camera': CMAKE_PREFIX_PATH=/home/amrl-linux24-04/ros2_ben/install/realsense2_camera_msgs:/home/amrl-linux24-04/ros2_ben/install/yolo_bringup:/home/amrl-linux24-04/ros2_ben/install/yolo_msgs:/home/amrl-linux24-04/ros2_ben/install/realsense2_description:/home/amrl-linux24-04/ros2_ben/install/realsense2_camera:/home/amrl-linux24-04/ros2_ben/install/igus_rebel:/home/amrl-linux24-04/ros2_ben/install/igus_rebel_msgs:/home/amrl-linux24-04/ros2_ben/install/igus_rebel_moveit_config:/home/amrl-linux24-04/ros2_ben/install/igus_rebel_description:/opt/ros/jazzy/opt/gz_sim_vendor:/opt/ros/jazzy/opt/gz_sensors_vendor:/opt/ros/jazzy/opt/gz_physics_vendor:/opt/ros/jazzy/opt/sdformat_vendor:/opt/ros/jazzy/opt/gz_gui_vendor:/opt/ros/jazzy/opt/gz_transport_vendor:/opt/ros/jazzy/opt/gz_rendering_vendor:/opt/ros/jazzy/opt/gz_plugin_vendor:/opt/ros/jazzy/opt/gz_fuel_tools_vendor:/opt/ros/jazzy/opt/gz_msgs_vendor:/opt/ros/jazzy/opt/gz_common_vendor:/opt/ros/jazzy/opt/gz_math_vendor:/opt/ros/jazzy/opt/gz_utils_vendor:/opt/ros/jazzy/opt/gz_tools_vendor:/opt/ros/jazzy/opt/gz_ogre_next_vendor:/opt/ros/jazzy/opt/gz_dartsim_vendor:/opt/ros/jazzy/opt/gz_cmake_vendor:/home/amrl-linux24-04/ros2_ben/install/yolo_ros:/home/amrl-linux24-04/ros2_ben/install/igusgus:/opt/ros/jazzy DEBUGINFOD_URLS=https://debuginfod.ubuntu.com LD_LIBRARY_PATH=/home/amrl-linux24-04/ros2_ben/install/realsense2_camera_msgs/lib:/home/amrl-linux24-04/ros2_ben/install/yolo_msgs/lib:/home/amrl-linux24-04/ros2_ben/install/realsense2_camera/lib:/home/amrl-linux24-04/ros2_ben/install/igus_rebel/lib:/home/amrl-linux24-04/ros2_ben/install/igus_rebel_msgs/lib:/opt/ros/jazzy/opt/gz_sim_vendor/lib:/opt/ros/jazzy/opt/gz_sensors_vendor/lib:/opt/ros/jazzy/opt/gz_physics_vendor/lib:/opt/ros/jazzy/opt/sdformat_vendor/lib:/opt/ros/jazzy/opt/rviz_ogre_vendor/lib:/opt/ros/jazzy/lib/x86_64-linux-gnu:/opt/ros/jazzy/opt/gz_gui_vendor/lib:/opt/ros/jazzy/opt/gz_transport_vendor/lib:/opt/ros/jazzy/opt/gz_rendering_vendor/lib:/opt/ros/jazzy/opt/gz_plugin_vendor/lib:/opt/ros/jazzy/opt/gz_fuel_tools_vendor/lib:/opt/ros/jazzy/opt/gz_msgs_vendor/lib:/opt/ros/jazzy/opt/gz_common_vendor/lib:/opt/ros/jazzy/opt/gz_math_vendor/lib:/opt/ros/jazzy/opt/gz_utils_vendor/lib:/opt/ros/jazzy/opt/gz_tools_vendor/lib:/opt/ros/jazzy/opt/gz_ogre_next_vendor/lib:/opt/ros/jazzy/opt/gz_dartsim_vendor/lib:/opt/ros/jazzy/opt/gz_cmake_vendor/lib:/opt/ros/jazzy/lib PYTHONPATH=/home/amrl-linux24-04/ros2_ben/install/realsense2_camera_msgs/lib/python3.12/site-packages:/home/amrl-linux24-04/ros2_ben/build/yolo_ros:/home/amrl-linux24-04/ros2_ben/build/igusgus:/home/amrl-linux24-04/ros2_ben/install/yolo_ros/lib/python3.12/site-packages:/home/amrl-linux24-04/ros2_ben/install/yolo_msgs/lib/python3.12/site-packages:/home/amrl-linux24-04/ros2_ben/install/igusgus/lib/python3.12/site-packages:/home/amrl-linux24-04/ros2_ben/install/igus_rebel_msgs/lib/python3.12/site-packages:/opt/ros/jazzy/lib/python3.12/site-packages /usr/bin/cmake --install /home/amrl-linux24-04/ros2_ben/build/realsense2_camera
[53.935s] -- Install configuration: "Release"
[53.936s] -- Execute custom install script
[53.936s] -- Symlinking: /home/amrl-linux24-04/ros2_ben/install/realsense2_camera/share/realsense2_camera/config/global_settings.yaml
[53.943s] -- Symlinking: /home/amrl-linux24-04/ros2_ben/install/realsense2_camera/lib/realsense2_camera/realsense2_camera_node
[53.951s] -- Symlinking: /home/amrl-linux24-04/ros2_ben/install/realsense2_camera/lib/librealsense2_camera.so
[53.958s] -- Symlinking: /home/amrl-linux24-04/ros2_ben/install/realsense2_camera/include/align_depth_filter.h
[53.964s] -- Symlinking: /home/amrl-linux24-04/ros2_ben/install/realsense2_camera/include/base_realsense_node.h
[53.972s] -- Symlinking: /home/amrl-linux24-04/ros2_ben/install/realsense2_camera/include/constants.h
[53.980s] -- Symlinking: /home/amrl-linux24-04/ros2_ben/install/realsense2_camera/include/dynamic_params.h
[53.985s] -- Symlinking: /home/amrl-linux24-04/ros2_ben/install/realsense2_camera/include/gl_window.h
[53.992s] -- Symlinking: /home/amrl-linux24-04/ros2_ben/install/realsense2_camera/include/image_publisher.h
[53.997s] -- Symlinking: /home/amrl-linux24-04/ros2_ben/install/realsense2_camera/include/named_filter.h
[54.005s] -- Symlinking: /home/amrl-linux24-04/ros2_ben/install/realsense2_camera/include/pointcloud_filter.h
[54.012s] -- Symlinking: /home/amrl-linux24-04/ros2_ben/install/realsense2_camera/include/profile_manager.h
[54.017s] -- Symlinking: /home/amrl-linux24-04/ros2_ben/install/realsense2_camera/include/realsense_node_factory.h
[54.025s] -- Symlinking: /home/amrl-linux24-04/ros2_ben/install/realsense2_camera/include/ros_node_base.h
[54.031s] -- Symlinking: /home/amrl-linux24-04/ros2_ben/install/realsense2_camera/include/ros_param_backend.h
[54.037s] -- Symlinking: /home/amrl-linux24-04/ros2_ben/install/realsense2_camera/include/ros_sensor.h
[54.042s] -- Symlinking: /home/amrl-linux24-04/ros2_ben/install/realsense2_camera/include/ros_utils.h
[54.050s] -- Symlinking: /home/amrl-linux24-04/ros2_ben/install/realsense2_camera/include/sensor_params.h
[54.057s] -- Symlinking: /home/amrl-linux24-04/ros2_ben/install/realsense2_camera/share/realsense2_camera/launch/default.rviz
[54.064s] -- Symlinking: /home/amrl-linux24-04/ros2_ben/install/realsense2_camera/share/realsense2_camera/launch/rs_intra_process_demo_launch.py
[54.072s] -- Symlinking: /home/amrl-linux24-04/ros2_ben/install/realsense2_camera/share/realsense2_camera/launch/rs_launch.py
[54.080s] -- Symlinking: /home/amrl-linux24-04/ros2_ben/install/realsense2_camera/share/realsense2_camera/launch/rs_multi_camera_launch.py
[54.087s] -- Symlinking: /home/amrl-linux24-04/ros2_ben/install/realsense2_camera/share/realsense2_camera/launch/rs_multi_camera_launch_sync.py
[54.093s] -- Symlinking: /home/amrl-linux24-04/ros2_ben/install/realsense2_camera/share/realsense2_camera/examples/align_depth/README.md
[54.098s] -- Symlinking: /home/amrl-linux24-04/ros2_ben/install/realsense2_camera/share/realsense2_camera/examples/align_depth/rs_align_depth_launch.py
[54.105s] -- Symlinking: /home/amrl-linux24-04/ros2_ben/install/realsense2_camera/share/realsense2_camera/examples/d500_tables/calib_config_example.json
[54.111s] -- Symlinking: /home/amrl-linux24-04/ros2_ben/install/realsense2_camera/share/realsense2_camera/examples/dual_camera/README.md
[54.119s] -- Symlinking: /home/amrl-linux24-04/ros2_ben/install/realsense2_camera/share/realsense2_camera/examples/dual_camera/rs_dual_camera_launch.py
[54.125s] -- Symlinking: /home/amrl-linux24-04/ros2_ben/install/realsense2_camera/share/realsense2_camera/examples/dual_camera/rviz/dual_camera_pointcloud.rviz
[54.132s] -- Symlinking: /home/amrl-linux24-04/ros2_ben/install/realsense2_camera/share/realsense2_camera/examples/launch_from_rosbag/README.md
[54.140s] -- Symlinking: /home/amrl-linux24-04/ros2_ben/install/realsense2_camera/share/realsense2_camera/examples/launch_from_rosbag/rs_launch_from_rosbag.py
[54.146s] -- Symlinking: /home/amrl-linux24-04/ros2_ben/install/realsense2_camera/share/realsense2_camera/examples/launch_params_from_file/README.md
[54.153s] -- Symlinking: /home/amrl-linux24-04/ros2_ben/install/realsense2_camera/share/realsense2_camera/examples/launch_params_from_file/config/config.yaml
[54.159s] -- Symlinking: /home/amrl-linux24-04/ros2_ben/install/realsense2_camera/share/realsense2_camera/examples/launch_params_from_file/rs_launch_get_params_from_yaml.py
[54.166s] -- Symlinking: /home/amrl-linux24-04/ros2_ben/install/realsense2_camera/share/realsense2_camera/examples/pointcloud/README.md
[54.172s] -- Symlinking: /home/amrl-linux24-04/ros2_ben/install/realsense2_camera/share/realsense2_camera/examples/pointcloud/rs_d405_pointcloud_launch.py
[54.179s] -- Symlinking: /home/amrl-linux24-04/ros2_ben/install/realsense2_camera/share/realsense2_camera/examples/pointcloud/rs_d455_pointcloud_launch.py
[54.186s] -- Symlinking: /home/amrl-linux24-04/ros2_ben/install/realsense2_camera/share/realsense2_camera/examples/pointcloud/rs_pointcloud_infra_launch.py
[54.192s] -- Symlinking: /home/amrl-linux24-04/ros2_ben/install/realsense2_camera/share/realsense2_camera/examples/pointcloud/rs_pointcloud_launch.py
[54.198s] -- Symlinking: /home/amrl-linux24-04/ros2_ben/install/realsense2_camera/share/realsense2_camera/examples/pointcloud/rviz/pointcloud.rviz
[54.206s] -- Symlinking: /home/amrl-linux24-04/ros2_ben/install/realsense2_camera/share/realsense2_camera/examples/pointcloud/rviz/urdf_pointcloud.rviz
[54.212s] -- Symlinking: /home/amrl-linux24-04/ros2_ben/install/realsense2_camera/share/realsense2_camera/environment/library_path.sh
[54.218s] -- Symlinking: /home/amrl-linux24-04/ros2_ben/install/realsense2_camera/share/realsense2_camera/environment/library_path.dsv
[54.226s] -- Symlinking: /home/amrl-linux24-04/ros2_ben/install/realsense2_camera/share/ament_index/resource_index/package_run_dependencies/realsense2_camera
[54.232s] -- Symlinking: /home/amrl-linux24-04/ros2_ben/install/realsense2_camera/share/ament_index/resource_index/parent_prefix_path/realsense2_camera
[54.237s] -- Symlinking: /home/amrl-linux24-04/ros2_ben/install/realsense2_camera/share/realsense2_camera/environment/ament_prefix_path.sh
[54.244s] -- Symlinking: /home/amrl-linux24-04/ros2_ben/install/realsense2_camera/share/realsense2_camera/environment/ament_prefix_path.dsv
[54.251s] -- Symlinking: /home/amrl-linux24-04/ros2_ben/install/realsense2_camera/share/realsense2_camera/environment/path.sh
[54.257s] -- Symlinking: /home/amrl-linux24-04/ros2_ben/install/realsense2_camera/share/realsense2_camera/environment/path.dsv
[54.265s] -- Symlinking: /home/amrl-linux24-04/ros2_ben/install/realsense2_camera/share/realsense2_camera/local_setup.bash
[54.273s] -- Symlinking: /home/amrl-linux24-04/ros2_ben/install/realsense2_camera/share/realsense2_camera/local_setup.sh
[54.281s] -- Symlinking: /home/amrl-linux24-04/ros2_ben/install/realsense2_camera/share/realsense2_camera/local_setup.zsh
[54.287s] -- Symlinking: /home/amrl-linux24-04/ros2_ben/install/realsense2_camera/share/realsense2_camera/local_setup.dsv
[54.293s] -- Symlinking: /home/amrl-linux24-04/ros2_ben/install/realsense2_camera/share/realsense2_camera/package.dsv
[54.299s] -- Symlinking: /home/amrl-linux24-04/ros2_ben/install/realsense2_camera/share/ament_index/resource_index/packages/realsense2_camera
[54.305s] -- Symlinking: /home/amrl-linux24-04/ros2_ben/install/realsense2_camera/share/ament_index/resource_index/rclcpp_components/realsense2_camera
[54.313s] -- Symlinking: /home/amrl-linux24-04/ros2_ben/install/realsense2_camera/share/realsense2_camera/cmake/ament_cmake_export_include_directories-extras.cmake
[54.320s] -- Symlinking: /home/amrl-linux24-04/ros2_ben/install/realsense2_camera/share/realsense2_camera/cmake/ament_cmake_export_libraries-extras.cmake
[54.326s] -- Symlinking: /home/amrl-linux24-04/ros2_ben/install/realsense2_camera/share/realsense2_camera/cmake/ament_cmake_export_dependencies-extras.cmake
[54.332s] -- Symlinking: /home/amrl-linux24-04/ros2_ben/install/realsense2_camera/share/realsense2_camera/cmake/realsense2_cameraConfig.cmake
[54.337s] -- Symlinking: /home/amrl-linux24-04/ros2_ben/install/realsense2_camera/share/realsense2_camera/cmake/realsense2_cameraConfig-version.cmake
[54.344s] -- Symlinking: /home/amrl-linux24-04/ros2_ben/install/realsense2_camera/share/realsense2_camera/package.xml
[54.353s] Invoked command in '/home/amrl-linux24-04/ros2_ben/build/realsense2_camera' returned '0': CMAKE_PREFIX_PATH=/home/amrl-linux24-04/ros2_ben/install/realsense2_camera_msgs:/home/amrl-linux24-04/ros2_ben/install/yolo_bringup:/home/amrl-linux24-04/ros2_ben/install/yolo_msgs:/home/amrl-linux24-04/ros2_ben/install/realsense2_description:/home/amrl-linux24-04/ros2_ben/install/realsense2_camera:/home/amrl-linux24-04/ros2_ben/install/igus_rebel:/home/amrl-linux24-04/ros2_ben/install/igus_rebel_msgs:/home/amrl-linux24-04/ros2_ben/install/igus_rebel_moveit_config:/home/amrl-linux24-04/ros2_ben/install/igus_rebel_description:/opt/ros/jazzy/opt/gz_sim_vendor:/opt/ros/jazzy/opt/gz_sensors_vendor:/opt/ros/jazzy/opt/gz_physics_vendor:/opt/ros/jazzy/opt/sdformat_vendor:/opt/ros/jazzy/opt/gz_gui_vendor:/opt/ros/jazzy/opt/gz_transport_vendor:/opt/ros/jazzy/opt/gz_rendering_vendor:/opt/ros/jazzy/opt/gz_plugin_vendor:/opt/ros/jazzy/opt/gz_fuel_tools_vendor:/opt/ros/jazzy/opt/gz_msgs_vendor:/opt/ros/jazzy/opt/gz_common_vendor:/opt/ros/jazzy/opt/gz_math_vendor:/opt/ros/jazzy/opt/gz_utils_vendor:/opt/ros/jazzy/opt/gz_tools_vendor:/opt/ros/jazzy/opt/gz_ogre_next_vendor:/opt/ros/jazzy/opt/gz_dartsim_vendor:/opt/ros/jazzy/opt/gz_cmake_vendor:/home/amrl-linux24-04/ros2_ben/install/yolo_ros:/home/amrl-linux24-04/ros2_ben/install/igusgus:/opt/ros/jazzy DEBUGINFOD_URLS=https://debuginfod.ubuntu.com LD_LIBRARY_PATH=/home/amrl-linux24-04/ros2_ben/install/realsense2_camera_msgs/lib:/home/amrl-linux24-04/ros2_ben/install/yolo_msgs/lib:/home/amrl-linux24-04/ros2_ben/install/realsense2_camera/lib:/home/amrl-linux24-04/ros2_ben/install/igus_rebel/lib:/home/amrl-linux24-04/ros2_ben/install/igus_rebel_msgs/lib:/opt/ros/jazzy/opt/gz_sim_vendor/lib:/opt/ros/jazzy/opt/gz_sensors_vendor/lib:/opt/ros/jazzy/opt/gz_physics_vendor/lib:/opt/ros/jazzy/opt/sdformat_vendor/lib:/opt/ros/jazzy/opt/rviz_ogre_vendor/lib:/opt/ros/jazzy/lib/x86_64-linux-gnu:/opt/ros/jazzy/opt/gz_gui_vendor/lib:/opt/ros/jazzy/opt/gz_transport_vendor/lib:/opt/ros/jazzy/opt/gz_rendering_vendor/lib:/opt/ros/jazzy/opt/gz_plugin_vendor/lib:/opt/ros/jazzy/opt/gz_fuel_tools_vendor/lib:/opt/ros/jazzy/opt/gz_msgs_vendor/lib:/opt/ros/jazzy/opt/gz_common_vendor/lib:/opt/ros/jazzy/opt/gz_math_vendor/lib:/opt/ros/jazzy/opt/gz_utils_vendor/lib:/opt/ros/jazzy/opt/gz_tools_vendor/lib:/opt/ros/jazzy/opt/gz_ogre_next_vendor/lib:/opt/ros/jazzy/opt/gz_dartsim_vendor/lib:/opt/ros/jazzy/opt/gz_cmake_vendor/lib:/opt/ros/jazzy/lib PYTHONPATH=/home/amrl-linux24-04/ros2_ben/install/realsense2_camera_msgs/lib/python3.12/site-packages:/home/amrl-linux24-04/ros2_ben/build/yolo_ros:/home/amrl-linux24-04/ros2_ben/build/igusgus:/home/amrl-linux24-04/ros2_ben/install/yolo_ros/lib/python3.12/site-packages:/home/amrl-linux24-04/ros2_ben/install/yolo_msgs/lib/python3.12/site-packages:/home/amrl-linux24-04/ros2_ben/install/igusgus/lib/python3.12/site-packages:/home/amrl-linux24-04/ros2_ben/install/igus_rebel_msgs/lib/python3.12/site-packages:/opt/ros/jazzy/lib/python3.12/site-packages /usr/bin/cmake --install /home/amrl-linux24-04/ros2_ben/build/realsense2_camera
