running egg_info
creating ../../../build/yolo_ros/yolo_ros.egg-info
writing ../../../build/yolo_ros/yolo_ros.egg-info/PKG-INFO
writing dependency_links to ../../../build/yolo_ros/yolo_ros.egg-info/dependency_links.txt
writing entry points to ../../../build/yolo_ros/yolo_ros.egg-info/entry_points.txt
writing requirements to ../../../build/yolo_ros/yolo_ros.egg-info/requires.txt
writing top-level names to ../../../build/yolo_ros/yolo_ros.egg-info/top_level.txt
writing manifest file '../../../build/yolo_ros/yolo_ros.egg-info/SOURCES.txt'
reading manifest file '../../../build/yolo_ros/yolo_ros.egg-info/SOURCES.txt'
writing manifest file '../../../build/yolo_ros/yolo_ros.egg-info/SOURCES.txt'
running build
running build_py
creating /home/amrl-linux24-04/ros2_ben/build/yolo_ros/build
creating /home/amrl-linux24-04/ros2_ben/build/yolo_ros/build/lib
creating /home/amrl-linux24-04/ros2_ben/build/yolo_ros/build/lib/yolo_ros
copying yolo_ros/__init__.py -> /home/amrl-linux24-04/ros2_ben/build/yolo_ros/build/lib/yolo_ros
copying yolo_ros/detect_3d_node.py -> /home/amrl-linux24-04/ros2_ben/build/yolo_ros/build/lib/yolo_ros
copying yolo_ros/debug_node.py -> /home/amrl-linux24-04/ros2_ben/build/yolo_ros/build/lib/yolo_ros
copying yolo_ros/tracking_node.py -> /home/amrl-linux24-04/ros2_ben/build/yolo_ros/build/lib/yolo_ros
copying yolo_ros/yolo_node.py -> /home/amrl-linux24-04/ros2_ben/build/yolo_ros/build/lib/yolo_ros
running install
running install_lib
creating /home/amrl-linux24-04/ros2_ben/install/yolo_ros/lib/python3.12/site-packages/yolo_ros
copying /home/amrl-linux24-04/ros2_ben/build/yolo_ros/build/lib/yolo_ros/__init__.py -> /home/amrl-linux24-04/ros2_ben/install/yolo_ros/lib/python3.12/site-packages/yolo_ros
copying /home/amrl-linux24-04/ros2_ben/build/yolo_ros/build/lib/yolo_ros/detect_3d_node.py -> /home/amrl-linux24-04/ros2_ben/install/yolo_ros/lib/python3.12/site-packages/yolo_ros
copying /home/amrl-linux24-04/ros2_ben/build/yolo_ros/build/lib/yolo_ros/debug_node.py -> /home/amrl-linux24-04/ros2_ben/install/yolo_ros/lib/python3.12/site-packages/yolo_ros
copying /home/amrl-linux24-04/ros2_ben/build/yolo_ros/build/lib/yolo_ros/tracking_node.py -> /home/amrl-linux24-04/ros2_ben/install/yolo_ros/lib/python3.12/site-packages/yolo_ros
copying /home/amrl-linux24-04/ros2_ben/build/yolo_ros/build/lib/yolo_ros/yolo_node.py -> /home/amrl-linux24-04/ros2_ben/install/yolo_ros/lib/python3.12/site-packages/yolo_ros
byte-compiling /home/amrl-linux24-04/ros2_ben/install/yolo_ros/lib/python3.12/site-packages/yolo_ros/__init__.py to __init__.cpython-312.pyc
byte-compiling /home/amrl-linux24-04/ros2_ben/install/yolo_ros/lib/python3.12/site-packages/yolo_ros/detect_3d_node.py to detect_3d_node.cpython-312.pyc
byte-compiling /home/amrl-linux24-04/ros2_ben/install/yolo_ros/lib/python3.12/site-packages/yolo_ros/debug_node.py to debug_node.cpython-312.pyc
byte-compiling /home/amrl-linux24-04/ros2_ben/install/yolo_ros/lib/python3.12/site-packages/yolo_ros/tracking_node.py to tracking_node.cpython-312.pyc
byte-compiling /home/amrl-linux24-04/ros2_ben/install/yolo_ros/lib/python3.12/site-packages/yolo_ros/yolo_node.py to yolo_node.cpython-312.pyc
running install_data
creating /home/amrl-linux24-04/ros2_ben/install/yolo_ros/share/ament_index
creating /home/amrl-linux24-04/ros2_ben/install/yolo_ros/share/ament_index/resource_index
creating /home/amrl-linux24-04/ros2_ben/install/yolo_ros/share/ament_index/resource_index/packages
copying resource/yolo_ros -> /home/amrl-linux24-04/ros2_ben/install/yolo_ros/share/ament_index/resource_index/packages
copying package.xml -> /home/amrl-linux24-04/ros2_ben/install/yolo_ros/share/yolo_ros
running install_egg_info
Copying ../../../build/yolo_ros/yolo_ros.egg-info to /home/amrl-linux24-04/ros2_ben/install/yolo_ros/lib/python3.12/site-packages/yolo_ros-0.0.0-py3.12.egg-info
running install_scripts
Installing debug_node script to /home/amrl-linux24-04/ros2_ben/install/yolo_ros/lib/yolo_ros
Installing detect_3d_node script to /home/amrl-linux24-04/ros2_ben/install/yolo_ros/lib/yolo_ros
Installing tracking_node script to /home/amrl-linux24-04/ros2_ben/install/yolo_ros/lib/yolo_ros
Installing yolo_node script to /home/amrl-linux24-04/ros2_ben/install/yolo_ros/lib/yolo_ros
writing list of installed files to '/home/amrl-linux24-04/ros2_ben/build/yolo_ros/install.log'
