[0.026s] Invoking command in '/home/amrl-linux24-04/ros2_ben/build/yolo_msgs': CMAKE_PREFIX_PATH=${CMAKE_PREFIX_PATH}:/home/amrl-linux24-04/ros2_ben/install/yolo_ros:/home/amrl-linux24-04/ros2_ben/install/igusgus_launch:/opt/ros/jazzy DEBUGINFOD_URLS=https://debuginfod.ubuntu.com /usr/bin/cmake --build /home/amrl-linux24-04/ros2_ben/build/yolo_msgs -- -j22 -l22
[0.121s] [  0%] Built target yolo_msgs__rosidl_generator_type_description
[0.140s] [  0%] Built target ament_cmake_python_copy_yolo_msgs
[0.151s] [  0%] Built target yolo_msgs__cpp
[0.163s] [ 26%] Built target yolo_msgs__rosidl_generator_c
[0.208s] [ 37%] Built target yolo_msgs__rosidl_typesupport_introspection_c
[0.208s] [ 46%] Built target yolo_msgs__rosidl_typesupport_cpp
[0.210s] [ 55%] Built target yolo_msgs__rosidl_typesupport_fastrtps_c
[0.212s] [ 73%] Built target yolo_msgs__rosidl_typesupport_fastrtps_cpp
[0.213s] [ 75%] Built target yolo_msgs__rosidl_typesupport_c
[0.215s] [ 85%] Built target yolo_msgs__rosidl_typesupport_introspection_cpp
[0.249s] [ 85%] Built target yolo_msgs
[0.286s] [ 86%] Built target yolo_msgs__py
[0.328s] [ 96%] Built target yolo_msgs__rosidl_generator_py
[0.360s] [ 97%] Built target yolo_msgs_s__rosidl_typesupport_fastrtps_c
[0.361s] [ 99%] Built target yolo_msgs_s__rosidl_typesupport_introspection_c
[0.363s] [100%] Built target yolo_msgs_s__rosidl_typesupport_c
[0.409s] running egg_info
[0.430s] writing yolo_msgs.egg-info/PKG-INFO
[0.430s] writing dependency_links to yolo_msgs.egg-info/dependency_links.txt
[0.431s] writing top-level names to yolo_msgs.egg-info/top_level.txt
[0.491s] reading manifest file 'yolo_msgs.egg-info/SOURCES.txt'
[0.492s] writing manifest file 'yolo_msgs.egg-info/SOURCES.txt'
[0.530s] [100%] Built target ament_cmake_python_build_yolo_msgs_egg
