[0.008s] Invoking command in '/home/amrl-linux24-04/ros2_ben/build/orbbec_camera': AMENT_PREFIX_PATH=/home/amrl-linux24-04/ros2_ben/install/orbbec_camera_msgs:${AMENT_PREFIX_PATH} CMAKE_PREFIX_PATH=/home/amrl-linux24-04/ros2_ben/install/orbbec_camera_msgs:/home/amrl-linux24-04/ros2_ben/install/igus_rebel:/home/amrl-linux24-04/ros2_ben/install/igus_rebel_msgs:/home/amrl-linux24-04/ros2_ben/install/igus_rebel_moveit_config:/home/amrl-linux24-04/ros2_ben/install/igus_rebel_description:/opt/ros/jazzy/opt/gz_sim_vendor:/opt/ros/jazzy/opt/gz_sensors_vendor:/opt/ros/jazzy/opt/gz_physics_vendor:/opt/ros/jazzy/opt/sdformat_vendor:/opt/ros/jazzy/opt/gz_gui_vendor:/opt/ros/jazzy/opt/gz_transport_vendor:/opt/ros/jazzy/opt/gz_rendering_vendor:/opt/ros/jazzy/opt/gz_plugin_vendor:/opt/ros/jazzy/opt/gz_fuel_tools_vendor:/opt/ros/jazzy/opt/gz_msgs_vendor:/opt/ros/jazzy/opt/gz_common_vendor:/opt/ros/jazzy/opt/gz_math_vendor:/opt/ros/jazzy/opt/gz_utils_vendor:/opt/ros/jazzy/opt/gz_tools_vendor:/opt/ros/jazzy/opt/gz_ogre_next_vendor:/opt/ros/jazzy/opt/gz_dartsim_vendor:/opt/ros/jazzy/opt/gz_cmake_vendor:/opt/ros/jazzy DEBUGINFOD_URLS=https://debuginfod.ubuntu.com LD_LIBRARY_PATH=/home/amrl-linux24-04/ros2_ben/install/orbbec_camera_msgs/lib:${LD_LIBRARY_PATH} PYTHONPATH=/home/amrl-linux24-04/ros2_ben/install/orbbec_camera_msgs/lib/python3.12/site-packages:${PYTHONPATH} /usr/bin/cmake /home/amrl-linux24-04/ros2_ben/src/OrbbecSDK_ROS2/orbbec_camera -DCMAKE_INSTALL_PREFIX=/home/amrl-linux24-04/ros2_ben/install/orbbec_camera
[0.052s] -- The C compiler identification is GNU 13.3.0
[0.092s] -- The CXX compiler identification is GNU 13.3.0
[0.103s] -- Detecting C compiler ABI info
[0.177s] -- Detecting C compiler ABI info - done
[0.184s] -- Check for working C compiler: /usr/bin/cc - skipped
[0.185s] -- Detecting C compile features
[0.185s] -- Detecting C compile features - done
[0.194s] -- Detecting CXX compiler ABI info
[0.275s] -- Detecting CXX compiler ABI info - done
[0.283s] -- Check for working CXX compiler: /usr/bin/c++ - skipped
[0.283s] -- Detecting CXX compile features
[0.283s] -- Detecting CXX compile features - done
[0.286s] -- Found ament_cmake: 2.5.4 (/opt/ros/jazzy/share/ament_cmake/cmake)
[0.386s] -- Found Python3: /usr/bin/python3 (found version "3.12.3") found components: Interpreter 
[0.463s] -- Found ament_index_cpp: 1.8.1 (/opt/ros/jazzy/share/ament_index_cpp/cmake)
[0.470s] -- Found builtin_interfaces: 2.0.3 (/opt/ros/jazzy/share/builtin_interfaces/cmake)
[0.497s] -- Found rosidl_generator_c: 4.6.6 (/opt/ros/jazzy/share/rosidl_generator_c/cmake)
[0.507s] -- Found rosidl_generator_cpp: 4.6.6 (/opt/ros/jazzy/share/rosidl_generator_cpp/cmake)
[0.519s] -- Using all available rosidl_typesupport_c: rosidl_typesupport_fastrtps_c;rosidl_typesupport_introspection_c
[0.532s] -- Using all available rosidl_typesupport_cpp: rosidl_typesupport_fastrtps_cpp;rosidl_typesupport_introspection_cpp
[0.545s] -- Found cv_bridge: 4.1.0 (/opt/ros/jazzy/share/cv_bridge/cmake)
[0.643s] -- Found rmw_implementation_cmake: 7.3.2 (/opt/ros/jazzy/share/rmw_implementation_cmake/cmake)
[0.646s] -- Found rmw_fastrtps_cpp: 8.4.3 (/opt/ros/jazzy/share/rmw_fastrtps_cpp/cmake)
[0.735s] -- Found OpenSSL: /usr/lib/x86_64-linux-gnu/libcrypto.so (found version "3.0.13")  
[0.752s] -- Found FastRTPS: /opt/ros/jazzy/include (Required is at least version "2.13") 
[0.773s] -- Using RMW implementation 'rmw_fastrtps_cpp' as default
[0.831s] -- Found camera_info_manager: 5.1.7 (/opt/ros/jazzy/share/camera_info_manager/cmake)
[0.839s] -- Setting yaml-cpp_DIR to: '/opt/ros/jazzy/share/yaml_cpp_vendor/cmake/../../../opt/yaml_cpp_vendor/share/cmake/yaml-cpp'
[0.870s] -- Found image_transport: 5.1.7 (/opt/ros/jazzy/share/image_transport/cmake)
[0.891s] -- Found image_publisher: 5.0.11 (/opt/ros/jazzy/share/image_publisher/cmake)
[0.918s] -- Found OpenCV: /usr (found version "4.6.0") 
[0.918s] -- Found orbbec_camera_msgs: 1.2.2 (/home/amrl-linux24-04/ros2_ben/install/orbbec_camera_msgs/share/orbbec_camera_msgs/cmake)
[0.940s] -- Found std_srvs: 5.3.6 (/opt/ros/jazzy/share/std_srvs/cmake)
[0.953s] -- Found tf2: 0.36.14 (/opt/ros/jazzy/share/tf2/cmake)
[0.958s] -- Found tf2_eigen: 0.36.14 (/opt/ros/jazzy/share/tf2_eigen/cmake)
[1.027s] -- Found tf2_sensor_msgs: 0.36.14 (/opt/ros/jazzy/share/tf2_sensor_msgs/cmake)
[1.030s] -- Performing Test CMAKE_HAVE_LIBC_PTHREAD
[1.110s] -- Performing Test CMAKE_HAVE_LIBC_PTHREAD - Success
[1.112s] -- Found Threads: TRUE  
[1.116s] -- Found diagnostic_updater: 4.2.6 (/opt/ros/jazzy/share/diagnostic_updater/cmake)
[1.147s] -- Found PkgConfig: /usr/bin/pkg-config (found version "1.8.1") 
[1.150s] -- ORRBEC Machine : x86_64
[1.150s] 
[1.150s] -- ORRBEC Machine Bits : 64
[1.150s] 
[1.199s] -- Found ament_lint_auto: 0.17.3 (/opt/ros/jazzy/share/ament_lint_auto/cmake)
[1.256s] -- Configuring done (1.2s)
[1.330s] -- Generating done (0.1s)
[1.343s] -- Build files have been written to: /home/amrl-linux24-04/ros2_ben/build/orbbec_camera
[1.355s] Invoked command in '/home/amrl-linux24-04/ros2_ben/build/orbbec_camera' returned '0': AMENT_PREFIX_PATH=/home/amrl-linux24-04/ros2_ben/install/orbbec_camera_msgs:${AMENT_PREFIX_PATH} CMAKE_PREFIX_PATH=/home/amrl-linux24-04/ros2_ben/install/orbbec_camera_msgs:/home/amrl-linux24-04/ros2_ben/install/igus_rebel:/home/amrl-linux24-04/ros2_ben/install/igus_rebel_msgs:/home/amrl-linux24-04/ros2_ben/install/igus_rebel_moveit_config:/home/amrl-linux24-04/ros2_ben/install/igus_rebel_description:/opt/ros/jazzy/opt/gz_sim_vendor:/opt/ros/jazzy/opt/gz_sensors_vendor:/opt/ros/jazzy/opt/gz_physics_vendor:/opt/ros/jazzy/opt/sdformat_vendor:/opt/ros/jazzy/opt/gz_gui_vendor:/opt/ros/jazzy/opt/gz_transport_vendor:/opt/ros/jazzy/opt/gz_rendering_vendor:/opt/ros/jazzy/opt/gz_plugin_vendor:/opt/ros/jazzy/opt/gz_fuel_tools_vendor:/opt/ros/jazzy/opt/gz_msgs_vendor:/opt/ros/jazzy/opt/gz_common_vendor:/opt/ros/jazzy/opt/gz_math_vendor:/opt/ros/jazzy/opt/gz_utils_vendor:/opt/ros/jazzy/opt/gz_tools_vendor:/opt/ros/jazzy/opt/gz_ogre_next_vendor:/opt/ros/jazzy/opt/gz_dartsim_vendor:/opt/ros/jazzy/opt/gz_cmake_vendor:/opt/ros/jazzy DEBUGINFOD_URLS=https://debuginfod.ubuntu.com LD_LIBRARY_PATH=/home/amrl-linux24-04/ros2_ben/install/orbbec_camera_msgs/lib:${LD_LIBRARY_PATH} PYTHONPATH=/home/amrl-linux24-04/ros2_ben/install/orbbec_camera_msgs/lib/python3.12/site-packages:${PYTHONPATH} /usr/bin/cmake /home/amrl-linux24-04/ros2_ben/src/OrbbecSDK_ROS2/orbbec_camera -DCMAKE_INSTALL_PREFIX=/home/amrl-linux24-04/ros2_ben/install/orbbec_camera
[1.355s] Invoking command in '/home/amrl-linux24-04/ros2_ben/build/orbbec_camera': AMENT_PREFIX_PATH=/home/amrl-linux24-04/ros2_ben/install/orbbec_camera_msgs:${AMENT_PREFIX_PATH} CMAKE_PREFIX_PATH=/home/amrl-linux24-04/ros2_ben/install/orbbec_camera_msgs:/home/amrl-linux24-04/ros2_ben/install/igus_rebel:/home/amrl-linux24-04/ros2_ben/install/igus_rebel_msgs:/home/amrl-linux24-04/ros2_ben/install/igus_rebel_moveit_config:/home/amrl-linux24-04/ros2_ben/install/igus_rebel_description:/opt/ros/jazzy/opt/gz_sim_vendor:/opt/ros/jazzy/opt/gz_sensors_vendor:/opt/ros/jazzy/opt/gz_physics_vendor:/opt/ros/jazzy/opt/sdformat_vendor:/opt/ros/jazzy/opt/gz_gui_vendor:/opt/ros/jazzy/opt/gz_transport_vendor:/opt/ros/jazzy/opt/gz_rendering_vendor:/opt/ros/jazzy/opt/gz_plugin_vendor:/opt/ros/jazzy/opt/gz_fuel_tools_vendor:/opt/ros/jazzy/opt/gz_msgs_vendor:/opt/ros/jazzy/opt/gz_common_vendor:/opt/ros/jazzy/opt/gz_math_vendor:/opt/ros/jazzy/opt/gz_utils_vendor:/opt/ros/jazzy/opt/gz_tools_vendor:/opt/ros/jazzy/opt/gz_ogre_next_vendor:/opt/ros/jazzy/opt/gz_dartsim_vendor:/opt/ros/jazzy/opt/gz_cmake_vendor:/opt/ros/jazzy DEBUGINFOD_URLS=https://debuginfod.ubuntu.com LD_LIBRARY_PATH=/home/amrl-linux24-04/ros2_ben/install/orbbec_camera_msgs/lib:${LD_LIBRARY_PATH} PYTHONPATH=/home/amrl-linux24-04/ros2_ben/install/orbbec_camera_msgs/lib/python3.12/site-packages:${PYTHONPATH} /usr/bin/cmake --build /home/amrl-linux24-04/ros2_ben/build/orbbec_camera -- -j22 -l22
[1.401s] [  4%] [32mBuilding CXX object CMakeFiles/orbbec_camera.dir/src/d2c_viewer.cpp.o[0m
[1.401s] [  8%] [32mBuilding CXX object CMakeFiles/orbbec_camera.dir/src/dynamic_params.cpp.o[0m
[1.402s] [ 12%] [32mBuilding CXX object CMakeFiles/orbbec_camera.dir/src/jpeg_decoder.cpp.o[0m
[1.403s] [ 16%] [32mBuilding CXX object CMakeFiles/orbbec_camera.dir/src/ros_service.cpp.o[0m
[1.403s] [ 20%] [32mBuilding CXX object CMakeFiles/orbbec_camera.dir/src/utils.cpp.o[0m
[1.403s] [ 24%] [32mBuilding CXX object CMakeFiles/frame_latency_node.dir/rclcpp_components/node_main_frame_latency_node.cpp.o[0m
[1.403s] [ 28%] [32mBuilding CXX object CMakeFiles/orbbec_camera.dir/src/ob_camera_node_driver.cpp.o[0m
[1.403s] [ 32%] [32mBuilding CXX object CMakeFiles/orbbec_camera.dir/src/image_publisher.cpp.o[0m
[1.404s] [ 36%] [32mBuilding CXX object CMakeFiles/orbbec_camera.dir/src/synced_imu_publisher.cpp.o[0m
[1.406s] [ 40%] [32mBuilding CXX object CMakeFiles/orbbec_camera.dir/src/ob_camera_node.cpp.o[0m
[1.406s] [ 44%] [32mBuilding CXX object CMakeFiles/orbbec_camera.dir/src/ros_param_backend.cpp.o[0m
[1.408s] [ 48%] [32mBuilding CXX object CMakeFiles/orbbec_camera_node.dir/rclcpp_components/node_main_orbbec_camera_node.cpp.o[0m
[1.409s] [ 52%] [32mBuilding CXX object CMakeFiles/frame_latency.dir/tools/frame_latency.cpp.o[0m
[4.473s] [ 56%] [32m[1mLinking CXX executable frame_latency_node[0m
[4.641s] [ 56%] Built target frame_latency_node
[6.056s] [ 60%] [32m[1mLinking CXX executable orbbec_camera_node[0m
[6.204s] [ 60%] Built target orbbec_camera_node
[43.335s] [ 64%] [32m[1mLinking CXX shared library liborbbec_camera.so[0m
[43.816s] [ 64%] Built target orbbec_camera
[43.841s] [ 68%] [32mBuilding CXX object CMakeFiles/list_depth_work_mode_node.dir/tools/list_depth_work_mode.cpp.o[0m
[43.842s] [ 72%] [32mBuilding CXX object CMakeFiles/list_camera_profile_mode_node.dir/tools/list_camera_profile.cpp.o[0m
[43.843s] [ 76%] [32mBuilding CXX object CMakeFiles/list_devices_node.dir/tools/list_devices_node.cpp.o[0m
[43.844s] [ 80%] [32mBuilding CXX object CMakeFiles/topic_statistics_node.dir/tools/topic_statistics.cpp.o[0m
[44.929s] [ 84%] [32m[1mLinking CXX shared library libframe_latency.so[0m
[45.416s] [ 84%] Built target frame_latency
[57.824s] [ 88%] [32m[1mLinking CXX executable list_depth_work_mode_node[0m
[58.155s] [ 88%] Built target list_depth_work_mode_node
[58.328s] [ 92%] [32m[1mLinking CXX executable list_devices_node[0m
[58.735s] [ 96%] [32m[1mLinking CXX executable list_camera_profile_mode_node[0m
[59.202s] [ 96%] Built target list_devices_node
[59.497s] [ 96%] Built target list_camera_profile_mode_node
[61.021s] [100%] [32m[1mLinking CXX executable topic_statistics_node[0m
[61.228s] [100%] Built target topic_statistics_node
[61.239s] Invoked command in '/home/amrl-linux24-04/ros2_ben/build/orbbec_camera' returned '0': AMENT_PREFIX_PATH=/home/amrl-linux24-04/ros2_ben/install/orbbec_camera_msgs:${AMENT_PREFIX_PATH} CMAKE_PREFIX_PATH=/home/amrl-linux24-04/ros2_ben/install/orbbec_camera_msgs:/home/amrl-linux24-04/ros2_ben/install/igus_rebel:/home/amrl-linux24-04/ros2_ben/install/igus_rebel_msgs:/home/amrl-linux24-04/ros2_ben/install/igus_rebel_moveit_config:/home/amrl-linux24-04/ros2_ben/install/igus_rebel_description:/opt/ros/jazzy/opt/gz_sim_vendor:/opt/ros/jazzy/opt/gz_sensors_vendor:/opt/ros/jazzy/opt/gz_physics_vendor:/opt/ros/jazzy/opt/sdformat_vendor:/opt/ros/jazzy/opt/gz_gui_vendor:/opt/ros/jazzy/opt/gz_transport_vendor:/opt/ros/jazzy/opt/gz_rendering_vendor:/opt/ros/jazzy/opt/gz_plugin_vendor:/opt/ros/jazzy/opt/gz_fuel_tools_vendor:/opt/ros/jazzy/opt/gz_msgs_vendor:/opt/ros/jazzy/opt/gz_common_vendor:/opt/ros/jazzy/opt/gz_math_vendor:/opt/ros/jazzy/opt/gz_utils_vendor:/opt/ros/jazzy/opt/gz_tools_vendor:/opt/ros/jazzy/opt/gz_ogre_next_vendor:/opt/ros/jazzy/opt/gz_dartsim_vendor:/opt/ros/jazzy/opt/gz_cmake_vendor:/opt/ros/jazzy DEBUGINFOD_URLS=https://debuginfod.ubuntu.com LD_LIBRARY_PATH=/home/amrl-linux24-04/ros2_ben/install/orbbec_camera_msgs/lib:${LD_LIBRARY_PATH} PYTHONPATH=/home/amrl-linux24-04/ros2_ben/install/orbbec_camera_msgs/lib/python3.12/site-packages:${PYTHONPATH} /usr/bin/cmake --build /home/amrl-linux24-04/ros2_ben/build/orbbec_camera -- -j22 -l22
[61.240s] Invoking command in '/home/amrl-linux24-04/ros2_ben/build/orbbec_camera': AMENT_PREFIX_PATH=/home/amrl-linux24-04/ros2_ben/install/orbbec_camera_msgs:${AMENT_PREFIX_PATH} CMAKE_PREFIX_PATH=/home/amrl-linux24-04/ros2_ben/install/orbbec_camera_msgs:/home/amrl-linux24-04/ros2_ben/install/igus_rebel:/home/amrl-linux24-04/ros2_ben/install/igus_rebel_msgs:/home/amrl-linux24-04/ros2_ben/install/igus_rebel_moveit_config:/home/amrl-linux24-04/ros2_ben/install/igus_rebel_description:/opt/ros/jazzy/opt/gz_sim_vendor:/opt/ros/jazzy/opt/gz_sensors_vendor:/opt/ros/jazzy/opt/gz_physics_vendor:/opt/ros/jazzy/opt/sdformat_vendor:/opt/ros/jazzy/opt/gz_gui_vendor:/opt/ros/jazzy/opt/gz_transport_vendor:/opt/ros/jazzy/opt/gz_rendering_vendor:/opt/ros/jazzy/opt/gz_plugin_vendor:/opt/ros/jazzy/opt/gz_fuel_tools_vendor:/opt/ros/jazzy/opt/gz_msgs_vendor:/opt/ros/jazzy/opt/gz_common_vendor:/opt/ros/jazzy/opt/gz_math_vendor:/opt/ros/jazzy/opt/gz_utils_vendor:/opt/ros/jazzy/opt/gz_tools_vendor:/opt/ros/jazzy/opt/gz_ogre_next_vendor:/opt/ros/jazzy/opt/gz_dartsim_vendor:/opt/ros/jazzy/opt/gz_cmake_vendor:/opt/ros/jazzy DEBUGINFOD_URLS=https://debuginfod.ubuntu.com LD_LIBRARY_PATH=/home/amrl-linux24-04/ros2_ben/install/orbbec_camera_msgs/lib:${LD_LIBRARY_PATH} PYTHONPATH=/home/amrl-linux24-04/ros2_ben/install/orbbec_camera_msgs/lib/python3.12/site-packages:${PYTHONPATH} /usr/bin/cmake --install /home/amrl-linux24-04/ros2_ben/build/orbbec_camera
[61.250s] -- Install configuration: "Release"
[61.250s] -- Installing: /home/amrl-linux24-04/ros2_ben/install/orbbec_camera/lib/orbbec_camera/orbbec_camera_node
[61.250s] -- Set non-toolchain portion of runtime path of "/home/amrl-linux24-04/ros2_ben/install/orbbec_camera/lib/orbbec_camera/orbbec_camera_node" to ":/home/amrl-linux24-04/ros2_ben/src/OrbbecSDK_ROS2/orbbec_camera/SDK/lib/x64"
[61.250s] -- Installing: /home/amrl-linux24-04/ros2_ben/install/orbbec_camera/lib/orbbec_camera/frame_latency_node
[61.251s] -- Set non-toolchain portion of runtime path of "/home/amrl-linux24-04/ros2_ben/install/orbbec_camera/lib/orbbec_camera/frame_latency_node" to ":/home/amrl-linux24-04/ros2_ben/src/OrbbecSDK_ROS2/orbbec_camera/SDK/lib/x64"
[61.251s] -- Installing: /home/amrl-linux24-04/ros2_ben/install/orbbec_camera/lib/liborbbec_camera.so
[61.254s] -- Set non-toolchain portion of runtime path of "/home/amrl-linux24-04/ros2_ben/install/orbbec_camera/lib/liborbbec_camera.so" to ":/home/amrl-linux24-04/ros2_ben/src/OrbbecSDK_ROS2/orbbec_camera/SDK/lib/x64"
[61.254s] -- Installing: /home/amrl-linux24-04/ros2_ben/install/orbbec_camera/lib/libframe_latency.so
[61.256s] -- Set non-toolchain portion of runtime path of "/home/amrl-linux24-04/ros2_ben/install/orbbec_camera/lib/libframe_latency.so" to ":/home/amrl-linux24-04/ros2_ben/src/OrbbecSDK_ROS2/orbbec_camera/SDK/lib/x64"
[61.256s] -- Installing: /home/amrl-linux24-04/ros2_ben/install/orbbec_camera/include
[61.256s] -- Installing: /home/amrl-linux24-04/ros2_ben/install/orbbec_camera/include/orbbec_camera
[61.256s] -- Installing: /home/amrl-linux24-04/ros2_ben/install/orbbec_camera/include/orbbec_camera/dynamic_params.h
[61.257s] -- Installing: /home/amrl-linux24-04/ros2_ben/install/orbbec_camera/include/orbbec_camera/ros_param_backend.h
[61.257s] -- Installing: /home/amrl-linux24-04/ros2_ben/install/orbbec_camera/include/orbbec_camera/jpeg_decoder.h
[61.257s] -- Installing: /home/amrl-linux24-04/ros2_ben/install/orbbec_camera/include/orbbec_camera/image_publisher.h
[61.257s] -- Installing: /home/amrl-linux24-04/ros2_ben/install/orbbec_camera/include/orbbec_camera/synced_imu_publisher.h
[61.257s] -- Installing: /home/amrl-linux24-04/ros2_ben/install/orbbec_camera/include/orbbec_camera/ob_camera_node.h
[61.257s] -- Installing: /home/amrl-linux24-04/ros2_ben/install/orbbec_camera/include/orbbec_camera/constants.h
[61.257s] -- Installing: /home/amrl-linux24-04/ros2_ben/install/orbbec_camera/include/orbbec_camera/ob_camera_node_driver.h
[61.257s] -- Installing: /home/amrl-linux24-04/ros2_ben/install/orbbec_camera/include/orbbec_camera/rk_mpp_decoder.h
[61.257s] -- Installing: /home/amrl-linux24-04/ros2_ben/install/orbbec_camera/include/orbbec_camera/jetson_nv_decoder.h
[61.257s] -- Installing: /home/amrl-linux24-04/ros2_ben/install/orbbec_camera/include/orbbec_camera/utils.h
[61.257s] -- Installing: /home/amrl-linux24-04/ros2_ben/install/orbbec_camera/include/orbbec_camera/d2c_viewer.h
[61.258s] -- Installing: /home/amrl-linux24-04/ros2_ben/install/orbbec_camera/include/magic_enum
[61.258s] -- Installing: /home/amrl-linux24-04/ros2_ben/install/orbbec_camera/include/magic_enum/magic_enum.hpp
[61.258s] -- Installing: /home/amrl-linux24-04/ros2_ben/install/orbbec_camera/share/orbbec_camera//launch
[61.258s] -- Installing: /home/amrl-linux24-04/ros2_ben/install/orbbec_camera/share/orbbec_camera//launch/dabai_dcw2.launch.py
[61.258s] -- Installing: /home/amrl-linux24-04/ros2_ben/install/orbbec_camera/share/orbbec_camera//launch/gemini_e_lite.launch.py
[61.258s] -- Installing: /home/amrl-linux24-04/ros2_ben/install/orbbec_camera/share/orbbec_camera//launch/dabai_pro.launch.py
[61.258s] -- Installing: /home/amrl-linux24-04/ros2_ben/install/orbbec_camera/share/orbbec_camera//launch/gemini_ew.launch.py
[61.258s] -- Installing: /home/amrl-linux24-04/ros2_ben/install/orbbec_camera/share/orbbec_camera//launch/deeya.launch.py
[61.258s] -- Installing: /home/amrl-linux24-04/ros2_ben/install/orbbec_camera/share/orbbec_camera//launch/astra_stereo_u3.launch.py
[61.258s] -- Installing: /home/amrl-linux24-04/ros2_ben/install/orbbec_camera/share/orbbec_camera//launch/multi_camera_synced.launch.py
[61.258s] -- Installing: /home/amrl-linux24-04/ros2_ben/install/orbbec_camera/share/orbbec_camera//launch/dabai_dw.launch.py
[61.258s] -- Installing: /home/amrl-linux24-04/ros2_ben/install/orbbec_camera/share/orbbec_camera//launch/gemini_uw.launch.py
[61.258s] -- Installing: /home/amrl-linux24-04/ros2_ben/install/orbbec_camera/share/orbbec_camera//launch/gemini_ew_lite.launch.py
[61.259s] -- Installing: /home/amrl-linux24-04/ros2_ben/install/orbbec_camera/share/orbbec_camera//launch/ob_camera.launch.py
[61.259s] -- Installing: /home/amrl-linux24-04/ros2_ben/install/orbbec_camera/share/orbbec_camera//launch/gemini2VL.launch.py
[61.259s] -- Installing: /home/amrl-linux24-04/ros2_ben/install/orbbec_camera/share/orbbec_camera//launch/dabai_max_pro.launch.py
[61.259s] -- Installing: /home/amrl-linux24-04/ros2_ben/install/orbbec_camera/share/orbbec_camera//launch/astra.launch.py
[61.259s] -- Installing: /home/amrl-linux24-04/ros2_ben/install/orbbec_camera/share/orbbec_camera//launch/dabai_d1.launch.py
[61.259s] -- Installing: /home/amrl-linux24-04/ros2_ben/install/orbbec_camera/share/orbbec_camera//launch/astra_adv.launch.py
[61.259s] -- Installing: /home/amrl-linux24-04/ros2_ben/install/orbbec_camera/share/orbbec_camera//launch/femto_bolt.launch.py
[61.259s] -- Installing: /home/amrl-linux24-04/ros2_ben/install/orbbec_camera/share/orbbec_camera//launch/dabai_max.launch.py
[61.259s] -- Installing: /home/amrl-linux24-04/ros2_ben/install/orbbec_camera/share/orbbec_camera//launch/femto.launch.py
[61.259s] -- Installing: /home/amrl-linux24-04/ros2_ben/install/orbbec_camera/share/orbbec_camera//launch/astra_pro2.launch.py
[61.259s] -- Installing: /home/amrl-linux24-04/ros2_ben/install/orbbec_camera/share/orbbec_camera//launch/multi_camera.launch.py
[61.260s] -- Installing: /home/amrl-linux24-04/ros2_ben/install/orbbec_camera/share/orbbec_camera//launch/dabai_dcw.launch.py
[61.260s] -- Installing: /home/amrl-linux24-04/ros2_ben/install/orbbec_camera/share/orbbec_camera//launch/gemini_330_series.launch.py
[61.260s] -- Installing: /home/amrl-linux24-04/ros2_ben/install/orbbec_camera/share/orbbec_camera//launch/astra2.launch.py
[61.260s] -- Installing: /home/amrl-linux24-04/ros2_ben/install/orbbec_camera/share/orbbec_camera//launch/gemini2XL.launch.py
[61.260s] -- Installing: /home/amrl-linux24-04/ros2_ben/install/orbbec_camera/share/orbbec_camera//launch/femto_mega.launch.py
[61.260s] -- Installing: /home/amrl-linux24-04/ros2_ben/install/orbbec_camera/share/orbbec_camera//launch/gemini_intra_process_demo_launch.py
[61.261s] -- Installing: /home/amrl-linux24-04/ros2_ben/install/orbbec_camera/share/orbbec_camera//launch/gemini2L.launch.py
[61.261s] -- Installing: /home/amrl-linux24-04/ros2_ben/install/orbbec_camera/share/orbbec_camera//launch/femto_net_camera.launch.py
[61.261s] -- Installing: /home/amrl-linux24-04/ros2_ben/install/orbbec_camera/share/orbbec_camera//launch/multi_net_camera.launch.py
[61.261s] -- Installing: /home/amrl-linux24-04/ros2_ben/install/orbbec_camera/share/orbbec_camera//launch/dabai_dcl.py
[61.261s] -- Installing: /home/amrl-linux24-04/ros2_ben/install/orbbec_camera/share/orbbec_camera//launch/gemini_e.launch.py
[61.261s] -- Installing: /home/amrl-linux24-04/ros2_ben/install/orbbec_camera/share/orbbec_camera//launch/dabai.launch.py
[61.261s] -- Installing: /home/amrl-linux24-04/ros2_ben/install/orbbec_camera/share/orbbec_camera//launch/gemini2.launch.py
[61.261s] -- Installing: /home/amrl-linux24-04/ros2_ben/install/orbbec_camera/share/orbbec_camera//launch/astra_embedded_s.launch.py
[61.262s] -- Installing: /home/amrl-linux24-04/ros2_ben/install/orbbec_camera/share/orbbec_camera//launch/dabai_dw2.launch.py
[61.262s] -- Installing: /home/amrl-linux24-04/ros2_ben/install/orbbec_camera/share/orbbec_camera//config
[61.262s] -- Installing: /home/amrl-linux24-04/ros2_ben/install/orbbec_camera/share/orbbec_camera//config/.gitkeep
[61.262s] -- Installing: /home/amrl-linux24-04/ros2_ben/install/orbbec_camera/share/orbbec_camera//config/depthfilter
[61.262s] -- Installing: /home/amrl-linux24-04/ros2_ben/install/orbbec_camera/share/orbbec_camera//config/depthfilter/Openni_device.json
[61.262s] -- Installing: /home/amrl-linux24-04/ros2_ben/install/orbbec_camera/share/orbbec_camera//config/depthfilter/Gemini2_v1.8.json
[61.262s] -- Installing: /home/amrl-linux24-04/ros2_ben/install/orbbec_camera/share/orbbec_camera//config/OrbbecSDKConfig_v1.0.xml
[61.262s] -- Installing: /home/amrl-linux24-04/ros2_ben/install/orbbec_camera/share/orbbec_camera//config/camera_params.yaml
[61.262s] -- Up-to-date: /home/amrl-linux24-04/ros2_ben/install/orbbec_camera/include
[61.262s] -- Installing: /home/amrl-linux24-04/ros2_ben/install/orbbec_camera/include/libobsensor
[61.262s] -- Installing: /home/amrl-linux24-04/ros2_ben/install/orbbec_camera/include/libobsensor/ObSensor.hpp
[61.263s] -- Installing: /home/amrl-linux24-04/ros2_ben/install/orbbec_camera/include/libobsensor/h
[61.263s] -- Installing: /home/amrl-linux24-04/ros2_ben/install/orbbec_camera/include/libobsensor/h/Sensor.h
[61.263s] -- Installing: /home/amrl-linux24-04/ros2_ben/install/orbbec_camera/include/libobsensor/h/Context.h
[61.263s] -- Installing: /home/amrl-linux24-04/ros2_ben/install/orbbec_camera/include/libobsensor/h/RecordPlayback.h
[61.263s] -- Installing: /home/amrl-linux24-04/ros2_ben/install/orbbec_camera/include/libobsensor/h/Frame.h
[61.263s] -- Installing: /home/amrl-linux24-04/ros2_ben/install/orbbec_camera/include/libobsensor/h/Utils.h
[61.263s] -- Installing: /home/amrl-linux24-04/ros2_ben/install/orbbec_camera/include/libobsensor/h/Version.h
[61.263s] -- Installing: /home/amrl-linux24-04/ros2_ben/install/orbbec_camera/include/libobsensor/h/Device.h
[61.263s] -- Installing: /home/amrl-linux24-04/ros2_ben/install/orbbec_camera/include/libobsensor/h/ObTypes.h
[61.263s] -- Installing: /home/amrl-linux24-04/ros2_ben/install/orbbec_camera/include/libobsensor/h/Filter.h
[61.263s] -- Installing: /home/amrl-linux24-04/ros2_ben/install/orbbec_camera/include/libobsensor/h/MultipleDevices.h
[61.263s] -- Installing: /home/amrl-linux24-04/ros2_ben/install/orbbec_camera/include/libobsensor/h/Pipeline.h
[61.264s] -- Installing: /home/amrl-linux24-04/ros2_ben/install/orbbec_camera/include/libobsensor/h/Error.h
[61.264s] -- Installing: /home/amrl-linux24-04/ros2_ben/install/orbbec_camera/include/libobsensor/h/Property.h
[61.264s] -- Installing: /home/amrl-linux24-04/ros2_ben/install/orbbec_camera/include/libobsensor/h/StreamProfile.h
[61.264s] -- Installing: /home/amrl-linux24-04/ros2_ben/install/orbbec_camera/include/libobsensor/ObSensor.h
[61.264s] -- Installing: /home/amrl-linux24-04/ros2_ben/install/orbbec_camera/include/libobsensor/hpp
[61.264s] -- Installing: /home/amrl-linux24-04/ros2_ben/install/orbbec_camera/include/libobsensor/hpp/Utils.hpp
[61.264s] -- Installing: /home/amrl-linux24-04/ros2_ben/install/orbbec_camera/include/libobsensor/hpp/Types.hpp
[61.264s] -- Installing: /home/amrl-linux24-04/ros2_ben/install/orbbec_camera/include/libobsensor/hpp/Filter.hpp
[61.264s] -- Installing: /home/amrl-linux24-04/ros2_ben/install/orbbec_camera/include/libobsensor/hpp/Sensor.hpp
[61.264s] -- Installing: /home/amrl-linux24-04/ros2_ben/install/orbbec_camera/include/libobsensor/hpp/Version.hpp
[61.264s] -- Installing: /home/amrl-linux24-04/ros2_ben/install/orbbec_camera/include/libobsensor/hpp/Error.hpp
[61.264s] -- Installing: /home/amrl-linux24-04/ros2_ben/install/orbbec_camera/include/libobsensor/hpp/RecordPlayback.hpp
[61.264s] -- Installing: /home/amrl-linux24-04/ros2_ben/install/orbbec_camera/include/libobsensor/hpp/StreamProfile.hpp
[61.264s] -- Installing: /home/amrl-linux24-04/ros2_ben/install/orbbec_camera/include/libobsensor/hpp/Device.hpp
[61.264s] -- Installing: /home/amrl-linux24-04/ros2_ben/install/orbbec_camera/include/libobsensor/hpp/Frame.hpp
[61.264s] -- Installing: /home/amrl-linux24-04/ros2_ben/install/orbbec_camera/include/libobsensor/hpp/Pipeline.hpp
[61.265s] -- Installing: /home/amrl-linux24-04/ros2_ben/install/orbbec_camera/include/libobsensor/hpp/Context.hpp
[61.265s] -- Up-to-date: /home/amrl-linux24-04/ros2_ben/install/orbbec_camera/lib/
[61.265s] -- Installing: /home/amrl-linux24-04/ros2_ben/install/orbbec_camera/lib//libob_usb.so
[61.265s] -- Installing: /home/amrl-linux24-04/ros2_ben/install/orbbec_camera/lib//libOrbbecSDK.so
[61.265s] -- Installing: /home/amrl-linux24-04/ros2_ben/install/orbbec_camera/lib//libdepthengine.so
[61.265s] -- Installing: /home/amrl-linux24-04/ros2_ben/install/orbbec_camera/lib//libOrbbecSDK.so.1.10.22
[61.267s] -- Installing: /home/amrl-linux24-04/ros2_ben/install/orbbec_camera/lib//liblive555.so
[61.267s] -- Installing: /home/amrl-linux24-04/ros2_ben/install/orbbec_camera/lib//libOrbbecSDK.so.1.10
[61.267s] -- Installing: /home/amrl-linux24-04/ros2_ben/install/orbbec_camera/lib//libdepthengine.so.2.0
[61.268s] -- Installing: /home/amrl-linux24-04/ros2_ben/install/orbbec_camera/lib/orbbec_camera/list_devices_node
[61.268s] -- Set non-toolchain portion of runtime path of "/home/amrl-linux24-04/ros2_ben/install/orbbec_camera/lib/orbbec_camera/list_devices_node" to ":/home/amrl-linux24-04/ros2_ben/src/OrbbecSDK_ROS2/orbbec_camera/SDK/lib/x64"
[61.268s] -- Installing: /home/amrl-linux24-04/ros2_ben/install/orbbec_camera/lib/orbbec_camera/list_depth_work_mode_node
[61.268s] -- Set non-toolchain portion of runtime path of "/home/amrl-linux24-04/ros2_ben/install/orbbec_camera/lib/orbbec_camera/list_depth_work_mode_node" to ":/home/amrl-linux24-04/ros2_ben/src/OrbbecSDK_ROS2/orbbec_camera/SDK/lib/x64"
[61.268s] -- Installing: /home/amrl-linux24-04/ros2_ben/install/orbbec_camera/lib/orbbec_camera/list_camera_profile_mode_node
[61.268s] -- Set non-toolchain portion of runtime path of "/home/amrl-linux24-04/ros2_ben/install/orbbec_camera/lib/orbbec_camera/list_camera_profile_mode_node" to ":/home/amrl-linux24-04/ros2_ben/src/OrbbecSDK_ROS2/orbbec_camera/SDK/lib/x64"
[61.268s] -- Installing: /home/amrl-linux24-04/ros2_ben/install/orbbec_camera/lib/orbbec_camera/topic_statistics_node
[61.269s] -- Set non-toolchain portion of runtime path of "/home/amrl-linux24-04/ros2_ben/install/orbbec_camera/lib/orbbec_camera/topic_statistics_node" to ":/home/amrl-linux24-04/ros2_ben/src/OrbbecSDK_ROS2/orbbec_camera/SDK/lib/x64"
[61.269s] -- Installing: /home/amrl-linux24-04/ros2_ben/install/orbbec_camera/share/orbbec_camera/environment/library_path.sh
[61.269s] -- Installing: /home/amrl-linux24-04/ros2_ben/install/orbbec_camera/share/orbbec_camera/environment/library_path.dsv
[61.269s] -- Installing: /home/amrl-linux24-04/ros2_ben/install/orbbec_camera/share/ament_index/resource_index/package_run_dependencies/orbbec_camera
[61.269s] -- Installing: /home/amrl-linux24-04/ros2_ben/install/orbbec_camera/share/ament_index/resource_index/parent_prefix_path/orbbec_camera
[61.269s] -- Installing: /home/amrl-linux24-04/ros2_ben/install/orbbec_camera/share/orbbec_camera/environment/ament_prefix_path.sh
[61.270s] -- Installing: /home/amrl-linux24-04/ros2_ben/install/orbbec_camera/share/orbbec_camera/environment/ament_prefix_path.dsv
[61.270s] -- Installing: /home/amrl-linux24-04/ros2_ben/install/orbbec_camera/share/orbbec_camera/environment/path.sh
[61.270s] -- Installing: /home/amrl-linux24-04/ros2_ben/install/orbbec_camera/share/orbbec_camera/environment/path.dsv
[61.270s] -- Installing: /home/amrl-linux24-04/ros2_ben/install/orbbec_camera/share/orbbec_camera/local_setup.bash
[61.270s] -- Installing: /home/amrl-linux24-04/ros2_ben/install/orbbec_camera/share/orbbec_camera/local_setup.sh
[61.270s] -- Installing: /home/amrl-linux24-04/ros2_ben/install/orbbec_camera/share/orbbec_camera/local_setup.zsh
[61.270s] -- Installing: /home/amrl-linux24-04/ros2_ben/install/orbbec_camera/share/orbbec_camera/local_setup.dsv
[61.270s] -- Installing: /home/amrl-linux24-04/ros2_ben/install/orbbec_camera/share/orbbec_camera/package.dsv
[61.270s] -- Installing: /home/amrl-linux24-04/ros2_ben/install/orbbec_camera/share/ament_index/resource_index/packages/orbbec_camera
[61.270s] -- Installing: /home/amrl-linux24-04/ros2_ben/install/orbbec_camera/share/ament_index/resource_index/rclcpp_components/orbbec_camera
[61.270s] -- Installing: /home/amrl-linux24-04/ros2_ben/install/orbbec_camera/share/orbbec_camera/cmake/ament_cmake_export_include_directories-extras.cmake
[61.270s] -- Installing: /home/amrl-linux24-04/ros2_ben/install/orbbec_camera/share/orbbec_camera/cmake/ament_cmake_export_libraries-extras.cmake
[61.270s] -- Installing: /home/amrl-linux24-04/ros2_ben/install/orbbec_camera/share/orbbec_camera/cmake/ament_cmake_export_dependencies-extras.cmake
[61.271s] -- Installing: /home/amrl-linux24-04/ros2_ben/install/orbbec_camera/share/orbbec_camera/cmake/orbbec_cameraConfig.cmake
[61.271s] -- Installing: /home/amrl-linux24-04/ros2_ben/install/orbbec_camera/share/orbbec_camera/cmake/orbbec_cameraConfig-version.cmake
[61.271s] -- Installing: /home/amrl-linux24-04/ros2_ben/install/orbbec_camera/share/orbbec_camera/package.xml
[61.272s] Invoked command in '/home/amrl-linux24-04/ros2_ben/build/orbbec_camera' returned '0': AMENT_PREFIX_PATH=/home/amrl-linux24-04/ros2_ben/install/orbbec_camera_msgs:${AMENT_PREFIX_PATH} CMAKE_PREFIX_PATH=/home/amrl-linux24-04/ros2_ben/install/orbbec_camera_msgs:/home/amrl-linux24-04/ros2_ben/install/igus_rebel:/home/amrl-linux24-04/ros2_ben/install/igus_rebel_msgs:/home/amrl-linux24-04/ros2_ben/install/igus_rebel_moveit_config:/home/amrl-linux24-04/ros2_ben/install/igus_rebel_description:/opt/ros/jazzy/opt/gz_sim_vendor:/opt/ros/jazzy/opt/gz_sensors_vendor:/opt/ros/jazzy/opt/gz_physics_vendor:/opt/ros/jazzy/opt/sdformat_vendor:/opt/ros/jazzy/opt/gz_gui_vendor:/opt/ros/jazzy/opt/gz_transport_vendor:/opt/ros/jazzy/opt/gz_rendering_vendor:/opt/ros/jazzy/opt/gz_plugin_vendor:/opt/ros/jazzy/opt/gz_fuel_tools_vendor:/opt/ros/jazzy/opt/gz_msgs_vendor:/opt/ros/jazzy/opt/gz_common_vendor:/opt/ros/jazzy/opt/gz_math_vendor:/opt/ros/jazzy/opt/gz_utils_vendor:/opt/ros/jazzy/opt/gz_tools_vendor:/opt/ros/jazzy/opt/gz_ogre_next_vendor:/opt/ros/jazzy/opt/gz_dartsim_vendor:/opt/ros/jazzy/opt/gz_cmake_vendor:/opt/ros/jazzy DEBUGINFOD_URLS=https://debuginfod.ubuntu.com LD_LIBRARY_PATH=/home/amrl-linux24-04/ros2_ben/install/orbbec_camera_msgs/lib:${LD_LIBRARY_PATH} PYTHONPATH=/home/amrl-linux24-04/ros2_ben/install/orbbec_camera_msgs/lib/python3.12/site-packages:${PYTHONPATH} /usr/bin/cmake --install /home/amrl-linux24-04/ros2_ben/build/orbbec_camera
