[0.721s] Invoking command in '/home/amrl-linux24-04/ros2_ben/src/igusgus': DEBUGINFOD_URLS=https://debuginfod.ubuntu.com PYTHONPATH=/home/amrl-linux24-04/ros2_ben/build/igusgus/prefix_override:/usr/lib/python3/dist-packages/colcon_core/task/python/colcon_distutils_commands:/home/amrl-linux24-04/ros2_ben/install/igusgus/lib/python3.12/site-packages:${PYTHONPATH} /usr/bin/python3 -W ignore:setup.py install is deprecated -W ignore:easy_install command is deprecated setup.py egg_info --egg-base ../../build/igusgus build --build-base /home/amrl-linux24-04/ros2_ben/build/igusgus/build install --record /home/amrl-linux24-04/ros2_ben/build/igusgus/install.log --single-version-externally-managed install_data
[1.032s] running egg_info
[1.056s] writing ../../build/igusgus/igusgus.egg-info/PKG-INFO
[1.056s] writing dependency_links to ../../build/igusgus/igusgus.egg-info/dependency_links.txt
[1.056s] writing entry points to ../../build/igusgus/igusgus.egg-info/entry_points.txt
[1.056s] writing requirements to ../../build/igusgus/igusgus.egg-info/requires.txt
[1.056s] writing top-level names to ../../build/igusgus/igusgus.egg-info/top_level.txt
[1.103s] reading manifest file '../../build/igusgus/igusgus.egg-info/SOURCES.txt'
[1.104s] adding license file 'LICENSE'
[1.104s] writing manifest file '../../build/igusgus/igusgus.egg-info/SOURCES.txt'
[1.104s] running build
[1.104s] running build_py
[1.105s] running install
[1.112s] running install_lib
[1.138s] running install_data
[1.138s] copying launch/igusgus_launch.py -> /home/amrl-linux24-04/ros2_ben/install/igusgus/share/igusgus/launch
[1.138s] running install_egg_info
[1.164s] removing '/home/amrl-linux24-04/ros2_ben/install/igusgus/lib/python3.12/site-packages/igusgus-0.0.0-py3.12.egg-info' (and everything under it)
[1.164s] Copying ../../build/igusgus/igusgus.egg-info to /home/amrl-linux24-04/ros2_ben/install/igusgus/lib/python3.12/site-packages/igusgus-0.0.0-py3.12.egg-info
[1.165s] running install_scripts
[1.330s] Installing pub_3d script to /home/amrl-linux24-04/ros2_ben/install/igusgus/lib/igusgus
[1.330s] writing list of installed files to '/home/amrl-linux24-04/ros2_ben/build/igusgus/install.log'
[1.365s] Invoked command in '/home/amrl-linux24-04/ros2_ben/src/igusgus' returned '0': DEBUGINFOD_URLS=https://debuginfod.ubuntu.com PYTHONPATH=/home/amrl-linux24-04/ros2_ben/build/igusgus/prefix_override:/usr/lib/python3/dist-packages/colcon_core/task/python/colcon_distutils_commands:/home/amrl-linux24-04/ros2_ben/install/igusgus/lib/python3.12/site-packages:${PYTHONPATH} /usr/bin/python3 -W ignore:setup.py install is deprecated -W ignore:easy_install command is deprecated setup.py egg_info --egg-base ../../build/igusgus build --build-base /home/amrl-linux24-04/ros2_ben/build/igusgus/build install --record /home/amrl-linux24-04/ros2_ben/build/igusgus/install.log --single-version-externally-managed install_data
