[0.009s] Invoking command in '/home/amrl-linux24-04/ros2_ben/build/igus_rebel_moveit_config': CMAKE_PREFIX_PATH=/home/amrl-linux24-04/ros2_ben/install/igus_rebel_description:/home/amrl-linux24-04/ros2_ben/install/yolo_bringup:/home/amrl-linux24-04/ros2_ben/install/yolo_msgs:/home/amrl-linux24-04/ros2_ben/install/realsense2_description:/home/amrl-linux24-04/ros2_ben/install/realsense2_camera:/home/amrl-linux24-04/ros2_ben/install/realsense2_camera_msgs:/home/amrl-linux24-04/ros2_ben/install/orbbec_description:/home/amrl-linux24-04/ros2_ben/install/orbbec_camera:/home/amrl-linux24-04/ros2_ben/install/orbbec_camera_msgs:/home/amrl-linux24-04/ros2_ben/install/igus_rebel:/home/amrl-linux24-04/ros2_ben/install/igus_rebel_msgs:/home/amrl-linux24-04/ros2_ben/install/igus_rebel_moveit_config:/opt/ros/jazzy/opt/gz_sim_vendor:/opt/ros/jazzy/opt/gz_sensors_vendor:/opt/ros/jazzy/opt/gz_physics_vendor:/opt/ros/jazzy/opt/sdformat_vendor:/opt/ros/jazzy/opt/gz_gui_vendor:/opt/ros/jazzy/opt/gz_transport_vendor:/opt/ros/jazzy/opt/gz_rendering_vendor:/opt/ros/jazzy/opt/gz_plugin_vendor:/opt/ros/jazzy/opt/gz_fuel_tools_vendor:/opt/ros/jazzy/opt/gz_msgs_vendor:/opt/ros/jazzy/opt/gz_common_vendor:/opt/ros/jazzy/opt/gz_math_vendor:/opt/ros/jazzy/opt/gz_utils_vendor:/opt/ros/jazzy/opt/gz_tools_vendor:/opt/ros/jazzy/opt/gz_ogre_next_vendor:/opt/ros/jazzy/opt/gz_dartsim_vendor:/opt/ros/jazzy/opt/gz_cmake_vendor:/home/amrl-linux24-04/ros2_ben/install/yolo_ros:/home/amrl-linux24-04/ros2_ben/install/igusgus_launch:/opt/ros/jazzy DEBUGINFOD_URLS=https://debuginfod.ubuntu.com /usr/bin/cmake /home/amrl-linux24-04/ros2_ben/src/igus_rebel_ros2/igus_rebel_moveit_config -DCMAKE_INSTALL_PREFIX=/home/amrl-linux24-04/ros2_ben/install/igus_rebel_moveit_config
[0.062s] -- The C compiler identification is GNU 13.3.0
[0.115s] -- The CXX compiler identification is GNU 13.3.0
[0.132s] -- Detecting C compiler ABI info
[0.221s] -- Detecting C compiler ABI info - done
[0.226s] -- Check for working C compiler: /usr/bin/cc - skipped
[0.227s] -- Detecting C compile features
[0.227s] -- Detecting C compile features - done
[0.236s] -- Detecting CXX compiler ABI info
[0.314s] -- Detecting CXX compiler ABI info - done
[0.319s] -- Check for working CXX compiler: /usr/bin/c++ - skipped
[0.320s] -- Detecting CXX compile features
[0.320s] -- Detecting CXX compile features - done
[0.322s] -- Found ament_cmake: 2.5.4 (/opt/ros/jazzy/share/ament_cmake/cmake)
[0.435s] -- Found Python3: /usr/bin/python3 (found version "3.12.3") found components: Interpreter 
[0.517s] -- Found rclcpp: 28.1.11 (/opt/ros/jazzy/share/rclcpp/cmake)
[0.550s] -- Found rosidl_generator_c: 4.6.6 (/opt/ros/jazzy/share/rosidl_generator_c/cmake)
[0.563s] -- Found rosidl_generator_cpp: 4.6.6 (/opt/ros/jazzy/share/rosidl_generator_cpp/cmake)
[0.574s] -- Using all available rosidl_typesupport_c: rosidl_typesupport_fastrtps_c;rosidl_typesupport_introspection_c
[0.588s] -- Using all available rosidl_typesupport_cpp: rosidl_typesupport_fastrtps_cpp;rosidl_typesupport_introspection_cpp
[0.644s] -- Found rmw_implementation_cmake: 7.3.2 (/opt/ros/jazzy/share/rmw_implementation_cmake/cmake)
[0.646s] -- Found rmw_fastrtps_cpp: 8.4.3 (/opt/ros/jazzy/share/rmw_fastrtps_cpp/cmake)
[0.728s] -- Found OpenSSL: /usr/lib/x86_64-linux-gnu/libcrypto.so (found version "3.0.13")  
[0.748s] -- Found FastRTPS: /opt/ros/jazzy/include (Required is at least version "2.13") 
[0.772s] -- Using RMW implementation 'rmw_fastrtps_cpp' as default
[0.824s] -- Found moveit_ros_planning_interface: 2.12.3 (/opt/ros/jazzy/share/moveit_ros_planning_interface/cmake)
[0.918s] -- Found Boost: /usr/lib/x86_64-linux-gnu/cmake/Boost-1.83.0/BoostConfig.cmake (found version "1.83.0") found components: date_time filesystem program_options system thread 
[1.122s] -- Found Boost: /usr/lib/x86_64-linux-gnu/cmake/Boost-1.83.0/BoostConfig.cmake (found version "1.83.0") found components: chrono date_time filesystem iostreams program_options regex serialization system thread 
[1.168s] -- Found parameter_traits: 0.5.0 (/opt/ros/jazzy/share/parameter_traits/cmake)
[1.179s] -- Found rclcpp_lifecycle: 28.1.11 (/opt/ros/jazzy/share/rclcpp_lifecycle/cmake)
[1.206s] -- Found Boost: /usr/lib/x86_64-linux-gnu/cmake/Boost-1.83.0/BoostConfig.cmake (found version "1.83.0") found components: filesystem 
[1.251s] -- Found Eigen3: TRUE (found version "3.4.0") 
[1.251s] -- Ensuring Eigen3 include directory is part of orocos-kdl CMake target
[1.371s] -- Found Boost: /usr/lib/x86_64-linux-gnu/cmake/Boost-1.83.0/BoostConfig.cmake (found version "1.83.0") found components: system filesystem date_time program_options thread chrono 
[1.407s] -- Found Boost: /usr/lib/x86_64-linux-gnu/cmake/Boost-1.83.0/BoostConfig.cmake (found version "1.83.0") found components: thread system filesystem regex date_time program_options 
[1.427s] -- Found Boost: /usr/lib/x86_64-linux-gnu/cmake/Boost-1.83.0/BoostConfig.cmake (found version "1.83.0") found components: system filesystem date_time program_options thread 
[1.516s] -- Configuring done (1.5s)
[1.520s] -- Generating done (0.0s)
[1.521s] -- Build files have been written to: /home/amrl-linux24-04/ros2_ben/build/igus_rebel_moveit_config
[1.533s] Invoked command in '/home/amrl-linux24-04/ros2_ben/build/igus_rebel_moveit_config' returned '0': CMAKE_PREFIX_PATH=/home/amrl-linux24-04/ros2_ben/install/igus_rebel_description:/home/amrl-linux24-04/ros2_ben/install/yolo_bringup:/home/amrl-linux24-04/ros2_ben/install/yolo_msgs:/home/amrl-linux24-04/ros2_ben/install/realsense2_description:/home/amrl-linux24-04/ros2_ben/install/realsense2_camera:/home/amrl-linux24-04/ros2_ben/install/realsense2_camera_msgs:/home/amrl-linux24-04/ros2_ben/install/orbbec_description:/home/amrl-linux24-04/ros2_ben/install/orbbec_camera:/home/amrl-linux24-04/ros2_ben/install/orbbec_camera_msgs:/home/amrl-linux24-04/ros2_ben/install/igus_rebel:/home/amrl-linux24-04/ros2_ben/install/igus_rebel_msgs:/home/amrl-linux24-04/ros2_ben/install/igus_rebel_moveit_config:/opt/ros/jazzy/opt/gz_sim_vendor:/opt/ros/jazzy/opt/gz_sensors_vendor:/opt/ros/jazzy/opt/gz_physics_vendor:/opt/ros/jazzy/opt/sdformat_vendor:/opt/ros/jazzy/opt/gz_gui_vendor:/opt/ros/jazzy/opt/gz_transport_vendor:/opt/ros/jazzy/opt/gz_rendering_vendor:/opt/ros/jazzy/opt/gz_plugin_vendor:/opt/ros/jazzy/opt/gz_fuel_tools_vendor:/opt/ros/jazzy/opt/gz_msgs_vendor:/opt/ros/jazzy/opt/gz_common_vendor:/opt/ros/jazzy/opt/gz_math_vendor:/opt/ros/jazzy/opt/gz_utils_vendor:/opt/ros/jazzy/opt/gz_tools_vendor:/opt/ros/jazzy/opt/gz_ogre_next_vendor:/opt/ros/jazzy/opt/gz_dartsim_vendor:/opt/ros/jazzy/opt/gz_cmake_vendor:/home/amrl-linux24-04/ros2_ben/install/yolo_ros:/home/amrl-linux24-04/ros2_ben/install/igusgus_launch:/opt/ros/jazzy DEBUGINFOD_URLS=https://debuginfod.ubuntu.com /usr/bin/cmake /home/amrl-linux24-04/ros2_ben/src/igus_rebel_ros2/igus_rebel_moveit_config -DCMAKE_INSTALL_PREFIX=/home/amrl-linux24-04/ros2_ben/install/igus_rebel_moveit_config
[1.534s] Invoking command in '/home/amrl-linux24-04/ros2_ben/build/igus_rebel_moveit_config': CMAKE_PREFIX_PATH=/home/amrl-linux24-04/ros2_ben/install/igus_rebel_description:/home/amrl-linux24-04/ros2_ben/install/yolo_bringup:/home/amrl-linux24-04/ros2_ben/install/yolo_msgs:/home/amrl-linux24-04/ros2_ben/install/realsense2_description:/home/amrl-linux24-04/ros2_ben/install/realsense2_camera:/home/amrl-linux24-04/ros2_ben/install/realsense2_camera_msgs:/home/amrl-linux24-04/ros2_ben/install/orbbec_description:/home/amrl-linux24-04/ros2_ben/install/orbbec_camera:/home/amrl-linux24-04/ros2_ben/install/orbbec_camera_msgs:/home/amrl-linux24-04/ros2_ben/install/igus_rebel:/home/amrl-linux24-04/ros2_ben/install/igus_rebel_msgs:/home/amrl-linux24-04/ros2_ben/install/igus_rebel_moveit_config:/opt/ros/jazzy/opt/gz_sim_vendor:/opt/ros/jazzy/opt/gz_sensors_vendor:/opt/ros/jazzy/opt/gz_physics_vendor:/opt/ros/jazzy/opt/sdformat_vendor:/opt/ros/jazzy/opt/gz_gui_vendor:/opt/ros/jazzy/opt/gz_transport_vendor:/opt/ros/jazzy/opt/gz_rendering_vendor:/opt/ros/jazzy/opt/gz_plugin_vendor:/opt/ros/jazzy/opt/gz_fuel_tools_vendor:/opt/ros/jazzy/opt/gz_msgs_vendor:/opt/ros/jazzy/opt/gz_common_vendor:/opt/ros/jazzy/opt/gz_math_vendor:/opt/ros/jazzy/opt/gz_utils_vendor:/opt/ros/jazzy/opt/gz_tools_vendor:/opt/ros/jazzy/opt/gz_ogre_next_vendor:/opt/ros/jazzy/opt/gz_dartsim_vendor:/opt/ros/jazzy/opt/gz_cmake_vendor:/home/amrl-linux24-04/ros2_ben/install/yolo_ros:/home/amrl-linux24-04/ros2_ben/install/igusgus_launch:/opt/ros/jazzy DEBUGINFOD_URLS=https://debuginfod.ubuntu.com /usr/bin/cmake --build /home/amrl-linux24-04/ros2_ben/build/igus_rebel_moveit_config -- -j22 -l22
[1.575s] Invoked command in '/home/amrl-linux24-04/ros2_ben/build/igus_rebel_moveit_config' returned '0': CMAKE_PREFIX_PATH=/home/amrl-linux24-04/ros2_ben/install/igus_rebel_description:/home/amrl-linux24-04/ros2_ben/install/yolo_bringup:/home/amrl-linux24-04/ros2_ben/install/yolo_msgs:/home/amrl-linux24-04/ros2_ben/install/realsense2_description:/home/amrl-linux24-04/ros2_ben/install/realsense2_camera:/home/amrl-linux24-04/ros2_ben/install/realsense2_camera_msgs:/home/amrl-linux24-04/ros2_ben/install/orbbec_description:/home/amrl-linux24-04/ros2_ben/install/orbbec_camera:/home/amrl-linux24-04/ros2_ben/install/orbbec_camera_msgs:/home/amrl-linux24-04/ros2_ben/install/igus_rebel:/home/amrl-linux24-04/ros2_ben/install/igus_rebel_msgs:/home/amrl-linux24-04/ros2_ben/install/igus_rebel_moveit_config:/opt/ros/jazzy/opt/gz_sim_vendor:/opt/ros/jazzy/opt/gz_sensors_vendor:/opt/ros/jazzy/opt/gz_physics_vendor:/opt/ros/jazzy/opt/sdformat_vendor:/opt/ros/jazzy/opt/gz_gui_vendor:/opt/ros/jazzy/opt/gz_transport_vendor:/opt/ros/jazzy/opt/gz_rendering_vendor:/opt/ros/jazzy/opt/gz_plugin_vendor:/opt/ros/jazzy/opt/gz_fuel_tools_vendor:/opt/ros/jazzy/opt/gz_msgs_vendor:/opt/ros/jazzy/opt/gz_common_vendor:/opt/ros/jazzy/opt/gz_math_vendor:/opt/ros/jazzy/opt/gz_utils_vendor:/opt/ros/jazzy/opt/gz_tools_vendor:/opt/ros/jazzy/opt/gz_ogre_next_vendor:/opt/ros/jazzy/opt/gz_dartsim_vendor:/opt/ros/jazzy/opt/gz_cmake_vendor:/home/amrl-linux24-04/ros2_ben/install/yolo_ros:/home/amrl-linux24-04/ros2_ben/install/igusgus_launch:/opt/ros/jazzy DEBUGINFOD_URLS=https://debuginfod.ubuntu.com /usr/bin/cmake --build /home/amrl-linux24-04/ros2_ben/build/igus_rebel_moveit_config -- -j22 -l22
[1.578s] Invoking command in '/home/amrl-linux24-04/ros2_ben/build/igus_rebel_moveit_config': CMAKE_PREFIX_PATH=/home/amrl-linux24-04/ros2_ben/install/igus_rebel_description:/home/amrl-linux24-04/ros2_ben/install/yolo_bringup:/home/amrl-linux24-04/ros2_ben/install/yolo_msgs:/home/amrl-linux24-04/ros2_ben/install/realsense2_description:/home/amrl-linux24-04/ros2_ben/install/realsense2_camera:/home/amrl-linux24-04/ros2_ben/install/realsense2_camera_msgs:/home/amrl-linux24-04/ros2_ben/install/orbbec_description:/home/amrl-linux24-04/ros2_ben/install/orbbec_camera:/home/amrl-linux24-04/ros2_ben/install/orbbec_camera_msgs:/home/amrl-linux24-04/ros2_ben/install/igus_rebel:/home/amrl-linux24-04/ros2_ben/install/igus_rebel_msgs:/home/amrl-linux24-04/ros2_ben/install/igus_rebel_moveit_config:/opt/ros/jazzy/opt/gz_sim_vendor:/opt/ros/jazzy/opt/gz_sensors_vendor:/opt/ros/jazzy/opt/gz_physics_vendor:/opt/ros/jazzy/opt/sdformat_vendor:/opt/ros/jazzy/opt/gz_gui_vendor:/opt/ros/jazzy/opt/gz_transport_vendor:/opt/ros/jazzy/opt/gz_rendering_vendor:/opt/ros/jazzy/opt/gz_plugin_vendor:/opt/ros/jazzy/opt/gz_fuel_tools_vendor:/opt/ros/jazzy/opt/gz_msgs_vendor:/opt/ros/jazzy/opt/gz_common_vendor:/opt/ros/jazzy/opt/gz_math_vendor:/opt/ros/jazzy/opt/gz_utils_vendor:/opt/ros/jazzy/opt/gz_tools_vendor:/opt/ros/jazzy/opt/gz_ogre_next_vendor:/opt/ros/jazzy/opt/gz_dartsim_vendor:/opt/ros/jazzy/opt/gz_cmake_vendor:/home/amrl-linux24-04/ros2_ben/install/yolo_ros:/home/amrl-linux24-04/ros2_ben/install/igusgus_launch:/opt/ros/jazzy DEBUGINFOD_URLS=https://debuginfod.ubuntu.com /usr/bin/cmake --install /home/amrl-linux24-04/ros2_ben/build/igus_rebel_moveit_config
[1.584s] -- Install configuration: ""
[1.584s] -- Installing: /home/amrl-linux24-04/ros2_ben/install/igus_rebel_moveit_config/share/igus_rebel_moveit_config/launch
[1.584s] -- Installing: /home/amrl-linux24-04/ros2_ben/install/igus_rebel_moveit_config/share/igus_rebel_moveit_config/launch/igus_rebel_motion_planner.launch.py
[1.584s] -- Installing: /home/amrl-linux24-04/ros2_ben/install/igus_rebel_moveit_config/share/igus_rebel_moveit_config/launch/igusgus.rviz
[1.584s] -- Installing: /home/amrl-linux24-04/ros2_ben/install/igus_rebel_moveit_config/share/igus_rebel_moveit_config/launch/move_group.launch.py
[1.584s] -- Installing: /home/amrl-linux24-04/ros2_ben/install/igus_rebel_moveit_config/share/igus_rebel_moveit_config/launch/gazebo.launch.py
[1.585s] -- Installing: /home/amrl-linux24-04/ros2_ben/install/igus_rebel_moveit_config/share/igus_rebel_moveit_config/launch/install
[1.585s] -- Installing: /home/amrl-linux24-04/ros2_ben/install/igus_rebel_moveit_config/share/igus_rebel_moveit_config/launch/install/COLCON_IGNORE
[1.585s] -- Installing: /home/amrl-linux24-04/ros2_ben/install/igus_rebel_moveit_config/share/igus_rebel_moveit_config/launch/install/setup.zsh
[1.585s] -- Installing: /home/amrl-linux24-04/ros2_ben/install/igus_rebel_moveit_config/share/igus_rebel_moveit_config/launch/install/_local_setup_util_sh.py
[1.585s] -- Installing: /home/amrl-linux24-04/ros2_ben/install/igus_rebel_moveit_config/share/igus_rebel_moveit_config/launch/install/local_setup.bash
[1.585s] -- Installing: /home/amrl-linux24-04/ros2_ben/install/igus_rebel_moveit_config/share/igus_rebel_moveit_config/launch/install/local_setup.ps1
[1.585s] -- Installing: /home/amrl-linux24-04/ros2_ben/install/igus_rebel_moveit_config/share/igus_rebel_moveit_config/launch/install/local_setup.sh
[1.585s] -- Installing: /home/amrl-linux24-04/ros2_ben/install/igus_rebel_moveit_config/share/igus_rebel_moveit_config/launch/install/setup.ps1
[1.585s] -- Installing: /home/amrl-linux24-04/ros2_ben/install/igus_rebel_moveit_config/share/igus_rebel_moveit_config/launch/install/_local_setup_util_ps1.py
[1.585s] -- Installing: /home/amrl-linux24-04/ros2_ben/install/igus_rebel_moveit_config/share/igus_rebel_moveit_config/launch/install/.colcon_install_layout
[1.585s] -- Installing: /home/amrl-linux24-04/ros2_ben/install/igus_rebel_moveit_config/share/igus_rebel_moveit_config/launch/install/setup.sh
[1.585s] -- Installing: /home/amrl-linux24-04/ros2_ben/install/igus_rebel_moveit_config/share/igus_rebel_moveit_config/launch/install/local_setup.zsh
[1.585s] -- Installing: /home/amrl-linux24-04/ros2_ben/install/igus_rebel_moveit_config/share/igus_rebel_moveit_config/launch/install/setup.bash
[1.585s] -- Installing: /home/amrl-linux24-04/ros2_ben/install/igus_rebel_moveit_config/share/igus_rebel_moveit_config/launch/moveit.rviz
[1.585s] -- Installing: /home/amrl-linux24-04/ros2_ben/install/igus_rebel_moveit_config/share/igus_rebel_moveit_config/launch/build
[1.585s] -- Installing: /home/amrl-linux24-04/ros2_ben/install/igus_rebel_moveit_config/share/igus_rebel_moveit_config/launch/build/COLCON_IGNORE
[1.585s] -- Installing: /home/amrl-linux24-04/ros2_ben/install/igus_rebel_moveit_config/share/igus_rebel_moveit_config/launch/build/.built_by
[1.585s] -- Installing: /home/amrl-linux24-04/ros2_ben/install/igus_rebel_moveit_config/share/igus_rebel_moveit_config/launch/log
[1.585s] -- Installing: /home/amrl-linux24-04/ros2_ben/install/igus_rebel_moveit_config/share/igus_rebel_moveit_config/launch/log/build_2025-09-11_14-48-16
[1.586s] -- Installing: /home/amrl-linux24-04/ros2_ben/install/igus_rebel_moveit_config/share/igus_rebel_moveit_config/launch/log/build_2025-09-11_14-48-16/events.log
[1.586s] -- Installing: /home/amrl-linux24-04/ros2_ben/install/igus_rebel_moveit_config/share/igus_rebel_moveit_config/launch/log/build_2025-09-11_14-48-16/logger_all.log
[1.586s] -- Installing: /home/amrl-linux24-04/ros2_ben/install/igus_rebel_moveit_config/share/igus_rebel_moveit_config/launch/log/COLCON_IGNORE
[1.586s] -- Installing: /home/amrl-linux24-04/ros2_ben/install/igus_rebel_moveit_config/share/igus_rebel_moveit_config/launch/log/latest_build
[1.586s] -- Installing: /home/amrl-linux24-04/ros2_ben/install/igus_rebel_moveit_config/share/igus_rebel_moveit_config/launch/log/latest
[1.586s] -- Installing: /home/amrl-linux24-04/ros2_ben/install/igus_rebel_moveit_config/share/igus_rebel_moveit_config/launch/moveit_rviz.launch.py
[1.586s] -- Installing: /home/amrl-linux24-04/ros2_ben/install/igus_rebel_moveit_config/share/igus_rebel_moveit_config/launch/ros_controllers.launch.py
[1.586s] -- Installing: /home/amrl-linux24-04/ros2_ben/install/igus_rebel_moveit_config/share/igus_rebel_moveit_config/launch/igus_rebel_simulated.launch.py
[1.586s] -- Installing: /home/amrl-linux24-04/ros2_ben/install/igus_rebel_moveit_config/share/igus_rebel_moveit_config/config
[1.586s] -- Installing: /home/amrl-linux24-04/ros2_ben/install/igus_rebel_moveit_config/share/igus_rebel_moveit_config/config/ompl_planning.yaml
[1.586s] -- Installing: /home/amrl-linux24-04/ros2_ben/install/igus_rebel_moveit_config/share/igus_rebel_moveit_config/config/pilz_industrial_motion_planner_planning.yaml
[1.586s] -- Installing: /home/amrl-linux24-04/ros2_ben/install/igus_rebel_moveit_config/share/igus_rebel_moveit_config/config/initial_positions.yaml
[1.586s] -- Installing: /home/amrl-linux24-04/ros2_ben/install/igus_rebel_moveit_config/share/igus_rebel_moveit_config/config/gz_bridge.yaml
[1.586s] -- Installing: /home/amrl-linux24-04/ros2_ben/install/igus_rebel_moveit_config/share/igus_rebel_moveit_config/config/kinematics.yaml
[1.586s] -- Installing: /home/amrl-linux24-04/ros2_ben/install/igus_rebel_moveit_config/share/igus_rebel_moveit_config/config/pilz_cartesian_limits.yaml
[1.586s] -- Installing: /home/amrl-linux24-04/ros2_ben/install/igus_rebel_moveit_config/share/igus_rebel_moveit_config/config/moveit_controllers.yaml
[1.586s] -- Installing: /home/amrl-linux24-04/ros2_ben/install/igus_rebel_moveit_config/share/igus_rebel_moveit_config/config/joint_limits.yaml
[1.586s] -- Installing: /home/amrl-linux24-04/ros2_ben/install/igus_rebel_moveit_config/share/igus_rebel_moveit_config/config/ros_controllers.yaml
[1.586s] -- Installing: /home/amrl-linux24-04/ros2_ben/install/igus_rebel_moveit_config/share/igus_rebel_moveit_config/config/stomp_planning.yaml
[1.586s] -- Installing: /home/amrl-linux24-04/ros2_ben/install/igus_rebel_moveit_config/share/igus_rebel_moveit_config/config/igus_rebel2.srdf
[1.586s] -- Installing: /home/amrl-linux24-04/ros2_ben/install/igus_rebel_moveit_config/share/ament_index/resource_index/package_run_dependencies/igus_rebel_moveit_config
[1.587s] -- Installing: /home/amrl-linux24-04/ros2_ben/install/igus_rebel_moveit_config/share/ament_index/resource_index/parent_prefix_path/igus_rebel_moveit_config
[1.587s] -- Installing: /home/amrl-linux24-04/ros2_ben/install/igus_rebel_moveit_config/share/igus_rebel_moveit_config/environment/ament_prefix_path.sh
[1.587s] -- Installing: /home/amrl-linux24-04/ros2_ben/install/igus_rebel_moveit_config/share/igus_rebel_moveit_config/environment/ament_prefix_path.dsv
[1.587s] -- Installing: /home/amrl-linux24-04/ros2_ben/install/igus_rebel_moveit_config/share/igus_rebel_moveit_config/environment/path.sh
[1.587s] -- Installing: /home/amrl-linux24-04/ros2_ben/install/igus_rebel_moveit_config/share/igus_rebel_moveit_config/environment/path.dsv
[1.587s] -- Installing: /home/amrl-linux24-04/ros2_ben/install/igus_rebel_moveit_config/share/igus_rebel_moveit_config/local_setup.bash
[1.587s] -- Installing: /home/amrl-linux24-04/ros2_ben/install/igus_rebel_moveit_config/share/igus_rebel_moveit_config/local_setup.sh
[1.587s] -- Installing: /home/amrl-linux24-04/ros2_ben/install/igus_rebel_moveit_config/share/igus_rebel_moveit_config/local_setup.zsh
[1.587s] -- Installing: /home/amrl-linux24-04/ros2_ben/install/igus_rebel_moveit_config/share/igus_rebel_moveit_config/local_setup.dsv
[1.587s] -- Installing: /home/amrl-linux24-04/ros2_ben/install/igus_rebel_moveit_config/share/igus_rebel_moveit_config/package.dsv
[1.587s] -- Installing: /home/amrl-linux24-04/ros2_ben/install/igus_rebel_moveit_config/share/ament_index/resource_index/packages/igus_rebel_moveit_config
[1.587s] -- Installing: /home/amrl-linux24-04/ros2_ben/install/igus_rebel_moveit_config/share/igus_rebel_moveit_config/cmake/igus_rebel_moveit_configConfig.cmake
[1.587s] -- Installing: /home/amrl-linux24-04/ros2_ben/install/igus_rebel_moveit_config/share/igus_rebel_moveit_config/cmake/igus_rebel_moveit_configConfig-version.cmake
[1.587s] -- Installing: /home/amrl-linux24-04/ros2_ben/install/igus_rebel_moveit_config/share/igus_rebel_moveit_config/package.xml
[1.587s] Invoked command in '/home/amrl-linux24-04/ros2_ben/build/igus_rebel_moveit_config' returned '0': CMAKE_PREFIX_PATH=/home/amrl-linux24-04/ros2_ben/install/igus_rebel_description:/home/amrl-linux24-04/ros2_ben/install/yolo_bringup:/home/amrl-linux24-04/ros2_ben/install/yolo_msgs:/home/amrl-linux24-04/ros2_ben/install/realsense2_description:/home/amrl-linux24-04/ros2_ben/install/realsense2_camera:/home/amrl-linux24-04/ros2_ben/install/realsense2_camera_msgs:/home/amrl-linux24-04/ros2_ben/install/orbbec_description:/home/amrl-linux24-04/ros2_ben/install/orbbec_camera:/home/amrl-linux24-04/ros2_ben/install/orbbec_camera_msgs:/home/amrl-linux24-04/ros2_ben/install/igus_rebel:/home/amrl-linux24-04/ros2_ben/install/igus_rebel_msgs:/home/amrl-linux24-04/ros2_ben/install/igus_rebel_moveit_config:/opt/ros/jazzy/opt/gz_sim_vendor:/opt/ros/jazzy/opt/gz_sensors_vendor:/opt/ros/jazzy/opt/gz_physics_vendor:/opt/ros/jazzy/opt/sdformat_vendor:/opt/ros/jazzy/opt/gz_gui_vendor:/opt/ros/jazzy/opt/gz_transport_vendor:/opt/ros/jazzy/opt/gz_rendering_vendor:/opt/ros/jazzy/opt/gz_plugin_vendor:/opt/ros/jazzy/opt/gz_fuel_tools_vendor:/opt/ros/jazzy/opt/gz_msgs_vendor:/opt/ros/jazzy/opt/gz_common_vendor:/opt/ros/jazzy/opt/gz_math_vendor:/opt/ros/jazzy/opt/gz_utils_vendor:/opt/ros/jazzy/opt/gz_tools_vendor:/opt/ros/jazzy/opt/gz_ogre_next_vendor:/opt/ros/jazzy/opt/gz_dartsim_vendor:/opt/ros/jazzy/opt/gz_cmake_vendor:/home/amrl-linux24-04/ros2_ben/install/yolo_ros:/home/amrl-linux24-04/ros2_ben/install/igusgus_launch:/opt/ros/jazzy DEBUGINFOD_URLS=https://debuginfod.ubuntu.com /usr/bin/cmake --install /home/amrl-linux24-04/ros2_ben/build/igus_rebel_moveit_config
