[0.011s] Invoking command in '/home/amrl-linux24-04/ros2_ben/build/orbbec_camera_msgs': CMAKE_PREFIX_PATH=${CMAKE_PREFIX_PATH}:/opt/ros/jazzy DEBUGINFOD_URLS=https://debuginfod.ubuntu.com /usr/bin/cmake /home/amrl-linux24-04/ros2_ben/src/OrbbecSDK_ROS2/orbbec_camera_msgs -DCMAKE_INSTALL_PREFIX=/home/amrl-linux24-04/ros2_ben/install/orbbec_camera_msgs
[0.095s] -- The C compiler identification is GNU 13.3.0
[0.173s] -- The CXX compiler identification is GNU 13.3.0
[0.187s] -- Detecting C compiler ABI info
[0.264s] -- Detecting C compiler ABI info - done
[0.275s] -- Check for working C compiler: /usr/bin/cc - skipped
[0.275s] -- Detecting C compile features
[0.276s] -- Detecting C compile features - done
[0.284s] -- Detecting CXX compiler ABI info
[0.367s] -- Detecting CXX compiler ABI info - done
[0.375s] -- Check for working CXX compiler: /usr/bin/c++ - skipped
[0.375s] -- Detecting CXX compile features
[0.375s] -- Detecting CXX compile features - done
[0.379s] -- Found ament_cmake: 2.5.4 (/opt/ros/jazzy/share/ament_cmake/cmake)
[0.499s] -- Found Python3: /usr/bin/python3 (found version "3.12.3") found components: Interpreter 
[0.582s] -- Found rosidl_default_generators: 1.6.0 (/opt/ros/jazzy/share/rosidl_default_generators/cmake)
[0.589s] -- Using all available rosidl_typesupport_c: rosidl_typesupport_fastrtps_c;rosidl_typesupport_introspection_c
[0.631s] -- Using all available rosidl_typesupport_cpp: rosidl_typesupport_fastrtps_cpp;rosidl_typesupport_introspection_cpp
[0.666s] -- Found rosidl_adapter: 4.6.6 (/opt/ros/jazzy/share/rosidl_adapter/cmake)
[0.669s] -- Found sensor_msgs: 5.3.6 (/opt/ros/jazzy/share/sensor_msgs/cmake)
[1.220s] -- Found ament_cmake_ros: 0.12.0 (/opt/ros/jazzy/share/ament_cmake_ros/cmake)
[1.595s] -- Using all available rosidl_typesupport_c: rosidl_typesupport_fastrtps_c;rosidl_typesupport_introspection_c
[2.085s] -- Using all available rosidl_typesupport_cpp: rosidl_typesupport_fastrtps_cpp;rosidl_typesupport_introspection_cpp
[2.092s] -- Found python_cmake_module: 0.11.1 (/opt/ros/jazzy/share/python_cmake_module/cmake)
[2.186s] -- Found PythonExtra: /usr/bin/python3  
[2.472s] -- Found Python3: /usr/bin/python3 (found version "3.12.3") found components: Interpreter Development NumPy Development.Module Development.Embed 
[2.526s] -- Found ament_lint_auto: 0.17.3 (/opt/ros/jazzy/share/ament_lint_auto/cmake)
[2.548s] -- Added test 'copyright' to check source files copyright and LICENSE
[2.549s] -- Added test 'lint_cmake' to check CMake code style
[2.550s] -- Added test 'xmllint' to check XML markup files
[2.552s] -- Configuring done (2.5s)
[2.587s] -- Generating done (0.0s)
[2.594s] -- Build files have been written to: /home/amrl-linux24-04/ros2_ben/build/orbbec_camera_msgs
[2.603s] Invoked command in '/home/amrl-linux24-04/ros2_ben/build/orbbec_camera_msgs' returned '0': CMAKE_PREFIX_PATH=${CMAKE_PREFIX_PATH}:/opt/ros/jazzy DEBUGINFOD_URLS=https://debuginfod.ubuntu.com /usr/bin/cmake /home/amrl-linux24-04/ros2_ben/src/OrbbecSDK_ROS2/orbbec_camera_msgs -DCMAKE_INSTALL_PREFIX=/home/amrl-linux24-04/ros2_ben/install/orbbec_camera_msgs
[2.604s] Invoking command in '/home/amrl-linux24-04/ros2_ben/build/orbbec_camera_msgs': CMAKE_PREFIX_PATH=${CMAKE_PREFIX_PATH}:/opt/ros/jazzy DEBUGINFOD_URLS=https://debuginfod.ubuntu.com /usr/bin/cmake --build /home/amrl-linux24-04/ros2_ben/build/orbbec_camera_msgs -- -j22 -l22
[2.652s] [  1%] [34m[1mGenerating type hashes for ROS interfaces[0m
[2.661s] [  1%] Built target ament_cmake_python_copy_orbbec_camera_msgs
[2.785s] running egg_info
[2.785s] creating orbbec_camera_msgs.egg-info
[2.795s] writing orbbec_camera_msgs.egg-info/PKG-INFO
[2.795s] writing dependency_links to orbbec_camera_msgs.egg-info/dependency_links.txt
[2.795s] writing top-level names to orbbec_camera_msgs.egg-info/top_level.txt
[2.795s] writing manifest file 'orbbec_camera_msgs.egg-info/SOURCES.txt'
[2.824s] reading manifest file 'orbbec_camera_msgs.egg-info/SOURCES.txt'
[2.824s] writing manifest file 'orbbec_camera_msgs.egg-info/SOURCES.txt'
[2.846s] [  1%] Built target ament_cmake_python_build_orbbec_camera_msgs_egg
[2.864s] [  1%] Built target orbbec_camera_msgs__rosidl_generator_type_description
[2.874s] [  2%] [34m[1mGenerating C code for ROS interfaces[0m
[2.882s] [  2%] [34m[1mGenerating C++ code for ROS interfaces[0m
[3.438s] [  2%] Built target orbbec_camera_msgs__cpp
[3.543s] [  6%] [32mBuilding C object CMakeFiles/orbbec_camera_msgs__rosidl_generator_c.dir/rosidl_generator_c/orbbec_camera_msgs/msg/detail/imu_info__description.c.o[0m
[3.543s] [  6%] [32mBuilding C object CMakeFiles/orbbec_camera_msgs__rosidl_generator_c.dir/rosidl_generator_c/orbbec_camera_msgs/msg/detail/extrinsics__type_support.c.o[0m
[3.543s] [  6%] [32mBuilding C object CMakeFiles/orbbec_camera_msgs__rosidl_generator_c.dir/rosidl_generator_c/orbbec_camera_msgs/msg/detail/extrinsics__functions.c.o[0m
[3.543s] [  6%] [32mBuilding C object CMakeFiles/orbbec_camera_msgs__rosidl_generator_c.dir/rosidl_generator_c/orbbec_camera_msgs/msg/detail/device_info__description.c.o[0m
[3.544s] [  6%] [32mBuilding C object CMakeFiles/orbbec_camera_msgs__rosidl_generator_c.dir/rosidl_generator_c/orbbec_camera_msgs/msg/detail/device_info__functions.c.o[0m
[3.544s] [  7%] [32mBuilding C object CMakeFiles/orbbec_camera_msgs__rosidl_generator_c.dir/rosidl_generator_c/orbbec_camera_msgs/msg/detail/device_info__type_support.c.o[0m
[3.545s] [  7%] [32mBuilding C object CMakeFiles/orbbec_camera_msgs__rosidl_generator_c.dir/rosidl_generator_c/orbbec_camera_msgs/msg/detail/extrinsics__description.c.o[0m
[3.545s] [  7%] [32mBuilding C object CMakeFiles/orbbec_camera_msgs__rosidl_generator_c.dir/rosidl_generator_c/orbbec_camera_msgs/msg/detail/imu_info__functions.c.o[0m
[3.545s] [  8%] [32mBuilding C object CMakeFiles/orbbec_camera_msgs__rosidl_generator_c.dir/rosidl_generator_c/orbbec_camera_msgs/msg/detail/metadata__functions.c.o[0m
[3.545s] [  9%] [32mBuilding C object CMakeFiles/orbbec_camera_msgs__rosidl_generator_c.dir/rosidl_generator_c/orbbec_camera_msgs/msg/detail/metadata__type_support.c.o[0m
[3.546s] [  9%] [32mBuilding C object CMakeFiles/orbbec_camera_msgs__rosidl_generator_c.dir/rosidl_generator_c/orbbec_camera_msgs/msg/detail/metadata__description.c.o[0m
[3.546s] [ 10%] [32mBuilding C object CMakeFiles/orbbec_camera_msgs__rosidl_generator_c.dir/rosidl_generator_c/orbbec_camera_msgs/msg/detail/rgbd__description.c.o[0m
[3.546s] [ 11%] [32mBuilding C object CMakeFiles/orbbec_camera_msgs__rosidl_generator_c.dir/rosidl_generator_c/orbbec_camera_msgs/srv/detail/get_bool__type_support.c.o[0m
[3.546s] [ 11%] [32mBuilding C object CMakeFiles/orbbec_camera_msgs__rosidl_generator_c.dir/rosidl_generator_c/orbbec_camera_msgs/msg/detail/rgbd__functions.c.o[0m
[3.546s] [ 12%] [32mBuilding C object CMakeFiles/orbbec_camera_msgs__rosidl_generator_c.dir/rosidl_generator_c/orbbec_camera_msgs/srv/detail/get_device_info__description.c.o[0m
[3.546s] [ 13%] [32mBuilding C object CMakeFiles/orbbec_camera_msgs__rosidl_generator_c.dir/rosidl_generator_c/orbbec_camera_msgs/srv/detail/get_bool__description.c.o[0m
[3.546s] [ 13%] [32mBuilding C object CMakeFiles/orbbec_camera_msgs__rosidl_generator_c.dir/rosidl_generator_c/orbbec_camera_msgs/srv/detail/get_bool__functions.c.o[0m
[3.546s] [ 14%] [32mBuilding C object CMakeFiles/orbbec_camera_msgs__rosidl_generator_c.dir/rosidl_generator_c/orbbec_camera_msgs/msg/detail/imu_info__type_support.c.o[0m
[3.547s] [ 15%] [32mBuilding C object CMakeFiles/orbbec_camera_msgs__rosidl_generator_c.dir/rosidl_generator_c/orbbec_camera_msgs/srv/detail/get_device_info__type_support.c.o[0m
[3.547s] [ 15%] [32mBuilding C object CMakeFiles/orbbec_camera_msgs__rosidl_generator_c.dir/rosidl_generator_c/orbbec_camera_msgs/srv/detail/get_device_info__functions.c.o[0m
[3.549s] [ 16%] [32mBuilding C object CMakeFiles/orbbec_camera_msgs__rosidl_generator_c.dir/rosidl_generator_c/orbbec_camera_msgs/msg/detail/rgbd__type_support.c.o[0m
[3.552s] [ 17%] [32mBuilding C object CMakeFiles/orbbec_camera_msgs__rosidl_generator_c.dir/rosidl_generator_c/orbbec_camera_msgs/srv/detail/get_camera_info__description.c.o[0m
[3.590s] [ 19%] [32mBuilding C object CMakeFiles/orbbec_camera_msgs__rosidl_generator_c.dir/rosidl_generator_c/orbbec_camera_msgs/srv/detail/get_int32__description.c.o[0m
[3.590s] [ 19%] [32mBuilding C object CMakeFiles/orbbec_camera_msgs__rosidl_generator_c.dir/rosidl_generator_c/orbbec_camera_msgs/srv/detail/get_int32__functions.c.o[0m
[3.591s] [ 19%] [32mBuilding C object CMakeFiles/orbbec_camera_msgs__rosidl_generator_c.dir/rosidl_generator_c/orbbec_camera_msgs/srv/detail/get_camera_info__type_support.c.o[0m
[3.594s] [ 20%] [32mBuilding C object CMakeFiles/orbbec_camera_msgs__rosidl_generator_c.dir/rosidl_generator_c/orbbec_camera_msgs/srv/detail/get_camera_info__functions.c.o[0m
[3.595s] [ 20%] [32mBuilding C object CMakeFiles/orbbec_camera_msgs__rosidl_generator_c.dir/rosidl_generator_c/orbbec_camera_msgs/srv/detail/get_int32__type_support.c.o[0m
[3.599s] [ 21%] [32mBuilding C object CMakeFiles/orbbec_camera_msgs__rosidl_generator_c.dir/rosidl_generator_c/orbbec_camera_msgs/srv/detail/get_string__description.c.o[0m
[3.605s] [ 22%] [32mBuilding C object CMakeFiles/orbbec_camera_msgs__rosidl_generator_c.dir/rosidl_generator_c/orbbec_camera_msgs/srv/detail/set_int32__type_support.c.o[0m
[3.605s] [ 23%] [32mBuilding C object CMakeFiles/orbbec_camera_msgs__rosidl_generator_c.dir/rosidl_generator_c/orbbec_camera_msgs/srv/detail/set_int32__description.c.o[0m
[3.605s] [ 24%] [32mBuilding C object CMakeFiles/orbbec_camera_msgs__rosidl_generator_c.dir/rosidl_generator_c/orbbec_camera_msgs/srv/detail/get_string__functions.c.o[0m
[3.605s] [ 25%] [32mBuilding C object CMakeFiles/orbbec_camera_msgs__rosidl_generator_c.dir/rosidl_generator_c/orbbec_camera_msgs/srv/detail/set_int32__functions.c.o[0m
[3.606s] [ 25%] [32mBuilding C object CMakeFiles/orbbec_camera_msgs__rosidl_generator_c.dir/rosidl_generator_c/orbbec_camera_msgs/srv/detail/set_string__description.c.o[0m
[3.607s] [ 25%] [32mBuilding C object CMakeFiles/orbbec_camera_msgs__rosidl_generator_c.dir/rosidl_generator_c/orbbec_camera_msgs/srv/detail/get_string__type_support.c.o[0m
[3.616s] [ 26%] [32mBuilding C object CMakeFiles/orbbec_camera_msgs__rosidl_generator_c.dir/rosidl_generator_c/orbbec_camera_msgs/srv/detail/set_string__functions.c.o[0m
[3.617s] [ 27%] [32mBuilding C object CMakeFiles/orbbec_camera_msgs__rosidl_generator_c.dir/rosidl_generator_c/orbbec_camera_msgs/srv/detail/set_string__type_support.c.o[0m
[3.681s] [ 27%] [32m[1mLinking C shared library liborbbec_camera_msgs__rosidl_generator_c.so[0m
[3.716s] [ 27%] Built target orbbec_camera_msgs__rosidl_generator_c
[3.724s] [ 28%] [34m[1mGenerating C++ type support for eProsima Fast-RTPS[0m
[3.725s] [ 28%] [34m[1mGenerating C++ type support dispatch for ROS interfaces[0m
[3.727s] [ 29%] [34m[1mGenerating C++ introspection for ROS interfaces[0m
[3.727s] [ 29%] [34m[1mGenerating C type support dispatch for ROS interfaces[0m
[3.727s] [ 30%] [34m[1mGenerating C introspection for ROS interfaces[0m
[3.729s] [ 31%] [34m[1mGenerating C type support for eProsima Fast-RTPS[0m
[4.078s] [ 32%] [32mBuilding CXX object CMakeFiles/orbbec_camera_msgs__rosidl_typesupport_c.dir/rosidl_typesupport_c/orbbec_camera_msgs/msg/rgbd__type_support.cpp.o[0m
[4.078s] [ 33%] [32mBuilding CXX object CMakeFiles/orbbec_camera_msgs__rosidl_typesupport_c.dir/rosidl_typesupport_c/orbbec_camera_msgs/msg/device_info__type_support.cpp.o[0m
[4.078s] [ 33%] [32mBuilding CXX object CMakeFiles/orbbec_camera_msgs__rosidl_typesupport_c.dir/rosidl_typesupport_c/orbbec_camera_msgs/msg/extrinsics__type_support.cpp.o[0m
[4.078s] [ 34%] [32mBuilding CXX object CMakeFiles/orbbec_camera_msgs__rosidl_typesupport_c.dir/rosidl_typesupport_c/orbbec_camera_msgs/msg/metadata__type_support.cpp.o[0m
[4.078s] [ 34%] [32mBuilding CXX object CMakeFiles/orbbec_camera_msgs__rosidl_typesupport_c.dir/rosidl_typesupport_c/orbbec_camera_msgs/msg/imu_info__type_support.cpp.o[0m
[4.078s] [ 34%] [32mBuilding CXX object CMakeFiles/orbbec_camera_msgs__rosidl_typesupport_c.dir/rosidl_typesupport_c/orbbec_camera_msgs/srv/get_camera_info__type_support.cpp.o[0m
[4.078s] [ 35%] [32mBuilding CXX object CMakeFiles/orbbec_camera_msgs__rosidl_typesupport_c.dir/rosidl_typesupport_c/orbbec_camera_msgs/srv/get_int32__type_support.cpp.o[0m
[4.079s] [ 35%] [32mBuilding CXX object CMakeFiles/orbbec_camera_msgs__rosidl_typesupport_c.dir/rosidl_typesupport_c/orbbec_camera_msgs/srv/set_int32__type_support.cpp.o[0m
[4.079s] [ 37%] [32mBuilding CXX object CMakeFiles/orbbec_camera_msgs__rosidl_typesupport_c.dir/rosidl_typesupport_c/orbbec_camera_msgs/srv/get_bool__type_support.cpp.o[0m
[4.079s] [ 37%] [32mBuilding CXX object CMakeFiles/orbbec_camera_msgs__rosidl_typesupport_c.dir/rosidl_typesupport_c/orbbec_camera_msgs/srv/get_device_info__type_support.cpp.o[0m
[4.080s] [ 38%] [32mBuilding CXX object CMakeFiles/orbbec_camera_msgs__rosidl_typesupport_c.dir/rosidl_typesupport_c/orbbec_camera_msgs/srv/get_string__type_support.cpp.o[0m
[4.080s] [ 39%] [32mBuilding CXX object CMakeFiles/orbbec_camera_msgs__rosidl_typesupport_c.dir/rosidl_typesupport_c/orbbec_camera_msgs/srv/set_string__type_support.cpp.o[0m
[4.091s] [ 40%] [32mBuilding CXX object CMakeFiles/orbbec_camera_msgs__rosidl_typesupport_cpp.dir/rosidl_typesupport_cpp/orbbec_camera_msgs/msg/device_info__type_support.cpp.o[0m
[4.094s] [ 40%] [32mBuilding CXX object CMakeFiles/orbbec_camera_msgs__rosidl_typesupport_cpp.dir/rosidl_typesupport_cpp/orbbec_camera_msgs/msg/imu_info__type_support.cpp.o[0m
[4.094s] [ 41%] [32mBuilding CXX object CMakeFiles/orbbec_camera_msgs__rosidl_typesupport_cpp.dir/rosidl_typesupport_cpp/orbbec_camera_msgs/msg/metadata__type_support.cpp.o[0m
[4.096s] [ 42%] [32mBuilding CXX object CMakeFiles/orbbec_camera_msgs__rosidl_typesupport_cpp.dir/rosidl_typesupport_cpp/orbbec_camera_msgs/msg/extrinsics__type_support.cpp.o[0m
[4.098s] [ 43%] [32mBuilding CXX object CMakeFiles/orbbec_camera_msgs__rosidl_typesupport_cpp.dir/rosidl_typesupport_cpp/orbbec_camera_msgs/msg/rgbd__type_support.cpp.o[0m
[4.104s] [ 44%] [32mBuilding CXX object CMakeFiles/orbbec_camera_msgs__rosidl_typesupport_cpp.dir/rosidl_typesupport_cpp/orbbec_camera_msgs/srv/get_bool__type_support.cpp.o[0m
[4.139s] [ 46%] [32mBuilding CXX object CMakeFiles/orbbec_camera_msgs__rosidl_typesupport_cpp.dir/rosidl_typesupport_cpp/orbbec_camera_msgs/srv/set_string__type_support.cpp.o[0m
[4.139s] [ 46%] [32mBuilding CXX object CMakeFiles/orbbec_camera_msgs__rosidl_typesupport_cpp.dir/rosidl_typesupport_cpp/orbbec_camera_msgs/srv/get_string__type_support.cpp.o[0m
[4.139s] [ 46%] [32mBuilding CXX object CMakeFiles/orbbec_camera_msgs__rosidl_typesupport_cpp.dir/rosidl_typesupport_cpp/orbbec_camera_msgs/srv/set_int32__type_support.cpp.o[0m
[4.139s] [ 46%] [32mBuilding CXX object CMakeFiles/orbbec_camera_msgs__rosidl_typesupport_cpp.dir/rosidl_typesupport_cpp/orbbec_camera_msgs/srv/get_device_info__type_support.cpp.o[0m
[4.140s] [ 47%] [32mBuilding CXX object CMakeFiles/orbbec_camera_msgs__rosidl_typesupport_cpp.dir/rosidl_typesupport_cpp/orbbec_camera_msgs/srv/get_int32__type_support.cpp.o[0m
[4.142s] [ 48%] [32m[1mLinking CXX shared library liborbbec_camera_msgs__rosidl_typesupport_c.so[0m
[4.142s] [ 49%] [32mBuilding CXX object CMakeFiles/orbbec_camera_msgs__rosidl_typesupport_cpp.dir/rosidl_typesupport_cpp/orbbec_camera_msgs/srv/get_camera_info__type_support.cpp.o[0m
[4.191s] [ 49%] Built target orbbec_camera_msgs__rosidl_typesupport_c
[4.379s] [ 52%] [32mBuilding C object CMakeFiles/orbbec_camera_msgs__rosidl_typesupport_introspection_c.dir/rosidl_typesupport_introspection_c/orbbec_camera_msgs/srv/detail/get_bool__type_support.c.o[0m
[4.379s] [ 52%] [32mBuilding C object CMakeFiles/orbbec_camera_msgs__rosidl_typesupport_introspection_c.dir/rosidl_typesupport_introspection_c/orbbec_camera_msgs/msg/detail/metadata__type_support.c.o[0m
[4.379s] [ 52%] [32mBuilding C object CMakeFiles/orbbec_camera_msgs__rosidl_typesupport_introspection_c.dir/rosidl_typesupport_introspection_c/orbbec_camera_msgs/msg/detail/rgbd__type_support.c.o[0m
[4.379s] [ 52%] [32mBuilding C object CMakeFiles/orbbec_camera_msgs__rosidl_typesupport_introspection_c.dir/rosidl_typesupport_introspection_c/orbbec_camera_msgs/msg/detail/device_info__type_support.c.o[0m
[4.379s] [ 52%] [32mBuilding C object CMakeFiles/orbbec_camera_msgs__rosidl_typesupport_introspection_c.dir/rosidl_typesupport_introspection_c/orbbec_camera_msgs/srv/detail/get_device_info__type_support.c.o[0m
[4.379s] [ 52%] [32mBuilding C object CMakeFiles/orbbec_camera_msgs__rosidl_typesupport_introspection_c.dir/rosidl_typesupport_introspection_c/orbbec_camera_msgs/msg/detail/imu_info__type_support.c.o[0m
[4.380s] [ 53%] [32mBuilding C object CMakeFiles/orbbec_camera_msgs__rosidl_typesupport_introspection_c.dir/rosidl_typesupport_introspection_c/orbbec_camera_msgs/msg/detail/extrinsics__type_support.c.o[0m
[4.393s] [ 54%] [32mBuilding CXX object CMakeFiles/orbbec_camera_msgs__rosidl_typesupport_introspection_cpp.dir/rosidl_typesupport_introspection_cpp/orbbec_camera_msgs/msg/detail/device_info__type_support.cpp.o[0m
[4.427s] [ 56%] [32mBuilding C object CMakeFiles/orbbec_camera_msgs__rosidl_typesupport_introspection_c.dir/rosidl_typesupport_introspection_c/orbbec_camera_msgs/srv/detail/get_camera_info__type_support.c.o[0m
[4.427s] [ 56%] [32mBuilding CXX object CMakeFiles/orbbec_camera_msgs__rosidl_typesupport_introspection_cpp.dir/rosidl_typesupport_introspection_cpp/orbbec_camera_msgs/msg/detail/extrinsics__type_support.cpp.o[0m
[4.427s] [ 56%] [32mBuilding CXX object CMakeFiles/orbbec_camera_msgs__rosidl_typesupport_introspection_cpp.dir/rosidl_typesupport_introspection_cpp/orbbec_camera_msgs/msg/detail/metadata__type_support.cpp.o[0m
[4.429s] [ 57%] [32mBuilding CXX object CMakeFiles/orbbec_camera_msgs__rosidl_typesupport_introspection_cpp.dir/rosidl_typesupport_introspection_cpp/orbbec_camera_msgs/msg/detail/imu_info__type_support.cpp.o[0m
[4.437s] [ 58%] [32mBuilding C object CMakeFiles/orbbec_camera_msgs__rosidl_typesupport_introspection_c.dir/rosidl_typesupport_introspection_c/orbbec_camera_msgs/srv/detail/get_int32__type_support.c.o[0m
[4.447s] [ 59%] [32mBuilding CXX object CMakeFiles/orbbec_camera_msgs__rosidl_typesupport_introspection_cpp.dir/rosidl_typesupport_introspection_cpp/orbbec_camera_msgs/msg/detail/rgbd__type_support.cpp.o[0m
[4.457s] [ 59%] [32mBuilding CXX object CMakeFiles/orbbec_camera_msgs__rosidl_typesupport_introspection_cpp.dir/rosidl_typesupport_introspection_cpp/orbbec_camera_msgs/srv/detail/get_bool__type_support.cpp.o[0m
[4.458s] [ 60%] [32mBuilding C object CMakeFiles/orbbec_camera_msgs__rosidl_typesupport_introspection_c.dir/rosidl_typesupport_introspection_c/orbbec_camera_msgs/srv/detail/get_string__type_support.c.o[0m
[4.498s] [ 61%] [32mBuilding CXX object CMakeFiles/orbbec_camera_msgs__rosidl_typesupport_introspection_cpp.dir/rosidl_typesupport_introspection_cpp/orbbec_camera_msgs/srv/detail/get_device_info__type_support.cpp.o[0m
[4.515s] [ 62%] [32mBuilding CXX object CMakeFiles/orbbec_camera_msgs__rosidl_typesupport_introspection_cpp.dir/rosidl_typesupport_introspection_cpp/orbbec_camera_msgs/srv/detail/get_camera_info__type_support.cpp.o[0m
[4.519s] [ 62%] [32mBuilding C object CMakeFiles/orbbec_camera_msgs__rosidl_typesupport_introspection_c.dir/rosidl_typesupport_introspection_c/orbbec_camera_msgs/srv/detail/set_int32__type_support.c.o[0m
[4.526s] [ 63%] [32mBuilding CXX object CMakeFiles/orbbec_camera_msgs__rosidl_typesupport_introspection_cpp.dir/rosidl_typesupport_introspection_cpp/orbbec_camera_msgs/srv/detail/get_int32__type_support.cpp.o[0m
[4.529s] [ 63%] [32mBuilding CXX object CMakeFiles/orbbec_camera_msgs__rosidl_typesupport_introspection_cpp.dir/rosidl_typesupport_introspection_cpp/orbbec_camera_msgs/srv/detail/get_string__type_support.cpp.o[0m
[4.531s] [ 64%] [32mBuilding CXX object CMakeFiles/orbbec_camera_msgs__rosidl_typesupport_introspection_cpp.dir/rosidl_typesupport_introspection_cpp/orbbec_camera_msgs/srv/detail/set_int32__type_support.cpp.o[0m
[4.539s] [ 65%] [32mBuilding C object CMakeFiles/orbbec_camera_msgs__rosidl_typesupport_introspection_c.dir/rosidl_typesupport_introspection_c/orbbec_camera_msgs/srv/detail/set_string__type_support.c.o[0m
[4.594s] [ 66%] [32mBuilding CXX object CMakeFiles/orbbec_camera_msgs__rosidl_typesupport_introspection_cpp.dir/rosidl_typesupport_introspection_cpp/orbbec_camera_msgs/srv/detail/set_string__type_support.cpp.o[0m
[4.601s] [ 67%] [32m[1mLinking C shared library liborbbec_camera_msgs__rosidl_typesupport_introspection_c.so[0m
[4.654s] [ 67%] Built target orbbec_camera_msgs__rosidl_typesupport_introspection_c
[4.740s] [ 67%] [32m[1mLinking CXX shared library liborbbec_camera_msgs__rosidl_typesupport_cpp.so[0m
[4.765s] [ 67%] [32mBuilding CXX object CMakeFiles/orbbec_camera_msgs__rosidl_typesupport_fastrtps_cpp.dir/rosidl_typesupport_fastrtps_cpp/orbbec_camera_msgs/msg/detail/dds_fastrtps/extrinsics__type_support.cpp.o[0m
[4.765s] [ 69%] [32mBuilding CXX object CMakeFiles/orbbec_camera_msgs__rosidl_typesupport_fastrtps_cpp.dir/rosidl_typesupport_fastrtps_cpp/orbbec_camera_msgs/msg/detail/dds_fastrtps/metadata__type_support.cpp.o[0m
[4.766s] [ 69%] [32mBuilding CXX object CMakeFiles/orbbec_camera_msgs__rosidl_typesupport_fastrtps_cpp.dir/rosidl_typesupport_fastrtps_cpp/orbbec_camera_msgs/msg/detail/dds_fastrtps/device_info__type_support.cpp.o[0m
[4.766s] [ 70%] [32mBuilding CXX object CMakeFiles/orbbec_camera_msgs__rosidl_typesupport_fastrtps_cpp.dir/rosidl_typesupport_fastrtps_cpp/orbbec_camera_msgs/msg/detail/dds_fastrtps/imu_info__type_support.cpp.o[0m
[4.772s] [ 71%] [32mBuilding CXX object CMakeFiles/orbbec_camera_msgs__rosidl_typesupport_fastrtps_cpp.dir/rosidl_typesupport_fastrtps_cpp/orbbec_camera_msgs/srv/detail/dds_fastrtps/get_device_info__type_support.cpp.o[0m
[4.775s] [ 71%] [32mBuilding CXX object CMakeFiles/orbbec_camera_msgs__rosidl_typesupport_fastrtps_cpp.dir/rosidl_typesupport_fastrtps_cpp/orbbec_camera_msgs/msg/detail/dds_fastrtps/rgbd__type_support.cpp.o[0m
[4.782s] [ 72%] [32mBuilding CXX object CMakeFiles/orbbec_camera_msgs__rosidl_typesupport_fastrtps_cpp.dir/rosidl_typesupport_fastrtps_cpp/orbbec_camera_msgs/srv/detail/dds_fastrtps/get_bool__type_support.cpp.o[0m
[4.788s] [ 72%] [32mBuilding CXX object CMakeFiles/orbbec_camera_msgs__rosidl_typesupport_fastrtps_cpp.dir/rosidl_typesupport_fastrtps_cpp/orbbec_camera_msgs/srv/detail/dds_fastrtps/get_camera_info__type_support.cpp.o[0m
[4.804s] [ 73%] [32mBuilding CXX object CMakeFiles/orbbec_camera_msgs__rosidl_typesupport_fastrtps_cpp.dir/rosidl_typesupport_fastrtps_cpp/orbbec_camera_msgs/srv/detail/dds_fastrtps/get_string__type_support.cpp.o[0m
[4.811s] [ 74%] [32mBuilding CXX object CMakeFiles/orbbec_camera_msgs__rosidl_typesupport_fastrtps_cpp.dir/rosidl_typesupport_fastrtps_cpp/orbbec_camera_msgs/srv/detail/dds_fastrtps/get_int32__type_support.cpp.o[0m
[4.812s] [ 75%] [32mBuilding CXX object CMakeFiles/orbbec_camera_msgs__rosidl_typesupport_fastrtps_cpp.dir/rosidl_typesupport_fastrtps_cpp/orbbec_camera_msgs/srv/detail/dds_fastrtps/set_int32__type_support.cpp.o[0m
[4.881s] [ 75%] Built target orbbec_camera_msgs__rosidl_typesupport_cpp
[4.905s] [ 75%] [32mBuilding CXX object CMakeFiles/orbbec_camera_msgs__rosidl_typesupport_fastrtps_cpp.dir/rosidl_typesupport_fastrtps_cpp/orbbec_camera_msgs/srv/detail/dds_fastrtps/set_string__type_support.cpp.o[0m
[5.065s] [ 77%] [32mBuilding CXX object CMakeFiles/orbbec_camera_msgs__rosidl_typesupport_fastrtps_c.dir/rosidl_typesupport_fastrtps_c/orbbec_camera_msgs/msg/detail/device_info__type_support_c.cpp.o[0m
[5.066s] [ 77%] [32mBuilding CXX object CMakeFiles/orbbec_camera_msgs__rosidl_typesupport_fastrtps_c.dir/rosidl_typesupport_fastrtps_c/orbbec_camera_msgs/msg/detail/metadata__type_support_c.cpp.o[0m
[5.066s] [ 77%] [32mBuilding CXX object CMakeFiles/orbbec_camera_msgs__rosidl_typesupport_fastrtps_c.dir/rosidl_typesupport_fastrtps_c/orbbec_camera_msgs/msg/detail/extrinsics__type_support_c.cpp.o[0m
[5.079s] [ 78%] [32mBuilding CXX object CMakeFiles/orbbec_camera_msgs__rosidl_typesupport_fastrtps_c.dir/rosidl_typesupport_fastrtps_c/orbbec_camera_msgs/msg/detail/imu_info__type_support_c.cpp.o[0m
[5.102s] [ 79%] [32mBuilding CXX object CMakeFiles/orbbec_camera_msgs__rosidl_typesupport_fastrtps_c.dir/rosidl_typesupport_fastrtps_c/orbbec_camera_msgs/msg/detail/rgbd__type_support_c.cpp.o[0m
[5.113s] [ 79%] [32mBuilding CXX object CMakeFiles/orbbec_camera_msgs__rosidl_typesupport_fastrtps_c.dir/rosidl_typesupport_fastrtps_c/orbbec_camera_msgs/srv/detail/get_bool__type_support_c.cpp.o[0m
[5.139s] [ 80%] [32mBuilding CXX object CMakeFiles/orbbec_camera_msgs__rosidl_typesupport_fastrtps_c.dir/rosidl_typesupport_fastrtps_c/orbbec_camera_msgs/srv/detail/get_device_info__type_support_c.cpp.o[0m
[5.201s] [ 81%] [32mBuilding CXX object CMakeFiles/orbbec_camera_msgs__rosidl_typesupport_fastrtps_c.dir/rosidl_typesupport_fastrtps_c/orbbec_camera_msgs/srv/detail/get_camera_info__type_support_c.cpp.o[0m
[5.210s] [ 81%] [32mBuilding CXX object CMakeFiles/orbbec_camera_msgs__rosidl_typesupport_fastrtps_c.dir/rosidl_typesupport_fastrtps_c/orbbec_camera_msgs/srv/detail/get_int32__type_support_c.cpp.o[0m
[5.254s] [ 81%] [32m[1mLinking CXX shared library liborbbec_camera_msgs__rosidl_typesupport_introspection_cpp.so[0m
[5.353s] [ 82%] [32mBuilding CXX object CMakeFiles/orbbec_camera_msgs__rosidl_typesupport_fastrtps_c.dir/rosidl_typesupport_fastrtps_c/orbbec_camera_msgs/srv/detail/get_string__type_support_c.cpp.o[0m
[5.402s] [ 82%] Built target orbbec_camera_msgs__rosidl_typesupport_introspection_cpp
[5.405s] [ 83%] [32mBuilding CXX object CMakeFiles/orbbec_camera_msgs__rosidl_typesupport_fastrtps_c.dir/rosidl_typesupport_fastrtps_c/orbbec_camera_msgs/srv/detail/set_int32__type_support_c.cpp.o[0m
[5.420s] [ 83%] [32mBuilding CXX object CMakeFiles/orbbec_camera_msgs__rosidl_typesupport_fastrtps_c.dir/rosidl_typesupport_fastrtps_c/orbbec_camera_msgs/srv/detail/set_string__type_support_c.cpp.o[0m
[5.843s] [ 84%] [32m[1mLinking CXX shared library liborbbec_camera_msgs__rosidl_typesupport_fastrtps_cpp.so[0m
[5.894s] [ 85%] [32m[1mLinking CXX shared library liborbbec_camera_msgs__rosidl_typesupport_fastrtps_c.so[0m
[5.907s] [ 85%] Built target orbbec_camera_msgs__rosidl_typesupport_fastrtps_cpp
[5.953s] [ 85%] Built target orbbec_camera_msgs__rosidl_typesupport_fastrtps_c
[5.970s] [ 85%] Built target orbbec_camera_msgs
[5.988s] [ 86%] [34m[1mGenerating Python code for ROS interfaces[0m
[6.939s] [ 86%] Built target orbbec_camera_msgs__py
[6.961s] [ 86%] [32mBuilding C object CMakeFiles/orbbec_camera_msgs__rosidl_generator_py.dir/rosidl_generator_py/orbbec_camera_msgs/srv/_get_bool_s.c.o[0m
[6.961s] [ 86%] [32mBuilding C object CMakeFiles/orbbec_camera_msgs__rosidl_generator_py.dir/rosidl_generator_py/orbbec_camera_msgs/srv/_get_string_s.c.o[0m
[6.961s] [ 87%] [32mBuilding C object CMakeFiles/orbbec_camera_msgs__rosidl_generator_py.dir/rosidl_generator_py/orbbec_camera_msgs/srv/_get_camera_info_s.c.o[0m
[6.962s] [ 88%] [32mBuilding C object CMakeFiles/orbbec_camera_msgs__rosidl_generator_py.dir/rosidl_generator_py/orbbec_camera_msgs/srv/_get_device_info_s.c.o[0m
[6.962s] [ 89%] [32mBuilding C object CMakeFiles/orbbec_camera_msgs__rosidl_generator_py.dir/rosidl_generator_py/orbbec_camera_msgs/msg/_rgbd_s.c.o[0m
[6.962s] [ 90%] [32mBuilding C object CMakeFiles/orbbec_camera_msgs__rosidl_generator_py.dir/rosidl_generator_py/orbbec_camera_msgs/srv/_set_int32_s.c.o[0m
[6.962s] [ 91%] [32mBuilding C object CMakeFiles/orbbec_camera_msgs__rosidl_generator_py.dir/rosidl_generator_py/orbbec_camera_msgs/msg/_device_info_s.c.o[0m
[6.962s] [ 93%] [32mBuilding C object CMakeFiles/orbbec_camera_msgs__rosidl_generator_py.dir/rosidl_generator_py/orbbec_camera_msgs/msg/_imu_info_s.c.o[0m
[6.962s] [ 93%] [32mBuilding C object CMakeFiles/orbbec_camera_msgs__rosidl_generator_py.dir/rosidl_generator_py/orbbec_camera_msgs/msg/_extrinsics_s.c.o[0m
[6.962s] [ 93%] [32mBuilding C object CMakeFiles/orbbec_camera_msgs__rosidl_generator_py.dir/rosidl_generator_py/orbbec_camera_msgs/msg/_metadata_s.c.o[0m
[6.962s] [ 94%] [32mBuilding C object CMakeFiles/orbbec_camera_msgs__rosidl_generator_py.dir/rosidl_generator_py/orbbec_camera_msgs/srv/_get_int32_s.c.o[0m
[6.963s] [ 95%] [32mBuilding C object CMakeFiles/orbbec_camera_msgs__rosidl_generator_py.dir/rosidl_generator_py/orbbec_camera_msgs/srv/_set_string_s.c.o[0m
[7.117s] [ 95%] [32m[1mLinking C shared library liborbbec_camera_msgs__rosidl_generator_py.so[0m
[7.159s] [ 95%] Built target orbbec_camera_msgs__rosidl_generator_py
[7.178s] [ 97%] [32mBuilding C object CMakeFiles/orbbec_camera_msgs_s__rosidl_typesupport_introspection_c.dir/rosidl_generator_py/orbbec_camera_msgs/_orbbec_camera_msgs_s.ep.rosidl_typesupport_introspection_c.c.o[0m
[7.178s] [ 97%] [32mBuilding C object CMakeFiles/orbbec_camera_msgs_s__rosidl_typesupport_c.dir/rosidl_generator_py/orbbec_camera_msgs/_orbbec_camera_msgs_s.ep.rosidl_typesupport_c.c.o[0m
[7.178s] [ 97%] [32mBuilding C object CMakeFiles/orbbec_camera_msgs_s__rosidl_typesupport_fastrtps_c.dir/rosidl_generator_py/orbbec_camera_msgs/_orbbec_camera_msgs_s.ep.rosidl_typesupport_fastrtps_c.c.o[0m
[7.298s] [100%] [32m[1mLinking C shared module rosidl_generator_py/orbbec_camera_msgs/orbbec_camera_msgs_s__rosidl_typesupport_fastrtps_c.so[0m
[7.298s] [100%] [32m[1mLinking C shared module rosidl_generator_py/orbbec_camera_msgs/orbbec_camera_msgs_s__rosidl_typesupport_introspection_c.so[0m
[7.298s] [100%] [32m[1mLinking C shared module rosidl_generator_py/orbbec_camera_msgs/orbbec_camera_msgs_s__rosidl_typesupport_c.so[0m
[7.329s] [100%] Built target orbbec_camera_msgs_s__rosidl_typesupport_c
[7.331s] [100%] Built target orbbec_camera_msgs_s__rosidl_typesupport_introspection_c
[7.331s] [100%] Built target orbbec_camera_msgs_s__rosidl_typesupport_fastrtps_c
[7.340s] Invoked command in '/home/amrl-linux24-04/ros2_ben/build/orbbec_camera_msgs' returned '0': CMAKE_PREFIX_PATH=${CMAKE_PREFIX_PATH}:/opt/ros/jazzy DEBUGINFOD_URLS=https://debuginfod.ubuntu.com /usr/bin/cmake --build /home/amrl-linux24-04/ros2_ben/build/orbbec_camera_msgs -- -j22 -l22
[7.341s] Invoking command in '/home/amrl-linux24-04/ros2_ben/build/orbbec_camera_msgs': CMAKE_PREFIX_PATH=${CMAKE_PREFIX_PATH}:/opt/ros/jazzy DEBUGINFOD_URLS=https://debuginfod.ubuntu.com /usr/bin/cmake --install /home/amrl-linux24-04/ros2_ben/build/orbbec_camera_msgs
[7.347s] -- Install configuration: ""
[7.347s] -- Installing: /home/amrl-linux24-04/ros2_ben/install/orbbec_camera_msgs/share/ament_index/resource_index/rosidl_interfaces/orbbec_camera_msgs
[7.347s] -- Installing: /home/amrl-linux24-04/ros2_ben/install/orbbec_camera_msgs/share/orbbec_camera_msgs/msg/DeviceInfo.json
[7.347s] -- Installing: /home/amrl-linux24-04/ros2_ben/install/orbbec_camera_msgs/share/orbbec_camera_msgs/msg/Extrinsics.json
[7.347s] -- Installing: /home/amrl-linux24-04/ros2_ben/install/orbbec_camera_msgs/share/orbbec_camera_msgs/msg/Metadata.json
[7.347s] -- Installing: /home/amrl-linux24-04/ros2_ben/install/orbbec_camera_msgs/share/orbbec_camera_msgs/msg/IMUInfo.json
[7.347s] -- Installing: /home/amrl-linux24-04/ros2_ben/install/orbbec_camera_msgs/share/orbbec_camera_msgs/msg/RGBD.json
[7.347s] -- Installing: /home/amrl-linux24-04/ros2_ben/install/orbbec_camera_msgs/share/orbbec_camera_msgs/srv/GetBool.json
[7.348s] -- Installing: /home/amrl-linux24-04/ros2_ben/install/orbbec_camera_msgs/share/orbbec_camera_msgs/srv/GetDeviceInfo.json
[7.348s] -- Installing: /home/amrl-linux24-04/ros2_ben/install/orbbec_camera_msgs/share/orbbec_camera_msgs/srv/GetCameraInfo.json
[7.348s] -- Installing: /home/amrl-linux24-04/ros2_ben/install/orbbec_camera_msgs/share/orbbec_camera_msgs/srv/GetInt32.json
[7.348s] -- Installing: /home/amrl-linux24-04/ros2_ben/install/orbbec_camera_msgs/share/orbbec_camera_msgs/srv/GetString.json
[7.348s] -- Installing: /home/amrl-linux24-04/ros2_ben/install/orbbec_camera_msgs/share/orbbec_camera_msgs/srv/SetInt32.json
[7.348s] -- Installing: /home/amrl-linux24-04/ros2_ben/install/orbbec_camera_msgs/share/orbbec_camera_msgs/srv/SetString.json
[7.348s] -- Installing: /home/amrl-linux24-04/ros2_ben/install/orbbec_camera_msgs/include/orbbec_camera_msgs/orbbec_camera_msgs
[7.348s] -- Installing: /home/amrl-linux24-04/ros2_ben/install/orbbec_camera_msgs/include/orbbec_camera_msgs/orbbec_camera_msgs/srv
[7.348s] -- Installing: /home/amrl-linux24-04/ros2_ben/install/orbbec_camera_msgs/include/orbbec_camera_msgs/orbbec_camera_msgs/srv/detail
[7.348s] -- Installing: /home/amrl-linux24-04/ros2_ben/install/orbbec_camera_msgs/include/orbbec_camera_msgs/orbbec_camera_msgs/srv/detail/get_bool__functions.h
[7.348s] -- Installing: /home/amrl-linux24-04/ros2_ben/install/orbbec_camera_msgs/include/orbbec_camera_msgs/orbbec_camera_msgs/srv/detail/get_device_info__type_support.c
[7.348s] -- Installing: /home/amrl-linux24-04/ros2_ben/install/orbbec_camera_msgs/include/orbbec_camera_msgs/orbbec_camera_msgs/srv/detail/get_string__description.c
[7.348s] -- Installing: /home/amrl-linux24-04/ros2_ben/install/orbbec_camera_msgs/include/orbbec_camera_msgs/orbbec_camera_msgs/srv/detail/get_device_info__description.c
[7.348s] -- Installing: /home/amrl-linux24-04/ros2_ben/install/orbbec_camera_msgs/include/orbbec_camera_msgs/orbbec_camera_msgs/srv/detail/get_bool__type_support.c
[7.349s] -- Installing: /home/amrl-linux24-04/ros2_ben/install/orbbec_camera_msgs/include/orbbec_camera_msgs/orbbec_camera_msgs/srv/detail/get_bool__functions.c
[7.349s] -- Installing: /home/amrl-linux24-04/ros2_ben/install/orbbec_camera_msgs/include/orbbec_camera_msgs/orbbec_camera_msgs/srv/detail/set_int32__struct.h
[7.349s] -- Installing: /home/amrl-linux24-04/ros2_ben/install/orbbec_camera_msgs/include/orbbec_camera_msgs/orbbec_camera_msgs/srv/detail/set_string__functions.h
[7.349s] -- Installing: /home/amrl-linux24-04/ros2_ben/install/orbbec_camera_msgs/include/orbbec_camera_msgs/orbbec_camera_msgs/srv/detail/get_device_info__functions.c
[7.349s] -- Installing: /home/amrl-linux24-04/ros2_ben/install/orbbec_camera_msgs/include/orbbec_camera_msgs/orbbec_camera_msgs/srv/detail/get_camera_info__functions.h
[7.349s] -- Installing: /home/amrl-linux24-04/ros2_ben/install/orbbec_camera_msgs/include/orbbec_camera_msgs/orbbec_camera_msgs/srv/detail/get_camera_info__description.c
[7.349s] -- Installing: /home/amrl-linux24-04/ros2_ben/install/orbbec_camera_msgs/include/orbbec_camera_msgs/orbbec_camera_msgs/srv/detail/get_string__struct.h
[7.349s] -- Installing: /home/amrl-linux24-04/ros2_ben/install/orbbec_camera_msgs/include/orbbec_camera_msgs/orbbec_camera_msgs/srv/detail/set_int32__type_support.h
[7.349s] -- Installing: /home/amrl-linux24-04/ros2_ben/install/orbbec_camera_msgs/include/orbbec_camera_msgs/orbbec_camera_msgs/srv/detail/get_int32__struct.h
[7.349s] -- Installing: /home/amrl-linux24-04/ros2_ben/install/orbbec_camera_msgs/include/orbbec_camera_msgs/orbbec_camera_msgs/srv/detail/get_string__functions.h
[7.349s] -- Installing: /home/amrl-linux24-04/ros2_ben/install/orbbec_camera_msgs/include/orbbec_camera_msgs/orbbec_camera_msgs/srv/detail/get_int32__functions.h
[7.349s] -- Installing: /home/amrl-linux24-04/ros2_ben/install/orbbec_camera_msgs/include/orbbec_camera_msgs/orbbec_camera_msgs/srv/detail/set_string__description.c
[7.349s] -- Installing: /home/amrl-linux24-04/ros2_ben/install/orbbec_camera_msgs/include/orbbec_camera_msgs/orbbec_camera_msgs/srv/detail/get_camera_info__functions.c
[7.349s] -- Installing: /home/amrl-linux24-04/ros2_ben/install/orbbec_camera_msgs/include/orbbec_camera_msgs/orbbec_camera_msgs/srv/detail/get_bool__struct.h
[7.349s] -- Installing: /home/amrl-linux24-04/ros2_ben/install/orbbec_camera_msgs/include/orbbec_camera_msgs/orbbec_camera_msgs/srv/detail/set_string__type_support.c
[7.349s] -- Installing: /home/amrl-linux24-04/ros2_ben/install/orbbec_camera_msgs/include/orbbec_camera_msgs/orbbec_camera_msgs/srv/detail/get_string__type_support.c
[7.350s] -- Installing: /home/amrl-linux24-04/ros2_ben/install/orbbec_camera_msgs/include/orbbec_camera_msgs/orbbec_camera_msgs/srv/detail/get_device_info__type_support.h
[7.350s] -- Installing: /home/amrl-linux24-04/ros2_ben/install/orbbec_camera_msgs/include/orbbec_camera_msgs/orbbec_camera_msgs/srv/detail/set_string__functions.c
[7.350s] -- Installing: /home/amrl-linux24-04/ros2_ben/install/orbbec_camera_msgs/include/orbbec_camera_msgs/orbbec_camera_msgs/srv/detail/get_bool__type_support.h
[7.350s] -- Installing: /home/amrl-linux24-04/ros2_ben/install/orbbec_camera_msgs/include/orbbec_camera_msgs/orbbec_camera_msgs/srv/detail/get_camera_info__type_support.c
[7.350s] -- Installing: /home/amrl-linux24-04/ros2_ben/install/orbbec_camera_msgs/include/orbbec_camera_msgs/orbbec_camera_msgs/srv/detail/set_int32__type_support.c
[7.350s] -- Installing: /home/amrl-linux24-04/ros2_ben/install/orbbec_camera_msgs/include/orbbec_camera_msgs/orbbec_camera_msgs/srv/detail/set_int32__description.c
[7.350s] -- Installing: /home/amrl-linux24-04/ros2_ben/install/orbbec_camera_msgs/include/orbbec_camera_msgs/orbbec_camera_msgs/srv/detail/get_device_info__struct.h
[7.350s] -- Installing: /home/amrl-linux24-04/ros2_ben/install/orbbec_camera_msgs/include/orbbec_camera_msgs/orbbec_camera_msgs/srv/detail/get_int32__functions.c
[7.350s] -- Installing: /home/amrl-linux24-04/ros2_ben/install/orbbec_camera_msgs/include/orbbec_camera_msgs/orbbec_camera_msgs/srv/detail/set_int32__functions.h
[7.350s] -- Installing: /home/amrl-linux24-04/ros2_ben/install/orbbec_camera_msgs/include/orbbec_camera_msgs/orbbec_camera_msgs/srv/detail/get_string__type_support.h
[7.350s] -- Installing: /home/amrl-linux24-04/ros2_ben/install/orbbec_camera_msgs/include/orbbec_camera_msgs/orbbec_camera_msgs/srv/detail/get_int32__type_support.c
[7.350s] -- Installing: /home/amrl-linux24-04/ros2_ben/install/orbbec_camera_msgs/include/orbbec_camera_msgs/orbbec_camera_msgs/srv/detail/get_device_info__functions.h
[7.350s] -- Installing: /home/amrl-linux24-04/ros2_ben/install/orbbec_camera_msgs/include/orbbec_camera_msgs/orbbec_camera_msgs/srv/detail/get_int32__description.c
[7.350s] -- Installing: /home/amrl-linux24-04/ros2_ben/install/orbbec_camera_msgs/include/orbbec_camera_msgs/orbbec_camera_msgs/srv/detail/set_string__struct.h
[7.350s] -- Installing: /home/amrl-linux24-04/ros2_ben/install/orbbec_camera_msgs/include/orbbec_camera_msgs/orbbec_camera_msgs/srv/detail/get_camera_info__struct.h
[7.351s] -- Installing: /home/amrl-linux24-04/ros2_ben/install/orbbec_camera_msgs/include/orbbec_camera_msgs/orbbec_camera_msgs/srv/detail/get_string__functions.c
[7.351s] -- Installing: /home/amrl-linux24-04/ros2_ben/install/orbbec_camera_msgs/include/orbbec_camera_msgs/orbbec_camera_msgs/srv/detail/get_int32__type_support.h
[7.351s] -- Installing: /home/amrl-linux24-04/ros2_ben/install/orbbec_camera_msgs/include/orbbec_camera_msgs/orbbec_camera_msgs/srv/detail/get_camera_info__type_support.h
[7.351s] -- Installing: /home/amrl-linux24-04/ros2_ben/install/orbbec_camera_msgs/include/orbbec_camera_msgs/orbbec_camera_msgs/srv/detail/set_int32__functions.c
[7.351s] -- Installing: /home/amrl-linux24-04/ros2_ben/install/orbbec_camera_msgs/include/orbbec_camera_msgs/orbbec_camera_msgs/srv/detail/get_bool__description.c
[7.351s] -- Installing: /home/amrl-linux24-04/ros2_ben/install/orbbec_camera_msgs/include/orbbec_camera_msgs/orbbec_camera_msgs/srv/detail/set_string__type_support.h
[7.351s] -- Installing: /home/amrl-linux24-04/ros2_ben/install/orbbec_camera_msgs/include/orbbec_camera_msgs/orbbec_camera_msgs/srv/set_string.h
[7.351s] -- Installing: /home/amrl-linux24-04/ros2_ben/install/orbbec_camera_msgs/include/orbbec_camera_msgs/orbbec_camera_msgs/srv/set_int32.h
[7.351s] -- Installing: /home/amrl-linux24-04/ros2_ben/install/orbbec_camera_msgs/include/orbbec_camera_msgs/orbbec_camera_msgs/srv/get_string.h
[7.351s] -- Installing: /home/amrl-linux24-04/ros2_ben/install/orbbec_camera_msgs/include/orbbec_camera_msgs/orbbec_camera_msgs/srv/get_device_info.h
[7.351s] -- Installing: /home/amrl-linux24-04/ros2_ben/install/orbbec_camera_msgs/include/orbbec_camera_msgs/orbbec_camera_msgs/srv/get_bool.h
[7.351s] -- Installing: /home/amrl-linux24-04/ros2_ben/install/orbbec_camera_msgs/include/orbbec_camera_msgs/orbbec_camera_msgs/srv/get_int32.h
[7.351s] -- Installing: /home/amrl-linux24-04/ros2_ben/install/orbbec_camera_msgs/include/orbbec_camera_msgs/orbbec_camera_msgs/srv/get_camera_info.h
[7.352s] -- Installing: /home/amrl-linux24-04/ros2_ben/install/orbbec_camera_msgs/include/orbbec_camera_msgs/orbbec_camera_msgs/msg
[7.352s] -- Installing: /home/amrl-linux24-04/ros2_ben/install/orbbec_camera_msgs/include/orbbec_camera_msgs/orbbec_camera_msgs/msg/detail
[7.352s] -- Installing: /home/amrl-linux24-04/ros2_ben/install/orbbec_camera_msgs/include/orbbec_camera_msgs/orbbec_camera_msgs/msg/detail/extrinsics__type_support.c
[7.352s] -- Installing: /home/amrl-linux24-04/ros2_ben/install/orbbec_camera_msgs/include/orbbec_camera_msgs/orbbec_camera_msgs/msg/detail/imu_info__functions.c
[7.352s] -- Installing: /home/amrl-linux24-04/ros2_ben/install/orbbec_camera_msgs/include/orbbec_camera_msgs/orbbec_camera_msgs/msg/detail/device_info__functions.h
[7.352s] -- Installing: /home/amrl-linux24-04/ros2_ben/install/orbbec_camera_msgs/include/orbbec_camera_msgs/orbbec_camera_msgs/msg/detail/extrinsics__description.c
[7.352s] -- Installing: /home/amrl-linux24-04/ros2_ben/install/orbbec_camera_msgs/include/orbbec_camera_msgs/orbbec_camera_msgs/msg/detail/rgbd__description.c
[7.352s] -- Installing: /home/amrl-linux24-04/ros2_ben/install/orbbec_camera_msgs/include/orbbec_camera_msgs/orbbec_camera_msgs/msg/detail/imu_info__struct.h
[7.352s] -- Installing: /home/amrl-linux24-04/ros2_ben/install/orbbec_camera_msgs/include/orbbec_camera_msgs/orbbec_camera_msgs/msg/detail/extrinsics__type_support.h
[7.352s] -- Installing: /home/amrl-linux24-04/ros2_ben/install/orbbec_camera_msgs/include/orbbec_camera_msgs/orbbec_camera_msgs/msg/detail/rgbd__struct.h
[7.352s] -- Installing: /home/amrl-linux24-04/ros2_ben/install/orbbec_camera_msgs/include/orbbec_camera_msgs/orbbec_camera_msgs/msg/detail/metadata__struct.h
[7.352s] -- Installing: /home/amrl-linux24-04/ros2_ben/install/orbbec_camera_msgs/include/orbbec_camera_msgs/orbbec_camera_msgs/msg/detail/metadata__type_support.c
[7.352s] -- Installing: /home/amrl-linux24-04/ros2_ben/install/orbbec_camera_msgs/include/orbbec_camera_msgs/orbbec_camera_msgs/msg/detail/extrinsics__functions.h
[7.352s] -- Installing: /home/amrl-linux24-04/ros2_ben/install/orbbec_camera_msgs/include/orbbec_camera_msgs/orbbec_camera_msgs/msg/detail/device_info__functions.c
[7.352s] -- Installing: /home/amrl-linux24-04/ros2_ben/install/orbbec_camera_msgs/include/orbbec_camera_msgs/orbbec_camera_msgs/msg/detail/device_info__description.c
[7.352s] -- Installing: /home/amrl-linux24-04/ros2_ben/install/orbbec_camera_msgs/include/orbbec_camera_msgs/orbbec_camera_msgs/msg/detail/device_info__type_support.c
[7.352s] -- Installing: /home/amrl-linux24-04/ros2_ben/install/orbbec_camera_msgs/include/orbbec_camera_msgs/orbbec_camera_msgs/msg/detail/rgbd__type_support.c
[7.353s] -- Installing: /home/amrl-linux24-04/ros2_ben/install/orbbec_camera_msgs/include/orbbec_camera_msgs/orbbec_camera_msgs/msg/detail/rgbd__functions.h
[7.353s] -- Installing: /home/amrl-linux24-04/ros2_ben/install/orbbec_camera_msgs/include/orbbec_camera_msgs/orbbec_camera_msgs/msg/detail/device_info__struct.h
[7.353s] -- Installing: /home/amrl-linux24-04/ros2_ben/install/orbbec_camera_msgs/include/orbbec_camera_msgs/orbbec_camera_msgs/msg/detail/metadata__type_support.h
[7.353s] -- Installing: /home/amrl-linux24-04/ros2_ben/install/orbbec_camera_msgs/include/orbbec_camera_msgs/orbbec_camera_msgs/msg/detail/imu_info__type_support.c
[7.353s] -- Installing: /home/amrl-linux24-04/ros2_ben/install/orbbec_camera_msgs/include/orbbec_camera_msgs/orbbec_camera_msgs/msg/detail/device_info__type_support.h
[7.353s] -- Installing: /home/amrl-linux24-04/ros2_ben/install/orbbec_camera_msgs/include/orbbec_camera_msgs/orbbec_camera_msgs/msg/detail/metadata__functions.c
[7.353s] -- Installing: /home/amrl-linux24-04/ros2_ben/install/orbbec_camera_msgs/include/orbbec_camera_msgs/orbbec_camera_msgs/msg/detail/extrinsics__struct.h
[7.353s] -- Installing: /home/amrl-linux24-04/ros2_ben/install/orbbec_camera_msgs/include/orbbec_camera_msgs/orbbec_camera_msgs/msg/detail/extrinsics__functions.c
[7.353s] -- Installing: /home/amrl-linux24-04/ros2_ben/install/orbbec_camera_msgs/include/orbbec_camera_msgs/orbbec_camera_msgs/msg/detail/rgbd__functions.c
[7.353s] -- Installing: /home/amrl-linux24-04/ros2_ben/install/orbbec_camera_msgs/include/orbbec_camera_msgs/orbbec_camera_msgs/msg/detail/imu_info__description.c
[7.353s] -- Installing: /home/amrl-linux24-04/ros2_ben/install/orbbec_camera_msgs/include/orbbec_camera_msgs/orbbec_camera_msgs/msg/detail/metadata__description.c
[7.353s] -- Installing: /home/amrl-linux24-04/ros2_ben/install/orbbec_camera_msgs/include/orbbec_camera_msgs/orbbec_camera_msgs/msg/detail/imu_info__type_support.h
[7.353s] -- Installing: /home/amrl-linux24-04/ros2_ben/install/orbbec_camera_msgs/include/orbbec_camera_msgs/orbbec_camera_msgs/msg/detail/imu_info__functions.h
[7.353s] -- Installing: /home/amrl-linux24-04/ros2_ben/install/orbbec_camera_msgs/include/orbbec_camera_msgs/orbbec_camera_msgs/msg/detail/metadata__functions.h
[7.353s] -- Installing: /home/amrl-linux24-04/ros2_ben/install/orbbec_camera_msgs/include/orbbec_camera_msgs/orbbec_camera_msgs/msg/detail/rgbd__type_support.h
[7.353s] -- Installing: /home/amrl-linux24-04/ros2_ben/install/orbbec_camera_msgs/include/orbbec_camera_msgs/orbbec_camera_msgs/msg/rgbd.h
[7.353s] -- Installing: /home/amrl-linux24-04/ros2_ben/install/orbbec_camera_msgs/include/orbbec_camera_msgs/orbbec_camera_msgs/msg/metadata.h
[7.353s] -- Installing: /home/amrl-linux24-04/ros2_ben/install/orbbec_camera_msgs/include/orbbec_camera_msgs/orbbec_camera_msgs/msg/imu_info.h
[7.353s] -- Installing: /home/amrl-linux24-04/ros2_ben/install/orbbec_camera_msgs/include/orbbec_camera_msgs/orbbec_camera_msgs/msg/rosidl_generator_c__visibility_control.h
[7.353s] -- Installing: /home/amrl-linux24-04/ros2_ben/install/orbbec_camera_msgs/include/orbbec_camera_msgs/orbbec_camera_msgs/msg/device_info.h
[7.354s] -- Installing: /home/amrl-linux24-04/ros2_ben/install/orbbec_camera_msgs/include/orbbec_camera_msgs/orbbec_camera_msgs/msg/extrinsics.h
[7.354s] -- Installing: /home/amrl-linux24-04/ros2_ben/install/orbbec_camera_msgs/share/orbbec_camera_msgs/environment/library_path.sh
[7.354s] -- Installing: /home/amrl-linux24-04/ros2_ben/install/orbbec_camera_msgs/share/orbbec_camera_msgs/environment/library_path.dsv
[7.354s] -- Installing: /home/amrl-linux24-04/ros2_ben/install/orbbec_camera_msgs/lib/liborbbec_camera_msgs__rosidl_generator_c.so
[7.354s] -- Set non-toolchain portion of runtime path of "/home/amrl-linux24-04/ros2_ben/install/orbbec_camera_msgs/lib/liborbbec_camera_msgs__rosidl_generator_c.so" to ""
[7.354s] -- Up-to-date: /home/amrl-linux24-04/ros2_ben/install/orbbec_camera_msgs/include/orbbec_camera_msgs/orbbec_camera_msgs
[7.354s] -- Up-to-date: /home/amrl-linux24-04/ros2_ben/install/orbbec_camera_msgs/include/orbbec_camera_msgs/orbbec_camera_msgs/srv
[7.354s] -- Up-to-date: /home/amrl-linux24-04/ros2_ben/install/orbbec_camera_msgs/include/orbbec_camera_msgs/orbbec_camera_msgs/srv/detail
[7.354s] -- Installing: /home/amrl-linux24-04/ros2_ben/install/orbbec_camera_msgs/include/orbbec_camera_msgs/orbbec_camera_msgs/srv/detail/get_int32__rosidl_typesupport_fastrtps_c.h
[7.354s] -- Installing: /home/amrl-linux24-04/ros2_ben/install/orbbec_camera_msgs/include/orbbec_camera_msgs/orbbec_camera_msgs/srv/detail/set_string__rosidl_typesupport_fastrtps_c.h
[7.354s] -- Installing: /home/amrl-linux24-04/ros2_ben/install/orbbec_camera_msgs/include/orbbec_camera_msgs/orbbec_camera_msgs/srv/detail/set_int32__rosidl_typesupport_fastrtps_c.h
[7.354s] -- Installing: /home/amrl-linux24-04/ros2_ben/install/orbbec_camera_msgs/include/orbbec_camera_msgs/orbbec_camera_msgs/srv/detail/get_string__rosidl_typesupport_fastrtps_c.h
[7.354s] -- Installing: /home/amrl-linux24-04/ros2_ben/install/orbbec_camera_msgs/include/orbbec_camera_msgs/orbbec_camera_msgs/srv/detail/get_camera_info__rosidl_typesupport_fastrtps_c.h
[7.354s] -- Installing: /home/amrl-linux24-04/ros2_ben/install/orbbec_camera_msgs/include/orbbec_camera_msgs/orbbec_camera_msgs/srv/detail/get_bool__rosidl_typesupport_fastrtps_c.h
[7.354s] -- Installing: /home/amrl-linux24-04/ros2_ben/install/orbbec_camera_msgs/include/orbbec_camera_msgs/orbbec_camera_msgs/srv/detail/get_device_info__rosidl_typesupport_fastrtps_c.h
[7.354s] -- Up-to-date: /home/amrl-linux24-04/ros2_ben/install/orbbec_camera_msgs/include/orbbec_camera_msgs/orbbec_camera_msgs/msg
[7.354s] -- Up-to-date: /home/amrl-linux24-04/ros2_ben/install/orbbec_camera_msgs/include/orbbec_camera_msgs/orbbec_camera_msgs/msg/detail
[7.354s] -- Installing: /home/amrl-linux24-04/ros2_ben/install/orbbec_camera_msgs/include/orbbec_camera_msgs/orbbec_camera_msgs/msg/detail/extrinsics__rosidl_typesupport_fastrtps_c.h
[7.354s] -- Installing: /home/amrl-linux24-04/ros2_ben/install/orbbec_camera_msgs/include/orbbec_camera_msgs/orbbec_camera_msgs/msg/detail/imu_info__rosidl_typesupport_fastrtps_c.h
[7.355s] -- Installing: /home/amrl-linux24-04/ros2_ben/install/orbbec_camera_msgs/include/orbbec_camera_msgs/orbbec_camera_msgs/msg/detail/metadata__rosidl_typesupport_fastrtps_c.h
[7.355s] -- Installing: /home/amrl-linux24-04/ros2_ben/install/orbbec_camera_msgs/include/orbbec_camera_msgs/orbbec_camera_msgs/msg/detail/rgbd__rosidl_typesupport_fastrtps_c.h
[7.355s] -- Installing: /home/amrl-linux24-04/ros2_ben/install/orbbec_camera_msgs/include/orbbec_camera_msgs/orbbec_camera_msgs/msg/detail/device_info__rosidl_typesupport_fastrtps_c.h
[7.355s] -- Installing: /home/amrl-linux24-04/ros2_ben/install/orbbec_camera_msgs/include/orbbec_camera_msgs/orbbec_camera_msgs/msg/rosidl_typesupport_fastrtps_c__visibility_control.h
[7.355s] -- Installing: /home/amrl-linux24-04/ros2_ben/install/orbbec_camera_msgs/lib/liborbbec_camera_msgs__rosidl_typesupport_fastrtps_c.so
[7.355s] -- Set non-toolchain portion of runtime path of "/home/amrl-linux24-04/ros2_ben/install/orbbec_camera_msgs/lib/liborbbec_camera_msgs__rosidl_typesupport_fastrtps_c.so" to ""
[7.355s] -- Up-to-date: /home/amrl-linux24-04/ros2_ben/install/orbbec_camera_msgs/include/orbbec_camera_msgs/orbbec_camera_msgs
[7.355s] -- Up-to-date: /home/amrl-linux24-04/ros2_ben/install/orbbec_camera_msgs/include/orbbec_camera_msgs/orbbec_camera_msgs/srv
[7.355s] -- Up-to-date: /home/amrl-linux24-04/ros2_ben/install/orbbec_camera_msgs/include/orbbec_camera_msgs/orbbec_camera_msgs/srv/detail
[7.355s] -- Installing: /home/amrl-linux24-04/ros2_ben/install/orbbec_camera_msgs/include/orbbec_camera_msgs/orbbec_camera_msgs/srv/detail/get_device_info__rosidl_typesupport_introspection_c.h
[7.355s] -- Installing: /home/amrl-linux24-04/ros2_ben/install/orbbec_camera_msgs/include/orbbec_camera_msgs/orbbec_camera_msgs/srv/detail/get_device_info__type_support.c
[7.355s] -- Installing: /home/amrl-linux24-04/ros2_ben/install/orbbec_camera_msgs/include/orbbec_camera_msgs/orbbec_camera_msgs/srv/detail/get_bool__type_support.c
[7.355s] -- Installing: /home/amrl-linux24-04/ros2_ben/install/orbbec_camera_msgs/include/orbbec_camera_msgs/orbbec_camera_msgs/srv/detail/get_int32__rosidl_typesupport_introspection_c.h
[7.355s] -- Installing: /home/amrl-linux24-04/ros2_ben/install/orbbec_camera_msgs/include/orbbec_camera_msgs/orbbec_camera_msgs/srv/detail/set_string__rosidl_typesupport_introspection_c.h
[7.355s] -- Installing: /home/amrl-linux24-04/ros2_ben/install/orbbec_camera_msgs/include/orbbec_camera_msgs/orbbec_camera_msgs/srv/detail/get_string__rosidl_typesupport_introspection_c.h
[7.355s] -- Installing: /home/amrl-linux24-04/ros2_ben/install/orbbec_camera_msgs/include/orbbec_camera_msgs/orbbec_camera_msgs/srv/detail/set_string__type_support.c
[7.355s] -- Installing: /home/amrl-linux24-04/ros2_ben/install/orbbec_camera_msgs/include/orbbec_camera_msgs/orbbec_camera_msgs/srv/detail/get_string__type_support.c
[7.355s] -- Installing: /home/amrl-linux24-04/ros2_ben/install/orbbec_camera_msgs/include/orbbec_camera_msgs/orbbec_camera_msgs/srv/detail/get_camera_info__type_support.c
[7.355s] -- Installing: /home/amrl-linux24-04/ros2_ben/install/orbbec_camera_msgs/include/orbbec_camera_msgs/orbbec_camera_msgs/srv/detail/set_int32__type_support.c
[7.355s] -- Installing: /home/amrl-linux24-04/ros2_ben/install/orbbec_camera_msgs/include/orbbec_camera_msgs/orbbec_camera_msgs/srv/detail/get_camera_info__rosidl_typesupport_introspection_c.h
[7.355s] -- Installing: /home/amrl-linux24-04/ros2_ben/install/orbbec_camera_msgs/include/orbbec_camera_msgs/orbbec_camera_msgs/srv/detail/get_int32__type_support.c
[7.355s] -- Installing: /home/amrl-linux24-04/ros2_ben/install/orbbec_camera_msgs/include/orbbec_camera_msgs/orbbec_camera_msgs/srv/detail/get_bool__rosidl_typesupport_introspection_c.h
[7.356s] -- Installing: /home/amrl-linux24-04/ros2_ben/install/orbbec_camera_msgs/include/orbbec_camera_msgs/orbbec_camera_msgs/srv/detail/set_int32__rosidl_typesupport_introspection_c.h
[7.356s] -- Up-to-date: /home/amrl-linux24-04/ros2_ben/install/orbbec_camera_msgs/include/orbbec_camera_msgs/orbbec_camera_msgs/msg
[7.356s] -- Up-to-date: /home/amrl-linux24-04/ros2_ben/install/orbbec_camera_msgs/include/orbbec_camera_msgs/orbbec_camera_msgs/msg/detail
[7.356s] -- Installing: /home/amrl-linux24-04/ros2_ben/install/orbbec_camera_msgs/include/orbbec_camera_msgs/orbbec_camera_msgs/msg/detail/extrinsics__type_support.c
[7.356s] -- Installing: /home/amrl-linux24-04/ros2_ben/install/orbbec_camera_msgs/include/orbbec_camera_msgs/orbbec_camera_msgs/msg/detail/metadata__rosidl_typesupport_introspection_c.h
[7.356s] -- Installing: /home/amrl-linux24-04/ros2_ben/install/orbbec_camera_msgs/include/orbbec_camera_msgs/orbbec_camera_msgs/msg/detail/metadata__type_support.c
[7.356s] -- Installing: /home/amrl-linux24-04/ros2_ben/install/orbbec_camera_msgs/include/orbbec_camera_msgs/orbbec_camera_msgs/msg/detail/device_info__type_support.c
[7.356s] -- Installing: /home/amrl-linux24-04/ros2_ben/install/orbbec_camera_msgs/include/orbbec_camera_msgs/orbbec_camera_msgs/msg/detail/rgbd__type_support.c
[7.356s] -- Installing: /home/amrl-linux24-04/ros2_ben/install/orbbec_camera_msgs/include/orbbec_camera_msgs/orbbec_camera_msgs/msg/detail/rgbd__rosidl_typesupport_introspection_c.h
[7.356s] -- Installing: /home/amrl-linux24-04/ros2_ben/install/orbbec_camera_msgs/include/orbbec_camera_msgs/orbbec_camera_msgs/msg/detail/extrinsics__rosidl_typesupport_introspection_c.h
[7.356s] -- Installing: /home/amrl-linux24-04/ros2_ben/install/orbbec_camera_msgs/include/orbbec_camera_msgs/orbbec_camera_msgs/msg/detail/device_info__rosidl_typesupport_introspection_c.h
[7.356s] -- Installing: /home/amrl-linux24-04/ros2_ben/install/orbbec_camera_msgs/include/orbbec_camera_msgs/orbbec_camera_msgs/msg/detail/imu_info__type_support.c
[7.356s] -- Installing: /home/amrl-linux24-04/ros2_ben/install/orbbec_camera_msgs/include/orbbec_camera_msgs/orbbec_camera_msgs/msg/detail/imu_info__rosidl_typesupport_introspection_c.h
[7.356s] -- Installing: /home/amrl-linux24-04/ros2_ben/install/orbbec_camera_msgs/include/orbbec_camera_msgs/orbbec_camera_msgs/msg/rosidl_typesupport_introspection_c__visibility_control.h
[7.356s] -- Installing: /home/amrl-linux24-04/ros2_ben/install/orbbec_camera_msgs/lib/liborbbec_camera_msgs__rosidl_typesupport_introspection_c.so
[7.356s] -- Set non-toolchain portion of runtime path of "/home/amrl-linux24-04/ros2_ben/install/orbbec_camera_msgs/lib/liborbbec_camera_msgs__rosidl_typesupport_introspection_c.so" to ""
[7.356s] -- Installing: /home/amrl-linux24-04/ros2_ben/install/orbbec_camera_msgs/lib/liborbbec_camera_msgs__rosidl_typesupport_c.so
[7.356s] -- Set non-toolchain portion of runtime path of "/home/amrl-linux24-04/ros2_ben/install/orbbec_camera_msgs/lib/liborbbec_camera_msgs__rosidl_typesupport_c.so" to ""
[7.356s] -- Up-to-date: /home/amrl-linux24-04/ros2_ben/install/orbbec_camera_msgs/include/orbbec_camera_msgs/orbbec_camera_msgs
[7.356s] -- Up-to-date: /home/amrl-linux24-04/ros2_ben/install/orbbec_camera_msgs/include/orbbec_camera_msgs/orbbec_camera_msgs/srv
[7.357s] -- Installing: /home/amrl-linux24-04/ros2_ben/install/orbbec_camera_msgs/include/orbbec_camera_msgs/orbbec_camera_msgs/srv/get_device_info.hpp
[7.357s] -- Up-to-date: /home/amrl-linux24-04/ros2_ben/install/orbbec_camera_msgs/include/orbbec_camera_msgs/orbbec_camera_msgs/srv/detail
[7.357s] -- Installing: /home/amrl-linux24-04/ros2_ben/install/orbbec_camera_msgs/include/orbbec_camera_msgs/orbbec_camera_msgs/srv/detail/set_string__traits.hpp
[7.357s] -- Installing: /home/amrl-linux24-04/ros2_ben/install/orbbec_camera_msgs/include/orbbec_camera_msgs/orbbec_camera_msgs/srv/detail/get_camera_info__traits.hpp
[7.357s] -- Installing: /home/amrl-linux24-04/ros2_ben/install/orbbec_camera_msgs/include/orbbec_camera_msgs/orbbec_camera_msgs/srv/detail/set_int32__type_support.hpp
[7.357s] -- Installing: /home/amrl-linux24-04/ros2_ben/install/orbbec_camera_msgs/include/orbbec_camera_msgs/orbbec_camera_msgs/srv/detail/set_int32__traits.hpp
[7.357s] -- Installing: /home/amrl-linux24-04/ros2_ben/install/orbbec_camera_msgs/include/orbbec_camera_msgs/orbbec_camera_msgs/srv/detail/get_int32__type_support.hpp
[7.357s] -- Installing: /home/amrl-linux24-04/ros2_ben/install/orbbec_camera_msgs/include/orbbec_camera_msgs/orbbec_camera_msgs/srv/detail/get_string__traits.hpp
[7.357s] -- Installing: /home/amrl-linux24-04/ros2_ben/install/orbbec_camera_msgs/include/orbbec_camera_msgs/orbbec_camera_msgs/srv/detail/get_camera_info__struct.hpp
[7.357s] -- Installing: /home/amrl-linux24-04/ros2_ben/install/orbbec_camera_msgs/include/orbbec_camera_msgs/orbbec_camera_msgs/srv/detail/set_string__builder.hpp
[7.357s] -- Installing: /home/amrl-linux24-04/ros2_ben/install/orbbec_camera_msgs/include/orbbec_camera_msgs/orbbec_camera_msgs/srv/detail/get_camera_info__builder.hpp
[7.357s] -- Installing: /home/amrl-linux24-04/ros2_ben/install/orbbec_camera_msgs/include/orbbec_camera_msgs/orbbec_camera_msgs/srv/detail/get_bool__struct.hpp
[7.357s] -- Installing: /home/amrl-linux24-04/ros2_ben/install/orbbec_camera_msgs/include/orbbec_camera_msgs/orbbec_camera_msgs/srv/detail/get_string__struct.hpp
[7.357s] -- Installing: /home/amrl-linux24-04/ros2_ben/install/orbbec_camera_msgs/include/orbbec_camera_msgs/orbbec_camera_msgs/srv/detail/set_string__struct.hpp
[7.357s] -- Installing: /home/amrl-linux24-04/ros2_ben/install/orbbec_camera_msgs/include/orbbec_camera_msgs/orbbec_camera_msgs/srv/detail/get_bool__type_support.hpp
[7.357s] -- Installing: /home/amrl-linux24-04/ros2_ben/install/orbbec_camera_msgs/include/orbbec_camera_msgs/orbbec_camera_msgs/srv/detail/get_string__builder.hpp
[7.357s] -- Installing: /home/amrl-linux24-04/ros2_ben/install/orbbec_camera_msgs/include/orbbec_camera_msgs/orbbec_camera_msgs/srv/detail/get_int32__traits.hpp
[7.357s] -- Installing: /home/amrl-linux24-04/ros2_ben/install/orbbec_camera_msgs/include/orbbec_camera_msgs/orbbec_camera_msgs/srv/detail/get_device_info__builder.hpp
[7.357s] -- Installing: /home/amrl-linux24-04/ros2_ben/install/orbbec_camera_msgs/include/orbbec_camera_msgs/orbbec_camera_msgs/srv/detail/get_device_info__type_support.hpp
[7.357s] -- Installing: /home/amrl-linux24-04/ros2_ben/install/orbbec_camera_msgs/include/orbbec_camera_msgs/orbbec_camera_msgs/srv/detail/get_bool__builder.hpp
[7.358s] -- Installing: /home/amrl-linux24-04/ros2_ben/install/orbbec_camera_msgs/include/orbbec_camera_msgs/orbbec_camera_msgs/srv/detail/set_int32__builder.hpp
[7.358s] -- Installing: /home/amrl-linux24-04/ros2_ben/install/orbbec_camera_msgs/include/orbbec_camera_msgs/orbbec_camera_msgs/srv/detail/set_int32__struct.hpp
[7.358s] -- Installing: /home/amrl-linux24-04/ros2_ben/install/orbbec_camera_msgs/include/orbbec_camera_msgs/orbbec_camera_msgs/srv/detail/get_device_info__traits.hpp
[7.358s] -- Installing: /home/amrl-linux24-04/ros2_ben/install/orbbec_camera_msgs/include/orbbec_camera_msgs/orbbec_camera_msgs/srv/detail/get_string__type_support.hpp
[7.358s] -- Installing: /home/amrl-linux24-04/ros2_ben/install/orbbec_camera_msgs/include/orbbec_camera_msgs/orbbec_camera_msgs/srv/detail/get_bool__traits.hpp
[7.358s] -- Installing: /home/amrl-linux24-04/ros2_ben/install/orbbec_camera_msgs/include/orbbec_camera_msgs/orbbec_camera_msgs/srv/detail/set_string__type_support.hpp
[7.358s] -- Installing: /home/amrl-linux24-04/ros2_ben/install/orbbec_camera_msgs/include/orbbec_camera_msgs/orbbec_camera_msgs/srv/detail/get_camera_info__type_support.hpp
[7.358s] -- Installing: /home/amrl-linux24-04/ros2_ben/install/orbbec_camera_msgs/include/orbbec_camera_msgs/orbbec_camera_msgs/srv/detail/get_device_info__struct.hpp
[7.358s] -- Installing: /home/amrl-linux24-04/ros2_ben/install/orbbec_camera_msgs/include/orbbec_camera_msgs/orbbec_camera_msgs/srv/detail/get_int32__struct.hpp
[7.358s] -- Installing: /home/amrl-linux24-04/ros2_ben/install/orbbec_camera_msgs/include/orbbec_camera_msgs/orbbec_camera_msgs/srv/detail/get_int32__builder.hpp
[7.358s] -- Installing: /home/amrl-linux24-04/ros2_ben/install/orbbec_camera_msgs/include/orbbec_camera_msgs/orbbec_camera_msgs/srv/set_int32.hpp
[7.358s] -- Installing: /home/amrl-linux24-04/ros2_ben/install/orbbec_camera_msgs/include/orbbec_camera_msgs/orbbec_camera_msgs/srv/get_camera_info.hpp
[7.358s] -- Installing: /home/amrl-linux24-04/ros2_ben/install/orbbec_camera_msgs/include/orbbec_camera_msgs/orbbec_camera_msgs/srv/set_string.hpp
[7.358s] -- Installing: /home/amrl-linux24-04/ros2_ben/install/orbbec_camera_msgs/include/orbbec_camera_msgs/orbbec_camera_msgs/srv/get_int32.hpp
[7.358s] -- Installing: /home/amrl-linux24-04/ros2_ben/install/orbbec_camera_msgs/include/orbbec_camera_msgs/orbbec_camera_msgs/srv/get_bool.hpp
[7.358s] -- Installing: /home/amrl-linux24-04/ros2_ben/install/orbbec_camera_msgs/include/orbbec_camera_msgs/orbbec_camera_msgs/srv/get_string.hpp
[7.358s] -- Up-to-date: /home/amrl-linux24-04/ros2_ben/install/orbbec_camera_msgs/include/orbbec_camera_msgs/orbbec_camera_msgs/msg
[7.358s] -- Installing: /home/amrl-linux24-04/ros2_ben/install/orbbec_camera_msgs/include/orbbec_camera_msgs/orbbec_camera_msgs/msg/metadata.hpp
[7.358s] -- Up-to-date: /home/amrl-linux24-04/ros2_ben/install/orbbec_camera_msgs/include/orbbec_camera_msgs/orbbec_camera_msgs/msg/detail
[7.358s] -- Installing: /home/amrl-linux24-04/ros2_ben/install/orbbec_camera_msgs/include/orbbec_camera_msgs/orbbec_camera_msgs/msg/detail/metadata__type_support.hpp
[7.359s] -- Installing: /home/amrl-linux24-04/ros2_ben/install/orbbec_camera_msgs/include/orbbec_camera_msgs/orbbec_camera_msgs/msg/detail/device_info__struct.hpp
[7.359s] -- Installing: /home/amrl-linux24-04/ros2_ben/install/orbbec_camera_msgs/include/orbbec_camera_msgs/orbbec_camera_msgs/msg/detail/imu_info__builder.hpp
[7.359s] -- Installing: /home/amrl-linux24-04/ros2_ben/install/orbbec_camera_msgs/include/orbbec_camera_msgs/orbbec_camera_msgs/msg/detail/rgbd__struct.hpp
[7.359s] -- Installing: /home/amrl-linux24-04/ros2_ben/install/orbbec_camera_msgs/include/orbbec_camera_msgs/orbbec_camera_msgs/msg/detail/imu_info__traits.hpp
[7.359s] -- Installing: /home/amrl-linux24-04/ros2_ben/install/orbbec_camera_msgs/include/orbbec_camera_msgs/orbbec_camera_msgs/msg/detail/imu_info__struct.hpp
[7.359s] -- Installing: /home/amrl-linux24-04/ros2_ben/install/orbbec_camera_msgs/include/orbbec_camera_msgs/orbbec_camera_msgs/msg/detail/extrinsics__struct.hpp
[7.359s] -- Installing: /home/amrl-linux24-04/ros2_ben/install/orbbec_camera_msgs/include/orbbec_camera_msgs/orbbec_camera_msgs/msg/detail/imu_info__type_support.hpp
[7.359s] -- Installing: /home/amrl-linux24-04/ros2_ben/install/orbbec_camera_msgs/include/orbbec_camera_msgs/orbbec_camera_msgs/msg/detail/device_info__type_support.hpp
[7.359s] -- Installing: /home/amrl-linux24-04/ros2_ben/install/orbbec_camera_msgs/include/orbbec_camera_msgs/orbbec_camera_msgs/msg/detail/extrinsics__type_support.hpp
[7.359s] -- Installing: /home/amrl-linux24-04/ros2_ben/install/orbbec_camera_msgs/include/orbbec_camera_msgs/orbbec_camera_msgs/msg/detail/extrinsics__traits.hpp
[7.359s] -- Installing: /home/amrl-linux24-04/ros2_ben/install/orbbec_camera_msgs/include/orbbec_camera_msgs/orbbec_camera_msgs/msg/detail/metadata__builder.hpp
[7.359s] -- Installing: /home/amrl-linux24-04/ros2_ben/install/orbbec_camera_msgs/include/orbbec_camera_msgs/orbbec_camera_msgs/msg/detail/device_info__builder.hpp
[7.359s] -- Installing: /home/amrl-linux24-04/ros2_ben/install/orbbec_camera_msgs/include/orbbec_camera_msgs/orbbec_camera_msgs/msg/detail/metadata__traits.hpp
[7.359s] -- Installing: /home/amrl-linux24-04/ros2_ben/install/orbbec_camera_msgs/include/orbbec_camera_msgs/orbbec_camera_msgs/msg/detail/metadata__struct.hpp
[7.359s] -- Installing: /home/amrl-linux24-04/ros2_ben/install/orbbec_camera_msgs/include/orbbec_camera_msgs/orbbec_camera_msgs/msg/detail/device_info__traits.hpp
[7.359s] -- Installing: /home/amrl-linux24-04/ros2_ben/install/orbbec_camera_msgs/include/orbbec_camera_msgs/orbbec_camera_msgs/msg/detail/rgbd__traits.hpp
[7.359s] -- Installing: /home/amrl-linux24-04/ros2_ben/install/orbbec_camera_msgs/include/orbbec_camera_msgs/orbbec_camera_msgs/msg/detail/extrinsics__builder.hpp
[7.359s] -- Installing: /home/amrl-linux24-04/ros2_ben/install/orbbec_camera_msgs/include/orbbec_camera_msgs/orbbec_camera_msgs/msg/detail/rgbd__type_support.hpp
[7.359s] -- Installing: /home/amrl-linux24-04/ros2_ben/install/orbbec_camera_msgs/include/orbbec_camera_msgs/orbbec_camera_msgs/msg/detail/rgbd__builder.hpp
[7.359s] -- Installing: /home/amrl-linux24-04/ros2_ben/install/orbbec_camera_msgs/include/orbbec_camera_msgs/orbbec_camera_msgs/msg/imu_info.hpp
[7.359s] -- Installing: /home/amrl-linux24-04/ros2_ben/install/orbbec_camera_msgs/include/orbbec_camera_msgs/orbbec_camera_msgs/msg/rgbd.hpp
[7.359s] -- Installing: /home/amrl-linux24-04/ros2_ben/install/orbbec_camera_msgs/include/orbbec_camera_msgs/orbbec_camera_msgs/msg/rosidl_generator_cpp__visibility_control.hpp
[7.359s] -- Installing: /home/amrl-linux24-04/ros2_ben/install/orbbec_camera_msgs/include/orbbec_camera_msgs/orbbec_camera_msgs/msg/device_info.hpp
[7.360s] -- Installing: /home/amrl-linux24-04/ros2_ben/install/orbbec_camera_msgs/include/orbbec_camera_msgs/orbbec_camera_msgs/msg/extrinsics.hpp
[7.360s] -- Up-to-date: /home/amrl-linux24-04/ros2_ben/install/orbbec_camera_msgs/include/orbbec_camera_msgs/orbbec_camera_msgs
[7.360s] -- Up-to-date: /home/amrl-linux24-04/ros2_ben/install/orbbec_camera_msgs/include/orbbec_camera_msgs/orbbec_camera_msgs/srv
[7.360s] -- Up-to-date: /home/amrl-linux24-04/ros2_ben/install/orbbec_camera_msgs/include/orbbec_camera_msgs/orbbec_camera_msgs/srv/detail
[7.360s] -- Installing: /home/amrl-linux24-04/ros2_ben/install/orbbec_camera_msgs/include/orbbec_camera_msgs/orbbec_camera_msgs/srv/detail/set_string__rosidl_typesupport_fastrtps_cpp.hpp
[7.360s] -- Installing: /home/amrl-linux24-04/ros2_ben/install/orbbec_camera_msgs/include/orbbec_camera_msgs/orbbec_camera_msgs/srv/detail/set_int32__rosidl_typesupport_fastrtps_cpp.hpp
[7.360s] -- Installing: /home/amrl-linux24-04/ros2_ben/install/orbbec_camera_msgs/include/orbbec_camera_msgs/orbbec_camera_msgs/srv/detail/dds_fastrtps
[7.360s] -- Installing: /home/amrl-linux24-04/ros2_ben/install/orbbec_camera_msgs/include/orbbec_camera_msgs/orbbec_camera_msgs/srv/detail/get_bool__rosidl_typesupport_fastrtps_cpp.hpp
[7.360s] -- Installing: /home/amrl-linux24-04/ros2_ben/install/orbbec_camera_msgs/include/orbbec_camera_msgs/orbbec_camera_msgs/srv/detail/get_device_info__rosidl_typesupport_fastrtps_cpp.hpp
[7.360s] -- Installing: /home/amrl-linux24-04/ros2_ben/install/orbbec_camera_msgs/include/orbbec_camera_msgs/orbbec_camera_msgs/srv/detail/get_camera_info__rosidl_typesupport_fastrtps_cpp.hpp
[7.360s] -- Installing: /home/amrl-linux24-04/ros2_ben/install/orbbec_camera_msgs/include/orbbec_camera_msgs/orbbec_camera_msgs/srv/detail/get_int32__rosidl_typesupport_fastrtps_cpp.hpp
[7.360s] -- Installing: /home/amrl-linux24-04/ros2_ben/install/orbbec_camera_msgs/include/orbbec_camera_msgs/orbbec_camera_msgs/srv/detail/get_string__rosidl_typesupport_fastrtps_cpp.hpp
[7.360s] -- Up-to-date: /home/amrl-linux24-04/ros2_ben/install/orbbec_camera_msgs/include/orbbec_camera_msgs/orbbec_camera_msgs/msg
[7.360s] -- Up-to-date: /home/amrl-linux24-04/ros2_ben/install/orbbec_camera_msgs/include/orbbec_camera_msgs/orbbec_camera_msgs/msg/detail
[7.360s] -- Installing: /home/amrl-linux24-04/ros2_ben/install/orbbec_camera_msgs/include/orbbec_camera_msgs/orbbec_camera_msgs/msg/detail/dds_fastrtps
[7.360s] -- Installing: /home/amrl-linux24-04/ros2_ben/install/orbbec_camera_msgs/include/orbbec_camera_msgs/orbbec_camera_msgs/msg/detail/metadata__rosidl_typesupport_fastrtps_cpp.hpp
[7.360s] -- Installing: /home/amrl-linux24-04/ros2_ben/install/orbbec_camera_msgs/include/orbbec_camera_msgs/orbbec_camera_msgs/msg/detail/rgbd__rosidl_typesupport_fastrtps_cpp.hpp
[7.360s] -- Installing: /home/amrl-linux24-04/ros2_ben/install/orbbec_camera_msgs/include/orbbec_camera_msgs/orbbec_camera_msgs/msg/detail/imu_info__rosidl_typesupport_fastrtps_cpp.hpp
[7.360s] -- Installing: /home/amrl-linux24-04/ros2_ben/install/orbbec_camera_msgs/include/orbbec_camera_msgs/orbbec_camera_msgs/msg/detail/device_info__rosidl_typesupport_fastrtps_cpp.hpp
[7.361s] -- Installing: /home/amrl-linux24-04/ros2_ben/install/orbbec_camera_msgs/include/orbbec_camera_msgs/orbbec_camera_msgs/msg/detail/extrinsics__rosidl_typesupport_fastrtps_cpp.hpp
[7.361s] -- Installing: /home/amrl-linux24-04/ros2_ben/install/orbbec_camera_msgs/include/orbbec_camera_msgs/orbbec_camera_msgs/msg/rosidl_typesupport_fastrtps_cpp__visibility_control.h
[7.361s] -- Installing: /home/amrl-linux24-04/ros2_ben/install/orbbec_camera_msgs/lib/liborbbec_camera_msgs__rosidl_typesupport_fastrtps_cpp.so
[7.361s] -- Set non-toolchain portion of runtime path of "/home/amrl-linux24-04/ros2_ben/install/orbbec_camera_msgs/lib/liborbbec_camera_msgs__rosidl_typesupport_fastrtps_cpp.so" to ""
[7.361s] -- Up-to-date: /home/amrl-linux24-04/ros2_ben/install/orbbec_camera_msgs/include/orbbec_camera_msgs/orbbec_camera_msgs
[7.361s] -- Up-to-date: /home/amrl-linux24-04/ros2_ben/install/orbbec_camera_msgs/include/orbbec_camera_msgs/orbbec_camera_msgs/srv
[7.361s] -- Up-to-date: /home/amrl-linux24-04/ros2_ben/install/orbbec_camera_msgs/include/orbbec_camera_msgs/orbbec_camera_msgs/srv/detail
[7.361s] -- Installing: /home/amrl-linux24-04/ros2_ben/install/orbbec_camera_msgs/include/orbbec_camera_msgs/orbbec_camera_msgs/srv/detail/get_camera_info__rosidl_typesupport_introspection_cpp.hpp
[7.361s] -- Installing: /home/amrl-linux24-04/ros2_ben/install/orbbec_camera_msgs/include/orbbec_camera_msgs/orbbec_camera_msgs/srv/detail/get_int32__rosidl_typesupport_introspection_cpp.hpp
[7.361s] -- Installing: /home/amrl-linux24-04/ros2_ben/install/orbbec_camera_msgs/include/orbbec_camera_msgs/orbbec_camera_msgs/srv/detail/get_device_info__rosidl_typesupport_introspection_cpp.hpp
[7.361s] -- Installing: /home/amrl-linux24-04/ros2_ben/install/orbbec_camera_msgs/include/orbbec_camera_msgs/orbbec_camera_msgs/srv/detail/get_bool__type_support.cpp
[7.361s] -- Installing: /home/amrl-linux24-04/ros2_ben/install/orbbec_camera_msgs/include/orbbec_camera_msgs/orbbec_camera_msgs/srv/detail/get_device_info__type_support.cpp
[7.361s] -- Installing: /home/amrl-linux24-04/ros2_ben/install/orbbec_camera_msgs/include/orbbec_camera_msgs/orbbec_camera_msgs/srv/detail/set_string__type_support.cpp
[7.361s] -- Installing: /home/amrl-linux24-04/ros2_ben/install/orbbec_camera_msgs/include/orbbec_camera_msgs/orbbec_camera_msgs/srv/detail/set_int32__rosidl_typesupport_introspection_cpp.hpp
[7.361s] -- Installing: /home/amrl-linux24-04/ros2_ben/install/orbbec_camera_msgs/include/orbbec_camera_msgs/orbbec_camera_msgs/srv/detail/get_string__rosidl_typesupport_introspection_cpp.hpp
[7.361s] -- Installing: /home/amrl-linux24-04/ros2_ben/install/orbbec_camera_msgs/include/orbbec_camera_msgs/orbbec_camera_msgs/srv/detail/get_camera_info__type_support.cpp
[7.361s] -- Installing: /home/amrl-linux24-04/ros2_ben/install/orbbec_camera_msgs/include/orbbec_camera_msgs/orbbec_camera_msgs/srv/detail/set_int32__type_support.cpp
[7.361s] -- Installing: /home/amrl-linux24-04/ros2_ben/install/orbbec_camera_msgs/include/orbbec_camera_msgs/orbbec_camera_msgs/srv/detail/set_string__rosidl_typesupport_introspection_cpp.hpp
[7.361s] -- Installing: /home/amrl-linux24-04/ros2_ben/install/orbbec_camera_msgs/include/orbbec_camera_msgs/orbbec_camera_msgs/srv/detail/get_string__type_support.cpp
[7.361s] -- Installing: /home/amrl-linux24-04/ros2_ben/install/orbbec_camera_msgs/include/orbbec_camera_msgs/orbbec_camera_msgs/srv/detail/get_bool__rosidl_typesupport_introspection_cpp.hpp
[7.361s] -- Installing: /home/amrl-linux24-04/ros2_ben/install/orbbec_camera_msgs/include/orbbec_camera_msgs/orbbec_camera_msgs/srv/detail/get_int32__type_support.cpp
[7.361s] -- Up-to-date: /home/amrl-linux24-04/ros2_ben/install/orbbec_camera_msgs/include/orbbec_camera_msgs/orbbec_camera_msgs/msg
[7.361s] -- Up-to-date: /home/amrl-linux24-04/ros2_ben/install/orbbec_camera_msgs/include/orbbec_camera_msgs/orbbec_camera_msgs/msg/detail
[7.361s] -- Installing: /home/amrl-linux24-04/ros2_ben/install/orbbec_camera_msgs/include/orbbec_camera_msgs/orbbec_camera_msgs/msg/detail/imu_info__type_support.cpp
[7.361s] -- Installing: /home/amrl-linux24-04/ros2_ben/install/orbbec_camera_msgs/include/orbbec_camera_msgs/orbbec_camera_msgs/msg/detail/metadata__rosidl_typesupport_introspection_cpp.hpp
[7.361s] -- Installing: /home/amrl-linux24-04/ros2_ben/install/orbbec_camera_msgs/include/orbbec_camera_msgs/orbbec_camera_msgs/msg/detail/device_info__type_support.cpp
[7.361s] -- Installing: /home/amrl-linux24-04/ros2_ben/install/orbbec_camera_msgs/include/orbbec_camera_msgs/orbbec_camera_msgs/msg/detail/imu_info__rosidl_typesupport_introspection_cpp.hpp
[7.362s] -- Installing: /home/amrl-linux24-04/ros2_ben/install/orbbec_camera_msgs/include/orbbec_camera_msgs/orbbec_camera_msgs/msg/detail/extrinsics__rosidl_typesupport_introspection_cpp.hpp
[7.362s] -- Installing: /home/amrl-linux24-04/ros2_ben/install/orbbec_camera_msgs/include/orbbec_camera_msgs/orbbec_camera_msgs/msg/detail/device_info__rosidl_typesupport_introspection_cpp.hpp
[7.362s] -- Installing: /home/amrl-linux24-04/ros2_ben/install/orbbec_camera_msgs/include/orbbec_camera_msgs/orbbec_camera_msgs/msg/detail/rgbd__rosidl_typesupport_introspection_cpp.hpp
[7.362s] -- Installing: /home/amrl-linux24-04/ros2_ben/install/orbbec_camera_msgs/include/orbbec_camera_msgs/orbbec_camera_msgs/msg/detail/metadata__type_support.cpp
[7.362s] -- Installing: /home/amrl-linux24-04/ros2_ben/install/orbbec_camera_msgs/include/orbbec_camera_msgs/orbbec_camera_msgs/msg/detail/extrinsics__type_support.cpp
[7.362s] -- Installing: /home/amrl-linux24-04/ros2_ben/install/orbbec_camera_msgs/include/orbbec_camera_msgs/orbbec_camera_msgs/msg/detail/rgbd__type_support.cpp
[7.362s] -- Installing: /home/amrl-linux24-04/ros2_ben/install/orbbec_camera_msgs/lib/liborbbec_camera_msgs__rosidl_typesupport_introspection_cpp.so
[7.362s] -- Set non-toolchain portion of runtime path of "/home/amrl-linux24-04/ros2_ben/install/orbbec_camera_msgs/lib/liborbbec_camera_msgs__rosidl_typesupport_introspection_cpp.so" to ""
[7.362s] -- Installing: /home/amrl-linux24-04/ros2_ben/install/orbbec_camera_msgs/lib/liborbbec_camera_msgs__rosidl_typesupport_cpp.so
[7.362s] -- Set non-toolchain portion of runtime path of "/home/amrl-linux24-04/ros2_ben/install/orbbec_camera_msgs/lib/liborbbec_camera_msgs__rosidl_typesupport_cpp.so" to ""
[7.362s] -- Installing: /home/amrl-linux24-04/ros2_ben/install/orbbec_camera_msgs/share/orbbec_camera_msgs/environment/pythonpath.sh
[7.362s] -- Installing: /home/amrl-linux24-04/ros2_ben/install/orbbec_camera_msgs/share/orbbec_camera_msgs/environment/pythonpath.dsv
[7.363s] -- Installing: /home/amrl-linux24-04/ros2_ben/install/orbbec_camera_msgs/lib/python3.12/site-packages/orbbec_camera_msgs-1.2.2-py3.12.egg-info
[7.363s] -- Installing: /home/amrl-linux24-04/ros2_ben/install/orbbec_camera_msgs/lib/python3.12/site-packages/orbbec_camera_msgs-1.2.2-py3.12.egg-info/top_level.txt
[7.363s] -- Installing: /home/amrl-linux24-04/ros2_ben/install/orbbec_camera_msgs/lib/python3.12/site-packages/orbbec_camera_msgs-1.2.2-py3.12.egg-info/dependency_links.txt
[7.363s] -- Installing: /home/amrl-linux24-04/ros2_ben/install/orbbec_camera_msgs/lib/python3.12/site-packages/orbbec_camera_msgs-1.2.2-py3.12.egg-info/PKG-INFO
[7.363s] -- Installing: /home/amrl-linux24-04/ros2_ben/install/orbbec_camera_msgs/lib/python3.12/site-packages/orbbec_camera_msgs-1.2.2-py3.12.egg-info/SOURCES.txt
[7.363s] -- Installing: /home/amrl-linux24-04/ros2_ben/install/orbbec_camera_msgs/lib/python3.12/site-packages/orbbec_camera_msgs
[7.363s] -- Installing: /home/amrl-linux24-04/ros2_ben/install/orbbec_camera_msgs/lib/python3.12/site-packages/orbbec_camera_msgs/srv
[7.363s] -- Installing: /home/amrl-linux24-04/ros2_ben/install/orbbec_camera_msgs/lib/python3.12/site-packages/orbbec_camera_msgs/srv/_get_bool_s.c
[7.363s] -- Installing: /home/amrl-linux24-04/ros2_ben/install/orbbec_camera_msgs/lib/python3.12/site-packages/orbbec_camera_msgs/srv/_get_device_info_s.c
[7.363s] -- Installing: /home/amrl-linux24-04/ros2_ben/install/orbbec_camera_msgs/lib/python3.12/site-packages/orbbec_camera_msgs/srv/__init__.py
[7.363s] -- Installing: /home/amrl-linux24-04/ros2_ben/install/orbbec_camera_msgs/lib/python3.12/site-packages/orbbec_camera_msgs/srv/_set_int32_s.c
[7.363s] -- Installing: /home/amrl-linux24-04/ros2_ben/install/orbbec_camera_msgs/lib/python3.12/site-packages/orbbec_camera_msgs/srv/_get_string.py
[7.363s] -- Installing: /home/amrl-linux24-04/ros2_ben/install/orbbec_camera_msgs/lib/python3.12/site-packages/orbbec_camera_msgs/srv/_set_string.py
[7.363s] -- Installing: /home/amrl-linux24-04/ros2_ben/install/orbbec_camera_msgs/lib/python3.12/site-packages/orbbec_camera_msgs/srv/_set_string_s.c
[7.363s] -- Installing: /home/amrl-linux24-04/ros2_ben/install/orbbec_camera_msgs/lib/python3.12/site-packages/orbbec_camera_msgs/srv/_set_int32.py
[7.363s] -- Installing: /home/amrl-linux24-04/ros2_ben/install/orbbec_camera_msgs/lib/python3.12/site-packages/orbbec_camera_msgs/srv/_get_camera_info.py
[7.364s] -- Installing: /home/amrl-linux24-04/ros2_ben/install/orbbec_camera_msgs/lib/python3.12/site-packages/orbbec_camera_msgs/srv/_get_bool.py
[7.364s] -- Installing: /home/amrl-linux24-04/ros2_ben/install/orbbec_camera_msgs/lib/python3.12/site-packages/orbbec_camera_msgs/srv/_get_int32.py
[7.364s] -- Installing: /home/amrl-linux24-04/ros2_ben/install/orbbec_camera_msgs/lib/python3.12/site-packages/orbbec_camera_msgs/srv/_get_string_s.c
[7.364s] -- Installing: /home/amrl-linux24-04/ros2_ben/install/orbbec_camera_msgs/lib/python3.12/site-packages/orbbec_camera_msgs/srv/_get_int32_s.c
[7.364s] -- Installing: /home/amrl-linux24-04/ros2_ben/install/orbbec_camera_msgs/lib/python3.12/site-packages/orbbec_camera_msgs/srv/_get_device_info.py
[7.364s] -- Installing: /home/amrl-linux24-04/ros2_ben/install/orbbec_camera_msgs/lib/python3.12/site-packages/orbbec_camera_msgs/srv/_get_camera_info_s.c
[7.364s] -- Installing: /home/amrl-linux24-04/ros2_ben/install/orbbec_camera_msgs/lib/python3.12/site-packages/orbbec_camera_msgs/__init__.py
[7.364s] -- Installing: /home/amrl-linux24-04/ros2_ben/install/orbbec_camera_msgs/lib/python3.12/site-packages/orbbec_camera_msgs/_orbbec_camera_msgs_s.ep.rosidl_typesupport_introspection_c.c
[7.364s] -- Installing: /home/amrl-linux24-04/ros2_ben/install/orbbec_camera_msgs/lib/python3.12/site-packages/orbbec_camera_msgs/orbbec_camera_msgs_s__rosidl_typesupport_fastrtps_c.so
[7.364s] -- Installing: /home/amrl-linux24-04/ros2_ben/install/orbbec_camera_msgs/lib/python3.12/site-packages/orbbec_camera_msgs/_orbbec_camera_msgs_s.ep.rosidl_typesupport_c.c
[7.364s] -- Installing: /home/amrl-linux24-04/ros2_ben/install/orbbec_camera_msgs/lib/python3.12/site-packages/orbbec_camera_msgs/msg
[7.364s] -- Installing: /home/amrl-linux24-04/ros2_ben/install/orbbec_camera_msgs/lib/python3.12/site-packages/orbbec_camera_msgs/msg/_device_info.py
[7.364s] -- Installing: /home/amrl-linux24-04/ros2_ben/install/orbbec_camera_msgs/lib/python3.12/site-packages/orbbec_camera_msgs/msg/_metadata.py
[7.365s] -- Installing: /home/amrl-linux24-04/ros2_ben/install/orbbec_camera_msgs/lib/python3.12/site-packages/orbbec_camera_msgs/msg/_extrinsics_s.c
[7.365s] -- Installing: /home/amrl-linux24-04/ros2_ben/install/orbbec_camera_msgs/lib/python3.12/site-packages/orbbec_camera_msgs/msg/_extrinsics.py
[7.365s] -- Installing: /home/amrl-linux24-04/ros2_ben/install/orbbec_camera_msgs/lib/python3.12/site-packages/orbbec_camera_msgs/msg/__init__.py
[7.365s] -- Installing: /home/amrl-linux24-04/ros2_ben/install/orbbec_camera_msgs/lib/python3.12/site-packages/orbbec_camera_msgs/msg/_imu_info.py
[7.365s] -- Installing: /home/amrl-linux24-04/ros2_ben/install/orbbec_camera_msgs/lib/python3.12/site-packages/orbbec_camera_msgs/msg/_rgbd.py
[7.365s] -- Installing: /home/amrl-linux24-04/ros2_ben/install/orbbec_camera_msgs/lib/python3.12/site-packages/orbbec_camera_msgs/msg/_device_info_s.c
[7.365s] -- Installing: /home/amrl-linux24-04/ros2_ben/install/orbbec_camera_msgs/lib/python3.12/site-packages/orbbec_camera_msgs/msg/_imu_info_s.c
[7.365s] -- Installing: /home/amrl-linux24-04/ros2_ben/install/orbbec_camera_msgs/lib/python3.12/site-packages/orbbec_camera_msgs/msg/_rgbd_s.c
[7.365s] -- Installing: /home/amrl-linux24-04/ros2_ben/install/orbbec_camera_msgs/lib/python3.12/site-packages/orbbec_camera_msgs/msg/_metadata_s.c
[7.365s] -- Installing: /home/amrl-linux24-04/ros2_ben/install/orbbec_camera_msgs/lib/python3.12/site-packages/orbbec_camera_msgs/orbbec_camera_msgs_s__rosidl_typesupport_introspection_c.so
[7.365s] -- Installing: /home/amrl-linux24-04/ros2_ben/install/orbbec_camera_msgs/lib/python3.12/site-packages/orbbec_camera_msgs/_orbbec_camera_msgs_s.ep.rosidl_typesupport_fastrtps_c.c
[7.365s] -- Installing: /home/amrl-linux24-04/ros2_ben/install/orbbec_camera_msgs/lib/python3.12/site-packages/orbbec_camera_msgs/orbbec_camera_msgs_s__rosidl_typesupport_c.so
[7.409s] Listing '/home/amrl-linux24-04/ros2_ben/install/orbbec_camera_msgs/lib/python3.12/site-packages/orbbec_camera_msgs'...
[7.409s] Compiling '/home/amrl-linux24-04/ros2_ben/install/orbbec_camera_msgs/lib/python3.12/site-packages/orbbec_camera_msgs/__init__.py'...
[7.409s] Listing '/home/amrl-linux24-04/ros2_ben/install/orbbec_camera_msgs/lib/python3.12/site-packages/orbbec_camera_msgs/msg'...
[7.409s] Compiling '/home/amrl-linux24-04/ros2_ben/install/orbbec_camera_msgs/lib/python3.12/site-packages/orbbec_camera_msgs/msg/__init__.py'...
[7.409s] Compiling '/home/amrl-linux24-04/ros2_ben/install/orbbec_camera_msgs/lib/python3.12/site-packages/orbbec_camera_msgs/msg/_device_info.py'...
[7.409s] Compiling '/home/amrl-linux24-04/ros2_ben/install/orbbec_camera_msgs/lib/python3.12/site-packages/orbbec_camera_msgs/msg/_extrinsics.py'...
[7.409s] Compiling '/home/amrl-linux24-04/ros2_ben/install/orbbec_camera_msgs/lib/python3.12/site-packages/orbbec_camera_msgs/msg/_imu_info.py'...
[7.409s] Compiling '/home/amrl-linux24-04/ros2_ben/install/orbbec_camera_msgs/lib/python3.12/site-packages/orbbec_camera_msgs/msg/_metadata.py'...
[7.409s] Compiling '/home/amrl-linux24-04/ros2_ben/install/orbbec_camera_msgs/lib/python3.12/site-packages/orbbec_camera_msgs/msg/_rgbd.py'...
[7.409s] Listing '/home/amrl-linux24-04/ros2_ben/install/orbbec_camera_msgs/lib/python3.12/site-packages/orbbec_camera_msgs/srv'...
[7.409s] Compiling '/home/amrl-linux24-04/ros2_ben/install/orbbec_camera_msgs/lib/python3.12/site-packages/orbbec_camera_msgs/srv/__init__.py'...
[7.409s] Compiling '/home/amrl-linux24-04/ros2_ben/install/orbbec_camera_msgs/lib/python3.12/site-packages/orbbec_camera_msgs/srv/_get_bool.py'...
[7.409s] Compiling '/home/amrl-linux24-04/ros2_ben/install/orbbec_camera_msgs/lib/python3.12/site-packages/orbbec_camera_msgs/srv/_get_camera_info.py'...
[7.410s] Compiling '/home/amrl-linux24-04/ros2_ben/install/orbbec_camera_msgs/lib/python3.12/site-packages/orbbec_camera_msgs/srv/_get_device_info.py'...
[7.410s] Compiling '/home/amrl-linux24-04/ros2_ben/install/orbbec_camera_msgs/lib/python3.12/site-packages/orbbec_camera_msgs/srv/_get_int32.py'...
[7.410s] Compiling '/home/amrl-linux24-04/ros2_ben/install/orbbec_camera_msgs/lib/python3.12/site-packages/orbbec_camera_msgs/srv/_get_string.py'...
[7.410s] Compiling '/home/amrl-linux24-04/ros2_ben/install/orbbec_camera_msgs/lib/python3.12/site-packages/orbbec_camera_msgs/srv/_set_int32.py'...
[7.410s] Compiling '/home/amrl-linux24-04/ros2_ben/install/orbbec_camera_msgs/lib/python3.12/site-packages/orbbec_camera_msgs/srv/_set_string.py'...
[7.412s] -- Installing: /home/amrl-linux24-04/ros2_ben/install/orbbec_camera_msgs/lib/python3.12/site-packages/orbbec_camera_msgs/orbbec_camera_msgs_s__rosidl_typesupport_fastrtps_c.so
[7.413s] -- Set non-toolchain portion of runtime path of "/home/amrl-linux24-04/ros2_ben/install/orbbec_camera_msgs/lib/python3.12/site-packages/orbbec_camera_msgs/orbbec_camera_msgs_s__rosidl_typesupport_fastrtps_c.so" to ""
[7.413s] -- Installing: /home/amrl-linux24-04/ros2_ben/install/orbbec_camera_msgs/lib/python3.12/site-packages/orbbec_camera_msgs/orbbec_camera_msgs_s__rosidl_typesupport_introspection_c.so
[7.414s] -- Set non-toolchain portion of runtime path of "/home/amrl-linux24-04/ros2_ben/install/orbbec_camera_msgs/lib/python3.12/site-packages/orbbec_camera_msgs/orbbec_camera_msgs_s__rosidl_typesupport_introspection_c.so" to ""
[7.414s] -- Installing: /home/amrl-linux24-04/ros2_ben/install/orbbec_camera_msgs/lib/python3.12/site-packages/orbbec_camera_msgs/orbbec_camera_msgs_s__rosidl_typesupport_c.so
[7.414s] -- Set non-toolchain portion of runtime path of "/home/amrl-linux24-04/ros2_ben/install/orbbec_camera_msgs/lib/python3.12/site-packages/orbbec_camera_msgs/orbbec_camera_msgs_s__rosidl_typesupport_c.so" to ""
[7.414s] -- Installing: /home/amrl-linux24-04/ros2_ben/install/orbbec_camera_msgs/lib/liborbbec_camera_msgs__rosidl_generator_py.so
[7.414s] -- Set non-toolchain portion of runtime path of "/home/amrl-linux24-04/ros2_ben/install/orbbec_camera_msgs/lib/liborbbec_camera_msgs__rosidl_generator_py.so" to ""
[7.415s] -- Installing: /home/amrl-linux24-04/ros2_ben/install/orbbec_camera_msgs/share/orbbec_camera_msgs/msg/DeviceInfo.idl
[7.415s] -- Installing: /home/amrl-linux24-04/ros2_ben/install/orbbec_camera_msgs/share/orbbec_camera_msgs/msg/Extrinsics.idl
[7.415s] -- Installing: /home/amrl-linux24-04/ros2_ben/install/orbbec_camera_msgs/share/orbbec_camera_msgs/msg/Metadata.idl
[7.415s] -- Installing: /home/amrl-linux24-04/ros2_ben/install/orbbec_camera_msgs/share/orbbec_camera_msgs/msg/IMUInfo.idl
[7.415s] -- Installing: /home/amrl-linux24-04/ros2_ben/install/orbbec_camera_msgs/share/orbbec_camera_msgs/msg/RGBD.idl
[7.415s] -- Installing: /home/amrl-linux24-04/ros2_ben/install/orbbec_camera_msgs/share/orbbec_camera_msgs/srv/GetBool.idl
[7.415s] -- Installing: /home/amrl-linux24-04/ros2_ben/install/orbbec_camera_msgs/share/orbbec_camera_msgs/srv/GetDeviceInfo.idl
[7.415s] -- Installing: /home/amrl-linux24-04/ros2_ben/install/orbbec_camera_msgs/share/orbbec_camera_msgs/srv/GetCameraInfo.idl
[7.415s] -- Installing: /home/amrl-linux24-04/ros2_ben/install/orbbec_camera_msgs/share/orbbec_camera_msgs/srv/GetInt32.idl
[7.415s] -- Installing: /home/amrl-linux24-04/ros2_ben/install/orbbec_camera_msgs/share/orbbec_camera_msgs/srv/GetString.idl
[7.415s] -- Installing: /home/amrl-linux24-04/ros2_ben/install/orbbec_camera_msgs/share/orbbec_camera_msgs/srv/SetInt32.idl
[7.415s] -- Installing: /home/amrl-linux24-04/ros2_ben/install/orbbec_camera_msgs/share/orbbec_camera_msgs/srv/SetString.idl
[7.415s] -- Installing: /home/amrl-linux24-04/ros2_ben/install/orbbec_camera_msgs/share/orbbec_camera_msgs/msg/DeviceInfo.msg
[7.416s] -- Installing: /home/amrl-linux24-04/ros2_ben/install/orbbec_camera_msgs/share/orbbec_camera_msgs/msg/Extrinsics.msg
[7.416s] -- Installing: /home/amrl-linux24-04/ros2_ben/install/orbbec_camera_msgs/share/orbbec_camera_msgs/msg/Metadata.msg
[7.416s] -- Installing: /home/amrl-linux24-04/ros2_ben/install/orbbec_camera_msgs/share/orbbec_camera_msgs/msg/IMUInfo.msg
[7.416s] -- Installing: /home/amrl-linux24-04/ros2_ben/install/orbbec_camera_msgs/share/orbbec_camera_msgs/msg/RGBD.msg
[7.416s] -- Installing: /home/amrl-linux24-04/ros2_ben/install/orbbec_camera_msgs/share/orbbec_camera_msgs/srv/GetBool.srv
[7.416s] -- Installing: /home/amrl-linux24-04/ros2_ben/install/orbbec_camera_msgs/share/orbbec_camera_msgs/srv/GetDeviceInfo.srv
[7.416s] -- Installing: /home/amrl-linux24-04/ros2_ben/install/orbbec_camera_msgs/share/orbbec_camera_msgs/srv/GetCameraInfo.srv
[7.416s] -- Installing: /home/amrl-linux24-04/ros2_ben/install/orbbec_camera_msgs/share/orbbec_camera_msgs/srv/GetInt32.srv
[7.416s] -- Installing: /home/amrl-linux24-04/ros2_ben/install/orbbec_camera_msgs/share/orbbec_camera_msgs/srv/GetString.srv
[7.416s] -- Installing: /home/amrl-linux24-04/ros2_ben/install/orbbec_camera_msgs/share/orbbec_camera_msgs/srv/SetInt32.srv
[7.416s] -- Installing: /home/amrl-linux24-04/ros2_ben/install/orbbec_camera_msgs/share/orbbec_camera_msgs/srv/SetString.srv
[7.416s] -- Installing: /home/amrl-linux24-04/ros2_ben/install/orbbec_camera_msgs/share/ament_index/resource_index/package_run_dependencies/orbbec_camera_msgs
[7.416s] -- Installing: /home/amrl-linux24-04/ros2_ben/install/orbbec_camera_msgs/share/ament_index/resource_index/parent_prefix_path/orbbec_camera_msgs
[7.417s] -- Installing: /home/amrl-linux24-04/ros2_ben/install/orbbec_camera_msgs/share/orbbec_camera_msgs/environment/ament_prefix_path.sh
[7.417s] -- Installing: /home/amrl-linux24-04/ros2_ben/install/orbbec_camera_msgs/share/orbbec_camera_msgs/environment/ament_prefix_path.dsv
[7.417s] -- Installing: /home/amrl-linux24-04/ros2_ben/install/orbbec_camera_msgs/share/orbbec_camera_msgs/environment/path.sh
[7.417s] -- Installing: /home/amrl-linux24-04/ros2_ben/install/orbbec_camera_msgs/share/orbbec_camera_msgs/environment/path.dsv
[7.417s] -- Installing: /home/amrl-linux24-04/ros2_ben/install/orbbec_camera_msgs/share/orbbec_camera_msgs/local_setup.bash
[7.417s] -- Installing: /home/amrl-linux24-04/ros2_ben/install/orbbec_camera_msgs/share/orbbec_camera_msgs/local_setup.sh
[7.417s] -- Installing: /home/amrl-linux24-04/ros2_ben/install/orbbec_camera_msgs/share/orbbec_camera_msgs/local_setup.zsh
[7.417s] -- Installing: /home/amrl-linux24-04/ros2_ben/install/orbbec_camera_msgs/share/orbbec_camera_msgs/local_setup.dsv
[7.417s] -- Installing: /home/amrl-linux24-04/ros2_ben/install/orbbec_camera_msgs/share/orbbec_camera_msgs/package.dsv
[7.417s] -- Installing: /home/amrl-linux24-04/ros2_ben/install/orbbec_camera_msgs/share/ament_index/resource_index/packages/orbbec_camera_msgs
[7.417s] -- Installing: /home/amrl-linux24-04/ros2_ben/install/orbbec_camera_msgs/share/orbbec_camera_msgs/cmake/export_orbbec_camera_msgs__rosidl_generator_cExport.cmake
[7.417s] -- Installing: /home/amrl-linux24-04/ros2_ben/install/orbbec_camera_msgs/share/orbbec_camera_msgs/cmake/export_orbbec_camera_msgs__rosidl_generator_cExport-noconfig.cmake
[7.417s] -- Installing: /home/amrl-linux24-04/ros2_ben/install/orbbec_camera_msgs/share/orbbec_camera_msgs/cmake/export_orbbec_camera_msgs__rosidl_typesupport_fastrtps_cExport.cmake
[7.418s] -- Installing: /home/amrl-linux24-04/ros2_ben/install/orbbec_camera_msgs/share/orbbec_camera_msgs/cmake/export_orbbec_camera_msgs__rosidl_typesupport_fastrtps_cExport-noconfig.cmake
[7.418s] -- Installing: /home/amrl-linux24-04/ros2_ben/install/orbbec_camera_msgs/share/orbbec_camera_msgs/cmake/orbbec_camera_msgs__rosidl_typesupport_introspection_cExport.cmake
[7.418s] -- Installing: /home/amrl-linux24-04/ros2_ben/install/orbbec_camera_msgs/share/orbbec_camera_msgs/cmake/orbbec_camera_msgs__rosidl_typesupport_introspection_cExport-noconfig.cmake
[7.418s] -- Installing: /home/amrl-linux24-04/ros2_ben/install/orbbec_camera_msgs/share/orbbec_camera_msgs/cmake/orbbec_camera_msgs__rosidl_typesupport_cExport.cmake
[7.418s] -- Installing: /home/amrl-linux24-04/ros2_ben/install/orbbec_camera_msgs/share/orbbec_camera_msgs/cmake/orbbec_camera_msgs__rosidl_typesupport_cExport-noconfig.cmake
[7.418s] -- Installing: /home/amrl-linux24-04/ros2_ben/install/orbbec_camera_msgs/share/orbbec_camera_msgs/cmake/export_orbbec_camera_msgs__rosidl_generator_cppExport.cmake
[7.418s] -- Installing: /home/amrl-linux24-04/ros2_ben/install/orbbec_camera_msgs/share/orbbec_camera_msgs/cmake/export_orbbec_camera_msgs__rosidl_typesupport_fastrtps_cppExport.cmake
[7.418s] -- Installing: /home/amrl-linux24-04/ros2_ben/install/orbbec_camera_msgs/share/orbbec_camera_msgs/cmake/export_orbbec_camera_msgs__rosidl_typesupport_fastrtps_cppExport-noconfig.cmake
[7.418s] -- Installing: /home/amrl-linux24-04/ros2_ben/install/orbbec_camera_msgs/share/orbbec_camera_msgs/cmake/orbbec_camera_msgs__rosidl_typesupport_introspection_cppExport.cmake
[7.418s] -- Installing: /home/amrl-linux24-04/ros2_ben/install/orbbec_camera_msgs/share/orbbec_camera_msgs/cmake/orbbec_camera_msgs__rosidl_typesupport_introspection_cppExport-noconfig.cmake
[7.418s] -- Installing: /home/amrl-linux24-04/ros2_ben/install/orbbec_camera_msgs/share/orbbec_camera_msgs/cmake/orbbec_camera_msgs__rosidl_typesupport_cppExport.cmake
[7.418s] -- Installing: /home/amrl-linux24-04/ros2_ben/install/orbbec_camera_msgs/share/orbbec_camera_msgs/cmake/orbbec_camera_msgs__rosidl_typesupport_cppExport-noconfig.cmake
[7.418s] -- Installing: /home/amrl-linux24-04/ros2_ben/install/orbbec_camera_msgs/share/orbbec_camera_msgs/cmake/export_orbbec_camera_msgs__rosidl_generator_pyExport.cmake
[7.418s] -- Installing: /home/amrl-linux24-04/ros2_ben/install/orbbec_camera_msgs/share/orbbec_camera_msgs/cmake/export_orbbec_camera_msgs__rosidl_generator_pyExport-noconfig.cmake
[7.418s] -- Installing: /home/amrl-linux24-04/ros2_ben/install/orbbec_camera_msgs/share/orbbec_camera_msgs/cmake/rosidl_cmake-extras.cmake
[7.419s] -- Installing: /home/amrl-linux24-04/ros2_ben/install/orbbec_camera_msgs/share/orbbec_camera_msgs/cmake/ament_cmake_export_dependencies-extras.cmake
[7.419s] -- Installing: /home/amrl-linux24-04/ros2_ben/install/orbbec_camera_msgs/share/orbbec_camera_msgs/cmake/ament_cmake_export_include_directories-extras.cmake
[7.419s] -- Installing: /home/amrl-linux24-04/ros2_ben/install/orbbec_camera_msgs/share/orbbec_camera_msgs/cmake/ament_cmake_export_libraries-extras.cmake
[7.419s] -- Installing: /home/amrl-linux24-04/ros2_ben/install/orbbec_camera_msgs/share/orbbec_camera_msgs/cmake/ament_cmake_export_targets-extras.cmake
[7.419s] -- Installing: /home/amrl-linux24-04/ros2_ben/install/orbbec_camera_msgs/share/orbbec_camera_msgs/cmake/rosidl_cmake_export_typesupport_targets-extras.cmake
[7.419s] -- Installing: /home/amrl-linux24-04/ros2_ben/install/orbbec_camera_msgs/share/orbbec_camera_msgs/cmake/rosidl_cmake_export_typesupport_libraries-extras.cmake
[7.419s] -- Installing: /home/amrl-linux24-04/ros2_ben/install/orbbec_camera_msgs/share/orbbec_camera_msgs/cmake/orbbec_camera_msgsConfig.cmake
[7.419s] -- Installing: /home/amrl-linux24-04/ros2_ben/install/orbbec_camera_msgs/share/orbbec_camera_msgs/cmake/orbbec_camera_msgsConfig-version.cmake
[7.419s] -- Installing: /home/amrl-linux24-04/ros2_ben/install/orbbec_camera_msgs/share/orbbec_camera_msgs/package.xml
[7.420s] Invoked command in '/home/amrl-linux24-04/ros2_ben/build/orbbec_camera_msgs' returned '0': CMAKE_PREFIX_PATH=${CMAKE_PREFIX_PATH}:/opt/ros/jazzy DEBUGINFOD_URLS=https://debuginfod.ubuntu.com /usr/bin/cmake --install /home/amrl-linux24-04/ros2_ben/build/orbbec_camera_msgs
