[0.010s] Invoking command in '/home/amrl-linux24-04/ros2_ben/build/igus_rebel_moveit_config': CMAKE_PREFIX_PATH=/home/amrl-linux24-04/ros2_ben/install/igus_rebel_description:/home/amrl-linux24-04/ros2_ben/install/yolo_bringup:/home/amrl-linux24-04/ros2_ben/install/yolo_msgs:/home/amrl-linux24-04/ros2_ben/install/realsense2_description:/home/amrl-linux24-04/ros2_ben/install/realsense2_camera:/home/amrl-linux24-04/ros2_ben/install/realsense2_camera_msgs:/home/amrl-linux24-04/ros2_ben/install/orbbec_description:/home/amrl-linux24-04/ros2_ben/install/orbbec_camera:/home/amrl-linux24-04/ros2_ben/install/orbbec_camera_msgs:/home/amrl-linux24-04/ros2_ben/install/igus_rebel:/home/amrl-linux24-04/ros2_ben/install/igus_rebel_msgs:/home/amrl-linux24-04/ros2_ben/install/igus_rebel_moveit_config:/opt/ros/jazzy/opt/gz_sim_vendor:/opt/ros/jazzy/opt/gz_sensors_vendor:/opt/ros/jazzy/opt/gz_physics_vendor:/opt/ros/jazzy/opt/sdformat_vendor:/opt/ros/jazzy/opt/gz_gui_vendor:/opt/ros/jazzy/opt/gz_transport_vendor:/opt/ros/jazzy/opt/gz_rendering_vendor:/opt/ros/jazzy/opt/gz_plugin_vendor:/opt/ros/jazzy/opt/gz_fuel_tools_vendor:/opt/ros/jazzy/opt/gz_msgs_vendor:/opt/ros/jazzy/opt/gz_common_vendor:/opt/ros/jazzy/opt/gz_math_vendor:/opt/ros/jazzy/opt/gz_utils_vendor:/opt/ros/jazzy/opt/gz_tools_vendor:/opt/ros/jazzy/opt/gz_ogre_next_vendor:/opt/ros/jazzy/opt/gz_dartsim_vendor:/opt/ros/jazzy/opt/gz_cmake_vendor:/home/amrl-linux24-04/ros2_ben/install/yolo_ros:/home/amrl-linux24-04/ros2_ben/install/igusgus_launch:/opt/ros/jazzy DEBUGINFOD_URLS=https://debuginfod.ubuntu.com /usr/bin/cmake /home/amrl-linux24-04/ros2_ben/src/igus_rebel_ros2/igus_rebel_moveit_config -DCMAKE_INSTALL_PREFIX=/home/amrl-linux24-04/ros2_ben/install/igus_rebel_moveit_config
[0.087s] -- The C compiler identification is GNU 13.3.0
[0.162s] -- The CXX compiler identification is GNU 13.3.0
[0.187s] -- Detecting C compiler ABI info
[0.322s] -- Detecting C compiler ABI info - done
[0.331s] -- Check for working C compiler: /usr/bin/cc - skipped
[0.332s] -- Detecting C compile features
[0.332s] -- Detecting C compile features - done
[0.344s] -- Detecting CXX compiler ABI info
[0.470s] -- Detecting CXX compiler ABI info - done
[0.483s] -- Check for working CXX compiler: /usr/bin/c++ - skipped
[0.483s] -- Detecting CXX compile features
[0.484s] -- Detecting CXX compile features - done
[0.488s] -- Found ament_cmake: 2.5.4 (/opt/ros/jazzy/share/ament_cmake/cmake)
[0.693s] -- Found Python3: /usr/bin/python3 (found version "3.12.3") found components: Interpreter 
[0.831s] -- Found rclcpp: 28.1.11 (/opt/ros/jazzy/share/rclcpp/cmake)
[0.895s] -- Found rosidl_generator_c: 4.6.6 (/opt/ros/jazzy/share/rosidl_generator_c/cmake)
[0.914s] -- Found rosidl_generator_cpp: 4.6.6 (/opt/ros/jazzy/share/rosidl_generator_cpp/cmake)
[0.937s] -- Using all available rosidl_typesupport_c: rosidl_typesupport_fastrtps_c;rosidl_typesupport_introspection_c
[0.965s] -- Using all available rosidl_typesupport_cpp: rosidl_typesupport_fastrtps_cpp;rosidl_typesupport_introspection_cpp
[1.063s] -- Found rmw_implementation_cmake: 7.3.2 (/opt/ros/jazzy/share/rmw_implementation_cmake/cmake)
[1.068s] -- Found rmw_fastrtps_cpp: 8.4.3 (/opt/ros/jazzy/share/rmw_fastrtps_cpp/cmake)
[1.186s] -- Found OpenSSL: /usr/lib/x86_64-linux-gnu/libcrypto.so (found version "3.0.13")  
[1.215s] -- Found FastRTPS: /opt/ros/jazzy/include (Required is at least version "2.13") 
[1.250s] -- Using RMW implementation 'rmw_fastrtps_cpp' as default
[1.344s] -- Found moveit_ros_planning_interface: 2.12.3 (/opt/ros/jazzy/share/moveit_ros_planning_interface/cmake)
[1.504s] -- Found Boost: /usr/lib/x86_64-linux-gnu/cmake/Boost-1.83.0/BoostConfig.cmake (found version "1.83.0") found components: date_time filesystem program_options system thread 
[1.853s] -- Found Boost: /usr/lib/x86_64-linux-gnu/cmake/Boost-1.83.0/BoostConfig.cmake (found version "1.83.0") found components: chrono date_time filesystem iostreams program_options regex serialization system thread 
[1.928s] -- Found parameter_traits: 0.5.0 (/opt/ros/jazzy/share/parameter_traits/cmake)
[1.943s] -- Found rclcpp_lifecycle: 28.1.11 (/opt/ros/jazzy/share/rclcpp_lifecycle/cmake)
[1.976s] -- Found Boost: /usr/lib/x86_64-linux-gnu/cmake/Boost-1.83.0/BoostConfig.cmake (found version "1.83.0") found components: filesystem 
[2.052s] -- Found Eigen3: TRUE (found version "3.4.0") 
[2.052s] -- Ensuring Eigen3 include directory is part of orocos-kdl CMake target
[2.251s] -- Found Boost: /usr/lib/x86_64-linux-gnu/cmake/Boost-1.83.0/BoostConfig.cmake (found version "1.83.0") found components: system filesystem date_time program_options thread chrono 
[2.296s] -- Found Boost: /usr/lib/x86_64-linux-gnu/cmake/Boost-1.83.0/BoostConfig.cmake (found version "1.83.0") found components: thread system filesystem regex date_time program_options 
[2.317s] -- Found Boost: /usr/lib/x86_64-linux-gnu/cmake/Boost-1.83.0/BoostConfig.cmake (found version "1.83.0") found components: system filesystem date_time program_options thread 
[2.405s] -- Configuring done (2.4s)
[2.415s] -- Generating done (0.0s)
[2.419s] -- Build files have been written to: /home/amrl-linux24-04/ros2_ben/build/igus_rebel_moveit_config
[2.438s] Invoked command in '/home/amrl-linux24-04/ros2_ben/build/igus_rebel_moveit_config' returned '0': CMAKE_PREFIX_PATH=/home/amrl-linux24-04/ros2_ben/install/igus_rebel_description:/home/amrl-linux24-04/ros2_ben/install/yolo_bringup:/home/amrl-linux24-04/ros2_ben/install/yolo_msgs:/home/amrl-linux24-04/ros2_ben/install/realsense2_description:/home/amrl-linux24-04/ros2_ben/install/realsense2_camera:/home/amrl-linux24-04/ros2_ben/install/realsense2_camera_msgs:/home/amrl-linux24-04/ros2_ben/install/orbbec_description:/home/amrl-linux24-04/ros2_ben/install/orbbec_camera:/home/amrl-linux24-04/ros2_ben/install/orbbec_camera_msgs:/home/amrl-linux24-04/ros2_ben/install/igus_rebel:/home/amrl-linux24-04/ros2_ben/install/igus_rebel_msgs:/home/amrl-linux24-04/ros2_ben/install/igus_rebel_moveit_config:/opt/ros/jazzy/opt/gz_sim_vendor:/opt/ros/jazzy/opt/gz_sensors_vendor:/opt/ros/jazzy/opt/gz_physics_vendor:/opt/ros/jazzy/opt/sdformat_vendor:/opt/ros/jazzy/opt/gz_gui_vendor:/opt/ros/jazzy/opt/gz_transport_vendor:/opt/ros/jazzy/opt/gz_rendering_vendor:/opt/ros/jazzy/opt/gz_plugin_vendor:/opt/ros/jazzy/opt/gz_fuel_tools_vendor:/opt/ros/jazzy/opt/gz_msgs_vendor:/opt/ros/jazzy/opt/gz_common_vendor:/opt/ros/jazzy/opt/gz_math_vendor:/opt/ros/jazzy/opt/gz_utils_vendor:/opt/ros/jazzy/opt/gz_tools_vendor:/opt/ros/jazzy/opt/gz_ogre_next_vendor:/opt/ros/jazzy/opt/gz_dartsim_vendor:/opt/ros/jazzy/opt/gz_cmake_vendor:/home/amrl-linux24-04/ros2_ben/install/yolo_ros:/home/amrl-linux24-04/ros2_ben/install/igusgus_launch:/opt/ros/jazzy DEBUGINFOD_URLS=https://debuginfod.ubuntu.com /usr/bin/cmake /home/amrl-linux24-04/ros2_ben/src/igus_rebel_ros2/igus_rebel_moveit_config -DCMAKE_INSTALL_PREFIX=/home/amrl-linux24-04/ros2_ben/install/igus_rebel_moveit_config
[2.439s] Invoking command in '/home/amrl-linux24-04/ros2_ben/build/igus_rebel_moveit_config': CMAKE_PREFIX_PATH=/home/amrl-linux24-04/ros2_ben/install/igus_rebel_description:/home/amrl-linux24-04/ros2_ben/install/yolo_bringup:/home/amrl-linux24-04/ros2_ben/install/yolo_msgs:/home/amrl-linux24-04/ros2_ben/install/realsense2_description:/home/amrl-linux24-04/ros2_ben/install/realsense2_camera:/home/amrl-linux24-04/ros2_ben/install/realsense2_camera_msgs:/home/amrl-linux24-04/ros2_ben/install/orbbec_description:/home/amrl-linux24-04/ros2_ben/install/orbbec_camera:/home/amrl-linux24-04/ros2_ben/install/orbbec_camera_msgs:/home/amrl-linux24-04/ros2_ben/install/igus_rebel:/home/amrl-linux24-04/ros2_ben/install/igus_rebel_msgs:/home/amrl-linux24-04/ros2_ben/install/igus_rebel_moveit_config:/opt/ros/jazzy/opt/gz_sim_vendor:/opt/ros/jazzy/opt/gz_sensors_vendor:/opt/ros/jazzy/opt/gz_physics_vendor:/opt/ros/jazzy/opt/sdformat_vendor:/opt/ros/jazzy/opt/gz_gui_vendor:/opt/ros/jazzy/opt/gz_transport_vendor:/opt/ros/jazzy/opt/gz_rendering_vendor:/opt/ros/jazzy/opt/gz_plugin_vendor:/opt/ros/jazzy/opt/gz_fuel_tools_vendor:/opt/ros/jazzy/opt/gz_msgs_vendor:/opt/ros/jazzy/opt/gz_common_vendor:/opt/ros/jazzy/opt/gz_math_vendor:/opt/ros/jazzy/opt/gz_utils_vendor:/opt/ros/jazzy/opt/gz_tools_vendor:/opt/ros/jazzy/opt/gz_ogre_next_vendor:/opt/ros/jazzy/opt/gz_dartsim_vendor:/opt/ros/jazzy/opt/gz_cmake_vendor:/home/amrl-linux24-04/ros2_ben/install/yolo_ros:/home/amrl-linux24-04/ros2_ben/install/igusgus_launch:/opt/ros/jazzy DEBUGINFOD_URLS=https://debuginfod.ubuntu.com /usr/bin/cmake --build /home/amrl-linux24-04/ros2_ben/build/igus_rebel_moveit_config -- -j22 -l22
[2.498s] Invoked command in '/home/amrl-linux24-04/ros2_ben/build/igus_rebel_moveit_config' returned '0': CMAKE_PREFIX_PATH=/home/amrl-linux24-04/ros2_ben/install/igus_rebel_description:/home/amrl-linux24-04/ros2_ben/install/yolo_bringup:/home/amrl-linux24-04/ros2_ben/install/yolo_msgs:/home/amrl-linux24-04/ros2_ben/install/realsense2_description:/home/amrl-linux24-04/ros2_ben/install/realsense2_camera:/home/amrl-linux24-04/ros2_ben/install/realsense2_camera_msgs:/home/amrl-linux24-04/ros2_ben/install/orbbec_description:/home/amrl-linux24-04/ros2_ben/install/orbbec_camera:/home/amrl-linux24-04/ros2_ben/install/orbbec_camera_msgs:/home/amrl-linux24-04/ros2_ben/install/igus_rebel:/home/amrl-linux24-04/ros2_ben/install/igus_rebel_msgs:/home/amrl-linux24-04/ros2_ben/install/igus_rebel_moveit_config:/opt/ros/jazzy/opt/gz_sim_vendor:/opt/ros/jazzy/opt/gz_sensors_vendor:/opt/ros/jazzy/opt/gz_physics_vendor:/opt/ros/jazzy/opt/sdformat_vendor:/opt/ros/jazzy/opt/gz_gui_vendor:/opt/ros/jazzy/opt/gz_transport_vendor:/opt/ros/jazzy/opt/gz_rendering_vendor:/opt/ros/jazzy/opt/gz_plugin_vendor:/opt/ros/jazzy/opt/gz_fuel_tools_vendor:/opt/ros/jazzy/opt/gz_msgs_vendor:/opt/ros/jazzy/opt/gz_common_vendor:/opt/ros/jazzy/opt/gz_math_vendor:/opt/ros/jazzy/opt/gz_utils_vendor:/opt/ros/jazzy/opt/gz_tools_vendor:/opt/ros/jazzy/opt/gz_ogre_next_vendor:/opt/ros/jazzy/opt/gz_dartsim_vendor:/opt/ros/jazzy/opt/gz_cmake_vendor:/home/amrl-linux24-04/ros2_ben/install/yolo_ros:/home/amrl-linux24-04/ros2_ben/install/igusgus_launch:/opt/ros/jazzy DEBUGINFOD_URLS=https://debuginfod.ubuntu.com /usr/bin/cmake --build /home/amrl-linux24-04/ros2_ben/build/igus_rebel_moveit_config -- -j22 -l22
[2.500s] Invoking command in '/home/amrl-linux24-04/ros2_ben/build/igus_rebel_moveit_config': CMAKE_PREFIX_PATH=/home/amrl-linux24-04/ros2_ben/install/igus_rebel_description:/home/amrl-linux24-04/ros2_ben/install/yolo_bringup:/home/amrl-linux24-04/ros2_ben/install/yolo_msgs:/home/amrl-linux24-04/ros2_ben/install/realsense2_description:/home/amrl-linux24-04/ros2_ben/install/realsense2_camera:/home/amrl-linux24-04/ros2_ben/install/realsense2_camera_msgs:/home/amrl-linux24-04/ros2_ben/install/orbbec_description:/home/amrl-linux24-04/ros2_ben/install/orbbec_camera:/home/amrl-linux24-04/ros2_ben/install/orbbec_camera_msgs:/home/amrl-linux24-04/ros2_ben/install/igus_rebel:/home/amrl-linux24-04/ros2_ben/install/igus_rebel_msgs:/home/amrl-linux24-04/ros2_ben/install/igus_rebel_moveit_config:/opt/ros/jazzy/opt/gz_sim_vendor:/opt/ros/jazzy/opt/gz_sensors_vendor:/opt/ros/jazzy/opt/gz_physics_vendor:/opt/ros/jazzy/opt/sdformat_vendor:/opt/ros/jazzy/opt/gz_gui_vendor:/opt/ros/jazzy/opt/gz_transport_vendor:/opt/ros/jazzy/opt/gz_rendering_vendor:/opt/ros/jazzy/opt/gz_plugin_vendor:/opt/ros/jazzy/opt/gz_fuel_tools_vendor:/opt/ros/jazzy/opt/gz_msgs_vendor:/opt/ros/jazzy/opt/gz_common_vendor:/opt/ros/jazzy/opt/gz_math_vendor:/opt/ros/jazzy/opt/gz_utils_vendor:/opt/ros/jazzy/opt/gz_tools_vendor:/opt/ros/jazzy/opt/gz_ogre_next_vendor:/opt/ros/jazzy/opt/gz_dartsim_vendor:/opt/ros/jazzy/opt/gz_cmake_vendor:/home/amrl-linux24-04/ros2_ben/install/yolo_ros:/home/amrl-linux24-04/ros2_ben/install/igusgus_launch:/opt/ros/jazzy DEBUGINFOD_URLS=https://debuginfod.ubuntu.com /usr/bin/cmake --install /home/amrl-linux24-04/ros2_ben/build/igus_rebel_moveit_config
[2.510s] -- Install configuration: ""
[2.510s] -- Installing: /home/amrl-linux24-04/ros2_ben/install/igus_rebel_moveit_config/share/igus_rebel_moveit_config/launch
[2.510s] -- Installing: /home/amrl-linux24-04/ros2_ben/install/igus_rebel_moveit_config/share/igus_rebel_moveit_config/launch/igus_rebel_motion_planner.launch.py
[2.511s] -- Installing: /home/amrl-linux24-04/ros2_ben/install/igus_rebel_moveit_config/share/igus_rebel_moveit_config/launch/igusgus.rviz
[2.511s] -- Installing: /home/amrl-linux24-04/ros2_ben/install/igus_rebel_moveit_config/share/igus_rebel_moveit_config/launch/move_group.launch.py
[2.511s] -- Installing: /home/amrl-linux24-04/ros2_ben/install/igus_rebel_moveit_config/share/igus_rebel_moveit_config/launch/gazebo.launch.py
[2.511s] -- Installing: /home/amrl-linux24-04/ros2_ben/install/igus_rebel_moveit_config/share/igus_rebel_moveit_config/launch/install
[2.511s] -- Installing: /home/amrl-linux24-04/ros2_ben/install/igus_rebel_moveit_config/share/igus_rebel_moveit_config/launch/install/COLCON_IGNORE
[2.511s] -- Installing: /home/amrl-linux24-04/ros2_ben/install/igus_rebel_moveit_config/share/igus_rebel_moveit_config/launch/install/setup.zsh
[2.511s] -- Installing: /home/amrl-linux24-04/ros2_ben/install/igus_rebel_moveit_config/share/igus_rebel_moveit_config/launch/install/_local_setup_util_sh.py
[2.512s] -- Installing: /home/amrl-linux24-04/ros2_ben/install/igus_rebel_moveit_config/share/igus_rebel_moveit_config/launch/install/local_setup.bash
[2.512s] -- Installing: /home/amrl-linux24-04/ros2_ben/install/igus_rebel_moveit_config/share/igus_rebel_moveit_config/launch/install/local_setup.ps1
[2.512s] -- Installing: /home/amrl-linux24-04/ros2_ben/install/igus_rebel_moveit_config/share/igus_rebel_moveit_config/launch/install/local_setup.sh
[2.512s] -- Installing: /home/amrl-linux24-04/ros2_ben/install/igus_rebel_moveit_config/share/igus_rebel_moveit_config/launch/install/setup.ps1
[2.512s] -- Installing: /home/amrl-linux24-04/ros2_ben/install/igus_rebel_moveit_config/share/igus_rebel_moveit_config/launch/install/_local_setup_util_ps1.py
[2.512s] -- Installing: /home/amrl-linux24-04/ros2_ben/install/igus_rebel_moveit_config/share/igus_rebel_moveit_config/launch/install/.colcon_install_layout
[2.513s] -- Installing: /home/amrl-linux24-04/ros2_ben/install/igus_rebel_moveit_config/share/igus_rebel_moveit_config/launch/install/setup.sh
[2.513s] -- Installing: /home/amrl-linux24-04/ros2_ben/install/igus_rebel_moveit_config/share/igus_rebel_moveit_config/launch/install/local_setup.zsh
[2.513s] -- Installing: /home/amrl-linux24-04/ros2_ben/install/igus_rebel_moveit_config/share/igus_rebel_moveit_config/launch/install/setup.bash
[2.513s] -- Installing: /home/amrl-linux24-04/ros2_ben/install/igus_rebel_moveit_config/share/igus_rebel_moveit_config/launch/moveit.rviz
[2.513s] -- Installing: /home/amrl-linux24-04/ros2_ben/install/igus_rebel_moveit_config/share/igus_rebel_moveit_config/launch/build
[2.513s] -- Installing: /home/amrl-linux24-04/ros2_ben/install/igus_rebel_moveit_config/share/igus_rebel_moveit_config/launch/build/COLCON_IGNORE
[2.513s] -- Installing: /home/amrl-linux24-04/ros2_ben/install/igus_rebel_moveit_config/share/igus_rebel_moveit_config/launch/build/.built_by
[2.513s] -- Installing: /home/amrl-linux24-04/ros2_ben/install/igus_rebel_moveit_config/share/igus_rebel_moveit_config/launch/log
[2.513s] -- Installing: /home/amrl-linux24-04/ros2_ben/install/igus_rebel_moveit_config/share/igus_rebel_moveit_config/launch/log/build_2025-09-11_14-48-16
[2.513s] -- Installing: /home/amrl-linux24-04/ros2_ben/install/igus_rebel_moveit_config/share/igus_rebel_moveit_config/launch/log/build_2025-09-11_14-48-16/events.log
[2.513s] -- Installing: /home/amrl-linux24-04/ros2_ben/install/igus_rebel_moveit_config/share/igus_rebel_moveit_config/launch/log/build_2025-09-11_14-48-16/logger_all.log
[2.513s] -- Installing: /home/amrl-linux24-04/ros2_ben/install/igus_rebel_moveit_config/share/igus_rebel_moveit_config/launch/log/COLCON_IGNORE
[2.514s] -- Installing: /home/amrl-linux24-04/ros2_ben/install/igus_rebel_moveit_config/share/igus_rebel_moveit_config/launch/log/latest_build
[2.514s] -- Installing: /home/amrl-linux24-04/ros2_ben/install/igus_rebel_moveit_config/share/igus_rebel_moveit_config/launch/log/latest
[2.514s] -- Installing: /home/amrl-linux24-04/ros2_ben/install/igus_rebel_moveit_config/share/igus_rebel_moveit_config/launch/moveit_rviz.launch.py
[2.514s] -- Installing: /home/amrl-linux24-04/ros2_ben/install/igus_rebel_moveit_config/share/igus_rebel_moveit_config/launch/ros_controllers.launch.py
[2.514s] -- Installing: /home/amrl-linux24-04/ros2_ben/install/igus_rebel_moveit_config/share/igus_rebel_moveit_config/launch/igus_rebel_simulated.launch.py
[2.514s] -- Installing: /home/amrl-linux24-04/ros2_ben/install/igus_rebel_moveit_config/share/igus_rebel_moveit_config/config
[2.514s] -- Installing: /home/amrl-linux24-04/ros2_ben/install/igus_rebel_moveit_config/share/igus_rebel_moveit_config/config/ompl_planning.yaml
[2.514s] -- Installing: /home/amrl-linux24-04/ros2_ben/install/igus_rebel_moveit_config/share/igus_rebel_moveit_config/config/pilz_industrial_motion_planner_planning.yaml
[2.514s] -- Installing: /home/amrl-linux24-04/ros2_ben/install/igus_rebel_moveit_config/share/igus_rebel_moveit_config/config/initial_positions.yaml
[2.514s] -- Installing: /home/amrl-linux24-04/ros2_ben/install/igus_rebel_moveit_config/share/igus_rebel_moveit_config/config/gz_bridge.yaml
[2.514s] -- Installing: /home/amrl-linux24-04/ros2_ben/install/igus_rebel_moveit_config/share/igus_rebel_moveit_config/config/kinematics.yaml
[2.514s] -- Installing: /home/amrl-linux24-04/ros2_ben/install/igus_rebel_moveit_config/share/igus_rebel_moveit_config/config/pilz_cartesian_limits.yaml
[2.515s] -- Installing: /home/amrl-linux24-04/ros2_ben/install/igus_rebel_moveit_config/share/igus_rebel_moveit_config/config/moveit_controllers.yaml
[2.515s] -- Installing: /home/amrl-linux24-04/ros2_ben/install/igus_rebel_moveit_config/share/igus_rebel_moveit_config/config/joint_limits.yaml
[2.515s] -- Installing: /home/amrl-linux24-04/ros2_ben/install/igus_rebel_moveit_config/share/igus_rebel_moveit_config/config/ros_controllers.yaml
[2.515s] -- Installing: /home/amrl-linux24-04/ros2_ben/install/igus_rebel_moveit_config/share/igus_rebel_moveit_config/config/stomp_planning.yaml
[2.516s] -- Installing: /home/amrl-linux24-04/ros2_ben/install/igus_rebel_moveit_config/share/igus_rebel_moveit_config/config/igus_rebel2.srdf
[2.516s] -- Installing: /home/amrl-linux24-04/ros2_ben/install/igus_rebel_moveit_config/share/ament_index/resource_index/package_run_dependencies/igus_rebel_moveit_config
[2.516s] -- Installing: /home/amrl-linux24-04/ros2_ben/install/igus_rebel_moveit_config/share/ament_index/resource_index/parent_prefix_path/igus_rebel_moveit_config
[2.516s] -- Installing: /home/amrl-linux24-04/ros2_ben/install/igus_rebel_moveit_config/share/igus_rebel_moveit_config/environment/ament_prefix_path.sh
[2.516s] -- Installing: /home/amrl-linux24-04/ros2_ben/install/igus_rebel_moveit_config/share/igus_rebel_moveit_config/environment/ament_prefix_path.dsv
[2.517s] -- Installing: /home/amrl-linux24-04/ros2_ben/install/igus_rebel_moveit_config/share/igus_rebel_moveit_config/environment/path.sh
[2.517s] -- Installing: /home/amrl-linux24-04/ros2_ben/install/igus_rebel_moveit_config/share/igus_rebel_moveit_config/environment/path.dsv
[2.517s] -- Installing: /home/amrl-linux24-04/ros2_ben/install/igus_rebel_moveit_config/share/igus_rebel_moveit_config/local_setup.bash
[2.517s] -- Installing: /home/amrl-linux24-04/ros2_ben/install/igus_rebel_moveit_config/share/igus_rebel_moveit_config/local_setup.sh
[2.518s] -- Installing: /home/amrl-linux24-04/ros2_ben/install/igus_rebel_moveit_config/share/igus_rebel_moveit_config/local_setup.zsh
[2.518s] -- Installing: /home/amrl-linux24-04/ros2_ben/install/igus_rebel_moveit_config/share/igus_rebel_moveit_config/local_setup.dsv
[2.518s] -- Installing: /home/amrl-linux24-04/ros2_ben/install/igus_rebel_moveit_config/share/igus_rebel_moveit_config/package.dsv
[2.518s] -- Installing: /home/amrl-linux24-04/ros2_ben/install/igus_rebel_moveit_config/share/ament_index/resource_index/packages/igus_rebel_moveit_config
[2.518s] -- Installing: /home/amrl-linux24-04/ros2_ben/install/igus_rebel_moveit_config/share/igus_rebel_moveit_config/cmake/igus_rebel_moveit_configConfig.cmake
[2.518s] -- Installing: /home/amrl-linux24-04/ros2_ben/install/igus_rebel_moveit_config/share/igus_rebel_moveit_config/cmake/igus_rebel_moveit_configConfig-version.cmake
[2.518s] -- Installing: /home/amrl-linux24-04/ros2_ben/install/igus_rebel_moveit_config/share/igus_rebel_moveit_config/package.xml
[2.524s] Invoked command in '/home/amrl-linux24-04/ros2_ben/build/igus_rebel_moveit_config' returned '0': CMAKE_PREFIX_PATH=/home/amrl-linux24-04/ros2_ben/install/igus_rebel_description:/home/amrl-linux24-04/ros2_ben/install/yolo_bringup:/home/amrl-linux24-04/ros2_ben/install/yolo_msgs:/home/amrl-linux24-04/ros2_ben/install/realsense2_description:/home/amrl-linux24-04/ros2_ben/install/realsense2_camera:/home/amrl-linux24-04/ros2_ben/install/realsense2_camera_msgs:/home/amrl-linux24-04/ros2_ben/install/orbbec_description:/home/amrl-linux24-04/ros2_ben/install/orbbec_camera:/home/amrl-linux24-04/ros2_ben/install/orbbec_camera_msgs:/home/amrl-linux24-04/ros2_ben/install/igus_rebel:/home/amrl-linux24-04/ros2_ben/install/igus_rebel_msgs:/home/amrl-linux24-04/ros2_ben/install/igus_rebel_moveit_config:/opt/ros/jazzy/opt/gz_sim_vendor:/opt/ros/jazzy/opt/gz_sensors_vendor:/opt/ros/jazzy/opt/gz_physics_vendor:/opt/ros/jazzy/opt/sdformat_vendor:/opt/ros/jazzy/opt/gz_gui_vendor:/opt/ros/jazzy/opt/gz_transport_vendor:/opt/ros/jazzy/opt/gz_rendering_vendor:/opt/ros/jazzy/opt/gz_plugin_vendor:/opt/ros/jazzy/opt/gz_fuel_tools_vendor:/opt/ros/jazzy/opt/gz_msgs_vendor:/opt/ros/jazzy/opt/gz_common_vendor:/opt/ros/jazzy/opt/gz_math_vendor:/opt/ros/jazzy/opt/gz_utils_vendor:/opt/ros/jazzy/opt/gz_tools_vendor:/opt/ros/jazzy/opt/gz_ogre_next_vendor:/opt/ros/jazzy/opt/gz_dartsim_vendor:/opt/ros/jazzy/opt/gz_cmake_vendor:/home/amrl-linux24-04/ros2_ben/install/yolo_ros:/home/amrl-linux24-04/ros2_ben/install/igusgus_launch:/opt/ros/jazzy DEBUGINFOD_URLS=https://debuginfod.ubuntu.com /usr/bin/cmake --install /home/amrl-linux24-04/ros2_ben/build/igus_rebel_moveit_config
