running egg_info
writing ../../../build/yolo_ros/yolo_ros.egg-info/PKG-INFO
writing dependency_links to ../../../build/yolo_ros/yolo_ros.egg-info/dependency_links.txt
writing entry points to ../../../build/yolo_ros/yolo_ros.egg-info/entry_points.txt
writing requirements to ../../../build/yolo_ros/yolo_ros.egg-info/requires.txt
writing top-level names to ../../../build/yolo_ros/yolo_ros.egg-info/top_level.txt
reading manifest file '../../../build/yolo_ros/yolo_ros.egg-info/SOURCES.txt'
writing manifest file '../../../build/yolo_ros/yolo_ros.egg-info/SOURCES.txt'
running build
running build_py
copying yolo_ros/detect_3d_node.py -> /home/amrl-linux24-04/ros2_ben/build/yolo_ros/build/lib/yolo_ros
running install
running install_lib
copying /home/amrl-linux24-04/ros2_ben/build/yolo_ros/build/lib/yolo_ros/detect_3d_node.py -> /home/amrl-linux24-04/ros2_ben/install/yolo_ros/lib/python3.12/site-packages/yolo_ros
byte-compiling /home/amrl-linux24-04/ros2_ben/install/yolo_ros/lib/python3.12/site-packages/yolo_ros/detect_3d_node.py to detect_3d_node.cpython-312.pyc
running install_data
running install_egg_info
removing '/home/amrl-linux24-04/ros2_ben/install/yolo_ros/lib/python3.12/site-packages/yolo_ros-0.0.0-py3.12.egg-info' (and everything under it)
Copying ../../../build/yolo_ros/yolo_ros.egg-info to /home/amrl-linux24-04/ros2_ben/install/yolo_ros/lib/python3.12/site-packages/yolo_ros-0.0.0-py3.12.egg-info
running install_scripts
Installing debug_node script to /home/amrl-linux24-04/ros2_ben/install/yolo_ros/lib/yolo_ros
Installing detect_3d_node script to /home/amrl-linux24-04/ros2_ben/install/yolo_ros/lib/yolo_ros
Installing tracking_node script to /home/amrl-linux24-04/ros2_ben/install/yolo_ros/lib/yolo_ros
Installing yolo_node script to /home/amrl-linux24-04/ros2_ben/install/yolo_ros/lib/yolo_ros
writing list of installed files to '/home/amrl-linux24-04/ros2_ben/build/yolo_ros/install.log'
