[0.014s] Invoking command in '/home/amrl-linux24-04/ros2_ben/build/realsense2_description': AMENT_PREFIX_PATH=/home/amrl-linux24-04/ros2_ben/install/realsense2_camera_msgs:${AMENT_PREFIX_PATH} CMAKE_PREFIX_PATH=/home/amrl-linux24-04/ros2_ben/install/realsense2_camera_msgs:/home/amrl-linux24-04/ros2_ben/install/orbbec_description:/home/amrl-linux24-04/ros2_ben/install/orbbec_camera:/home/amrl-linux24-04/ros2_ben/install/orbbec_camera_msgs:/home/amrl-linux24-04/ros2_ben/install/igus_rebel:/home/amrl-linux24-04/ros2_ben/install/igus_rebel_msgs:/home/amrl-linux24-04/ros2_ben/install/igus_rebel_moveit_config:/home/amrl-linux24-04/ros2_ben/install/igus_rebel_description:/opt/ros/jazzy/opt/gz_sim_vendor:/opt/ros/jazzy/opt/gz_sensors_vendor:/opt/ros/jazzy/opt/gz_physics_vendor:/opt/ros/jazzy/opt/sdformat_vendor:/opt/ros/jazzy/opt/gz_gui_vendor:/opt/ros/jazzy/opt/gz_transport_vendor:/opt/ros/jazzy/opt/gz_rendering_vendor:/opt/ros/jazzy/opt/gz_plugin_vendor:/opt/ros/jazzy/opt/gz_fuel_tools_vendor:/opt/ros/jazzy/opt/gz_msgs_vendor:/opt/ros/jazzy/opt/gz_common_vendor:/opt/ros/jazzy/opt/gz_math_vendor:/opt/ros/jazzy/opt/gz_utils_vendor:/opt/ros/jazzy/opt/gz_tools_vendor:/opt/ros/jazzy/opt/gz_ogre_next_vendor:/opt/ros/jazzy/opt/gz_dartsim_vendor:/opt/ros/jazzy/opt/gz_cmake_vendor:/home/amrl-linux24-04/ros2_ben/install/igusgus_launch:/opt/ros/jazzy DEBUGINFOD_URLS=https://debuginfod.ubuntu.com LD_LIBRARY_PATH=/home/amrl-linux24-04/ros2_ben/install/realsense2_camera_msgs/lib:${LD_LIBRARY_PATH} PYTHONPATH=/home/amrl-linux24-04/ros2_ben/install/realsense2_camera_msgs/lib/python3.12/site-packages:${PYTHONPATH} /usr/bin/cmake /home/amrl-linux24-04/ros2_ben/src/realsense-ros/realsense2_description -DCMAKE_INSTALL_PREFIX=/home/amrl-linux24-04/ros2_ben/install/realsense2_description
[0.089s] -- The C compiler identification is GNU 13.3.0
[0.155s] -- The CXX compiler identification is GNU 13.3.0
[0.177s] -- Detecting C compiler ABI info
[0.300s] -- Detecting C compiler ABI info - done
[0.312s] -- Check for working C compiler: /usr/bin/cc - skipped
[0.312s] -- Detecting C compile features
[0.313s] -- Detecting C compile features - done
[0.326s] -- Detecting CXX compiler ABI info
[0.460s] -- Detecting CXX compiler ABI info - done
[0.474s] -- Check for working CXX compiler: /usr/bin/c++ - skipped
[0.474s] -- Detecting CXX compile features
[0.475s] -- Detecting CXX compile features - done
[0.480s] -- Found ament_cmake: 2.5.4 (/opt/ros/jazzy/share/ament_cmake/cmake)
[0.665s] -- Found Python3: /usr/bin/python3 (found version "3.12.3") found components: Interpreter 
[0.894s] -- Configuring done (0.9s)
[0.898s] -- Generating done (0.0s)
[0.900s] -- Build files have been written to: /home/amrl-linux24-04/ros2_ben/build/realsense2_description
[0.909s] Invoked command in '/home/amrl-linux24-04/ros2_ben/build/realsense2_description' returned '0': AMENT_PREFIX_PATH=/home/amrl-linux24-04/ros2_ben/install/realsense2_camera_msgs:${AMENT_PREFIX_PATH} CMAKE_PREFIX_PATH=/home/amrl-linux24-04/ros2_ben/install/realsense2_camera_msgs:/home/amrl-linux24-04/ros2_ben/install/orbbec_description:/home/amrl-linux24-04/ros2_ben/install/orbbec_camera:/home/amrl-linux24-04/ros2_ben/install/orbbec_camera_msgs:/home/amrl-linux24-04/ros2_ben/install/igus_rebel:/home/amrl-linux24-04/ros2_ben/install/igus_rebel_msgs:/home/amrl-linux24-04/ros2_ben/install/igus_rebel_moveit_config:/home/amrl-linux24-04/ros2_ben/install/igus_rebel_description:/opt/ros/jazzy/opt/gz_sim_vendor:/opt/ros/jazzy/opt/gz_sensors_vendor:/opt/ros/jazzy/opt/gz_physics_vendor:/opt/ros/jazzy/opt/sdformat_vendor:/opt/ros/jazzy/opt/gz_gui_vendor:/opt/ros/jazzy/opt/gz_transport_vendor:/opt/ros/jazzy/opt/gz_rendering_vendor:/opt/ros/jazzy/opt/gz_plugin_vendor:/opt/ros/jazzy/opt/gz_fuel_tools_vendor:/opt/ros/jazzy/opt/gz_msgs_vendor:/opt/ros/jazzy/opt/gz_common_vendor:/opt/ros/jazzy/opt/gz_math_vendor:/opt/ros/jazzy/opt/gz_utils_vendor:/opt/ros/jazzy/opt/gz_tools_vendor:/opt/ros/jazzy/opt/gz_ogre_next_vendor:/opt/ros/jazzy/opt/gz_dartsim_vendor:/opt/ros/jazzy/opt/gz_cmake_vendor:/home/amrl-linux24-04/ros2_ben/install/igusgus_launch:/opt/ros/jazzy DEBUGINFOD_URLS=https://debuginfod.ubuntu.com LD_LIBRARY_PATH=/home/amrl-linux24-04/ros2_ben/install/realsense2_camera_msgs/lib:${LD_LIBRARY_PATH} PYTHONPATH=/home/amrl-linux24-04/ros2_ben/install/realsense2_camera_msgs/lib/python3.12/site-packages:${PYTHONPATH} /usr/bin/cmake /home/amrl-linux24-04/ros2_ben/src/realsense-ros/realsense2_description -DCMAKE_INSTALL_PREFIX=/home/amrl-linux24-04/ros2_ben/install/realsense2_description
[0.910s] Invoking command in '/home/amrl-linux24-04/ros2_ben/build/realsense2_description': AMENT_PREFIX_PATH=/home/amrl-linux24-04/ros2_ben/install/realsense2_camera_msgs:${AMENT_PREFIX_PATH} CMAKE_PREFIX_PATH=/home/amrl-linux24-04/ros2_ben/install/realsense2_camera_msgs:/home/amrl-linux24-04/ros2_ben/install/orbbec_description:/home/amrl-linux24-04/ros2_ben/install/orbbec_camera:/home/amrl-linux24-04/ros2_ben/install/orbbec_camera_msgs:/home/amrl-linux24-04/ros2_ben/install/igus_rebel:/home/amrl-linux24-04/ros2_ben/install/igus_rebel_msgs:/home/amrl-linux24-04/ros2_ben/install/igus_rebel_moveit_config:/home/amrl-linux24-04/ros2_ben/install/igus_rebel_description:/opt/ros/jazzy/opt/gz_sim_vendor:/opt/ros/jazzy/opt/gz_sensors_vendor:/opt/ros/jazzy/opt/gz_physics_vendor:/opt/ros/jazzy/opt/sdformat_vendor:/opt/ros/jazzy/opt/gz_gui_vendor:/opt/ros/jazzy/opt/gz_transport_vendor:/opt/ros/jazzy/opt/gz_rendering_vendor:/opt/ros/jazzy/opt/gz_plugin_vendor:/opt/ros/jazzy/opt/gz_fuel_tools_vendor:/opt/ros/jazzy/opt/gz_msgs_vendor:/opt/ros/jazzy/opt/gz_common_vendor:/opt/ros/jazzy/opt/gz_math_vendor:/opt/ros/jazzy/opt/gz_utils_vendor:/opt/ros/jazzy/opt/gz_tools_vendor:/opt/ros/jazzy/opt/gz_ogre_next_vendor:/opt/ros/jazzy/opt/gz_dartsim_vendor:/opt/ros/jazzy/opt/gz_cmake_vendor:/home/amrl-linux24-04/ros2_ben/install/igusgus_launch:/opt/ros/jazzy DEBUGINFOD_URLS=https://debuginfod.ubuntu.com LD_LIBRARY_PATH=/home/amrl-linux24-04/ros2_ben/install/realsense2_camera_msgs/lib:${LD_LIBRARY_PATH} PYTHONPATH=/home/amrl-linux24-04/ros2_ben/install/realsense2_camera_msgs/lib/python3.12/site-packages:${PYTHONPATH} /usr/bin/cmake --build /home/amrl-linux24-04/ros2_ben/build/realsense2_description -- -j22 -l22
[0.964s] Invoked command in '/home/amrl-linux24-04/ros2_ben/build/realsense2_description' returned '0': AMENT_PREFIX_PATH=/home/amrl-linux24-04/ros2_ben/install/realsense2_camera_msgs:${AMENT_PREFIX_PATH} CMAKE_PREFIX_PATH=/home/amrl-linux24-04/ros2_ben/install/realsense2_camera_msgs:/home/amrl-linux24-04/ros2_ben/install/orbbec_description:/home/amrl-linux24-04/ros2_ben/install/orbbec_camera:/home/amrl-linux24-04/ros2_ben/install/orbbec_camera_msgs:/home/amrl-linux24-04/ros2_ben/install/igus_rebel:/home/amrl-linux24-04/ros2_ben/install/igus_rebel_msgs:/home/amrl-linux24-04/ros2_ben/install/igus_rebel_moveit_config:/home/amrl-linux24-04/ros2_ben/install/igus_rebel_description:/opt/ros/jazzy/opt/gz_sim_vendor:/opt/ros/jazzy/opt/gz_sensors_vendor:/opt/ros/jazzy/opt/gz_physics_vendor:/opt/ros/jazzy/opt/sdformat_vendor:/opt/ros/jazzy/opt/gz_gui_vendor:/opt/ros/jazzy/opt/gz_transport_vendor:/opt/ros/jazzy/opt/gz_rendering_vendor:/opt/ros/jazzy/opt/gz_plugin_vendor:/opt/ros/jazzy/opt/gz_fuel_tools_vendor:/opt/ros/jazzy/opt/gz_msgs_vendor:/opt/ros/jazzy/opt/gz_common_vendor:/opt/ros/jazzy/opt/gz_math_vendor:/opt/ros/jazzy/opt/gz_utils_vendor:/opt/ros/jazzy/opt/gz_tools_vendor:/opt/ros/jazzy/opt/gz_ogre_next_vendor:/opt/ros/jazzy/opt/gz_dartsim_vendor:/opt/ros/jazzy/opt/gz_cmake_vendor:/home/amrl-linux24-04/ros2_ben/install/igusgus_launch:/opt/ros/jazzy DEBUGINFOD_URLS=https://debuginfod.ubuntu.com LD_LIBRARY_PATH=/home/amrl-linux24-04/ros2_ben/install/realsense2_camera_msgs/lib:${LD_LIBRARY_PATH} PYTHONPATH=/home/amrl-linux24-04/ros2_ben/install/realsense2_camera_msgs/lib/python3.12/site-packages:${PYTHONPATH} /usr/bin/cmake --build /home/amrl-linux24-04/ros2_ben/build/realsense2_description -- -j22 -l22
[0.966s] Invoking command in '/home/amrl-linux24-04/ros2_ben/build/realsense2_description': AMENT_PREFIX_PATH=/home/amrl-linux24-04/ros2_ben/install/realsense2_camera_msgs:${AMENT_PREFIX_PATH} CMAKE_PREFIX_PATH=/home/amrl-linux24-04/ros2_ben/install/realsense2_camera_msgs:/home/amrl-linux24-04/ros2_ben/install/orbbec_description:/home/amrl-linux24-04/ros2_ben/install/orbbec_camera:/home/amrl-linux24-04/ros2_ben/install/orbbec_camera_msgs:/home/amrl-linux24-04/ros2_ben/install/igus_rebel:/home/amrl-linux24-04/ros2_ben/install/igus_rebel_msgs:/home/amrl-linux24-04/ros2_ben/install/igus_rebel_moveit_config:/home/amrl-linux24-04/ros2_ben/install/igus_rebel_description:/opt/ros/jazzy/opt/gz_sim_vendor:/opt/ros/jazzy/opt/gz_sensors_vendor:/opt/ros/jazzy/opt/gz_physics_vendor:/opt/ros/jazzy/opt/sdformat_vendor:/opt/ros/jazzy/opt/gz_gui_vendor:/opt/ros/jazzy/opt/gz_transport_vendor:/opt/ros/jazzy/opt/gz_rendering_vendor:/opt/ros/jazzy/opt/gz_plugin_vendor:/opt/ros/jazzy/opt/gz_fuel_tools_vendor:/opt/ros/jazzy/opt/gz_msgs_vendor:/opt/ros/jazzy/opt/gz_common_vendor:/opt/ros/jazzy/opt/gz_math_vendor:/opt/ros/jazzy/opt/gz_utils_vendor:/opt/ros/jazzy/opt/gz_tools_vendor:/opt/ros/jazzy/opt/gz_ogre_next_vendor:/opt/ros/jazzy/opt/gz_dartsim_vendor:/opt/ros/jazzy/opt/gz_cmake_vendor:/home/amrl-linux24-04/ros2_ben/install/igusgus_launch:/opt/ros/jazzy DEBUGINFOD_URLS=https://debuginfod.ubuntu.com LD_LIBRARY_PATH=/home/amrl-linux24-04/ros2_ben/install/realsense2_camera_msgs/lib:${LD_LIBRARY_PATH} PYTHONPATH=/home/amrl-linux24-04/ros2_ben/install/realsense2_camera_msgs/lib/python3.12/site-packages:${PYTHONPATH} /usr/bin/cmake --install /home/amrl-linux24-04/ros2_ben/build/realsense2_description
[0.976s] -- Install configuration: ""
[0.976s] -- Installing: /home/amrl-linux24-04/ros2_ben/install/realsense2_description/share/realsense2_description/launch
[0.976s] -- Installing: /home/amrl-linux24-04/ros2_ben/install/realsense2_description/share/realsense2_description/launch/launch_utils.py
[0.976s] -- Installing: /home/amrl-linux24-04/ros2_ben/install/realsense2_description/share/realsense2_description/launch/view_model.launch.py
[0.976s] -- Installing: /home/amrl-linux24-04/ros2_ben/install/realsense2_description/share/realsense2_description/meshes
[0.976s] -- Installing: /home/amrl-linux24-04/ros2_ben/install/realsense2_description/share/realsense2_description/meshes/d455.stl
[0.978s] -- Installing: /home/amrl-linux24-04/ros2_ben/install/realsense2_description/share/realsense2_description/meshes/plug.stl
[0.979s] -- Installing: /home/amrl-linux24-04/ros2_ben/install/realsense2_description/share/realsense2_description/meshes/d405.stl
[0.979s] -- Installing: /home/amrl-linux24-04/ros2_ben/install/realsense2_description/share/realsense2_description/meshes/l515.dae
[1.006s] -- Installing: /home/amrl-linux24-04/ros2_ben/install/realsense2_description/share/realsense2_description/meshes/plug_collision.stl
[1.007s] -- Installing: /home/amrl-linux24-04/ros2_ben/install/realsense2_description/share/realsense2_description/meshes/d415.stl
[1.023s] -- Installing: /home/amrl-linux24-04/ros2_ben/install/realsense2_description/share/realsense2_description/meshes/d435.dae
[1.035s] -- Installing: /home/amrl-linux24-04/ros2_ben/install/realsense2_description/share/realsense2_description/rviz
[1.036s] -- Installing: /home/amrl-linux24-04/ros2_ben/install/realsense2_description/share/realsense2_description/rviz/urdf.rviz
[1.036s] -- Installing: /home/amrl-linux24-04/ros2_ben/install/realsense2_description/share/realsense2_description/urdf
[1.036s] -- Installing: /home/amrl-linux24-04/ros2_ben/install/realsense2_description/share/realsense2_description/urdf/test_d435_camera.urdf.xacro
[1.036s] -- Installing: /home/amrl-linux24-04/ros2_ben/install/realsense2_description/share/realsense2_description/urdf/_d435i.urdf.xacro
[1.036s] -- Installing: /home/amrl-linux24-04/ros2_ben/install/realsense2_description/share/realsense2_description/urdf/_usb_plug.urdf.xacro
[1.036s] -- Installing: /home/amrl-linux24-04/ros2_ben/install/realsense2_description/share/realsense2_description/urdf/_d455.urdf.xacro
[1.036s] -- Installing: /home/amrl-linux24-04/ros2_ben/install/realsense2_description/share/realsense2_description/urdf/_r410.urdf.xacro
[1.036s] -- Installing: /home/amrl-linux24-04/ros2_ben/install/realsense2_description/share/realsense2_description/urdf/test_d435_multiple_cameras.urdf.xacro
[1.036s] -- Installing: /home/amrl-linux24-04/ros2_ben/install/realsense2_description/share/realsense2_description/urdf/_r430.urdf.xacro
[1.037s] -- Installing: /home/amrl-linux24-04/ros2_ben/install/realsense2_description/share/realsense2_description/urdf/test_d405_camera.urdf.xacro
[1.037s] -- Installing: /home/amrl-linux24-04/ros2_ben/install/realsense2_description/share/realsense2_description/urdf/test_r430_camera.urdf.xacro
[1.037s] -- Installing: /home/amrl-linux24-04/ros2_ben/install/realsense2_description/share/realsense2_description/urdf/test_r410_camera.urdf.xacro
[1.037s] -- Installing: /home/amrl-linux24-04/ros2_ben/install/realsense2_description/share/realsense2_description/urdf/_d415.urdf.xacro
[1.037s] -- Installing: /home/amrl-linux24-04/ros2_ben/install/realsense2_description/share/realsense2_description/urdf/_d435.urdf.xacro
[1.038s] -- Installing: /home/amrl-linux24-04/ros2_ben/install/realsense2_description/share/realsense2_description/urdf/_d405.urdf.xacro
[1.038s] -- Installing: /home/amrl-linux24-04/ros2_ben/install/realsense2_description/share/realsense2_description/urdf/test_d455_camera.urdf.xacro
[1.038s] -- Installing: /home/amrl-linux24-04/ros2_ben/install/realsense2_description/share/realsense2_description/urdf/_d435i_imu_modules.urdf.xacro
[1.038s] -- Installing: /home/amrl-linux24-04/ros2_ben/install/realsense2_description/share/realsense2_description/urdf/test_d415_camera.urdf.xacro
[1.038s] -- Installing: /home/amrl-linux24-04/ros2_ben/install/realsense2_description/share/realsense2_description/urdf/_materials.urdf.xacro
[1.038s] -- Installing: /home/amrl-linux24-04/ros2_ben/install/realsense2_description/share/realsense2_description/urdf/test_d435i_camera.urdf.xacro
[1.038s] -- Installing: /home/amrl-linux24-04/ros2_ben/install/realsense2_description/share/ament_index/resource_index/package_run_dependencies/realsense2_description
[1.038s] -- Installing: /home/amrl-linux24-04/ros2_ben/install/realsense2_description/share/ament_index/resource_index/parent_prefix_path/realsense2_description
[1.038s] -- Installing: /home/amrl-linux24-04/ros2_ben/install/realsense2_description/share/realsense2_description/environment/ament_prefix_path.sh
[1.038s] -- Installing: /home/amrl-linux24-04/ros2_ben/install/realsense2_description/share/realsense2_description/environment/ament_prefix_path.dsv
[1.038s] -- Installing: /home/amrl-linux24-04/ros2_ben/install/realsense2_description/share/realsense2_description/environment/path.sh
[1.038s] -- Installing: /home/amrl-linux24-04/ros2_ben/install/realsense2_description/share/realsense2_description/environment/path.dsv
[1.038s] -- Installing: /home/amrl-linux24-04/ros2_ben/install/realsense2_description/share/realsense2_description/local_setup.bash
[1.039s] -- Installing: /home/amrl-linux24-04/ros2_ben/install/realsense2_description/share/realsense2_description/local_setup.sh
[1.039s] -- Installing: /home/amrl-linux24-04/ros2_ben/install/realsense2_description/share/realsense2_description/local_setup.zsh
[1.039s] -- Installing: /home/amrl-linux24-04/ros2_ben/install/realsense2_description/share/realsense2_description/local_setup.dsv
[1.039s] -- Installing: /home/amrl-linux24-04/ros2_ben/install/realsense2_description/share/realsense2_description/package.dsv
[1.039s] -- Installing: /home/amrl-linux24-04/ros2_ben/install/realsense2_description/share/ament_index/resource_index/packages/realsense2_description
[1.039s] -- Installing: /home/amrl-linux24-04/ros2_ben/install/realsense2_description/share/realsense2_description/cmake/realsense2_descriptionConfig.cmake
[1.039s] -- Installing: /home/amrl-linux24-04/ros2_ben/install/realsense2_description/share/realsense2_description/cmake/realsense2_descriptionConfig-version.cmake
[1.039s] -- Installing: /home/amrl-linux24-04/ros2_ben/install/realsense2_description/share/realsense2_description/package.xml
[1.040s] Invoked command in '/home/amrl-linux24-04/ros2_ben/build/realsense2_description' returned '0': AMENT_PREFIX_PATH=/home/amrl-linux24-04/ros2_ben/install/realsense2_camera_msgs:${AMENT_PREFIX_PATH} CMAKE_PREFIX_PATH=/home/amrl-linux24-04/ros2_ben/install/realsense2_camera_msgs:/home/amrl-linux24-04/ros2_ben/install/orbbec_description:/home/amrl-linux24-04/ros2_ben/install/orbbec_camera:/home/amrl-linux24-04/ros2_ben/install/orbbec_camera_msgs:/home/amrl-linux24-04/ros2_ben/install/igus_rebel:/home/amrl-linux24-04/ros2_ben/install/igus_rebel_msgs:/home/amrl-linux24-04/ros2_ben/install/igus_rebel_moveit_config:/home/amrl-linux24-04/ros2_ben/install/igus_rebel_description:/opt/ros/jazzy/opt/gz_sim_vendor:/opt/ros/jazzy/opt/gz_sensors_vendor:/opt/ros/jazzy/opt/gz_physics_vendor:/opt/ros/jazzy/opt/sdformat_vendor:/opt/ros/jazzy/opt/gz_gui_vendor:/opt/ros/jazzy/opt/gz_transport_vendor:/opt/ros/jazzy/opt/gz_rendering_vendor:/opt/ros/jazzy/opt/gz_plugin_vendor:/opt/ros/jazzy/opt/gz_fuel_tools_vendor:/opt/ros/jazzy/opt/gz_msgs_vendor:/opt/ros/jazzy/opt/gz_common_vendor:/opt/ros/jazzy/opt/gz_math_vendor:/opt/ros/jazzy/opt/gz_utils_vendor:/opt/ros/jazzy/opt/gz_tools_vendor:/opt/ros/jazzy/opt/gz_ogre_next_vendor:/opt/ros/jazzy/opt/gz_dartsim_vendor:/opt/ros/jazzy/opt/gz_cmake_vendor:/home/amrl-linux24-04/ros2_ben/install/igusgus_launch:/opt/ros/jazzy DEBUGINFOD_URLS=https://debuginfod.ubuntu.com LD_LIBRARY_PATH=/home/amrl-linux24-04/ros2_ben/install/realsense2_camera_msgs/lib:${LD_LIBRARY_PATH} PYTHONPATH=/home/amrl-linux24-04/ros2_ben/install/realsense2_camera_msgs/lib/python3.12/site-packages:${PYTHONPATH} /usr/bin/cmake --install /home/amrl-linux24-04/ros2_ben/build/realsense2_description
