[0.011s] Invoking command in '/home/amrl-linux24-04/ros2_ben/build/igus_rebel_msgs': CMAKE_PREFIX_PATH=${CMAKE_PREFIX_PATH}:/opt/ros/jazzy DEBUGINFOD_URLS=https://debuginfod.ubuntu.com /usr/bin/cmake /home/amrl-linux24-04/ros2_ben/src/igus_rebel_ros2/igus_rebel_msgs -DCMAKE_BUILD_TYPE=Release -DCMAKE_INSTALL_PREFIX=/home/amrl-linux24-04/ros2_ben/install/igus_rebel_msgs
[0.038s] -- Found ament_cmake: 2.5.4 (/opt/ros/jazzy/share/ament_cmake/cmake)
[0.057s] -- Found Python3: /usr/bin/python3 (found version "3.12.3") found components: Interpreter 
[0.117s] -- Found rclcpp: 28.1.11 (/opt/ros/jazzy/share/rclcpp/cmake)
[0.134s] -- Found rosidl_generator_c: 4.6.6 (/opt/ros/jazzy/share/rosidl_generator_c/cmake)
[0.140s] -- Found rosidl_generator_cpp: 4.6.6 (/opt/ros/jazzy/share/rosidl_generator_cpp/cmake)
[0.147s] -- Using all available rosidl_typesupport_c: rosidl_typesupport_fastrtps_c;rosidl_typesupport_introspection_c
[0.155s] -- Using all available rosidl_typesupport_cpp: rosidl_typesupport_fastrtps_cpp;rosidl_typesupport_introspection_cpp
[0.194s] -- Found rmw_implementation_cmake: 7.3.2 (/opt/ros/jazzy/share/rmw_implementation_cmake/cmake)
[0.195s] -- Found rmw_fastrtps_cpp: 8.4.3 (/opt/ros/jazzy/share/rmw_fastrtps_cpp/cmake)
[0.247s] -- Using RMW implementation 'rmw_fastrtps_cpp' as default
[0.293s] -- Found rclpy: 7.1.5 (/opt/ros/jazzy/share/rclpy/cmake)
[0.293s] -- Found std_msgs: 5.3.6 (/opt/ros/jazzy/share/std_msgs/cmake)
[0.301s] -- Found sensor_msgs: 5.3.6 (/opt/ros/jazzy/share/sensor_msgs/cmake)
[0.328s] -- Found rosidl_default_generators: 1.6.0 (/opt/ros/jazzy/share/rosidl_default_generators/cmake)
[0.334s] -- Found rosidl_adapter: 4.6.6 (/opt/ros/jazzy/share/rosidl_adapter/cmake)
[0.511s] -- Found ament_cmake_ros: 0.12.0 (/opt/ros/jazzy/share/ament_cmake_ros/cmake)
[0.619s] -- Using all available rosidl_typesupport_c: rosidl_typesupport_fastrtps_c;rosidl_typesupport_introspection_c
[0.660s] -- Using all available rosidl_typesupport_cpp: rosidl_typesupport_fastrtps_cpp;rosidl_typesupport_introspection_cpp
[0.661s] -- Found python_cmake_module: 0.11.1 (/opt/ros/jazzy/share/python_cmake_module/cmake)
[0.841s] -- Found Python3: /usr/bin/python3 (found version "3.12.3") found components: Interpreter Development NumPy Development.Module Development.Embed 
[0.857s] -- Configuring done (0.8s)
[0.881s] -- Generating done (0.0s)
[0.888s] -- Build files have been written to: /home/amrl-linux24-04/ros2_ben/build/igus_rebel_msgs
[0.898s] Invoked command in '/home/amrl-linux24-04/ros2_ben/build/igus_rebel_msgs' returned '0': CMAKE_PREFIX_PATH=${CMAKE_PREFIX_PATH}:/opt/ros/jazzy DEBUGINFOD_URLS=https://debuginfod.ubuntu.com /usr/bin/cmake /home/amrl-linux24-04/ros2_ben/src/igus_rebel_ros2/igus_rebel_msgs -DCMAKE_BUILD_TYPE=Release -DCMAKE_INSTALL_PREFIX=/home/amrl-linux24-04/ros2_ben/install/igus_rebel_msgs
[0.900s] Invoking command in '/home/amrl-linux24-04/ros2_ben/build/igus_rebel_msgs': CMAKE_PREFIX_PATH=${CMAKE_PREFIX_PATH}:/opt/ros/jazzy DEBUGINFOD_URLS=https://debuginfod.ubuntu.com /usr/bin/cmake --build /home/amrl-linux24-04/ros2_ben/build/igus_rebel_msgs -- -j22 -l22
[0.954s] [  2%] Built target igus_rebel_msgs__rosidl_generator_type_description
[0.963s] [  2%] Built target ament_cmake_python_copy_igus_rebel_msgs
[0.974s] [  9%] [32mBuilding C object CMakeFiles/igus_rebel_msgs__rosidl_generator_c.dir/rosidl_generator_c/igus_rebel_msgs/srv/detail/set_digital_output__description.c.o[0m
[0.974s] [  9%] Built target igus_rebel_msgs__cpp
[0.974s] [  9%] [32mBuilding C object CMakeFiles/igus_rebel_msgs__rosidl_generator_c.dir/rosidl_generator_c/igus_rebel_msgs/msg/detail/digital_output__type_support.c.o[0m
[0.974s] [ 11%] [32mBuilding C object CMakeFiles/igus_rebel_msgs__rosidl_generator_c.dir/rosidl_generator_c/igus_rebel_msgs/srv/detail/set_digital_output__type_support.c.o[0m
[0.976s] [ 15%] [32mBuilding C object CMakeFiles/igus_rebel_msgs__rosidl_generator_c.dir/rosidl_generator_c/igus_rebel_msgs/msg/detail/digital_output__description.c.o[0m
[0.976s] [ 15%] [32mBuilding C object CMakeFiles/igus_rebel_msgs__rosidl_generator_c.dir/rosidl_generator_c/igus_rebel_msgs/msg/detail/digital_output__functions.c.o[0m
[0.978s] [ 18%] [32mBuilding C object CMakeFiles/igus_rebel_msgs__rosidl_generator_c.dir/rosidl_generator_c/igus_rebel_msgs/srv/detail/set_digital_output__functions.c.o[0m
[1.112s] running egg_info
[1.122s] writing igus_rebel_msgs.egg-info/PKG-INFO
[1.123s] [ 20%] [32m[1mLinking C shared library libigus_rebel_msgs__rosidl_generator_c.so[0m
[1.123s] writing dependency_links to igus_rebel_msgs.egg-info/dependency_links.txt
[1.123s] writing top-level names to igus_rebel_msgs.egg-info/top_level.txt
[1.155s] reading manifest file 'igus_rebel_msgs.egg-info/SOURCES.txt'
[1.155s] writing manifest file 'igus_rebel_msgs.egg-info/SOURCES.txt'
[1.166s] [ 22%] Built target igus_rebel_msgs__rosidl_generator_c
[1.177s] [ 22%] Built target ament_cmake_python_build_igus_rebel_msgs_egg
[1.189s] [ 25%] [32mBuilding CXX object CMakeFiles/igus_rebel_msgs__rosidl_typesupport_c.dir/rosidl_typesupport_c/igus_rebel_msgs/msg/digital_output__type_support.cpp.o[0m
[1.190s] [ 27%] [32mBuilding CXX object CMakeFiles/igus_rebel_msgs__rosidl_typesupport_c.dir/rosidl_typesupport_c/igus_rebel_msgs/srv/set_digital_output__type_support.cpp.o[0m
[1.191s] [ 29%] [32mBuilding CXX object CMakeFiles/igus_rebel_msgs__rosidl_typesupport_introspection_cpp.dir/rosidl_typesupport_introspection_cpp/igus_rebel_msgs/msg/detail/digital_output__type_support.cpp.o[0m
[1.192s] [ 31%] [32mBuilding CXX object CMakeFiles/igus_rebel_msgs__rosidl_typesupport_introspection_cpp.dir/rosidl_typesupport_introspection_cpp/igus_rebel_msgs/srv/detail/set_digital_output__type_support.cpp.o[0m
[1.192s] [ 34%] [32mBuilding CXX object CMakeFiles/igus_rebel_msgs__rosidl_typesupport_cpp.dir/rosidl_typesupport_cpp/igus_rebel_msgs/msg/digital_output__type_support.cpp.o[0m
[1.192s] [ 36%] [32mBuilding CXX object CMakeFiles/igus_rebel_msgs__rosidl_typesupport_fastrtps_c.dir/rosidl_typesupport_fastrtps_c/igus_rebel_msgs/msg/detail/digital_output__type_support_c.cpp.o[0m
[1.192s] [ 38%] [32mBuilding CXX object CMakeFiles/igus_rebel_msgs__rosidl_typesupport_fastrtps_c.dir/rosidl_typesupport_fastrtps_c/igus_rebel_msgs/srv/detail/set_digital_output__type_support_c.cpp.o[0m
[1.194s] [ 40%] [32mBuilding CXX object CMakeFiles/igus_rebel_msgs__rosidl_typesupport_cpp.dir/rosidl_typesupport_cpp/igus_rebel_msgs/srv/set_digital_output__type_support.cpp.o[0m
[1.196s] [ 43%] [32mBuilding C object CMakeFiles/igus_rebel_msgs__rosidl_typesupport_introspection_c.dir/rosidl_typesupport_introspection_c/igus_rebel_msgs/msg/detail/digital_output__type_support.c.o[0m
[1.199s] [ 45%] [32mBuilding C object CMakeFiles/igus_rebel_msgs__rosidl_typesupport_introspection_c.dir/rosidl_typesupport_introspection_c/igus_rebel_msgs/srv/detail/set_digital_output__type_support.c.o[0m
[1.199s] [ 47%] [32mBuilding CXX object CMakeFiles/igus_rebel_msgs__rosidl_typesupport_fastrtps_cpp.dir/rosidl_typesupport_fastrtps_cpp/igus_rebel_msgs/srv/detail/dds_fastrtps/set_digital_output__type_support.cpp.o[0m
[1.200s] [ 50%] [32mBuilding CXX object CMakeFiles/igus_rebel_msgs__rosidl_typesupport_fastrtps_cpp.dir/rosidl_typesupport_fastrtps_cpp/igus_rebel_msgs/msg/detail/dds_fastrtps/digital_output__type_support.cpp.o[0m
[1.262s] [ 52%] [32m[1mLinking CXX shared library libigus_rebel_msgs__rosidl_typesupport_c.so[0m
[1.395s] [ 54%] Built target igus_rebel_msgs__rosidl_typesupport_c
[1.413s] [ 56%] [32m[1mLinking C shared library libigus_rebel_msgs__rosidl_typesupport_introspection_c.so[0m
[1.462s] [ 59%] Built target igus_rebel_msgs__rosidl_typesupport_introspection_c
[1.725s] [ 61%] [32m[1mLinking CXX shared library libigus_rebel_msgs__rosidl_typesupport_cpp.so[0m
[1.889s] [ 63%] Built target igus_rebel_msgs__rosidl_typesupport_cpp
[1.911s] [ 65%] [32m[1mLinking CXX shared library libigus_rebel_msgs__rosidl_typesupport_introspection_cpp.so[0m
[2.089s] [ 68%] Built target igus_rebel_msgs__rosidl_typesupport_introspection_cpp
[2.145s] [ 70%] [32m[1mLinking CXX shared library libigus_rebel_msgs__rosidl_typesupport_fastrtps_c.so[0m
[2.401s] [ 72%] Built target igus_rebel_msgs__rosidl_typesupport_fastrtps_c
[2.411s] [ 75%] [32m[1mLinking CXX shared library libigus_rebel_msgs__rosidl_typesupport_fastrtps_cpp.so[0m
[2.559s] [ 77%] Built target igus_rebel_msgs__rosidl_typesupport_fastrtps_cpp
[2.601s] [ 77%] Built target igus_rebel_msgs
[2.628s] [ 79%] Built target igus_rebel_msgs__py
[2.682s] [ 81%] [32mBuilding C object CMakeFiles/igus_rebel_msgs__rosidl_generator_py.dir/rosidl_generator_py/igus_rebel_msgs/srv/_set_digital_output_s.c.o[0m
[2.683s] [ 84%] [32mBuilding C object CMakeFiles/igus_rebel_msgs__rosidl_generator_py.dir/rosidl_generator_py/igus_rebel_msgs/msg/_digital_output_s.c.o[0m
[3.033s] [ 86%] [32m[1mLinking C shared library libigus_rebel_msgs__rosidl_generator_py.so[0m
[3.088s] [ 86%] Built target igus_rebel_msgs__rosidl_generator_py
[3.128s] [ 88%] [32mBuilding C object CMakeFiles/igus_rebel_msgs_s__rosidl_typesupport_fastrtps_c.dir/rosidl_generator_py/igus_rebel_msgs/_igus_rebel_msgs_s.ep.rosidl_typesupport_fastrtps_c.c.o[0m
[3.141s] [ 90%] [32mBuilding C object CMakeFiles/igus_rebel_msgs_s__rosidl_typesupport_c.dir/rosidl_generator_py/igus_rebel_msgs/_igus_rebel_msgs_s.ep.rosidl_typesupport_c.c.o[0m
[3.141s] [ 93%] [32mBuilding C object CMakeFiles/igus_rebel_msgs_s__rosidl_typesupport_introspection_c.dir/rosidl_generator_py/igus_rebel_msgs/_igus_rebel_msgs_s.ep.rosidl_typesupport_introspection_c.c.o[0m
[3.411s] [ 95%] [32m[1mLinking C shared module rosidl_generator_py/igus_rebel_msgs/igus_rebel_msgs_s__rosidl_typesupport_fastrtps_c.so[0m
[3.415s] [ 97%] [32m[1mLinking C shared module rosidl_generator_py/igus_rebel_msgs/igus_rebel_msgs_s__rosidl_typesupport_c.so[0m
[3.420s] [100%] [32m[1mLinking C shared module rosidl_generator_py/igus_rebel_msgs/igus_rebel_msgs_s__rosidl_typesupport_introspection_c.so[0m
[3.446s] [100%] Built target igus_rebel_msgs_s__rosidl_typesupport_fastrtps_c
[3.452s] [100%] Built target igus_rebel_msgs_s__rosidl_typesupport_c
[3.456s] [100%] Built target igus_rebel_msgs_s__rosidl_typesupport_introspection_c
[3.468s] Invoked command in '/home/amrl-linux24-04/ros2_ben/build/igus_rebel_msgs' returned '0': CMAKE_PREFIX_PATH=${CMAKE_PREFIX_PATH}:/opt/ros/jazzy DEBUGINFOD_URLS=https://debuginfod.ubuntu.com /usr/bin/cmake --build /home/amrl-linux24-04/ros2_ben/build/igus_rebel_msgs -- -j22 -l22
[3.469s] Invoking command in '/home/amrl-linux24-04/ros2_ben/build/igus_rebel_msgs': CMAKE_PREFIX_PATH=${CMAKE_PREFIX_PATH}:/opt/ros/jazzy DEBUGINFOD_URLS=https://debuginfod.ubuntu.com /usr/bin/cmake --install /home/amrl-linux24-04/ros2_ben/build/igus_rebel_msgs
[3.483s] -- Install configuration: "Release"
[3.483s] -- Up-to-date: /home/amrl-linux24-04/ros2_ben/install/igus_rebel_msgs/share/ament_index/resource_index/rosidl_interfaces/igus_rebel_msgs
[3.484s] -- Up-to-date: /home/amrl-linux24-04/ros2_ben/install/igus_rebel_msgs/share/igus_rebel_msgs/msg/DigitalOutput.json
[3.484s] -- Up-to-date: /home/amrl-linux24-04/ros2_ben/install/igus_rebel_msgs/share/igus_rebel_msgs/srv/SetDigitalOutput.json
[3.484s] -- Up-to-date: /home/amrl-linux24-04/ros2_ben/install/igus_rebel_msgs/include/igus_rebel_msgs/igus_rebel_msgs
[3.484s] -- Up-to-date: /home/amrl-linux24-04/ros2_ben/install/igus_rebel_msgs/include/igus_rebel_msgs/igus_rebel_msgs/srv
[3.484s] -- Up-to-date: /home/amrl-linux24-04/ros2_ben/install/igus_rebel_msgs/include/igus_rebel_msgs/igus_rebel_msgs/srv/detail
[3.484s] -- Up-to-date: /home/amrl-linux24-04/ros2_ben/install/igus_rebel_msgs/include/igus_rebel_msgs/igus_rebel_msgs/srv/detail/set_digital_output__description.c
[3.484s] -- Up-to-date: /home/amrl-linux24-04/ros2_ben/install/igus_rebel_msgs/include/igus_rebel_msgs/igus_rebel_msgs/srv/detail/set_digital_output__type_support.c
[3.485s] -- Up-to-date: /home/amrl-linux24-04/ros2_ben/install/igus_rebel_msgs/include/igus_rebel_msgs/igus_rebel_msgs/srv/detail/set_digital_output__struct.h
[3.485s] -- Up-to-date: /home/amrl-linux24-04/ros2_ben/install/igus_rebel_msgs/include/igus_rebel_msgs/igus_rebel_msgs/srv/detail/set_digital_output__functions.c
[3.485s] -- Up-to-date: /home/amrl-linux24-04/ros2_ben/install/igus_rebel_msgs/include/igus_rebel_msgs/igus_rebel_msgs/srv/detail/set_digital_output__functions.h
[3.486s] -- Up-to-date: /home/amrl-linux24-04/ros2_ben/install/igus_rebel_msgs/include/igus_rebel_msgs/igus_rebel_msgs/srv/detail/set_digital_output__type_support.h
[3.486s] -- Up-to-date: /home/amrl-linux24-04/ros2_ben/install/igus_rebel_msgs/include/igus_rebel_msgs/igus_rebel_msgs/srv/set_digital_output.h
[3.486s] -- Up-to-date: /home/amrl-linux24-04/ros2_ben/install/igus_rebel_msgs/include/igus_rebel_msgs/igus_rebel_msgs/msg
[3.486s] -- Up-to-date: /home/amrl-linux24-04/ros2_ben/install/igus_rebel_msgs/include/igus_rebel_msgs/igus_rebel_msgs/msg/detail
[3.486s] -- Up-to-date: /home/amrl-linux24-04/ros2_ben/install/igus_rebel_msgs/include/igus_rebel_msgs/igus_rebel_msgs/msg/detail/digital_output__type_support.h
[3.486s] -- Up-to-date: /home/amrl-linux24-04/ros2_ben/install/igus_rebel_msgs/include/igus_rebel_msgs/igus_rebel_msgs/msg/detail/digital_output__type_support.c
[3.486s] -- Up-to-date: /home/amrl-linux24-04/ros2_ben/install/igus_rebel_msgs/include/igus_rebel_msgs/igus_rebel_msgs/msg/detail/digital_output__functions.h
[3.487s] -- Up-to-date: /home/amrl-linux24-04/ros2_ben/install/igus_rebel_msgs/include/igus_rebel_msgs/igus_rebel_msgs/msg/detail/digital_output__struct.h
[3.487s] -- Up-to-date: /home/amrl-linux24-04/ros2_ben/install/igus_rebel_msgs/include/igus_rebel_msgs/igus_rebel_msgs/msg/detail/digital_output__functions.c
[3.487s] -- Up-to-date: /home/amrl-linux24-04/ros2_ben/install/igus_rebel_msgs/include/igus_rebel_msgs/igus_rebel_msgs/msg/detail/digital_output__description.c
[3.487s] -- Up-to-date: /home/amrl-linux24-04/ros2_ben/install/igus_rebel_msgs/include/igus_rebel_msgs/igus_rebel_msgs/msg/digital_output.h
[3.487s] -- Up-to-date: /home/amrl-linux24-04/ros2_ben/install/igus_rebel_msgs/include/igus_rebel_msgs/igus_rebel_msgs/msg/rosidl_generator_c__visibility_control.h
[3.487s] -- Up-to-date: /home/amrl-linux24-04/ros2_ben/install/igus_rebel_msgs/share/igus_rebel_msgs/environment/library_path.sh
[3.488s] -- Up-to-date: /home/amrl-linux24-04/ros2_ben/install/igus_rebel_msgs/share/igus_rebel_msgs/environment/library_path.dsv
[3.491s] -- Installing: /home/amrl-linux24-04/ros2_ben/install/igus_rebel_msgs/lib/libigus_rebel_msgs__rosidl_generator_c.so
[3.492s] -- Set non-toolchain portion of runtime path of "/home/amrl-linux24-04/ros2_ben/install/igus_rebel_msgs/lib/libigus_rebel_msgs__rosidl_generator_c.so" to ""
[3.492s] -- Up-to-date: /home/amrl-linux24-04/ros2_ben/install/igus_rebel_msgs/include/igus_rebel_msgs/igus_rebel_msgs
[3.492s] -- Up-to-date: /home/amrl-linux24-04/ros2_ben/install/igus_rebel_msgs/include/igus_rebel_msgs/igus_rebel_msgs/srv
[3.492s] -- Up-to-date: /home/amrl-linux24-04/ros2_ben/install/igus_rebel_msgs/include/igus_rebel_msgs/igus_rebel_msgs/srv/detail
[3.492s] -- Up-to-date: /home/amrl-linux24-04/ros2_ben/install/igus_rebel_msgs/include/igus_rebel_msgs/igus_rebel_msgs/srv/detail/set_digital_output__rosidl_typesupport_fastrtps_c.h
[3.492s] -- Up-to-date: /home/amrl-linux24-04/ros2_ben/install/igus_rebel_msgs/include/igus_rebel_msgs/igus_rebel_msgs/msg
[3.492s] -- Up-to-date: /home/amrl-linux24-04/ros2_ben/install/igus_rebel_msgs/include/igus_rebel_msgs/igus_rebel_msgs/msg/detail
[3.492s] -- Up-to-date: /home/amrl-linux24-04/ros2_ben/install/igus_rebel_msgs/include/igus_rebel_msgs/igus_rebel_msgs/msg/detail/digital_output__rosidl_typesupport_fastrtps_c.h
[3.492s] -- Up-to-date: /home/amrl-linux24-04/ros2_ben/install/igus_rebel_msgs/include/igus_rebel_msgs/igus_rebel_msgs/msg/rosidl_typesupport_fastrtps_c__visibility_control.h
[3.492s] -- Installing: /home/amrl-linux24-04/ros2_ben/install/igus_rebel_msgs/lib/libigus_rebel_msgs__rosidl_typesupport_fastrtps_c.so
[3.492s] -- Set non-toolchain portion of runtime path of "/home/amrl-linux24-04/ros2_ben/install/igus_rebel_msgs/lib/libigus_rebel_msgs__rosidl_typesupport_fastrtps_c.so" to ""
[3.493s] -- Up-to-date: /home/amrl-linux24-04/ros2_ben/install/igus_rebel_msgs/include/igus_rebel_msgs/igus_rebel_msgs
[3.493s] -- Up-to-date: /home/amrl-linux24-04/ros2_ben/install/igus_rebel_msgs/include/igus_rebel_msgs/igus_rebel_msgs/srv
[3.493s] -- Up-to-date: /home/amrl-linux24-04/ros2_ben/install/igus_rebel_msgs/include/igus_rebel_msgs/igus_rebel_msgs/srv/detail
[3.493s] -- Up-to-date: /home/amrl-linux24-04/ros2_ben/install/igus_rebel_msgs/include/igus_rebel_msgs/igus_rebel_msgs/srv/detail/set_digital_output__builder.hpp
[3.493s] -- Up-to-date: /home/amrl-linux24-04/ros2_ben/install/igus_rebel_msgs/include/igus_rebel_msgs/igus_rebel_msgs/srv/detail/set_digital_output__type_support.hpp
[3.493s] -- Up-to-date: /home/amrl-linux24-04/ros2_ben/install/igus_rebel_msgs/include/igus_rebel_msgs/igus_rebel_msgs/srv/detail/set_digital_output__struct.hpp
[3.493s] -- Up-to-date: /home/amrl-linux24-04/ros2_ben/install/igus_rebel_msgs/include/igus_rebel_msgs/igus_rebel_msgs/srv/detail/set_digital_output__traits.hpp
[3.493s] -- Up-to-date: /home/amrl-linux24-04/ros2_ben/install/igus_rebel_msgs/include/igus_rebel_msgs/igus_rebel_msgs/srv/set_digital_output.hpp
[3.493s] -- Up-to-date: /home/amrl-linux24-04/ros2_ben/install/igus_rebel_msgs/include/igus_rebel_msgs/igus_rebel_msgs/msg
[3.493s] -- Up-to-date: /home/amrl-linux24-04/ros2_ben/install/igus_rebel_msgs/include/igus_rebel_msgs/igus_rebel_msgs/msg/digital_output.hpp
[3.493s] -- Up-to-date: /home/amrl-linux24-04/ros2_ben/install/igus_rebel_msgs/include/igus_rebel_msgs/igus_rebel_msgs/msg/detail
[3.493s] -- Up-to-date: /home/amrl-linux24-04/ros2_ben/install/igus_rebel_msgs/include/igus_rebel_msgs/igus_rebel_msgs/msg/detail/digital_output__type_support.hpp
[3.494s] -- Up-to-date: /home/amrl-linux24-04/ros2_ben/install/igus_rebel_msgs/include/igus_rebel_msgs/igus_rebel_msgs/msg/detail/digital_output__struct.hpp
[3.494s] -- Up-to-date: /home/amrl-linux24-04/ros2_ben/install/igus_rebel_msgs/include/igus_rebel_msgs/igus_rebel_msgs/msg/detail/digital_output__traits.hpp
[3.494s] -- Up-to-date: /home/amrl-linux24-04/ros2_ben/install/igus_rebel_msgs/include/igus_rebel_msgs/igus_rebel_msgs/msg/detail/digital_output__builder.hpp
[3.494s] -- Up-to-date: /home/amrl-linux24-04/ros2_ben/install/igus_rebel_msgs/include/igus_rebel_msgs/igus_rebel_msgs/msg/rosidl_generator_cpp__visibility_control.hpp
[3.494s] -- Up-to-date: /home/amrl-linux24-04/ros2_ben/install/igus_rebel_msgs/include/igus_rebel_msgs/igus_rebel_msgs
[3.494s] -- Up-to-date: /home/amrl-linux24-04/ros2_ben/install/igus_rebel_msgs/include/igus_rebel_msgs/igus_rebel_msgs/srv
[3.494s] -- Up-to-date: /home/amrl-linux24-04/ros2_ben/install/igus_rebel_msgs/include/igus_rebel_msgs/igus_rebel_msgs/srv/detail
[3.494s] -- Up-to-date: /home/amrl-linux24-04/ros2_ben/install/igus_rebel_msgs/include/igus_rebel_msgs/igus_rebel_msgs/srv/detail/set_digital_output__rosidl_typesupport_fastrtps_cpp.hpp
[3.494s] -- Up-to-date: /home/amrl-linux24-04/ros2_ben/install/igus_rebel_msgs/include/igus_rebel_msgs/igus_rebel_msgs/srv/detail/dds_fastrtps
[3.494s] -- Up-to-date: /home/amrl-linux24-04/ros2_ben/install/igus_rebel_msgs/include/igus_rebel_msgs/igus_rebel_msgs/msg
[3.494s] -- Up-to-date: /home/amrl-linux24-04/ros2_ben/install/igus_rebel_msgs/include/igus_rebel_msgs/igus_rebel_msgs/msg/detail
[3.494s] -- Up-to-date: /home/amrl-linux24-04/ros2_ben/install/igus_rebel_msgs/include/igus_rebel_msgs/igus_rebel_msgs/msg/detail/dds_fastrtps
[3.494s] -- Up-to-date: /home/amrl-linux24-04/ros2_ben/install/igus_rebel_msgs/include/igus_rebel_msgs/igus_rebel_msgs/msg/detail/digital_output__rosidl_typesupport_fastrtps_cpp.hpp
[3.495s] -- Up-to-date: /home/amrl-linux24-04/ros2_ben/install/igus_rebel_msgs/include/igus_rebel_msgs/igus_rebel_msgs/msg/rosidl_typesupport_fastrtps_cpp__visibility_control.h
[3.495s] -- Installing: /home/amrl-linux24-04/ros2_ben/install/igus_rebel_msgs/lib/libigus_rebel_msgs__rosidl_typesupport_fastrtps_cpp.so
[3.495s] -- Set non-toolchain portion of runtime path of "/home/amrl-linux24-04/ros2_ben/install/igus_rebel_msgs/lib/libigus_rebel_msgs__rosidl_typesupport_fastrtps_cpp.so" to ""
[3.495s] -- Up-to-date: /home/amrl-linux24-04/ros2_ben/install/igus_rebel_msgs/include/igus_rebel_msgs/igus_rebel_msgs
[3.495s] -- Up-to-date: /home/amrl-linux24-04/ros2_ben/install/igus_rebel_msgs/include/igus_rebel_msgs/igus_rebel_msgs/srv
[3.495s] -- Up-to-date: /home/amrl-linux24-04/ros2_ben/install/igus_rebel_msgs/include/igus_rebel_msgs/igus_rebel_msgs/srv/detail
[3.495s] -- Up-to-date: /home/amrl-linux24-04/ros2_ben/install/igus_rebel_msgs/include/igus_rebel_msgs/igus_rebel_msgs/srv/detail/set_digital_output__type_support.c
[3.495s] -- Up-to-date: /home/amrl-linux24-04/ros2_ben/install/igus_rebel_msgs/include/igus_rebel_msgs/igus_rebel_msgs/srv/detail/set_digital_output__rosidl_typesupport_introspection_c.h
[3.495s] -- Up-to-date: /home/amrl-linux24-04/ros2_ben/install/igus_rebel_msgs/include/igus_rebel_msgs/igus_rebel_msgs/msg
[3.495s] -- Up-to-date: /home/amrl-linux24-04/ros2_ben/install/igus_rebel_msgs/include/igus_rebel_msgs/igus_rebel_msgs/msg/detail
[3.495s] -- Up-to-date: /home/amrl-linux24-04/ros2_ben/install/igus_rebel_msgs/include/igus_rebel_msgs/igus_rebel_msgs/msg/detail/digital_output__type_support.c
[3.496s] -- Up-to-date: /home/amrl-linux24-04/ros2_ben/install/igus_rebel_msgs/include/igus_rebel_msgs/igus_rebel_msgs/msg/detail/digital_output__rosidl_typesupport_introspection_c.h
[3.496s] -- Up-to-date: /home/amrl-linux24-04/ros2_ben/install/igus_rebel_msgs/include/igus_rebel_msgs/igus_rebel_msgs/msg/rosidl_typesupport_introspection_c__visibility_control.h
[3.496s] -- Installing: /home/amrl-linux24-04/ros2_ben/install/igus_rebel_msgs/lib/libigus_rebel_msgs__rosidl_typesupport_introspection_c.so
[3.496s] -- Set non-toolchain portion of runtime path of "/home/amrl-linux24-04/ros2_ben/install/igus_rebel_msgs/lib/libigus_rebel_msgs__rosidl_typesupport_introspection_c.so" to ""
[3.496s] -- Installing: /home/amrl-linux24-04/ros2_ben/install/igus_rebel_msgs/lib/libigus_rebel_msgs__rosidl_typesupport_c.so
[3.496s] -- Set non-toolchain portion of runtime path of "/home/amrl-linux24-04/ros2_ben/install/igus_rebel_msgs/lib/libigus_rebel_msgs__rosidl_typesupport_c.so" to ""
[3.496s] -- Up-to-date: /home/amrl-linux24-04/ros2_ben/install/igus_rebel_msgs/include/igus_rebel_msgs/igus_rebel_msgs
[3.497s] -- Up-to-date: /home/amrl-linux24-04/ros2_ben/install/igus_rebel_msgs/include/igus_rebel_msgs/igus_rebel_msgs/srv
[3.497s] -- Up-to-date: /home/amrl-linux24-04/ros2_ben/install/igus_rebel_msgs/include/igus_rebel_msgs/igus_rebel_msgs/srv/detail
[3.497s] -- Up-to-date: /home/amrl-linux24-04/ros2_ben/install/igus_rebel_msgs/include/igus_rebel_msgs/igus_rebel_msgs/srv/detail/set_digital_output__type_support.cpp
[3.497s] -- Up-to-date: /home/amrl-linux24-04/ros2_ben/install/igus_rebel_msgs/include/igus_rebel_msgs/igus_rebel_msgs/srv/detail/set_digital_output__rosidl_typesupport_introspection_cpp.hpp
[3.497s] -- Up-to-date: /home/amrl-linux24-04/ros2_ben/install/igus_rebel_msgs/include/igus_rebel_msgs/igus_rebel_msgs/msg
[3.498s] -- Up-to-date: /home/amrl-linux24-04/ros2_ben/install/igus_rebel_msgs/include/igus_rebel_msgs/igus_rebel_msgs/msg/detail
[3.498s] -- Up-to-date: /home/amrl-linux24-04/ros2_ben/install/igus_rebel_msgs/include/igus_rebel_msgs/igus_rebel_msgs/msg/detail/digital_output__type_support.cpp
[3.498s] -- Up-to-date: /home/amrl-linux24-04/ros2_ben/install/igus_rebel_msgs/include/igus_rebel_msgs/igus_rebel_msgs/msg/detail/digital_output__rosidl_typesupport_introspection_cpp.hpp
[3.498s] -- Installing: /home/amrl-linux24-04/ros2_ben/install/igus_rebel_msgs/lib/libigus_rebel_msgs__rosidl_typesupport_introspection_cpp.so
[3.498s] -- Set non-toolchain portion of runtime path of "/home/amrl-linux24-04/ros2_ben/install/igus_rebel_msgs/lib/libigus_rebel_msgs__rosidl_typesupport_introspection_cpp.so" to ""
[3.498s] -- Installing: /home/amrl-linux24-04/ros2_ben/install/igus_rebel_msgs/lib/libigus_rebel_msgs__rosidl_typesupport_cpp.so
[3.499s] -- Set non-toolchain portion of runtime path of "/home/amrl-linux24-04/ros2_ben/install/igus_rebel_msgs/lib/libigus_rebel_msgs__rosidl_typesupport_cpp.so" to ""
[3.499s] -- Up-to-date: /home/amrl-linux24-04/ros2_ben/install/igus_rebel_msgs/share/igus_rebel_msgs/environment/pythonpath.sh
[3.499s] -- Up-to-date: /home/amrl-linux24-04/ros2_ben/install/igus_rebel_msgs/share/igus_rebel_msgs/environment/pythonpath.dsv
[3.499s] -- Up-to-date: /home/amrl-linux24-04/ros2_ben/install/igus_rebel_msgs/lib/python3.12/site-packages/igus_rebel_msgs-0.0.0-py3.12.egg-info
[3.499s] -- Installing: /home/amrl-linux24-04/ros2_ben/install/igus_rebel_msgs/lib/python3.12/site-packages/igus_rebel_msgs-0.0.0-py3.12.egg-info/top_level.txt
[3.500s] -- Installing: /home/amrl-linux24-04/ros2_ben/install/igus_rebel_msgs/lib/python3.12/site-packages/igus_rebel_msgs-0.0.0-py3.12.egg-info/dependency_links.txt
[3.500s] -- Installing: /home/amrl-linux24-04/ros2_ben/install/igus_rebel_msgs/lib/python3.12/site-packages/igus_rebel_msgs-0.0.0-py3.12.egg-info/PKG-INFO
[3.500s] -- Installing: /home/amrl-linux24-04/ros2_ben/install/igus_rebel_msgs/lib/python3.12/site-packages/igus_rebel_msgs-0.0.0-py3.12.egg-info/SOURCES.txt
[3.500s] -- Up-to-date: /home/amrl-linux24-04/ros2_ben/install/igus_rebel_msgs/lib/python3.12/site-packages/igus_rebel_msgs
[3.500s] -- Up-to-date: /home/amrl-linux24-04/ros2_ben/install/igus_rebel_msgs/lib/python3.12/site-packages/igus_rebel_msgs/_igus_rebel_msgs_s.ep.rosidl_typesupport_introspection_c.c
[3.500s] -- Up-to-date: /home/amrl-linux24-04/ros2_ben/install/igus_rebel_msgs/lib/python3.12/site-packages/igus_rebel_msgs/srv
[3.501s] -- Up-to-date: /home/amrl-linux24-04/ros2_ben/install/igus_rebel_msgs/lib/python3.12/site-packages/igus_rebel_msgs/srv/__init__.py
[3.501s] -- Up-to-date: /home/amrl-linux24-04/ros2_ben/install/igus_rebel_msgs/lib/python3.12/site-packages/igus_rebel_msgs/srv/_set_digital_output.py
[3.501s] -- Up-to-date: /home/amrl-linux24-04/ros2_ben/install/igus_rebel_msgs/lib/python3.12/site-packages/igus_rebel_msgs/srv/_set_digital_output_s.c
[3.501s] -- Installing: /home/amrl-linux24-04/ros2_ben/install/igus_rebel_msgs/lib/python3.12/site-packages/igus_rebel_msgs/__init__.py
[3.501s] -- Installing: /home/amrl-linux24-04/ros2_ben/install/igus_rebel_msgs/lib/python3.12/site-packages/igus_rebel_msgs/igus_rebel_msgs_s__rosidl_typesupport_fastrtps_c.so
[3.502s] -- Installing: /home/amrl-linux24-04/ros2_ben/install/igus_rebel_msgs/lib/python3.12/site-packages/igus_rebel_msgs/igus_rebel_msgs_s__rosidl_typesupport_introspection_c.so
[3.502s] -- Up-to-date: /home/amrl-linux24-04/ros2_ben/install/igus_rebel_msgs/lib/python3.12/site-packages/igus_rebel_msgs/_igus_rebel_msgs_s.ep.rosidl_typesupport_c.c
[3.502s] -- Up-to-date: /home/amrl-linux24-04/ros2_ben/install/igus_rebel_msgs/lib/python3.12/site-packages/igus_rebel_msgs/_igus_rebel_msgs_s.ep.rosidl_typesupport_fastrtps_c.c
[3.502s] -- Up-to-date: /home/amrl-linux24-04/ros2_ben/install/igus_rebel_msgs/lib/python3.12/site-packages/igus_rebel_msgs/msg
[3.502s] -- Up-to-date: /home/amrl-linux24-04/ros2_ben/install/igus_rebel_msgs/lib/python3.12/site-packages/igus_rebel_msgs/msg/_digital_output.py
[3.503s] -- Up-to-date: /home/amrl-linux24-04/ros2_ben/install/igus_rebel_msgs/lib/python3.12/site-packages/igus_rebel_msgs/msg/__init__.py
[3.503s] -- Up-to-date: /home/amrl-linux24-04/ros2_ben/install/igus_rebel_msgs/lib/python3.12/site-packages/igus_rebel_msgs/msg/_digital_output_s.c
[3.503s] -- Installing: /home/amrl-linux24-04/ros2_ben/install/igus_rebel_msgs/lib/python3.12/site-packages/igus_rebel_msgs/igus_rebel_msgs_s__rosidl_typesupport_c.so
[3.537s] Listing '/home/amrl-linux24-04/ros2_ben/install/igus_rebel_msgs/lib/python3.12/site-packages/igus_rebel_msgs'...
[3.537s] Compiling '/home/amrl-linux24-04/ros2_ben/install/igus_rebel_msgs/lib/python3.12/site-packages/igus_rebel_msgs/__init__.py'...
[3.537s] Listing '/home/amrl-linux24-04/ros2_ben/install/igus_rebel_msgs/lib/python3.12/site-packages/igus_rebel_msgs/msg'...
[3.537s] Listing '/home/amrl-linux24-04/ros2_ben/install/igus_rebel_msgs/lib/python3.12/site-packages/igus_rebel_msgs/srv'...
[3.547s] -- Installing: /home/amrl-linux24-04/ros2_ben/install/igus_rebel_msgs/lib/python3.12/site-packages/igus_rebel_msgs/igus_rebel_msgs_s__rosidl_typesupport_fastrtps_c.so
[3.547s] -- Set non-toolchain portion of runtime path of "/home/amrl-linux24-04/ros2_ben/install/igus_rebel_msgs/lib/python3.12/site-packages/igus_rebel_msgs/igus_rebel_msgs_s__rosidl_typesupport_fastrtps_c.so" to ""
[3.547s] -- Installing: /home/amrl-linux24-04/ros2_ben/install/igus_rebel_msgs/lib/python3.12/site-packages/igus_rebel_msgs/igus_rebel_msgs_s__rosidl_typesupport_introspection_c.so
[3.548s] -- Set non-toolchain portion of runtime path of "/home/amrl-linux24-04/ros2_ben/install/igus_rebel_msgs/lib/python3.12/site-packages/igus_rebel_msgs/igus_rebel_msgs_s__rosidl_typesupport_introspection_c.so" to ""
[3.548s] -- Installing: /home/amrl-linux24-04/ros2_ben/install/igus_rebel_msgs/lib/python3.12/site-packages/igus_rebel_msgs/igus_rebel_msgs_s__rosidl_typesupport_c.so
[3.548s] -- Set non-toolchain portion of runtime path of "/home/amrl-linux24-04/ros2_ben/install/igus_rebel_msgs/lib/python3.12/site-packages/igus_rebel_msgs/igus_rebel_msgs_s__rosidl_typesupport_c.so" to ""
[3.548s] -- Installing: /home/amrl-linux24-04/ros2_ben/install/igus_rebel_msgs/lib/libigus_rebel_msgs__rosidl_generator_py.so
[3.548s] -- Set non-toolchain portion of runtime path of "/home/amrl-linux24-04/ros2_ben/install/igus_rebel_msgs/lib/libigus_rebel_msgs__rosidl_generator_py.so" to ""
[3.549s] -- Up-to-date: /home/amrl-linux24-04/ros2_ben/install/igus_rebel_msgs/share/igus_rebel_msgs/msg/DigitalOutput.idl
[3.549s] -- Up-to-date: /home/amrl-linux24-04/ros2_ben/install/igus_rebel_msgs/share/igus_rebel_msgs/srv/SetDigitalOutput.idl
[3.549s] -- Up-to-date: /home/amrl-linux24-04/ros2_ben/install/igus_rebel_msgs/share/igus_rebel_msgs/msg/DigitalOutput.msg
[3.549s] -- Up-to-date: /home/amrl-linux24-04/ros2_ben/install/igus_rebel_msgs/share/igus_rebel_msgs/srv/SetDigitalOutput.srv
[3.549s] -- Up-to-date: /home/amrl-linux24-04/ros2_ben/install/igus_rebel_msgs/share/ament_index/resource_index/package_run_dependencies/igus_rebel_msgs
[3.549s] -- Installing: /home/amrl-linux24-04/ros2_ben/install/igus_rebel_msgs/share/ament_index/resource_index/parent_prefix_path/igus_rebel_msgs
[3.549s] -- Up-to-date: /home/amrl-linux24-04/ros2_ben/install/igus_rebel_msgs/share/igus_rebel_msgs/environment/ament_prefix_path.sh
[3.549s] -- Up-to-date: /home/amrl-linux24-04/ros2_ben/install/igus_rebel_msgs/share/igus_rebel_msgs/environment/ament_prefix_path.dsv
[3.549s] -- Up-to-date: /home/amrl-linux24-04/ros2_ben/install/igus_rebel_msgs/share/igus_rebel_msgs/environment/path.sh
[3.549s] -- Up-to-date: /home/amrl-linux24-04/ros2_ben/install/igus_rebel_msgs/share/igus_rebel_msgs/environment/path.dsv
[3.549s] -- Up-to-date: /home/amrl-linux24-04/ros2_ben/install/igus_rebel_msgs/share/igus_rebel_msgs/local_setup.bash
[3.549s] -- Up-to-date: /home/amrl-linux24-04/ros2_ben/install/igus_rebel_msgs/share/igus_rebel_msgs/local_setup.sh
[3.550s] -- Up-to-date: /home/amrl-linux24-04/ros2_ben/install/igus_rebel_msgs/share/igus_rebel_msgs/local_setup.zsh
[3.550s] -- Up-to-date: /home/amrl-linux24-04/ros2_ben/install/igus_rebel_msgs/share/igus_rebel_msgs/local_setup.dsv
[3.550s] -- Installing: /home/amrl-linux24-04/ros2_ben/install/igus_rebel_msgs/share/igus_rebel_msgs/package.dsv
[3.550s] -- Up-to-date: /home/amrl-linux24-04/ros2_ben/install/igus_rebel_msgs/share/ament_index/resource_index/packages/igus_rebel_msgs
[3.550s] -- Up-to-date: /home/amrl-linux24-04/ros2_ben/install/igus_rebel_msgs/share/igus_rebel_msgs/cmake/export_igus_rebel_msgs__rosidl_generator_cExport.cmake
[3.550s] -- Installing: /home/amrl-linux24-04/ros2_ben/install/igus_rebel_msgs/share/igus_rebel_msgs/cmake/export_igus_rebel_msgs__rosidl_generator_cExport-release.cmake
[3.550s] -- Up-to-date: /home/amrl-linux24-04/ros2_ben/install/igus_rebel_msgs/share/igus_rebel_msgs/cmake/export_igus_rebel_msgs__rosidl_typesupport_fastrtps_cExport.cmake
[3.550s] -- Installing: /home/amrl-linux24-04/ros2_ben/install/igus_rebel_msgs/share/igus_rebel_msgs/cmake/export_igus_rebel_msgs__rosidl_typesupport_fastrtps_cExport-release.cmake
[3.550s] -- Up-to-date: /home/amrl-linux24-04/ros2_ben/install/igus_rebel_msgs/share/igus_rebel_msgs/cmake/export_igus_rebel_msgs__rosidl_generator_cppExport.cmake
[3.550s] -- Up-to-date: /home/amrl-linux24-04/ros2_ben/install/igus_rebel_msgs/share/igus_rebel_msgs/cmake/export_igus_rebel_msgs__rosidl_typesupport_fastrtps_cppExport.cmake
[3.550s] -- Installing: /home/amrl-linux24-04/ros2_ben/install/igus_rebel_msgs/share/igus_rebel_msgs/cmake/export_igus_rebel_msgs__rosidl_typesupport_fastrtps_cppExport-release.cmake
[3.550s] -- Up-to-date: /home/amrl-linux24-04/ros2_ben/install/igus_rebel_msgs/share/igus_rebel_msgs/cmake/igus_rebel_msgs__rosidl_typesupport_introspection_cExport.cmake
[3.550s] -- Installing: /home/amrl-linux24-04/ros2_ben/install/igus_rebel_msgs/share/igus_rebel_msgs/cmake/igus_rebel_msgs__rosidl_typesupport_introspection_cExport-release.cmake
[3.551s] -- Up-to-date: /home/amrl-linux24-04/ros2_ben/install/igus_rebel_msgs/share/igus_rebel_msgs/cmake/igus_rebel_msgs__rosidl_typesupport_cExport.cmake
[3.551s] -- Installing: /home/amrl-linux24-04/ros2_ben/install/igus_rebel_msgs/share/igus_rebel_msgs/cmake/igus_rebel_msgs__rosidl_typesupport_cExport-release.cmake
[3.551s] -- Up-to-date: /home/amrl-linux24-04/ros2_ben/install/igus_rebel_msgs/share/igus_rebel_msgs/cmake/igus_rebel_msgs__rosidl_typesupport_introspection_cppExport.cmake
[3.551s] -- Installing: /home/amrl-linux24-04/ros2_ben/install/igus_rebel_msgs/share/igus_rebel_msgs/cmake/igus_rebel_msgs__rosidl_typesupport_introspection_cppExport-release.cmake
[3.551s] -- Up-to-date: /home/amrl-linux24-04/ros2_ben/install/igus_rebel_msgs/share/igus_rebel_msgs/cmake/igus_rebel_msgs__rosidl_typesupport_cppExport.cmake
[3.551s] -- Installing: /home/amrl-linux24-04/ros2_ben/install/igus_rebel_msgs/share/igus_rebel_msgs/cmake/igus_rebel_msgs__rosidl_typesupport_cppExport-release.cmake
[3.551s] -- Up-to-date: /home/amrl-linux24-04/ros2_ben/install/igus_rebel_msgs/share/igus_rebel_msgs/cmake/export_igus_rebel_msgs__rosidl_generator_pyExport.cmake
[3.551s] -- Installing: /home/amrl-linux24-04/ros2_ben/install/igus_rebel_msgs/share/igus_rebel_msgs/cmake/export_igus_rebel_msgs__rosidl_generator_pyExport-release.cmake
[3.551s] -- Up-to-date: /home/amrl-linux24-04/ros2_ben/install/igus_rebel_msgs/share/igus_rebel_msgs/cmake/rosidl_cmake-extras.cmake
[3.551s] -- Up-to-date: /home/amrl-linux24-04/ros2_ben/install/igus_rebel_msgs/share/igus_rebel_msgs/cmake/ament_cmake_export_dependencies-extras.cmake
[3.551s] -- Up-to-date: /home/amrl-linux24-04/ros2_ben/install/igus_rebel_msgs/share/igus_rebel_msgs/cmake/ament_cmake_export_include_directories-extras.cmake
[3.551s] -- Up-to-date: /home/amrl-linux24-04/ros2_ben/install/igus_rebel_msgs/share/igus_rebel_msgs/cmake/ament_cmake_export_libraries-extras.cmake
[3.551s] -- Up-to-date: /home/amrl-linux24-04/ros2_ben/install/igus_rebel_msgs/share/igus_rebel_msgs/cmake/ament_cmake_export_targets-extras.cmake
[3.551s] -- Up-to-date: /home/amrl-linux24-04/ros2_ben/install/igus_rebel_msgs/share/igus_rebel_msgs/cmake/rosidl_cmake_export_typesupport_targets-extras.cmake
[3.552s] -- Up-to-date: /home/amrl-linux24-04/ros2_ben/install/igus_rebel_msgs/share/igus_rebel_msgs/cmake/rosidl_cmake_export_typesupport_libraries-extras.cmake
[3.552s] -- Up-to-date: /home/amrl-linux24-04/ros2_ben/install/igus_rebel_msgs/share/igus_rebel_msgs/cmake/igus_rebel_msgsConfig.cmake
[3.552s] -- Up-to-date: /home/amrl-linux24-04/ros2_ben/install/igus_rebel_msgs/share/igus_rebel_msgs/cmake/igus_rebel_msgsConfig-version.cmake
[3.552s] -- Up-to-date: /home/amrl-linux24-04/ros2_ben/install/igus_rebel_msgs/share/igus_rebel_msgs/package.xml
[3.556s] Invoked command in '/home/amrl-linux24-04/ros2_ben/build/igus_rebel_msgs' returned '0': CMAKE_PREFIX_PATH=${CMAKE_PREFIX_PATH}:/opt/ros/jazzy DEBUGINFOD_URLS=https://debuginfod.ubuntu.com /usr/bin/cmake --install /home/amrl-linux24-04/ros2_ben/build/igus_rebel_msgs
