[0.359s] DEBUG:colcon:Command line arguments: ['/usr/bin/colcon', 'build', '--packages-select', 'igusgus']
[0.359s] DEBUG:colcon:Parsed command line arguments: Namespace(log_base=None, log_level=None, verb_name='build', build_base='build', install_base='install', merge_install=False, symlink_install=False, test_result_base=None, continue_on_error=False, executor='parallel', parallel_workers=22, event_handlers=None, ignore_user_meta=False, metas=['./colcon.meta'], base_paths=['.'], packages_ignore=None, packages_ignore_regex=None, paths=None, packages_up_to=None, packages_up_to_regex=None, packages_above=None, packages_above_and_dependencies=None, packages_above_depth=None, packages_select_by_dep=None, packages_skip_by_dep=None, packages_skip_up_to=None, packages_select_build_failed=False, packages_skip_build_finished=False, packages_select_test_failures=False, packages_skip_test_passed=False, packages_select=['igusgus'], packages_skip=None, packages_select_regex=None, packages_skip_regex=None, packages_start=None, packages_end=None, allow_overriding=[], cmake_args=None, cmake_target=None, cmake_target_skip_unavailable=False, cmake_clean_cache=False, cmake_clean_first=False, cmake_force_configure=False, ament_cmake_args=None, catkin_cmake_args=None, catkin_skip_building_tests=False, mixin_files=None, mixin=None, verb_parser=<colcon_mixin.mixin.mixin_argument.MixinArgumentDecorator object at 0x7f917bab6060>, verb_extension=<colcon_core.verb.build.BuildVerb object at 0x7f917bbcdd60>, main=<bound method BuildVerb.main of <colcon_core.verb.build.BuildVerb object at 0x7f917bbcdd60>>, mixin_verb=('build',))
[0.499s] Level 1:colcon.colcon_core.package_discovery:discover_packages(colcon_meta) check parameters
[0.499s] Level 1:colcon.colcon_core.package_discovery:discover_packages(recursive) check parameters
[0.500s] Level 1:colcon.colcon_core.package_discovery:discover_packages(ignore) check parameters
[0.500s] Level 1:colcon.colcon_core.package_discovery:discover_packages(path) check parameters
[0.500s] Level 1:colcon.colcon_core.package_discovery:discover_packages(colcon_meta) discover
[0.500s] Level 1:colcon.colcon_core.package_discovery:discover_packages(recursive) discover
[0.500s] INFO:colcon.colcon_core.package_discovery:Crawling recursively for packages in '/home/amrl-linux24-04/ros2_ben'
[0.501s] Level 1:colcon.colcon_core.package_identification:_identify(.) by extensions ['ignore', 'ignore_ament_install']
[0.501s] Level 1:colcon.colcon_core.package_identification:_identify(.) by extension 'ignore'
[0.501s] Level 1:colcon.colcon_core.package_identification:_identify(.) by extension 'ignore_ament_install'
[0.501s] Level 1:colcon.colcon_core.package_identification:_identify(.) by extensions ['colcon_pkg']
[0.502s] Level 1:colcon.colcon_core.package_identification:_identify(.) by extension 'colcon_pkg'
[0.502s] Level 1:colcon.colcon_core.package_identification:_identify(.) by extensions ['colcon_meta']
[0.502s] Level 1:colcon.colcon_core.package_identification:_identify(.) by extension 'colcon_meta'
[0.502s] Level 1:colcon.colcon_core.package_identification:_identify(.) by extensions ['ros']
[0.502s] Level 1:colcon.colcon_core.package_identification:_identify(.) by extension 'ros'
[0.596s] Level 1:colcon.colcon_core.package_identification:_identify(.) by extensions ['cmake', 'python']
[0.596s] Level 1:colcon.colcon_core.package_identification:_identify(.) by extension 'cmake'
[0.596s] Level 1:colcon.colcon_core.package_identification:_identify(.) by extension 'python'
[0.596s] Level 1:colcon.colcon_core.package_identification:_identify(.) by extensions ['python_setup_py']
[0.596s] Level 1:colcon.colcon_core.package_identification:_identify(.) by extension 'python_setup_py'
[0.597s] Level 1:colcon.colcon_core.package_identification:_identify(build) by extensions ['ignore', 'ignore_ament_install']
[0.597s] Level 1:colcon.colcon_core.package_identification:_identify(build) by extension 'ignore'
[0.597s] Level 1:colcon.colcon_core.package_identification:_identify(build) ignored
[0.598s] Level 1:colcon.colcon_core.package_identification:_identify(install) by extensions ['ignore', 'ignore_ament_install']
[0.598s] Level 1:colcon.colcon_core.package_identification:_identify(install) by extension 'ignore'
[0.598s] Level 1:colcon.colcon_core.package_identification:_identify(install) ignored
[0.599s] Level 1:colcon.colcon_core.package_identification:_identify(log) by extensions ['ignore', 'ignore_ament_install']
[0.599s] Level 1:colcon.colcon_core.package_identification:_identify(log) by extension 'ignore'
[0.599s] Level 1:colcon.colcon_core.package_identification:_identify(log) ignored
[0.600s] Level 1:colcon.colcon_core.package_identification:_identify(src) by extensions ['ignore', 'ignore_ament_install']
[0.600s] Level 1:colcon.colcon_core.package_identification:_identify(src) by extension 'ignore'
[0.600s] Level 1:colcon.colcon_core.package_identification:_identify(src) by extension 'ignore_ament_install'
[0.600s] Level 1:colcon.colcon_core.package_identification:_identify(src) by extensions ['colcon_pkg']
[0.600s] Level 1:colcon.colcon_core.package_identification:_identify(src) by extension 'colcon_pkg'
[0.601s] Level 1:colcon.colcon_core.package_identification:_identify(src) by extensions ['colcon_meta']
[0.601s] Level 1:colcon.colcon_core.package_identification:_identify(src) by extension 'colcon_meta'
[0.601s] Level 1:colcon.colcon_core.package_identification:_identify(src) by extensions ['ros']
[0.601s] Level 1:colcon.colcon_core.package_identification:_identify(src) by extension 'ros'
[0.601s] Level 1:colcon.colcon_core.package_identification:_identify(src) by extensions ['cmake', 'python']
[0.601s] Level 1:colcon.colcon_core.package_identification:_identify(src) by extension 'cmake'
[0.601s] Level 1:colcon.colcon_core.package_identification:_identify(src) by extension 'python'
[0.601s] Level 1:colcon.colcon_core.package_identification:_identify(src) by extensions ['python_setup_py']
[0.602s] Level 1:colcon.colcon_core.package_identification:_identify(src) by extension 'python_setup_py'
[0.602s] Level 1:colcon.colcon_core.package_identification:_identify(src/Log) by extensions ['ignore', 'ignore_ament_install']
[0.602s] Level 1:colcon.colcon_core.package_identification:_identify(src/Log) by extension 'ignore'
[0.602s] Level 1:colcon.colcon_core.package_identification:_identify(src/Log) by extension 'ignore_ament_install'
[0.603s] Level 1:colcon.colcon_core.package_identification:_identify(src/Log) by extensions ['colcon_pkg']
[0.603s] Level 1:colcon.colcon_core.package_identification:_identify(src/Log) by extension 'colcon_pkg'
[0.603s] Level 1:colcon.colcon_core.package_identification:_identify(src/Log) by extensions ['colcon_meta']
[0.603s] Level 1:colcon.colcon_core.package_identification:_identify(src/Log) by extension 'colcon_meta'
[0.603s] Level 1:colcon.colcon_core.package_identification:_identify(src/Log) by extensions ['ros']
[0.603s] Level 1:colcon.colcon_core.package_identification:_identify(src/Log) by extension 'ros'
[0.603s] Level 1:colcon.colcon_core.package_identification:_identify(src/Log) by extensions ['cmake', 'python']
[0.603s] Level 1:colcon.colcon_core.package_identification:_identify(src/Log) by extension 'cmake'
[0.604s] Level 1:colcon.colcon_core.package_identification:_identify(src/Log) by extension 'python'
[0.604s] Level 1:colcon.colcon_core.package_identification:_identify(src/Log) by extensions ['python_setup_py']
[0.604s] Level 1:colcon.colcon_core.package_identification:_identify(src/Log) by extension 'python_setup_py'
[0.604s] Level 1:colcon.colcon_core.package_identification:_identify(src/igus_rebel_ros2) by extensions ['ignore', 'ignore_ament_install']
[0.604s] Level 1:colcon.colcon_core.package_identification:_identify(src/igus_rebel_ros2) by extension 'ignore'
[0.605s] Level 1:colcon.colcon_core.package_identification:_identify(src/igus_rebel_ros2) by extension 'ignore_ament_install'
[0.605s] Level 1:colcon.colcon_core.package_identification:_identify(src/igus_rebel_ros2) by extensions ['colcon_pkg']
[0.605s] Level 1:colcon.colcon_core.package_identification:_identify(src/igus_rebel_ros2) by extension 'colcon_pkg'
[0.605s] Level 1:colcon.colcon_core.package_identification:_identify(src/igus_rebel_ros2) by extensions ['colcon_meta']
[0.605s] Level 1:colcon.colcon_core.package_identification:_identify(src/igus_rebel_ros2) by extension 'colcon_meta'
[0.605s] Level 1:colcon.colcon_core.package_identification:_identify(src/igus_rebel_ros2) by extensions ['ros']
[0.605s] Level 1:colcon.colcon_core.package_identification:_identify(src/igus_rebel_ros2) by extension 'ros'
[0.606s] Level 1:colcon.colcon_core.package_identification:_identify(src/igus_rebel_ros2) by extensions ['cmake', 'python']
[0.606s] Level 1:colcon.colcon_core.package_identification:_identify(src/igus_rebel_ros2) by extension 'cmake'
[0.606s] Level 1:colcon.colcon_core.package_identification:_identify(src/igus_rebel_ros2) by extension 'python'
[0.606s] Level 1:colcon.colcon_core.package_identification:_identify(src/igus_rebel_ros2) by extensions ['python_setup_py']
[0.606s] Level 1:colcon.colcon_core.package_identification:_identify(src/igus_rebel_ros2) by extension 'python_setup_py'
[0.606s] Level 1:colcon.colcon_core.package_identification:_identify(src/igus_rebel_ros2/src) by extensions ['ignore', 'ignore_ament_install']
[0.607s] Level 1:colcon.colcon_core.package_identification:_identify(src/igus_rebel_ros2/src) by extension 'ignore'
[0.607s] Level 1:colcon.colcon_core.package_identification:_identify(src/igus_rebel_ros2/src) by extension 'ignore_ament_install'
[0.607s] Level 1:colcon.colcon_core.package_identification:_identify(src/igus_rebel_ros2/src) by extensions ['colcon_pkg']
[0.607s] Level 1:colcon.colcon_core.package_identification:_identify(src/igus_rebel_ros2/src) by extension 'colcon_pkg'
[0.607s] Level 1:colcon.colcon_core.package_identification:_identify(src/igus_rebel_ros2/src) by extensions ['colcon_meta']
[0.607s] Level 1:colcon.colcon_core.package_identification:_identify(src/igus_rebel_ros2/src) by extension 'colcon_meta'
[0.607s] Level 1:colcon.colcon_core.package_identification:_identify(src/igus_rebel_ros2/src) by extensions ['ros']
[0.607s] Level 1:colcon.colcon_core.package_identification:_identify(src/igus_rebel_ros2/src) by extension 'ros'
[0.608s] Level 1:colcon.colcon_core.package_identification:_identify(src/igus_rebel_ros2/src) by extensions ['cmake', 'python']
[0.608s] Level 1:colcon.colcon_core.package_identification:_identify(src/igus_rebel_ros2/src) by extension 'cmake'
[0.608s] Level 1:colcon.colcon_core.package_identification:_identify(src/igus_rebel_ros2/src) by extension 'python'
[0.608s] Level 1:colcon.colcon_core.package_identification:_identify(src/igus_rebel_ros2/src) by extensions ['python_setup_py']
[0.608s] Level 1:colcon.colcon_core.package_identification:_identify(src/igus_rebel_ros2/src) by extension 'python_setup_py'
[0.608s] Level 1:colcon.colcon_core.package_identification:_identify(src/igus_rebel_ros2/src/doc) by extensions ['ignore', 'ignore_ament_install']
[0.609s] Level 1:colcon.colcon_core.package_identification:_identify(src/igus_rebel_ros2/src/doc) by extension 'ignore'
[0.609s] Level 1:colcon.colcon_core.package_identification:_identify(src/igus_rebel_ros2/src/doc) by extension 'ignore_ament_install'
[0.609s] Level 1:colcon.colcon_core.package_identification:_identify(src/igus_rebel_ros2/src/doc) by extensions ['colcon_pkg']
[0.609s] Level 1:colcon.colcon_core.package_identification:_identify(src/igus_rebel_ros2/src/doc) by extension 'colcon_pkg'
[0.609s] Level 1:colcon.colcon_core.package_identification:_identify(src/igus_rebel_ros2/src/doc) by extensions ['colcon_meta']
[0.609s] Level 1:colcon.colcon_core.package_identification:_identify(src/igus_rebel_ros2/src/doc) by extension 'colcon_meta'
[0.610s] Level 1:colcon.colcon_core.package_identification:_identify(src/igus_rebel_ros2/src/doc) by extensions ['ros']
[0.610s] Level 1:colcon.colcon_core.package_identification:_identify(src/igus_rebel_ros2/src/doc) by extension 'ros'
[0.610s] Level 1:colcon.colcon_core.package_identification:_identify(src/igus_rebel_ros2/src/doc) by extensions ['cmake', 'python']
[0.610s] Level 1:colcon.colcon_core.package_identification:_identify(src/igus_rebel_ros2/src/doc) by extension 'cmake'
[0.610s] Level 1:colcon.colcon_core.package_identification:_identify(src/igus_rebel_ros2/src/doc) by extension 'python'
[0.610s] Level 1:colcon.colcon_core.package_identification:_identify(src/igus_rebel_ros2/src/doc) by extensions ['python_setup_py']
[0.610s] Level 1:colcon.colcon_core.package_identification:_identify(src/igus_rebel_ros2/src/doc) by extension 'python_setup_py'
[0.611s] Level 1:colcon.colcon_core.package_identification:_identify(src/igus_rebel_ros2/src/doc/img) by extensions ['ignore', 'ignore_ament_install']
[0.611s] Level 1:colcon.colcon_core.package_identification:_identify(src/igus_rebel_ros2/src/doc/img) by extension 'ignore'
[0.611s] Level 1:colcon.colcon_core.package_identification:_identify(src/igus_rebel_ros2/src/doc/img) by extension 'ignore_ament_install'
[0.611s] Level 1:colcon.colcon_core.package_identification:_identify(src/igus_rebel_ros2/src/doc/img) by extensions ['colcon_pkg']
[0.611s] Level 1:colcon.colcon_core.package_identification:_identify(src/igus_rebel_ros2/src/doc/img) by extension 'colcon_pkg'
[0.612s] Level 1:colcon.colcon_core.package_identification:_identify(src/igus_rebel_ros2/src/doc/img) by extensions ['colcon_meta']
[0.612s] Level 1:colcon.colcon_core.package_identification:_identify(src/igus_rebel_ros2/src/doc/img) by extension 'colcon_meta'
[0.612s] Level 1:colcon.colcon_core.package_identification:_identify(src/igus_rebel_ros2/src/doc/img) by extensions ['ros']
[0.612s] Level 1:colcon.colcon_core.package_identification:_identify(src/igus_rebel_ros2/src/doc/img) by extension 'ros'
[0.612s] Level 1:colcon.colcon_core.package_identification:_identify(src/igus_rebel_ros2/src/doc/img) by extensions ['cmake', 'python']
[0.612s] Level 1:colcon.colcon_core.package_identification:_identify(src/igus_rebel_ros2/src/doc/img) by extension 'cmake'
[0.612s] Level 1:colcon.colcon_core.package_identification:_identify(src/igus_rebel_ros2/src/doc/img) by extension 'python'
[0.612s] Level 1:colcon.colcon_core.package_identification:_identify(src/igus_rebel_ros2/src/doc/img) by extensions ['python_setup_py']
[0.613s] Level 1:colcon.colcon_core.package_identification:_identify(src/igus_rebel_ros2/src/doc/img) by extension 'python_setup_py'
[0.613s] Level 1:colcon.colcon_core.package_identification:_identify(src/igus_rebel_ros2/src/igus_rebel) by extensions ['ignore', 'ignore_ament_install']
[0.613s] Level 1:colcon.colcon_core.package_identification:_identify(src/igus_rebel_ros2/src/igus_rebel) by extension 'ignore'
[0.613s] Level 1:colcon.colcon_core.package_identification:_identify(src/igus_rebel_ros2/src/igus_rebel) by extension 'ignore_ament_install'
[0.613s] Level 1:colcon.colcon_core.package_identification:_identify(src/igus_rebel_ros2/src/igus_rebel) by extensions ['colcon_pkg']
[0.614s] Level 1:colcon.colcon_core.package_identification:_identify(src/igus_rebel_ros2/src/igus_rebel) by extension 'colcon_pkg'
[0.614s] Level 1:colcon.colcon_core.package_identification:_identify(src/igus_rebel_ros2/src/igus_rebel) by extensions ['colcon_meta']
[0.614s] Level 1:colcon.colcon_core.package_identification:_identify(src/igus_rebel_ros2/src/igus_rebel) by extension 'colcon_meta'
[0.614s] Level 1:colcon.colcon_core.package_identification:_identify(src/igus_rebel_ros2/src/igus_rebel) by extensions ['ros']
[0.614s] Level 1:colcon.colcon_core.package_identification:_identify(src/igus_rebel_ros2/src/igus_rebel) by extension 'ros'
[0.627s] DEBUG:colcon.colcon_core.package_identification:Package 'src/igus_rebel_ros2/src/igus_rebel' with type 'ros.ament_cmake' and name 'igus_rebel'
[0.627s] Level 1:colcon.colcon_core.package_identification:_identify(src/igus_rebel_ros2/src/igus_rebel_description) by extensions ['ignore', 'ignore_ament_install']
[0.628s] Level 1:colcon.colcon_core.package_identification:_identify(src/igus_rebel_ros2/src/igus_rebel_description) by extension 'ignore'
[0.628s] Level 1:colcon.colcon_core.package_identification:_identify(src/igus_rebel_ros2/src/igus_rebel_description) by extension 'ignore_ament_install'
[0.628s] Level 1:colcon.colcon_core.package_identification:_identify(src/igus_rebel_ros2/src/igus_rebel_description) by extensions ['colcon_pkg']
[0.628s] Level 1:colcon.colcon_core.package_identification:_identify(src/igus_rebel_ros2/src/igus_rebel_description) by extension 'colcon_pkg'
[0.629s] Level 1:colcon.colcon_core.package_identification:_identify(src/igus_rebel_ros2/src/igus_rebel_description) by extensions ['colcon_meta']
[0.629s] Level 1:colcon.colcon_core.package_identification:_identify(src/igus_rebel_ros2/src/igus_rebel_description) by extension 'colcon_meta'
[0.629s] Level 1:colcon.colcon_core.package_identification:_identify(src/igus_rebel_ros2/src/igus_rebel_description) by extensions ['ros']
[0.629s] Level 1:colcon.colcon_core.package_identification:_identify(src/igus_rebel_ros2/src/igus_rebel_description) by extension 'ros'
[0.631s] DEBUG:colcon.colcon_core.package_identification:Package 'src/igus_rebel_ros2/src/igus_rebel_description' with type 'ros.ament_cmake' and name 'igus_rebel_description'
[0.631s] Level 1:colcon.colcon_core.package_identification:_identify(src/igus_rebel_ros2/src/igus_rebel_moveit_config) by extensions ['ignore', 'ignore_ament_install']
[0.632s] Level 1:colcon.colcon_core.package_identification:_identify(src/igus_rebel_ros2/src/igus_rebel_moveit_config) by extension 'ignore'
[0.632s] Level 1:colcon.colcon_core.package_identification:_identify(src/igus_rebel_ros2/src/igus_rebel_moveit_config) by extension 'ignore_ament_install'
[0.632s] Level 1:colcon.colcon_core.package_identification:_identify(src/igus_rebel_ros2/src/igus_rebel_moveit_config) by extensions ['colcon_pkg']
[0.632s] Level 1:colcon.colcon_core.package_identification:_identify(src/igus_rebel_ros2/src/igus_rebel_moveit_config) by extension 'colcon_pkg'
[0.632s] Level 1:colcon.colcon_core.package_identification:_identify(src/igus_rebel_ros2/src/igus_rebel_moveit_config) by extensions ['colcon_meta']
[0.633s] Level 1:colcon.colcon_core.package_identification:_identify(src/igus_rebel_ros2/src/igus_rebel_moveit_config) by extension 'colcon_meta'
[0.633s] Level 1:colcon.colcon_core.package_identification:_identify(src/igus_rebel_ros2/src/igus_rebel_moveit_config) by extensions ['ros']
[0.633s] Level 1:colcon.colcon_core.package_identification:_identify(src/igus_rebel_ros2/src/igus_rebel_moveit_config) by extension 'ros'
[0.635s] DEBUG:colcon.colcon_core.package_identification:Package 'src/igus_rebel_ros2/src/igus_rebel_moveit_config' with type 'ros.ament_cmake' and name 'igus_rebel_moveit_config'
[0.636s] Level 1:colcon.colcon_core.package_identification:_identify(src/igus_rebel_ros2/src/igus_rebel_msgs) by extensions ['ignore', 'ignore_ament_install']
[0.636s] Level 1:colcon.colcon_core.package_identification:_identify(src/igus_rebel_ros2/src/igus_rebel_msgs) by extension 'ignore'
[0.636s] Level 1:colcon.colcon_core.package_identification:_identify(src/igus_rebel_ros2/src/igus_rebel_msgs) by extension 'ignore_ament_install'
[0.637s] Level 1:colcon.colcon_core.package_identification:_identify(src/igus_rebel_ros2/src/igus_rebel_msgs) by extensions ['colcon_pkg']
[0.637s] Level 1:colcon.colcon_core.package_identification:_identify(src/igus_rebel_ros2/src/igus_rebel_msgs) by extension 'colcon_pkg'
[0.637s] Level 1:colcon.colcon_core.package_identification:_identify(src/igus_rebel_ros2/src/igus_rebel_msgs) by extensions ['colcon_meta']
[0.637s] Level 1:colcon.colcon_core.package_identification:_identify(src/igus_rebel_ros2/src/igus_rebel_msgs) by extension 'colcon_meta'
[0.637s] Level 1:colcon.colcon_core.package_identification:_identify(src/igus_rebel_ros2/src/igus_rebel_msgs) by extensions ['ros']
[0.637s] Level 1:colcon.colcon_core.package_identification:_identify(src/igus_rebel_ros2/src/igus_rebel_msgs) by extension 'ros'
[0.639s] DEBUG:colcon.colcon_core.package_identification:Package 'src/igus_rebel_ros2/src/igus_rebel_msgs' with type 'ros.ament_cmake' and name 'igus_rebel_msgs'
[0.640s] Level 1:colcon.colcon_core.package_identification:_identify(src/igusgus) by extensions ['ignore', 'ignore_ament_install']
[0.640s] Level 1:colcon.colcon_core.package_identification:_identify(src/igusgus) by extension 'ignore'
[0.640s] Level 1:colcon.colcon_core.package_identification:_identify(src/igusgus) by extension 'ignore_ament_install'
[0.641s] Level 1:colcon.colcon_core.package_identification:_identify(src/igusgus) by extensions ['colcon_pkg']
[0.641s] Level 1:colcon.colcon_core.package_identification:_identify(src/igusgus) by extension 'colcon_pkg'
[0.641s] Level 1:colcon.colcon_core.package_identification:_identify(src/igusgus) by extensions ['colcon_meta']
[0.641s] Level 1:colcon.colcon_core.package_identification:_identify(src/igusgus) by extension 'colcon_meta'
[0.641s] Level 1:colcon.colcon_core.package_identification:_identify(src/igusgus) by extensions ['ros']
[0.641s] Level 1:colcon.colcon_core.package_identification:_identify(src/igusgus) by extension 'ros'
[0.642s] DEBUG:colcon.colcon_core.package_identification:Package 'src/igusgus' with type 'ros.ament_python' and name 'igusgus'
[0.643s] Level 1:colcon.colcon_core.package_identification:_identify(src/realsense-ros) by extensions ['ignore', 'ignore_ament_install']
[0.643s] Level 1:colcon.colcon_core.package_identification:_identify(src/realsense-ros) by extension 'ignore'
[0.643s] Level 1:colcon.colcon_core.package_identification:_identify(src/realsense-ros) by extension 'ignore_ament_install'
[0.644s] Level 1:colcon.colcon_core.package_identification:_identify(src/realsense-ros) by extensions ['colcon_pkg']
[0.644s] Level 1:colcon.colcon_core.package_identification:_identify(src/realsense-ros) by extension 'colcon_pkg'
[0.644s] Level 1:colcon.colcon_core.package_identification:_identify(src/realsense-ros) by extensions ['colcon_meta']
[0.644s] Level 1:colcon.colcon_core.package_identification:_identify(src/realsense-ros) by extension 'colcon_meta'
[0.644s] Level 1:colcon.colcon_core.package_identification:_identify(src/realsense-ros) by extensions ['ros']
[0.644s] Level 1:colcon.colcon_core.package_identification:_identify(src/realsense-ros) by extension 'ros'
[0.644s] Level 1:colcon.colcon_core.package_identification:_identify(src/realsense-ros) by extensions ['cmake', 'python']
[0.644s] Level 1:colcon.colcon_core.package_identification:_identify(src/realsense-ros) by extension 'cmake'
[0.645s] Level 1:colcon.colcon_core.package_identification:_identify(src/realsense-ros) by extension 'python'
[0.645s] Level 1:colcon.colcon_core.package_identification:_identify(src/realsense-ros) by extensions ['python_setup_py']
[0.645s] Level 1:colcon.colcon_core.package_identification:_identify(src/realsense-ros) by extension 'python_setup_py'
[0.645s] Level 1:colcon.colcon_core.package_identification:_identify(src/realsense-ros/realsense2_camera) by extensions ['ignore', 'ignore_ament_install']
[0.645s] Level 1:colcon.colcon_core.package_identification:_identify(src/realsense-ros/realsense2_camera) by extension 'ignore'
[0.646s] Level 1:colcon.colcon_core.package_identification:_identify(src/realsense-ros/realsense2_camera) by extension 'ignore_ament_install'
[0.646s] Level 1:colcon.colcon_core.package_identification:_identify(src/realsense-ros/realsense2_camera) by extensions ['colcon_pkg']
[0.646s] Level 1:colcon.colcon_core.package_identification:_identify(src/realsense-ros/realsense2_camera) by extension 'colcon_pkg'
[0.646s] Level 1:colcon.colcon_core.package_identification:_identify(src/realsense-ros/realsense2_camera) by extensions ['colcon_meta']
[0.646s] Level 1:colcon.colcon_core.package_identification:_identify(src/realsense-ros/realsense2_camera) by extension 'colcon_meta'
[0.646s] Level 1:colcon.colcon_core.package_identification:_identify(src/realsense-ros/realsense2_camera) by extensions ['ros']
[0.646s] Level 1:colcon.colcon_core.package_identification:_identify(src/realsense-ros/realsense2_camera) by extension 'ros'
[0.666s] DEBUG:colcon.colcon_core.package_identification:Package 'src/realsense-ros/realsense2_camera' with type 'ros.ament_cmake' and name 'realsense2_camera'
[0.667s] Level 1:colcon.colcon_core.package_identification:_identify(src/realsense-ros/realsense2_camera_msgs) by extensions ['ignore', 'ignore_ament_install']
[0.667s] Level 1:colcon.colcon_core.package_identification:_identify(src/realsense-ros/realsense2_camera_msgs) by extension 'ignore'
[0.668s] Level 1:colcon.colcon_core.package_identification:_identify(src/realsense-ros/realsense2_camera_msgs) by extension 'ignore_ament_install'
[0.668s] Level 1:colcon.colcon_core.package_identification:_identify(src/realsense-ros/realsense2_camera_msgs) by extensions ['colcon_pkg']
[0.668s] Level 1:colcon.colcon_core.package_identification:_identify(src/realsense-ros/realsense2_camera_msgs) by extension 'colcon_pkg'
[0.668s] Level 1:colcon.colcon_core.package_identification:_identify(src/realsense-ros/realsense2_camera_msgs) by extensions ['colcon_meta']
[0.668s] Level 1:colcon.colcon_core.package_identification:_identify(src/realsense-ros/realsense2_camera_msgs) by extension 'colcon_meta'
[0.668s] Level 1:colcon.colcon_core.package_identification:_identify(src/realsense-ros/realsense2_camera_msgs) by extensions ['ros']
[0.668s] Level 1:colcon.colcon_core.package_identification:_identify(src/realsense-ros/realsense2_camera_msgs) by extension 'ros'
[0.671s] DEBUG:colcon.colcon_core.package_identification:Package 'src/realsense-ros/realsense2_camera_msgs' with type 'ros.ament_cmake' and name 'realsense2_camera_msgs'
[0.671s] Level 1:colcon.colcon_core.package_identification:_identify(src/realsense-ros/realsense2_description) by extensions ['ignore', 'ignore_ament_install']
[0.672s] Level 1:colcon.colcon_core.package_identification:_identify(src/realsense-ros/realsense2_description) by extension 'ignore'
[0.672s] Level 1:colcon.colcon_core.package_identification:_identify(src/realsense-ros/realsense2_description) by extension 'ignore_ament_install'
[0.672s] Level 1:colcon.colcon_core.package_identification:_identify(src/realsense-ros/realsense2_description) by extensions ['colcon_pkg']
[0.672s] Level 1:colcon.colcon_core.package_identification:_identify(src/realsense-ros/realsense2_description) by extension 'colcon_pkg'
[0.672s] Level 1:colcon.colcon_core.package_identification:_identify(src/realsense-ros/realsense2_description) by extensions ['colcon_meta']
[0.673s] Level 1:colcon.colcon_core.package_identification:_identify(src/realsense-ros/realsense2_description) by extension 'colcon_meta'
[0.673s] Level 1:colcon.colcon_core.package_identification:_identify(src/realsense-ros/realsense2_description) by extensions ['ros']
[0.673s] Level 1:colcon.colcon_core.package_identification:_identify(src/realsense-ros/realsense2_description) by extension 'ros'
[0.675s] DEBUG:colcon.colcon_core.package_identification:Package 'src/realsense-ros/realsense2_description' with type 'ros.ament_cmake' and name 'realsense2_description'
[0.675s] Level 1:colcon.colcon_core.package_identification:_identify(src/realsense-ros/scripts) by extensions ['ignore', 'ignore_ament_install']
[0.676s] Level 1:colcon.colcon_core.package_identification:_identify(src/realsense-ros/scripts) by extension 'ignore'
[0.676s] Level 1:colcon.colcon_core.package_identification:_identify(src/realsense-ros/scripts) by extension 'ignore_ament_install'
[0.676s] Level 1:colcon.colcon_core.package_identification:_identify(src/realsense-ros/scripts) by extensions ['colcon_pkg']
[0.676s] Level 1:colcon.colcon_core.package_identification:_identify(src/realsense-ros/scripts) by extension 'colcon_pkg'
[0.677s] Level 1:colcon.colcon_core.package_identification:_identify(src/realsense-ros/scripts) by extensions ['colcon_meta']
[0.677s] Level 1:colcon.colcon_core.package_identification:_identify(src/realsense-ros/scripts) by extension 'colcon_meta'
[0.677s] Level 1:colcon.colcon_core.package_identification:_identify(src/realsense-ros/scripts) by extensions ['ros']
[0.677s] Level 1:colcon.colcon_core.package_identification:_identify(src/realsense-ros/scripts) by extension 'ros'
[0.677s] Level 1:colcon.colcon_core.package_identification:_identify(src/realsense-ros/scripts) by extensions ['cmake', 'python']
[0.677s] Level 1:colcon.colcon_core.package_identification:_identify(src/realsense-ros/scripts) by extension 'cmake'
[0.677s] Level 1:colcon.colcon_core.package_identification:_identify(src/realsense-ros/scripts) by extension 'python'
[0.678s] Level 1:colcon.colcon_core.package_identification:_identify(src/realsense-ros/scripts) by extensions ['python_setup_py']
[0.678s] Level 1:colcon.colcon_core.package_identification:_identify(src/realsense-ros/scripts) by extension 'python_setup_py'
[0.678s] Level 1:colcon.colcon_core.package_identification:_identify(src/yolo_ros) by extensions ['ignore', 'ignore_ament_install']
[0.678s] Level 1:colcon.colcon_core.package_identification:_identify(src/yolo_ros) by extension 'ignore'
[0.678s] Level 1:colcon.colcon_core.package_identification:_identify(src/yolo_ros) by extension 'ignore_ament_install'
[0.679s] Level 1:colcon.colcon_core.package_identification:_identify(src/yolo_ros) by extensions ['colcon_pkg']
[0.679s] Level 1:colcon.colcon_core.package_identification:_identify(src/yolo_ros) by extension 'colcon_pkg'
[0.679s] Level 1:colcon.colcon_core.package_identification:_identify(src/yolo_ros) by extensions ['colcon_meta']
[0.679s] Level 1:colcon.colcon_core.package_identification:_identify(src/yolo_ros) by extension 'colcon_meta'
[0.679s] Level 1:colcon.colcon_core.package_identification:_identify(src/yolo_ros) by extensions ['ros']
[0.679s] Level 1:colcon.colcon_core.package_identification:_identify(src/yolo_ros) by extension 'ros'
[0.679s] Level 1:colcon.colcon_core.package_identification:_identify(src/yolo_ros) by extensions ['cmake', 'python']
[0.680s] Level 1:colcon.colcon_core.package_identification:_identify(src/yolo_ros) by extension 'cmake'
[0.680s] Level 1:colcon.colcon_core.package_identification:_identify(src/yolo_ros) by extension 'python'
[0.680s] Level 1:colcon.colcon_core.package_identification:_identify(src/yolo_ros) by extensions ['python_setup_py']
[0.680s] Level 1:colcon.colcon_core.package_identification:_identify(src/yolo_ros) by extension 'python_setup_py'
[0.680s] Level 1:colcon.colcon_core.package_identification:_identify(src/yolo_ros/docs) by extensions ['ignore', 'ignore_ament_install']
[0.680s] Level 1:colcon.colcon_core.package_identification:_identify(src/yolo_ros/docs) by extension 'ignore'
[0.681s] Level 1:colcon.colcon_core.package_identification:_identify(src/yolo_ros/docs) by extension 'ignore_ament_install'
[0.681s] Level 1:colcon.colcon_core.package_identification:_identify(src/yolo_ros/docs) by extensions ['colcon_pkg']
[0.681s] Level 1:colcon.colcon_core.package_identification:_identify(src/yolo_ros/docs) by extension 'colcon_pkg'
[0.681s] Level 1:colcon.colcon_core.package_identification:_identify(src/yolo_ros/docs) by extensions ['colcon_meta']
[0.681s] Level 1:colcon.colcon_core.package_identification:_identify(src/yolo_ros/docs) by extension 'colcon_meta'
[0.681s] Level 1:colcon.colcon_core.package_identification:_identify(src/yolo_ros/docs) by extensions ['ros']
[0.681s] Level 1:colcon.colcon_core.package_identification:_identify(src/yolo_ros/docs) by extension 'ros'
[0.682s] Level 1:colcon.colcon_core.package_identification:_identify(src/yolo_ros/docs) by extensions ['cmake', 'python']
[0.682s] Level 1:colcon.colcon_core.package_identification:_identify(src/yolo_ros/docs) by extension 'cmake'
[0.682s] Level 1:colcon.colcon_core.package_identification:_identify(src/yolo_ros/docs) by extension 'python'
[0.682s] Level 1:colcon.colcon_core.package_identification:_identify(src/yolo_ros/docs) by extensions ['python_setup_py']
[0.682s] Level 1:colcon.colcon_core.package_identification:_identify(src/yolo_ros/docs) by extension 'python_setup_py'
[0.682s] Level 1:colcon.colcon_core.package_identification:_identify(src/yolo_ros/yolo_bringup) by extensions ['ignore', 'ignore_ament_install']
[0.683s] Level 1:colcon.colcon_core.package_identification:_identify(src/yolo_ros/yolo_bringup) by extension 'ignore'
[0.683s] Level 1:colcon.colcon_core.package_identification:_identify(src/yolo_ros/yolo_bringup) by extension 'ignore_ament_install'
[0.683s] Level 1:colcon.colcon_core.package_identification:_identify(src/yolo_ros/yolo_bringup) by extensions ['colcon_pkg']
[0.683s] Level 1:colcon.colcon_core.package_identification:_identify(src/yolo_ros/yolo_bringup) by extension 'colcon_pkg'
[0.683s] Level 1:colcon.colcon_core.package_identification:_identify(src/yolo_ros/yolo_bringup) by extensions ['colcon_meta']
[0.683s] Level 1:colcon.colcon_core.package_identification:_identify(src/yolo_ros/yolo_bringup) by extension 'colcon_meta'
[0.683s] Level 1:colcon.colcon_core.package_identification:_identify(src/yolo_ros/yolo_bringup) by extensions ['ros']
[0.684s] Level 1:colcon.colcon_core.package_identification:_identify(src/yolo_ros/yolo_bringup) by extension 'ros'
[0.685s] DEBUG:colcon.colcon_core.package_identification:Package 'src/yolo_ros/yolo_bringup' with type 'ros.ament_cmake' and name 'yolo_bringup'
[0.686s] Level 1:colcon.colcon_core.package_identification:_identify(src/yolo_ros/yolo_msgs) by extensions ['ignore', 'ignore_ament_install']
[0.686s] Level 1:colcon.colcon_core.package_identification:_identify(src/yolo_ros/yolo_msgs) by extension 'ignore'
[0.686s] Level 1:colcon.colcon_core.package_identification:_identify(src/yolo_ros/yolo_msgs) by extension 'ignore_ament_install'
[0.686s] Level 1:colcon.colcon_core.package_identification:_identify(src/yolo_ros/yolo_msgs) by extensions ['colcon_pkg']
[0.686s] Level 1:colcon.colcon_core.package_identification:_identify(src/yolo_ros/yolo_msgs) by extension 'colcon_pkg'
[0.687s] Level 1:colcon.colcon_core.package_identification:_identify(src/yolo_ros/yolo_msgs) by extensions ['colcon_meta']
[0.687s] Level 1:colcon.colcon_core.package_identification:_identify(src/yolo_ros/yolo_msgs) by extension 'colcon_meta'
[0.687s] Level 1:colcon.colcon_core.package_identification:_identify(src/yolo_ros/yolo_msgs) by extensions ['ros']
[0.687s] Level 1:colcon.colcon_core.package_identification:_identify(src/yolo_ros/yolo_msgs) by extension 'ros'
[0.689s] DEBUG:colcon.colcon_core.package_identification:Package 'src/yolo_ros/yolo_msgs' with type 'ros.ament_cmake' and name 'yolo_msgs'
[0.689s] Level 1:colcon.colcon_core.package_identification:_identify(src/yolo_ros/yolo_ros) by extensions ['ignore', 'ignore_ament_install']
[0.689s] Level 1:colcon.colcon_core.package_identification:_identify(src/yolo_ros/yolo_ros) by extension 'ignore'
[0.690s] Level 1:colcon.colcon_core.package_identification:_identify(src/yolo_ros/yolo_ros) by extension 'ignore_ament_install'
[0.690s] Level 1:colcon.colcon_core.package_identification:_identify(src/yolo_ros/yolo_ros) by extensions ['colcon_pkg']
[0.690s] Level 1:colcon.colcon_core.package_identification:_identify(src/yolo_ros/yolo_ros) by extension 'colcon_pkg'
[0.690s] Level 1:colcon.colcon_core.package_identification:_identify(src/yolo_ros/yolo_ros) by extensions ['colcon_meta']
[0.690s] Level 1:colcon.colcon_core.package_identification:_identify(src/yolo_ros/yolo_ros) by extension 'colcon_meta'
[0.690s] Level 1:colcon.colcon_core.package_identification:_identify(src/yolo_ros/yolo_ros) by extensions ['ros']
[0.690s] Level 1:colcon.colcon_core.package_identification:_identify(src/yolo_ros/yolo_ros) by extension 'ros'
[0.693s] DEBUG:colcon.colcon_core.package_identification:Package 'src/yolo_ros/yolo_ros' with type 'ros.ament_python' and name 'yolo_ros'
[0.693s] Level 1:colcon.colcon_core.package_discovery:discover_packages(recursive) using defaults
[0.693s] Level 1:colcon.colcon_core.package_discovery:discover_packages(ignore) discover
[0.693s] Level 1:colcon.colcon_core.package_discovery:discover_packages(ignore) using defaults
[0.693s] Level 1:colcon.colcon_core.package_discovery:discover_packages(path) discover
[0.693s] Level 1:colcon.colcon_core.package_discovery:discover_packages(path) using defaults
[0.768s] INFO:colcon.colcon_core.package_selection:Skipping not selected package 'igus_rebel_description' in 'src/igus_rebel_ros2/src/igus_rebel_description'
[0.769s] INFO:colcon.colcon_core.package_selection:Skipping not selected package 'igus_rebel_msgs' in 'src/igus_rebel_ros2/src/igus_rebel_msgs'
[0.769s] INFO:colcon.colcon_core.package_selection:Skipping not selected package 'realsense2_camera_msgs' in 'src/realsense-ros/realsense2_camera_msgs'
[0.769s] INFO:colcon.colcon_core.package_selection:Skipping not selected package 'yolo_msgs' in 'src/yolo_ros/yolo_msgs'
[0.769s] INFO:colcon.colcon_core.package_selection:Skipping not selected package 'igus_rebel' in 'src/igus_rebel_ros2/src/igus_rebel'
[0.769s] INFO:colcon.colcon_core.package_selection:Skipping not selected package 'igus_rebel_moveit_config' in 'src/igus_rebel_ros2/src/igus_rebel_moveit_config'
[0.769s] INFO:colcon.colcon_core.package_selection:Skipping not selected package 'realsense2_camera' in 'src/realsense-ros/realsense2_camera'
[0.769s] INFO:colcon.colcon_core.package_selection:Skipping not selected package 'realsense2_description' in 'src/realsense-ros/realsense2_description'
[0.769s] INFO:colcon.colcon_core.package_selection:Skipping not selected package 'yolo_ros' in 'src/yolo_ros/yolo_ros'
[0.770s] INFO:colcon.colcon_core.package_selection:Skipping not selected package 'yolo_bringup' in 'src/yolo_ros/yolo_bringup'
[0.771s] Level 1:colcon.colcon_core.package_discovery:discover_packages(prefix_path) check parameters
[0.771s] Level 1:colcon.colcon_core.package_discovery:discover_packages(prefix_path) discover
[0.779s] DEBUG:colcon.colcon_installed_package_information.package_discovery:Found 12 installed packages in /home/amrl-linux24-04/ros2_ben/install
[0.786s] DEBUG:colcon.colcon_installed_package_information.package_discovery:Found 385 installed packages in /opt/ros/jazzy
[0.789s] Level 1:colcon.colcon_core.package_discovery:discover_packages(prefix_path) using defaults
[0.971s] Level 5:colcon.colcon_core.verb:set package 'igusgus' build argument 'cmake_args' from command line to 'None'
[0.971s] Level 5:colcon.colcon_core.verb:set package 'igusgus' build argument 'cmake_target' from command line to 'None'
[0.971s] Level 5:colcon.colcon_core.verb:set package 'igusgus' build argument 'cmake_target_skip_unavailable' from command line to 'False'
[0.971s] Level 5:colcon.colcon_core.verb:set package 'igusgus' build argument 'cmake_clean_cache' from command line to 'False'
[0.971s] Level 5:colcon.colcon_core.verb:set package 'igusgus' build argument 'cmake_clean_first' from command line to 'False'
[0.971s] Level 5:colcon.colcon_core.verb:set package 'igusgus' build argument 'cmake_force_configure' from command line to 'False'
[0.972s] Level 5:colcon.colcon_core.verb:set package 'igusgus' build argument 'ament_cmake_args' from command line to 'None'
[0.972s] Level 5:colcon.colcon_core.verb:set package 'igusgus' build argument 'catkin_cmake_args' from command line to 'None'
[0.972s] Level 5:colcon.colcon_core.verb:set package 'igusgus' build argument 'catkin_skip_building_tests' from command line to 'False'
[0.972s] DEBUG:colcon.colcon_core.verb:Building package 'igusgus' with the following arguments: {'ament_cmake_args': None, 'build_base': '/home/amrl-linux24-04/ros2_ben/build/igusgus', 'catkin_cmake_args': None, 'catkin_skip_building_tests': False, 'cmake_args': None, 'cmake_clean_cache': False, 'cmake_clean_first': False, 'cmake_force_configure': False, 'cmake_target': None, 'cmake_target_skip_unavailable': False, 'install_base': '/home/amrl-linux24-04/ros2_ben/install/igusgus', 'merge_install': False, 'path': '/home/amrl-linux24-04/ros2_ben/src/igusgus', 'symlink_install': False, 'test_result_base': None}
[0.972s] INFO:colcon.colcon_core.executor:Executing jobs using 'parallel' executor
[0.975s] DEBUG:colcon.colcon_parallel_executor.executor.parallel:run_until_complete
[0.976s] INFO:colcon.colcon_ros.task.ament_python.build:Building ROS package in '/home/amrl-linux24-04/ros2_ben/src/igusgus' with build type 'ament_python'
[0.976s] Level 1:colcon.colcon_core.shell:create_environment_hook('igusgus', 'ament_prefix_path')
[0.984s] INFO:colcon.colcon_core.plugin_system:Skipping extension 'colcon_core.shell.bat': Not used on non-Windows systems
[0.985s] INFO:colcon.colcon_core.shell:Creating environment hook '/home/amrl-linux24-04/ros2_ben/install/igusgus/share/igusgus/hook/ament_prefix_path.ps1'
[0.988s] INFO:colcon.colcon_core.shell:Creating environment descriptor '/home/amrl-linux24-04/ros2_ben/install/igusgus/share/igusgus/hook/ament_prefix_path.dsv'
[0.989s] INFO:colcon.colcon_core.shell:Creating environment hook '/home/amrl-linux24-04/ros2_ben/install/igusgus/share/igusgus/hook/ament_prefix_path.sh'
[0.991s] INFO:colcon.colcon_core.shell:Skip shell extension 'powershell' for command environment: Not usable outside of PowerShell
[0.991s] DEBUG:colcon.colcon_core.shell:Skip shell extension 'dsv' for command environment
[1.710s] INFO:colcon.colcon_core.task.python.build:Building Python package in '/home/amrl-linux24-04/ros2_ben/src/igusgus'
[1.711s] INFO:colcon.colcon_core.shell:Skip shell extension 'powershell' for command environment: Not usable outside of PowerShell
[1.711s] DEBUG:colcon.colcon_core.shell:Skip shell extension 'dsv' for command environment
[3.599s] DEBUG:colcon.colcon_core.event_handler.log_command:Invoking command in '/home/amrl-linux24-04/ros2_ben/src/igusgus': DEBUGINFOD_URLS=https://debuginfod.ubuntu.com PYTHONPATH=/home/amrl-linux24-04/ros2_ben/build/igusgus/prefix_override:/usr/lib/python3/dist-packages/colcon_core/task/python/colcon_distutils_commands:/home/amrl-linux24-04/ros2_ben/install/igusgus/lib/python3.12/site-packages:${PYTHONPATH} /usr/bin/python3 -W ignore:setup.py install is deprecated -W ignore:easy_install command is deprecated setup.py egg_info --egg-base ../../build/igusgus build --build-base /home/amrl-linux24-04/ros2_ben/build/igusgus/build install --record /home/amrl-linux24-04/ros2_ben/build/igusgus/install.log --single-version-externally-managed install_data
[4.914s] DEBUG:colcon.colcon_core.event_handler.log_command:Invoked command in '/home/amrl-linux24-04/ros2_ben/src/igusgus' returned '0': DEBUGINFOD_URLS=https://debuginfod.ubuntu.com PYTHONPATH=/home/amrl-linux24-04/ros2_ben/build/igusgus/prefix_override:/usr/lib/python3/dist-packages/colcon_core/task/python/colcon_distutils_commands:/home/amrl-linux24-04/ros2_ben/install/igusgus/lib/python3.12/site-packages:${PYTHONPATH} /usr/bin/python3 -W ignore:setup.py install is deprecated -W ignore:easy_install command is deprecated setup.py egg_info --egg-base ../../build/igusgus build --build-base /home/amrl-linux24-04/ros2_ben/build/igusgus/build install --record /home/amrl-linux24-04/ros2_ben/build/igusgus/install.log --single-version-externally-managed install_data
[4.921s] Level 1:colcon.colcon_core.environment:checking '/home/amrl-linux24-04/ros2_ben/install/igusgus' for CMake module files
[4.923s] Level 1:colcon.colcon_core.environment:checking '/home/amrl-linux24-04/ros2_ben/install/igusgus' for CMake config files
[4.925s] Level 1:colcon.colcon_core.environment:checking '/home/amrl-linux24-04/ros2_ben/install/igusgus/lib'
[4.926s] Level 1:colcon.colcon_core.environment:checking '/home/amrl-linux24-04/ros2_ben/install/igusgus/bin'
[4.926s] Level 1:colcon.colcon_core.environment:checking '/home/amrl-linux24-04/ros2_ben/install/igusgus/lib/pkgconfig/igusgus.pc'
[4.927s] Level 1:colcon.colcon_core.environment:checking '/home/amrl-linux24-04/ros2_ben/install/igusgus/lib/python3.12/site-packages'
[4.928s] Level 1:colcon.colcon_core.shell:create_environment_hook('igusgus', 'pythonpath')
[4.928s] INFO:colcon.colcon_core.shell:Creating environment hook '/home/amrl-linux24-04/ros2_ben/install/igusgus/share/igusgus/hook/pythonpath.ps1'
[4.930s] INFO:colcon.colcon_core.shell:Creating environment descriptor '/home/amrl-linux24-04/ros2_ben/install/igusgus/share/igusgus/hook/pythonpath.dsv'
[4.931s] INFO:colcon.colcon_core.shell:Creating environment hook '/home/amrl-linux24-04/ros2_ben/install/igusgus/share/igusgus/hook/pythonpath.sh'
[4.934s] Level 1:colcon.colcon_core.environment:checking '/home/amrl-linux24-04/ros2_ben/install/igusgus/bin'
[4.934s] Level 1:colcon.colcon_core.environment:create_environment_scripts_only(igusgus)
[4.935s] INFO:colcon.colcon_core.shell:Creating package script '/home/amrl-linux24-04/ros2_ben/install/igusgus/share/igusgus/package.ps1'
[4.938s] INFO:colcon.colcon_core.shell:Creating package descriptor '/home/amrl-linux24-04/ros2_ben/install/igusgus/share/igusgus/package.dsv'
[4.940s] INFO:colcon.colcon_core.shell:Creating package script '/home/amrl-linux24-04/ros2_ben/install/igusgus/share/igusgus/package.sh'
[4.943s] INFO:colcon.colcon_core.shell:Creating package script '/home/amrl-linux24-04/ros2_ben/install/igusgus/share/igusgus/package.bash'
[4.967s] INFO:colcon.colcon_core.shell:Creating package script '/home/amrl-linux24-04/ros2_ben/install/igusgus/share/igusgus/package.zsh'
[4.968s] Level 1:colcon.colcon_core.environment:create_file_with_runtime_dependencies(/home/amrl-linux24-04/ros2_ben/install/igusgus/share/colcon-core/packages/igusgus)
[4.969s] DEBUG:colcon.colcon_parallel_executor.executor.parallel:closing loop
[4.970s] DEBUG:colcon.colcon_parallel_executor.executor.parallel:loop closed
[4.971s] DEBUG:colcon.colcon_parallel_executor.executor.parallel:run_until_complete finished with '0'
[4.971s] DEBUG:colcon.colcon_core.event_reactor:joining thread
[4.985s] INFO:colcon.colcon_core.plugin_system:Skipping extension 'colcon_notification.desktop_notification.terminal_notifier': Not used on non-Darwin systems
[4.985s] INFO:colcon.colcon_core.plugin_system:Skipping extension 'colcon_notification.desktop_notification.win32': Not used on non-Windows systems
[4.985s] INFO:colcon.colcon_notification.desktop_notification:Sending desktop notification using 'notify2'
[5.028s] DEBUG:colcon.colcon_core.event_reactor:joined thread
[5.028s] INFO:colcon.colcon_core.shell:Creating prefix script '/home/amrl-linux24-04/ros2_ben/install/local_setup.ps1'
[5.031s] INFO:colcon.colcon_core.shell:Creating prefix util module '/home/amrl-linux24-04/ros2_ben/install/_local_setup_util_ps1.py'
[5.033s] INFO:colcon.colcon_core.shell:Creating prefix chain script '/home/amrl-linux24-04/ros2_ben/install/setup.ps1'
[5.037s] INFO:colcon.colcon_core.shell:Creating prefix script '/home/amrl-linux24-04/ros2_ben/install/local_setup.sh'
[5.038s] INFO:colcon.colcon_core.shell:Creating prefix util module '/home/amrl-linux24-04/ros2_ben/install/_local_setup_util_sh.py'
[5.040s] INFO:colcon.colcon_core.shell:Creating prefix chain script '/home/amrl-linux24-04/ros2_ben/install/setup.sh'
[5.043s] INFO:colcon.colcon_core.shell:Creating prefix script '/home/amrl-linux24-04/ros2_ben/install/local_setup.bash'
[5.044s] INFO:colcon.colcon_core.shell:Creating prefix chain script '/home/amrl-linux24-04/ros2_ben/install/setup.bash'
[5.047s] INFO:colcon.colcon_core.shell:Creating prefix script '/home/amrl-linux24-04/ros2_ben/install/local_setup.zsh'
[5.048s] INFO:colcon.colcon_core.shell:Creating prefix chain script '/home/amrl-linux24-04/ros2_ben/install/setup.zsh'
