[0.007s] Invoking command in '/home/amrl-linux24-04/ros2_ben/build/igus_rebel_moveit_config': CMAKE_PREFIX_PATH=/home/amrl-linux24-04/ros2_ben/install/igus_rebel_description:/home/amrl-linux24-04/ros2_ben/install/yolo_bringup:/home/amrl-linux24-04/ros2_ben/install/yolo_msgs:/home/amrl-linux24-04/ros2_ben/install/realsense2_description:/home/amrl-linux24-04/ros2_ben/install/realsense2_camera:/home/amrl-linux24-04/ros2_ben/install/realsense2_camera_msgs:/home/amrl-linux24-04/ros2_ben/install/igus_rebel:/home/amrl-linux24-04/ros2_ben/install/igus_rebel_msgs:/home/amrl-linux24-04/ros2_ben/install/igus_rebel_moveit_config:/opt/ros/jazzy/opt/gz_sim_vendor:/opt/ros/jazzy/opt/gz_sensors_vendor:/opt/ros/jazzy/opt/gz_physics_vendor:/opt/ros/jazzy/opt/sdformat_vendor:/opt/ros/jazzy/opt/gz_gui_vendor:/opt/ros/jazzy/opt/gz_transport_vendor:/opt/ros/jazzy/opt/gz_rendering_vendor:/opt/ros/jazzy/opt/gz_plugin_vendor:/opt/ros/jazzy/opt/gz_fuel_tools_vendor:/opt/ros/jazzy/opt/gz_msgs_vendor:/opt/ros/jazzy/opt/gz_common_vendor:/opt/ros/jazzy/opt/gz_math_vendor:/opt/ros/jazzy/opt/gz_utils_vendor:/opt/ros/jazzy/opt/gz_tools_vendor:/opt/ros/jazzy/opt/gz_ogre_next_vendor:/opt/ros/jazzy/opt/gz_dartsim_vendor:/opt/ros/jazzy/opt/gz_cmake_vendor:/home/amrl-linux24-04/ros2_ben/install/yolo_ros:/home/amrl-linux24-04/ros2_ben/install/igusgus:/opt/ros/jazzy DEBUGINFOD_URLS=https://debuginfod.ubuntu.com /usr/bin/cmake /home/amrl-linux24-04/ros2_ben/src/igus_rebel_ros2/src/igus_rebel_moveit_config -DAMENT_CMAKE_SYMLINK_INSTALL=1 -DCMAKE_INSTALL_PREFIX=/home/amrl-linux24-04/ros2_ben/install/igus_rebel_moveit_config
[0.054s] -- The C compiler identification is GNU 13.3.0
[0.102s] -- The CXX compiler identification is GNU 13.3.0
[0.116s] -- Detecting C compiler ABI info
[0.204s] -- Detecting C compiler ABI info - done
[0.211s] -- Check for working C compiler: /usr/bin/cc - skipped
[0.211s] -- Detecting C compile features
[0.212s] -- Detecting C compile features - done
[0.219s] -- Detecting CXX compiler ABI info
[0.299s] -- Detecting CXX compiler ABI info - done
[0.307s] -- Check for working CXX compiler: /usr/bin/c++ - skipped
[0.307s] -- Detecting CXX compile features
[0.308s] -- Detecting CXX compile features - done
[0.310s] -- Found ament_cmake: 2.5.4 (/opt/ros/jazzy/share/ament_cmake/cmake)
[0.432s] -- Found Python3: /usr/bin/python3 (found version "3.12.3") found components: Interpreter 
[0.485s] -- Override CMake install command with custom implementation using symlinks instead of copying resources
[0.518s] -- Found rclcpp: 28.1.12 (/opt/ros/jazzy/share/rclcpp/cmake)
[0.553s] -- Found rosidl_generator_c: 4.6.6 (/opt/ros/jazzy/share/rosidl_generator_c/cmake)
[0.564s] -- Found rosidl_generator_cpp: 4.6.6 (/opt/ros/jazzy/share/rosidl_generator_cpp/cmake)
[0.577s] -- Using all available rosidl_typesupport_c: rosidl_typesupport_fastrtps_c;rosidl_typesupport_introspection_c
[0.591s] -- Using all available rosidl_typesupport_cpp: rosidl_typesupport_fastrtps_cpp;rosidl_typesupport_introspection_cpp
[0.650s] -- Found rmw_implementation_cmake: 7.3.2 (/opt/ros/jazzy/share/rmw_implementation_cmake/cmake)
[0.653s] -- Found rmw_fastrtps_cpp: 8.4.3 (/opt/ros/jazzy/share/rmw_fastrtps_cpp/cmake)
[0.735s] -- Found OpenSSL: /usr/lib/x86_64-linux-gnu/libcrypto.so (found version "3.0.13")  
[0.750s] -- Found FastRTPS: /opt/ros/jazzy/include (Required is at least version "2.13") 
[0.771s] -- Using RMW implementation 'rmw_fastrtps_cpp' as default
[0.826s] -- Found control_msgs: 5.5.0 (/opt/ros/jazzy/share/control_msgs/cmake)
[0.931s] -- Found moveit_msgs: 2.6.0 (/opt/ros/jazzy/share/moveit_msgs/cmake)
[1.030s] -- Found moveit_ros_planning_interface: 2.12.3 (/opt/ros/jazzy/share/moveit_ros_planning_interface/cmake)
[1.128s] -- Found Boost: /usr/lib/x86_64-linux-gnu/cmake/Boost-1.83.0/BoostConfig.cmake (found version "1.83.0") found components: date_time filesystem program_options system thread 
[1.150s] -- Found Boost: /usr/lib/x86_64-linux-gnu/cmake/Boost-1.83.0/BoostConfig.cmake (found version "1.83.0") found components: chrono date_time filesystem iostreams program_options regex serialization system thread 
[1.197s] -- Found parameter_traits: 0.5.0 (/opt/ros/jazzy/share/parameter_traits/cmake)
[1.207s] -- Found rclcpp_lifecycle: 28.1.12 (/opt/ros/jazzy/share/rclcpp_lifecycle/cmake)
[1.235s] -- Found Boost: /usr/lib/x86_64-linux-gnu/cmake/Boost-1.83.0/BoostConfig.cmake (found version "1.83.0") found components: filesystem 
[1.280s] -- Found Eigen3: TRUE (found version "3.4.0") 
[1.280s] -- Ensuring Eigen3 include directory is part of orocos-kdl CMake target
[1.401s] -- Found Boost: /usr/lib/x86_64-linux-gnu/cmake/Boost-1.83.0/BoostConfig.cmake (found version "1.83.0") found components: system filesystem date_time program_options thread chrono 
[1.437s] -- Found Boost: /usr/lib/x86_64-linux-gnu/cmake/Boost-1.83.0/BoostConfig.cmake (found version "1.83.0") found components: thread system filesystem regex date_time program_options 
[1.456s] -- Found Boost: /usr/lib/x86_64-linux-gnu/cmake/Boost-1.83.0/BoostConfig.cmake (found version "1.83.0") found components: system filesystem date_time program_options thread 
[1.561s] -- Configuring done (1.5s)
[1.578s] -- Generating done (0.0s)
[1.583s] -- Build files have been written to: /home/amrl-linux24-04/ros2_ben/build/igus_rebel_moveit_config
[1.594s] Invoked command in '/home/amrl-linux24-04/ros2_ben/build/igus_rebel_moveit_config' returned '0': CMAKE_PREFIX_PATH=/home/amrl-linux24-04/ros2_ben/install/igus_rebel_description:/home/amrl-linux24-04/ros2_ben/install/yolo_bringup:/home/amrl-linux24-04/ros2_ben/install/yolo_msgs:/home/amrl-linux24-04/ros2_ben/install/realsense2_description:/home/amrl-linux24-04/ros2_ben/install/realsense2_camera:/home/amrl-linux24-04/ros2_ben/install/realsense2_camera_msgs:/home/amrl-linux24-04/ros2_ben/install/igus_rebel:/home/amrl-linux24-04/ros2_ben/install/igus_rebel_msgs:/home/amrl-linux24-04/ros2_ben/install/igus_rebel_moveit_config:/opt/ros/jazzy/opt/gz_sim_vendor:/opt/ros/jazzy/opt/gz_sensors_vendor:/opt/ros/jazzy/opt/gz_physics_vendor:/opt/ros/jazzy/opt/sdformat_vendor:/opt/ros/jazzy/opt/gz_gui_vendor:/opt/ros/jazzy/opt/gz_transport_vendor:/opt/ros/jazzy/opt/gz_rendering_vendor:/opt/ros/jazzy/opt/gz_plugin_vendor:/opt/ros/jazzy/opt/gz_fuel_tools_vendor:/opt/ros/jazzy/opt/gz_msgs_vendor:/opt/ros/jazzy/opt/gz_common_vendor:/opt/ros/jazzy/opt/gz_math_vendor:/opt/ros/jazzy/opt/gz_utils_vendor:/opt/ros/jazzy/opt/gz_tools_vendor:/opt/ros/jazzy/opt/gz_ogre_next_vendor:/opt/ros/jazzy/opt/gz_dartsim_vendor:/opt/ros/jazzy/opt/gz_cmake_vendor:/home/amrl-linux24-04/ros2_ben/install/yolo_ros:/home/amrl-linux24-04/ros2_ben/install/igusgus:/opt/ros/jazzy DEBUGINFOD_URLS=https://debuginfod.ubuntu.com /usr/bin/cmake /home/amrl-linux24-04/ros2_ben/src/igus_rebel_ros2/src/igus_rebel_moveit_config -DAMENT_CMAKE_SYMLINK_INSTALL=1 -DCMAKE_INSTALL_PREFIX=/home/amrl-linux24-04/ros2_ben/install/igus_rebel_moveit_config
[1.596s] Invoking command in '/home/amrl-linux24-04/ros2_ben/build/igus_rebel_moveit_config': CMAKE_PREFIX_PATH=/home/amrl-linux24-04/ros2_ben/install/igus_rebel_description:/home/amrl-linux24-04/ros2_ben/install/yolo_bringup:/home/amrl-linux24-04/ros2_ben/install/yolo_msgs:/home/amrl-linux24-04/ros2_ben/install/realsense2_description:/home/amrl-linux24-04/ros2_ben/install/realsense2_camera:/home/amrl-linux24-04/ros2_ben/install/realsense2_camera_msgs:/home/amrl-linux24-04/ros2_ben/install/igus_rebel:/home/amrl-linux24-04/ros2_ben/install/igus_rebel_msgs:/home/amrl-linux24-04/ros2_ben/install/igus_rebel_moveit_config:/opt/ros/jazzy/opt/gz_sim_vendor:/opt/ros/jazzy/opt/gz_sensors_vendor:/opt/ros/jazzy/opt/gz_physics_vendor:/opt/ros/jazzy/opt/sdformat_vendor:/opt/ros/jazzy/opt/gz_gui_vendor:/opt/ros/jazzy/opt/gz_transport_vendor:/opt/ros/jazzy/opt/gz_rendering_vendor:/opt/ros/jazzy/opt/gz_plugin_vendor:/opt/ros/jazzy/opt/gz_fuel_tools_vendor:/opt/ros/jazzy/opt/gz_msgs_vendor:/opt/ros/jazzy/opt/gz_common_vendor:/opt/ros/jazzy/opt/gz_math_vendor:/opt/ros/jazzy/opt/gz_utils_vendor:/opt/ros/jazzy/opt/gz_tools_vendor:/opt/ros/jazzy/opt/gz_ogre_next_vendor:/opt/ros/jazzy/opt/gz_dartsim_vendor:/opt/ros/jazzy/opt/gz_cmake_vendor:/home/amrl-linux24-04/ros2_ben/install/yolo_ros:/home/amrl-linux24-04/ros2_ben/install/igusgus:/opt/ros/jazzy DEBUGINFOD_URLS=https://debuginfod.ubuntu.com /usr/bin/cmake --build /home/amrl-linux24-04/ros2_ben/build/igus_rebel_moveit_config -- -j22 -l22
[1.656s] [ 25%] [32mBuilding CXX object CMakeFiles/rebel_servo_teleop_keyboard.dir/src/rebel_servo_teleop_keyboard.cpp.o[0m
[1.657s] [ 50%] [32mBuilding CXX object CMakeFiles/rebel_servo_teleop_gamepad.dir/src/rebel_servo_teleop_gamepad.cpp.o[0m
[10.239s] [ 75%] [32m[1mLinking CXX executable rebel_servo_teleop_keyboard[0m
[10.898s] [ 75%] Built target rebel_servo_teleop_keyboard
[18.094s] [100%] [32m[1mLinking CXX executable rebel_servo_teleop_gamepad[0m
[18.991s] [100%] Built target rebel_servo_teleop_gamepad
[19.016s] Invoked command in '/home/amrl-linux24-04/ros2_ben/build/igus_rebel_moveit_config' returned '0': CMAKE_PREFIX_PATH=/home/amrl-linux24-04/ros2_ben/install/igus_rebel_description:/home/amrl-linux24-04/ros2_ben/install/yolo_bringup:/home/amrl-linux24-04/ros2_ben/install/yolo_msgs:/home/amrl-linux24-04/ros2_ben/install/realsense2_description:/home/amrl-linux24-04/ros2_ben/install/realsense2_camera:/home/amrl-linux24-04/ros2_ben/install/realsense2_camera_msgs:/home/amrl-linux24-04/ros2_ben/install/igus_rebel:/home/amrl-linux24-04/ros2_ben/install/igus_rebel_msgs:/home/amrl-linux24-04/ros2_ben/install/igus_rebel_moveit_config:/opt/ros/jazzy/opt/gz_sim_vendor:/opt/ros/jazzy/opt/gz_sensors_vendor:/opt/ros/jazzy/opt/gz_physics_vendor:/opt/ros/jazzy/opt/sdformat_vendor:/opt/ros/jazzy/opt/gz_gui_vendor:/opt/ros/jazzy/opt/gz_transport_vendor:/opt/ros/jazzy/opt/gz_rendering_vendor:/opt/ros/jazzy/opt/gz_plugin_vendor:/opt/ros/jazzy/opt/gz_fuel_tools_vendor:/opt/ros/jazzy/opt/gz_msgs_vendor:/opt/ros/jazzy/opt/gz_common_vendor:/opt/ros/jazzy/opt/gz_math_vendor:/opt/ros/jazzy/opt/gz_utils_vendor:/opt/ros/jazzy/opt/gz_tools_vendor:/opt/ros/jazzy/opt/gz_ogre_next_vendor:/opt/ros/jazzy/opt/gz_dartsim_vendor:/opt/ros/jazzy/opt/gz_cmake_vendor:/home/amrl-linux24-04/ros2_ben/install/yolo_ros:/home/amrl-linux24-04/ros2_ben/install/igusgus:/opt/ros/jazzy DEBUGINFOD_URLS=https://debuginfod.ubuntu.com /usr/bin/cmake --build /home/amrl-linux24-04/ros2_ben/build/igus_rebel_moveit_config -- -j22 -l22
[19.019s] Invoking command in '/home/amrl-linux24-04/ros2_ben/build/igus_rebel_moveit_config': CMAKE_PREFIX_PATH=/home/amrl-linux24-04/ros2_ben/install/igus_rebel_description:/home/amrl-linux24-04/ros2_ben/install/yolo_bringup:/home/amrl-linux24-04/ros2_ben/install/yolo_msgs:/home/amrl-linux24-04/ros2_ben/install/realsense2_description:/home/amrl-linux24-04/ros2_ben/install/realsense2_camera:/home/amrl-linux24-04/ros2_ben/install/realsense2_camera_msgs:/home/amrl-linux24-04/ros2_ben/install/igus_rebel:/home/amrl-linux24-04/ros2_ben/install/igus_rebel_msgs:/home/amrl-linux24-04/ros2_ben/install/igus_rebel_moveit_config:/opt/ros/jazzy/opt/gz_sim_vendor:/opt/ros/jazzy/opt/gz_sensors_vendor:/opt/ros/jazzy/opt/gz_physics_vendor:/opt/ros/jazzy/opt/sdformat_vendor:/opt/ros/jazzy/opt/gz_gui_vendor:/opt/ros/jazzy/opt/gz_transport_vendor:/opt/ros/jazzy/opt/gz_rendering_vendor:/opt/ros/jazzy/opt/gz_plugin_vendor:/opt/ros/jazzy/opt/gz_fuel_tools_vendor:/opt/ros/jazzy/opt/gz_msgs_vendor:/opt/ros/jazzy/opt/gz_common_vendor:/opt/ros/jazzy/opt/gz_math_vendor:/opt/ros/jazzy/opt/gz_utils_vendor:/opt/ros/jazzy/opt/gz_tools_vendor:/opt/ros/jazzy/opt/gz_ogre_next_vendor:/opt/ros/jazzy/opt/gz_dartsim_vendor:/opt/ros/jazzy/opt/gz_cmake_vendor:/home/amrl-linux24-04/ros2_ben/install/yolo_ros:/home/amrl-linux24-04/ros2_ben/install/igusgus:/opt/ros/jazzy DEBUGINFOD_URLS=https://debuginfod.ubuntu.com /usr/bin/cmake --install /home/amrl-linux24-04/ros2_ben/build/igus_rebel_moveit_config
[19.035s] -- Install configuration: ""
[19.036s] -- Execute custom install script
[19.036s] -- Symlinking: /home/amrl-linux24-04/ros2_ben/install/igus_rebel_moveit_config/lib/igus_rebel_moveit_config/rebel_servo_teleop_keyboard
[19.056s] -- Symlinking: /home/amrl-linux24-04/ros2_ben/install/igus_rebel_moveit_config/lib/igus_rebel_moveit_config/rebel_servo_teleop_gamepad
[19.076s] -- Symlinking: /home/amrl-linux24-04/ros2_ben/install/igus_rebel_moveit_config/share/igus_rebel_moveit_config/launch/gazebo.launch.py
[19.092s] -- Symlinking: /home/amrl-linux24-04/ros2_ben/install/igus_rebel_moveit_config/share/igus_rebel_moveit_config/launch/igus_rebel_motion_planner.launch.py
[19.111s] -- Symlinking: /home/amrl-linux24-04/ros2_ben/install/igus_rebel_moveit_config/share/igus_rebel_moveit_config/launch/igus_rebel_simulated.launch.py
[19.129s] -- Symlinking: /home/amrl-linux24-04/ros2_ben/install/igus_rebel_moveit_config/share/igus_rebel_moveit_config/launch/move_group.launch.py
[19.148s] -- Symlinking: /home/amrl-linux24-04/ros2_ben/install/igus_rebel_moveit_config/share/igus_rebel_moveit_config/launch/moveit.rviz
[19.167s] -- Symlinking: /home/amrl-linux24-04/ros2_ben/install/igus_rebel_moveit_config/share/igus_rebel_moveit_config/launch/moveit_rviz.launch.py
[19.186s] -- Symlinking: /home/amrl-linux24-04/ros2_ben/install/igus_rebel_moveit_config/share/igus_rebel_moveit_config/launch/ros_controllers.launch.py
[19.204s] -- Symlinking: /home/amrl-linux24-04/ros2_ben/install/igus_rebel_moveit_config/share/igus_rebel_moveit_config/config/gamepad.yaml
[19.222s] -- Symlinking: /home/amrl-linux24-04/ros2_ben/install/igus_rebel_moveit_config/share/igus_rebel_moveit_config/config/gz_bridge.yaml
[19.241s] -- Symlinking: /home/amrl-linux24-04/ros2_ben/install/igus_rebel_moveit_config/share/igus_rebel_moveit_config/config/igus_rebel2.srdf
[19.259s] -- Symlinking: /home/amrl-linux24-04/ros2_ben/install/igus_rebel_moveit_config/share/igus_rebel_moveit_config/config/initial_positions.yaml
[19.278s] -- Symlinking: /home/amrl-linux24-04/ros2_ben/install/igus_rebel_moveit_config/share/igus_rebel_moveit_config/config/joint_limits.yaml
[19.295s] -- Symlinking: /home/amrl-linux24-04/ros2_ben/install/igus_rebel_moveit_config/share/igus_rebel_moveit_config/config/kinematics.yaml
[19.319s] -- Symlinking: /home/amrl-linux24-04/ros2_ben/install/igus_rebel_moveit_config/share/igus_rebel_moveit_config/config/moveit_controllers.yaml
[19.341s] -- Symlinking: /home/amrl-linux24-04/ros2_ben/install/igus_rebel_moveit_config/share/igus_rebel_moveit_config/config/ompl_planning.yaml
[19.361s] -- Symlinking: /home/amrl-linux24-04/ros2_ben/install/igus_rebel_moveit_config/share/igus_rebel_moveit_config/config/pilz_cartesian_limits.yaml
[19.379s] -- Symlinking: /home/amrl-linux24-04/ros2_ben/install/igus_rebel_moveit_config/share/igus_rebel_moveit_config/config/pilz_industrial_motion_planner_planning.yaml
[19.401s] -- Symlinking: /home/amrl-linux24-04/ros2_ben/install/igus_rebel_moveit_config/share/igus_rebel_moveit_config/config/ros_controllers.yaml
[19.421s] -- Symlinking: /home/amrl-linux24-04/ros2_ben/install/igus_rebel_moveit_config/share/igus_rebel_moveit_config/config/servo.yaml
[19.443s] -- Symlinking: /home/amrl-linux24-04/ros2_ben/install/igus_rebel_moveit_config/share/igus_rebel_moveit_config/config/stomp_planning.yaml
[19.463s] -- Symlinking: /home/amrl-linux24-04/ros2_ben/install/igus_rebel_moveit_config/share/ament_index/resource_index/package_run_dependencies/igus_rebel_moveit_config
[19.484s] -- Symlinking: /home/amrl-linux24-04/ros2_ben/install/igus_rebel_moveit_config/share/ament_index/resource_index/parent_prefix_path/igus_rebel_moveit_config
[19.502s] -- Symlinking: /home/amrl-linux24-04/ros2_ben/install/igus_rebel_moveit_config/share/igus_rebel_moveit_config/environment/ament_prefix_path.sh
[19.519s] -- Symlinking: /home/amrl-linux24-04/ros2_ben/install/igus_rebel_moveit_config/share/igus_rebel_moveit_config/environment/ament_prefix_path.dsv
[19.538s] -- Symlinking: /home/amrl-linux24-04/ros2_ben/install/igus_rebel_moveit_config/share/igus_rebel_moveit_config/environment/path.sh
[19.556s] -- Symlinking: /home/amrl-linux24-04/ros2_ben/install/igus_rebel_moveit_config/share/igus_rebel_moveit_config/environment/path.dsv
[19.572s] -- Symlinking: /home/amrl-linux24-04/ros2_ben/install/igus_rebel_moveit_config/share/igus_rebel_moveit_config/local_setup.bash
[19.590s] -- Symlinking: /home/amrl-linux24-04/ros2_ben/install/igus_rebel_moveit_config/share/igus_rebel_moveit_config/local_setup.sh
[19.609s] -- Symlinking: /home/amrl-linux24-04/ros2_ben/install/igus_rebel_moveit_config/share/igus_rebel_moveit_config/local_setup.zsh
[19.625s] -- Symlinking: /home/amrl-linux24-04/ros2_ben/install/igus_rebel_moveit_config/share/igus_rebel_moveit_config/local_setup.dsv
[19.642s] -- Symlinking: /home/amrl-linux24-04/ros2_ben/install/igus_rebel_moveit_config/share/igus_rebel_moveit_config/package.dsv
[19.660s] -- Symlinking: /home/amrl-linux24-04/ros2_ben/install/igus_rebel_moveit_config/share/ament_index/resource_index/packages/igus_rebel_moveit_config
[19.680s] -- Symlinking: /home/amrl-linux24-04/ros2_ben/install/igus_rebel_moveit_config/share/igus_rebel_moveit_config/cmake/igus_rebel_moveit_configConfig.cmake
[19.700s] -- Symlinking: /home/amrl-linux24-04/ros2_ben/install/igus_rebel_moveit_config/share/igus_rebel_moveit_config/cmake/igus_rebel_moveit_configConfig-version.cmake
[19.715s] -- Symlinking: /home/amrl-linux24-04/ros2_ben/install/igus_rebel_moveit_config/share/igus_rebel_moveit_config/package.xml
[19.735s] Invoked command in '/home/amrl-linux24-04/ros2_ben/build/igus_rebel_moveit_config' returned '0': CMAKE_PREFIX_PATH=/home/amrl-linux24-04/ros2_ben/install/igus_rebel_description:/home/amrl-linux24-04/ros2_ben/install/yolo_bringup:/home/amrl-linux24-04/ros2_ben/install/yolo_msgs:/home/amrl-linux24-04/ros2_ben/install/realsense2_description:/home/amrl-linux24-04/ros2_ben/install/realsense2_camera:/home/amrl-linux24-04/ros2_ben/install/realsense2_camera_msgs:/home/amrl-linux24-04/ros2_ben/install/igus_rebel:/home/amrl-linux24-04/ros2_ben/install/igus_rebel_msgs:/home/amrl-linux24-04/ros2_ben/install/igus_rebel_moveit_config:/opt/ros/jazzy/opt/gz_sim_vendor:/opt/ros/jazzy/opt/gz_sensors_vendor:/opt/ros/jazzy/opt/gz_physics_vendor:/opt/ros/jazzy/opt/sdformat_vendor:/opt/ros/jazzy/opt/gz_gui_vendor:/opt/ros/jazzy/opt/gz_transport_vendor:/opt/ros/jazzy/opt/gz_rendering_vendor:/opt/ros/jazzy/opt/gz_plugin_vendor:/opt/ros/jazzy/opt/gz_fuel_tools_vendor:/opt/ros/jazzy/opt/gz_msgs_vendor:/opt/ros/jazzy/opt/gz_common_vendor:/opt/ros/jazzy/opt/gz_math_vendor:/opt/ros/jazzy/opt/gz_utils_vendor:/opt/ros/jazzy/opt/gz_tools_vendor:/opt/ros/jazzy/opt/gz_ogre_next_vendor:/opt/ros/jazzy/opt/gz_dartsim_vendor:/opt/ros/jazzy/opt/gz_cmake_vendor:/home/amrl-linux24-04/ros2_ben/install/yolo_ros:/home/amrl-linux24-04/ros2_ben/install/igusgus:/opt/ros/jazzy DEBUGINFOD_URLS=https://debuginfod.ubuntu.com /usr/bin/cmake --install /home/amrl-linux24-04/ros2_ben/build/igus_rebel_moveit_config
