-- The C compiler identification is GNU 13.3.0
-- The CXX compiler identification is GNU 13.3.0
-- Detecting C compiler ABI info
-- Detecting C compiler ABI info - done
-- Check for working C compiler: /usr/bin/cc - skipped
-- Detecting C compile features
-- Detecting C compile features - done
-- Detecting CXX compiler ABI info
-- Detecting CXX compiler ABI info - done
-- Check for working CXX compiler: /usr/bin/c++ - skipped
-- Detecting CXX compile features
-- Detecting CXX compile features - done
-- Found ament_cmake: 2.5.4 (/opt/ros/jazzy/share/ament_cmake/cmake)
-- Found Python3: /usr/bin/python3 (found version "3.12.3") found components: Interpreter 
-- Found ament_index_cpp: 1.8.1 (/opt/ros/jazzy/share/ament_index_cpp/cmake)
-- Found builtin_interfaces: 2.0.3 (/opt/ros/jazzy/share/builtin_interfaces/cmake)
-- Found rosidl_generator_c: 4.6.6 (/opt/ros/jazzy/share/rosidl_generator_c/cmake)
-- Found rosidl_generator_cpp: 4.6.6 (/opt/ros/jazzy/share/rosidl_generator_cpp/cmake)
-- Using all available rosidl_typesupport_c: rosidl_typesupport_fastrtps_c;rosidl_typesupport_introspection_c
-- Using all available rosidl_typesupport_cpp: rosidl_typesupport_fastrtps_cpp;rosidl_typesupport_introspection_cpp
-- Found cv_bridge: 4.1.0 (/opt/ros/jazzy/share/cv_bridge/cmake)
-- Found rmw_implementation_cmake: 7.3.2 (/opt/ros/jazzy/share/rmw_implementation_cmake/cmake)
-- Found rmw_fastrtps_cpp: 8.4.3 (/opt/ros/jazzy/share/rmw_fastrtps_cpp/cmake)
-- Found OpenSSL: /usr/lib/x86_64-linux-gnu/libcrypto.so (found version "3.0.13")  
-- Found FastRTPS: /opt/ros/jazzy/include (Required is at least version "2.13") 
-- Using RMW implementation 'rmw_fastrtps_cpp' as default
-- Found camera_info_manager: 5.1.7 (/opt/ros/jazzy/share/camera_info_manager/cmake)
-- Setting yaml-cpp_DIR to: '/opt/ros/jazzy/share/yaml_cpp_vendor/cmake/../../../opt/yaml_cpp_vendor/share/cmake/yaml-cpp'
-- Found image_transport: 5.1.7 (/opt/ros/jazzy/share/image_transport/cmake)
-- Found image_publisher: 5.0.11 (/opt/ros/jazzy/share/image_publisher/cmake)
-- Found OpenCV: /usr (found version "4.6.0") 
-- Found orbbec_camera_msgs: 1.2.2 (/home/amrl-linux24-04/ros2_ben/install/orbbec_camera_msgs/share/orbbec_camera_msgs/cmake)
-- Found std_srvs: 5.3.6 (/opt/ros/jazzy/share/std_srvs/cmake)
-- Found tf2: 0.36.14 (/opt/ros/jazzy/share/tf2/cmake)
-- Found tf2_eigen: 0.36.14 (/opt/ros/jazzy/share/tf2_eigen/cmake)
-- Found tf2_sensor_msgs: 0.36.14 (/opt/ros/jazzy/share/tf2_sensor_msgs/cmake)
-- Performing Test CMAKE_HAVE_LIBC_PTHREAD
-- Performing Test CMAKE_HAVE_LIBC_PTHREAD - Success
-- Found Threads: TRUE  
-- Found diagnostic_updater: 4.2.6 (/opt/ros/jazzy/share/diagnostic_updater/cmake)
-- Found PkgConfig: /usr/bin/pkg-config (found version "1.8.1") 
-- ORRBEC Machine : x86_64

-- ORRBEC Machine Bits : 64

-- Found ament_lint_auto: 0.17.3 (/opt/ros/jazzy/share/ament_lint_auto/cmake)
-- Configuring done (2.2s)
-- Generating done (0.1s)
-- Build files have been written to: /home/amrl-linux24-04/ros2_ben/build/orbbec_camera
[  8%] [32mBuilding CXX object CMakeFiles/orbbec_camera.dir/src/dynamic_params.cpp.o[0m
[  8%] [32mBuilding CXX object CMakeFiles/frame_latency_node.dir/rclcpp_components/node_main_frame_latency_node.cpp.o[0m
[ 12%] [32mBuilding CXX object CMakeFiles/orbbec_camera.dir/src/ob_camera_node_driver.cpp.o[0m
[ 24%] [32mBuilding CXX object CMakeFiles/orbbec_camera_node.dir/rclcpp_components/node_main_orbbec_camera_node.cpp.o[0m
[ 24%] [32mBuilding CXX object CMakeFiles/orbbec_camera.dir/src/d2c_viewer.cpp.o[0m
[ 24%] [32mBuilding CXX object CMakeFiles/orbbec_camera.dir/src/ros_service.cpp.o[0m
[ 28%] [32mBuilding CXX object CMakeFiles/orbbec_camera.dir/src/image_publisher.cpp.o[0m
[ 32%] [32mBuilding CXX object CMakeFiles/orbbec_camera.dir/src/jpeg_decoder.cpp.o[0m
[ 36%] [32mBuilding CXX object CMakeFiles/frame_latency.dir/tools/frame_latency.cpp.o[0m
[ 40%] [32mBuilding CXX object CMakeFiles/orbbec_camera.dir/src/ob_camera_node.cpp.o[0m
[ 44%] [32mBuilding CXX object CMakeFiles/orbbec_camera.dir/src/synced_imu_publisher.cpp.o[0m
[ 48%] [32mBuilding CXX object CMakeFiles/orbbec_camera.dir/src/ros_param_backend.cpp.o[0m
[ 52%] [32mBuilding CXX object CMakeFiles/orbbec_camera.dir/src/utils.cpp.o[0m
[ 56%] [32m[1mLinking CXX executable frame_latency_node[0m
[ 60%] [32m[1mLinking CXX executable orbbec_camera_node[0m
[ 60%] Built target frame_latency_node
[ 60%] Built target orbbec_camera_node
[ 64%] [32m[1mLinking CXX shared library liborbbec_camera.so[0m
[ 64%] Built target orbbec_camera
[ 68%] [32mBuilding CXX object CMakeFiles/list_depth_work_mode_node.dir/tools/list_depth_work_mode.cpp.o[0m
[ 72%] [32mBuilding CXX object CMakeFiles/list_devices_node.dir/tools/list_devices_node.cpp.o[0m
[ 76%] [32mBuilding CXX object CMakeFiles/list_camera_profile_mode_node.dir/tools/list_camera_profile.cpp.o[0m
[ 80%] [32mBuilding CXX object CMakeFiles/topic_statistics_node.dir/tools/topic_statistics.cpp.o[0m
[ 84%] [32m[1mLinking CXX shared library libframe_latency.so[0m
[ 84%] Built target frame_latency
[ 88%] [32m[1mLinking CXX executable list_depth_work_mode_node[0m
[ 88%] Built target list_depth_work_mode_node
[ 92%] [32m[1mLinking CXX executable list_devices_node[0m
[ 96%] [32m[1mLinking CXX executable list_camera_profile_mode_node[0m
[ 96%] Built target list_devices_node
[ 96%] Built target list_camera_profile_mode_node
[100%] [32m[1mLinking CXX executable topic_statistics_node[0m
[100%] Built target topic_statistics_node
-- Install configuration: "Release"
-- Installing: /home/amrl-linux24-04/ros2_ben/install/orbbec_camera/lib/orbbec_camera/orbbec_camera_node
-- Set non-toolchain portion of runtime path of "/home/amrl-linux24-04/ros2_ben/install/orbbec_camera/lib/orbbec_camera/orbbec_camera_node" to ":/home/amrl-linux24-04/ros2_ben/src/OrbbecSDK_ROS2/orbbec_camera/SDK/lib/x64"
-- Installing: /home/amrl-linux24-04/ros2_ben/install/orbbec_camera/lib/orbbec_camera/frame_latency_node
-- Set non-toolchain portion of runtime path of "/home/amrl-linux24-04/ros2_ben/install/orbbec_camera/lib/orbbec_camera/frame_latency_node" to ":/home/amrl-linux24-04/ros2_ben/src/OrbbecSDK_ROS2/orbbec_camera/SDK/lib/x64"
-- Installing: /home/amrl-linux24-04/ros2_ben/install/orbbec_camera/lib/liborbbec_camera.so
-- Set non-toolchain portion of runtime path of "/home/amrl-linux24-04/ros2_ben/install/orbbec_camera/lib/liborbbec_camera.so" to ":/home/amrl-linux24-04/ros2_ben/src/OrbbecSDK_ROS2/orbbec_camera/SDK/lib/x64"
-- Installing: /home/amrl-linux24-04/ros2_ben/install/orbbec_camera/lib/libframe_latency.so
-- Set non-toolchain portion of runtime path of "/home/amrl-linux24-04/ros2_ben/install/orbbec_camera/lib/libframe_latency.so" to ":/home/amrl-linux24-04/ros2_ben/src/OrbbecSDK_ROS2/orbbec_camera/SDK/lib/x64"
-- Installing: /home/amrl-linux24-04/ros2_ben/install/orbbec_camera/include
-- Installing: /home/amrl-linux24-04/ros2_ben/install/orbbec_camera/include/orbbec_camera
-- Installing: /home/amrl-linux24-04/ros2_ben/install/orbbec_camera/include/orbbec_camera/dynamic_params.h
-- Installing: /home/amrl-linux24-04/ros2_ben/install/orbbec_camera/include/orbbec_camera/ros_param_backend.h
-- Installing: /home/amrl-linux24-04/ros2_ben/install/orbbec_camera/include/orbbec_camera/jpeg_decoder.h
-- Installing: /home/amrl-linux24-04/ros2_ben/install/orbbec_camera/include/orbbec_camera/image_publisher.h
-- Installing: /home/amrl-linux24-04/ros2_ben/install/orbbec_camera/include/orbbec_camera/synced_imu_publisher.h
-- Installing: /home/amrl-linux24-04/ros2_ben/install/orbbec_camera/include/orbbec_camera/ob_camera_node.h
-- Installing: /home/amrl-linux24-04/ros2_ben/install/orbbec_camera/include/orbbec_camera/constants.h
-- Installing: /home/amrl-linux24-04/ros2_ben/install/orbbec_camera/include/orbbec_camera/ob_camera_node_driver.h
-- Installing: /home/amrl-linux24-04/ros2_ben/install/orbbec_camera/include/orbbec_camera/rk_mpp_decoder.h
-- Installing: /home/amrl-linux24-04/ros2_ben/install/orbbec_camera/include/orbbec_camera/jetson_nv_decoder.h
-- Installing: /home/amrl-linux24-04/ros2_ben/install/orbbec_camera/include/orbbec_camera/utils.h
-- Installing: /home/amrl-linux24-04/ros2_ben/install/orbbec_camera/include/orbbec_camera/d2c_viewer.h
-- Installing: /home/amrl-linux24-04/ros2_ben/install/orbbec_camera/include/magic_enum
-- Installing: /home/amrl-linux24-04/ros2_ben/install/orbbec_camera/include/magic_enum/magic_enum.hpp
-- Installing: /home/amrl-linux24-04/ros2_ben/install/orbbec_camera/share/orbbec_camera//launch
-- Installing: /home/amrl-linux24-04/ros2_ben/install/orbbec_camera/share/orbbec_camera//launch/dabai_dcw2.launch.py
-- Installing: /home/amrl-linux24-04/ros2_ben/install/orbbec_camera/share/orbbec_camera//launch/gemini_e_lite.launch.py
-- Installing: /home/amrl-linux24-04/ros2_ben/install/orbbec_camera/share/orbbec_camera//launch/dabai_pro.launch.py
-- Installing: /home/amrl-linux24-04/ros2_ben/install/orbbec_camera/share/orbbec_camera//launch/gemini_ew.launch.py
-- Installing: /home/amrl-linux24-04/ros2_ben/install/orbbec_camera/share/orbbec_camera//launch/deeya.launch.py
-- Installing: /home/amrl-linux24-04/ros2_ben/install/orbbec_camera/share/orbbec_camera//launch/astra_stereo_u3.launch.py
-- Installing: /home/amrl-linux24-04/ros2_ben/install/orbbec_camera/share/orbbec_camera//launch/multi_camera_synced.launch.py
-- Installing: /home/amrl-linux24-04/ros2_ben/install/orbbec_camera/share/orbbec_camera//launch/dabai_dw.launch.py
-- Installing: /home/amrl-linux24-04/ros2_ben/install/orbbec_camera/share/orbbec_camera//launch/gemini_uw.launch.py
-- Installing: /home/amrl-linux24-04/ros2_ben/install/orbbec_camera/share/orbbec_camera//launch/install
-- Installing: /home/amrl-linux24-04/ros2_ben/install/orbbec_camera/share/orbbec_camera//launch/install/COLCON_IGNORE
-- Installing: /home/amrl-linux24-04/ros2_ben/install/orbbec_camera/share/orbbec_camera//launch/install/setup.zsh
-- Installing: /home/amrl-linux24-04/ros2_ben/install/orbbec_camera/share/orbbec_camera//launch/install/_local_setup_util_sh.py
-- Installing: /home/amrl-linux24-04/ros2_ben/install/orbbec_camera/share/orbbec_camera//launch/install/local_setup.bash
-- Installing: /home/amrl-linux24-04/ros2_ben/install/orbbec_camera/share/orbbec_camera//launch/install/local_setup.ps1
-- Installing: /home/amrl-linux24-04/ros2_ben/install/orbbec_camera/share/orbbec_camera//launch/install/local_setup.sh
-- Installing: /home/amrl-linux24-04/ros2_ben/install/orbbec_camera/share/orbbec_camera//launch/install/setup.ps1
-- Installing: /home/amrl-linux24-04/ros2_ben/install/orbbec_camera/share/orbbec_camera//launch/install/_local_setup_util_ps1.py
-- Installing: /home/amrl-linux24-04/ros2_ben/install/orbbec_camera/share/orbbec_camera//launch/install/.colcon_install_layout
-- Installing: /home/amrl-linux24-04/ros2_ben/install/orbbec_camera/share/orbbec_camera//launch/install/setup.sh
-- Installing: /home/amrl-linux24-04/ros2_ben/install/orbbec_camera/share/orbbec_camera//launch/install/local_setup.zsh
-- Installing: /home/amrl-linux24-04/ros2_ben/install/orbbec_camera/share/orbbec_camera//launch/install/setup.bash
-- Installing: /home/amrl-linux24-04/ros2_ben/install/orbbec_camera/share/orbbec_camera//launch/gemini_ew_lite.launch.py
-- Installing: /home/amrl-linux24-04/ros2_ben/install/orbbec_camera/share/orbbec_camera//launch/ob_camera.launch.py
-- Installing: /home/amrl-linux24-04/ros2_ben/install/orbbec_camera/share/orbbec_camera//launch/gemini2VL.launch.py
-- Installing: /home/amrl-linux24-04/ros2_ben/install/orbbec_camera/share/orbbec_camera//launch/build
-- Installing: /home/amrl-linux24-04/ros2_ben/install/orbbec_camera/share/orbbec_camera//launch/build/COLCON_IGNORE
-- Installing: /home/amrl-linux24-04/ros2_ben/install/orbbec_camera/share/orbbec_camera//launch/build/.built_by
-- Installing: /home/amrl-linux24-04/ros2_ben/install/orbbec_camera/share/orbbec_camera//launch/dabai_max_pro.launch.py
-- Installing: /home/amrl-linux24-04/ros2_ben/install/orbbec_camera/share/orbbec_camera//launch/astra.launch.py
-- Installing: /home/amrl-linux24-04/ros2_ben/install/orbbec_camera/share/orbbec_camera//launch/dabai_d1.launch.py
-- Installing: /home/amrl-linux24-04/ros2_ben/install/orbbec_camera/share/orbbec_camera//launch/astra_adv.launch.py
-- Installing: /home/amrl-linux24-04/ros2_ben/install/orbbec_camera/share/orbbec_camera//launch/log
-- Installing: /home/amrl-linux24-04/ros2_ben/install/orbbec_camera/share/orbbec_camera//launch/log/COLCON_IGNORE
-- Installing: /home/amrl-linux24-04/ros2_ben/install/orbbec_camera/share/orbbec_camera//launch/log/latest_build
-- Installing: /home/amrl-linux24-04/ros2_ben/install/orbbec_camera/share/orbbec_camera//launch/log/latest
-- Installing: /home/amrl-linux24-04/ros2_ben/install/orbbec_camera/share/orbbec_camera//launch/log/build_2025-09-10_16-07-57
-- Installing: /home/amrl-linux24-04/ros2_ben/install/orbbec_camera/share/orbbec_camera//launch/log/build_2025-09-10_16-07-57/events.log
-- Installing: /home/amrl-linux24-04/ros2_ben/install/orbbec_camera/share/orbbec_camera//launch/log/build_2025-09-10_16-07-57/logger_all.log
-- Installing: /home/amrl-linux24-04/ros2_ben/install/orbbec_camera/share/orbbec_camera//launch/femto_bolt.launch.py
-- Installing: /home/amrl-linux24-04/ros2_ben/install/orbbec_camera/share/orbbec_camera//launch/dabai_max.launch.py
-- Installing: /home/amrl-linux24-04/ros2_ben/install/orbbec_camera/share/orbbec_camera//launch/femto.launch.py
-- Installing: /home/amrl-linux24-04/ros2_ben/install/orbbec_camera/share/orbbec_camera//launch/astra_pro2.launch.py
-- Installing: /home/amrl-linux24-04/ros2_ben/install/orbbec_camera/share/orbbec_camera//launch/multi_camera.launch.py
-- Installing: /home/amrl-linux24-04/ros2_ben/install/orbbec_camera/share/orbbec_camera//launch/dabai_dcw.launch.py
-- Installing: /home/amrl-linux24-04/ros2_ben/install/orbbec_camera/share/orbbec_camera//launch/gemini_330_series.launch.py
-- Installing: /home/amrl-linux24-04/ros2_ben/install/orbbec_camera/share/orbbec_camera//launch/astra2.launch.py
-- Installing: /home/amrl-linux24-04/ros2_ben/install/orbbec_camera/share/orbbec_camera//launch/gemini2XL.launch.py
-- Installing: /home/amrl-linux24-04/ros2_ben/install/orbbec_camera/share/orbbec_camera//launch/femto_mega.launch.py
-- Installing: /home/amrl-linux24-04/ros2_ben/install/orbbec_camera/share/orbbec_camera//launch/gemini_intra_process_demo_launch.py
-- Installing: /home/amrl-linux24-04/ros2_ben/install/orbbec_camera/share/orbbec_camera//launch/gemini2L.launch.py
-- Installing: /home/amrl-linux24-04/ros2_ben/install/orbbec_camera/share/orbbec_camera//launch/femto_net_camera.launch.py
-- Installing: /home/amrl-linux24-04/ros2_ben/install/orbbec_camera/share/orbbec_camera//launch/multi_net_camera.launch.py
-- Installing: /home/amrl-linux24-04/ros2_ben/install/orbbec_camera/share/orbbec_camera//launch/dabai_dcl.py
-- Installing: /home/amrl-linux24-04/ros2_ben/install/orbbec_camera/share/orbbec_camera//launch/Log
-- Installing: /home/amrl-linux24-04/ros2_ben/install/orbbec_camera/share/orbbec_camera//launch/Log/OrbbecSDK.log.txt
-- Installing: /home/amrl-linux24-04/ros2_ben/install/orbbec_camera/share/orbbec_camera//launch/gemini_e.launch.py
-- Installing: /home/amrl-linux24-04/ros2_ben/install/orbbec_camera/share/orbbec_camera//launch/dabai.launch.py
-- Installing: /home/amrl-linux24-04/ros2_ben/install/orbbec_camera/share/orbbec_camera//launch/gemini2.launch.py
-- Installing: /home/amrl-linux24-04/ros2_ben/install/orbbec_camera/share/orbbec_camera//launch/astra_embedded_s.launch.py
-- Installing: /home/amrl-linux24-04/ros2_ben/install/orbbec_camera/share/orbbec_camera//launch/dabai_dw2.launch.py
-- Installing: /home/amrl-linux24-04/ros2_ben/install/orbbec_camera/share/orbbec_camera//config
-- Installing: /home/amrl-linux24-04/ros2_ben/install/orbbec_camera/share/orbbec_camera//config/.gitkeep
-- Installing: /home/amrl-linux24-04/ros2_ben/install/orbbec_camera/share/orbbec_camera//config/depthfilter
-- Installing: /home/amrl-linux24-04/ros2_ben/install/orbbec_camera/share/orbbec_camera//config/depthfilter/Openni_device.json
-- Installing: /home/amrl-linux24-04/ros2_ben/install/orbbec_camera/share/orbbec_camera//config/depthfilter/Gemini2_v1.8.json
-- Installing: /home/amrl-linux24-04/ros2_ben/install/orbbec_camera/share/orbbec_camera//config/OrbbecSDKConfig_v1.0.xml
-- Installing: /home/amrl-linux24-04/ros2_ben/install/orbbec_camera/share/orbbec_camera//config/camera_params.yaml
-- Up-to-date: /home/amrl-linux24-04/ros2_ben/install/orbbec_camera/include
-- Installing: /home/amrl-linux24-04/ros2_ben/install/orbbec_camera/include/libobsensor
-- Installing: /home/amrl-linux24-04/ros2_ben/install/orbbec_camera/include/libobsensor/ObSensor.hpp
-- Installing: /home/amrl-linux24-04/ros2_ben/install/orbbec_camera/include/libobsensor/h
-- Installing: /home/amrl-linux24-04/ros2_ben/install/orbbec_camera/include/libobsensor/h/Sensor.h
-- Installing: /home/amrl-linux24-04/ros2_ben/install/orbbec_camera/include/libobsensor/h/Context.h
-- Installing: /home/amrl-linux24-04/ros2_ben/install/orbbec_camera/include/libobsensor/h/RecordPlayback.h
-- Installing: /home/amrl-linux24-04/ros2_ben/install/orbbec_camera/include/libobsensor/h/Frame.h
-- Installing: /home/amrl-linux24-04/ros2_ben/install/orbbec_camera/include/libobsensor/h/Utils.h
-- Installing: /home/amrl-linux24-04/ros2_ben/install/orbbec_camera/include/libobsensor/h/Version.h
-- Installing: /home/amrl-linux24-04/ros2_ben/install/orbbec_camera/include/libobsensor/h/Device.h
-- Installing: /home/amrl-linux24-04/ros2_ben/install/orbbec_camera/include/libobsensor/h/ObTypes.h
-- Installing: /home/amrl-linux24-04/ros2_ben/install/orbbec_camera/include/libobsensor/h/Filter.h
-- Installing: /home/amrl-linux24-04/ros2_ben/install/orbbec_camera/include/libobsensor/h/MultipleDevices.h
-- Installing: /home/amrl-linux24-04/ros2_ben/install/orbbec_camera/include/libobsensor/h/Pipeline.h
-- Installing: /home/amrl-linux24-04/ros2_ben/install/orbbec_camera/include/libobsensor/h/Error.h
-- Installing: /home/amrl-linux24-04/ros2_ben/install/orbbec_camera/include/libobsensor/h/Property.h
-- Installing: /home/amrl-linux24-04/ros2_ben/install/orbbec_camera/include/libobsensor/h/StreamProfile.h
-- Installing: /home/amrl-linux24-04/ros2_ben/install/orbbec_camera/include/libobsensor/ObSensor.h
-- Installing: /home/amrl-linux24-04/ros2_ben/install/orbbec_camera/include/libobsensor/hpp
-- Installing: /home/amrl-linux24-04/ros2_ben/install/orbbec_camera/include/libobsensor/hpp/Utils.hpp
-- Installing: /home/amrl-linux24-04/ros2_ben/install/orbbec_camera/include/libobsensor/hpp/Types.hpp
-- Installing: /home/amrl-linux24-04/ros2_ben/install/orbbec_camera/include/libobsensor/hpp/Filter.hpp
-- Installing: /home/amrl-linux24-04/ros2_ben/install/orbbec_camera/include/libobsensor/hpp/Sensor.hpp
-- Installing: /home/amrl-linux24-04/ros2_ben/install/orbbec_camera/include/libobsensor/hpp/Version.hpp
-- Installing: /home/amrl-linux24-04/ros2_ben/install/orbbec_camera/include/libobsensor/hpp/Error.hpp
-- Installing: /home/amrl-linux24-04/ros2_ben/install/orbbec_camera/include/libobsensor/hpp/RecordPlayback.hpp
-- Installing: /home/amrl-linux24-04/ros2_ben/install/orbbec_camera/include/libobsensor/hpp/StreamProfile.hpp
-- Installing: /home/amrl-linux24-04/ros2_ben/install/orbbec_camera/include/libobsensor/hpp/Device.hpp
-- Installing: /home/amrl-linux24-04/ros2_ben/install/orbbec_camera/include/libobsensor/hpp/Frame.hpp
-- Installing: /home/amrl-linux24-04/ros2_ben/install/orbbec_camera/include/libobsensor/hpp/Pipeline.hpp
-- Installing: /home/amrl-linux24-04/ros2_ben/install/orbbec_camera/include/libobsensor/hpp/Context.hpp
-- Up-to-date: /home/amrl-linux24-04/ros2_ben/install/orbbec_camera/lib/
-- Installing: /home/amrl-linux24-04/ros2_ben/install/orbbec_camera/lib//libob_usb.so
-- Installing: /home/amrl-linux24-04/ros2_ben/install/orbbec_camera/lib//libOrbbecSDK.so
-- Installing: /home/amrl-linux24-04/ros2_ben/install/orbbec_camera/lib//libdepthengine.so
-- Installing: /home/amrl-linux24-04/ros2_ben/install/orbbec_camera/lib//libOrbbecSDK.so.1.10.22
-- Installing: /home/amrl-linux24-04/ros2_ben/install/orbbec_camera/lib//liblive555.so
-- Installing: /home/amrl-linux24-04/ros2_ben/install/orbbec_camera/lib//libOrbbecSDK.so.1.10
-- Installing: /home/amrl-linux24-04/ros2_ben/install/orbbec_camera/lib//libdepthengine.so.2.0
-- Installing: /home/amrl-linux24-04/ros2_ben/install/orbbec_camera/lib/orbbec_camera/list_devices_node
-- Set non-toolchain portion of runtime path of "/home/amrl-linux24-04/ros2_ben/install/orbbec_camera/lib/orbbec_camera/list_devices_node" to ":/home/amrl-linux24-04/ros2_ben/src/OrbbecSDK_ROS2/orbbec_camera/SDK/lib/x64"
-- Installing: /home/amrl-linux24-04/ros2_ben/install/orbbec_camera/lib/orbbec_camera/list_depth_work_mode_node
-- Set non-toolchain portion of runtime path of "/home/amrl-linux24-04/ros2_ben/install/orbbec_camera/lib/orbbec_camera/list_depth_work_mode_node" to ":/home/amrl-linux24-04/ros2_ben/src/OrbbecSDK_ROS2/orbbec_camera/SDK/lib/x64"
-- Installing: /home/amrl-linux24-04/ros2_ben/install/orbbec_camera/lib/orbbec_camera/list_camera_profile_mode_node
-- Set non-toolchain portion of runtime path of "/home/amrl-linux24-04/ros2_ben/install/orbbec_camera/lib/orbbec_camera/list_camera_profile_mode_node" to ":/home/amrl-linux24-04/ros2_ben/src/OrbbecSDK_ROS2/orbbec_camera/SDK/lib/x64"
-- Installing: /home/amrl-linux24-04/ros2_ben/install/orbbec_camera/lib/orbbec_camera/topic_statistics_node
-- Set non-toolchain portion of runtime path of "/home/amrl-linux24-04/ros2_ben/install/orbbec_camera/lib/orbbec_camera/topic_statistics_node" to ":/home/amrl-linux24-04/ros2_ben/src/OrbbecSDK_ROS2/orbbec_camera/SDK/lib/x64"
-- Installing: /home/amrl-linux24-04/ros2_ben/install/orbbec_camera/share/orbbec_camera/environment/library_path.sh
-- Installing: /home/amrl-linux24-04/ros2_ben/install/orbbec_camera/share/orbbec_camera/environment/library_path.dsv
-- Installing: /home/amrl-linux24-04/ros2_ben/install/orbbec_camera/share/ament_index/resource_index/package_run_dependencies/orbbec_camera
-- Installing: /home/amrl-linux24-04/ros2_ben/install/orbbec_camera/share/ament_index/resource_index/parent_prefix_path/orbbec_camera
-- Installing: /home/amrl-linux24-04/ros2_ben/install/orbbec_camera/share/orbbec_camera/environment/ament_prefix_path.sh
-- Installing: /home/amrl-linux24-04/ros2_ben/install/orbbec_camera/share/orbbec_camera/environment/ament_prefix_path.dsv
-- Installing: /home/amrl-linux24-04/ros2_ben/install/orbbec_camera/share/orbbec_camera/environment/path.sh
-- Installing: /home/amrl-linux24-04/ros2_ben/install/orbbec_camera/share/orbbec_camera/environment/path.dsv
-- Installing: /home/amrl-linux24-04/ros2_ben/install/orbbec_camera/share/orbbec_camera/local_setup.bash
-- Installing: /home/amrl-linux24-04/ros2_ben/install/orbbec_camera/share/orbbec_camera/local_setup.sh
-- Installing: /home/amrl-linux24-04/ros2_ben/install/orbbec_camera/share/orbbec_camera/local_setup.zsh
-- Installing: /home/amrl-linux24-04/ros2_ben/install/orbbec_camera/share/orbbec_camera/local_setup.dsv
-- Installing: /home/amrl-linux24-04/ros2_ben/install/orbbec_camera/share/orbbec_camera/package.dsv
-- Installing: /home/amrl-linux24-04/ros2_ben/install/orbbec_camera/share/ament_index/resource_index/packages/orbbec_camera
-- Installing: /home/amrl-linux24-04/ros2_ben/install/orbbec_camera/share/ament_index/resource_index/rclcpp_components/orbbec_camera
-- Installing: /home/amrl-linux24-04/ros2_ben/install/orbbec_camera/share/orbbec_camera/cmake/ament_cmake_export_include_directories-extras.cmake
-- Installing: /home/amrl-linux24-04/ros2_ben/install/orbbec_camera/share/orbbec_camera/cmake/ament_cmake_export_libraries-extras.cmake
-- Installing: /home/amrl-linux24-04/ros2_ben/install/orbbec_camera/share/orbbec_camera/cmake/ament_cmake_export_dependencies-extras.cmake
-- Installing: /home/amrl-linux24-04/ros2_ben/install/orbbec_camera/share/orbbec_camera/cmake/orbbec_cameraConfig.cmake
-- Installing: /home/amrl-linux24-04/ros2_ben/install/orbbec_camera/share/orbbec_camera/cmake/orbbec_cameraConfig-version.cmake
-- Installing: /home/amrl-linux24-04/ros2_ben/install/orbbec_camera/share/orbbec_camera/package.xml
