[0.016s] Invoking command in '/home/amrl-linux24-04/ros2_ben/build/orbbec_camera': CMAKE_PREFIX_PATH=/home/amrl-linux24-04/ros2_ben/install/orbbec_camera_msgs:/home/amrl-linux24-04/ros2_ben/install/yolo_bringup:/home/amrl-linux24-04/ros2_ben/install/yolo_msgs:/home/amrl-linux24-04/ros2_ben/install/realsense2_description:/home/amrl-linux24-04/ros2_ben/install/realsense2_camera:/home/amrl-linux24-04/ros2_ben/install/realsense2_camera_msgs:/home/amrl-linux24-04/ros2_ben/install/orbbec_description:/home/amrl-linux24-04/ros2_ben/install/orbbec_camera:/home/amrl-linux24-04/ros2_ben/install/igus_rebel:/home/amrl-linux24-04/ros2_ben/install/igus_rebel_msgs:/home/amrl-linux24-04/ros2_ben/install/igus_rebel_moveit_config:/home/amrl-linux24-04/ros2_ben/install/igus_rebel_description:/opt/ros/jazzy/opt/gz_sim_vendor:/opt/ros/jazzy/opt/gz_sensors_vendor:/opt/ros/jazzy/opt/gz_physics_vendor:/opt/ros/jazzy/opt/sdformat_vendor:/opt/ros/jazzy/opt/gz_gui_vendor:/opt/ros/jazzy/opt/gz_transport_vendor:/opt/ros/jazzy/opt/gz_rendering_vendor:/opt/ros/jazzy/opt/gz_plugin_vendor:/opt/ros/jazzy/opt/gz_fuel_tools_vendor:/opt/ros/jazzy/opt/gz_msgs_vendor:/opt/ros/jazzy/opt/gz_common_vendor:/opt/ros/jazzy/opt/gz_math_vendor:/opt/ros/jazzy/opt/gz_utils_vendor:/opt/ros/jazzy/opt/gz_tools_vendor:/opt/ros/jazzy/opt/gz_ogre_next_vendor:/opt/ros/jazzy/opt/gz_dartsim_vendor:/opt/ros/jazzy/opt/gz_cmake_vendor:/home/amrl-linux24-04/ros2_ben/install/yolo_ros:/home/amrl-linux24-04/ros2_ben/install/igusgus_launch:/opt/ros/jazzy DEBUGINFOD_URLS=https://debuginfod.ubuntu.com LD_LIBRARY_PATH=/home/amrl-linux24-04/ros2_ben/install/orbbec_camera_msgs/lib:/home/amrl-linux24-04/ros2_ben/install/yolo_msgs/lib:/home/amrl-linux24-04/ros2_ben/install/realsense2_camera/lib:/home/amrl-linux24-04/ros2_ben/install/realsense2_camera_msgs/lib:/home/amrl-linux24-04/ros2_ben/install/orbbec_camera/lib:/home/amrl-linux24-04/ros2_ben/install/igus_rebel/lib:/home/amrl-linux24-04/ros2_ben/install/igus_rebel_msgs/lib:/opt/ros/jazzy/opt/gz_sim_vendor/lib:/opt/ros/jazzy/opt/gz_sensors_vendor/lib:/opt/ros/jazzy/opt/gz_physics_vendor/lib:/opt/ros/jazzy/opt/sdformat_vendor/lib:/opt/ros/jazzy/opt/rviz_ogre_vendor/lib:/opt/ros/jazzy/lib/x86_64-linux-gnu:/opt/ros/jazzy/opt/gz_gui_vendor/lib:/opt/ros/jazzy/opt/gz_transport_vendor/lib:/opt/ros/jazzy/opt/gz_rendering_vendor/lib:/opt/ros/jazzy/opt/gz_plugin_vendor/lib:/opt/ros/jazzy/opt/gz_fuel_tools_vendor/lib:/opt/ros/jazzy/opt/gz_msgs_vendor/lib:/opt/ros/jazzy/opt/gz_common_vendor/lib:/opt/ros/jazzy/opt/gz_math_vendor/lib:/opt/ros/jazzy/opt/gz_utils_vendor/lib:/opt/ros/jazzy/opt/gz_tools_vendor/lib:/opt/ros/jazzy/opt/gz_ogre_next_vendor/lib:/opt/ros/jazzy/opt/gz_dartsim_vendor/lib:/opt/ros/jazzy/opt/gz_cmake_vendor/lib:/opt/ros/jazzy/lib PYTHONPATH=/home/amrl-linux24-04/ros2_ben/install/orbbec_camera_msgs/lib/python3.12/site-packages:/home/amrl-linux24-04/ros2_ben/build/yolo_ros:/home/amrl-linux24-04/ros2_ben/install/yolo_ros/lib/python3.12/site-packages:/home/amrl-linux24-04/ros2_ben/install/yolo_msgs/lib/python3.12/site-packages:/home/amrl-linux24-04/ros2_ben/install/realsense2_camera_msgs/lib/python3.12/site-packages:/home/amrl-linux24-04/ros2_ben/build/igusgus_launch:/home/amrl-linux24-04/ros2_ben/install/igusgus_launch/lib/python3.12/site-packages:/home/amrl-linux24-04/ros2_ben/install/igus_rebel_msgs/lib/python3.12/site-packages:/opt/ros/jazzy/lib/python3.12/site-packages /usr/bin/cmake /home/amrl-linux24-04/ros2_ben/src/OrbbecSDK_ROS2/orbbec_camera -DCMAKE_INSTALL_PREFIX=/home/amrl-linux24-04/ros2_ben/install/orbbec_camera
[0.092s] -- The C compiler identification is GNU 13.3.0
[0.178s] -- The CXX compiler identification is GNU 13.3.0
[0.203s] -- Detecting C compiler ABI info
[0.356s] -- Detecting C compiler ABI info - done
[0.369s] -- Check for working C compiler: /usr/bin/cc - skipped
[0.369s] -- Detecting C compile features
[0.369s] -- Detecting C compile features - done
[0.383s] -- Detecting CXX compiler ABI info
[0.534s] -- Detecting CXX compiler ABI info - done
[0.546s] -- Check for working CXX compiler: /usr/bin/c++ - skipped
[0.546s] -- Detecting CXX compile features
[0.547s] -- Detecting CXX compile features - done
[0.551s] -- Found ament_cmake: 2.5.4 (/opt/ros/jazzy/share/ament_cmake/cmake)
[0.776s] -- Found Python3: /usr/bin/python3 (found version "3.12.3") found components: Interpreter 
[0.932s] -- Found ament_index_cpp: 1.8.1 (/opt/ros/jazzy/share/ament_index_cpp/cmake)
[0.944s] -- Found builtin_interfaces: 2.0.3 (/opt/ros/jazzy/share/builtin_interfaces/cmake)
[0.998s] -- Found rosidl_generator_c: 4.6.6 (/opt/ros/jazzy/share/rosidl_generator_c/cmake)
[1.018s] -- Found rosidl_generator_cpp: 4.6.6 (/opt/ros/jazzy/share/rosidl_generator_cpp/cmake)
[1.041s] -- Using all available rosidl_typesupport_c: rosidl_typesupport_fastrtps_c;rosidl_typesupport_introspection_c
[1.066s] -- Using all available rosidl_typesupport_cpp: rosidl_typesupport_fastrtps_cpp;rosidl_typesupport_introspection_cpp
[1.089s] -- Found cv_bridge: 4.1.0 (/opt/ros/jazzy/share/cv_bridge/cmake)
[1.264s] -- Found rmw_implementation_cmake: 7.3.2 (/opt/ros/jazzy/share/rmw_implementation_cmake/cmake)
[1.269s] -- Found rmw_fastrtps_cpp: 8.4.3 (/opt/ros/jazzy/share/rmw_fastrtps_cpp/cmake)
[1.395s] -- Found OpenSSL: /usr/lib/x86_64-linux-gnu/libcrypto.so (found version "3.0.13")  
[1.424s] -- Found FastRTPS: /opt/ros/jazzy/include (Required is at least version "2.13") 
[1.463s] -- Using RMW implementation 'rmw_fastrtps_cpp' as default
[1.552s] -- Found camera_info_manager: 5.1.7 (/opt/ros/jazzy/share/camera_info_manager/cmake)
[1.563s] -- Setting yaml-cpp_DIR to: '/opt/ros/jazzy/share/yaml_cpp_vendor/cmake/../../../opt/yaml_cpp_vendor/share/cmake/yaml-cpp'
[1.613s] -- Found image_transport: 5.1.7 (/opt/ros/jazzy/share/image_transport/cmake)
[1.651s] -- Found image_publisher: 5.0.11 (/opt/ros/jazzy/share/image_publisher/cmake)
[1.696s] -- Found OpenCV: /usr (found version "4.6.0") 
[1.697s] -- Found orbbec_camera_msgs: 1.2.2 (/home/amrl-linux24-04/ros2_ben/install/orbbec_camera_msgs/share/orbbec_camera_msgs/cmake)
[1.733s] -- Found std_srvs: 5.3.6 (/opt/ros/jazzy/share/std_srvs/cmake)
[1.751s] -- Found tf2: 0.36.14 (/opt/ros/jazzy/share/tf2/cmake)
[1.757s] -- Found tf2_eigen: 0.36.14 (/opt/ros/jazzy/share/tf2_eigen/cmake)
[1.834s] -- Found tf2_sensor_msgs: 0.36.14 (/opt/ros/jazzy/share/tf2_sensor_msgs/cmake)
[1.837s] -- Performing Test CMAKE_HAVE_LIBC_PTHREAD
[1.978s] -- Performing Test CMAKE_HAVE_LIBC_PTHREAD - Success
[1.980s] -- Found Threads: TRUE  
[1.985s] -- Found diagnostic_updater: 4.2.6 (/opt/ros/jazzy/share/diagnostic_updater/cmake)
[2.030s] -- Found PkgConfig: /usr/bin/pkg-config (found version "1.8.1") 
[2.036s] -- ORRBEC Machine : x86_64
[2.036s] 
[2.036s] -- ORRBEC Machine Bits : 64
[2.036s] 
[2.151s] -- Found ament_lint_auto: 0.17.3 (/opt/ros/jazzy/share/ament_lint_auto/cmake)
[2.258s] -- Configuring done (2.2s)
[2.373s] -- Generating done (0.1s)
[2.389s] -- Build files have been written to: /home/amrl-linux24-04/ros2_ben/build/orbbec_camera
[2.405s] Invoked command in '/home/amrl-linux24-04/ros2_ben/build/orbbec_camera' returned '0': CMAKE_PREFIX_PATH=/home/amrl-linux24-04/ros2_ben/install/orbbec_camera_msgs:/home/amrl-linux24-04/ros2_ben/install/yolo_bringup:/home/amrl-linux24-04/ros2_ben/install/yolo_msgs:/home/amrl-linux24-04/ros2_ben/install/realsense2_description:/home/amrl-linux24-04/ros2_ben/install/realsense2_camera:/home/amrl-linux24-04/ros2_ben/install/realsense2_camera_msgs:/home/amrl-linux24-04/ros2_ben/install/orbbec_description:/home/amrl-linux24-04/ros2_ben/install/orbbec_camera:/home/amrl-linux24-04/ros2_ben/install/igus_rebel:/home/amrl-linux24-04/ros2_ben/install/igus_rebel_msgs:/home/amrl-linux24-04/ros2_ben/install/igus_rebel_moveit_config:/home/amrl-linux24-04/ros2_ben/install/igus_rebel_description:/opt/ros/jazzy/opt/gz_sim_vendor:/opt/ros/jazzy/opt/gz_sensors_vendor:/opt/ros/jazzy/opt/gz_physics_vendor:/opt/ros/jazzy/opt/sdformat_vendor:/opt/ros/jazzy/opt/gz_gui_vendor:/opt/ros/jazzy/opt/gz_transport_vendor:/opt/ros/jazzy/opt/gz_rendering_vendor:/opt/ros/jazzy/opt/gz_plugin_vendor:/opt/ros/jazzy/opt/gz_fuel_tools_vendor:/opt/ros/jazzy/opt/gz_msgs_vendor:/opt/ros/jazzy/opt/gz_common_vendor:/opt/ros/jazzy/opt/gz_math_vendor:/opt/ros/jazzy/opt/gz_utils_vendor:/opt/ros/jazzy/opt/gz_tools_vendor:/opt/ros/jazzy/opt/gz_ogre_next_vendor:/opt/ros/jazzy/opt/gz_dartsim_vendor:/opt/ros/jazzy/opt/gz_cmake_vendor:/home/amrl-linux24-04/ros2_ben/install/yolo_ros:/home/amrl-linux24-04/ros2_ben/install/igusgus_launch:/opt/ros/jazzy DEBUGINFOD_URLS=https://debuginfod.ubuntu.com LD_LIBRARY_PATH=/home/amrl-linux24-04/ros2_ben/install/orbbec_camera_msgs/lib:/home/amrl-linux24-04/ros2_ben/install/yolo_msgs/lib:/home/amrl-linux24-04/ros2_ben/install/realsense2_camera/lib:/home/amrl-linux24-04/ros2_ben/install/realsense2_camera_msgs/lib:/home/amrl-linux24-04/ros2_ben/install/orbbec_camera/lib:/home/amrl-linux24-04/ros2_ben/install/igus_rebel/lib:/home/amrl-linux24-04/ros2_ben/install/igus_rebel_msgs/lib:/opt/ros/jazzy/opt/gz_sim_vendor/lib:/opt/ros/jazzy/opt/gz_sensors_vendor/lib:/opt/ros/jazzy/opt/gz_physics_vendor/lib:/opt/ros/jazzy/opt/sdformat_vendor/lib:/opt/ros/jazzy/opt/rviz_ogre_vendor/lib:/opt/ros/jazzy/lib/x86_64-linux-gnu:/opt/ros/jazzy/opt/gz_gui_vendor/lib:/opt/ros/jazzy/opt/gz_transport_vendor/lib:/opt/ros/jazzy/opt/gz_rendering_vendor/lib:/opt/ros/jazzy/opt/gz_plugin_vendor/lib:/opt/ros/jazzy/opt/gz_fuel_tools_vendor/lib:/opt/ros/jazzy/opt/gz_msgs_vendor/lib:/opt/ros/jazzy/opt/gz_common_vendor/lib:/opt/ros/jazzy/opt/gz_math_vendor/lib:/opt/ros/jazzy/opt/gz_utils_vendor/lib:/opt/ros/jazzy/opt/gz_tools_vendor/lib:/opt/ros/jazzy/opt/gz_ogre_next_vendor/lib:/opt/ros/jazzy/opt/gz_dartsim_vendor/lib:/opt/ros/jazzy/opt/gz_cmake_vendor/lib:/opt/ros/jazzy/lib PYTHONPATH=/home/amrl-linux24-04/ros2_ben/install/orbbec_camera_msgs/lib/python3.12/site-packages:/home/amrl-linux24-04/ros2_ben/build/yolo_ros:/home/amrl-linux24-04/ros2_ben/install/yolo_ros/lib/python3.12/site-packages:/home/amrl-linux24-04/ros2_ben/install/yolo_msgs/lib/python3.12/site-packages:/home/amrl-linux24-04/ros2_ben/install/realsense2_camera_msgs/lib/python3.12/site-packages:/home/amrl-linux24-04/ros2_ben/build/igusgus_launch:/home/amrl-linux24-04/ros2_ben/install/igusgus_launch/lib/python3.12/site-packages:/home/amrl-linux24-04/ros2_ben/install/igus_rebel_msgs/lib/python3.12/site-packages:/opt/ros/jazzy/lib/python3.12/site-packages /usr/bin/cmake /home/amrl-linux24-04/ros2_ben/src/OrbbecSDK_ROS2/orbbec_camera -DCMAKE_INSTALL_PREFIX=/home/amrl-linux24-04/ros2_ben/install/orbbec_camera
[2.406s] Invoking command in '/home/amrl-linux24-04/ros2_ben/build/orbbec_camera': CMAKE_PREFIX_PATH=/home/amrl-linux24-04/ros2_ben/install/orbbec_camera_msgs:/home/amrl-linux24-04/ros2_ben/install/yolo_bringup:/home/amrl-linux24-04/ros2_ben/install/yolo_msgs:/home/amrl-linux24-04/ros2_ben/install/realsense2_description:/home/amrl-linux24-04/ros2_ben/install/realsense2_camera:/home/amrl-linux24-04/ros2_ben/install/realsense2_camera_msgs:/home/amrl-linux24-04/ros2_ben/install/orbbec_description:/home/amrl-linux24-04/ros2_ben/install/orbbec_camera:/home/amrl-linux24-04/ros2_ben/install/igus_rebel:/home/amrl-linux24-04/ros2_ben/install/igus_rebel_msgs:/home/amrl-linux24-04/ros2_ben/install/igus_rebel_moveit_config:/home/amrl-linux24-04/ros2_ben/install/igus_rebel_description:/opt/ros/jazzy/opt/gz_sim_vendor:/opt/ros/jazzy/opt/gz_sensors_vendor:/opt/ros/jazzy/opt/gz_physics_vendor:/opt/ros/jazzy/opt/sdformat_vendor:/opt/ros/jazzy/opt/gz_gui_vendor:/opt/ros/jazzy/opt/gz_transport_vendor:/opt/ros/jazzy/opt/gz_rendering_vendor:/opt/ros/jazzy/opt/gz_plugin_vendor:/opt/ros/jazzy/opt/gz_fuel_tools_vendor:/opt/ros/jazzy/opt/gz_msgs_vendor:/opt/ros/jazzy/opt/gz_common_vendor:/opt/ros/jazzy/opt/gz_math_vendor:/opt/ros/jazzy/opt/gz_utils_vendor:/opt/ros/jazzy/opt/gz_tools_vendor:/opt/ros/jazzy/opt/gz_ogre_next_vendor:/opt/ros/jazzy/opt/gz_dartsim_vendor:/opt/ros/jazzy/opt/gz_cmake_vendor:/home/amrl-linux24-04/ros2_ben/install/yolo_ros:/home/amrl-linux24-04/ros2_ben/install/igusgus_launch:/opt/ros/jazzy DEBUGINFOD_URLS=https://debuginfod.ubuntu.com LD_LIBRARY_PATH=/home/amrl-linux24-04/ros2_ben/install/orbbec_camera_msgs/lib:/home/amrl-linux24-04/ros2_ben/install/yolo_msgs/lib:/home/amrl-linux24-04/ros2_ben/install/realsense2_camera/lib:/home/amrl-linux24-04/ros2_ben/install/realsense2_camera_msgs/lib:/home/amrl-linux24-04/ros2_ben/install/orbbec_camera/lib:/home/amrl-linux24-04/ros2_ben/install/igus_rebel/lib:/home/amrl-linux24-04/ros2_ben/install/igus_rebel_msgs/lib:/opt/ros/jazzy/opt/gz_sim_vendor/lib:/opt/ros/jazzy/opt/gz_sensors_vendor/lib:/opt/ros/jazzy/opt/gz_physics_vendor/lib:/opt/ros/jazzy/opt/sdformat_vendor/lib:/opt/ros/jazzy/opt/rviz_ogre_vendor/lib:/opt/ros/jazzy/lib/x86_64-linux-gnu:/opt/ros/jazzy/opt/gz_gui_vendor/lib:/opt/ros/jazzy/opt/gz_transport_vendor/lib:/opt/ros/jazzy/opt/gz_rendering_vendor/lib:/opt/ros/jazzy/opt/gz_plugin_vendor/lib:/opt/ros/jazzy/opt/gz_fuel_tools_vendor/lib:/opt/ros/jazzy/opt/gz_msgs_vendor/lib:/opt/ros/jazzy/opt/gz_common_vendor/lib:/opt/ros/jazzy/opt/gz_math_vendor/lib:/opt/ros/jazzy/opt/gz_utils_vendor/lib:/opt/ros/jazzy/opt/gz_tools_vendor/lib:/opt/ros/jazzy/opt/gz_ogre_next_vendor/lib:/opt/ros/jazzy/opt/gz_dartsim_vendor/lib:/opt/ros/jazzy/opt/gz_cmake_vendor/lib:/opt/ros/jazzy/lib PYTHONPATH=/home/amrl-linux24-04/ros2_ben/install/orbbec_camera_msgs/lib/python3.12/site-packages:/home/amrl-linux24-04/ros2_ben/build/yolo_ros:/home/amrl-linux24-04/ros2_ben/install/yolo_ros/lib/python3.12/site-packages:/home/amrl-linux24-04/ros2_ben/install/yolo_msgs/lib/python3.12/site-packages:/home/amrl-linux24-04/ros2_ben/install/realsense2_camera_msgs/lib/python3.12/site-packages:/home/amrl-linux24-04/ros2_ben/build/igusgus_launch:/home/amrl-linux24-04/ros2_ben/install/igusgus_launch/lib/python3.12/site-packages:/home/amrl-linux24-04/ros2_ben/install/igus_rebel_msgs/lib/python3.12/site-packages:/opt/ros/jazzy/lib/python3.12/site-packages /usr/bin/cmake --build /home/amrl-linux24-04/ros2_ben/build/orbbec_camera -- -j22 -l22
[2.498s] [  8%] [32mBuilding CXX object CMakeFiles/orbbec_camera.dir/src/dynamic_params.cpp.o[0m
[2.498s] [  8%] [32mBuilding CXX object CMakeFiles/frame_latency_node.dir/rclcpp_components/node_main_frame_latency_node.cpp.o[0m
[2.498s] [ 12%] [32mBuilding CXX object CMakeFiles/orbbec_camera.dir/src/ob_camera_node_driver.cpp.o[0m
[2.499s] [ 24%] [32mBuilding CXX object CMakeFiles/orbbec_camera_node.dir/rclcpp_components/node_main_orbbec_camera_node.cpp.o[0m
[2.499s] [ 24%] [32mBuilding CXX object CMakeFiles/orbbec_camera.dir/src/d2c_viewer.cpp.o[0m
[2.499s] [ 24%] [32mBuilding CXX object CMakeFiles/orbbec_camera.dir/src/ros_service.cpp.o[0m
[2.499s] [ 28%] [32mBuilding CXX object CMakeFiles/orbbec_camera.dir/src/image_publisher.cpp.o[0m
[2.499s] [ 32%] [32mBuilding CXX object CMakeFiles/orbbec_camera.dir/src/jpeg_decoder.cpp.o[0m
[2.500s] [ 36%] [32mBuilding CXX object CMakeFiles/frame_latency.dir/tools/frame_latency.cpp.o[0m
[2.500s] [ 40%] [32mBuilding CXX object CMakeFiles/orbbec_camera.dir/src/ob_camera_node.cpp.o[0m
[2.500s] [ 44%] [32mBuilding CXX object CMakeFiles/orbbec_camera.dir/src/synced_imu_publisher.cpp.o[0m
[2.501s] [ 48%] [32mBuilding CXX object CMakeFiles/orbbec_camera.dir/src/ros_param_backend.cpp.o[0m
[2.501s] [ 52%] [32mBuilding CXX object CMakeFiles/orbbec_camera.dir/src/utils.cpp.o[0m
[11.094s] [ 56%] [32m[1mLinking CXX executable frame_latency_node[0m
[11.094s] [ 60%] [32m[1mLinking CXX executable orbbec_camera_node[0m
[11.336s] [ 60%] Built target frame_latency_node
[11.366s] [ 60%] Built target orbbec_camera_node
[69.934s] [ 64%] [32m[1mLinking CXX shared library liborbbec_camera.so[0m
[70.339s] [ 64%] Built target orbbec_camera
[70.370s] [ 68%] [32mBuilding CXX object CMakeFiles/list_depth_work_mode_node.dir/tools/list_depth_work_mode.cpp.o[0m
[70.371s] [ 72%] [32mBuilding CXX object CMakeFiles/list_devices_node.dir/tools/list_devices_node.cpp.o[0m
[70.371s] [ 76%] [32mBuilding CXX object CMakeFiles/list_camera_profile_mode_node.dir/tools/list_camera_profile.cpp.o[0m
[70.372s] [ 80%] [32mBuilding CXX object CMakeFiles/topic_statistics_node.dir/tools/topic_statistics.cpp.o[0m
[71.635s] [ 84%] [32m[1mLinking CXX shared library libframe_latency.so[0m
[72.088s] [ 84%] Built target frame_latency
[81.716s] [ 88%] [32m[1mLinking CXX executable list_depth_work_mode_node[0m
[81.972s] [ 88%] Built target list_depth_work_mode_node
[82.759s] [ 92%] [32m[1mLinking CXX executable list_devices_node[0m
[83.194s] [ 96%] [32m[1mLinking CXX executable list_camera_profile_mode_node[0m
[83.353s] [ 96%] Built target list_devices_node
[83.771s] [ 96%] Built target list_camera_profile_mode_node
[85.083s] [100%] [32m[1mLinking CXX executable topic_statistics_node[0m
[85.343s] [100%] Built target topic_statistics_node
[85.359s] Invoked command in '/home/amrl-linux24-04/ros2_ben/build/orbbec_camera' returned '0': CMAKE_PREFIX_PATH=/home/amrl-linux24-04/ros2_ben/install/orbbec_camera_msgs:/home/amrl-linux24-04/ros2_ben/install/yolo_bringup:/home/amrl-linux24-04/ros2_ben/install/yolo_msgs:/home/amrl-linux24-04/ros2_ben/install/realsense2_description:/home/amrl-linux24-04/ros2_ben/install/realsense2_camera:/home/amrl-linux24-04/ros2_ben/install/realsense2_camera_msgs:/home/amrl-linux24-04/ros2_ben/install/orbbec_description:/home/amrl-linux24-04/ros2_ben/install/orbbec_camera:/home/amrl-linux24-04/ros2_ben/install/igus_rebel:/home/amrl-linux24-04/ros2_ben/install/igus_rebel_msgs:/home/amrl-linux24-04/ros2_ben/install/igus_rebel_moveit_config:/home/amrl-linux24-04/ros2_ben/install/igus_rebel_description:/opt/ros/jazzy/opt/gz_sim_vendor:/opt/ros/jazzy/opt/gz_sensors_vendor:/opt/ros/jazzy/opt/gz_physics_vendor:/opt/ros/jazzy/opt/sdformat_vendor:/opt/ros/jazzy/opt/gz_gui_vendor:/opt/ros/jazzy/opt/gz_transport_vendor:/opt/ros/jazzy/opt/gz_rendering_vendor:/opt/ros/jazzy/opt/gz_plugin_vendor:/opt/ros/jazzy/opt/gz_fuel_tools_vendor:/opt/ros/jazzy/opt/gz_msgs_vendor:/opt/ros/jazzy/opt/gz_common_vendor:/opt/ros/jazzy/opt/gz_math_vendor:/opt/ros/jazzy/opt/gz_utils_vendor:/opt/ros/jazzy/opt/gz_tools_vendor:/opt/ros/jazzy/opt/gz_ogre_next_vendor:/opt/ros/jazzy/opt/gz_dartsim_vendor:/opt/ros/jazzy/opt/gz_cmake_vendor:/home/amrl-linux24-04/ros2_ben/install/yolo_ros:/home/amrl-linux24-04/ros2_ben/install/igusgus_launch:/opt/ros/jazzy DEBUGINFOD_URLS=https://debuginfod.ubuntu.com LD_LIBRARY_PATH=/home/amrl-linux24-04/ros2_ben/install/orbbec_camera_msgs/lib:/home/amrl-linux24-04/ros2_ben/install/yolo_msgs/lib:/home/amrl-linux24-04/ros2_ben/install/realsense2_camera/lib:/home/amrl-linux24-04/ros2_ben/install/realsense2_camera_msgs/lib:/home/amrl-linux24-04/ros2_ben/install/orbbec_camera/lib:/home/amrl-linux24-04/ros2_ben/install/igus_rebel/lib:/home/amrl-linux24-04/ros2_ben/install/igus_rebel_msgs/lib:/opt/ros/jazzy/opt/gz_sim_vendor/lib:/opt/ros/jazzy/opt/gz_sensors_vendor/lib:/opt/ros/jazzy/opt/gz_physics_vendor/lib:/opt/ros/jazzy/opt/sdformat_vendor/lib:/opt/ros/jazzy/opt/rviz_ogre_vendor/lib:/opt/ros/jazzy/lib/x86_64-linux-gnu:/opt/ros/jazzy/opt/gz_gui_vendor/lib:/opt/ros/jazzy/opt/gz_transport_vendor/lib:/opt/ros/jazzy/opt/gz_rendering_vendor/lib:/opt/ros/jazzy/opt/gz_plugin_vendor/lib:/opt/ros/jazzy/opt/gz_fuel_tools_vendor/lib:/opt/ros/jazzy/opt/gz_msgs_vendor/lib:/opt/ros/jazzy/opt/gz_common_vendor/lib:/opt/ros/jazzy/opt/gz_math_vendor/lib:/opt/ros/jazzy/opt/gz_utils_vendor/lib:/opt/ros/jazzy/opt/gz_tools_vendor/lib:/opt/ros/jazzy/opt/gz_ogre_next_vendor/lib:/opt/ros/jazzy/opt/gz_dartsim_vendor/lib:/opt/ros/jazzy/opt/gz_cmake_vendor/lib:/opt/ros/jazzy/lib PYTHONPATH=/home/amrl-linux24-04/ros2_ben/install/orbbec_camera_msgs/lib/python3.12/site-packages:/home/amrl-linux24-04/ros2_ben/build/yolo_ros:/home/amrl-linux24-04/ros2_ben/install/yolo_ros/lib/python3.12/site-packages:/home/amrl-linux24-04/ros2_ben/install/yolo_msgs/lib/python3.12/site-packages:/home/amrl-linux24-04/ros2_ben/install/realsense2_camera_msgs/lib/python3.12/site-packages:/home/amrl-linux24-04/ros2_ben/build/igusgus_launch:/home/amrl-linux24-04/ros2_ben/install/igusgus_launch/lib/python3.12/site-packages:/home/amrl-linux24-04/ros2_ben/install/igus_rebel_msgs/lib/python3.12/site-packages:/opt/ros/jazzy/lib/python3.12/site-packages /usr/bin/cmake --build /home/amrl-linux24-04/ros2_ben/build/orbbec_camera -- -j22 -l22
[85.360s] Invoking command in '/home/amrl-linux24-04/ros2_ben/build/orbbec_camera': CMAKE_PREFIX_PATH=/home/amrl-linux24-04/ros2_ben/install/orbbec_camera_msgs:/home/amrl-linux24-04/ros2_ben/install/yolo_bringup:/home/amrl-linux24-04/ros2_ben/install/yolo_msgs:/home/amrl-linux24-04/ros2_ben/install/realsense2_description:/home/amrl-linux24-04/ros2_ben/install/realsense2_camera:/home/amrl-linux24-04/ros2_ben/install/realsense2_camera_msgs:/home/amrl-linux24-04/ros2_ben/install/orbbec_description:/home/amrl-linux24-04/ros2_ben/install/orbbec_camera:/home/amrl-linux24-04/ros2_ben/install/igus_rebel:/home/amrl-linux24-04/ros2_ben/install/igus_rebel_msgs:/home/amrl-linux24-04/ros2_ben/install/igus_rebel_moveit_config:/home/amrl-linux24-04/ros2_ben/install/igus_rebel_description:/opt/ros/jazzy/opt/gz_sim_vendor:/opt/ros/jazzy/opt/gz_sensors_vendor:/opt/ros/jazzy/opt/gz_physics_vendor:/opt/ros/jazzy/opt/sdformat_vendor:/opt/ros/jazzy/opt/gz_gui_vendor:/opt/ros/jazzy/opt/gz_transport_vendor:/opt/ros/jazzy/opt/gz_rendering_vendor:/opt/ros/jazzy/opt/gz_plugin_vendor:/opt/ros/jazzy/opt/gz_fuel_tools_vendor:/opt/ros/jazzy/opt/gz_msgs_vendor:/opt/ros/jazzy/opt/gz_common_vendor:/opt/ros/jazzy/opt/gz_math_vendor:/opt/ros/jazzy/opt/gz_utils_vendor:/opt/ros/jazzy/opt/gz_tools_vendor:/opt/ros/jazzy/opt/gz_ogre_next_vendor:/opt/ros/jazzy/opt/gz_dartsim_vendor:/opt/ros/jazzy/opt/gz_cmake_vendor:/home/amrl-linux24-04/ros2_ben/install/yolo_ros:/home/amrl-linux24-04/ros2_ben/install/igusgus_launch:/opt/ros/jazzy DEBUGINFOD_URLS=https://debuginfod.ubuntu.com LD_LIBRARY_PATH=/home/amrl-linux24-04/ros2_ben/install/orbbec_camera_msgs/lib:/home/amrl-linux24-04/ros2_ben/install/yolo_msgs/lib:/home/amrl-linux24-04/ros2_ben/install/realsense2_camera/lib:/home/amrl-linux24-04/ros2_ben/install/realsense2_camera_msgs/lib:/home/amrl-linux24-04/ros2_ben/install/orbbec_camera/lib:/home/amrl-linux24-04/ros2_ben/install/igus_rebel/lib:/home/amrl-linux24-04/ros2_ben/install/igus_rebel_msgs/lib:/opt/ros/jazzy/opt/gz_sim_vendor/lib:/opt/ros/jazzy/opt/gz_sensors_vendor/lib:/opt/ros/jazzy/opt/gz_physics_vendor/lib:/opt/ros/jazzy/opt/sdformat_vendor/lib:/opt/ros/jazzy/opt/rviz_ogre_vendor/lib:/opt/ros/jazzy/lib/x86_64-linux-gnu:/opt/ros/jazzy/opt/gz_gui_vendor/lib:/opt/ros/jazzy/opt/gz_transport_vendor/lib:/opt/ros/jazzy/opt/gz_rendering_vendor/lib:/opt/ros/jazzy/opt/gz_plugin_vendor/lib:/opt/ros/jazzy/opt/gz_fuel_tools_vendor/lib:/opt/ros/jazzy/opt/gz_msgs_vendor/lib:/opt/ros/jazzy/opt/gz_common_vendor/lib:/opt/ros/jazzy/opt/gz_math_vendor/lib:/opt/ros/jazzy/opt/gz_utils_vendor/lib:/opt/ros/jazzy/opt/gz_tools_vendor/lib:/opt/ros/jazzy/opt/gz_ogre_next_vendor/lib:/opt/ros/jazzy/opt/gz_dartsim_vendor/lib:/opt/ros/jazzy/opt/gz_cmake_vendor/lib:/opt/ros/jazzy/lib PYTHONPATH=/home/amrl-linux24-04/ros2_ben/install/orbbec_camera_msgs/lib/python3.12/site-packages:/home/amrl-linux24-04/ros2_ben/build/yolo_ros:/home/amrl-linux24-04/ros2_ben/install/yolo_ros/lib/python3.12/site-packages:/home/amrl-linux24-04/ros2_ben/install/yolo_msgs/lib/python3.12/site-packages:/home/amrl-linux24-04/ros2_ben/install/realsense2_camera_msgs/lib/python3.12/site-packages:/home/amrl-linux24-04/ros2_ben/build/igusgus_launch:/home/amrl-linux24-04/ros2_ben/install/igusgus_launch/lib/python3.12/site-packages:/home/amrl-linux24-04/ros2_ben/install/igus_rebel_msgs/lib/python3.12/site-packages:/opt/ros/jazzy/lib/python3.12/site-packages /usr/bin/cmake --install /home/amrl-linux24-04/ros2_ben/build/orbbec_camera
[85.373s] -- Install configuration: "Release"
[85.373s] -- Installing: /home/amrl-linux24-04/ros2_ben/install/orbbec_camera/lib/orbbec_camera/orbbec_camera_node
[85.373s] -- Set non-toolchain portion of runtime path of "/home/amrl-linux24-04/ros2_ben/install/orbbec_camera/lib/orbbec_camera/orbbec_camera_node" to ":/home/amrl-linux24-04/ros2_ben/src/OrbbecSDK_ROS2/orbbec_camera/SDK/lib/x64"
[85.374s] -- Installing: /home/amrl-linux24-04/ros2_ben/install/orbbec_camera/lib/orbbec_camera/frame_latency_node
[85.374s] -- Set non-toolchain portion of runtime path of "/home/amrl-linux24-04/ros2_ben/install/orbbec_camera/lib/orbbec_camera/frame_latency_node" to ":/home/amrl-linux24-04/ros2_ben/src/OrbbecSDK_ROS2/orbbec_camera/SDK/lib/x64"
[85.374s] -- Installing: /home/amrl-linux24-04/ros2_ben/install/orbbec_camera/lib/liborbbec_camera.so
[85.378s] -- Set non-toolchain portion of runtime path of "/home/amrl-linux24-04/ros2_ben/install/orbbec_camera/lib/liborbbec_camera.so" to ":/home/amrl-linux24-04/ros2_ben/src/OrbbecSDK_ROS2/orbbec_camera/SDK/lib/x64"
[85.379s] -- Installing: /home/amrl-linux24-04/ros2_ben/install/orbbec_camera/lib/libframe_latency.so
[85.383s] -- Set non-toolchain portion of runtime path of "/home/amrl-linux24-04/ros2_ben/install/orbbec_camera/lib/libframe_latency.so" to ":/home/amrl-linux24-04/ros2_ben/src/OrbbecSDK_ROS2/orbbec_camera/SDK/lib/x64"
[85.383s] -- Installing: /home/amrl-linux24-04/ros2_ben/install/orbbec_camera/include
[85.383s] -- Installing: /home/amrl-linux24-04/ros2_ben/install/orbbec_camera/include/orbbec_camera
[85.383s] -- Installing: /home/amrl-linux24-04/ros2_ben/install/orbbec_camera/include/orbbec_camera/dynamic_params.h
[85.384s] -- Installing: /home/amrl-linux24-04/ros2_ben/install/orbbec_camera/include/orbbec_camera/ros_param_backend.h
[85.384s] -- Installing: /home/amrl-linux24-04/ros2_ben/install/orbbec_camera/include/orbbec_camera/jpeg_decoder.h
[85.384s] -- Installing: /home/amrl-linux24-04/ros2_ben/install/orbbec_camera/include/orbbec_camera/image_publisher.h
[85.384s] -- Installing: /home/amrl-linux24-04/ros2_ben/install/orbbec_camera/include/orbbec_camera/synced_imu_publisher.h
[85.384s] -- Installing: /home/amrl-linux24-04/ros2_ben/install/orbbec_camera/include/orbbec_camera/ob_camera_node.h
[85.384s] -- Installing: /home/amrl-linux24-04/ros2_ben/install/orbbec_camera/include/orbbec_camera/constants.h
[85.384s] -- Installing: /home/amrl-linux24-04/ros2_ben/install/orbbec_camera/include/orbbec_camera/ob_camera_node_driver.h
[85.384s] -- Installing: /home/amrl-linux24-04/ros2_ben/install/orbbec_camera/include/orbbec_camera/rk_mpp_decoder.h
[85.384s] -- Installing: /home/amrl-linux24-04/ros2_ben/install/orbbec_camera/include/orbbec_camera/jetson_nv_decoder.h
[85.385s] -- Installing: /home/amrl-linux24-04/ros2_ben/install/orbbec_camera/include/orbbec_camera/utils.h
[85.385s] -- Installing: /home/amrl-linux24-04/ros2_ben/install/orbbec_camera/include/orbbec_camera/d2c_viewer.h
[85.385s] -- Installing: /home/amrl-linux24-04/ros2_ben/install/orbbec_camera/include/magic_enum
[85.385s] -- Installing: /home/amrl-linux24-04/ros2_ben/install/orbbec_camera/include/magic_enum/magic_enum.hpp
[85.385s] -- Installing: /home/amrl-linux24-04/ros2_ben/install/orbbec_camera/share/orbbec_camera//launch
[85.385s] -- Installing: /home/amrl-linux24-04/ros2_ben/install/orbbec_camera/share/orbbec_camera//launch/dabai_dcw2.launch.py
[85.386s] -- Installing: /home/amrl-linux24-04/ros2_ben/install/orbbec_camera/share/orbbec_camera//launch/gemini_e_lite.launch.py
[85.386s] -- Installing: /home/amrl-linux24-04/ros2_ben/install/orbbec_camera/share/orbbec_camera//launch/dabai_pro.launch.py
[85.386s] -- Installing: /home/amrl-linux24-04/ros2_ben/install/orbbec_camera/share/orbbec_camera//launch/gemini_ew.launch.py
[85.386s] -- Installing: /home/amrl-linux24-04/ros2_ben/install/orbbec_camera/share/orbbec_camera//launch/deeya.launch.py
[85.386s] -- Installing: /home/amrl-linux24-04/ros2_ben/install/orbbec_camera/share/orbbec_camera//launch/astra_stereo_u3.launch.py
[85.386s] -- Installing: /home/amrl-linux24-04/ros2_ben/install/orbbec_camera/share/orbbec_camera//launch/multi_camera_synced.launch.py
[85.386s] -- Installing: /home/amrl-linux24-04/ros2_ben/install/orbbec_camera/share/orbbec_camera//launch/dabai_dw.launch.py
[85.386s] -- Installing: /home/amrl-linux24-04/ros2_ben/install/orbbec_camera/share/orbbec_camera//launch/gemini_uw.launch.py
[85.386s] -- Installing: /home/amrl-linux24-04/ros2_ben/install/orbbec_camera/share/orbbec_camera//launch/install
[85.386s] -- Installing: /home/amrl-linux24-04/ros2_ben/install/orbbec_camera/share/orbbec_camera//launch/install/COLCON_IGNORE
[85.386s] -- Installing: /home/amrl-linux24-04/ros2_ben/install/orbbec_camera/share/orbbec_camera//launch/install/setup.zsh
[85.386s] -- Installing: /home/amrl-linux24-04/ros2_ben/install/orbbec_camera/share/orbbec_camera//launch/install/_local_setup_util_sh.py
[85.386s] -- Installing: /home/amrl-linux24-04/ros2_ben/install/orbbec_camera/share/orbbec_camera//launch/install/local_setup.bash
[85.387s] -- Installing: /home/amrl-linux24-04/ros2_ben/install/orbbec_camera/share/orbbec_camera//launch/install/local_setup.ps1
[85.387s] -- Installing: /home/amrl-linux24-04/ros2_ben/install/orbbec_camera/share/orbbec_camera//launch/install/local_setup.sh
[85.387s] -- Installing: /home/amrl-linux24-04/ros2_ben/install/orbbec_camera/share/orbbec_camera//launch/install/setup.ps1
[85.387s] -- Installing: /home/amrl-linux24-04/ros2_ben/install/orbbec_camera/share/orbbec_camera//launch/install/_local_setup_util_ps1.py
[85.387s] -- Installing: /home/amrl-linux24-04/ros2_ben/install/orbbec_camera/share/orbbec_camera//launch/install/.colcon_install_layout
[85.387s] -- Installing: /home/amrl-linux24-04/ros2_ben/install/orbbec_camera/share/orbbec_camera//launch/install/setup.sh
[85.387s] -- Installing: /home/amrl-linux24-04/ros2_ben/install/orbbec_camera/share/orbbec_camera//launch/install/local_setup.zsh
[85.387s] -- Installing: /home/amrl-linux24-04/ros2_ben/install/orbbec_camera/share/orbbec_camera//launch/install/setup.bash
[85.387s] -- Installing: /home/amrl-linux24-04/ros2_ben/install/orbbec_camera/share/orbbec_camera//launch/gemini_ew_lite.launch.py
[85.388s] -- Installing: /home/amrl-linux24-04/ros2_ben/install/orbbec_camera/share/orbbec_camera//launch/ob_camera.launch.py
[85.388s] -- Installing: /home/amrl-linux24-04/ros2_ben/install/orbbec_camera/share/orbbec_camera//launch/gemini2VL.launch.py
[85.388s] -- Installing: /home/amrl-linux24-04/ros2_ben/install/orbbec_camera/share/orbbec_camera//launch/build
[85.388s] -- Installing: /home/amrl-linux24-04/ros2_ben/install/orbbec_camera/share/orbbec_camera//launch/build/COLCON_IGNORE
[85.388s] -- Installing: /home/amrl-linux24-04/ros2_ben/install/orbbec_camera/share/orbbec_camera//launch/build/.built_by
[85.388s] -- Installing: /home/amrl-linux24-04/ros2_ben/install/orbbec_camera/share/orbbec_camera//launch/dabai_max_pro.launch.py
[85.388s] -- Installing: /home/amrl-linux24-04/ros2_ben/install/orbbec_camera/share/orbbec_camera//launch/astra.launch.py
[85.388s] -- Installing: /home/amrl-linux24-04/ros2_ben/install/orbbec_camera/share/orbbec_camera//launch/dabai_d1.launch.py
[85.388s] -- Installing: /home/amrl-linux24-04/ros2_ben/install/orbbec_camera/share/orbbec_camera//launch/astra_adv.launch.py
[85.388s] -- Installing: /home/amrl-linux24-04/ros2_ben/install/orbbec_camera/share/orbbec_camera//launch/log
[85.388s] -- Installing: /home/amrl-linux24-04/ros2_ben/install/orbbec_camera/share/orbbec_camera//launch/log/COLCON_IGNORE
[85.389s] -- Installing: /home/amrl-linux24-04/ros2_ben/install/orbbec_camera/share/orbbec_camera//launch/log/latest_build
[85.389s] -- Installing: /home/amrl-linux24-04/ros2_ben/install/orbbec_camera/share/orbbec_camera//launch/log/latest
[85.389s] -- Installing: /home/amrl-linux24-04/ros2_ben/install/orbbec_camera/share/orbbec_camera//launch/log/build_2025-09-10_16-07-57
[85.389s] -- Installing: /home/amrl-linux24-04/ros2_ben/install/orbbec_camera/share/orbbec_camera//launch/log/build_2025-09-10_16-07-57/events.log
[85.389s] -- Installing: /home/amrl-linux24-04/ros2_ben/install/orbbec_camera/share/orbbec_camera//launch/log/build_2025-09-10_16-07-57/logger_all.log
[85.389s] -- Installing: /home/amrl-linux24-04/ros2_ben/install/orbbec_camera/share/orbbec_camera//launch/femto_bolt.launch.py
[85.389s] -- Installing: /home/amrl-linux24-04/ros2_ben/install/orbbec_camera/share/orbbec_camera//launch/dabai_max.launch.py
[85.389s] -- Installing: /home/amrl-linux24-04/ros2_ben/install/orbbec_camera/share/orbbec_camera//launch/femto.launch.py
[85.389s] -- Installing: /home/amrl-linux24-04/ros2_ben/install/orbbec_camera/share/orbbec_camera//launch/astra_pro2.launch.py
[85.389s] -- Installing: /home/amrl-linux24-04/ros2_ben/install/orbbec_camera/share/orbbec_camera//launch/multi_camera.launch.py
[85.389s] -- Installing: /home/amrl-linux24-04/ros2_ben/install/orbbec_camera/share/orbbec_camera//launch/dabai_dcw.launch.py
[85.389s] -- Installing: /home/amrl-linux24-04/ros2_ben/install/orbbec_camera/share/orbbec_camera//launch/gemini_330_series.launch.py
[85.390s] -- Installing: /home/amrl-linux24-04/ros2_ben/install/orbbec_camera/share/orbbec_camera//launch/astra2.launch.py
[85.390s] -- Installing: /home/amrl-linux24-04/ros2_ben/install/orbbec_camera/share/orbbec_camera//launch/gemini2XL.launch.py
[85.390s] -- Installing: /home/amrl-linux24-04/ros2_ben/install/orbbec_camera/share/orbbec_camera//launch/femto_mega.launch.py
[85.390s] -- Installing: /home/amrl-linux24-04/ros2_ben/install/orbbec_camera/share/orbbec_camera//launch/gemini_intra_process_demo_launch.py
[85.390s] -- Installing: /home/amrl-linux24-04/ros2_ben/install/orbbec_camera/share/orbbec_camera//launch/gemini2L.launch.py
[85.390s] -- Installing: /home/amrl-linux24-04/ros2_ben/install/orbbec_camera/share/orbbec_camera//launch/femto_net_camera.launch.py
[85.390s] -- Installing: /home/amrl-linux24-04/ros2_ben/install/orbbec_camera/share/orbbec_camera//launch/multi_net_camera.launch.py
[85.390s] -- Installing: /home/amrl-linux24-04/ros2_ben/install/orbbec_camera/share/orbbec_camera//launch/dabai_dcl.py
[85.390s] -- Installing: /home/amrl-linux24-04/ros2_ben/install/orbbec_camera/share/orbbec_camera//launch/Log
[85.390s] -- Installing: /home/amrl-linux24-04/ros2_ben/install/orbbec_camera/share/orbbec_camera//launch/Log/OrbbecSDK.log.txt
[85.390s] -- Installing: /home/amrl-linux24-04/ros2_ben/install/orbbec_camera/share/orbbec_camera//launch/gemini_e.launch.py
[85.390s] -- Installing: /home/amrl-linux24-04/ros2_ben/install/orbbec_camera/share/orbbec_camera//launch/dabai.launch.py
[85.390s] -- Installing: /home/amrl-linux24-04/ros2_ben/install/orbbec_camera/share/orbbec_camera//launch/gemini2.launch.py
[85.391s] -- Installing: /home/amrl-linux24-04/ros2_ben/install/orbbec_camera/share/orbbec_camera//launch/astra_embedded_s.launch.py
[85.391s] -- Installing: /home/amrl-linux24-04/ros2_ben/install/orbbec_camera/share/orbbec_camera//launch/dabai_dw2.launch.py
[85.391s] -- Installing: /home/amrl-linux24-04/ros2_ben/install/orbbec_camera/share/orbbec_camera//config
[85.391s] -- Installing: /home/amrl-linux24-04/ros2_ben/install/orbbec_camera/share/orbbec_camera//config/.gitkeep
[85.391s] -- Installing: /home/amrl-linux24-04/ros2_ben/install/orbbec_camera/share/orbbec_camera//config/depthfilter
[85.391s] -- Installing: /home/amrl-linux24-04/ros2_ben/install/orbbec_camera/share/orbbec_camera//config/depthfilter/Openni_device.json
[85.391s] -- Installing: /home/amrl-linux24-04/ros2_ben/install/orbbec_camera/share/orbbec_camera//config/depthfilter/Gemini2_v1.8.json
[85.391s] -- Installing: /home/amrl-linux24-04/ros2_ben/install/orbbec_camera/share/orbbec_camera//config/OrbbecSDKConfig_v1.0.xml
[85.391s] -- Installing: /home/amrl-linux24-04/ros2_ben/install/orbbec_camera/share/orbbec_camera//config/camera_params.yaml
[85.391s] -- Up-to-date: /home/amrl-linux24-04/ros2_ben/install/orbbec_camera/include
[85.391s] -- Installing: /home/amrl-linux24-04/ros2_ben/install/orbbec_camera/include/libobsensor
[85.391s] -- Installing: /home/amrl-linux24-04/ros2_ben/install/orbbec_camera/include/libobsensor/ObSensor.hpp
[85.391s] -- Installing: /home/amrl-linux24-04/ros2_ben/install/orbbec_camera/include/libobsensor/h
[85.392s] -- Installing: /home/amrl-linux24-04/ros2_ben/install/orbbec_camera/include/libobsensor/h/Sensor.h
[85.392s] -- Installing: /home/amrl-linux24-04/ros2_ben/install/orbbec_camera/include/libobsensor/h/Context.h
[85.392s] -- Installing: /home/amrl-linux24-04/ros2_ben/install/orbbec_camera/include/libobsensor/h/RecordPlayback.h
[85.392s] -- Installing: /home/amrl-linux24-04/ros2_ben/install/orbbec_camera/include/libobsensor/h/Frame.h
[85.392s] -- Installing: /home/amrl-linux24-04/ros2_ben/install/orbbec_camera/include/libobsensor/h/Utils.h
[85.392s] -- Installing: /home/amrl-linux24-04/ros2_ben/install/orbbec_camera/include/libobsensor/h/Version.h
[85.392s] -- Installing: /home/amrl-linux24-04/ros2_ben/install/orbbec_camera/include/libobsensor/h/Device.h
[85.392s] -- Installing: /home/amrl-linux24-04/ros2_ben/install/orbbec_camera/include/libobsensor/h/ObTypes.h
[85.392s] -- Installing: /home/amrl-linux24-04/ros2_ben/install/orbbec_camera/include/libobsensor/h/Filter.h
[85.392s] -- Installing: /home/amrl-linux24-04/ros2_ben/install/orbbec_camera/include/libobsensor/h/MultipleDevices.h
[85.392s] -- Installing: /home/amrl-linux24-04/ros2_ben/install/orbbec_camera/include/libobsensor/h/Pipeline.h
[85.392s] -- Installing: /home/amrl-linux24-04/ros2_ben/install/orbbec_camera/include/libobsensor/h/Error.h
[85.392s] -- Installing: /home/amrl-linux24-04/ros2_ben/install/orbbec_camera/include/libobsensor/h/Property.h
[85.392s] -- Installing: /home/amrl-linux24-04/ros2_ben/install/orbbec_camera/include/libobsensor/h/StreamProfile.h
[85.392s] -- Installing: /home/amrl-linux24-04/ros2_ben/install/orbbec_camera/include/libobsensor/ObSensor.h
[85.392s] -- Installing: /home/amrl-linux24-04/ros2_ben/install/orbbec_camera/include/libobsensor/hpp
[85.393s] -- Installing: /home/amrl-linux24-04/ros2_ben/install/orbbec_camera/include/libobsensor/hpp/Utils.hpp
[85.393s] -- Installing: /home/amrl-linux24-04/ros2_ben/install/orbbec_camera/include/libobsensor/hpp/Types.hpp
[85.393s] -- Installing: /home/amrl-linux24-04/ros2_ben/install/orbbec_camera/include/libobsensor/hpp/Filter.hpp
[85.393s] -- Installing: /home/amrl-linux24-04/ros2_ben/install/orbbec_camera/include/libobsensor/hpp/Sensor.hpp
[85.393s] -- Installing: /home/amrl-linux24-04/ros2_ben/install/orbbec_camera/include/libobsensor/hpp/Version.hpp
[85.393s] -- Installing: /home/amrl-linux24-04/ros2_ben/install/orbbec_camera/include/libobsensor/hpp/Error.hpp
[85.393s] -- Installing: /home/amrl-linux24-04/ros2_ben/install/orbbec_camera/include/libobsensor/hpp/RecordPlayback.hpp
[85.393s] -- Installing: /home/amrl-linux24-04/ros2_ben/install/orbbec_camera/include/libobsensor/hpp/StreamProfile.hpp
[85.393s] -- Installing: /home/amrl-linux24-04/ros2_ben/install/orbbec_camera/include/libobsensor/hpp/Device.hpp
[85.393s] -- Installing: /home/amrl-linux24-04/ros2_ben/install/orbbec_camera/include/libobsensor/hpp/Frame.hpp
[85.393s] -- Installing: /home/amrl-linux24-04/ros2_ben/install/orbbec_camera/include/libobsensor/hpp/Pipeline.hpp
[85.393s] -- Installing: /home/amrl-linux24-04/ros2_ben/install/orbbec_camera/include/libobsensor/hpp/Context.hpp
[85.393s] -- Up-to-date: /home/amrl-linux24-04/ros2_ben/install/orbbec_camera/lib/
[85.393s] -- Installing: /home/amrl-linux24-04/ros2_ben/install/orbbec_camera/lib//libob_usb.so
[85.393s] -- Installing: /home/amrl-linux24-04/ros2_ben/install/orbbec_camera/lib//libOrbbecSDK.so
[85.394s] -- Installing: /home/amrl-linux24-04/ros2_ben/install/orbbec_camera/lib//libdepthengine.so
[85.394s] -- Installing: /home/amrl-linux24-04/ros2_ben/install/orbbec_camera/lib//libOrbbecSDK.so.1.10.22
[85.400s] -- Installing: /home/amrl-linux24-04/ros2_ben/install/orbbec_camera/lib//liblive555.so
[85.401s] -- Installing: /home/amrl-linux24-04/ros2_ben/install/orbbec_camera/lib//libOrbbecSDK.so.1.10
[85.401s] -- Installing: /home/amrl-linux24-04/ros2_ben/install/orbbec_camera/lib//libdepthengine.so.2.0
[85.402s] -- Installing: /home/amrl-linux24-04/ros2_ben/install/orbbec_camera/lib/orbbec_camera/list_devices_node
[85.402s] -- Set non-toolchain portion of runtime path of "/home/amrl-linux24-04/ros2_ben/install/orbbec_camera/lib/orbbec_camera/list_devices_node" to ":/home/amrl-linux24-04/ros2_ben/src/OrbbecSDK_ROS2/orbbec_camera/SDK/lib/x64"
[85.402s] -- Installing: /home/amrl-linux24-04/ros2_ben/install/orbbec_camera/lib/orbbec_camera/list_depth_work_mode_node
[85.402s] -- Set non-toolchain portion of runtime path of "/home/amrl-linux24-04/ros2_ben/install/orbbec_camera/lib/orbbec_camera/list_depth_work_mode_node" to ":/home/amrl-linux24-04/ros2_ben/src/OrbbecSDK_ROS2/orbbec_camera/SDK/lib/x64"
[85.402s] -- Installing: /home/amrl-linux24-04/ros2_ben/install/orbbec_camera/lib/orbbec_camera/list_camera_profile_mode_node
[85.403s] -- Set non-toolchain portion of runtime path of "/home/amrl-linux24-04/ros2_ben/install/orbbec_camera/lib/orbbec_camera/list_camera_profile_mode_node" to ":/home/amrl-linux24-04/ros2_ben/src/OrbbecSDK_ROS2/orbbec_camera/SDK/lib/x64"
[85.403s] -- Installing: /home/amrl-linux24-04/ros2_ben/install/orbbec_camera/lib/orbbec_camera/topic_statistics_node
[85.404s] -- Set non-toolchain portion of runtime path of "/home/amrl-linux24-04/ros2_ben/install/orbbec_camera/lib/orbbec_camera/topic_statistics_node" to ":/home/amrl-linux24-04/ros2_ben/src/OrbbecSDK_ROS2/orbbec_camera/SDK/lib/x64"
[85.404s] -- Installing: /home/amrl-linux24-04/ros2_ben/install/orbbec_camera/share/orbbec_camera/environment/library_path.sh
[85.404s] -- Installing: /home/amrl-linux24-04/ros2_ben/install/orbbec_camera/share/orbbec_camera/environment/library_path.dsv
[85.404s] -- Installing: /home/amrl-linux24-04/ros2_ben/install/orbbec_camera/share/ament_index/resource_index/package_run_dependencies/orbbec_camera
[85.404s] -- Installing: /home/amrl-linux24-04/ros2_ben/install/orbbec_camera/share/ament_index/resource_index/parent_prefix_path/orbbec_camera
[85.404s] -- Installing: /home/amrl-linux24-04/ros2_ben/install/orbbec_camera/share/orbbec_camera/environment/ament_prefix_path.sh
[85.404s] -- Installing: /home/amrl-linux24-04/ros2_ben/install/orbbec_camera/share/orbbec_camera/environment/ament_prefix_path.dsv
[85.405s] -- Installing: /home/amrl-linux24-04/ros2_ben/install/orbbec_camera/share/orbbec_camera/environment/path.sh
[85.405s] -- Installing: /home/amrl-linux24-04/ros2_ben/install/orbbec_camera/share/orbbec_camera/environment/path.dsv
[85.405s] -- Installing: /home/amrl-linux24-04/ros2_ben/install/orbbec_camera/share/orbbec_camera/local_setup.bash
[85.405s] -- Installing: /home/amrl-linux24-04/ros2_ben/install/orbbec_camera/share/orbbec_camera/local_setup.sh
[85.405s] -- Installing: /home/amrl-linux24-04/ros2_ben/install/orbbec_camera/share/orbbec_camera/local_setup.zsh
[85.405s] -- Installing: /home/amrl-linux24-04/ros2_ben/install/orbbec_camera/share/orbbec_camera/local_setup.dsv
[85.405s] -- Installing: /home/amrl-linux24-04/ros2_ben/install/orbbec_camera/share/orbbec_camera/package.dsv
[85.405s] -- Installing: /home/amrl-linux24-04/ros2_ben/install/orbbec_camera/share/ament_index/resource_index/packages/orbbec_camera
[85.405s] -- Installing: /home/amrl-linux24-04/ros2_ben/install/orbbec_camera/share/ament_index/resource_index/rclcpp_components/orbbec_camera
[85.405s] -- Installing: /home/amrl-linux24-04/ros2_ben/install/orbbec_camera/share/orbbec_camera/cmake/ament_cmake_export_include_directories-extras.cmake
[85.405s] -- Installing: /home/amrl-linux24-04/ros2_ben/install/orbbec_camera/share/orbbec_camera/cmake/ament_cmake_export_libraries-extras.cmake
[85.406s] -- Installing: /home/amrl-linux24-04/ros2_ben/install/orbbec_camera/share/orbbec_camera/cmake/ament_cmake_export_dependencies-extras.cmake
[85.406s] -- Installing: /home/amrl-linux24-04/ros2_ben/install/orbbec_camera/share/orbbec_camera/cmake/orbbec_cameraConfig.cmake
[85.406s] -- Installing: /home/amrl-linux24-04/ros2_ben/install/orbbec_camera/share/orbbec_camera/cmake/orbbec_cameraConfig-version.cmake
[85.406s] -- Installing: /home/amrl-linux24-04/ros2_ben/install/orbbec_camera/share/orbbec_camera/package.xml
[85.408s] Invoked command in '/home/amrl-linux24-04/ros2_ben/build/orbbec_camera' returned '0': CMAKE_PREFIX_PATH=/home/amrl-linux24-04/ros2_ben/install/orbbec_camera_msgs:/home/amrl-linux24-04/ros2_ben/install/yolo_bringup:/home/amrl-linux24-04/ros2_ben/install/yolo_msgs:/home/amrl-linux24-04/ros2_ben/install/realsense2_description:/home/amrl-linux24-04/ros2_ben/install/realsense2_camera:/home/amrl-linux24-04/ros2_ben/install/realsense2_camera_msgs:/home/amrl-linux24-04/ros2_ben/install/orbbec_description:/home/amrl-linux24-04/ros2_ben/install/orbbec_camera:/home/amrl-linux24-04/ros2_ben/install/igus_rebel:/home/amrl-linux24-04/ros2_ben/install/igus_rebel_msgs:/home/amrl-linux24-04/ros2_ben/install/igus_rebel_moveit_config:/home/amrl-linux24-04/ros2_ben/install/igus_rebel_description:/opt/ros/jazzy/opt/gz_sim_vendor:/opt/ros/jazzy/opt/gz_sensors_vendor:/opt/ros/jazzy/opt/gz_physics_vendor:/opt/ros/jazzy/opt/sdformat_vendor:/opt/ros/jazzy/opt/gz_gui_vendor:/opt/ros/jazzy/opt/gz_transport_vendor:/opt/ros/jazzy/opt/gz_rendering_vendor:/opt/ros/jazzy/opt/gz_plugin_vendor:/opt/ros/jazzy/opt/gz_fuel_tools_vendor:/opt/ros/jazzy/opt/gz_msgs_vendor:/opt/ros/jazzy/opt/gz_common_vendor:/opt/ros/jazzy/opt/gz_math_vendor:/opt/ros/jazzy/opt/gz_utils_vendor:/opt/ros/jazzy/opt/gz_tools_vendor:/opt/ros/jazzy/opt/gz_ogre_next_vendor:/opt/ros/jazzy/opt/gz_dartsim_vendor:/opt/ros/jazzy/opt/gz_cmake_vendor:/home/amrl-linux24-04/ros2_ben/install/yolo_ros:/home/amrl-linux24-04/ros2_ben/install/igusgus_launch:/opt/ros/jazzy DEBUGINFOD_URLS=https://debuginfod.ubuntu.com LD_LIBRARY_PATH=/home/amrl-linux24-04/ros2_ben/install/orbbec_camera_msgs/lib:/home/amrl-linux24-04/ros2_ben/install/yolo_msgs/lib:/home/amrl-linux24-04/ros2_ben/install/realsense2_camera/lib:/home/amrl-linux24-04/ros2_ben/install/realsense2_camera_msgs/lib:/home/amrl-linux24-04/ros2_ben/install/orbbec_camera/lib:/home/amrl-linux24-04/ros2_ben/install/igus_rebel/lib:/home/amrl-linux24-04/ros2_ben/install/igus_rebel_msgs/lib:/opt/ros/jazzy/opt/gz_sim_vendor/lib:/opt/ros/jazzy/opt/gz_sensors_vendor/lib:/opt/ros/jazzy/opt/gz_physics_vendor/lib:/opt/ros/jazzy/opt/sdformat_vendor/lib:/opt/ros/jazzy/opt/rviz_ogre_vendor/lib:/opt/ros/jazzy/lib/x86_64-linux-gnu:/opt/ros/jazzy/opt/gz_gui_vendor/lib:/opt/ros/jazzy/opt/gz_transport_vendor/lib:/opt/ros/jazzy/opt/gz_rendering_vendor/lib:/opt/ros/jazzy/opt/gz_plugin_vendor/lib:/opt/ros/jazzy/opt/gz_fuel_tools_vendor/lib:/opt/ros/jazzy/opt/gz_msgs_vendor/lib:/opt/ros/jazzy/opt/gz_common_vendor/lib:/opt/ros/jazzy/opt/gz_math_vendor/lib:/opt/ros/jazzy/opt/gz_utils_vendor/lib:/opt/ros/jazzy/opt/gz_tools_vendor/lib:/opt/ros/jazzy/opt/gz_ogre_next_vendor/lib:/opt/ros/jazzy/opt/gz_dartsim_vendor/lib:/opt/ros/jazzy/opt/gz_cmake_vendor/lib:/opt/ros/jazzy/lib PYTHONPATH=/home/amrl-linux24-04/ros2_ben/install/orbbec_camera_msgs/lib/python3.12/site-packages:/home/amrl-linux24-04/ros2_ben/build/yolo_ros:/home/amrl-linux24-04/ros2_ben/install/yolo_ros/lib/python3.12/site-packages:/home/amrl-linux24-04/ros2_ben/install/yolo_msgs/lib/python3.12/site-packages:/home/amrl-linux24-04/ros2_ben/install/realsense2_camera_msgs/lib/python3.12/site-packages:/home/amrl-linux24-04/ros2_ben/build/igusgus_launch:/home/amrl-linux24-04/ros2_ben/install/igusgus_launch/lib/python3.12/site-packages:/home/amrl-linux24-04/ros2_ben/install/igus_rebel_msgs/lib/python3.12/site-packages:/opt/ros/jazzy/lib/python3.12/site-packages /usr/bin/cmake --install /home/amrl-linux24-04/ros2_ben/build/orbbec_camera
