[0.012s] Invoking command in '/home/amrl-linux24-04/ros2_ben/build/yolo_msgs': CMAKE_PREFIX_PATH=${CMAKE_PREFIX_PATH}:/home/amrl-linux24-04/ros2_ben/install/yolo_ros:/home/amrl-linux24-04/ros2_ben/install/igusgus_launch:/opt/ros/jazzy DEBUGINFOD_URLS=https://debuginfod.ubuntu.com /usr/bin/cmake /home/amrl-linux24-04/ros2_ben/src/yolo_ros/yolo_msgs -DCMAKE_INSTALL_PREFIX=/home/amrl-linux24-04/ros2_ben/install/yolo_msgs
[0.092s] -- The C compiler identification is GNU 13.3.0
[0.168s] -- The CXX compiler identification is GNU 13.3.0
[0.179s] -- Detecting C compiler ABI info
[0.252s] -- Detecting C compiler ABI info - done
[0.263s] -- Check for working C compiler: /usr/bin/cc - skipped
[0.263s] -- Detecting C compile features
[0.264s] -- Detecting C compile features - done
[0.272s] -- Detecting CXX compiler ABI info
[0.360s] -- Detecting CXX compiler ABI info - done
[0.370s] -- Check for working CXX compiler: /usr/bin/c++ - skipped
[0.371s] -- Detecting CXX compile features
[0.371s] -- Detecting CXX compile features - done
[0.377s] -- Found ament_cmake: 2.5.4 (/opt/ros/jazzy/share/ament_cmake/cmake)
[0.502s] -- Found Python3: /usr/bin/python3 (found version "3.12.3") found components: Interpreter 
[0.610s] -- Found rosidl_default_generators: 1.6.0 (/opt/ros/jazzy/share/rosidl_default_generators/cmake)
[0.615s] -- Using all available rosidl_typesupport_c: rosidl_typesupport_fastrtps_c;rosidl_typesupport_introspection_c
[0.663s] -- Using all available rosidl_typesupport_cpp: rosidl_typesupport_fastrtps_cpp;rosidl_typesupport_introspection_cpp
[0.696s] -- Found rosidl_adapter: 4.6.6 (/opt/ros/jazzy/share/rosidl_adapter/cmake)
[0.703s] -- Found std_msgs: 5.3.6 (/opt/ros/jazzy/share/std_msgs/cmake)
[0.727s] -- Found geometry_msgs: 5.3.6 (/opt/ros/jazzy/share/geometry_msgs/cmake)
[1.290s] -- Found ament_cmake_ros: 0.12.0 (/opt/ros/jazzy/share/ament_cmake_ros/cmake)
[1.679s] -- Using all available rosidl_typesupport_c: rosidl_typesupport_fastrtps_c;rosidl_typesupport_introspection_c
[2.185s] -- Using all available rosidl_typesupport_cpp: rosidl_typesupport_fastrtps_cpp;rosidl_typesupport_introspection_cpp
[2.189s] -- Found python_cmake_module: 0.11.1 (/opt/ros/jazzy/share/python_cmake_module/cmake)
[2.296s] -- Found PythonExtra: /usr/bin/python3  
[2.622s] -- Found Python3: /usr/bin/python3 (found version "3.12.3") found components: Interpreter Development NumPy Development.Module Development.Embed 
[2.669s] -- Configuring done (2.6s)
[2.709s] -- Generating done (0.0s)
[2.718s] -- Build files have been written to: /home/amrl-linux24-04/ros2_ben/build/yolo_msgs
[2.732s] Invoked command in '/home/amrl-linux24-04/ros2_ben/build/yolo_msgs' returned '0': CMAKE_PREFIX_PATH=${CMAKE_PREFIX_PATH}:/home/amrl-linux24-04/ros2_ben/install/yolo_ros:/home/amrl-linux24-04/ros2_ben/install/igusgus_launch:/opt/ros/jazzy DEBUGINFOD_URLS=https://debuginfod.ubuntu.com /usr/bin/cmake /home/amrl-linux24-04/ros2_ben/src/yolo_ros/yolo_msgs -DCMAKE_INSTALL_PREFIX=/home/amrl-linux24-04/ros2_ben/install/yolo_msgs
[2.733s] Invoking command in '/home/amrl-linux24-04/ros2_ben/build/yolo_msgs': CMAKE_PREFIX_PATH=${CMAKE_PREFIX_PATH}:/home/amrl-linux24-04/ros2_ben/install/yolo_ros:/home/amrl-linux24-04/ros2_ben/install/igusgus_launch:/opt/ros/jazzy DEBUGINFOD_URLS=https://debuginfod.ubuntu.com /usr/bin/cmake --build /home/amrl-linux24-04/ros2_ben/build/yolo_msgs -- -j22 -l22
[2.796s] [  0%] [34m[1mGenerating type hashes for ROS interfaces[0m
[2.806s] [  0%] Built target ament_cmake_python_copy_yolo_msgs
[2.964s] running egg_info
[2.964s] creating yolo_msgs.egg-info
[2.978s] writing yolo_msgs.egg-info/PKG-INFO
[2.978s] writing dependency_links to yolo_msgs.egg-info/dependency_links.txt
[2.978s] writing top-level names to yolo_msgs.egg-info/top_level.txt
[2.978s] writing manifest file 'yolo_msgs.egg-info/SOURCES.txt'
[3.019s] reading manifest file 'yolo_msgs.egg-info/SOURCES.txt'
[3.020s] writing manifest file 'yolo_msgs.egg-info/SOURCES.txt'
[3.046s] [  0%] Built target ament_cmake_python_build_yolo_msgs_egg
[3.215s] [  0%] Built target yolo_msgs__rosidl_generator_type_description
[3.230s] [  0%] [34m[1mGenerating C code for ROS interfaces[0m
[3.239s] [  0%] [34m[1mGenerating C++ code for ROS interfaces[0m
[4.058s] [  0%] Built target yolo_msgs__cpp
[4.420s] [  1%] [32mBuilding C object CMakeFiles/yolo_msgs__rosidl_generator_c.dir/rosidl_generator_c/yolo_msgs/msg/detail/pose2_d__description.c.o[0m
[4.420s] [  2%] [32mBuilding C object CMakeFiles/yolo_msgs__rosidl_generator_c.dir/rosidl_generator_c/yolo_msgs/msg/detail/point2_d__description.c.o[0m
[4.420s] [  2%] [32mBuilding C object CMakeFiles/yolo_msgs__rosidl_generator_c.dir/rosidl_generator_c/yolo_msgs/msg/detail/point2_d__type_support.c.o[0m
[4.421s] [  2%] [32mBuilding C object CMakeFiles/yolo_msgs__rosidl_generator_c.dir/rosidl_generator_c/yolo_msgs/msg/detail/pose2_d__type_support.c.o[0m
[4.424s] [  3%] [32mBuilding C object CMakeFiles/yolo_msgs__rosidl_generator_c.dir/rosidl_generator_c/yolo_msgs/msg/detail/point2_d__functions.c.o[0m
[4.424s] [  4%] [32mBuilding C object CMakeFiles/yolo_msgs__rosidl_generator_c.dir/rosidl_generator_c/yolo_msgs/msg/detail/bounding_box2_d__description.c.o[0m
[4.424s] [  5%] [32mBuilding C object CMakeFiles/yolo_msgs__rosidl_generator_c.dir/rosidl_generator_c/yolo_msgs/msg/detail/vector2__functions.c.o[0m
[4.424s] [  5%] [32mBuilding C object CMakeFiles/yolo_msgs__rosidl_generator_c.dir/rosidl_generator_c/yolo_msgs/msg/detail/bounding_box2_d__type_support.c.o[0m
[4.425s] [  6%] [32mBuilding C object CMakeFiles/yolo_msgs__rosidl_generator_c.dir/rosidl_generator_c/yolo_msgs/msg/detail/pose2_d__functions.c.o[0m
[4.425s] [  6%] [32mBuilding C object CMakeFiles/yolo_msgs__rosidl_generator_c.dir/rosidl_generator_c/yolo_msgs/msg/detail/vector2__type_support.c.o[0m
[4.425s] [  7%] [32mBuilding C object CMakeFiles/yolo_msgs__rosidl_generator_c.dir/rosidl_generator_c/yolo_msgs/msg/detail/mask__description.c.o[0m
[4.430s] [  8%] [32mBuilding C object CMakeFiles/yolo_msgs__rosidl_generator_c.dir/rosidl_generator_c/yolo_msgs/msg/detail/vector2__description.c.o[0m
[4.432s] [  9%] [32mBuilding C object CMakeFiles/yolo_msgs__rosidl_generator_c.dir/rosidl_generator_c/yolo_msgs/msg/detail/bounding_box2_d__functions.c.o[0m
[4.435s] [  9%] [32mBuilding C object CMakeFiles/yolo_msgs__rosidl_generator_c.dir/rosidl_generator_c/yolo_msgs/msg/detail/mask__functions.c.o[0m
[4.436s] [ 10%] [32mBuilding C object CMakeFiles/yolo_msgs__rosidl_generator_c.dir/rosidl_generator_c/yolo_msgs/msg/detail/bounding_box3_d__description.c.o[0m
[4.440s] [ 11%] [32mBuilding C object CMakeFiles/yolo_msgs__rosidl_generator_c.dir/rosidl_generator_c/yolo_msgs/msg/detail/bounding_box3_d__functions.c.o[0m
[4.440s] [ 12%] [32mBuilding C object CMakeFiles/yolo_msgs__rosidl_generator_c.dir/rosidl_generator_c/yolo_msgs/msg/detail/mask__type_support.c.o[0m
[4.440s] [ 12%] [32mBuilding C object CMakeFiles/yolo_msgs__rosidl_generator_c.dir/rosidl_generator_c/yolo_msgs/msg/detail/bounding_box3_d__type_support.c.o[0m
[4.450s] [ 13%] [32mBuilding C object CMakeFiles/yolo_msgs__rosidl_generator_c.dir/rosidl_generator_c/yolo_msgs/msg/detail/key_point2_d__description.c.o[0m
[4.450s] [ 13%] [32mBuilding C object CMakeFiles/yolo_msgs__rosidl_generator_c.dir/rosidl_generator_c/yolo_msgs/msg/detail/key_point2_d__functions.c.o[0m
[4.451s] [ 14%] [32mBuilding C object CMakeFiles/yolo_msgs__rosidl_generator_c.dir/rosidl_generator_c/yolo_msgs/msg/detail/key_point2_d_array__description.c.o[0m
[4.453s] [ 15%] [32mBuilding C object CMakeFiles/yolo_msgs__rosidl_generator_c.dir/rosidl_generator_c/yolo_msgs/msg/detail/key_point2_d__type_support.c.o[0m
[4.466s] [ 15%] [32mBuilding C object CMakeFiles/yolo_msgs__rosidl_generator_c.dir/rosidl_generator_c/yolo_msgs/msg/detail/key_point2_d_array__functions.c.o[0m
[4.490s] [ 16%] [32mBuilding C object CMakeFiles/yolo_msgs__rosidl_generator_c.dir/rosidl_generator_c/yolo_msgs/msg/detail/key_point2_d_array__type_support.c.o[0m
[4.492s] [ 16%] [32mBuilding C object CMakeFiles/yolo_msgs__rosidl_generator_c.dir/rosidl_generator_c/yolo_msgs/msg/detail/key_point3_d__functions.c.o[0m
[4.495s] [ 18%] [32mBuilding C object CMakeFiles/yolo_msgs__rosidl_generator_c.dir/rosidl_generator_c/yolo_msgs/msg/detail/key_point3_d__description.c.o[0m
[4.499s] [ 18%] [32mBuilding C object CMakeFiles/yolo_msgs__rosidl_generator_c.dir/rosidl_generator_c/yolo_msgs/msg/detail/key_point3_d__type_support.c.o[0m
[4.500s] [ 19%] [32mBuilding C object CMakeFiles/yolo_msgs__rosidl_generator_c.dir/rosidl_generator_c/yolo_msgs/msg/detail/detection__description.c.o[0m
[4.504s] [ 20%] [32mBuilding C object CMakeFiles/yolo_msgs__rosidl_generator_c.dir/rosidl_generator_c/yolo_msgs/msg/detail/key_point3_d_array__description.c.o[0m
[4.505s] [ 21%] [32mBuilding C object CMakeFiles/yolo_msgs__rosidl_generator_c.dir/rosidl_generator_c/yolo_msgs/msg/detail/key_point3_d_array__type_support.c.o[0m
[4.505s] [ 21%] [32mBuilding C object CMakeFiles/yolo_msgs__rosidl_generator_c.dir/rosidl_generator_c/yolo_msgs/msg/detail/key_point3_d_array__functions.c.o[0m
[4.512s] [ 22%] [32mBuilding C object CMakeFiles/yolo_msgs__rosidl_generator_c.dir/rosidl_generator_c/yolo_msgs/msg/detail/detection__type_support.c.o[0m
[4.513s] [ 23%] [32mBuilding C object CMakeFiles/yolo_msgs__rosidl_generator_c.dir/rosidl_generator_c/yolo_msgs/msg/detail/detection_array__type_support.c.o[0m
[4.514s] [ 23%] [32mBuilding C object CMakeFiles/yolo_msgs__rosidl_generator_c.dir/rosidl_generator_c/yolo_msgs/msg/detail/detection_array__functions.c.o[0m
[4.515s] [ 24%] [32mBuilding C object CMakeFiles/yolo_msgs__rosidl_generator_c.dir/rosidl_generator_c/yolo_msgs/msg/detail/detection_array__description.c.o[0m
[4.516s] [ 24%] [32mBuilding C object CMakeFiles/yolo_msgs__rosidl_generator_c.dir/rosidl_generator_c/yolo_msgs/msg/detail/detection__functions.c.o[0m
[4.518s] [ 25%] [32mBuilding C object CMakeFiles/yolo_msgs__rosidl_generator_c.dir/rosidl_generator_c/yolo_msgs/srv/detail/set_classes__functions.c.o[0m
[4.520s] [ 25%] [32mBuilding C object CMakeFiles/yolo_msgs__rosidl_generator_c.dir/rosidl_generator_c/yolo_msgs/srv/detail/set_classes__description.c.o[0m
[4.544s] [ 26%] [32mBuilding C object CMakeFiles/yolo_msgs__rosidl_generator_c.dir/rosidl_generator_c/yolo_msgs/srv/detail/set_classes__type_support.c.o[0m
[4.607s] [ 26%] [32m[1mLinking C shared library libyolo_msgs__rosidl_generator_c.so[0m
[4.653s] [ 26%] Built target yolo_msgs__rosidl_generator_c
[4.664s] [ 27%] [34m[1mGenerating C++ type support dispatch for ROS interfaces[0m
[4.665s] [ 29%] [34m[1mGenerating C++ type support for eProsima Fast-RTPS[0m
[4.665s] [ 29%] [34m[1mGenerating C type support dispatch for ROS interfaces[0m
[4.667s] [ 30%] [34m[1mGenerating C++ introspection for ROS interfaces[0m
[4.667s] [ 31%] [34m[1mGenerating C type support for eProsima Fast-RTPS[0m
[4.667s] [ 31%] [34m[1mGenerating C introspection for ROS interfaces[0m
[5.519s] [ 32%] [32mBuilding CXX object CMakeFiles/yolo_msgs__rosidl_typesupport_cpp.dir/rosidl_typesupport_cpp/yolo_msgs/msg/pose2_d__type_support.cpp.o[0m
[5.520s] [ 33%] [32mBuilding CXX object CMakeFiles/yolo_msgs__rosidl_typesupport_cpp.dir/rosidl_typesupport_cpp/yolo_msgs/msg/vector2__type_support.cpp.o[0m
[5.523s] [ 34%] [32mBuilding CXX object CMakeFiles/yolo_msgs__rosidl_typesupport_cpp.dir/rosidl_typesupport_cpp/yolo_msgs/msg/key_point2_d__type_support.cpp.o[0m
[5.525s] [ 33%] [32mBuilding CXX object CMakeFiles/yolo_msgs__rosidl_typesupport_cpp.dir/rosidl_typesupport_cpp/yolo_msgs/msg/mask__type_support.cpp.o[0m
[5.526s] [ 34%] [32mBuilding CXX object CMakeFiles/yolo_msgs__rosidl_typesupport_cpp.dir/rosidl_typesupport_cpp/yolo_msgs/msg/key_point3_d__type_support.cpp.o[0m
[5.526s] [ 35%] [32mBuilding CXX object CMakeFiles/yolo_msgs__rosidl_typesupport_cpp.dir/rosidl_typesupport_cpp/yolo_msgs/msg/bounding_box3_d__type_support.cpp.o[0m
[5.529s] [ 36%] [32mBuilding CXX object CMakeFiles/yolo_msgs__rosidl_typesupport_cpp.dir/rosidl_typesupport_cpp/yolo_msgs/msg/key_point3_d_array__type_support.cpp.o[0m
[5.534s] [ 37%] [32mBuilding CXX object CMakeFiles/yolo_msgs__rosidl_typesupport_cpp.dir/rosidl_typesupport_cpp/yolo_msgs/msg/detection__type_support.cpp.o[0m
[5.534s] [ 38%] [32mBuilding CXX object CMakeFiles/yolo_msgs__rosidl_typesupport_cpp.dir/rosidl_typesupport_cpp/yolo_msgs/msg/key_point2_d_array__type_support.cpp.o[0m
[5.535s] [ 38%] [32mBuilding CXX object CMakeFiles/yolo_msgs__rosidl_typesupport_cpp.dir/rosidl_typesupport_cpp/yolo_msgs/msg/detection_array__type_support.cpp.o[0m
[5.542s] [ 38%] [32mBuilding CXX object CMakeFiles/yolo_msgs__rosidl_typesupport_cpp.dir/rosidl_typesupport_cpp/yolo_msgs/msg/point2_d__type_support.cpp.o[0m
[5.543s] [ 39%] [32mBuilding CXX object CMakeFiles/yolo_msgs__rosidl_typesupport_cpp.dir/rosidl_typesupport_cpp/yolo_msgs/srv/set_classes__type_support.cpp.o[0m
[5.587s] [ 40%] [32mBuilding CXX object CMakeFiles/yolo_msgs__rosidl_typesupport_c.dir/rosidl_typesupport_c/yolo_msgs/msg/vector2__type_support.cpp.o[0m
[5.587s] [ 40%] [32mBuilding CXX object CMakeFiles/yolo_msgs__rosidl_typesupport_cpp.dir/rosidl_typesupport_cpp/yolo_msgs/msg/bounding_box2_d__type_support.cpp.o[0m
[5.590s] [ 40%] [32mBuilding CXX object CMakeFiles/yolo_msgs__rosidl_typesupport_c.dir/rosidl_typesupport_c/yolo_msgs/msg/point2_d__type_support.cpp.o[0m
[5.592s] [ 41%] [32mBuilding CXX object CMakeFiles/yolo_msgs__rosidl_typesupport_c.dir/rosidl_typesupport_c/yolo_msgs/msg/pose2_d__type_support.cpp.o[0m
[5.594s] [ 41%] [32mBuilding CXX object CMakeFiles/yolo_msgs__rosidl_typesupport_c.dir/rosidl_typesupport_c/yolo_msgs/msg/bounding_box2_d__type_support.cpp.o[0m
[5.605s] [ 42%] [32mBuilding CXX object CMakeFiles/yolo_msgs__rosidl_typesupport_c.dir/rosidl_typesupport_c/yolo_msgs/msg/bounding_box3_d__type_support.cpp.o[0m
[5.700s] [ 43%] [32mBuilding CXX object CMakeFiles/yolo_msgs__rosidl_typesupport_c.dir/rosidl_typesupport_c/yolo_msgs/msg/mask__type_support.cpp.o[0m
[5.719s] [ 43%] [32mBuilding CXX object CMakeFiles/yolo_msgs__rosidl_typesupport_c.dir/rosidl_typesupport_c/yolo_msgs/msg/key_point2_d__type_support.cpp.o[0m
[5.753s] [ 44%] [32mBuilding CXX object CMakeFiles/yolo_msgs__rosidl_typesupport_c.dir/rosidl_typesupport_c/yolo_msgs/msg/key_point3_d__type_support.cpp.o[0m
[5.764s] [ 45%] [32mBuilding CXX object CMakeFiles/yolo_msgs__rosidl_typesupport_c.dir/rosidl_typesupport_c/yolo_msgs/msg/key_point2_d_array__type_support.cpp.o[0m
[5.772s] [ 45%] [32mBuilding CXX object CMakeFiles/yolo_msgs__rosidl_typesupport_c.dir/rosidl_typesupport_c/yolo_msgs/msg/key_point3_d_array__type_support.cpp.o[0m
[5.877s] [ 46%] [32mBuilding CXX object CMakeFiles/yolo_msgs__rosidl_typesupport_c.dir/rosidl_typesupport_c/yolo_msgs/msg/detection__type_support.cpp.o[0m
[5.888s] [ 47%] [32mBuilding CXX object CMakeFiles/yolo_msgs__rosidl_typesupport_c.dir/rosidl_typesupport_c/yolo_msgs/msg/detection_array__type_support.cpp.o[0m
[5.917s] [ 47%] [32mBuilding CXX object CMakeFiles/yolo_msgs__rosidl_typesupport_c.dir/rosidl_typesupport_c/yolo_msgs/srv/set_classes__type_support.cpp.o[0m
[6.152s] [ 48%] [32m[1mLinking CXX shared library libyolo_msgs__rosidl_typesupport_c.so[0m
[6.227s] [ 48%] [32mBuilding CXX object CMakeFiles/yolo_msgs__rosidl_typesupport_introspection_cpp.dir/rosidl_typesupport_introspection_cpp/yolo_msgs/msg/detail/point2_d__type_support.cpp.o[0m
[6.227s] [ 49%] [32mBuilding CXX object CMakeFiles/yolo_msgs__rosidl_typesupport_introspection_cpp.dir/rosidl_typesupport_introspection_cpp/yolo_msgs/msg/detail/vector2__type_support.cpp.o[0m
[6.259s] [ 49%] [32mBuilding CXX object CMakeFiles/yolo_msgs__rosidl_typesupport_introspection_cpp.dir/rosidl_typesupport_introspection_cpp/yolo_msgs/msg/detail/pose2_d__type_support.cpp.o[0m
[6.263s] [ 50%] [32mBuilding CXX object CMakeFiles/yolo_msgs__rosidl_typesupport_introspection_cpp.dir/rosidl_typesupport_introspection_cpp/yolo_msgs/msg/detail/bounding_box2_d__type_support.cpp.o[0m
[6.307s] [ 50%] [32mBuilding CXX object CMakeFiles/yolo_msgs__rosidl_typesupport_introspection_cpp.dir/rosidl_typesupport_introspection_cpp/yolo_msgs/msg/detail/mask__type_support.cpp.o[0m
[6.309s] [ 51%] [32mBuilding CXX object CMakeFiles/yolo_msgs__rosidl_typesupport_introspection_cpp.dir/rosidl_typesupport_introspection_cpp/yolo_msgs/msg/detail/bounding_box3_d__type_support.cpp.o[0m
[6.332s] [ 52%] [32mBuilding CXX object CMakeFiles/yolo_msgs__rosidl_typesupport_introspection_cpp.dir/rosidl_typesupport_introspection_cpp/yolo_msgs/msg/detail/key_point2_d__type_support.cpp.o[0m
[6.333s] [ 52%] Built target yolo_msgs__rosidl_typesupport_c
[6.346s] [ 53%] [32mBuilding CXX object CMakeFiles/yolo_msgs__rosidl_typesupport_introspection_cpp.dir/rosidl_typesupport_introspection_cpp/yolo_msgs/msg/detail/key_point3_d_array__type_support.cpp.o[0m
[6.360s] [ 53%] [32mBuilding CXX object CMakeFiles/yolo_msgs__rosidl_typesupport_introspection_cpp.dir/rosidl_typesupport_introspection_cpp/yolo_msgs/msg/detail/key_point3_d__type_support.cpp.o[0m
[6.360s] [ 54%] [32mBuilding CXX object CMakeFiles/yolo_msgs__rosidl_typesupport_introspection_cpp.dir/rosidl_typesupport_introspection_cpp/yolo_msgs/msg/detail/detection__type_support.cpp.o[0m
[6.382s] [ 55%] [32mBuilding CXX object CMakeFiles/yolo_msgs__rosidl_typesupport_introspection_cpp.dir/rosidl_typesupport_introspection_cpp/yolo_msgs/msg/detail/key_point2_d_array__type_support.cpp.o[0m
[6.455s] [ 56%] [32mBuilding CXX object CMakeFiles/yolo_msgs__rosidl_typesupport_fastrtps_c.dir/rosidl_typesupport_fastrtps_c/yolo_msgs/msg/detail/point2_d__type_support_c.cpp.o[0m
[6.455s] [ 56%] [32mBuilding CXX object CMakeFiles/yolo_msgs__rosidl_typesupport_introspection_cpp.dir/rosidl_typesupport_introspection_cpp/yolo_msgs/msg/detail/detection_array__type_support.cpp.o[0m
[6.489s] [ 57%] [32mBuilding CXX object CMakeFiles/yolo_msgs__rosidl_typesupport_introspection_cpp.dir/rosidl_typesupport_introspection_cpp/yolo_msgs/srv/detail/set_classes__type_support.cpp.o[0m
[6.657s] [ 58%] [32mBuilding CXX object CMakeFiles/yolo_msgs__rosidl_typesupport_fastrtps_c.dir/rosidl_typesupport_fastrtps_c/yolo_msgs/msg/detail/vector2__type_support_c.cpp.o[0m
[6.658s] [ 58%] [32mBuilding CXX object CMakeFiles/yolo_msgs__rosidl_typesupport_fastrtps_c.dir/rosidl_typesupport_fastrtps_c/yolo_msgs/msg/detail/pose2_d__type_support_c.cpp.o[0m
[6.829s] [ 59%] [32mBuilding CXX object CMakeFiles/yolo_msgs__rosidl_typesupport_fastrtps_c.dir/rosidl_typesupport_fastrtps_c/yolo_msgs/msg/detail/bounding_box2_d__type_support_c.cpp.o[0m
[6.848s] [ 60%] [32mBuilding CXX object CMakeFiles/yolo_msgs__rosidl_typesupport_fastrtps_c.dir/rosidl_typesupport_fastrtps_c/yolo_msgs/msg/detail/bounding_box3_d__type_support_c.cpp.o[0m
[6.848s] [ 60%] [32mBuilding CXX object CMakeFiles/yolo_msgs__rosidl_typesupport_fastrtps_c.dir/rosidl_typesupport_fastrtps_c/yolo_msgs/msg/detail/mask__type_support_c.cpp.o[0m
[6.922s] [ 61%] [32mBuilding CXX object CMakeFiles/yolo_msgs__rosidl_typesupport_fastrtps_cpp.dir/rosidl_typesupport_fastrtps_cpp/yolo_msgs/msg/detail/dds_fastrtps/point2_d__type_support.cpp.o[0m
[7.011s] [ 62%] [32mBuilding CXX object CMakeFiles/yolo_msgs__rosidl_typesupport_fastrtps_c.dir/rosidl_typesupport_fastrtps_c/yolo_msgs/msg/detail/key_point2_d__type_support_c.cpp.o[0m
[7.022s] [ 62%] [32mBuilding CXX object CMakeFiles/yolo_msgs__rosidl_typesupport_fastrtps_c.dir/rosidl_typesupport_fastrtps_c/yolo_msgs/msg/detail/key_point2_d_array__type_support_c.cpp.o[0m
[7.035s] [ 62%] [32mBuilding CXX object CMakeFiles/yolo_msgs__rosidl_typesupport_fastrtps_cpp.dir/rosidl_typesupport_fastrtps_cpp/yolo_msgs/msg/detail/dds_fastrtps/vector2__type_support.cpp.o[0m
[7.068s] [ 63%] [32mBuilding CXX object CMakeFiles/yolo_msgs__rosidl_typesupport_fastrtps_c.dir/rosidl_typesupport_fastrtps_c/yolo_msgs/msg/detail/key_point3_d__type_support_c.cpp.o[0m
[7.090s] [ 64%] [32mBuilding CXX object CMakeFiles/yolo_msgs__rosidl_typesupport_fastrtps_c.dir/rosidl_typesupport_fastrtps_c/yolo_msgs/msg/detail/key_point3_d_array__type_support_c.cpp.o[0m
[7.235s] [ 65%] [32mBuilding CXX object CMakeFiles/yolo_msgs__rosidl_typesupport_fastrtps_cpp.dir/rosidl_typesupport_fastrtps_cpp/yolo_msgs/msg/detail/dds_fastrtps/pose2_d__type_support.cpp.o[0m
[7.265s] [ 65%] [32mBuilding CXX object CMakeFiles/yolo_msgs__rosidl_typesupport_fastrtps_c.dir/rosidl_typesupport_fastrtps_c/yolo_msgs/msg/detail/detection__type_support_c.cpp.o[0m
[7.269s] [ 66%] [32mBuilding CXX object CMakeFiles/yolo_msgs__rosidl_typesupport_fastrtps_cpp.dir/rosidl_typesupport_fastrtps_cpp/yolo_msgs/msg/detail/dds_fastrtps/bounding_box2_d__type_support.cpp.o[0m
[7.321s] [ 66%] [32mBuilding C object CMakeFiles/yolo_msgs__rosidl_typesupport_introspection_c.dir/rosidl_typesupport_introspection_c/yolo_msgs/msg/detail/point2_d__type_support.c.o[0m
[7.369s] [ 67%] [32mBuilding C object CMakeFiles/yolo_msgs__rosidl_typesupport_introspection_c.dir/rosidl_typesupport_introspection_c/yolo_msgs/msg/detail/vector2__type_support.c.o[0m
[7.440s] [ 68%] [32mBuilding C object CMakeFiles/yolo_msgs__rosidl_typesupport_introspection_c.dir/rosidl_typesupport_introspection_c/yolo_msgs/msg/detail/pose2_d__type_support.c.o[0m
[7.449s] [ 69%] [32mBuilding CXX object CMakeFiles/yolo_msgs__rosidl_typesupport_fastrtps_c.dir/rosidl_typesupport_fastrtps_c/yolo_msgs/msg/detail/detection_array__type_support_c.cpp.o[0m
[7.461s] [ 69%] [32mBuilding CXX object CMakeFiles/yolo_msgs__rosidl_typesupport_fastrtps_cpp.dir/rosidl_typesupport_fastrtps_cpp/yolo_msgs/msg/detail/dds_fastrtps/bounding_box3_d__type_support.cpp.o[0m
[7.490s] [ 69%] [32mBuilding C object CMakeFiles/yolo_msgs__rosidl_typesupport_introspection_c.dir/rosidl_typesupport_introspection_c/yolo_msgs/msg/detail/bounding_box2_d__type_support.c.o[0m
[7.496s] [ 70%] [32mBuilding CXX object CMakeFiles/yolo_msgs__rosidl_typesupport_fastrtps_c.dir/rosidl_typesupport_fastrtps_c/yolo_msgs/srv/detail/set_classes__type_support_c.cpp.o[0m
[7.607s] [ 71%] [32mBuilding C object CMakeFiles/yolo_msgs__rosidl_typesupport_introspection_c.dir/rosidl_typesupport_introspection_c/yolo_msgs/msg/detail/bounding_box3_d__type_support.c.o[0m
[7.608s] [ 72%] [32mBuilding CXX object CMakeFiles/yolo_msgs__rosidl_typesupport_fastrtps_cpp.dir/rosidl_typesupport_fastrtps_cpp/yolo_msgs/msg/detail/dds_fastrtps/mask__type_support.cpp.o[0m
[7.638s] [ 73%] [32mBuilding CXX object CMakeFiles/yolo_msgs__rosidl_typesupport_fastrtps_cpp.dir/rosidl_typesupport_fastrtps_cpp/yolo_msgs/msg/detail/dds_fastrtps/key_point2_d__type_support.cpp.o[0m
[7.711s] [ 73%] [32mBuilding CXX object CMakeFiles/yolo_msgs__rosidl_typesupport_fastrtps_cpp.dir/rosidl_typesupport_fastrtps_cpp/yolo_msgs/msg/detail/dds_fastrtps/key_point2_d_array__type_support.cpp.o[0m
[7.735s] [ 74%] [32mBuilding C object CMakeFiles/yolo_msgs__rosidl_typesupport_introspection_c.dir/rosidl_typesupport_introspection_c/yolo_msgs/msg/detail/mask__type_support.c.o[0m
[7.795s] [ 75%] [32mBuilding CXX object CMakeFiles/yolo_msgs__rosidl_typesupport_fastrtps_cpp.dir/rosidl_typesupport_fastrtps_cpp/yolo_msgs/msg/detail/dds_fastrtps/key_point3_d__type_support.cpp.o[0m
[7.829s] [ 76%] [32mBuilding CXX object CMakeFiles/yolo_msgs__rosidl_typesupport_fastrtps_cpp.dir/rosidl_typesupport_fastrtps_cpp/yolo_msgs/msg/detail/dds_fastrtps/key_point3_d_array__type_support.cpp.o[0m
[7.837s] [ 77%] [32m[1mLinking CXX shared library libyolo_msgs__rosidl_typesupport_cpp.so[0m
[7.842s] [ 77%] [32mBuilding C object CMakeFiles/yolo_msgs__rosidl_typesupport_introspection_c.dir/rosidl_typesupport_introspection_c/yolo_msgs/msg/detail/key_point2_d__type_support.c.o[0m
[7.842s] [ 77%] [32mBuilding CXX object CMakeFiles/yolo_msgs__rosidl_typesupport_fastrtps_cpp.dir/rosidl_typesupport_fastrtps_cpp/yolo_msgs/msg/detail/dds_fastrtps/detection__type_support.cpp.o[0m
[7.901s] [ 78%] [32mBuilding C object CMakeFiles/yolo_msgs__rosidl_typesupport_introspection_c.dir/rosidl_typesupport_introspection_c/yolo_msgs/msg/detail/key_point2_d_array__type_support.c.o[0m
[7.906s] [ 79%] [32mBuilding C object CMakeFiles/yolo_msgs__rosidl_typesupport_introspection_c.dir/rosidl_typesupport_introspection_c/yolo_msgs/msg/detail/key_point3_d__type_support.c.o[0m
[7.913s] [ 79%] [32mBuilding C object CMakeFiles/yolo_msgs__rosidl_typesupport_introspection_c.dir/rosidl_typesupport_introspection_c/yolo_msgs/msg/detail/key_point3_d_array__type_support.c.o[0m
[7.976s] [ 80%] [32mBuilding CXX object CMakeFiles/yolo_msgs__rosidl_typesupport_fastrtps_cpp.dir/rosidl_typesupport_fastrtps_cpp/yolo_msgs/msg/detail/dds_fastrtps/detection_array__type_support.cpp.o[0m
[8.013s] [ 81%] [32mBuilding CXX object CMakeFiles/yolo_msgs__rosidl_typesupport_fastrtps_cpp.dir/rosidl_typesupport_fastrtps_cpp/yolo_msgs/srv/detail/dds_fastrtps/set_classes__type_support.cpp.o[0m
[8.013s] [ 81%] [32mBuilding C object CMakeFiles/yolo_msgs__rosidl_typesupport_introspection_c.dir/rosidl_typesupport_introspection_c/yolo_msgs/msg/detail/detection_array__type_support.c.o[0m
[8.014s] [ 82%] [32mBuilding C object CMakeFiles/yolo_msgs__rosidl_typesupport_introspection_c.dir/rosidl_typesupport_introspection_c/yolo_msgs/msg/detail/detection__type_support.c.o[0m
[8.048s] [ 82%] [32mBuilding C object CMakeFiles/yolo_msgs__rosidl_typesupport_introspection_c.dir/rosidl_typesupport_introspection_c/yolo_msgs/srv/detail/set_classes__type_support.c.o[0m
[8.049s] [ 82%] Built target yolo_msgs__rosidl_typesupport_cpp
[8.126s] [ 83%] [32m[1mLinking C shared library libyolo_msgs__rosidl_typesupport_introspection_c.so[0m
[8.163s] [ 83%] Built target yolo_msgs__rosidl_typesupport_introspection_c
[8.172s] [ 84%] [32m[1mLinking CXX shared library libyolo_msgs__rosidl_typesupport_introspection_cpp.so[0m
[8.254s] [ 84%] Built target yolo_msgs__rosidl_typesupport_introspection_cpp
[8.347s] [ 84%] [32m[1mLinking CXX shared library libyolo_msgs__rosidl_typesupport_fastrtps_c.so[0m
[8.445s] [ 84%] Built target yolo_msgs__rosidl_typesupport_fastrtps_c
[8.588s] [ 85%] [32m[1mLinking CXX shared library libyolo_msgs__rosidl_typesupport_fastrtps_cpp.so[0m
[8.659s] [ 85%] Built target yolo_msgs__rosidl_typesupport_fastrtps_cpp
[8.680s] [ 85%] Built target yolo_msgs
[8.702s] [ 86%] [34m[1mGenerating Python code for ROS interfaces[0m
[9.839s] [ 86%] Built target yolo_msgs__py
[9.858s] [ 86%] [32mBuilding C object CMakeFiles/yolo_msgs__rosidl_generator_py.dir/rosidl_generator_py/yolo_msgs/msg/_pose2_d_s.c.o[0m
[9.858s] [ 87%] [32mBuilding C object CMakeFiles/yolo_msgs__rosidl_generator_py.dir/rosidl_generator_py/yolo_msgs/msg/_point2_d_s.c.o[0m
[9.859s] [ 88%] [32mBuilding C object CMakeFiles/yolo_msgs__rosidl_generator_py.dir/rosidl_generator_py/yolo_msgs/msg/_vector2_s.c.o[0m
[9.859s] [ 89%] [32mBuilding C object CMakeFiles/yolo_msgs__rosidl_generator_py.dir/rosidl_generator_py/yolo_msgs/msg/_key_point3_d_array_s.c.o[0m
[9.859s] [ 90%] [32mBuilding C object CMakeFiles/yolo_msgs__rosidl_generator_py.dir/rosidl_generator_py/yolo_msgs/msg/_bounding_box3_d_s.c.o[0m
[9.860s] [ 92%] [32mBuilding C object CMakeFiles/yolo_msgs__rosidl_generator_py.dir/rosidl_generator_py/yolo_msgs/msg/_key_point2_d_s.c.o[0m
[9.860s] [ 92%] [32mBuilding C object CMakeFiles/yolo_msgs__rosidl_generator_py.dir/rosidl_generator_py/yolo_msgs/msg/_bounding_box2_d_s.c.o[0m
[9.861s] [ 93%] [32mBuilding C object CMakeFiles/yolo_msgs__rosidl_generator_py.dir/rosidl_generator_py/yolo_msgs/msg/_key_point2_d_array_s.c.o[0m
[9.862s] [ 94%] [32mBuilding C object CMakeFiles/yolo_msgs__rosidl_generator_py.dir/rosidl_generator_py/yolo_msgs/msg/_detection_s.c.o[0m
[9.863s] [ 94%] [32mBuilding C object CMakeFiles/yolo_msgs__rosidl_generator_py.dir/rosidl_generator_py/yolo_msgs/msg/_detection_array_s.c.o[0m
[9.864s] [ 94%] [32mBuilding C object CMakeFiles/yolo_msgs__rosidl_generator_py.dir/rosidl_generator_py/yolo_msgs/msg/_mask_s.c.o[0m
[9.866s] [ 94%] [32mBuilding C object CMakeFiles/yolo_msgs__rosidl_generator_py.dir/rosidl_generator_py/yolo_msgs/msg/_key_point3_d_s.c.o[0m
[9.866s] [ 95%] [32mBuilding C object CMakeFiles/yolo_msgs__rosidl_generator_py.dir/rosidl_generator_py/yolo_msgs/srv/_set_classes_s.c.o[0m
[10.096s] [ 96%] [32m[1mLinking C shared library libyolo_msgs__rosidl_generator_py.so[0m
[10.153s] [ 96%] Built target yolo_msgs__rosidl_generator_py
[10.180s] [ 98%] [32mBuilding C object CMakeFiles/yolo_msgs_s__rosidl_typesupport_introspection_c.dir/rosidl_generator_py/yolo_msgs/_yolo_msgs_s.ep.rosidl_typesupport_introspection_c.c.o[0m
[10.180s] [ 98%] [32mBuilding C object CMakeFiles/yolo_msgs_s__rosidl_typesupport_c.dir/rosidl_generator_py/yolo_msgs/_yolo_msgs_s.ep.rosidl_typesupport_c.c.o[0m
[10.180s] [ 98%] [32mBuilding C object CMakeFiles/yolo_msgs_s__rosidl_typesupport_fastrtps_c.dir/rosidl_generator_py/yolo_msgs/_yolo_msgs_s.ep.rosidl_typesupport_fastrtps_c.c.o[0m
[10.314s] [ 99%] [32m[1mLinking C shared module rosidl_generator_py/yolo_msgs/yolo_msgs_s__rosidl_typesupport_c.so[0m
[10.314s] [100%] [32m[1mLinking C shared module rosidl_generator_py/yolo_msgs/yolo_msgs_s__rosidl_typesupport_introspection_c.so[0m
[10.322s] [100%] [32m[1mLinking C shared module rosidl_generator_py/yolo_msgs/yolo_msgs_s__rosidl_typesupport_fastrtps_c.so[0m
[10.344s] [100%] Built target yolo_msgs_s__rosidl_typesupport_c
[10.352s] [100%] Built target yolo_msgs_s__rosidl_typesupport_introspection_c
[10.366s] [100%] Built target yolo_msgs_s__rosidl_typesupport_fastrtps_c
[10.386s] Invoked command in '/home/amrl-linux24-04/ros2_ben/build/yolo_msgs' returned '0': CMAKE_PREFIX_PATH=${CMAKE_PREFIX_PATH}:/home/amrl-linux24-04/ros2_ben/install/yolo_ros:/home/amrl-linux24-04/ros2_ben/install/igusgus_launch:/opt/ros/jazzy DEBUGINFOD_URLS=https://debuginfod.ubuntu.com /usr/bin/cmake --build /home/amrl-linux24-04/ros2_ben/build/yolo_msgs -- -j22 -l22
[10.387s] Invoking command in '/home/amrl-linux24-04/ros2_ben/build/yolo_msgs': CMAKE_PREFIX_PATH=${CMAKE_PREFIX_PATH}:/home/amrl-linux24-04/ros2_ben/install/yolo_ros:/home/amrl-linux24-04/ros2_ben/install/igusgus_launch:/opt/ros/jazzy DEBUGINFOD_URLS=https://debuginfod.ubuntu.com /usr/bin/cmake --install /home/amrl-linux24-04/ros2_ben/build/yolo_msgs
[10.400s] -- Install configuration: ""
[10.400s] -- Installing: /home/amrl-linux24-04/ros2_ben/install/yolo_msgs/share/ament_index/resource_index/rosidl_interfaces/yolo_msgs
[10.401s] -- Installing: /home/amrl-linux24-04/ros2_ben/install/yolo_msgs/share/yolo_msgs/msg/Point2D.json
[10.401s] -- Installing: /home/amrl-linux24-04/ros2_ben/install/yolo_msgs/share/yolo_msgs/msg/Vector2.json
[10.401s] -- Installing: /home/amrl-linux24-04/ros2_ben/install/yolo_msgs/share/yolo_msgs/msg/Pose2D.json
[10.401s] -- Installing: /home/amrl-linux24-04/ros2_ben/install/yolo_msgs/share/yolo_msgs/msg/BoundingBox2D.json
[10.401s] -- Installing: /home/amrl-linux24-04/ros2_ben/install/yolo_msgs/share/yolo_msgs/msg/BoundingBox3D.json
[10.401s] -- Installing: /home/amrl-linux24-04/ros2_ben/install/yolo_msgs/share/yolo_msgs/msg/Mask.json
[10.401s] -- Installing: /home/amrl-linux24-04/ros2_ben/install/yolo_msgs/share/yolo_msgs/msg/KeyPoint2D.json
[10.401s] -- Installing: /home/amrl-linux24-04/ros2_ben/install/yolo_msgs/share/yolo_msgs/msg/KeyPoint2DArray.json
[10.402s] -- Installing: /home/amrl-linux24-04/ros2_ben/install/yolo_msgs/share/yolo_msgs/msg/KeyPoint3D.json
[10.402s] -- Installing: /home/amrl-linux24-04/ros2_ben/install/yolo_msgs/share/yolo_msgs/msg/KeyPoint3DArray.json
[10.402s] -- Installing: /home/amrl-linux24-04/ros2_ben/install/yolo_msgs/share/yolo_msgs/msg/Detection.json
[10.402s] -- Installing: /home/amrl-linux24-04/ros2_ben/install/yolo_msgs/share/yolo_msgs/msg/DetectionArray.json
[10.402s] -- Installing: /home/amrl-linux24-04/ros2_ben/install/yolo_msgs/share/yolo_msgs/srv/SetClasses.json
[10.402s] -- Installing: /home/amrl-linux24-04/ros2_ben/install/yolo_msgs/include/yolo_msgs/yolo_msgs
[10.403s] -- Installing: /home/amrl-linux24-04/ros2_ben/install/yolo_msgs/include/yolo_msgs/yolo_msgs/srv
[10.403s] -- Installing: /home/amrl-linux24-04/ros2_ben/install/yolo_msgs/include/yolo_msgs/yolo_msgs/srv/detail
[10.403s] -- Installing: /home/amrl-linux24-04/ros2_ben/install/yolo_msgs/include/yolo_msgs/yolo_msgs/srv/detail/set_classes__functions.h
[10.403s] -- Installing: /home/amrl-linux24-04/ros2_ben/install/yolo_msgs/include/yolo_msgs/yolo_msgs/srv/detail/set_classes__type_support.h
[10.403s] -- Installing: /home/amrl-linux24-04/ros2_ben/install/yolo_msgs/include/yolo_msgs/yolo_msgs/srv/detail/set_classes__struct.h
[10.403s] -- Installing: /home/amrl-linux24-04/ros2_ben/install/yolo_msgs/include/yolo_msgs/yolo_msgs/srv/detail/set_classes__functions.c
[10.404s] -- Installing: /home/amrl-linux24-04/ros2_ben/install/yolo_msgs/include/yolo_msgs/yolo_msgs/srv/detail/set_classes__type_support.c
[10.404s] -- Installing: /home/amrl-linux24-04/ros2_ben/install/yolo_msgs/include/yolo_msgs/yolo_msgs/srv/detail/set_classes__description.c
[10.404s] -- Installing: /home/amrl-linux24-04/ros2_ben/install/yolo_msgs/include/yolo_msgs/yolo_msgs/srv/set_classes.h
[10.404s] -- Installing: /home/amrl-linux24-04/ros2_ben/install/yolo_msgs/include/yolo_msgs/yolo_msgs/msg
[10.404s] -- Installing: /home/amrl-linux24-04/ros2_ben/install/yolo_msgs/include/yolo_msgs/yolo_msgs/msg/detection.h
[10.404s] -- Installing: /home/amrl-linux24-04/ros2_ben/install/yolo_msgs/include/yolo_msgs/yolo_msgs/msg/mask.h
[10.404s] -- Installing: /home/amrl-linux24-04/ros2_ben/install/yolo_msgs/include/yolo_msgs/yolo_msgs/msg/key_point2_d_array.h
[10.405s] -- Installing: /home/amrl-linux24-04/ros2_ben/install/yolo_msgs/include/yolo_msgs/yolo_msgs/msg/detail
[10.405s] -- Installing: /home/amrl-linux24-04/ros2_ben/install/yolo_msgs/include/yolo_msgs/yolo_msgs/msg/detail/key_point3_d_array__functions.h
[10.405s] -- Installing: /home/amrl-linux24-04/ros2_ben/install/yolo_msgs/include/yolo_msgs/yolo_msgs/msg/detail/key_point2_d_array__type_support.c
[10.405s] -- Installing: /home/amrl-linux24-04/ros2_ben/install/yolo_msgs/include/yolo_msgs/yolo_msgs/msg/detail/bounding_box2_d__type_support.h
[10.405s] -- Installing: /home/amrl-linux24-04/ros2_ben/install/yolo_msgs/include/yolo_msgs/yolo_msgs/msg/detail/point2_d__type_support.c
[10.405s] -- Installing: /home/amrl-linux24-04/ros2_ben/install/yolo_msgs/include/yolo_msgs/yolo_msgs/msg/detail/pose2_d__functions.h
[10.405s] -- Installing: /home/amrl-linux24-04/ros2_ben/install/yolo_msgs/include/yolo_msgs/yolo_msgs/msg/detail/key_point2_d__functions.h
[10.405s] -- Installing: /home/amrl-linux24-04/ros2_ben/install/yolo_msgs/include/yolo_msgs/yolo_msgs/msg/detail/bounding_box2_d__struct.h
[10.405s] -- Installing: /home/amrl-linux24-04/ros2_ben/install/yolo_msgs/include/yolo_msgs/yolo_msgs/msg/detail/mask__type_support.h
[10.405s] -- Installing: /home/amrl-linux24-04/ros2_ben/install/yolo_msgs/include/yolo_msgs/yolo_msgs/msg/detail/key_point2_d__type_support.c
[10.406s] -- Installing: /home/amrl-linux24-04/ros2_ben/install/yolo_msgs/include/yolo_msgs/yolo_msgs/msg/detail/bounding_box2_d__description.c
[10.406s] -- Installing: /home/amrl-linux24-04/ros2_ben/install/yolo_msgs/include/yolo_msgs/yolo_msgs/msg/detail/detection__type_support.c
[10.406s] -- Installing: /home/amrl-linux24-04/ros2_ben/install/yolo_msgs/include/yolo_msgs/yolo_msgs/msg/detail/vector2__struct.h
[10.406s] -- Installing: /home/amrl-linux24-04/ros2_ben/install/yolo_msgs/include/yolo_msgs/yolo_msgs/msg/detail/key_point3_d__functions.c
[10.406s] -- Installing: /home/amrl-linux24-04/ros2_ben/install/yolo_msgs/include/yolo_msgs/yolo_msgs/msg/detail/key_point2_d_array__struct.h
[10.406s] -- Installing: /home/amrl-linux24-04/ros2_ben/install/yolo_msgs/include/yolo_msgs/yolo_msgs/msg/detail/bounding_box3_d__functions.c
[10.407s] -- Installing: /home/amrl-linux24-04/ros2_ben/install/yolo_msgs/include/yolo_msgs/yolo_msgs/msg/detail/bounding_box2_d__functions.c
[10.407s] -- Installing: /home/amrl-linux24-04/ros2_ben/install/yolo_msgs/include/yolo_msgs/yolo_msgs/msg/detail/key_point3_d__type_support.c
[10.407s] -- Installing: /home/amrl-linux24-04/ros2_ben/install/yolo_msgs/include/yolo_msgs/yolo_msgs/msg/detail/pose2_d__type_support.h
[10.407s] -- Installing: /home/amrl-linux24-04/ros2_ben/install/yolo_msgs/include/yolo_msgs/yolo_msgs/msg/detail/point2_d__struct.h
[10.407s] -- Installing: /home/amrl-linux24-04/ros2_ben/install/yolo_msgs/include/yolo_msgs/yolo_msgs/msg/detail/bounding_box3_d__type_support.h
[10.407s] -- Installing: /home/amrl-linux24-04/ros2_ben/install/yolo_msgs/include/yolo_msgs/yolo_msgs/msg/detail/mask__description.c
[10.407s] -- Installing: /home/amrl-linux24-04/ros2_ben/install/yolo_msgs/include/yolo_msgs/yolo_msgs/msg/detail/key_point3_d__type_support.h
[10.407s] -- Installing: /home/amrl-linux24-04/ros2_ben/install/yolo_msgs/include/yolo_msgs/yolo_msgs/msg/detail/key_point3_d__description.c
[10.408s] -- Installing: /home/amrl-linux24-04/ros2_ben/install/yolo_msgs/include/yolo_msgs/yolo_msgs/msg/detail/key_point3_d_array__struct.h
[10.408s] -- Installing: /home/amrl-linux24-04/ros2_ben/install/yolo_msgs/include/yolo_msgs/yolo_msgs/msg/detail/mask__functions.c
[10.408s] -- Installing: /home/amrl-linux24-04/ros2_ben/install/yolo_msgs/include/yolo_msgs/yolo_msgs/msg/detail/key_point3_d__functions.h
[10.408s] -- Installing: /home/amrl-linux24-04/ros2_ben/install/yolo_msgs/include/yolo_msgs/yolo_msgs/msg/detail/vector2__functions.c
[10.408s] -- Installing: /home/amrl-linux24-04/ros2_ben/install/yolo_msgs/include/yolo_msgs/yolo_msgs/msg/detail/bounding_box3_d__type_support.c
[10.408s] -- Installing: /home/amrl-linux24-04/ros2_ben/install/yolo_msgs/include/yolo_msgs/yolo_msgs/msg/detail/bounding_box3_d__struct.h
[10.408s] -- Installing: /home/amrl-linux24-04/ros2_ben/install/yolo_msgs/include/yolo_msgs/yolo_msgs/msg/detail/key_point2_d__functions.c
[10.408s] -- Installing: /home/amrl-linux24-04/ros2_ben/install/yolo_msgs/include/yolo_msgs/yolo_msgs/msg/detail/key_point2_d__description.c
[10.409s] -- Installing: /home/amrl-linux24-04/ros2_ben/install/yolo_msgs/include/yolo_msgs/yolo_msgs/msg/detail/bounding_box3_d__functions.h
[10.409s] -- Installing: /home/amrl-linux24-04/ros2_ben/install/yolo_msgs/include/yolo_msgs/yolo_msgs/msg/detail/key_point3_d__struct.h
[10.409s] -- Installing: /home/amrl-linux24-04/ros2_ben/install/yolo_msgs/include/yolo_msgs/yolo_msgs/msg/detail/pose2_d__struct.h
[10.409s] -- Installing: /home/amrl-linux24-04/ros2_ben/install/yolo_msgs/include/yolo_msgs/yolo_msgs/msg/detail/key_point3_d_array__type_support.c
[10.409s] -- Installing: /home/amrl-linux24-04/ros2_ben/install/yolo_msgs/include/yolo_msgs/yolo_msgs/msg/detail/vector2__type_support.c
[10.409s] -- Installing: /home/amrl-linux24-04/ros2_ben/install/yolo_msgs/include/yolo_msgs/yolo_msgs/msg/detail/key_point2_d_array__functions.c
[10.409s] -- Installing: /home/amrl-linux24-04/ros2_ben/install/yolo_msgs/include/yolo_msgs/yolo_msgs/msg/detail/point2_d__type_support.h
[10.409s] -- Installing: /home/amrl-linux24-04/ros2_ben/install/yolo_msgs/include/yolo_msgs/yolo_msgs/msg/detail/mask__functions.h
[10.409s] -- Installing: /home/amrl-linux24-04/ros2_ben/install/yolo_msgs/include/yolo_msgs/yolo_msgs/msg/detail/key_point2_d_array__functions.h
[10.409s] -- Installing: /home/amrl-linux24-04/ros2_ben/install/yolo_msgs/include/yolo_msgs/yolo_msgs/msg/detail/key_point2_d_array__description.c
[10.409s] -- Installing: /home/amrl-linux24-04/ros2_ben/install/yolo_msgs/include/yolo_msgs/yolo_msgs/msg/detail/key_point2_d__struct.h
[10.410s] -- Installing: /home/amrl-linux24-04/ros2_ben/install/yolo_msgs/include/yolo_msgs/yolo_msgs/msg/detail/detection_array__type_support.h
[10.410s] -- Installing: /home/amrl-linux24-04/ros2_ben/install/yolo_msgs/include/yolo_msgs/yolo_msgs/msg/detail/detection_array__type_support.c
[10.410s] -- Installing: /home/amrl-linux24-04/ros2_ben/install/yolo_msgs/include/yolo_msgs/yolo_msgs/msg/detail/detection__description.c
[10.410s] -- Installing: /home/amrl-linux24-04/ros2_ben/install/yolo_msgs/include/yolo_msgs/yolo_msgs/msg/detail/pose2_d__functions.c
[10.410s] -- Installing: /home/amrl-linux24-04/ros2_ben/install/yolo_msgs/include/yolo_msgs/yolo_msgs/msg/detail/mask__struct.h
[10.410s] -- Installing: /home/amrl-linux24-04/ros2_ben/install/yolo_msgs/include/yolo_msgs/yolo_msgs/msg/detail/bounding_box2_d__functions.h
[10.410s] -- Installing: /home/amrl-linux24-04/ros2_ben/install/yolo_msgs/include/yolo_msgs/yolo_msgs/msg/detail/key_point3_d_array__description.c
[10.410s] -- Installing: /home/amrl-linux24-04/ros2_ben/install/yolo_msgs/include/yolo_msgs/yolo_msgs/msg/detail/detection_array__functions.h
[10.410s] -- Installing: /home/amrl-linux24-04/ros2_ben/install/yolo_msgs/include/yolo_msgs/yolo_msgs/msg/detail/vector2__description.c
[10.411s] -- Installing: /home/amrl-linux24-04/ros2_ben/install/yolo_msgs/include/yolo_msgs/yolo_msgs/msg/detail/key_point2_d_array__type_support.h
[10.411s] -- Installing: /home/amrl-linux24-04/ros2_ben/install/yolo_msgs/include/yolo_msgs/yolo_msgs/msg/detail/detection__functions.c
[10.411s] -- Installing: /home/amrl-linux24-04/ros2_ben/install/yolo_msgs/include/yolo_msgs/yolo_msgs/msg/detail/detection__type_support.h
[10.411s] -- Installing: /home/amrl-linux24-04/ros2_ben/install/yolo_msgs/include/yolo_msgs/yolo_msgs/msg/detail/vector2__type_support.h
[10.411s] -- Installing: /home/amrl-linux24-04/ros2_ben/install/yolo_msgs/include/yolo_msgs/yolo_msgs/msg/detail/detection_array__description.c
[10.412s] -- Installing: /home/amrl-linux24-04/ros2_ben/install/yolo_msgs/include/yolo_msgs/yolo_msgs/msg/detail/pose2_d__description.c
[10.412s] -- Installing: /home/amrl-linux24-04/ros2_ben/install/yolo_msgs/include/yolo_msgs/yolo_msgs/msg/detail/mask__type_support.c
[10.412s] -- Installing: /home/amrl-linux24-04/ros2_ben/install/yolo_msgs/include/yolo_msgs/yolo_msgs/msg/detail/key_point3_d_array__functions.c
[10.412s] -- Installing: /home/amrl-linux24-04/ros2_ben/install/yolo_msgs/include/yolo_msgs/yolo_msgs/msg/detail/point2_d__functions.h
[10.412s] -- Installing: /home/amrl-linux24-04/ros2_ben/install/yolo_msgs/include/yolo_msgs/yolo_msgs/msg/detail/point2_d__description.c
[10.412s] -- Installing: /home/amrl-linux24-04/ros2_ben/install/yolo_msgs/include/yolo_msgs/yolo_msgs/msg/detail/key_point3_d_array__type_support.h
[10.412s] -- Installing: /home/amrl-linux24-04/ros2_ben/install/yolo_msgs/include/yolo_msgs/yolo_msgs/msg/detail/detection__struct.h
[10.413s] -- Installing: /home/amrl-linux24-04/ros2_ben/install/yolo_msgs/include/yolo_msgs/yolo_msgs/msg/detail/point2_d__functions.c
[10.413s] -- Installing: /home/amrl-linux24-04/ros2_ben/install/yolo_msgs/include/yolo_msgs/yolo_msgs/msg/detail/detection__functions.h
[10.413s] -- Installing: /home/amrl-linux24-04/ros2_ben/install/yolo_msgs/include/yolo_msgs/yolo_msgs/msg/detail/bounding_box3_d__description.c
[10.413s] -- Installing: /home/amrl-linux24-04/ros2_ben/install/yolo_msgs/include/yolo_msgs/yolo_msgs/msg/detail/key_point2_d__type_support.h
[10.413s] -- Installing: /home/amrl-linux24-04/ros2_ben/install/yolo_msgs/include/yolo_msgs/yolo_msgs/msg/detail/detection_array__functions.c
[10.413s] -- Installing: /home/amrl-linux24-04/ros2_ben/install/yolo_msgs/include/yolo_msgs/yolo_msgs/msg/detail/detection_array__struct.h
[10.413s] -- Installing: /home/amrl-linux24-04/ros2_ben/install/yolo_msgs/include/yolo_msgs/yolo_msgs/msg/detail/bounding_box2_d__type_support.c
[10.413s] -- Installing: /home/amrl-linux24-04/ros2_ben/install/yolo_msgs/include/yolo_msgs/yolo_msgs/msg/detail/pose2_d__type_support.c
[10.413s] -- Installing: /home/amrl-linux24-04/ros2_ben/install/yolo_msgs/include/yolo_msgs/yolo_msgs/msg/detail/vector2__functions.h
[10.413s] -- Installing: /home/amrl-linux24-04/ros2_ben/install/yolo_msgs/include/yolo_msgs/yolo_msgs/msg/key_point2_d.h
[10.413s] -- Installing: /home/amrl-linux24-04/ros2_ben/install/yolo_msgs/include/yolo_msgs/yolo_msgs/msg/pose2_d.h
[10.414s] -- Installing: /home/amrl-linux24-04/ros2_ben/install/yolo_msgs/include/yolo_msgs/yolo_msgs/msg/key_point3_d_array.h
[10.414s] -- Installing: /home/amrl-linux24-04/ros2_ben/install/yolo_msgs/include/yolo_msgs/yolo_msgs/msg/detection_array.h
[10.414s] -- Installing: /home/amrl-linux24-04/ros2_ben/install/yolo_msgs/include/yolo_msgs/yolo_msgs/msg/vector2.h
[10.414s] -- Installing: /home/amrl-linux24-04/ros2_ben/install/yolo_msgs/include/yolo_msgs/yolo_msgs/msg/bounding_box2_d.h
[10.414s] -- Installing: /home/amrl-linux24-04/ros2_ben/install/yolo_msgs/include/yolo_msgs/yolo_msgs/msg/bounding_box3_d.h
[10.414s] -- Installing: /home/amrl-linux24-04/ros2_ben/install/yolo_msgs/include/yolo_msgs/yolo_msgs/msg/point2_d.h
[10.414s] -- Installing: /home/amrl-linux24-04/ros2_ben/install/yolo_msgs/include/yolo_msgs/yolo_msgs/msg/key_point3_d.h
[10.414s] -- Installing: /home/amrl-linux24-04/ros2_ben/install/yolo_msgs/include/yolo_msgs/yolo_msgs/msg/rosidl_generator_c__visibility_control.h
[10.414s] -- Installing: /home/amrl-linux24-04/ros2_ben/install/yolo_msgs/share/yolo_msgs/environment/library_path.sh
[10.414s] -- Installing: /home/amrl-linux24-04/ros2_ben/install/yolo_msgs/share/yolo_msgs/environment/library_path.dsv
[10.415s] -- Installing: /home/amrl-linux24-04/ros2_ben/install/yolo_msgs/lib/libyolo_msgs__rosidl_generator_c.so
[10.415s] -- Set non-toolchain portion of runtime path of "/home/amrl-linux24-04/ros2_ben/install/yolo_msgs/lib/libyolo_msgs__rosidl_generator_c.so" to ""
[10.415s] -- Up-to-date: /home/amrl-linux24-04/ros2_ben/install/yolo_msgs/include/yolo_msgs/yolo_msgs
[10.415s] -- Up-to-date: /home/amrl-linux24-04/ros2_ben/install/yolo_msgs/include/yolo_msgs/yolo_msgs/srv
[10.415s] -- Up-to-date: /home/amrl-linux24-04/ros2_ben/install/yolo_msgs/include/yolo_msgs/yolo_msgs/srv/detail
[10.415s] -- Installing: /home/amrl-linux24-04/ros2_ben/install/yolo_msgs/include/yolo_msgs/yolo_msgs/srv/detail/set_classes__rosidl_typesupport_fastrtps_c.h
[10.415s] -- Up-to-date: /home/amrl-linux24-04/ros2_ben/install/yolo_msgs/include/yolo_msgs/yolo_msgs/msg
[10.415s] -- Up-to-date: /home/amrl-linux24-04/ros2_ben/install/yolo_msgs/include/yolo_msgs/yolo_msgs/msg/detail
[10.415s] -- Installing: /home/amrl-linux24-04/ros2_ben/install/yolo_msgs/include/yolo_msgs/yolo_msgs/msg/detail/key_point3_d_array__rosidl_typesupport_fastrtps_c.h
[10.415s] -- Installing: /home/amrl-linux24-04/ros2_ben/install/yolo_msgs/include/yolo_msgs/yolo_msgs/msg/detail/detection_array__rosidl_typesupport_fastrtps_c.h
[10.416s] -- Installing: /home/amrl-linux24-04/ros2_ben/install/yolo_msgs/include/yolo_msgs/yolo_msgs/msg/detail/detection__rosidl_typesupport_fastrtps_c.h
[10.416s] -- Installing: /home/amrl-linux24-04/ros2_ben/install/yolo_msgs/include/yolo_msgs/yolo_msgs/msg/detail/key_point2_d__rosidl_typesupport_fastrtps_c.h
[10.416s] -- Installing: /home/amrl-linux24-04/ros2_ben/install/yolo_msgs/include/yolo_msgs/yolo_msgs/msg/detail/bounding_box3_d__rosidl_typesupport_fastrtps_c.h
[10.416s] -- Installing: /home/amrl-linux24-04/ros2_ben/install/yolo_msgs/include/yolo_msgs/yolo_msgs/msg/detail/mask__rosidl_typesupport_fastrtps_c.h
[10.416s] -- Installing: /home/amrl-linux24-04/ros2_ben/install/yolo_msgs/include/yolo_msgs/yolo_msgs/msg/detail/pose2_d__rosidl_typesupport_fastrtps_c.h
[10.416s] -- Installing: /home/amrl-linux24-04/ros2_ben/install/yolo_msgs/include/yolo_msgs/yolo_msgs/msg/detail/point2_d__rosidl_typesupport_fastrtps_c.h
[10.416s] -- Installing: /home/amrl-linux24-04/ros2_ben/install/yolo_msgs/include/yolo_msgs/yolo_msgs/msg/detail/vector2__rosidl_typesupport_fastrtps_c.h
[10.416s] -- Installing: /home/amrl-linux24-04/ros2_ben/install/yolo_msgs/include/yolo_msgs/yolo_msgs/msg/detail/bounding_box2_d__rosidl_typesupport_fastrtps_c.h
[10.416s] -- Installing: /home/amrl-linux24-04/ros2_ben/install/yolo_msgs/include/yolo_msgs/yolo_msgs/msg/detail/key_point2_d_array__rosidl_typesupport_fastrtps_c.h
[10.416s] -- Installing: /home/amrl-linux24-04/ros2_ben/install/yolo_msgs/include/yolo_msgs/yolo_msgs/msg/detail/key_point3_d__rosidl_typesupport_fastrtps_c.h
[10.417s] -- Installing: /home/amrl-linux24-04/ros2_ben/install/yolo_msgs/include/yolo_msgs/yolo_msgs/msg/rosidl_typesupport_fastrtps_c__visibility_control.h
[10.417s] -- Installing: /home/amrl-linux24-04/ros2_ben/install/yolo_msgs/lib/libyolo_msgs__rosidl_typesupport_fastrtps_c.so
[10.417s] -- Set non-toolchain portion of runtime path of "/home/amrl-linux24-04/ros2_ben/install/yolo_msgs/lib/libyolo_msgs__rosidl_typesupport_fastrtps_c.so" to ""
[10.417s] -- Up-to-date: /home/amrl-linux24-04/ros2_ben/install/yolo_msgs/include/yolo_msgs/yolo_msgs
[10.417s] -- Up-to-date: /home/amrl-linux24-04/ros2_ben/install/yolo_msgs/include/yolo_msgs/yolo_msgs/srv
[10.417s] -- Up-to-date: /home/amrl-linux24-04/ros2_ben/install/yolo_msgs/include/yolo_msgs/yolo_msgs/srv/detail
[10.417s] -- Installing: /home/amrl-linux24-04/ros2_ben/install/yolo_msgs/include/yolo_msgs/yolo_msgs/srv/detail/set_classes__rosidl_typesupport_introspection_c.h
[10.417s] -- Installing: /home/amrl-linux24-04/ros2_ben/install/yolo_msgs/include/yolo_msgs/yolo_msgs/srv/detail/set_classes__type_support.c
[10.417s] -- Up-to-date: /home/amrl-linux24-04/ros2_ben/install/yolo_msgs/include/yolo_msgs/yolo_msgs/msg
[10.417s] -- Up-to-date: /home/amrl-linux24-04/ros2_ben/install/yolo_msgs/include/yolo_msgs/yolo_msgs/msg/detail
[10.418s] -- Installing: /home/amrl-linux24-04/ros2_ben/install/yolo_msgs/include/yolo_msgs/yolo_msgs/msg/detail/key_point2_d_array__type_support.c
[10.418s] -- Installing: /home/amrl-linux24-04/ros2_ben/install/yolo_msgs/include/yolo_msgs/yolo_msgs/msg/detail/point2_d__type_support.c
[10.418s] -- Installing: /home/amrl-linux24-04/ros2_ben/install/yolo_msgs/include/yolo_msgs/yolo_msgs/msg/detail/key_point2_d__type_support.c
[10.418s] -- Installing: /home/amrl-linux24-04/ros2_ben/install/yolo_msgs/include/yolo_msgs/yolo_msgs/msg/detail/mask__rosidl_typesupport_introspection_c.h
[10.418s] -- Installing: /home/amrl-linux24-04/ros2_ben/install/yolo_msgs/include/yolo_msgs/yolo_msgs/msg/detail/detection__type_support.c
[10.418s] -- Installing: /home/amrl-linux24-04/ros2_ben/install/yolo_msgs/include/yolo_msgs/yolo_msgs/msg/detail/key_point2_d_array__rosidl_typesupport_introspection_c.h
[10.418s] -- Installing: /home/amrl-linux24-04/ros2_ben/install/yolo_msgs/include/yolo_msgs/yolo_msgs/msg/detail/key_point3_d__type_support.c
[10.418s] -- Installing: /home/amrl-linux24-04/ros2_ben/install/yolo_msgs/include/yolo_msgs/yolo_msgs/msg/detail/point2_d__rosidl_typesupport_introspection_c.h
[10.418s] -- Installing: /home/amrl-linux24-04/ros2_ben/install/yolo_msgs/include/yolo_msgs/yolo_msgs/msg/detail/bounding_box3_d__type_support.c
[10.418s] -- Installing: /home/amrl-linux24-04/ros2_ben/install/yolo_msgs/include/yolo_msgs/yolo_msgs/msg/detail/key_point3_d__rosidl_typesupport_introspection_c.h
[10.418s] -- Installing: /home/amrl-linux24-04/ros2_ben/install/yolo_msgs/include/yolo_msgs/yolo_msgs/msg/detail/key_point3_d_array__type_support.c
[10.419s] -- Installing: /home/amrl-linux24-04/ros2_ben/install/yolo_msgs/include/yolo_msgs/yolo_msgs/msg/detail/pose2_d__rosidl_typesupport_introspection_c.h
[10.419s] -- Installing: /home/amrl-linux24-04/ros2_ben/install/yolo_msgs/include/yolo_msgs/yolo_msgs/msg/detail/vector2__type_support.c
[10.419s] -- Installing: /home/amrl-linux24-04/ros2_ben/install/yolo_msgs/include/yolo_msgs/yolo_msgs/msg/detail/detection_array__type_support.c
[10.419s] -- Installing: /home/amrl-linux24-04/ros2_ben/install/yolo_msgs/include/yolo_msgs/yolo_msgs/msg/detail/bounding_box2_d__rosidl_typesupport_introspection_c.h
[10.419s] -- Installing: /home/amrl-linux24-04/ros2_ben/install/yolo_msgs/include/yolo_msgs/yolo_msgs/msg/detail/detection__rosidl_typesupport_introspection_c.h
[10.419s] -- Installing: /home/amrl-linux24-04/ros2_ben/install/yolo_msgs/include/yolo_msgs/yolo_msgs/msg/detail/mask__type_support.c
[10.419s] -- Installing: /home/amrl-linux24-04/ros2_ben/install/yolo_msgs/include/yolo_msgs/yolo_msgs/msg/detail/key_point2_d__rosidl_typesupport_introspection_c.h
[10.419s] -- Installing: /home/amrl-linux24-04/ros2_ben/install/yolo_msgs/include/yolo_msgs/yolo_msgs/msg/detail/vector2__rosidl_typesupport_introspection_c.h
[10.419s] -- Installing: /home/amrl-linux24-04/ros2_ben/install/yolo_msgs/include/yolo_msgs/yolo_msgs/msg/detail/detection_array__rosidl_typesupport_introspection_c.h
[10.419s] -- Installing: /home/amrl-linux24-04/ros2_ben/install/yolo_msgs/include/yolo_msgs/yolo_msgs/msg/detail/bounding_box2_d__type_support.c
[10.420s] -- Installing: /home/amrl-linux24-04/ros2_ben/install/yolo_msgs/include/yolo_msgs/yolo_msgs/msg/detail/bounding_box3_d__rosidl_typesupport_introspection_c.h
[10.420s] -- Installing: /home/amrl-linux24-04/ros2_ben/install/yolo_msgs/include/yolo_msgs/yolo_msgs/msg/detail/pose2_d__type_support.c
[10.420s] -- Installing: /home/amrl-linux24-04/ros2_ben/install/yolo_msgs/include/yolo_msgs/yolo_msgs/msg/detail/key_point3_d_array__rosidl_typesupport_introspection_c.h
[10.420s] -- Installing: /home/amrl-linux24-04/ros2_ben/install/yolo_msgs/include/yolo_msgs/yolo_msgs/msg/rosidl_typesupport_introspection_c__visibility_control.h
[10.420s] -- Installing: /home/amrl-linux24-04/ros2_ben/install/yolo_msgs/lib/libyolo_msgs__rosidl_typesupport_introspection_c.so
[10.420s] -- Set non-toolchain portion of runtime path of "/home/amrl-linux24-04/ros2_ben/install/yolo_msgs/lib/libyolo_msgs__rosidl_typesupport_introspection_c.so" to ""
[10.420s] -- Installing: /home/amrl-linux24-04/ros2_ben/install/yolo_msgs/lib/libyolo_msgs__rosidl_typesupport_c.so
[10.420s] -- Set non-toolchain portion of runtime path of "/home/amrl-linux24-04/ros2_ben/install/yolo_msgs/lib/libyolo_msgs__rosidl_typesupport_c.so" to ""
[10.420s] -- Up-to-date: /home/amrl-linux24-04/ros2_ben/install/yolo_msgs/include/yolo_msgs/yolo_msgs
[10.420s] -- Up-to-date: /home/amrl-linux24-04/ros2_ben/install/yolo_msgs/include/yolo_msgs/yolo_msgs/srv
[10.421s] -- Up-to-date: /home/amrl-linux24-04/ros2_ben/install/yolo_msgs/include/yolo_msgs/yolo_msgs/srv/detail
[10.421s] -- Installing: /home/amrl-linux24-04/ros2_ben/install/yolo_msgs/include/yolo_msgs/yolo_msgs/srv/detail/set_classes__traits.hpp
[10.421s] -- Installing: /home/amrl-linux24-04/ros2_ben/install/yolo_msgs/include/yolo_msgs/yolo_msgs/srv/detail/set_classes__struct.hpp
[10.421s] -- Installing: /home/amrl-linux24-04/ros2_ben/install/yolo_msgs/include/yolo_msgs/yolo_msgs/srv/detail/set_classes__type_support.hpp
[10.421s] -- Installing: /home/amrl-linux24-04/ros2_ben/install/yolo_msgs/include/yolo_msgs/yolo_msgs/srv/detail/set_classes__builder.hpp
[10.421s] -- Installing: /home/amrl-linux24-04/ros2_ben/install/yolo_msgs/include/yolo_msgs/yolo_msgs/srv/set_classes.hpp
[10.421s] -- Up-to-date: /home/amrl-linux24-04/ros2_ben/install/yolo_msgs/include/yolo_msgs/yolo_msgs/msg
[10.421s] -- Up-to-date: /home/amrl-linux24-04/ros2_ben/install/yolo_msgs/include/yolo_msgs/yolo_msgs/msg/detail
[10.421s] -- Installing: /home/amrl-linux24-04/ros2_ben/install/yolo_msgs/include/yolo_msgs/yolo_msgs/msg/detail/key_point2_d_array__builder.hpp
[10.421s] -- Installing: /home/amrl-linux24-04/ros2_ben/install/yolo_msgs/include/yolo_msgs/yolo_msgs/msg/detail/pose2_d__builder.hpp
[10.421s] -- Installing: /home/amrl-linux24-04/ros2_ben/install/yolo_msgs/include/yolo_msgs/yolo_msgs/msg/detail/point2_d__type_support.hpp
[10.422s] -- Installing: /home/amrl-linux24-04/ros2_ben/install/yolo_msgs/include/yolo_msgs/yolo_msgs/msg/detail/detection_array__builder.hpp
[10.422s] -- Installing: /home/amrl-linux24-04/ros2_ben/install/yolo_msgs/include/yolo_msgs/yolo_msgs/msg/detail/mask__struct.hpp
[10.422s] -- Installing: /home/amrl-linux24-04/ros2_ben/install/yolo_msgs/include/yolo_msgs/yolo_msgs/msg/detail/key_point3_d__builder.hpp
[10.422s] -- Installing: /home/amrl-linux24-04/ros2_ben/install/yolo_msgs/include/yolo_msgs/yolo_msgs/msg/detail/key_point2_d_array__traits.hpp
[10.422s] -- Installing: /home/amrl-linux24-04/ros2_ben/install/yolo_msgs/include/yolo_msgs/yolo_msgs/msg/detail/bounding_box2_d__struct.hpp
[10.422s] -- Installing: /home/amrl-linux24-04/ros2_ben/install/yolo_msgs/include/yolo_msgs/yolo_msgs/msg/detail/bounding_box3_d__builder.hpp
[10.422s] -- Installing: /home/amrl-linux24-04/ros2_ben/install/yolo_msgs/include/yolo_msgs/yolo_msgs/msg/detail/key_point3_d__traits.hpp
[10.422s] -- Installing: /home/amrl-linux24-04/ros2_ben/install/yolo_msgs/include/yolo_msgs/yolo_msgs/msg/detail/mask__builder.hpp
[10.422s] -- Installing: /home/amrl-linux24-04/ros2_ben/install/yolo_msgs/include/yolo_msgs/yolo_msgs/msg/detail/detection__builder.hpp
[10.422s] -- Installing: /home/amrl-linux24-04/ros2_ben/install/yolo_msgs/include/yolo_msgs/yolo_msgs/msg/detail/detection_array__type_support.hpp
[10.422s] -- Installing: /home/amrl-linux24-04/ros2_ben/install/yolo_msgs/include/yolo_msgs/yolo_msgs/msg/detail/key_point2_d_array__struct.hpp
[10.423s] -- Installing: /home/amrl-linux24-04/ros2_ben/install/yolo_msgs/include/yolo_msgs/yolo_msgs/msg/detail/detection__traits.hpp
[10.423s] -- Installing: /home/amrl-linux24-04/ros2_ben/install/yolo_msgs/include/yolo_msgs/yolo_msgs/msg/detail/pose2_d__type_support.hpp
[10.423s] -- Installing: /home/amrl-linux24-04/ros2_ben/install/yolo_msgs/include/yolo_msgs/yolo_msgs/msg/detail/key_point3_d_array__traits.hpp
[10.423s] -- Installing: /home/amrl-linux24-04/ros2_ben/install/yolo_msgs/include/yolo_msgs/yolo_msgs/msg/detail/pose2_d__traits.hpp
[10.423s] -- Installing: /home/amrl-linux24-04/ros2_ben/install/yolo_msgs/include/yolo_msgs/yolo_msgs/msg/detail/key_point3_d__type_support.hpp
[10.423s] -- Installing: /home/amrl-linux24-04/ros2_ben/install/yolo_msgs/include/yolo_msgs/yolo_msgs/msg/detail/key_point2_d__struct.hpp
[10.423s] -- Installing: /home/amrl-linux24-04/ros2_ben/install/yolo_msgs/include/yolo_msgs/yolo_msgs/msg/detail/vector2__builder.hpp
[10.423s] -- Installing: /home/amrl-linux24-04/ros2_ben/install/yolo_msgs/include/yolo_msgs/yolo_msgs/msg/detail/vector2__traits.hpp
[10.423s] -- Installing: /home/amrl-linux24-04/ros2_ben/install/yolo_msgs/include/yolo_msgs/yolo_msgs/msg/detail/detection_array__traits.hpp
[10.424s] -- Installing: /home/amrl-linux24-04/ros2_ben/install/yolo_msgs/include/yolo_msgs/yolo_msgs/msg/detail/key_point2_d__traits.hpp
[10.424s] -- Installing: /home/amrl-linux24-04/ros2_ben/install/yolo_msgs/include/yolo_msgs/yolo_msgs/msg/detail/key_point3_d__struct.hpp
[10.424s] -- Installing: /home/amrl-linux24-04/ros2_ben/install/yolo_msgs/include/yolo_msgs/yolo_msgs/msg/detail/bounding_box2_d__traits.hpp
[10.424s] -- Installing: /home/amrl-linux24-04/ros2_ben/install/yolo_msgs/include/yolo_msgs/yolo_msgs/msg/detail/detection__struct.hpp
[10.424s] -- Installing: /home/amrl-linux24-04/ros2_ben/install/yolo_msgs/include/yolo_msgs/yolo_msgs/msg/detail/mask__traits.hpp
[10.424s] -- Installing: /home/amrl-linux24-04/ros2_ben/install/yolo_msgs/include/yolo_msgs/yolo_msgs/msg/detail/vector2__type_support.hpp
[10.424s] -- Installing: /home/amrl-linux24-04/ros2_ben/install/yolo_msgs/include/yolo_msgs/yolo_msgs/msg/detail/bounding_box3_d__type_support.hpp
[10.424s] -- Installing: /home/amrl-linux24-04/ros2_ben/install/yolo_msgs/include/yolo_msgs/yolo_msgs/msg/detail/vector2__struct.hpp
[10.424s] -- Installing: /home/amrl-linux24-04/ros2_ben/install/yolo_msgs/include/yolo_msgs/yolo_msgs/msg/detail/key_point3_d_array__type_support.hpp
[10.424s] -- Installing: /home/amrl-linux24-04/ros2_ben/install/yolo_msgs/include/yolo_msgs/yolo_msgs/msg/detail/point2_d__builder.hpp
[10.425s] -- Installing: /home/amrl-linux24-04/ros2_ben/install/yolo_msgs/include/yolo_msgs/yolo_msgs/msg/detail/pose2_d__struct.hpp
[10.425s] -- Installing: /home/amrl-linux24-04/ros2_ben/install/yolo_msgs/include/yolo_msgs/yolo_msgs/msg/detail/bounding_box3_d__traits.hpp
[10.425s] -- Installing: /home/amrl-linux24-04/ros2_ben/install/yolo_msgs/include/yolo_msgs/yolo_msgs/msg/detail/key_point3_d_array__builder.hpp
[10.425s] -- Installing: /home/amrl-linux24-04/ros2_ben/install/yolo_msgs/include/yolo_msgs/yolo_msgs/msg/detail/mask__type_support.hpp
[10.425s] -- Installing: /home/amrl-linux24-04/ros2_ben/install/yolo_msgs/include/yolo_msgs/yolo_msgs/msg/detail/point2_d__struct.hpp
[10.425s] -- Installing: /home/amrl-linux24-04/ros2_ben/install/yolo_msgs/include/yolo_msgs/yolo_msgs/msg/detail/detection_array__struct.hpp
[10.425s] -- Installing: /home/amrl-linux24-04/ros2_ben/install/yolo_msgs/include/yolo_msgs/yolo_msgs/msg/detail/bounding_box3_d__struct.hpp
[10.425s] -- Installing: /home/amrl-linux24-04/ros2_ben/install/yolo_msgs/include/yolo_msgs/yolo_msgs/msg/detail/bounding_box2_d__type_support.hpp
[10.425s] -- Installing: /home/amrl-linux24-04/ros2_ben/install/yolo_msgs/include/yolo_msgs/yolo_msgs/msg/detail/key_point3_d_array__struct.hpp
[10.425s] -- Installing: /home/amrl-linux24-04/ros2_ben/install/yolo_msgs/include/yolo_msgs/yolo_msgs/msg/detail/bounding_box2_d__builder.hpp
[10.426s] -- Installing: /home/amrl-linux24-04/ros2_ben/install/yolo_msgs/include/yolo_msgs/yolo_msgs/msg/detail/key_point2_d__builder.hpp
[10.426s] -- Installing: /home/amrl-linux24-04/ros2_ben/install/yolo_msgs/include/yolo_msgs/yolo_msgs/msg/detail/key_point2_d_array__type_support.hpp
[10.426s] -- Installing: /home/amrl-linux24-04/ros2_ben/install/yolo_msgs/include/yolo_msgs/yolo_msgs/msg/detail/key_point2_d__type_support.hpp
[10.426s] -- Installing: /home/amrl-linux24-04/ros2_ben/install/yolo_msgs/include/yolo_msgs/yolo_msgs/msg/detail/detection__type_support.hpp
[10.426s] -- Installing: /home/amrl-linux24-04/ros2_ben/install/yolo_msgs/include/yolo_msgs/yolo_msgs/msg/detail/point2_d__traits.hpp
[10.426s] -- Installing: /home/amrl-linux24-04/ros2_ben/install/yolo_msgs/include/yolo_msgs/yolo_msgs/msg/key_point3_d_array.hpp
[10.426s] -- Installing: /home/amrl-linux24-04/ros2_ben/install/yolo_msgs/include/yolo_msgs/yolo_msgs/msg/detection_array.hpp
[10.426s] -- Installing: /home/amrl-linux24-04/ros2_ben/install/yolo_msgs/include/yolo_msgs/yolo_msgs/msg/key_point2_d_array.hpp
[10.426s] -- Installing: /home/amrl-linux24-04/ros2_ben/install/yolo_msgs/include/yolo_msgs/yolo_msgs/msg/pose2_d.hpp
[10.426s] -- Installing: /home/amrl-linux24-04/ros2_ben/install/yolo_msgs/include/yolo_msgs/yolo_msgs/msg/bounding_box3_d.hpp
[10.427s] -- Installing: /home/amrl-linux24-04/ros2_ben/install/yolo_msgs/include/yolo_msgs/yolo_msgs/msg/mask.hpp
[10.427s] -- Installing: /home/amrl-linux24-04/ros2_ben/install/yolo_msgs/include/yolo_msgs/yolo_msgs/msg/key_point3_d.hpp
[10.427s] -- Installing: /home/amrl-linux24-04/ros2_ben/install/yolo_msgs/include/yolo_msgs/yolo_msgs/msg/key_point2_d.hpp
[10.427s] -- Installing: /home/amrl-linux24-04/ros2_ben/install/yolo_msgs/include/yolo_msgs/yolo_msgs/msg/rosidl_generator_cpp__visibility_control.hpp
[10.427s] -- Installing: /home/amrl-linux24-04/ros2_ben/install/yolo_msgs/include/yolo_msgs/yolo_msgs/msg/point2_d.hpp
[10.427s] -- Installing: /home/amrl-linux24-04/ros2_ben/install/yolo_msgs/include/yolo_msgs/yolo_msgs/msg/detection.hpp
[10.427s] -- Installing: /home/amrl-linux24-04/ros2_ben/install/yolo_msgs/include/yolo_msgs/yolo_msgs/msg/bounding_box2_d.hpp
[10.427s] -- Installing: /home/amrl-linux24-04/ros2_ben/install/yolo_msgs/include/yolo_msgs/yolo_msgs/msg/vector2.hpp
[10.427s] -- Up-to-date: /home/amrl-linux24-04/ros2_ben/install/yolo_msgs/include/yolo_msgs/yolo_msgs
[10.427s] -- Up-to-date: /home/amrl-linux24-04/ros2_ben/install/yolo_msgs/include/yolo_msgs/yolo_msgs/srv
[10.428s] -- Up-to-date: /home/amrl-linux24-04/ros2_ben/install/yolo_msgs/include/yolo_msgs/yolo_msgs/srv/detail
[10.428s] -- Installing: /home/amrl-linux24-04/ros2_ben/install/yolo_msgs/include/yolo_msgs/yolo_msgs/srv/detail/dds_fastrtps
[10.428s] -- Installing: /home/amrl-linux24-04/ros2_ben/install/yolo_msgs/include/yolo_msgs/yolo_msgs/srv/detail/set_classes__rosidl_typesupport_fastrtps_cpp.hpp
[10.428s] -- Up-to-date: /home/amrl-linux24-04/ros2_ben/install/yolo_msgs/include/yolo_msgs/yolo_msgs/msg
[10.428s] -- Up-to-date: /home/amrl-linux24-04/ros2_ben/install/yolo_msgs/include/yolo_msgs/yolo_msgs/msg/detail
[10.428s] -- Installing: /home/amrl-linux24-04/ros2_ben/install/yolo_msgs/include/yolo_msgs/yolo_msgs/msg/detail/key_point3_d_array__rosidl_typesupport_fastrtps_cpp.hpp
[10.428s] -- Installing: /home/amrl-linux24-04/ros2_ben/install/yolo_msgs/include/yolo_msgs/yolo_msgs/msg/detail/dds_fastrtps
[10.428s] -- Installing: /home/amrl-linux24-04/ros2_ben/install/yolo_msgs/include/yolo_msgs/yolo_msgs/msg/detail/key_point2_d_array__rosidl_typesupport_fastrtps_cpp.hpp
[10.428s] -- Installing: /home/amrl-linux24-04/ros2_ben/install/yolo_msgs/include/yolo_msgs/yolo_msgs/msg/detail/vector2__rosidl_typesupport_fastrtps_cpp.hpp
[10.428s] -- Installing: /home/amrl-linux24-04/ros2_ben/install/yolo_msgs/include/yolo_msgs/yolo_msgs/msg/detail/detection_array__rosidl_typesupport_fastrtps_cpp.hpp
[10.428s] -- Installing: /home/amrl-linux24-04/ros2_ben/install/yolo_msgs/include/yolo_msgs/yolo_msgs/msg/detail/pose2_d__rosidl_typesupport_fastrtps_cpp.hpp
[10.429s] -- Installing: /home/amrl-linux24-04/ros2_ben/install/yolo_msgs/include/yolo_msgs/yolo_msgs/msg/detail/bounding_box3_d__rosidl_typesupport_fastrtps_cpp.hpp
[10.429s] -- Installing: /home/amrl-linux24-04/ros2_ben/install/yolo_msgs/include/yolo_msgs/yolo_msgs/msg/detail/detection__rosidl_typesupport_fastrtps_cpp.hpp
[10.429s] -- Installing: /home/amrl-linux24-04/ros2_ben/install/yolo_msgs/include/yolo_msgs/yolo_msgs/msg/detail/key_point2_d__rosidl_typesupport_fastrtps_cpp.hpp
[10.429s] -- Installing: /home/amrl-linux24-04/ros2_ben/install/yolo_msgs/include/yolo_msgs/yolo_msgs/msg/detail/mask__rosidl_typesupport_fastrtps_cpp.hpp
[10.429s] -- Installing: /home/amrl-linux24-04/ros2_ben/install/yolo_msgs/include/yolo_msgs/yolo_msgs/msg/detail/bounding_box2_d__rosidl_typesupport_fastrtps_cpp.hpp
[10.429s] -- Installing: /home/amrl-linux24-04/ros2_ben/install/yolo_msgs/include/yolo_msgs/yolo_msgs/msg/detail/key_point3_d__rosidl_typesupport_fastrtps_cpp.hpp
[10.429s] -- Installing: /home/amrl-linux24-04/ros2_ben/install/yolo_msgs/include/yolo_msgs/yolo_msgs/msg/detail/point2_d__rosidl_typesupport_fastrtps_cpp.hpp
[10.429s] -- Installing: /home/amrl-linux24-04/ros2_ben/install/yolo_msgs/include/yolo_msgs/yolo_msgs/msg/rosidl_typesupport_fastrtps_cpp__visibility_control.h
[10.429s] -- Installing: /home/amrl-linux24-04/ros2_ben/install/yolo_msgs/lib/libyolo_msgs__rosidl_typesupport_fastrtps_cpp.so
[10.429s] -- Set non-toolchain portion of runtime path of "/home/amrl-linux24-04/ros2_ben/install/yolo_msgs/lib/libyolo_msgs__rosidl_typesupport_fastrtps_cpp.so" to ""
[10.429s] -- Up-to-date: /home/amrl-linux24-04/ros2_ben/install/yolo_msgs/include/yolo_msgs/yolo_msgs
[10.430s] -- Up-to-date: /home/amrl-linux24-04/ros2_ben/install/yolo_msgs/include/yolo_msgs/yolo_msgs/srv
[10.430s] -- Up-to-date: /home/amrl-linux24-04/ros2_ben/install/yolo_msgs/include/yolo_msgs/yolo_msgs/srv/detail
[10.430s] -- Installing: /home/amrl-linux24-04/ros2_ben/install/yolo_msgs/include/yolo_msgs/yolo_msgs/srv/detail/set_classes__rosidl_typesupport_introspection_cpp.hpp
[10.430s] -- Installing: /home/amrl-linux24-04/ros2_ben/install/yolo_msgs/include/yolo_msgs/yolo_msgs/srv/detail/set_classes__type_support.cpp
[10.430s] -- Up-to-date: /home/amrl-linux24-04/ros2_ben/install/yolo_msgs/include/yolo_msgs/yolo_msgs/msg
[10.430s] -- Up-to-date: /home/amrl-linux24-04/ros2_ben/install/yolo_msgs/include/yolo_msgs/yolo_msgs/msg/detail
[10.430s] -- Installing: /home/amrl-linux24-04/ros2_ben/install/yolo_msgs/include/yolo_msgs/yolo_msgs/msg/detail/detection__type_support.cpp
[10.430s] -- Installing: /home/amrl-linux24-04/ros2_ben/install/yolo_msgs/include/yolo_msgs/yolo_msgs/msg/detail/detection_array__rosidl_typesupport_introspection_cpp.hpp
[10.430s] -- Installing: /home/amrl-linux24-04/ros2_ben/install/yolo_msgs/include/yolo_msgs/yolo_msgs/msg/detail/key_point2_d_array__rosidl_typesupport_introspection_cpp.hpp
[10.430s] -- Installing: /home/amrl-linux24-04/ros2_ben/install/yolo_msgs/include/yolo_msgs/yolo_msgs/msg/detail/detection_array__type_support.cpp
[10.430s] -- Installing: /home/amrl-linux24-04/ros2_ben/install/yolo_msgs/include/yolo_msgs/yolo_msgs/msg/detail/key_point2_d__rosidl_typesupport_introspection_cpp.hpp
[10.431s] -- Installing: /home/amrl-linux24-04/ros2_ben/install/yolo_msgs/include/yolo_msgs/yolo_msgs/msg/detail/bounding_box3_d__rosidl_typesupport_introspection_cpp.hpp
[10.431s] -- Installing: /home/amrl-linux24-04/ros2_ben/install/yolo_msgs/include/yolo_msgs/yolo_msgs/msg/detail/vector2__type_support.cpp
[10.431s] -- Installing: /home/amrl-linux24-04/ros2_ben/install/yolo_msgs/include/yolo_msgs/yolo_msgs/msg/detail/key_point3_d_array__type_support.cpp
[10.431s] -- Installing: /home/amrl-linux24-04/ros2_ben/install/yolo_msgs/include/yolo_msgs/yolo_msgs/msg/detail/mask__type_support.cpp
[10.431s] -- Installing: /home/amrl-linux24-04/ros2_ben/install/yolo_msgs/include/yolo_msgs/yolo_msgs/msg/detail/key_point3_d__type_support.cpp
[10.431s] -- Installing: /home/amrl-linux24-04/ros2_ben/install/yolo_msgs/include/yolo_msgs/yolo_msgs/msg/detail/point2_d__type_support.cpp
[10.431s] -- Installing: /home/amrl-linux24-04/ros2_ben/install/yolo_msgs/include/yolo_msgs/yolo_msgs/msg/detail/pose2_d__rosidl_typesupport_introspection_cpp.hpp
[10.431s] -- Installing: /home/amrl-linux24-04/ros2_ben/install/yolo_msgs/include/yolo_msgs/yolo_msgs/msg/detail/key_point2_d__type_support.cpp
[10.431s] -- Installing: /home/amrl-linux24-04/ros2_ben/install/yolo_msgs/include/yolo_msgs/yolo_msgs/msg/detail/bounding_box2_d__rosidl_typesupport_introspection_cpp.hpp
[10.431s] -- Installing: /home/amrl-linux24-04/ros2_ben/install/yolo_msgs/include/yolo_msgs/yolo_msgs/msg/detail/vector2__rosidl_typesupport_introspection_cpp.hpp
[10.431s] -- Installing: /home/amrl-linux24-04/ros2_ben/install/yolo_msgs/include/yolo_msgs/yolo_msgs/msg/detail/bounding_box3_d__type_support.cpp
[10.432s] -- Installing: /home/amrl-linux24-04/ros2_ben/install/yolo_msgs/include/yolo_msgs/yolo_msgs/msg/detail/pose2_d__type_support.cpp
[10.432s] -- Installing: /home/amrl-linux24-04/ros2_ben/install/yolo_msgs/include/yolo_msgs/yolo_msgs/msg/detail/key_point3_d__rosidl_typesupport_introspection_cpp.hpp
[10.432s] -- Installing: /home/amrl-linux24-04/ros2_ben/install/yolo_msgs/include/yolo_msgs/yolo_msgs/msg/detail/bounding_box2_d__type_support.cpp
[10.432s] -- Installing: /home/amrl-linux24-04/ros2_ben/install/yolo_msgs/include/yolo_msgs/yolo_msgs/msg/detail/key_point2_d_array__type_support.cpp
[10.432s] -- Installing: /home/amrl-linux24-04/ros2_ben/install/yolo_msgs/include/yolo_msgs/yolo_msgs/msg/detail/point2_d__rosidl_typesupport_introspection_cpp.hpp
[10.432s] -- Installing: /home/amrl-linux24-04/ros2_ben/install/yolo_msgs/include/yolo_msgs/yolo_msgs/msg/detail/key_point3_d_array__rosidl_typesupport_introspection_cpp.hpp
[10.432s] -- Installing: /home/amrl-linux24-04/ros2_ben/install/yolo_msgs/include/yolo_msgs/yolo_msgs/msg/detail/mask__rosidl_typesupport_introspection_cpp.hpp
[10.432s] -- Installing: /home/amrl-linux24-04/ros2_ben/install/yolo_msgs/include/yolo_msgs/yolo_msgs/msg/detail/detection__rosidl_typesupport_introspection_cpp.hpp
[10.432s] -- Installing: /home/amrl-linux24-04/ros2_ben/install/yolo_msgs/lib/libyolo_msgs__rosidl_typesupport_introspection_cpp.so
[10.432s] -- Set non-toolchain portion of runtime path of "/home/amrl-linux24-04/ros2_ben/install/yolo_msgs/lib/libyolo_msgs__rosidl_typesupport_introspection_cpp.so" to ""
[10.432s] -- Installing: /home/amrl-linux24-04/ros2_ben/install/yolo_msgs/lib/libyolo_msgs__rosidl_typesupport_cpp.so
[10.433s] -- Set non-toolchain portion of runtime path of "/home/amrl-linux24-04/ros2_ben/install/yolo_msgs/lib/libyolo_msgs__rosidl_typesupport_cpp.so" to ""
[10.433s] -- Installing: /home/amrl-linux24-04/ros2_ben/install/yolo_msgs/share/yolo_msgs/environment/pythonpath.sh
[10.433s] -- Installing: /home/amrl-linux24-04/ros2_ben/install/yolo_msgs/share/yolo_msgs/environment/pythonpath.dsv
[10.433s] -- Installing: /home/amrl-linux24-04/ros2_ben/install/yolo_msgs/lib/python3.12/site-packages/yolo_msgs-4.3.1-py3.12.egg-info
[10.433s] -- Installing: /home/amrl-linux24-04/ros2_ben/install/yolo_msgs/lib/python3.12/site-packages/yolo_msgs-4.3.1-py3.12.egg-info/top_level.txt
[10.433s] -- Installing: /home/amrl-linux24-04/ros2_ben/install/yolo_msgs/lib/python3.12/site-packages/yolo_msgs-4.3.1-py3.12.egg-info/dependency_links.txt
[10.433s] -- Installing: /home/amrl-linux24-04/ros2_ben/install/yolo_msgs/lib/python3.12/site-packages/yolo_msgs-4.3.1-py3.12.egg-info/PKG-INFO
[10.433s] -- Installing: /home/amrl-linux24-04/ros2_ben/install/yolo_msgs/lib/python3.12/site-packages/yolo_msgs-4.3.1-py3.12.egg-info/SOURCES.txt
[10.433s] -- Installing: /home/amrl-linux24-04/ros2_ben/install/yolo_msgs/lib/python3.12/site-packages/yolo_msgs
[10.433s] -- Installing: /home/amrl-linux24-04/ros2_ben/install/yolo_msgs/lib/python3.12/site-packages/yolo_msgs/_yolo_msgs_s.ep.rosidl_typesupport_fastrtps_c.c
[10.433s] -- Installing: /home/amrl-linux24-04/ros2_ben/install/yolo_msgs/lib/python3.12/site-packages/yolo_msgs/yolo_msgs_s__rosidl_typesupport_introspection_c.so
[10.434s] -- Installing: /home/amrl-linux24-04/ros2_ben/install/yolo_msgs/lib/python3.12/site-packages/yolo_msgs/srv
[10.434s] -- Installing: /home/amrl-linux24-04/ros2_ben/install/yolo_msgs/lib/python3.12/site-packages/yolo_msgs/srv/__init__.py
[10.434s] -- Installing: /home/amrl-linux24-04/ros2_ben/install/yolo_msgs/lib/python3.12/site-packages/yolo_msgs/srv/_set_classes.py
[10.434s] -- Installing: /home/amrl-linux24-04/ros2_ben/install/yolo_msgs/lib/python3.12/site-packages/yolo_msgs/srv/_set_classes_s.c
[10.434s] -- Installing: /home/amrl-linux24-04/ros2_ben/install/yolo_msgs/lib/python3.12/site-packages/yolo_msgs/__init__.py
[10.434s] -- Installing: /home/amrl-linux24-04/ros2_ben/install/yolo_msgs/lib/python3.12/site-packages/yolo_msgs/yolo_msgs_s__rosidl_typesupport_c.so
[10.434s] -- Installing: /home/amrl-linux24-04/ros2_ben/install/yolo_msgs/lib/python3.12/site-packages/yolo_msgs/_yolo_msgs_s.ep.rosidl_typesupport_c.c
[10.434s] -- Installing: /home/amrl-linux24-04/ros2_ben/install/yolo_msgs/lib/python3.12/site-packages/yolo_msgs/msg
[10.434s] -- Installing: /home/amrl-linux24-04/ros2_ben/install/yolo_msgs/lib/python3.12/site-packages/yolo_msgs/msg/_key_point3_d_array.py
[10.434s] -- Installing: /home/amrl-linux24-04/ros2_ben/install/yolo_msgs/lib/python3.12/site-packages/yolo_msgs/msg/_key_point3_d_s.c
[10.435s] -- Installing: /home/amrl-linux24-04/ros2_ben/install/yolo_msgs/lib/python3.12/site-packages/yolo_msgs/msg/_mask_s.c
[10.435s] -- Installing: /home/amrl-linux24-04/ros2_ben/install/yolo_msgs/lib/python3.12/site-packages/yolo_msgs/msg/_bounding_box3_d_s.c
[10.435s] -- Installing: /home/amrl-linux24-04/ros2_ben/install/yolo_msgs/lib/python3.12/site-packages/yolo_msgs/msg/_key_point2_d_s.c
[10.435s] -- Installing: /home/amrl-linux24-04/ros2_ben/install/yolo_msgs/lib/python3.12/site-packages/yolo_msgs/msg/__init__.py
[10.435s] -- Installing: /home/amrl-linux24-04/ros2_ben/install/yolo_msgs/lib/python3.12/site-packages/yolo_msgs/msg/_pose2_d.py
[10.435s] -- Installing: /home/amrl-linux24-04/ros2_ben/install/yolo_msgs/lib/python3.12/site-packages/yolo_msgs/msg/_key_point3_d_array_s.c
[10.435s] -- Installing: /home/amrl-linux24-04/ros2_ben/install/yolo_msgs/lib/python3.12/site-packages/yolo_msgs/msg/_key_point2_d_array.py
[10.435s] -- Installing: /home/amrl-linux24-04/ros2_ben/install/yolo_msgs/lib/python3.12/site-packages/yolo_msgs/msg/_vector2.py
[10.435s] -- Installing: /home/amrl-linux24-04/ros2_ben/install/yolo_msgs/lib/python3.12/site-packages/yolo_msgs/msg/_detection_s.c
[10.435s] -- Installing: /home/amrl-linux24-04/ros2_ben/install/yolo_msgs/lib/python3.12/site-packages/yolo_msgs/msg/_bounding_box2_d.py
[10.435s] -- Installing: /home/amrl-linux24-04/ros2_ben/install/yolo_msgs/lib/python3.12/site-packages/yolo_msgs/msg/_bounding_box2_d_s.c
[10.435s] -- Installing: /home/amrl-linux24-04/ros2_ben/install/yolo_msgs/lib/python3.12/site-packages/yolo_msgs/msg/_key_point2_d.py
[10.436s] -- Installing: /home/amrl-linux24-04/ros2_ben/install/yolo_msgs/lib/python3.12/site-packages/yolo_msgs/msg/_key_point3_d.py
[10.436s] -- Installing: /home/amrl-linux24-04/ros2_ben/install/yolo_msgs/lib/python3.12/site-packages/yolo_msgs/msg/_detection_array_s.c
[10.436s] -- Installing: /home/amrl-linux24-04/ros2_ben/install/yolo_msgs/lib/python3.12/site-packages/yolo_msgs/msg/_point2_d_s.c
[10.436s] -- Installing: /home/amrl-linux24-04/ros2_ben/install/yolo_msgs/lib/python3.12/site-packages/yolo_msgs/msg/_detection_array.py
[10.436s] -- Installing: /home/amrl-linux24-04/ros2_ben/install/yolo_msgs/lib/python3.12/site-packages/yolo_msgs/msg/_detection.py
[10.436s] -- Installing: /home/amrl-linux24-04/ros2_ben/install/yolo_msgs/lib/python3.12/site-packages/yolo_msgs/msg/_mask.py
[10.436s] -- Installing: /home/amrl-linux24-04/ros2_ben/install/yolo_msgs/lib/python3.12/site-packages/yolo_msgs/msg/_pose2_d_s.c
[10.436s] -- Installing: /home/amrl-linux24-04/ros2_ben/install/yolo_msgs/lib/python3.12/site-packages/yolo_msgs/msg/_key_point2_d_array_s.c
[10.436s] -- Installing: /home/amrl-linux24-04/ros2_ben/install/yolo_msgs/lib/python3.12/site-packages/yolo_msgs/msg/_bounding_box3_d.py
[10.436s] -- Installing: /home/amrl-linux24-04/ros2_ben/install/yolo_msgs/lib/python3.12/site-packages/yolo_msgs/msg/_point2_d.py
[10.436s] -- Installing: /home/amrl-linux24-04/ros2_ben/install/yolo_msgs/lib/python3.12/site-packages/yolo_msgs/msg/_vector2_s.c
[10.437s] -- Installing: /home/amrl-linux24-04/ros2_ben/install/yolo_msgs/lib/python3.12/site-packages/yolo_msgs/yolo_msgs_s__rosidl_typesupport_fastrtps_c.so
[10.437s] -- Installing: /home/amrl-linux24-04/ros2_ben/install/yolo_msgs/lib/python3.12/site-packages/yolo_msgs/_yolo_msgs_s.ep.rosidl_typesupport_introspection_c.c
[10.489s] Listing '/home/amrl-linux24-04/ros2_ben/install/yolo_msgs/lib/python3.12/site-packages/yolo_msgs'...
[10.490s] Compiling '/home/amrl-linux24-04/ros2_ben/install/yolo_msgs/lib/python3.12/site-packages/yolo_msgs/__init__.py'...
[10.490s] Listing '/home/amrl-linux24-04/ros2_ben/install/yolo_msgs/lib/python3.12/site-packages/yolo_msgs/msg'...
[10.490s] Compiling '/home/amrl-linux24-04/ros2_ben/install/yolo_msgs/lib/python3.12/site-packages/yolo_msgs/msg/__init__.py'...
[10.490s] Compiling '/home/amrl-linux24-04/ros2_ben/install/yolo_msgs/lib/python3.12/site-packages/yolo_msgs/msg/_bounding_box2_d.py'...
[10.490s] Compiling '/home/amrl-linux24-04/ros2_ben/install/yolo_msgs/lib/python3.12/site-packages/yolo_msgs/msg/_bounding_box3_d.py'...
[10.490s] Compiling '/home/amrl-linux24-04/ros2_ben/install/yolo_msgs/lib/python3.12/site-packages/yolo_msgs/msg/_detection.py'...
[10.490s] Compiling '/home/amrl-linux24-04/ros2_ben/install/yolo_msgs/lib/python3.12/site-packages/yolo_msgs/msg/_detection_array.py'...
[10.490s] Compiling '/home/amrl-linux24-04/ros2_ben/install/yolo_msgs/lib/python3.12/site-packages/yolo_msgs/msg/_key_point2_d.py'...
[10.490s] Compiling '/home/amrl-linux24-04/ros2_ben/install/yolo_msgs/lib/python3.12/site-packages/yolo_msgs/msg/_key_point2_d_array.py'...
[10.490s] Compiling '/home/amrl-linux24-04/ros2_ben/install/yolo_msgs/lib/python3.12/site-packages/yolo_msgs/msg/_key_point3_d.py'...
[10.490s] Compiling '/home/amrl-linux24-04/ros2_ben/install/yolo_msgs/lib/python3.12/site-packages/yolo_msgs/msg/_key_point3_d_array.py'...
[10.491s] Compiling '/home/amrl-linux24-04/ros2_ben/install/yolo_msgs/lib/python3.12/site-packages/yolo_msgs/msg/_mask.py'...
[10.491s] Compiling '/home/amrl-linux24-04/ros2_ben/install/yolo_msgs/lib/python3.12/site-packages/yolo_msgs/msg/_point2_d.py'...
[10.491s] Compiling '/home/amrl-linux24-04/ros2_ben/install/yolo_msgs/lib/python3.12/site-packages/yolo_msgs/msg/_pose2_d.py'...
[10.491s] Compiling '/home/amrl-linux24-04/ros2_ben/install/yolo_msgs/lib/python3.12/site-packages/yolo_msgs/msg/_vector2.py'...
[10.491s] Listing '/home/amrl-linux24-04/ros2_ben/install/yolo_msgs/lib/python3.12/site-packages/yolo_msgs/srv'...
[10.491s] Compiling '/home/amrl-linux24-04/ros2_ben/install/yolo_msgs/lib/python3.12/site-packages/yolo_msgs/srv/__init__.py'...
[10.491s] Compiling '/home/amrl-linux24-04/ros2_ben/install/yolo_msgs/lib/python3.12/site-packages/yolo_msgs/srv/_set_classes.py'...
[10.496s] -- Installing: /home/amrl-linux24-04/ros2_ben/install/yolo_msgs/lib/python3.12/site-packages/yolo_msgs/yolo_msgs_s__rosidl_typesupport_fastrtps_c.so
[10.496s] -- Set non-toolchain portion of runtime path of "/home/amrl-linux24-04/ros2_ben/install/yolo_msgs/lib/python3.12/site-packages/yolo_msgs/yolo_msgs_s__rosidl_typesupport_fastrtps_c.so" to ""
[10.497s] -- Installing: /home/amrl-linux24-04/ros2_ben/install/yolo_msgs/lib/python3.12/site-packages/yolo_msgs/yolo_msgs_s__rosidl_typesupport_introspection_c.so
[10.497s] -- Set non-toolchain portion of runtime path of "/home/amrl-linux24-04/ros2_ben/install/yolo_msgs/lib/python3.12/site-packages/yolo_msgs/yolo_msgs_s__rosidl_typesupport_introspection_c.so" to ""
[10.497s] -- Installing: /home/amrl-linux24-04/ros2_ben/install/yolo_msgs/lib/python3.12/site-packages/yolo_msgs/yolo_msgs_s__rosidl_typesupport_c.so
[10.498s] -- Set non-toolchain portion of runtime path of "/home/amrl-linux24-04/ros2_ben/install/yolo_msgs/lib/python3.12/site-packages/yolo_msgs/yolo_msgs_s__rosidl_typesupport_c.so" to ""
[10.498s] -- Installing: /home/amrl-linux24-04/ros2_ben/install/yolo_msgs/lib/libyolo_msgs__rosidl_generator_py.so
[10.498s] -- Set non-toolchain portion of runtime path of "/home/amrl-linux24-04/ros2_ben/install/yolo_msgs/lib/libyolo_msgs__rosidl_generator_py.so" to ""
[10.499s] -- Installing: /home/amrl-linux24-04/ros2_ben/install/yolo_msgs/share/yolo_msgs/msg/Point2D.idl
[10.499s] -- Installing: /home/amrl-linux24-04/ros2_ben/install/yolo_msgs/share/yolo_msgs/msg/Vector2.idl
[10.499s] -- Installing: /home/amrl-linux24-04/ros2_ben/install/yolo_msgs/share/yolo_msgs/msg/Pose2D.idl
[10.499s] -- Installing: /home/amrl-linux24-04/ros2_ben/install/yolo_msgs/share/yolo_msgs/msg/BoundingBox2D.idl
[10.499s] -- Installing: /home/amrl-linux24-04/ros2_ben/install/yolo_msgs/share/yolo_msgs/msg/BoundingBox3D.idl
[10.499s] -- Installing: /home/amrl-linux24-04/ros2_ben/install/yolo_msgs/share/yolo_msgs/msg/Mask.idl
[10.499s] -- Installing: /home/amrl-linux24-04/ros2_ben/install/yolo_msgs/share/yolo_msgs/msg/KeyPoint2D.idl
[10.500s] -- Installing: /home/amrl-linux24-04/ros2_ben/install/yolo_msgs/share/yolo_msgs/msg/KeyPoint2DArray.idl
[10.500s] -- Installing: /home/amrl-linux24-04/ros2_ben/install/yolo_msgs/share/yolo_msgs/msg/KeyPoint3D.idl
[10.500s] -- Installing: /home/amrl-linux24-04/ros2_ben/install/yolo_msgs/share/yolo_msgs/msg/KeyPoint3DArray.idl
[10.500s] -- Installing: /home/amrl-linux24-04/ros2_ben/install/yolo_msgs/share/yolo_msgs/msg/Detection.idl
[10.500s] -- Installing: /home/amrl-linux24-04/ros2_ben/install/yolo_msgs/share/yolo_msgs/msg/DetectionArray.idl
[10.501s] -- Installing: /home/amrl-linux24-04/ros2_ben/install/yolo_msgs/share/yolo_msgs/srv/SetClasses.idl
[10.501s] -- Installing: /home/amrl-linux24-04/ros2_ben/install/yolo_msgs/share/yolo_msgs/msg/Point2D.msg
[10.501s] -- Installing: /home/amrl-linux24-04/ros2_ben/install/yolo_msgs/share/yolo_msgs/msg/Vector2.msg
[10.501s] -- Installing: /home/amrl-linux24-04/ros2_ben/install/yolo_msgs/share/yolo_msgs/msg/Pose2D.msg
[10.501s] -- Installing: /home/amrl-linux24-04/ros2_ben/install/yolo_msgs/share/yolo_msgs/msg/BoundingBox2D.msg
[10.501s] -- Installing: /home/amrl-linux24-04/ros2_ben/install/yolo_msgs/share/yolo_msgs/msg/BoundingBox3D.msg
[10.502s] -- Installing: /home/amrl-linux24-04/ros2_ben/install/yolo_msgs/share/yolo_msgs/msg/Mask.msg
[10.502s] -- Installing: /home/amrl-linux24-04/ros2_ben/install/yolo_msgs/share/yolo_msgs/msg/KeyPoint2D.msg
[10.502s] -- Installing: /home/amrl-linux24-04/ros2_ben/install/yolo_msgs/share/yolo_msgs/msg/KeyPoint2DArray.msg
[10.502s] -- Installing: /home/amrl-linux24-04/ros2_ben/install/yolo_msgs/share/yolo_msgs/msg/KeyPoint3D.msg
[10.502s] -- Installing: /home/amrl-linux24-04/ros2_ben/install/yolo_msgs/share/yolo_msgs/msg/KeyPoint3DArray.msg
[10.502s] -- Installing: /home/amrl-linux24-04/ros2_ben/install/yolo_msgs/share/yolo_msgs/msg/Detection.msg
[10.503s] -- Installing: /home/amrl-linux24-04/ros2_ben/install/yolo_msgs/share/yolo_msgs/msg/DetectionArray.msg
[10.503s] -- Installing: /home/amrl-linux24-04/ros2_ben/install/yolo_msgs/share/yolo_msgs/srv/SetClasses.srv
[10.503s] -- Installing: /home/amrl-linux24-04/ros2_ben/install/yolo_msgs/share/ament_index/resource_index/package_run_dependencies/yolo_msgs
[10.503s] -- Installing: /home/amrl-linux24-04/ros2_ben/install/yolo_msgs/share/ament_index/resource_index/parent_prefix_path/yolo_msgs
[10.503s] -- Installing: /home/amrl-linux24-04/ros2_ben/install/yolo_msgs/share/yolo_msgs/environment/ament_prefix_path.sh
[10.504s] -- Installing: /home/amrl-linux24-04/ros2_ben/install/yolo_msgs/share/yolo_msgs/environment/ament_prefix_path.dsv
[10.504s] -- Installing: /home/amrl-linux24-04/ros2_ben/install/yolo_msgs/share/yolo_msgs/environment/path.sh
[10.504s] -- Installing: /home/amrl-linux24-04/ros2_ben/install/yolo_msgs/share/yolo_msgs/environment/path.dsv
[10.504s] -- Installing: /home/amrl-linux24-04/ros2_ben/install/yolo_msgs/share/yolo_msgs/local_setup.bash
[10.504s] -- Installing: /home/amrl-linux24-04/ros2_ben/install/yolo_msgs/share/yolo_msgs/local_setup.sh
[10.504s] -- Installing: /home/amrl-linux24-04/ros2_ben/install/yolo_msgs/share/yolo_msgs/local_setup.zsh
[10.505s] -- Installing: /home/amrl-linux24-04/ros2_ben/install/yolo_msgs/share/yolo_msgs/local_setup.dsv
[10.505s] -- Installing: /home/amrl-linux24-04/ros2_ben/install/yolo_msgs/share/yolo_msgs/package.dsv
[10.505s] -- Installing: /home/amrl-linux24-04/ros2_ben/install/yolo_msgs/share/ament_index/resource_index/packages/yolo_msgs
[10.505s] -- Installing: /home/amrl-linux24-04/ros2_ben/install/yolo_msgs/share/yolo_msgs/cmake/export_yolo_msgs__rosidl_generator_cExport.cmake
[10.505s] -- Installing: /home/amrl-linux24-04/ros2_ben/install/yolo_msgs/share/yolo_msgs/cmake/export_yolo_msgs__rosidl_generator_cExport-noconfig.cmake
[10.506s] -- Installing: /home/amrl-linux24-04/ros2_ben/install/yolo_msgs/share/yolo_msgs/cmake/export_yolo_msgs__rosidl_typesupport_fastrtps_cExport.cmake
[10.506s] -- Installing: /home/amrl-linux24-04/ros2_ben/install/yolo_msgs/share/yolo_msgs/cmake/export_yolo_msgs__rosidl_typesupport_fastrtps_cExport-noconfig.cmake
[10.506s] -- Installing: /home/amrl-linux24-04/ros2_ben/install/yolo_msgs/share/yolo_msgs/cmake/yolo_msgs__rosidl_typesupport_introspection_cExport.cmake
[10.506s] -- Installing: /home/amrl-linux24-04/ros2_ben/install/yolo_msgs/share/yolo_msgs/cmake/yolo_msgs__rosidl_typesupport_introspection_cExport-noconfig.cmake
[10.506s] -- Installing: /home/amrl-linux24-04/ros2_ben/install/yolo_msgs/share/yolo_msgs/cmake/yolo_msgs__rosidl_typesupport_cExport.cmake
[10.507s] -- Installing: /home/amrl-linux24-04/ros2_ben/install/yolo_msgs/share/yolo_msgs/cmake/yolo_msgs__rosidl_typesupport_cExport-noconfig.cmake
[10.507s] -- Installing: /home/amrl-linux24-04/ros2_ben/install/yolo_msgs/share/yolo_msgs/cmake/export_yolo_msgs__rosidl_generator_cppExport.cmake
[10.507s] -- Installing: /home/amrl-linux24-04/ros2_ben/install/yolo_msgs/share/yolo_msgs/cmake/export_yolo_msgs__rosidl_typesupport_fastrtps_cppExport.cmake
[10.507s] -- Installing: /home/amrl-linux24-04/ros2_ben/install/yolo_msgs/share/yolo_msgs/cmake/export_yolo_msgs__rosidl_typesupport_fastrtps_cppExport-noconfig.cmake
[10.507s] -- Installing: /home/amrl-linux24-04/ros2_ben/install/yolo_msgs/share/yolo_msgs/cmake/yolo_msgs__rosidl_typesupport_introspection_cppExport.cmake
[10.508s] -- Installing: /home/amrl-linux24-04/ros2_ben/install/yolo_msgs/share/yolo_msgs/cmake/yolo_msgs__rosidl_typesupport_introspection_cppExport-noconfig.cmake
[10.508s] -- Installing: /home/amrl-linux24-04/ros2_ben/install/yolo_msgs/share/yolo_msgs/cmake/yolo_msgs__rosidl_typesupport_cppExport.cmake
[10.508s] -- Installing: /home/amrl-linux24-04/ros2_ben/install/yolo_msgs/share/yolo_msgs/cmake/yolo_msgs__rosidl_typesupport_cppExport-noconfig.cmake
[10.508s] -- Installing: /home/amrl-linux24-04/ros2_ben/install/yolo_msgs/share/yolo_msgs/cmake/export_yolo_msgs__rosidl_generator_pyExport.cmake
[10.508s] -- Installing: /home/amrl-linux24-04/ros2_ben/install/yolo_msgs/share/yolo_msgs/cmake/export_yolo_msgs__rosidl_generator_pyExport-noconfig.cmake
[10.508s] -- Installing: /home/amrl-linux24-04/ros2_ben/install/yolo_msgs/share/yolo_msgs/cmake/rosidl_cmake-extras.cmake
[10.509s] -- Installing: /home/amrl-linux24-04/ros2_ben/install/yolo_msgs/share/yolo_msgs/cmake/ament_cmake_export_dependencies-extras.cmake
[10.509s] -- Installing: /home/amrl-linux24-04/ros2_ben/install/yolo_msgs/share/yolo_msgs/cmake/ament_cmake_export_include_directories-extras.cmake
[10.509s] -- Installing: /home/amrl-linux24-04/ros2_ben/install/yolo_msgs/share/yolo_msgs/cmake/ament_cmake_export_libraries-extras.cmake
[10.509s] -- Installing: /home/amrl-linux24-04/ros2_ben/install/yolo_msgs/share/yolo_msgs/cmake/ament_cmake_export_targets-extras.cmake
[10.509s] -- Installing: /home/amrl-linux24-04/ros2_ben/install/yolo_msgs/share/yolo_msgs/cmake/rosidl_cmake_export_typesupport_targets-extras.cmake
[10.510s] -- Installing: /home/amrl-linux24-04/ros2_ben/install/yolo_msgs/share/yolo_msgs/cmake/rosidl_cmake_export_typesupport_libraries-extras.cmake
[10.510s] -- Installing: /home/amrl-linux24-04/ros2_ben/install/yolo_msgs/share/yolo_msgs/cmake/yolo_msgsConfig.cmake
[10.510s] -- Installing: /home/amrl-linux24-04/ros2_ben/install/yolo_msgs/share/yolo_msgs/cmake/yolo_msgsConfig-version.cmake
[10.510s] -- Installing: /home/amrl-linux24-04/ros2_ben/install/yolo_msgs/share/yolo_msgs/package.xml
[10.514s] Invoked command in '/home/amrl-linux24-04/ros2_ben/build/yolo_msgs' returned '0': CMAKE_PREFIX_PATH=${CMAKE_PREFIX_PATH}:/home/amrl-linux24-04/ros2_ben/install/yolo_ros:/home/amrl-linux24-04/ros2_ben/install/igusgus_launch:/opt/ros/jazzy DEBUGINFOD_URLS=https://debuginfod.ubuntu.com /usr/bin/cmake --install /home/amrl-linux24-04/ros2_ben/build/yolo_msgs
