[0.013s] Invoking command in '/home/amrl-linux24-04/ros2_ben/build/igus_rebel_msgs': CMAKE_PREFIX_PATH=${CMAKE_PREFIX_PATH}:/home/amrl-linux24-04/ros2_ben/install/igusgus_launch:/opt/ros/jazzy DEBUGINFOD_URLS=https://debuginfod.ubuntu.com /usr/bin/cmake --build /home/amrl-linux24-04/ros2_ben/build/igus_rebel_msgs -- -j22 -l22
[0.175s] [  2%] Built target igus_rebel_msgs__rosidl_generator_type_description
[0.175s] [  2%] Built target ament_cmake_python_copy_igus_rebel_msgs
[0.175s] [  4%] Built target igus_rebel_msgs__cpp
[0.175s] [ 22%] Built target igus_rebel_msgs__rosidl_generator_c
[0.175s] [ 31%] Built target igus_rebel_msgs__rosidl_typesupport_cpp
[0.176s] [ 40%] Built target igus_rebel_msgs__rosidl_typesupport_c
[0.176s] [ 50%] Built target igus_rebel_msgs__rosidl_typesupport_introspection_c
[0.176s] [ 59%] Built target igus_rebel_msgs__rosidl_typesupport_introspection_cpp
[0.176s] [ 68%] Built target igus_rebel_msgs__rosidl_typesupport_fastrtps_c
[0.176s] [ 77%] Built target igus_rebel_msgs__rosidl_typesupport_fastrtps_cpp
[0.176s] [ 77%] Built target igus_rebel_msgs
[0.176s] [ 79%] Built target igus_rebel_msgs__py
[0.176s] [ 86%] Built target igus_rebel_msgs__rosidl_generator_py
[0.190s] [ 90%] Built target igus_rebel_msgs_s__rosidl_typesupport_fastrtps_c
[0.190s] [ 95%] Built target igus_rebel_msgs_s__rosidl_typesupport_c
[0.191s] [100%] Built target igus_rebel_msgs_s__rosidl_typesupport_introspection_c
[0.235s] running egg_info
[0.246s] writing igus_rebel_msgs.egg-info/PKG-INFO
[0.246s] writing dependency_links to igus_rebel_msgs.egg-info/dependency_links.txt
[0.246s] writing top-level names to igus_rebel_msgs.egg-info/top_level.txt
[0.281s] reading manifest file 'igus_rebel_msgs.egg-info/SOURCES.txt'
[0.282s] writing manifest file 'igus_rebel_msgs.egg-info/SOURCES.txt'
[0.306s] [100%] Built target ament_cmake_python_build_igus_rebel_msgs_egg
[0.316s] Invoked command in '/home/amrl-linux24-04/ros2_ben/build/igus_rebel_msgs' returned '0': CMAKE_PREFIX_PATH=${CMAKE_PREFIX_PATH}:/home/amrl-linux24-04/ros2_ben/install/igusgus_launch:/opt/ros/jazzy DEBUGINFOD_URLS=https://debuginfod.ubuntu.com /usr/bin/cmake --build /home/amrl-linux24-04/ros2_ben/build/igus_rebel_msgs -- -j22 -l22
[0.317s] Invoking command in '/home/amrl-linux24-04/ros2_ben/build/igus_rebel_msgs': CMAKE_PREFIX_PATH=${CMAKE_PREFIX_PATH}:/home/amrl-linux24-04/ros2_ben/install/igusgus_launch:/opt/ros/jazzy DEBUGINFOD_URLS=https://debuginfod.ubuntu.com /usr/bin/cmake --install /home/amrl-linux24-04/ros2_ben/build/igus_rebel_msgs
[0.333s] -- Install configuration: "Release"
[0.333s] -- Up-to-date: /home/amrl-linux24-04/ros2_ben/install/igus_rebel_msgs/share/ament_index/resource_index/rosidl_interfaces/igus_rebel_msgs
[0.334s] -- Up-to-date: /home/amrl-linux24-04/ros2_ben/install/igus_rebel_msgs/share/igus_rebel_msgs/msg/DigitalOutput.json
[0.334s] -- Up-to-date: /home/amrl-linux24-04/ros2_ben/install/igus_rebel_msgs/share/igus_rebel_msgs/srv/SetDigitalOutput.json
[0.334s] -- Up-to-date: /home/amrl-linux24-04/ros2_ben/install/igus_rebel_msgs/include/igus_rebel_msgs/igus_rebel_msgs
[0.334s] -- Up-to-date: /home/amrl-linux24-04/ros2_ben/install/igus_rebel_msgs/include/igus_rebel_msgs/igus_rebel_msgs/srv
[0.334s] -- Up-to-date: /home/amrl-linux24-04/ros2_ben/install/igus_rebel_msgs/include/igus_rebel_msgs/igus_rebel_msgs/srv/detail
[0.334s] -- Up-to-date: /home/amrl-linux24-04/ros2_ben/install/igus_rebel_msgs/include/igus_rebel_msgs/igus_rebel_msgs/srv/detail/set_digital_output__description.c
[0.334s] -- Up-to-date: /home/amrl-linux24-04/ros2_ben/install/igus_rebel_msgs/include/igus_rebel_msgs/igus_rebel_msgs/srv/detail/set_digital_output__type_support.c
[0.334s] -- Up-to-date: /home/amrl-linux24-04/ros2_ben/install/igus_rebel_msgs/include/igus_rebel_msgs/igus_rebel_msgs/srv/detail/set_digital_output__struct.h
[0.334s] -- Up-to-date: /home/amrl-linux24-04/ros2_ben/install/igus_rebel_msgs/include/igus_rebel_msgs/igus_rebel_msgs/srv/detail/set_digital_output__functions.c
[0.334s] -- Up-to-date: /home/amrl-linux24-04/ros2_ben/install/igus_rebel_msgs/include/igus_rebel_msgs/igus_rebel_msgs/srv/detail/set_digital_output__functions.h
[0.334s] -- Up-to-date: /home/amrl-linux24-04/ros2_ben/install/igus_rebel_msgs/include/igus_rebel_msgs/igus_rebel_msgs/srv/detail/set_digital_output__type_support.h
[0.334s] -- Up-to-date: /home/amrl-linux24-04/ros2_ben/install/igus_rebel_msgs/include/igus_rebel_msgs/igus_rebel_msgs/srv/set_digital_output.h
[0.334s] -- Up-to-date: /home/amrl-linux24-04/ros2_ben/install/igus_rebel_msgs/include/igus_rebel_msgs/igus_rebel_msgs/msg
[0.334s] -- Up-to-date: /home/amrl-linux24-04/ros2_ben/install/igus_rebel_msgs/include/igus_rebel_msgs/igus_rebel_msgs/msg/detail
[0.334s] -- Up-to-date: /home/amrl-linux24-04/ros2_ben/install/igus_rebel_msgs/include/igus_rebel_msgs/igus_rebel_msgs/msg/detail/digital_output__type_support.h
[0.335s] -- Up-to-date: /home/amrl-linux24-04/ros2_ben/install/igus_rebel_msgs/include/igus_rebel_msgs/igus_rebel_msgs/msg/detail/digital_output__type_support.c
[0.335s] -- Up-to-date: /home/amrl-linux24-04/ros2_ben/install/igus_rebel_msgs/include/igus_rebel_msgs/igus_rebel_msgs/msg/detail/digital_output__functions.h
[0.335s] -- Up-to-date: /home/amrl-linux24-04/ros2_ben/install/igus_rebel_msgs/include/igus_rebel_msgs/igus_rebel_msgs/msg/detail/digital_output__struct.h
[0.335s] -- Up-to-date: /home/amrl-linux24-04/ros2_ben/install/igus_rebel_msgs/include/igus_rebel_msgs/igus_rebel_msgs/msg/detail/digital_output__functions.c
[0.335s] -- Up-to-date: /home/amrl-linux24-04/ros2_ben/install/igus_rebel_msgs/include/igus_rebel_msgs/igus_rebel_msgs/msg/detail/digital_output__description.c
[0.335s] -- Up-to-date: /home/amrl-linux24-04/ros2_ben/install/igus_rebel_msgs/include/igus_rebel_msgs/igus_rebel_msgs/msg/digital_output.h
[0.335s] -- Up-to-date: /home/amrl-linux24-04/ros2_ben/install/igus_rebel_msgs/include/igus_rebel_msgs/igus_rebel_msgs/msg/rosidl_generator_c__visibility_control.h
[0.335s] -- Up-to-date: /home/amrl-linux24-04/ros2_ben/install/igus_rebel_msgs/share/igus_rebel_msgs/environment/library_path.sh
[0.335s] -- Up-to-date: /home/amrl-linux24-04/ros2_ben/install/igus_rebel_msgs/share/igus_rebel_msgs/environment/library_path.dsv
[0.336s] -- Up-to-date: /home/amrl-linux24-04/ros2_ben/install/igus_rebel_msgs/lib/libigus_rebel_msgs__rosidl_generator_c.so
[0.336s] -- Up-to-date: /home/amrl-linux24-04/ros2_ben/install/igus_rebel_msgs/include/igus_rebel_msgs/igus_rebel_msgs
[0.336s] -- Up-to-date: /home/amrl-linux24-04/ros2_ben/install/igus_rebel_msgs/include/igus_rebel_msgs/igus_rebel_msgs/srv
[0.336s] -- Up-to-date: /home/amrl-linux24-04/ros2_ben/install/igus_rebel_msgs/include/igus_rebel_msgs/igus_rebel_msgs/srv/detail
[0.336s] -- Up-to-date: /home/amrl-linux24-04/ros2_ben/install/igus_rebel_msgs/include/igus_rebel_msgs/igus_rebel_msgs/srv/detail/set_digital_output__rosidl_typesupport_fastrtps_c.h
[0.336s] -- Up-to-date: /home/amrl-linux24-04/ros2_ben/install/igus_rebel_msgs/include/igus_rebel_msgs/igus_rebel_msgs/msg
[0.336s] -- Up-to-date: /home/amrl-linux24-04/ros2_ben/install/igus_rebel_msgs/include/igus_rebel_msgs/igus_rebel_msgs/msg/detail
[0.336s] -- Up-to-date: /home/amrl-linux24-04/ros2_ben/install/igus_rebel_msgs/include/igus_rebel_msgs/igus_rebel_msgs/msg/detail/digital_output__rosidl_typesupport_fastrtps_c.h
[0.336s] -- Up-to-date: /home/amrl-linux24-04/ros2_ben/install/igus_rebel_msgs/include/igus_rebel_msgs/igus_rebel_msgs/msg/rosidl_typesupport_fastrtps_c__visibility_control.h
[0.336s] -- Up-to-date: /home/amrl-linux24-04/ros2_ben/install/igus_rebel_msgs/lib/libigus_rebel_msgs__rosidl_typesupport_fastrtps_c.so
[0.336s] -- Up-to-date: /home/amrl-linux24-04/ros2_ben/install/igus_rebel_msgs/include/igus_rebel_msgs/igus_rebel_msgs
[0.336s] -- Up-to-date: /home/amrl-linux24-04/ros2_ben/install/igus_rebel_msgs/include/igus_rebel_msgs/igus_rebel_msgs/srv
[0.336s] -- Up-to-date: /home/amrl-linux24-04/ros2_ben/install/igus_rebel_msgs/include/igus_rebel_msgs/igus_rebel_msgs/srv/detail
[0.336s] -- Up-to-date: /home/amrl-linux24-04/ros2_ben/install/igus_rebel_msgs/include/igus_rebel_msgs/igus_rebel_msgs/srv/detail/set_digital_output__builder.hpp
[0.336s] -- Up-to-date: /home/amrl-linux24-04/ros2_ben/install/igus_rebel_msgs/include/igus_rebel_msgs/igus_rebel_msgs/srv/detail/set_digital_output__type_support.hpp
[0.336s] -- Up-to-date: /home/amrl-linux24-04/ros2_ben/install/igus_rebel_msgs/include/igus_rebel_msgs/igus_rebel_msgs/srv/detail/set_digital_output__struct.hpp
[0.338s] -- Up-to-date: /home/amrl-linux24-04/ros2_ben/install/igus_rebel_msgs/include/igus_rebel_msgs/igus_rebel_msgs/srv/detail/set_digital_output__traits.hpp
[0.338s] -- Up-to-date: /home/amrl-linux24-04/ros2_ben/install/igus_rebel_msgs/include/igus_rebel_msgs/igus_rebel_msgs/srv/set_digital_output.hpp
[0.338s] -- Up-to-date: /home/amrl-linux24-04/ros2_ben/install/igus_rebel_msgs/include/igus_rebel_msgs/igus_rebel_msgs/msg
[0.338s] -- Up-to-date: /home/amrl-linux24-04/ros2_ben/install/igus_rebel_msgs/include/igus_rebel_msgs/igus_rebel_msgs/msg/digital_output.hpp
[0.338s] -- Up-to-date: /home/amrl-linux24-04/ros2_ben/install/igus_rebel_msgs/include/igus_rebel_msgs/igus_rebel_msgs/msg/detail
[0.338s] -- Up-to-date: /home/amrl-linux24-04/ros2_ben/install/igus_rebel_msgs/include/igus_rebel_msgs/igus_rebel_msgs/msg/detail/digital_output__type_support.hpp
[0.338s] -- Up-to-date: /home/amrl-linux24-04/ros2_ben/install/igus_rebel_msgs/include/igus_rebel_msgs/igus_rebel_msgs/msg/detail/digital_output__struct.hpp
[0.338s] -- Up-to-date: /home/amrl-linux24-04/ros2_ben/install/igus_rebel_msgs/include/igus_rebel_msgs/igus_rebel_msgs/msg/detail/digital_output__traits.hpp
[0.338s] -- Up-to-date: /home/amrl-linux24-04/ros2_ben/install/igus_rebel_msgs/include/igus_rebel_msgs/igus_rebel_msgs/msg/detail/digital_output__builder.hpp
[0.338s] -- Up-to-date: /home/amrl-linux24-04/ros2_ben/install/igus_rebel_msgs/include/igus_rebel_msgs/igus_rebel_msgs/msg/rosidl_generator_cpp__visibility_control.hpp
[0.338s] -- Up-to-date: /home/amrl-linux24-04/ros2_ben/install/igus_rebel_msgs/include/igus_rebel_msgs/igus_rebel_msgs
[0.338s] -- Up-to-date: /home/amrl-linux24-04/ros2_ben/install/igus_rebel_msgs/include/igus_rebel_msgs/igus_rebel_msgs/srv
[0.338s] -- Up-to-date: /home/amrl-linux24-04/ros2_ben/install/igus_rebel_msgs/include/igus_rebel_msgs/igus_rebel_msgs/srv/detail
[0.338s] -- Up-to-date: /home/amrl-linux24-04/ros2_ben/install/igus_rebel_msgs/include/igus_rebel_msgs/igus_rebel_msgs/srv/detail/set_digital_output__rosidl_typesupport_fastrtps_cpp.hpp
[0.338s] -- Up-to-date: /home/amrl-linux24-04/ros2_ben/install/igus_rebel_msgs/include/igus_rebel_msgs/igus_rebel_msgs/srv/detail/dds_fastrtps
[0.338s] -- Up-to-date: /home/amrl-linux24-04/ros2_ben/install/igus_rebel_msgs/include/igus_rebel_msgs/igus_rebel_msgs/msg
[0.338s] -- Up-to-date: /home/amrl-linux24-04/ros2_ben/install/igus_rebel_msgs/include/igus_rebel_msgs/igus_rebel_msgs/msg/detail
[0.338s] -- Up-to-date: /home/amrl-linux24-04/ros2_ben/install/igus_rebel_msgs/include/igus_rebel_msgs/igus_rebel_msgs/msg/detail/dds_fastrtps
[0.338s] -- Up-to-date: /home/amrl-linux24-04/ros2_ben/install/igus_rebel_msgs/include/igus_rebel_msgs/igus_rebel_msgs/msg/detail/digital_output__rosidl_typesupport_fastrtps_cpp.hpp
[0.338s] -- Up-to-date: /home/amrl-linux24-04/ros2_ben/install/igus_rebel_msgs/include/igus_rebel_msgs/igus_rebel_msgs/msg/rosidl_typesupport_fastrtps_cpp__visibility_control.h
[0.338s] -- Up-to-date: /home/amrl-linux24-04/ros2_ben/install/igus_rebel_msgs/lib/libigus_rebel_msgs__rosidl_typesupport_fastrtps_cpp.so
[0.338s] -- Up-to-date: /home/amrl-linux24-04/ros2_ben/install/igus_rebel_msgs/include/igus_rebel_msgs/igus_rebel_msgs
[0.338s] -- Up-to-date: /home/amrl-linux24-04/ros2_ben/install/igus_rebel_msgs/include/igus_rebel_msgs/igus_rebel_msgs/srv
[0.338s] -- Up-to-date: /home/amrl-linux24-04/ros2_ben/install/igus_rebel_msgs/include/igus_rebel_msgs/igus_rebel_msgs/srv/detail
[0.338s] -- Up-to-date: /home/amrl-linux24-04/ros2_ben/install/igus_rebel_msgs/include/igus_rebel_msgs/igus_rebel_msgs/srv/detail/set_digital_output__type_support.c
[0.338s] -- Up-to-date: /home/amrl-linux24-04/ros2_ben/install/igus_rebel_msgs/include/igus_rebel_msgs/igus_rebel_msgs/srv/detail/set_digital_output__rosidl_typesupport_introspection_c.h
[0.338s] -- Up-to-date: /home/amrl-linux24-04/ros2_ben/install/igus_rebel_msgs/include/igus_rebel_msgs/igus_rebel_msgs/msg
[0.338s] -- Up-to-date: /home/amrl-linux24-04/ros2_ben/install/igus_rebel_msgs/include/igus_rebel_msgs/igus_rebel_msgs/msg/detail
[0.338s] -- Up-to-date: /home/amrl-linux24-04/ros2_ben/install/igus_rebel_msgs/include/igus_rebel_msgs/igus_rebel_msgs/msg/detail/digital_output__type_support.c
[0.338s] -- Up-to-date: /home/amrl-linux24-04/ros2_ben/install/igus_rebel_msgs/include/igus_rebel_msgs/igus_rebel_msgs/msg/detail/digital_output__rosidl_typesupport_introspection_c.h
[0.339s] -- Up-to-date: /home/amrl-linux24-04/ros2_ben/install/igus_rebel_msgs/include/igus_rebel_msgs/igus_rebel_msgs/msg/rosidl_typesupport_introspection_c__visibility_control.h
[0.339s] -- Up-to-date: /home/amrl-linux24-04/ros2_ben/install/igus_rebel_msgs/lib/libigus_rebel_msgs__rosidl_typesupport_introspection_c.so
[0.339s] -- Up-to-date: /home/amrl-linux24-04/ros2_ben/install/igus_rebel_msgs/lib/libigus_rebel_msgs__rosidl_typesupport_c.so
[0.339s] -- Up-to-date: /home/amrl-linux24-04/ros2_ben/install/igus_rebel_msgs/include/igus_rebel_msgs/igus_rebel_msgs
[0.339s] -- Up-to-date: /home/amrl-linux24-04/ros2_ben/install/igus_rebel_msgs/include/igus_rebel_msgs/igus_rebel_msgs/srv
[0.339s] -- Up-to-date: /home/amrl-linux24-04/ros2_ben/install/igus_rebel_msgs/include/igus_rebel_msgs/igus_rebel_msgs/srv/detail
[0.339s] -- Up-to-date: /home/amrl-linux24-04/ros2_ben/install/igus_rebel_msgs/include/igus_rebel_msgs/igus_rebel_msgs/srv/detail/set_digital_output__type_support.cpp
[0.339s] -- Up-to-date: /home/amrl-linux24-04/ros2_ben/install/igus_rebel_msgs/include/igus_rebel_msgs/igus_rebel_msgs/srv/detail/set_digital_output__rosidl_typesupport_introspection_cpp.hpp
[0.339s] -- Up-to-date: /home/amrl-linux24-04/ros2_ben/install/igus_rebel_msgs/include/igus_rebel_msgs/igus_rebel_msgs/msg
[0.339s] -- Up-to-date: /home/amrl-linux24-04/ros2_ben/install/igus_rebel_msgs/include/igus_rebel_msgs/igus_rebel_msgs/msg/detail
[0.339s] -- Up-to-date: /home/amrl-linux24-04/ros2_ben/install/igus_rebel_msgs/include/igus_rebel_msgs/igus_rebel_msgs/msg/detail/digital_output__type_support.cpp
[0.339s] -- Up-to-date: /home/amrl-linux24-04/ros2_ben/install/igus_rebel_msgs/include/igus_rebel_msgs/igus_rebel_msgs/msg/detail/digital_output__rosidl_typesupport_introspection_cpp.hpp
[0.339s] -- Up-to-date: /home/amrl-linux24-04/ros2_ben/install/igus_rebel_msgs/lib/libigus_rebel_msgs__rosidl_typesupport_introspection_cpp.so
[0.339s] -- Up-to-date: /home/amrl-linux24-04/ros2_ben/install/igus_rebel_msgs/lib/libigus_rebel_msgs__rosidl_typesupport_cpp.so
[0.340s] -- Up-to-date: /home/amrl-linux24-04/ros2_ben/install/igus_rebel_msgs/share/igus_rebel_msgs/environment/pythonpath.sh
[0.340s] -- Up-to-date: /home/amrl-linux24-04/ros2_ben/install/igus_rebel_msgs/share/igus_rebel_msgs/environment/pythonpath.dsv
[0.340s] -- Up-to-date: /home/amrl-linux24-04/ros2_ben/install/igus_rebel_msgs/lib/python3.12/site-packages/igus_rebel_msgs-0.0.0-py3.12.egg-info
[0.340s] -- Installing: /home/amrl-linux24-04/ros2_ben/install/igus_rebel_msgs/lib/python3.12/site-packages/igus_rebel_msgs-0.0.0-py3.12.egg-info/top_level.txt
[0.341s] -- Installing: /home/amrl-linux24-04/ros2_ben/install/igus_rebel_msgs/lib/python3.12/site-packages/igus_rebel_msgs-0.0.0-py3.12.egg-info/dependency_links.txt
[0.341s] -- Installing: /home/amrl-linux24-04/ros2_ben/install/igus_rebel_msgs/lib/python3.12/site-packages/igus_rebel_msgs-0.0.0-py3.12.egg-info/PKG-INFO
[0.341s] -- Installing: /home/amrl-linux24-04/ros2_ben/install/igus_rebel_msgs/lib/python3.12/site-packages/igus_rebel_msgs-0.0.0-py3.12.egg-info/SOURCES.txt
[0.341s] -- Up-to-date: /home/amrl-linux24-04/ros2_ben/install/igus_rebel_msgs/lib/python3.12/site-packages/igus_rebel_msgs
[0.341s] -- Up-to-date: /home/amrl-linux24-04/ros2_ben/install/igus_rebel_msgs/lib/python3.12/site-packages/igus_rebel_msgs/_igus_rebel_msgs_s.ep.rosidl_typesupport_introspection_c.c
[0.341s] -- Up-to-date: /home/amrl-linux24-04/ros2_ben/install/igus_rebel_msgs/lib/python3.12/site-packages/igus_rebel_msgs/srv
[0.341s] -- Up-to-date: /home/amrl-linux24-04/ros2_ben/install/igus_rebel_msgs/lib/python3.12/site-packages/igus_rebel_msgs/srv/__init__.py
[0.341s] -- Up-to-date: /home/amrl-linux24-04/ros2_ben/install/igus_rebel_msgs/lib/python3.12/site-packages/igus_rebel_msgs/srv/_set_digital_output.py
[0.341s] -- Up-to-date: /home/amrl-linux24-04/ros2_ben/install/igus_rebel_msgs/lib/python3.12/site-packages/igus_rebel_msgs/srv/_set_digital_output_s.c
[0.341s] -- Up-to-date: /home/amrl-linux24-04/ros2_ben/install/igus_rebel_msgs/lib/python3.12/site-packages/igus_rebel_msgs/__init__.py
[0.341s] -- Up-to-date: /home/amrl-linux24-04/ros2_ben/install/igus_rebel_msgs/lib/python3.12/site-packages/igus_rebel_msgs/igus_rebel_msgs_s__rosidl_typesupport_fastrtps_c.so
[0.341s] -- Up-to-date: /home/amrl-linux24-04/ros2_ben/install/igus_rebel_msgs/lib/python3.12/site-packages/igus_rebel_msgs/igus_rebel_msgs_s__rosidl_typesupport_introspection_c.so
[0.341s] -- Up-to-date: /home/amrl-linux24-04/ros2_ben/install/igus_rebel_msgs/lib/python3.12/site-packages/igus_rebel_msgs/_igus_rebel_msgs_s.ep.rosidl_typesupport_c.c
[0.341s] -- Up-to-date: /home/amrl-linux24-04/ros2_ben/install/igus_rebel_msgs/lib/python3.12/site-packages/igus_rebel_msgs/_igus_rebel_msgs_s.ep.rosidl_typesupport_fastrtps_c.c
[0.341s] -- Up-to-date: /home/amrl-linux24-04/ros2_ben/install/igus_rebel_msgs/lib/python3.12/site-packages/igus_rebel_msgs/msg
[0.341s] -- Up-to-date: /home/amrl-linux24-04/ros2_ben/install/igus_rebel_msgs/lib/python3.12/site-packages/igus_rebel_msgs/msg/_digital_output.py
[0.341s] -- Up-to-date: /home/amrl-linux24-04/ros2_ben/install/igus_rebel_msgs/lib/python3.12/site-packages/igus_rebel_msgs/msg/__init__.py
[0.341s] -- Up-to-date: /home/amrl-linux24-04/ros2_ben/install/igus_rebel_msgs/lib/python3.12/site-packages/igus_rebel_msgs/msg/_digital_output_s.c
[0.341s] -- Up-to-date: /home/amrl-linux24-04/ros2_ben/install/igus_rebel_msgs/lib/python3.12/site-packages/igus_rebel_msgs/igus_rebel_msgs_s__rosidl_typesupport_c.so
[0.350s] Listing '/home/amrl-linux24-04/ros2_ben/install/igus_rebel_msgs/lib/python3.12/site-packages/igus_rebel_msgs'...
[0.350s] Listing '/home/amrl-linux24-04/ros2_ben/install/igus_rebel_msgs/lib/python3.12/site-packages/igus_rebel_msgs/msg'...
[0.350s] Listing '/home/amrl-linux24-04/ros2_ben/install/igus_rebel_msgs/lib/python3.12/site-packages/igus_rebel_msgs/srv'...
[0.353s] -- Up-to-date: /home/amrl-linux24-04/ros2_ben/install/igus_rebel_msgs/lib/python3.12/site-packages/igus_rebel_msgs/igus_rebel_msgs_s__rosidl_typesupport_fastrtps_c.so
[0.356s] -- Up-to-date: /home/amrl-linux24-04/ros2_ben/install/igus_rebel_msgs/lib/python3.12/site-packages/igus_rebel_msgs/igus_rebel_msgs_s__rosidl_typesupport_introspection_c.so
[0.356s] -- Up-to-date: /home/amrl-linux24-04/ros2_ben/install/igus_rebel_msgs/lib/python3.12/site-packages/igus_rebel_msgs/igus_rebel_msgs_s__rosidl_typesupport_c.so
[0.356s] -- Up-to-date: /home/amrl-linux24-04/ros2_ben/install/igus_rebel_msgs/lib/libigus_rebel_msgs__rosidl_generator_py.so
[0.356s] -- Up-to-date: /home/amrl-linux24-04/ros2_ben/install/igus_rebel_msgs/share/igus_rebel_msgs/msg/DigitalOutput.idl
[0.356s] -- Up-to-date: /home/amrl-linux24-04/ros2_ben/install/igus_rebel_msgs/share/igus_rebel_msgs/srv/SetDigitalOutput.idl
[0.356s] -- Up-to-date: /home/amrl-linux24-04/ros2_ben/install/igus_rebel_msgs/share/igus_rebel_msgs/msg/DigitalOutput.msg
[0.356s] -- Up-to-date: /home/amrl-linux24-04/ros2_ben/install/igus_rebel_msgs/share/igus_rebel_msgs/srv/SetDigitalOutput.srv
[0.356s] -- Up-to-date: /home/amrl-linux24-04/ros2_ben/install/igus_rebel_msgs/share/ament_index/resource_index/package_run_dependencies/igus_rebel_msgs
[0.356s] -- Up-to-date: /home/amrl-linux24-04/ros2_ben/install/igus_rebel_msgs/share/ament_index/resource_index/parent_prefix_path/igus_rebel_msgs
[0.356s] -- Up-to-date: /home/amrl-linux24-04/ros2_ben/install/igus_rebel_msgs/share/igus_rebel_msgs/environment/ament_prefix_path.sh
[0.357s] -- Up-to-date: /home/amrl-linux24-04/ros2_ben/install/igus_rebel_msgs/share/igus_rebel_msgs/environment/ament_prefix_path.dsv
[0.357s] -- Up-to-date: /home/amrl-linux24-04/ros2_ben/install/igus_rebel_msgs/share/igus_rebel_msgs/environment/path.sh
[0.357s] -- Up-to-date: /home/amrl-linux24-04/ros2_ben/install/igus_rebel_msgs/share/igus_rebel_msgs/environment/path.dsv
[0.357s] -- Up-to-date: /home/amrl-linux24-04/ros2_ben/install/igus_rebel_msgs/share/igus_rebel_msgs/local_setup.bash
[0.357s] -- Up-to-date: /home/amrl-linux24-04/ros2_ben/install/igus_rebel_msgs/share/igus_rebel_msgs/local_setup.sh
[0.357s] -- Up-to-date: /home/amrl-linux24-04/ros2_ben/install/igus_rebel_msgs/share/igus_rebel_msgs/local_setup.zsh
[0.357s] -- Up-to-date: /home/amrl-linux24-04/ros2_ben/install/igus_rebel_msgs/share/igus_rebel_msgs/local_setup.dsv
[0.357s] -- Installing: /home/amrl-linux24-04/ros2_ben/install/igus_rebel_msgs/share/igus_rebel_msgs/package.dsv
[0.357s] -- Up-to-date: /home/amrl-linux24-04/ros2_ben/install/igus_rebel_msgs/share/ament_index/resource_index/packages/igus_rebel_msgs
[0.357s] -- Up-to-date: /home/amrl-linux24-04/ros2_ben/install/igus_rebel_msgs/share/igus_rebel_msgs/cmake/export_igus_rebel_msgs__rosidl_generator_cExport.cmake
[0.357s] -- Up-to-date: /home/amrl-linux24-04/ros2_ben/install/igus_rebel_msgs/share/igus_rebel_msgs/cmake/export_igus_rebel_msgs__rosidl_generator_cExport-release.cmake
[0.357s] -- Up-to-date: /home/amrl-linux24-04/ros2_ben/install/igus_rebel_msgs/share/igus_rebel_msgs/cmake/export_igus_rebel_msgs__rosidl_typesupport_fastrtps_cExport.cmake
[0.357s] -- Up-to-date: /home/amrl-linux24-04/ros2_ben/install/igus_rebel_msgs/share/igus_rebel_msgs/cmake/export_igus_rebel_msgs__rosidl_typesupport_fastrtps_cExport-release.cmake
[0.357s] -- Up-to-date: /home/amrl-linux24-04/ros2_ben/install/igus_rebel_msgs/share/igus_rebel_msgs/cmake/export_igus_rebel_msgs__rosidl_generator_cppExport.cmake
[0.357s] -- Up-to-date: /home/amrl-linux24-04/ros2_ben/install/igus_rebel_msgs/share/igus_rebel_msgs/cmake/export_igus_rebel_msgs__rosidl_typesupport_fastrtps_cppExport.cmake
[0.357s] -- Up-to-date: /home/amrl-linux24-04/ros2_ben/install/igus_rebel_msgs/share/igus_rebel_msgs/cmake/export_igus_rebel_msgs__rosidl_typesupport_fastrtps_cppExport-release.cmake
[0.357s] -- Up-to-date: /home/amrl-linux24-04/ros2_ben/install/igus_rebel_msgs/share/igus_rebel_msgs/cmake/igus_rebel_msgs__rosidl_typesupport_introspection_cExport.cmake
[0.357s] -- Up-to-date: /home/amrl-linux24-04/ros2_ben/install/igus_rebel_msgs/share/igus_rebel_msgs/cmake/igus_rebel_msgs__rosidl_typesupport_introspection_cExport-release.cmake
[0.357s] -- Up-to-date: /home/amrl-linux24-04/ros2_ben/install/igus_rebel_msgs/share/igus_rebel_msgs/cmake/igus_rebel_msgs__rosidl_typesupport_cExport.cmake
[0.357s] -- Up-to-date: /home/amrl-linux24-04/ros2_ben/install/igus_rebel_msgs/share/igus_rebel_msgs/cmake/igus_rebel_msgs__rosidl_typesupport_cExport-release.cmake
[0.357s] -- Up-to-date: /home/amrl-linux24-04/ros2_ben/install/igus_rebel_msgs/share/igus_rebel_msgs/cmake/igus_rebel_msgs__rosidl_typesupport_introspection_cppExport.cmake
[0.357s] -- Up-to-date: /home/amrl-linux24-04/ros2_ben/install/igus_rebel_msgs/share/igus_rebel_msgs/cmake/igus_rebel_msgs__rosidl_typesupport_introspection_cppExport-release.cmake
[0.357s] -- Up-to-date: /home/amrl-linux24-04/ros2_ben/install/igus_rebel_msgs/share/igus_rebel_msgs/cmake/igus_rebel_msgs__rosidl_typesupport_cppExport.cmake
[0.357s] -- Up-to-date: /home/amrl-linux24-04/ros2_ben/install/igus_rebel_msgs/share/igus_rebel_msgs/cmake/igus_rebel_msgs__rosidl_typesupport_cppExport-release.cmake
[0.357s] -- Up-to-date: /home/amrl-linux24-04/ros2_ben/install/igus_rebel_msgs/share/igus_rebel_msgs/cmake/export_igus_rebel_msgs__rosidl_generator_pyExport.cmake
[0.357s] -- Up-to-date: /home/amrl-linux24-04/ros2_ben/install/igus_rebel_msgs/share/igus_rebel_msgs/cmake/export_igus_rebel_msgs__rosidl_generator_pyExport-release.cmake
[0.357s] -- Up-to-date: /home/amrl-linux24-04/ros2_ben/install/igus_rebel_msgs/share/igus_rebel_msgs/cmake/rosidl_cmake-extras.cmake
[0.357s] -- Up-to-date: /home/amrl-linux24-04/ros2_ben/install/igus_rebel_msgs/share/igus_rebel_msgs/cmake/ament_cmake_export_dependencies-extras.cmake
[0.357s] -- Up-to-date: /home/amrl-linux24-04/ros2_ben/install/igus_rebel_msgs/share/igus_rebel_msgs/cmake/ament_cmake_export_include_directories-extras.cmake
[0.357s] -- Up-to-date: /home/amrl-linux24-04/ros2_ben/install/igus_rebel_msgs/share/igus_rebel_msgs/cmake/ament_cmake_export_libraries-extras.cmake
[0.358s] -- Up-to-date: /home/amrl-linux24-04/ros2_ben/install/igus_rebel_msgs/share/igus_rebel_msgs/cmake/ament_cmake_export_targets-extras.cmake
[0.358s] -- Up-to-date: /home/amrl-linux24-04/ros2_ben/install/igus_rebel_msgs/share/igus_rebel_msgs/cmake/rosidl_cmake_export_typesupport_targets-extras.cmake
[0.358s] -- Up-to-date: /home/amrl-linux24-04/ros2_ben/install/igus_rebel_msgs/share/igus_rebel_msgs/cmake/rosidl_cmake_export_typesupport_libraries-extras.cmake
[0.358s] -- Up-to-date: /home/amrl-linux24-04/ros2_ben/install/igus_rebel_msgs/share/igus_rebel_msgs/cmake/igus_rebel_msgsConfig.cmake
[0.358s] -- Up-to-date: /home/amrl-linux24-04/ros2_ben/install/igus_rebel_msgs/share/igus_rebel_msgs/cmake/igus_rebel_msgsConfig-version.cmake
[0.358s] -- Up-to-date: /home/amrl-linux24-04/ros2_ben/install/igus_rebel_msgs/share/igus_rebel_msgs/package.xml
[0.359s] Invoked command in '/home/amrl-linux24-04/ros2_ben/build/igus_rebel_msgs' returned '0': CMAKE_PREFIX_PATH=${CMAKE_PREFIX_PATH}:/home/amrl-linux24-04/ros2_ben/install/igusgus_launch:/opt/ros/jazzy DEBUGINFOD_URLS=https://debuginfod.ubuntu.com /usr/bin/cmake --install /home/amrl-linux24-04/ros2_ben/build/igus_rebel_msgs
