-- Found ament_cmake: 2.5.4 (/opt/ros/jazzy/share/ament_cmake/cmake)
-- Override CMake install command with custom implementation using symlinks instead of copying resources
-- Found ament_lint_auto: 0.17.3 (/opt/ros/jazzy/share/ament_lint_auto/cmake)
-- Added test 'lint_cmake' to check CMake code style
-- Added test 'xmllint' to check XML markup files
-- Configuring done (0.3s)
-- Generating done (0.0s)
-- Build files have been written to: /home/amrl-linux24-04/ros2_ben/build/igus_rebel_description
-- Install configuration: ""
-- Execute custom install script
-- Up-to-date symlink: /home/amrl-linux24-04/ros2_ben/install/igus_rebel_description/share/igus_rebel_description/meshes/robolink_rebel/Diffuse Map.001.png
-- Up-to-date symlink: /home/amrl-linux24-04/ros2_ben/install/igus_rebel_description/share/igus_rebel_description/meshes/robolink_rebel/Diffuse Map.002.png
-- Up-to-date symlink: /home/amrl-linux24-04/ros2_ben/install/igus_rebel_description/share/igus_rebel_description/meshes/robolink_rebel/Diffuse Map.003.png
-- Up-to-date symlink: /home/amrl-linux24-04/ros2_ben/install/igus_rebel_description/share/igus_rebel_description/meshes/robolink_rebel/Diffuse Map.004.png
-- Up-to-date symlink: /home/amrl-linux24-04/ros2_ben/install/igus_rebel_description/share/igus_rebel_description/meshes/robolink_rebel/Diffuse Map.005.png
-- Up-to-date symlink: /home/amrl-linux24-04/ros2_ben/install/igus_rebel_description/share/igus_rebel_description/meshes/robolink_rebel/Diffuse Map.006.png
-- Up-to-date symlink: /home/amrl-linux24-04/ros2_ben/install/igus_rebel_description/share/igus_rebel_description/meshes/robolink_rebel/Diffuse Map.png
-- Up-to-date symlink: /home/amrl-linux24-04/ros2_ben/install/igus_rebel_description/share/igus_rebel_description/meshes/robolink_rebel/Robolink_RebeL_000.dae
-- Up-to-date symlink: /home/amrl-linux24-04/ros2_ben/install/igus_rebel_description/share/igus_rebel_description/meshes/robolink_rebel/Robolink_RebeL_000.stl
-- Up-to-date symlink: /home/amrl-linux24-04/ros2_ben/install/igus_rebel_description/share/igus_rebel_description/meshes/robolink_rebel/Robolink_RebeL_001.dae
-- Up-to-date symlink: /home/amrl-linux24-04/ros2_ben/install/igus_rebel_description/share/igus_rebel_description/meshes/robolink_rebel/Robolink_RebeL_001.stl
-- Up-to-date symlink: /home/amrl-linux24-04/ros2_ben/install/igus_rebel_description/share/igus_rebel_description/meshes/robolink_rebel/Robolink_RebeL_002.stl
-- Up-to-date symlink: /home/amrl-linux24-04/ros2_ben/install/igus_rebel_description/share/igus_rebel_description/meshes/robolink_rebel/Robolink_RebeL_002_0.dae
-- Up-to-date symlink: /home/amrl-linux24-04/ros2_ben/install/igus_rebel_description/share/igus_rebel_description/meshes/robolink_rebel/Robolink_RebeL_002_0.stl
-- Up-to-date symlink: /home/amrl-linux24-04/ros2_ben/install/igus_rebel_description/share/igus_rebel_description/meshes/robolink_rebel/Robolink_RebeL_002_1.dae
-- Up-to-date symlink: /home/amrl-linux24-04/ros2_ben/install/igus_rebel_description/share/igus_rebel_description/meshes/robolink_rebel/Robolink_RebeL_002_1.stl
-- Up-to-date symlink: /home/amrl-linux24-04/ros2_ben/install/igus_rebel_description/share/igus_rebel_description/meshes/robolink_rebel/Robolink_RebeL_002_2.dae
-- Up-to-date symlink: /home/amrl-linux24-04/ros2_ben/install/igus_rebel_description/share/igus_rebel_description/meshes/robolink_rebel/Robolink_RebeL_002_2.stl
-- Up-to-date symlink: /home/amrl-linux24-04/ros2_ben/install/igus_rebel_description/share/igus_rebel_description/meshes/robolink_rebel/Robolink_RebeL_003.dae
-- Up-to-date symlink: /home/amrl-linux24-04/ros2_ben/install/igus_rebel_description/share/igus_rebel_description/meshes/robolink_rebel/Robolink_RebeL_003.stl
-- Up-to-date symlink: /home/amrl-linux24-04/ros2_ben/install/igus_rebel_description/share/igus_rebel_description/meshes/robolink_rebel/Robolink_RebeL_004.dae
-- Up-to-date symlink: /home/amrl-linux24-04/ros2_ben/install/igus_rebel_description/share/igus_rebel_description/meshes/robolink_rebel/Robolink_RebeL_004.stl
-- Up-to-date symlink: /home/amrl-linux24-04/ros2_ben/install/igus_rebel_description/share/igus_rebel_description/meshes/robolink_rebel/Robolink_RebeL_005.dae
-- Up-to-date symlink: /home/amrl-linux24-04/ros2_ben/install/igus_rebel_description/share/igus_rebel_description/meshes/robolink_rebel/Robolink_RebeL_005.stl
-- Up-to-date symlink: /home/amrl-linux24-04/ros2_ben/install/igus_rebel_description/share/igus_rebel_description/meshes/robolink_rebel/Robolink_RebeL_006.dae
-- Up-to-date symlink: /home/amrl-linux24-04/ros2_ben/install/igus_rebel_description/share/igus_rebel_description/meshes/robolink_rebel/Robolink_RebeL_006.stl
-- Up-to-date symlink: /home/amrl-linux24-04/ros2_ben/install/igus_rebel_description/share/igus_rebel_description/meshes/robolink_rebel2/base_link.stl
-- Up-to-date symlink: /home/amrl-linux24-04/ros2_ben/install/igus_rebel_description/share/igus_rebel_description/meshes/robolink_rebel2/link1.stl
-- Up-to-date symlink: /home/amrl-linux24-04/ros2_ben/install/igus_rebel_description/share/igus_rebel_description/meshes/robolink_rebel2/link2.stl
-- Up-to-date symlink: /home/amrl-linux24-04/ros2_ben/install/igus_rebel_description/share/igus_rebel_description/meshes/robolink_rebel2/link3.stl
-- Up-to-date symlink: /home/amrl-linux24-04/ros2_ben/install/igus_rebel_description/share/igus_rebel_description/meshes/robolink_rebel2/link4.stl
-- Up-to-date symlink: /home/amrl-linux24-04/ros2_ben/install/igus_rebel_description/share/igus_rebel_description/meshes/robolink_rebel2/link5.stl
-- Up-to-date symlink: /home/amrl-linux24-04/ros2_ben/install/igus_rebel_description/share/igus_rebel_description/meshes/robolink_rebel2/link6.stl
-- Up-to-date symlink: /home/amrl-linux24-04/ros2_ben/install/igus_rebel_description/share/igus_rebel_description/meshes/robolink_rebel2/motor1.stl
-- Up-to-date symlink: /home/amrl-linux24-04/ros2_ben/install/igus_rebel_description/share/igus_rebel_description/meshes/robolink_rebel2/motor2.stl
-- Up-to-date symlink: /home/amrl-linux24-04/ros2_ben/install/igus_rebel_description/share/igus_rebel_description/meshes/robolink_rebel2/motor3.stl
-- Up-to-date symlink: /home/amrl-linux24-04/ros2_ben/install/igus_rebel_description/share/igus_rebel_description/meshes/robolink_rebel2/motor4.stl
-- Up-to-date symlink: /home/amrl-linux24-04/ros2_ben/install/igus_rebel_description/share/igus_rebel_description/meshes/robolink_rebel2/motor5.stl
-- Up-to-date symlink: /home/amrl-linux24-04/ros2_ben/install/igus_rebel_description/share/igus_rebel_description/meshes/robolink_rebel2/simplified_base_link.stl
-- Up-to-date symlink: /home/amrl-linux24-04/ros2_ben/install/igus_rebel_description/share/igus_rebel_description/meshes/robolink_rebel2/simplified_link1.stl
-- Up-to-date symlink: /home/amrl-linux24-04/ros2_ben/install/igus_rebel_description/share/igus_rebel_description/meshes/robolink_rebel2/simplified_link2.stl
-- Up-to-date symlink: /home/amrl-linux24-04/ros2_ben/install/igus_rebel_description/share/igus_rebel_description/meshes/robolink_rebel2/simplified_link3.stl
-- Up-to-date symlink: /home/amrl-linux24-04/ros2_ben/install/igus_rebel_description/share/igus_rebel_description/meshes/robolink_rebel2/simplified_link4.stl
-- Up-to-date symlink: /home/amrl-linux24-04/ros2_ben/install/igus_rebel_description/share/igus_rebel_description/meshes/robolink_rebel2/simplified_link5.stl
-- Up-to-date symlink: /home/amrl-linux24-04/ros2_ben/install/igus_rebel_description/share/igus_rebel_description/meshes/robolink_rebel2/simplified_link6.stl
-- Up-to-date symlink: /home/amrl-linux24-04/ros2_ben/install/igus_rebel_description/share/igus_rebel_description/meshes/robolink_rebel2/simplified_motor1.stl
-- Up-to-date symlink: /home/amrl-linux24-04/ros2_ben/install/igus_rebel_description/share/igus_rebel_description/meshes/robolink_rebel2/simplified_motor2.stl
-- Up-to-date symlink: /home/amrl-linux24-04/ros2_ben/install/igus_rebel_description/share/igus_rebel_description/meshes/robolink_rebel2/simplified_motor3.stl
-- Up-to-date symlink: /home/amrl-linux24-04/ros2_ben/install/igus_rebel_description/share/igus_rebel_description/meshes/robolink_rebel2/simplified_motor4.stl
-- Up-to-date symlink: /home/amrl-linux24-04/ros2_ben/install/igus_rebel_description/share/igus_rebel_description/meshes/robolink_rebel2/simplified_motor5.stl
-- Up-to-date symlink: /home/amrl-linux24-04/ros2_ben/install/igus_rebel_description/share/igus_rebel_description/urdf/igus_rebel.control.xacro
-- Up-to-date symlink: /home/amrl-linux24-04/ros2_ben/install/igus_rebel_description/share/igus_rebel_description/urdf/igus_rebel.urdf
-- Up-to-date symlink: /home/amrl-linux24-04/ros2_ben/install/igus_rebel_description/share/igus_rebel_description/urdf/igus_rebel2.control.xacro
-- Up-to-date symlink: /home/amrl-linux24-04/ros2_ben/install/igus_rebel_description/share/igus_rebel_description/urdf/igus_rebel2.urdf
-- Up-to-date symlink: /home/amrl-linux24-04/ros2_ben/install/igus_rebel_description/share/igus_rebel_description/urdf/igus_rebel_robot.urdf.xacro
-- Up-to-date symlink: /home/amrl-linux24-04/ros2_ben/install/igus_rebel_description/share/igus_rebel_description/urdf/igus_rebel_robot2.urdf.xacro
-- Up-to-date symlink: /home/amrl-linux24-04/ros2_ben/install/igus_rebel_description/share/ament_index/resource_index/package_run_dependencies/igus_rebel_description
-- Up-to-date symlink: /home/amrl-linux24-04/ros2_ben/install/igus_rebel_description/share/ament_index/resource_index/parent_prefix_path/igus_rebel_description
-- Up-to-date symlink: /home/amrl-linux24-04/ros2_ben/install/igus_rebel_description/share/igus_rebel_description/environment/ament_prefix_path.sh
-- Up-to-date symlink: /home/amrl-linux24-04/ros2_ben/install/igus_rebel_description/share/igus_rebel_description/environment/ament_prefix_path.dsv
-- Up-to-date symlink: /home/amrl-linux24-04/ros2_ben/install/igus_rebel_description/share/igus_rebel_description/environment/path.sh
-- Up-to-date symlink: /home/amrl-linux24-04/ros2_ben/install/igus_rebel_description/share/igus_rebel_description/environment/path.dsv
-- Up-to-date symlink: /home/amrl-linux24-04/ros2_ben/install/igus_rebel_description/share/igus_rebel_description/local_setup.bash
-- Up-to-date symlink: /home/amrl-linux24-04/ros2_ben/install/igus_rebel_description/share/igus_rebel_description/local_setup.sh
-- Up-to-date symlink: /home/amrl-linux24-04/ros2_ben/install/igus_rebel_description/share/igus_rebel_description/local_setup.zsh
-- Up-to-date symlink: /home/amrl-linux24-04/ros2_ben/install/igus_rebel_description/share/igus_rebel_description/local_setup.dsv
-- Symlinking: /home/amrl-linux24-04/ros2_ben/install/igus_rebel_description/share/igus_rebel_description/package.dsv
-- Up-to-date symlink: /home/amrl-linux24-04/ros2_ben/install/igus_rebel_description/share/ament_index/resource_index/packages/igus_rebel_description
-- Up-to-date symlink: /home/amrl-linux24-04/ros2_ben/install/igus_rebel_description/share/igus_rebel_description/cmake/igus_rebel_descriptionConfig.cmake
-- Up-to-date symlink: /home/amrl-linux24-04/ros2_ben/install/igus_rebel_description/share/igus_rebel_description/cmake/igus_rebel_descriptionConfig-version.cmake
-- Up-to-date symlink: /home/amrl-linux24-04/ros2_ben/install/igus_rebel_description/share/igus_rebel_description/package.xml
