running egg_info
creating ../../build/igusgus/igusgus.egg-info
writing ../../build/igusgus/igusgus.egg-info/PKG-INFO
writing dependency_links to ../../build/igusgus/igusgus.egg-info/dependency_links.txt
writing requirements to ../../build/igusgus/igusgus.egg-info/requires.txt
writing top-level names to ../../build/igusgus/igusgus.egg-info/top_level.txt
writing manifest file '../../build/igusgus/igusgus.egg-info/SOURCES.txt'
reading manifest file '../../build/igusgus/igusgus.egg-info/SOURCES.txt'
adding license file 'LICENSE'
writing manifest file '../../build/igusgus/igusgus.egg-info/SOURCES.txt'
running build
running build_py
creating /home/amrl-linux24-04/ros2_ben/build/igusgus/build
creating /home/amrl-linux24-04/ros2_ben/build/igusgus/build/lib
creating /home/amrl-linux24-04/ros2_ben/build/igusgus/build/lib/igusgus
copying igusgus/__init__.py -> /home/amrl-linux24-04/ros2_ben/build/igusgus/build/lib/igusgus
running install
running install_lib
creating /home/amrl-linux24-04/ros2_ben/install/igusgus/lib/python3.12/site-packages/igusgus
copying /home/amrl-linux24-04/ros2_ben/build/igusgus/build/lib/igusgus/__init__.py -> /home/amrl-linux24-04/ros2_ben/install/igusgus/lib/python3.12/site-packages/igusgus
byte-compiling /home/amrl-linux24-04/ros2_ben/install/igusgus/lib/python3.12/site-packages/igusgus/__init__.py to __init__.cpython-312.pyc
running install_data
creating /home/amrl-linux24-04/ros2_ben/install/igusgus/share/ament_index
creating /home/amrl-linux24-04/ros2_ben/install/igusgus/share/ament_index/resource_index
creating /home/amrl-linux24-04/ros2_ben/install/igusgus/share/ament_index/resource_index/packages
copying resource/igusgus -> /home/amrl-linux24-04/ros2_ben/install/igusgus/share/ament_index/resource_index/packages
copying package.xml -> /home/amrl-linux24-04/ros2_ben/install/igusgus/share/igusgus
creating /home/amrl-linux24-04/ros2_ben/install/igusgus/share/igusgus/launch
copying launch/igusgus_exec_process.py -> /home/amrl-linux24-04/ros2_ben/install/igusgus/share/igusgus/launch
copying launch/igusgus_launch.py -> /home/amrl-linux24-04/ros2_ben/install/igusgus/share/igusgus/launch
copying launch/igusgus_launch_orbbec.py -> /home/amrl-linux24-04/ros2_ben/install/igusgus/share/igusgus/launch
running install_egg_info
Copying ../../build/igusgus/igusgus.egg-info to /home/amrl-linux24-04/ros2_ben/install/igusgus/lib/python3.12/site-packages/igusgus-0.0.0-py3.12.egg-info
running install_scripts
writing list of installed files to '/home/amrl-linux24-04/ros2_ben/build/igusgus/install.log'
