[1.105s] Invoking command in '/home/amrl-linux24-04/ros2_ben/src/igusgus': DEBUGINFOD_URLS=https://debuginfod.ubuntu.com PYTHONPATH=/home/amrl-linux24-04/ros2_ben/build/igusgus/prefix_override:/usr/lib/python3/dist-packages/colcon_core/task/python/colcon_distutils_commands:/home/amrl-linux24-04/ros2_ben/install/igusgus/lib/python3.12/site-packages:${PYTHONPATH} /usr/bin/python3 -W ignore:setup.py install is deprecated -W ignore:easy_install command is deprecated setup.py egg_info --egg-base ../../build/igusgus build --build-base /home/amrl-linux24-04/ros2_ben/build/igusgus/build install --record /home/amrl-linux24-04/ros2_ben/build/igusgus/install.log --single-version-externally-managed install_data
[1.392s] running egg_info
[1.392s] creating ../../build/igusgus/igusgus.egg-info
[1.411s] writing ../../build/igusgus/igusgus.egg-info/PKG-INFO
[1.411s] writing dependency_links to ../../build/igusgus/igusgus.egg-info/dependency_links.txt
[1.411s] writing requirements to ../../build/igusgus/igusgus.egg-info/requires.txt
[1.412s] writing top-level names to ../../build/igusgus/igusgus.egg-info/top_level.txt
[1.412s] writing manifest file '../../build/igusgus/igusgus.egg-info/SOURCES.txt'
[1.446s] reading manifest file '../../build/igusgus/igusgus.egg-info/SOURCES.txt'
[1.446s] adding license file 'LICENSE'
[1.447s] writing manifest file '../../build/igusgus/igusgus.egg-info/SOURCES.txt'
[1.447s] running build
[1.447s] running build_py
[1.447s] creating /home/amrl-linux24-04/ros2_ben/build/igusgus/build
[1.447s] creating /home/amrl-linux24-04/ros2_ben/build/igusgus/build/lib
[1.447s] creating /home/amrl-linux24-04/ros2_ben/build/igusgus/build/lib/igusgus
[1.447s] copying igusgus/__init__.py -> /home/amrl-linux24-04/ros2_ben/build/igusgus/build/lib/igusgus
[1.447s] running install
[1.453s] running install_lib
[1.468s] creating /home/amrl-linux24-04/ros2_ben/install/igusgus/lib/python3.12/site-packages/igusgus
[1.468s] copying /home/amrl-linux24-04/ros2_ben/build/igusgus/build/lib/igusgus/__init__.py -> /home/amrl-linux24-04/ros2_ben/install/igusgus/lib/python3.12/site-packages/igusgus
[1.468s] byte-compiling /home/amrl-linux24-04/ros2_ben/install/igusgus/lib/python3.12/site-packages/igusgus/__init__.py to __init__.cpython-312.pyc
[1.469s] running install_data
[1.469s] creating /home/amrl-linux24-04/ros2_ben/install/igusgus/share/ament_index
[1.469s] creating /home/amrl-linux24-04/ros2_ben/install/igusgus/share/ament_index/resource_index
[1.469s] creating /home/amrl-linux24-04/ros2_ben/install/igusgus/share/ament_index/resource_index/packages
[1.469s] copying resource/igusgus -> /home/amrl-linux24-04/ros2_ben/install/igusgus/share/ament_index/resource_index/packages
[1.469s] copying package.xml -> /home/amrl-linux24-04/ros2_ben/install/igusgus/share/igusgus
[1.469s] creating /home/amrl-linux24-04/ros2_ben/install/igusgus/share/igusgus/launch
[1.469s] copying launch/igusgus_exec_process.py -> /home/amrl-linux24-04/ros2_ben/install/igusgus/share/igusgus/launch
[1.469s] copying launch/igusgus_launch.py -> /home/amrl-linux24-04/ros2_ben/install/igusgus/share/igusgus/launch
[1.469s] copying launch/igusgus_launch_orbbec.py -> /home/amrl-linux24-04/ros2_ben/install/igusgus/share/igusgus/launch
[1.470s] running install_egg_info
[1.484s] Copying ../../build/igusgus/igusgus.egg-info to /home/amrl-linux24-04/ros2_ben/install/igusgus/lib/python3.12/site-packages/igusgus-0.0.0-py3.12.egg-info
[1.485s] running install_scripts
[1.569s] writing list of installed files to '/home/amrl-linux24-04/ros2_ben/build/igusgus/install.log'
[1.590s] Invoked command in '/home/amrl-linux24-04/ros2_ben/src/igusgus' returned '0': DEBUGINFOD_URLS=https://debuginfod.ubuntu.com PYTHONPATH=/home/amrl-linux24-04/ros2_ben/build/igusgus/prefix_override:/usr/lib/python3/dist-packages/colcon_core/task/python/colcon_distutils_commands:/home/amrl-linux24-04/ros2_ben/install/igusgus/lib/python3.12/site-packages:${PYTHONPATH} /usr/bin/python3 -W ignore:setup.py install is deprecated -W ignore:easy_install command is deprecated setup.py egg_info --egg-base ../../build/igusgus build --build-base /home/amrl-linux24-04/ros2_ben/build/igusgus/build install --record /home/amrl-linux24-04/ros2_ben/build/igusgus/install.log --single-version-externally-managed install_data
