[0.007s] Invoking command in '/home/amrl-linux24-04/ros2_ben/build/igus_rebel_moveit_config': CMAKE_PREFIX_PATH=/home/amrl-linux24-04/ros2_ben/install/igus_rebel_description:/home/amrl-linux24-04/ros2_ben/install/orbbec_description:/home/amrl-linux24-04/ros2_ben/install/orbbec_camera:/home/amrl-linux24-04/ros2_ben/install/orbbec_camera_msgs:/home/amrl-linux24-04/ros2_ben/install/igus_rebel:/home/amrl-linux24-04/ros2_ben/install/igus_rebel_msgs:/home/amrl-linux24-04/ros2_ben/install/igus_rebel_moveit_config:/opt/ros/jazzy/opt/gz_sim_vendor:/opt/ros/jazzy/opt/gz_sensors_vendor:/opt/ros/jazzy/opt/gz_physics_vendor:/opt/ros/jazzy/opt/sdformat_vendor:/opt/ros/jazzy/opt/gz_gui_vendor:/opt/ros/jazzy/opt/gz_transport_vendor:/opt/ros/jazzy/opt/gz_rendering_vendor:/opt/ros/jazzy/opt/gz_plugin_vendor:/opt/ros/jazzy/opt/gz_fuel_tools_vendor:/opt/ros/jazzy/opt/gz_msgs_vendor:/opt/ros/jazzy/opt/gz_common_vendor:/opt/ros/jazzy/opt/gz_math_vendor:/opt/ros/jazzy/opt/gz_utils_vendor:/opt/ros/jazzy/opt/gz_tools_vendor:/opt/ros/jazzy/opt/gz_ogre_next_vendor:/opt/ros/jazzy/opt/gz_dartsim_vendor:/opt/ros/jazzy/opt/gz_cmake_vendor:/home/amrl-linux24-04/ros2_ben/install/igusgus_launch:/opt/ros/jazzy DEBUGINFOD_URLS=https://debuginfod.ubuntu.com /usr/bin/cmake --build /home/amrl-linux24-04/ros2_ben/build/igus_rebel_moveit_config -- -j22 -l22
[0.045s] Invoked command in '/home/amrl-linux24-04/ros2_ben/build/igus_rebel_moveit_config' returned '0': CMAKE_PREFIX_PATH=/home/amrl-linux24-04/ros2_ben/install/igus_rebel_description:/home/amrl-linux24-04/ros2_ben/install/orbbec_description:/home/amrl-linux24-04/ros2_ben/install/orbbec_camera:/home/amrl-linux24-04/ros2_ben/install/orbbec_camera_msgs:/home/amrl-linux24-04/ros2_ben/install/igus_rebel:/home/amrl-linux24-04/ros2_ben/install/igus_rebel_msgs:/home/amrl-linux24-04/ros2_ben/install/igus_rebel_moveit_config:/opt/ros/jazzy/opt/gz_sim_vendor:/opt/ros/jazzy/opt/gz_sensors_vendor:/opt/ros/jazzy/opt/gz_physics_vendor:/opt/ros/jazzy/opt/sdformat_vendor:/opt/ros/jazzy/opt/gz_gui_vendor:/opt/ros/jazzy/opt/gz_transport_vendor:/opt/ros/jazzy/opt/gz_rendering_vendor:/opt/ros/jazzy/opt/gz_plugin_vendor:/opt/ros/jazzy/opt/gz_fuel_tools_vendor:/opt/ros/jazzy/opt/gz_msgs_vendor:/opt/ros/jazzy/opt/gz_common_vendor:/opt/ros/jazzy/opt/gz_math_vendor:/opt/ros/jazzy/opt/gz_utils_vendor:/opt/ros/jazzy/opt/gz_tools_vendor:/opt/ros/jazzy/opt/gz_ogre_next_vendor:/opt/ros/jazzy/opt/gz_dartsim_vendor:/opt/ros/jazzy/opt/gz_cmake_vendor:/home/amrl-linux24-04/ros2_ben/install/igusgus_launch:/opt/ros/jazzy DEBUGINFOD_URLS=https://debuginfod.ubuntu.com /usr/bin/cmake --build /home/amrl-linux24-04/ros2_ben/build/igus_rebel_moveit_config -- -j22 -l22
[0.046s] Invoking command in '/home/amrl-linux24-04/ros2_ben/build/igus_rebel_moveit_config': CMAKE_PREFIX_PATH=/home/amrl-linux24-04/ros2_ben/install/igus_rebel_description:/home/amrl-linux24-04/ros2_ben/install/orbbec_description:/home/amrl-linux24-04/ros2_ben/install/orbbec_camera:/home/amrl-linux24-04/ros2_ben/install/orbbec_camera_msgs:/home/amrl-linux24-04/ros2_ben/install/igus_rebel:/home/amrl-linux24-04/ros2_ben/install/igus_rebel_msgs:/home/amrl-linux24-04/ros2_ben/install/igus_rebel_moveit_config:/opt/ros/jazzy/opt/gz_sim_vendor:/opt/ros/jazzy/opt/gz_sensors_vendor:/opt/ros/jazzy/opt/gz_physics_vendor:/opt/ros/jazzy/opt/sdformat_vendor:/opt/ros/jazzy/opt/gz_gui_vendor:/opt/ros/jazzy/opt/gz_transport_vendor:/opt/ros/jazzy/opt/gz_rendering_vendor:/opt/ros/jazzy/opt/gz_plugin_vendor:/opt/ros/jazzy/opt/gz_fuel_tools_vendor:/opt/ros/jazzy/opt/gz_msgs_vendor:/opt/ros/jazzy/opt/gz_common_vendor:/opt/ros/jazzy/opt/gz_math_vendor:/opt/ros/jazzy/opt/gz_utils_vendor:/opt/ros/jazzy/opt/gz_tools_vendor:/opt/ros/jazzy/opt/gz_ogre_next_vendor:/opt/ros/jazzy/opt/gz_dartsim_vendor:/opt/ros/jazzy/opt/gz_cmake_vendor:/home/amrl-linux24-04/ros2_ben/install/igusgus_launch:/opt/ros/jazzy DEBUGINFOD_URLS=https://debuginfod.ubuntu.com /usr/bin/cmake --install /home/amrl-linux24-04/ros2_ben/build/igus_rebel_moveit_config
[0.052s] -- Install configuration: "Release"
[0.052s] -- Up-to-date: /home/amrl-linux24-04/ros2_ben/install/igus_rebel_moveit_config/share/igus_rebel_moveit_config/launch
[0.052s] -- Up-to-date: /home/amrl-linux24-04/ros2_ben/install/igus_rebel_moveit_config/share/igus_rebel_moveit_config/launch/igus_rebel_motion_planner.launch.py
[0.053s] -- Up-to-date: /home/amrl-linux24-04/ros2_ben/install/igus_rebel_moveit_config/share/igus_rebel_moveit_config/launch/igusgus.rviz
[0.053s] -- Up-to-date: /home/amrl-linux24-04/ros2_ben/install/igus_rebel_moveit_config/share/igus_rebel_moveit_config/launch/move_group.launch.py
[0.053s] -- Up-to-date: /home/amrl-linux24-04/ros2_ben/install/igus_rebel_moveit_config/share/igus_rebel_moveit_config/launch/gazebo.launch.py
[0.053s] -- Up-to-date: /home/amrl-linux24-04/ros2_ben/install/igus_rebel_moveit_config/share/igus_rebel_moveit_config/launch/install
[0.053s] -- Up-to-date: /home/amrl-linux24-04/ros2_ben/install/igus_rebel_moveit_config/share/igus_rebel_moveit_config/launch/install/COLCON_IGNORE
[0.053s] -- Up-to-date: /home/amrl-linux24-04/ros2_ben/install/igus_rebel_moveit_config/share/igus_rebel_moveit_config/launch/install/setup.zsh
[0.053s] -- Up-to-date: /home/amrl-linux24-04/ros2_ben/install/igus_rebel_moveit_config/share/igus_rebel_moveit_config/launch/install/_local_setup_util_sh.py
[0.053s] -- Up-to-date: /home/amrl-linux24-04/ros2_ben/install/igus_rebel_moveit_config/share/igus_rebel_moveit_config/launch/install/local_setup.bash
[0.053s] -- Up-to-date: /home/amrl-linux24-04/ros2_ben/install/igus_rebel_moveit_config/share/igus_rebel_moveit_config/launch/install/local_setup.ps1
[0.053s] -- Up-to-date: /home/amrl-linux24-04/ros2_ben/install/igus_rebel_moveit_config/share/igus_rebel_moveit_config/launch/install/local_setup.sh
[0.053s] -- Up-to-date: /home/amrl-linux24-04/ros2_ben/install/igus_rebel_moveit_config/share/igus_rebel_moveit_config/launch/install/setup.ps1
[0.053s] -- Up-to-date: /home/amrl-linux24-04/ros2_ben/install/igus_rebel_moveit_config/share/igus_rebel_moveit_config/launch/install/_local_setup_util_ps1.py
[0.053s] -- Up-to-date: /home/amrl-linux24-04/ros2_ben/install/igus_rebel_moveit_config/share/igus_rebel_moveit_config/launch/install/.colcon_install_layout
[0.054s] -- Up-to-date: /home/amrl-linux24-04/ros2_ben/install/igus_rebel_moveit_config/share/igus_rebel_moveit_config/launch/install/setup.sh
[0.054s] -- Up-to-date: /home/amrl-linux24-04/ros2_ben/install/igus_rebel_moveit_config/share/igus_rebel_moveit_config/launch/install/local_setup.zsh
[0.054s] -- Up-to-date: /home/amrl-linux24-04/ros2_ben/install/igus_rebel_moveit_config/share/igus_rebel_moveit_config/launch/install/setup.bash
[0.054s] -- Up-to-date: /home/amrl-linux24-04/ros2_ben/install/igus_rebel_moveit_config/share/igus_rebel_moveit_config/launch/moveit.rviz
[0.054s] -- Up-to-date: /home/amrl-linux24-04/ros2_ben/install/igus_rebel_moveit_config/share/igus_rebel_moveit_config/launch/build
[0.054s] -- Up-to-date: /home/amrl-linux24-04/ros2_ben/install/igus_rebel_moveit_config/share/igus_rebel_moveit_config/launch/build/COLCON_IGNORE
[0.054s] -- Up-to-date: /home/amrl-linux24-04/ros2_ben/install/igus_rebel_moveit_config/share/igus_rebel_moveit_config/launch/build/.built_by
[0.054s] -- Up-to-date: /home/amrl-linux24-04/ros2_ben/install/igus_rebel_moveit_config/share/igus_rebel_moveit_config/launch/log
[0.054s] -- Up-to-date: /home/amrl-linux24-04/ros2_ben/install/igus_rebel_moveit_config/share/igus_rebel_moveit_config/launch/log/build_2025-09-11_14-48-16
[0.054s] -- Up-to-date: /home/amrl-linux24-04/ros2_ben/install/igus_rebel_moveit_config/share/igus_rebel_moveit_config/launch/log/build_2025-09-11_14-48-16/events.log
[0.055s] -- Up-to-date: /home/amrl-linux24-04/ros2_ben/install/igus_rebel_moveit_config/share/igus_rebel_moveit_config/launch/log/build_2025-09-11_14-48-16/logger_all.log
[0.055s] -- Up-to-date: /home/amrl-linux24-04/ros2_ben/install/igus_rebel_moveit_config/share/igus_rebel_moveit_config/launch/log/COLCON_IGNORE
[0.055s] -- Up-to-date: /home/amrl-linux24-04/ros2_ben/install/igus_rebel_moveit_config/share/igus_rebel_moveit_config/launch/log/latest_build
[0.055s] -- Up-to-date: /home/amrl-linux24-04/ros2_ben/install/igus_rebel_moveit_config/share/igus_rebel_moveit_config/launch/log/latest
[0.055s] -- Up-to-date: /home/amrl-linux24-04/ros2_ben/install/igus_rebel_moveit_config/share/igus_rebel_moveit_config/launch/moveit_rviz.launch.py
[0.055s] -- Up-to-date: /home/amrl-linux24-04/ros2_ben/install/igus_rebel_moveit_config/share/igus_rebel_moveit_config/launch/ros_controllers.launch.py
[0.055s] -- Up-to-date: /home/amrl-linux24-04/ros2_ben/install/igus_rebel_moveit_config/share/igus_rebel_moveit_config/launch/igus_rebel_simulated.launch.py
[0.055s] -- Up-to-date: /home/amrl-linux24-04/ros2_ben/install/igus_rebel_moveit_config/share/igus_rebel_moveit_config/config
[0.055s] -- Up-to-date: /home/amrl-linux24-04/ros2_ben/install/igus_rebel_moveit_config/share/igus_rebel_moveit_config/config/ompl_planning.yaml
[0.055s] -- Up-to-date: /home/amrl-linux24-04/ros2_ben/install/igus_rebel_moveit_config/share/igus_rebel_moveit_config/config/pilz_industrial_motion_planner_planning.yaml
[0.055s] -- Up-to-date: /home/amrl-linux24-04/ros2_ben/install/igus_rebel_moveit_config/share/igus_rebel_moveit_config/config/initial_positions.yaml
[0.055s] -- Up-to-date: /home/amrl-linux24-04/ros2_ben/install/igus_rebel_moveit_config/share/igus_rebel_moveit_config/config/gz_bridge.yaml
[0.056s] -- Up-to-date: /home/amrl-linux24-04/ros2_ben/install/igus_rebel_moveit_config/share/igus_rebel_moveit_config/config/kinematics.yaml
[0.056s] -- Up-to-date: /home/amrl-linux24-04/ros2_ben/install/igus_rebel_moveit_config/share/igus_rebel_moveit_config/config/pilz_cartesian_limits.yaml
[0.056s] -- Up-to-date: /home/amrl-linux24-04/ros2_ben/install/igus_rebel_moveit_config/share/igus_rebel_moveit_config/config/moveit_controllers.yaml
[0.056s] -- Up-to-date: /home/amrl-linux24-04/ros2_ben/install/igus_rebel_moveit_config/share/igus_rebel_moveit_config/config/joint_limits.yaml
[0.056s] -- Up-to-date: /home/amrl-linux24-04/ros2_ben/install/igus_rebel_moveit_config/share/igus_rebel_moveit_config/config/ros_controllers.yaml
[0.056s] -- Up-to-date: /home/amrl-linux24-04/ros2_ben/install/igus_rebel_moveit_config/share/igus_rebel_moveit_config/config/stomp_planning.yaml
[0.056s] -- Up-to-date: /home/amrl-linux24-04/ros2_ben/install/igus_rebel_moveit_config/share/igus_rebel_moveit_config/config/igus_rebel2.srdf
[0.056s] -- Up-to-date: /home/amrl-linux24-04/ros2_ben/install/igus_rebel_moveit_config/share/ament_index/resource_index/package_run_dependencies/igus_rebel_moveit_config
[0.056s] -- Up-to-date: /home/amrl-linux24-04/ros2_ben/install/igus_rebel_moveit_config/share/ament_index/resource_index/parent_prefix_path/igus_rebel_moveit_config
[0.056s] -- Up-to-date: /home/amrl-linux24-04/ros2_ben/install/igus_rebel_moveit_config/share/igus_rebel_moveit_config/environment/ament_prefix_path.sh
[0.056s] -- Up-to-date: /home/amrl-linux24-04/ros2_ben/install/igus_rebel_moveit_config/share/igus_rebel_moveit_config/environment/ament_prefix_path.dsv
[0.056s] -- Up-to-date: /home/amrl-linux24-04/ros2_ben/install/igus_rebel_moveit_config/share/igus_rebel_moveit_config/environment/path.sh
[0.056s] -- Up-to-date: /home/amrl-linux24-04/ros2_ben/install/igus_rebel_moveit_config/share/igus_rebel_moveit_config/environment/path.dsv
[0.057s] -- Up-to-date: /home/amrl-linux24-04/ros2_ben/install/igus_rebel_moveit_config/share/igus_rebel_moveit_config/local_setup.bash
[0.057s] -- Up-to-date: /home/amrl-linux24-04/ros2_ben/install/igus_rebel_moveit_config/share/igus_rebel_moveit_config/local_setup.sh
[0.057s] -- Up-to-date: /home/amrl-linux24-04/ros2_ben/install/igus_rebel_moveit_config/share/igus_rebel_moveit_config/local_setup.zsh
[0.057s] -- Up-to-date: /home/amrl-linux24-04/ros2_ben/install/igus_rebel_moveit_config/share/igus_rebel_moveit_config/local_setup.dsv
[0.057s] -- Installing: /home/amrl-linux24-04/ros2_ben/install/igus_rebel_moveit_config/share/igus_rebel_moveit_config/package.dsv
[0.057s] -- Up-to-date: /home/amrl-linux24-04/ros2_ben/install/igus_rebel_moveit_config/share/ament_index/resource_index/packages/igus_rebel_moveit_config
[0.057s] -- Up-to-date: /home/amrl-linux24-04/ros2_ben/install/igus_rebel_moveit_config/share/igus_rebel_moveit_config/cmake/igus_rebel_moveit_configConfig.cmake
[0.057s] -- Up-to-date: /home/amrl-linux24-04/ros2_ben/install/igus_rebel_moveit_config/share/igus_rebel_moveit_config/cmake/igus_rebel_moveit_configConfig-version.cmake
[0.057s] -- Up-to-date: /home/amrl-linux24-04/ros2_ben/install/igus_rebel_moveit_config/share/igus_rebel_moveit_config/package.xml
[0.058s] Invoked command in '/home/amrl-linux24-04/ros2_ben/build/igus_rebel_moveit_config' returned '0': CMAKE_PREFIX_PATH=/home/amrl-linux24-04/ros2_ben/install/igus_rebel_description:/home/amrl-linux24-04/ros2_ben/install/orbbec_description:/home/amrl-linux24-04/ros2_ben/install/orbbec_camera:/home/amrl-linux24-04/ros2_ben/install/orbbec_camera_msgs:/home/amrl-linux24-04/ros2_ben/install/igus_rebel:/home/amrl-linux24-04/ros2_ben/install/igus_rebel_msgs:/home/amrl-linux24-04/ros2_ben/install/igus_rebel_moveit_config:/opt/ros/jazzy/opt/gz_sim_vendor:/opt/ros/jazzy/opt/gz_sensors_vendor:/opt/ros/jazzy/opt/gz_physics_vendor:/opt/ros/jazzy/opt/sdformat_vendor:/opt/ros/jazzy/opt/gz_gui_vendor:/opt/ros/jazzy/opt/gz_transport_vendor:/opt/ros/jazzy/opt/gz_rendering_vendor:/opt/ros/jazzy/opt/gz_plugin_vendor:/opt/ros/jazzy/opt/gz_fuel_tools_vendor:/opt/ros/jazzy/opt/gz_msgs_vendor:/opt/ros/jazzy/opt/gz_common_vendor:/opt/ros/jazzy/opt/gz_math_vendor:/opt/ros/jazzy/opt/gz_utils_vendor:/opt/ros/jazzy/opt/gz_tools_vendor:/opt/ros/jazzy/opt/gz_ogre_next_vendor:/opt/ros/jazzy/opt/gz_dartsim_vendor:/opt/ros/jazzy/opt/gz_cmake_vendor:/home/amrl-linux24-04/ros2_ben/install/igusgus_launch:/opt/ros/jazzy DEBUGINFOD_URLS=https://debuginfod.ubuntu.com /usr/bin/cmake --install /home/amrl-linux24-04/ros2_ben/build/igus_rebel_moveit_config
