[0.017s] Invoking command in '/home/amrl-linux24-04/ros2_ben/build/yolo_msgs': CMAKE_PREFIX_PATH=${CMAKE_PREFIX_PATH}:/home/amrl-linux24-04/ros2_ben/install/yolo_ros:/home/amrl-linux24-04/ros2_ben/install/igusgus_launch:/home/amrl-linux24-04/ros2_ben/install/igusgus:/opt/ros/jazzy DEBUGINFOD_URLS=https://debuginfod.ubuntu.com /usr/bin/cmake --build /home/amrl-linux24-04/ros2_ben/build/yolo_msgs -- -j22 -l22
[0.068s] [  0%] Built target yolo_msgs__rosidl_generator_type_description
[0.078s] [  0%] Built target ament_cmake_python_copy_yolo_msgs
[0.086s] [  0%] Built target yolo_msgs__cpp
[0.096s] [ 26%] Built target yolo_msgs__rosidl_generator_c
[0.127s] [ 36%] Built target yolo_msgs__rosidl_typesupport_fastrtps_cpp
[0.129s] [ 46%] Built target yolo_msgs__rosidl_typesupport_c
[0.131s] [ 58%] Built target yolo_msgs__rosidl_typesupport_introspection_cpp
[0.132s] [ 66%] Built target yolo_msgs__rosidl_typesupport_cpp
[0.132s] [ 76%] Built target yolo_msgs__rosidl_typesupport_introspection_c
[0.134s] [ 85%] Built target yolo_msgs__rosidl_typesupport_fastrtps_c
[0.154s] [ 85%] Built target yolo_msgs
[0.174s] [ 86%] Built target yolo_msgs__py
[0.200s] [ 96%] Built target yolo_msgs__rosidl_generator_py
[0.220s] [ 97%] Built target yolo_msgs_s__rosidl_typesupport_c
[0.221s] [ 98%] Built target yolo_msgs_s__rosidl_typesupport_fastrtps_c
[0.224s] [100%] Built target yolo_msgs_s__rosidl_typesupport_introspection_c
[0.262s] running egg_info
[0.275s] writing yolo_msgs.egg-info/PKG-INFO
[0.276s] writing dependency_links to yolo_msgs.egg-info/dependency_links.txt
[0.276s] writing top-level names to yolo_msgs.egg-info/top_level.txt
[0.316s] reading manifest file 'yolo_msgs.egg-info/SOURCES.txt'
[0.316s] writing manifest file 'yolo_msgs.egg-info/SOURCES.txt'
[0.337s] [100%] Built target ament_cmake_python_build_yolo_msgs_egg
[0.352s] Invoked command in '/home/amrl-linux24-04/ros2_ben/build/yolo_msgs' returned '0': CMAKE_PREFIX_PATH=${CMAKE_PREFIX_PATH}:/home/amrl-linux24-04/ros2_ben/install/yolo_ros:/home/amrl-linux24-04/ros2_ben/install/igusgus_launch:/home/amrl-linux24-04/ros2_ben/install/igusgus:/opt/ros/jazzy DEBUGINFOD_URLS=https://debuginfod.ubuntu.com /usr/bin/cmake --build /home/amrl-linux24-04/ros2_ben/build/yolo_msgs -- -j22 -l22
[0.353s] Invoking command in '/home/amrl-linux24-04/ros2_ben/build/yolo_msgs': CMAKE_PREFIX_PATH=${CMAKE_PREFIX_PATH}:/home/amrl-linux24-04/ros2_ben/install/yolo_ros:/home/amrl-linux24-04/ros2_ben/install/igusgus_launch:/home/amrl-linux24-04/ros2_ben/install/igusgus:/opt/ros/jazzy DEBUGINFOD_URLS=https://debuginfod.ubuntu.com /usr/bin/cmake --install /home/amrl-linux24-04/ros2_ben/build/yolo_msgs
[0.363s] -- Install configuration: ""
[0.363s] -- Up-to-date: /home/amrl-linux24-04/ros2_ben/install/yolo_msgs/share/ament_index/resource_index/rosidl_interfaces/yolo_msgs
[0.363s] -- Up-to-date: /home/amrl-linux24-04/ros2_ben/install/yolo_msgs/share/yolo_msgs/msg/Point2D.json
[0.363s] -- Up-to-date: /home/amrl-linux24-04/ros2_ben/install/yolo_msgs/share/yolo_msgs/msg/Vector2.json
[0.363s] -- Up-to-date: /home/amrl-linux24-04/ros2_ben/install/yolo_msgs/share/yolo_msgs/msg/Pose2D.json
[0.364s] -- Up-to-date: /home/amrl-linux24-04/ros2_ben/install/yolo_msgs/share/yolo_msgs/msg/BoundingBox2D.json
[0.364s] -- Up-to-date: /home/amrl-linux24-04/ros2_ben/install/yolo_msgs/share/yolo_msgs/msg/BoundingBox3D.json
[0.364s] -- Up-to-date: /home/amrl-linux24-04/ros2_ben/install/yolo_msgs/share/yolo_msgs/msg/Mask.json
[0.364s] -- Up-to-date: /home/amrl-linux24-04/ros2_ben/install/yolo_msgs/share/yolo_msgs/msg/KeyPoint2D.json
[0.364s] -- Up-to-date: /home/amrl-linux24-04/ros2_ben/install/yolo_msgs/share/yolo_msgs/msg/KeyPoint2DArray.json
[0.364s] -- Up-to-date: /home/amrl-linux24-04/ros2_ben/install/yolo_msgs/share/yolo_msgs/msg/KeyPoint3D.json
[0.364s] -- Up-to-date: /home/amrl-linux24-04/ros2_ben/install/yolo_msgs/share/yolo_msgs/msg/KeyPoint3DArray.json
[0.364s] -- Up-to-date: /home/amrl-linux24-04/ros2_ben/install/yolo_msgs/share/yolo_msgs/msg/Detection.json
[0.364s] -- Up-to-date: /home/amrl-linux24-04/ros2_ben/install/yolo_msgs/share/yolo_msgs/msg/DetectionArray.json
[0.365s] -- Up-to-date: /home/amrl-linux24-04/ros2_ben/install/yolo_msgs/share/yolo_msgs/srv/SetClasses.json
[0.365s] -- Up-to-date: /home/amrl-linux24-04/ros2_ben/install/yolo_msgs/include/yolo_msgs/yolo_msgs
[0.365s] -- Up-to-date: /home/amrl-linux24-04/ros2_ben/install/yolo_msgs/include/yolo_msgs/yolo_msgs/srv
[0.365s] -- Up-to-date: /home/amrl-linux24-04/ros2_ben/install/yolo_msgs/include/yolo_msgs/yolo_msgs/srv/detail
[0.365s] -- Up-to-date: /home/amrl-linux24-04/ros2_ben/install/yolo_msgs/include/yolo_msgs/yolo_msgs/srv/detail/set_classes__functions.h
[0.365s] -- Up-to-date: /home/amrl-linux24-04/ros2_ben/install/yolo_msgs/include/yolo_msgs/yolo_msgs/srv/detail/set_classes__type_support.h
[0.365s] -- Up-to-date: /home/amrl-linux24-04/ros2_ben/install/yolo_msgs/include/yolo_msgs/yolo_msgs/srv/detail/set_classes__struct.h
[0.365s] -- Up-to-date: /home/amrl-linux24-04/ros2_ben/install/yolo_msgs/include/yolo_msgs/yolo_msgs/srv/detail/set_classes__functions.c
[0.365s] -- Installing: /home/amrl-linux24-04/ros2_ben/install/yolo_msgs/include/yolo_msgs/yolo_msgs/srv/detail/set_classes__type_support.c
[0.365s] -- Up-to-date: /home/amrl-linux24-04/ros2_ben/install/yolo_msgs/include/yolo_msgs/yolo_msgs/srv/detail/set_classes__description.c
[0.365s] -- Up-to-date: /home/amrl-linux24-04/ros2_ben/install/yolo_msgs/include/yolo_msgs/yolo_msgs/srv/set_classes.h
[0.365s] -- Up-to-date: /home/amrl-linux24-04/ros2_ben/install/yolo_msgs/include/yolo_msgs/yolo_msgs/msg
[0.365s] -- Up-to-date: /home/amrl-linux24-04/ros2_ben/install/yolo_msgs/include/yolo_msgs/yolo_msgs/msg/detection.h
[0.365s] -- Up-to-date: /home/amrl-linux24-04/ros2_ben/install/yolo_msgs/include/yolo_msgs/yolo_msgs/msg/mask.h
[0.365s] -- Up-to-date: /home/amrl-linux24-04/ros2_ben/install/yolo_msgs/include/yolo_msgs/yolo_msgs/msg/key_point2_d_array.h
[0.365s] -- Up-to-date: /home/amrl-linux24-04/ros2_ben/install/yolo_msgs/include/yolo_msgs/yolo_msgs/msg/detail
[0.365s] -- Up-to-date: /home/amrl-linux24-04/ros2_ben/install/yolo_msgs/include/yolo_msgs/yolo_msgs/msg/detail/key_point3_d_array__functions.h
[0.365s] -- Installing: /home/amrl-linux24-04/ros2_ben/install/yolo_msgs/include/yolo_msgs/yolo_msgs/msg/detail/key_point2_d_array__type_support.c
[0.365s] -- Up-to-date: /home/amrl-linux24-04/ros2_ben/install/yolo_msgs/include/yolo_msgs/yolo_msgs/msg/detail/bounding_box2_d__type_support.h
[0.366s] -- Installing: /home/amrl-linux24-04/ros2_ben/install/yolo_msgs/include/yolo_msgs/yolo_msgs/msg/detail/point2_d__type_support.c
[0.366s] -- Up-to-date: /home/amrl-linux24-04/ros2_ben/install/yolo_msgs/include/yolo_msgs/yolo_msgs/msg/detail/pose2_d__functions.h
[0.366s] -- Up-to-date: /home/amrl-linux24-04/ros2_ben/install/yolo_msgs/include/yolo_msgs/yolo_msgs/msg/detail/key_point2_d__functions.h
[0.366s] -- Up-to-date: /home/amrl-linux24-04/ros2_ben/install/yolo_msgs/include/yolo_msgs/yolo_msgs/msg/detail/bounding_box2_d__struct.h
[0.366s] -- Up-to-date: /home/amrl-linux24-04/ros2_ben/install/yolo_msgs/include/yolo_msgs/yolo_msgs/msg/detail/mask__type_support.h
[0.366s] -- Installing: /home/amrl-linux24-04/ros2_ben/install/yolo_msgs/include/yolo_msgs/yolo_msgs/msg/detail/key_point2_d__type_support.c
[0.366s] -- Up-to-date: /home/amrl-linux24-04/ros2_ben/install/yolo_msgs/include/yolo_msgs/yolo_msgs/msg/detail/bounding_box2_d__description.c
[0.366s] -- Installing: /home/amrl-linux24-04/ros2_ben/install/yolo_msgs/include/yolo_msgs/yolo_msgs/msg/detail/detection__type_support.c
[0.366s] -- Up-to-date: /home/amrl-linux24-04/ros2_ben/install/yolo_msgs/include/yolo_msgs/yolo_msgs/msg/detail/vector2__struct.h
[0.366s] -- Up-to-date: /home/amrl-linux24-04/ros2_ben/install/yolo_msgs/include/yolo_msgs/yolo_msgs/msg/detail/key_point3_d__functions.c
[0.366s] -- Up-to-date: /home/amrl-linux24-04/ros2_ben/install/yolo_msgs/include/yolo_msgs/yolo_msgs/msg/detail/key_point2_d_array__struct.h
[0.366s] -- Up-to-date: /home/amrl-linux24-04/ros2_ben/install/yolo_msgs/include/yolo_msgs/yolo_msgs/msg/detail/bounding_box3_d__functions.c
[0.366s] -- Up-to-date: /home/amrl-linux24-04/ros2_ben/install/yolo_msgs/include/yolo_msgs/yolo_msgs/msg/detail/bounding_box2_d__functions.c
[0.366s] -- Installing: /home/amrl-linux24-04/ros2_ben/install/yolo_msgs/include/yolo_msgs/yolo_msgs/msg/detail/key_point3_d__type_support.c
[0.366s] -- Up-to-date: /home/amrl-linux24-04/ros2_ben/install/yolo_msgs/include/yolo_msgs/yolo_msgs/msg/detail/pose2_d__type_support.h
[0.366s] -- Up-to-date: /home/amrl-linux24-04/ros2_ben/install/yolo_msgs/include/yolo_msgs/yolo_msgs/msg/detail/point2_d__struct.h
[0.366s] -- Up-to-date: /home/amrl-linux24-04/ros2_ben/install/yolo_msgs/include/yolo_msgs/yolo_msgs/msg/detail/bounding_box3_d__type_support.h
[0.366s] -- Up-to-date: /home/amrl-linux24-04/ros2_ben/install/yolo_msgs/include/yolo_msgs/yolo_msgs/msg/detail/mask__description.c
[0.366s] -- Up-to-date: /home/amrl-linux24-04/ros2_ben/install/yolo_msgs/include/yolo_msgs/yolo_msgs/msg/detail/key_point3_d__type_support.h
[0.366s] -- Up-to-date: /home/amrl-linux24-04/ros2_ben/install/yolo_msgs/include/yolo_msgs/yolo_msgs/msg/detail/key_point3_d__description.c
[0.367s] -- Up-to-date: /home/amrl-linux24-04/ros2_ben/install/yolo_msgs/include/yolo_msgs/yolo_msgs/msg/detail/key_point3_d_array__struct.h
[0.367s] -- Up-to-date: /home/amrl-linux24-04/ros2_ben/install/yolo_msgs/include/yolo_msgs/yolo_msgs/msg/detail/mask__functions.c
[0.367s] -- Up-to-date: /home/amrl-linux24-04/ros2_ben/install/yolo_msgs/include/yolo_msgs/yolo_msgs/msg/detail/key_point3_d__functions.h
[0.367s] -- Up-to-date: /home/amrl-linux24-04/ros2_ben/install/yolo_msgs/include/yolo_msgs/yolo_msgs/msg/detail/vector2__functions.c
[0.367s] -- Installing: /home/amrl-linux24-04/ros2_ben/install/yolo_msgs/include/yolo_msgs/yolo_msgs/msg/detail/bounding_box3_d__type_support.c
[0.367s] -- Up-to-date: /home/amrl-linux24-04/ros2_ben/install/yolo_msgs/include/yolo_msgs/yolo_msgs/msg/detail/bounding_box3_d__struct.h
[0.367s] -- Up-to-date: /home/amrl-linux24-04/ros2_ben/install/yolo_msgs/include/yolo_msgs/yolo_msgs/msg/detail/key_point2_d__functions.c
[0.367s] -- Up-to-date: /home/amrl-linux24-04/ros2_ben/install/yolo_msgs/include/yolo_msgs/yolo_msgs/msg/detail/key_point2_d__description.c
[0.367s] -- Up-to-date: /home/amrl-linux24-04/ros2_ben/install/yolo_msgs/include/yolo_msgs/yolo_msgs/msg/detail/bounding_box3_d__functions.h
[0.367s] -- Up-to-date: /home/amrl-linux24-04/ros2_ben/install/yolo_msgs/include/yolo_msgs/yolo_msgs/msg/detail/key_point3_d__struct.h
[0.367s] -- Up-to-date: /home/amrl-linux24-04/ros2_ben/install/yolo_msgs/include/yolo_msgs/yolo_msgs/msg/detail/pose2_d__struct.h
[0.367s] -- Installing: /home/amrl-linux24-04/ros2_ben/install/yolo_msgs/include/yolo_msgs/yolo_msgs/msg/detail/key_point3_d_array__type_support.c
[0.367s] -- Installing: /home/amrl-linux24-04/ros2_ben/install/yolo_msgs/include/yolo_msgs/yolo_msgs/msg/detail/vector2__type_support.c
[0.367s] -- Up-to-date: /home/amrl-linux24-04/ros2_ben/install/yolo_msgs/include/yolo_msgs/yolo_msgs/msg/detail/key_point2_d_array__functions.c
[0.367s] -- Up-to-date: /home/amrl-linux24-04/ros2_ben/install/yolo_msgs/include/yolo_msgs/yolo_msgs/msg/detail/point2_d__type_support.h
[0.367s] -- Up-to-date: /home/amrl-linux24-04/ros2_ben/install/yolo_msgs/include/yolo_msgs/yolo_msgs/msg/detail/mask__functions.h
[0.367s] -- Up-to-date: /home/amrl-linux24-04/ros2_ben/install/yolo_msgs/include/yolo_msgs/yolo_msgs/msg/detail/key_point2_d_array__functions.h
[0.367s] -- Up-to-date: /home/amrl-linux24-04/ros2_ben/install/yolo_msgs/include/yolo_msgs/yolo_msgs/msg/detail/key_point2_d_array__description.c
[0.367s] -- Up-to-date: /home/amrl-linux24-04/ros2_ben/install/yolo_msgs/include/yolo_msgs/yolo_msgs/msg/detail/key_point2_d__struct.h
[0.368s] -- Up-to-date: /home/amrl-linux24-04/ros2_ben/install/yolo_msgs/include/yolo_msgs/yolo_msgs/msg/detail/detection_array__type_support.h
[0.368s] -- Installing: /home/amrl-linux24-04/ros2_ben/install/yolo_msgs/include/yolo_msgs/yolo_msgs/msg/detail/detection_array__type_support.c
[0.368s] -- Up-to-date: /home/amrl-linux24-04/ros2_ben/install/yolo_msgs/include/yolo_msgs/yolo_msgs/msg/detail/detection__description.c
[0.368s] -- Up-to-date: /home/amrl-linux24-04/ros2_ben/install/yolo_msgs/include/yolo_msgs/yolo_msgs/msg/detail/pose2_d__functions.c
[0.368s] -- Up-to-date: /home/amrl-linux24-04/ros2_ben/install/yolo_msgs/include/yolo_msgs/yolo_msgs/msg/detail/mask__struct.h
[0.368s] -- Up-to-date: /home/amrl-linux24-04/ros2_ben/install/yolo_msgs/include/yolo_msgs/yolo_msgs/msg/detail/bounding_box2_d__functions.h
[0.368s] -- Up-to-date: /home/amrl-linux24-04/ros2_ben/install/yolo_msgs/include/yolo_msgs/yolo_msgs/msg/detail/key_point3_d_array__description.c
[0.368s] -- Up-to-date: /home/amrl-linux24-04/ros2_ben/install/yolo_msgs/include/yolo_msgs/yolo_msgs/msg/detail/detection_array__functions.h
[0.368s] -- Up-to-date: /home/amrl-linux24-04/ros2_ben/install/yolo_msgs/include/yolo_msgs/yolo_msgs/msg/detail/vector2__description.c
[0.368s] -- Up-to-date: /home/amrl-linux24-04/ros2_ben/install/yolo_msgs/include/yolo_msgs/yolo_msgs/msg/detail/key_point2_d_array__type_support.h
[0.368s] -- Up-to-date: /home/amrl-linux24-04/ros2_ben/install/yolo_msgs/include/yolo_msgs/yolo_msgs/msg/detail/detection__functions.c
[0.368s] -- Up-to-date: /home/amrl-linux24-04/ros2_ben/install/yolo_msgs/include/yolo_msgs/yolo_msgs/msg/detail/detection__type_support.h
[0.368s] -- Up-to-date: /home/amrl-linux24-04/ros2_ben/install/yolo_msgs/include/yolo_msgs/yolo_msgs/msg/detail/vector2__type_support.h
[0.368s] -- Up-to-date: /home/amrl-linux24-04/ros2_ben/install/yolo_msgs/include/yolo_msgs/yolo_msgs/msg/detail/detection_array__description.c
[0.368s] -- Up-to-date: /home/amrl-linux24-04/ros2_ben/install/yolo_msgs/include/yolo_msgs/yolo_msgs/msg/detail/pose2_d__description.c
[0.368s] -- Installing: /home/amrl-linux24-04/ros2_ben/install/yolo_msgs/include/yolo_msgs/yolo_msgs/msg/detail/mask__type_support.c
[0.368s] -- Up-to-date: /home/amrl-linux24-04/ros2_ben/install/yolo_msgs/include/yolo_msgs/yolo_msgs/msg/detail/key_point3_d_array__functions.c
[0.369s] -- Up-to-date: /home/amrl-linux24-04/ros2_ben/install/yolo_msgs/include/yolo_msgs/yolo_msgs/msg/detail/point2_d__functions.h
[0.369s] -- Up-to-date: /home/amrl-linux24-04/ros2_ben/install/yolo_msgs/include/yolo_msgs/yolo_msgs/msg/detail/point2_d__description.c
[0.369s] -- Up-to-date: /home/amrl-linux24-04/ros2_ben/install/yolo_msgs/include/yolo_msgs/yolo_msgs/msg/detail/key_point3_d_array__type_support.h
[0.369s] -- Up-to-date: /home/amrl-linux24-04/ros2_ben/install/yolo_msgs/include/yolo_msgs/yolo_msgs/msg/detail/detection__struct.h
[0.369s] -- Up-to-date: /home/amrl-linux24-04/ros2_ben/install/yolo_msgs/include/yolo_msgs/yolo_msgs/msg/detail/point2_d__functions.c
[0.369s] -- Up-to-date: /home/amrl-linux24-04/ros2_ben/install/yolo_msgs/include/yolo_msgs/yolo_msgs/msg/detail/detection__functions.h
[0.369s] -- Up-to-date: /home/amrl-linux24-04/ros2_ben/install/yolo_msgs/include/yolo_msgs/yolo_msgs/msg/detail/bounding_box3_d__description.c
[0.369s] -- Up-to-date: /home/amrl-linux24-04/ros2_ben/install/yolo_msgs/include/yolo_msgs/yolo_msgs/msg/detail/key_point2_d__type_support.h
[0.369s] -- Up-to-date: /home/amrl-linux24-04/ros2_ben/install/yolo_msgs/include/yolo_msgs/yolo_msgs/msg/detail/detection_array__functions.c
[0.370s] -- Up-to-date: /home/amrl-linux24-04/ros2_ben/install/yolo_msgs/include/yolo_msgs/yolo_msgs/msg/detail/detection_array__struct.h
[0.371s] -- Installing: /home/amrl-linux24-04/ros2_ben/install/yolo_msgs/include/yolo_msgs/yolo_msgs/msg/detail/bounding_box2_d__type_support.c
[0.371s] -- Installing: /home/amrl-linux24-04/ros2_ben/install/yolo_msgs/include/yolo_msgs/yolo_msgs/msg/detail/pose2_d__type_support.c
[0.371s] -- Up-to-date: /home/amrl-linux24-04/ros2_ben/install/yolo_msgs/include/yolo_msgs/yolo_msgs/msg/detail/vector2__functions.h
[0.371s] -- Up-to-date: /home/amrl-linux24-04/ros2_ben/install/yolo_msgs/include/yolo_msgs/yolo_msgs/msg/key_point2_d.h
[0.371s] -- Up-to-date: /home/amrl-linux24-04/ros2_ben/install/yolo_msgs/include/yolo_msgs/yolo_msgs/msg/pose2_d.h
[0.371s] -- Up-to-date: /home/amrl-linux24-04/ros2_ben/install/yolo_msgs/include/yolo_msgs/yolo_msgs/msg/key_point3_d_array.h
[0.371s] -- Up-to-date: /home/amrl-linux24-04/ros2_ben/install/yolo_msgs/include/yolo_msgs/yolo_msgs/msg/detection_array.h
[0.371s] -- Up-to-date: /home/amrl-linux24-04/ros2_ben/install/yolo_msgs/include/yolo_msgs/yolo_msgs/msg/vector2.h
[0.371s] -- Up-to-date: /home/amrl-linux24-04/ros2_ben/install/yolo_msgs/include/yolo_msgs/yolo_msgs/msg/bounding_box2_d.h
[0.371s] -- Up-to-date: /home/amrl-linux24-04/ros2_ben/install/yolo_msgs/include/yolo_msgs/yolo_msgs/msg/bounding_box3_d.h
[0.371s] -- Up-to-date: /home/amrl-linux24-04/ros2_ben/install/yolo_msgs/include/yolo_msgs/yolo_msgs/msg/point2_d.h
[0.371s] -- Up-to-date: /home/amrl-linux24-04/ros2_ben/install/yolo_msgs/include/yolo_msgs/yolo_msgs/msg/key_point3_d.h
[0.371s] -- Up-to-date: /home/amrl-linux24-04/ros2_ben/install/yolo_msgs/include/yolo_msgs/yolo_msgs/msg/rosidl_generator_c__visibility_control.h
[0.371s] -- Up-to-date: /home/amrl-linux24-04/ros2_ben/install/yolo_msgs/share/yolo_msgs/environment/library_path.sh
[0.371s] -- Up-to-date: /home/amrl-linux24-04/ros2_ben/install/yolo_msgs/share/yolo_msgs/environment/library_path.dsv
[0.372s] -- Up-to-date: /home/amrl-linux24-04/ros2_ben/install/yolo_msgs/lib/libyolo_msgs__rosidl_generator_c.so
[0.372s] -- Up-to-date: /home/amrl-linux24-04/ros2_ben/install/yolo_msgs/include/yolo_msgs/yolo_msgs
[0.372s] -- Up-to-date: /home/amrl-linux24-04/ros2_ben/install/yolo_msgs/include/yolo_msgs/yolo_msgs/srv
[0.372s] -- Up-to-date: /home/amrl-linux24-04/ros2_ben/install/yolo_msgs/include/yolo_msgs/yolo_msgs/srv/detail
[0.372s] -- Up-to-date: /home/amrl-linux24-04/ros2_ben/install/yolo_msgs/include/yolo_msgs/yolo_msgs/srv/detail/set_classes__rosidl_typesupport_fastrtps_c.h
[0.372s] -- Up-to-date: /home/amrl-linux24-04/ros2_ben/install/yolo_msgs/include/yolo_msgs/yolo_msgs/msg
[0.372s] -- Up-to-date: /home/amrl-linux24-04/ros2_ben/install/yolo_msgs/include/yolo_msgs/yolo_msgs/msg/detail
[0.372s] -- Up-to-date: /home/amrl-linux24-04/ros2_ben/install/yolo_msgs/include/yolo_msgs/yolo_msgs/msg/detail/key_point3_d_array__rosidl_typesupport_fastrtps_c.h
[0.372s] -- Up-to-date: /home/amrl-linux24-04/ros2_ben/install/yolo_msgs/include/yolo_msgs/yolo_msgs/msg/detail/detection_array__rosidl_typesupport_fastrtps_c.h
[0.372s] -- Up-to-date: /home/amrl-linux24-04/ros2_ben/install/yolo_msgs/include/yolo_msgs/yolo_msgs/msg/detail/detection__rosidl_typesupport_fastrtps_c.h
[0.372s] -- Up-to-date: /home/amrl-linux24-04/ros2_ben/install/yolo_msgs/include/yolo_msgs/yolo_msgs/msg/detail/key_point2_d__rosidl_typesupport_fastrtps_c.h
[0.372s] -- Up-to-date: /home/amrl-linux24-04/ros2_ben/install/yolo_msgs/include/yolo_msgs/yolo_msgs/msg/detail/bounding_box3_d__rosidl_typesupport_fastrtps_c.h
[0.372s] -- Up-to-date: /home/amrl-linux24-04/ros2_ben/install/yolo_msgs/include/yolo_msgs/yolo_msgs/msg/detail/mask__rosidl_typesupport_fastrtps_c.h
[0.372s] -- Up-to-date: /home/amrl-linux24-04/ros2_ben/install/yolo_msgs/include/yolo_msgs/yolo_msgs/msg/detail/pose2_d__rosidl_typesupport_fastrtps_c.h
[0.372s] -- Up-to-date: /home/amrl-linux24-04/ros2_ben/install/yolo_msgs/include/yolo_msgs/yolo_msgs/msg/detail/point2_d__rosidl_typesupport_fastrtps_c.h
[0.372s] -- Up-to-date: /home/amrl-linux24-04/ros2_ben/install/yolo_msgs/include/yolo_msgs/yolo_msgs/msg/detail/vector2__rosidl_typesupport_fastrtps_c.h
[0.372s] -- Up-to-date: /home/amrl-linux24-04/ros2_ben/install/yolo_msgs/include/yolo_msgs/yolo_msgs/msg/detail/bounding_box2_d__rosidl_typesupport_fastrtps_c.h
[0.373s] -- Up-to-date: /home/amrl-linux24-04/ros2_ben/install/yolo_msgs/include/yolo_msgs/yolo_msgs/msg/detail/key_point2_d_array__rosidl_typesupport_fastrtps_c.h
[0.373s] -- Up-to-date: /home/amrl-linux24-04/ros2_ben/install/yolo_msgs/include/yolo_msgs/yolo_msgs/msg/detail/key_point3_d__rosidl_typesupport_fastrtps_c.h
[0.373s] -- Up-to-date: /home/amrl-linux24-04/ros2_ben/install/yolo_msgs/include/yolo_msgs/yolo_msgs/msg/rosidl_typesupport_fastrtps_c__visibility_control.h
[0.373s] -- Up-to-date: /home/amrl-linux24-04/ros2_ben/install/yolo_msgs/lib/libyolo_msgs__rosidl_typesupport_fastrtps_c.so
[0.373s] -- Up-to-date: /home/amrl-linux24-04/ros2_ben/install/yolo_msgs/include/yolo_msgs/yolo_msgs
[0.373s] -- Up-to-date: /home/amrl-linux24-04/ros2_ben/install/yolo_msgs/include/yolo_msgs/yolo_msgs/srv
[0.373s] -- Up-to-date: /home/amrl-linux24-04/ros2_ben/install/yolo_msgs/include/yolo_msgs/yolo_msgs/srv/detail
[0.373s] -- Up-to-date: /home/amrl-linux24-04/ros2_ben/install/yolo_msgs/include/yolo_msgs/yolo_msgs/srv/detail/set_classes__rosidl_typesupport_introspection_c.h
[0.373s] -- Installing: /home/amrl-linux24-04/ros2_ben/install/yolo_msgs/include/yolo_msgs/yolo_msgs/srv/detail/set_classes__type_support.c
[0.373s] -- Up-to-date: /home/amrl-linux24-04/ros2_ben/install/yolo_msgs/include/yolo_msgs/yolo_msgs/msg
[0.373s] -- Up-to-date: /home/amrl-linux24-04/ros2_ben/install/yolo_msgs/include/yolo_msgs/yolo_msgs/msg/detail
[0.373s] -- Installing: /home/amrl-linux24-04/ros2_ben/install/yolo_msgs/include/yolo_msgs/yolo_msgs/msg/detail/key_point2_d_array__type_support.c
[0.373s] -- Installing: /home/amrl-linux24-04/ros2_ben/install/yolo_msgs/include/yolo_msgs/yolo_msgs/msg/detail/point2_d__type_support.c
[0.373s] -- Installing: /home/amrl-linux24-04/ros2_ben/install/yolo_msgs/include/yolo_msgs/yolo_msgs/msg/detail/key_point2_d__type_support.c
[0.373s] -- Up-to-date: /home/amrl-linux24-04/ros2_ben/install/yolo_msgs/include/yolo_msgs/yolo_msgs/msg/detail/mask__rosidl_typesupport_introspection_c.h
[0.374s] -- Installing: /home/amrl-linux24-04/ros2_ben/install/yolo_msgs/include/yolo_msgs/yolo_msgs/msg/detail/detection__type_support.c
[0.374s] -- Up-to-date: /home/amrl-linux24-04/ros2_ben/install/yolo_msgs/include/yolo_msgs/yolo_msgs/msg/detail/key_point2_d_array__rosidl_typesupport_introspection_c.h
[0.374s] -- Installing: /home/amrl-linux24-04/ros2_ben/install/yolo_msgs/include/yolo_msgs/yolo_msgs/msg/detail/key_point3_d__type_support.c
[0.374s] -- Up-to-date: /home/amrl-linux24-04/ros2_ben/install/yolo_msgs/include/yolo_msgs/yolo_msgs/msg/detail/point2_d__rosidl_typesupport_introspection_c.h
[0.374s] -- Installing: /home/amrl-linux24-04/ros2_ben/install/yolo_msgs/include/yolo_msgs/yolo_msgs/msg/detail/bounding_box3_d__type_support.c
[0.374s] -- Up-to-date: /home/amrl-linux24-04/ros2_ben/install/yolo_msgs/include/yolo_msgs/yolo_msgs/msg/detail/key_point3_d__rosidl_typesupport_introspection_c.h
[0.374s] -- Installing: /home/amrl-linux24-04/ros2_ben/install/yolo_msgs/include/yolo_msgs/yolo_msgs/msg/detail/key_point3_d_array__type_support.c
[0.374s] -- Up-to-date: /home/amrl-linux24-04/ros2_ben/install/yolo_msgs/include/yolo_msgs/yolo_msgs/msg/detail/pose2_d__rosidl_typesupport_introspection_c.h
[0.374s] -- Installing: /home/amrl-linux24-04/ros2_ben/install/yolo_msgs/include/yolo_msgs/yolo_msgs/msg/detail/vector2__type_support.c
[0.374s] -- Installing: /home/amrl-linux24-04/ros2_ben/install/yolo_msgs/include/yolo_msgs/yolo_msgs/msg/detail/detection_array__type_support.c
[0.374s] -- Up-to-date: /home/amrl-linux24-04/ros2_ben/install/yolo_msgs/include/yolo_msgs/yolo_msgs/msg/detail/bounding_box2_d__rosidl_typesupport_introspection_c.h
[0.374s] -- Up-to-date: /home/amrl-linux24-04/ros2_ben/install/yolo_msgs/include/yolo_msgs/yolo_msgs/msg/detail/detection__rosidl_typesupport_introspection_c.h
[0.375s] -- Installing: /home/amrl-linux24-04/ros2_ben/install/yolo_msgs/include/yolo_msgs/yolo_msgs/msg/detail/mask__type_support.c
[0.375s] -- Up-to-date: /home/amrl-linux24-04/ros2_ben/install/yolo_msgs/include/yolo_msgs/yolo_msgs/msg/detail/key_point2_d__rosidl_typesupport_introspection_c.h
[0.375s] -- Up-to-date: /home/amrl-linux24-04/ros2_ben/install/yolo_msgs/include/yolo_msgs/yolo_msgs/msg/detail/vector2__rosidl_typesupport_introspection_c.h
[0.375s] -- Up-to-date: /home/amrl-linux24-04/ros2_ben/install/yolo_msgs/include/yolo_msgs/yolo_msgs/msg/detail/detection_array__rosidl_typesupport_introspection_c.h
[0.375s] -- Installing: /home/amrl-linux24-04/ros2_ben/install/yolo_msgs/include/yolo_msgs/yolo_msgs/msg/detail/bounding_box2_d__type_support.c
[0.375s] -- Up-to-date: /home/amrl-linux24-04/ros2_ben/install/yolo_msgs/include/yolo_msgs/yolo_msgs/msg/detail/bounding_box3_d__rosidl_typesupport_introspection_c.h
[0.375s] -- Installing: /home/amrl-linux24-04/ros2_ben/install/yolo_msgs/include/yolo_msgs/yolo_msgs/msg/detail/pose2_d__type_support.c
[0.375s] -- Up-to-date: /home/amrl-linux24-04/ros2_ben/install/yolo_msgs/include/yolo_msgs/yolo_msgs/msg/detail/key_point3_d_array__rosidl_typesupport_introspection_c.h
[0.375s] -- Up-to-date: /home/amrl-linux24-04/ros2_ben/install/yolo_msgs/include/yolo_msgs/yolo_msgs/msg/rosidl_typesupport_introspection_c__visibility_control.h
[0.375s] -- Up-to-date: /home/amrl-linux24-04/ros2_ben/install/yolo_msgs/lib/libyolo_msgs__rosidl_typesupport_introspection_c.so
[0.375s] -- Up-to-date: /home/amrl-linux24-04/ros2_ben/install/yolo_msgs/lib/libyolo_msgs__rosidl_typesupport_c.so
[0.375s] -- Up-to-date: /home/amrl-linux24-04/ros2_ben/install/yolo_msgs/include/yolo_msgs/yolo_msgs
[0.375s] -- Up-to-date: /home/amrl-linux24-04/ros2_ben/install/yolo_msgs/include/yolo_msgs/yolo_msgs/srv
[0.375s] -- Up-to-date: /home/amrl-linux24-04/ros2_ben/install/yolo_msgs/include/yolo_msgs/yolo_msgs/srv/detail
[0.375s] -- Up-to-date: /home/amrl-linux24-04/ros2_ben/install/yolo_msgs/include/yolo_msgs/yolo_msgs/srv/detail/set_classes__traits.hpp
[0.375s] -- Up-to-date: /home/amrl-linux24-04/ros2_ben/install/yolo_msgs/include/yolo_msgs/yolo_msgs/srv/detail/set_classes__struct.hpp
[0.375s] -- Up-to-date: /home/amrl-linux24-04/ros2_ben/install/yolo_msgs/include/yolo_msgs/yolo_msgs/srv/detail/set_classes__type_support.hpp
[0.375s] -- Up-to-date: /home/amrl-linux24-04/ros2_ben/install/yolo_msgs/include/yolo_msgs/yolo_msgs/srv/detail/set_classes__builder.hpp
[0.376s] -- Up-to-date: /home/amrl-linux24-04/ros2_ben/install/yolo_msgs/include/yolo_msgs/yolo_msgs/srv/set_classes.hpp
[0.376s] -- Up-to-date: /home/amrl-linux24-04/ros2_ben/install/yolo_msgs/include/yolo_msgs/yolo_msgs/msg
[0.376s] -- Up-to-date: /home/amrl-linux24-04/ros2_ben/install/yolo_msgs/include/yolo_msgs/yolo_msgs/msg/detail
[0.376s] -- Up-to-date: /home/amrl-linux24-04/ros2_ben/install/yolo_msgs/include/yolo_msgs/yolo_msgs/msg/detail/key_point2_d_array__builder.hpp
[0.376s] -- Up-to-date: /home/amrl-linux24-04/ros2_ben/install/yolo_msgs/include/yolo_msgs/yolo_msgs/msg/detail/pose2_d__builder.hpp
[0.376s] -- Up-to-date: /home/amrl-linux24-04/ros2_ben/install/yolo_msgs/include/yolo_msgs/yolo_msgs/msg/detail/point2_d__type_support.hpp
[0.376s] -- Up-to-date: /home/amrl-linux24-04/ros2_ben/install/yolo_msgs/include/yolo_msgs/yolo_msgs/msg/detail/detection_array__builder.hpp
[0.376s] -- Up-to-date: /home/amrl-linux24-04/ros2_ben/install/yolo_msgs/include/yolo_msgs/yolo_msgs/msg/detail/mask__struct.hpp
[0.376s] -- Up-to-date: /home/amrl-linux24-04/ros2_ben/install/yolo_msgs/include/yolo_msgs/yolo_msgs/msg/detail/key_point3_d__builder.hpp
[0.376s] -- Up-to-date: /home/amrl-linux24-04/ros2_ben/install/yolo_msgs/include/yolo_msgs/yolo_msgs/msg/detail/key_point2_d_array__traits.hpp
[0.376s] -- Up-to-date: /home/amrl-linux24-04/ros2_ben/install/yolo_msgs/include/yolo_msgs/yolo_msgs/msg/detail/bounding_box2_d__struct.hpp
[0.377s] -- Up-to-date: /home/amrl-linux24-04/ros2_ben/install/yolo_msgs/include/yolo_msgs/yolo_msgs/msg/detail/bounding_box3_d__builder.hpp
[0.377s] -- Up-to-date: /home/amrl-linux24-04/ros2_ben/install/yolo_msgs/include/yolo_msgs/yolo_msgs/msg/detail/key_point3_d__traits.hpp
[0.377s] -- Up-to-date: /home/amrl-linux24-04/ros2_ben/install/yolo_msgs/include/yolo_msgs/yolo_msgs/msg/detail/mask__builder.hpp
[0.377s] -- Up-to-date: /home/amrl-linux24-04/ros2_ben/install/yolo_msgs/include/yolo_msgs/yolo_msgs/msg/detail/detection__builder.hpp
[0.377s] -- Up-to-date: /home/amrl-linux24-04/ros2_ben/install/yolo_msgs/include/yolo_msgs/yolo_msgs/msg/detail/detection_array__type_support.hpp
[0.377s] -- Up-to-date: /home/amrl-linux24-04/ros2_ben/install/yolo_msgs/include/yolo_msgs/yolo_msgs/msg/detail/key_point2_d_array__struct.hpp
[0.377s] -- Up-to-date: /home/amrl-linux24-04/ros2_ben/install/yolo_msgs/include/yolo_msgs/yolo_msgs/msg/detail/detection__traits.hpp
[0.377s] -- Up-to-date: /home/amrl-linux24-04/ros2_ben/install/yolo_msgs/include/yolo_msgs/yolo_msgs/msg/detail/pose2_d__type_support.hpp
[0.377s] -- Up-to-date: /home/amrl-linux24-04/ros2_ben/install/yolo_msgs/include/yolo_msgs/yolo_msgs/msg/detail/key_point3_d_array__traits.hpp
[0.377s] -- Up-to-date: /home/amrl-linux24-04/ros2_ben/install/yolo_msgs/include/yolo_msgs/yolo_msgs/msg/detail/pose2_d__traits.hpp
[0.377s] -- Up-to-date: /home/amrl-linux24-04/ros2_ben/install/yolo_msgs/include/yolo_msgs/yolo_msgs/msg/detail/key_point3_d__type_support.hpp
[0.377s] -- Up-to-date: /home/amrl-linux24-04/ros2_ben/install/yolo_msgs/include/yolo_msgs/yolo_msgs/msg/detail/key_point2_d__struct.hpp
[0.377s] -- Up-to-date: /home/amrl-linux24-04/ros2_ben/install/yolo_msgs/include/yolo_msgs/yolo_msgs/msg/detail/vector2__builder.hpp
[0.377s] -- Up-to-date: /home/amrl-linux24-04/ros2_ben/install/yolo_msgs/include/yolo_msgs/yolo_msgs/msg/detail/vector2__traits.hpp
[0.377s] -- Up-to-date: /home/amrl-linux24-04/ros2_ben/install/yolo_msgs/include/yolo_msgs/yolo_msgs/msg/detail/detection_array__traits.hpp
[0.377s] -- Up-to-date: /home/amrl-linux24-04/ros2_ben/install/yolo_msgs/include/yolo_msgs/yolo_msgs/msg/detail/key_point2_d__traits.hpp
[0.377s] -- Up-to-date: /home/amrl-linux24-04/ros2_ben/install/yolo_msgs/include/yolo_msgs/yolo_msgs/msg/detail/key_point3_d__struct.hpp
[0.377s] -- Up-to-date: /home/amrl-linux24-04/ros2_ben/install/yolo_msgs/include/yolo_msgs/yolo_msgs/msg/detail/bounding_box2_d__traits.hpp
[0.377s] -- Up-to-date: /home/amrl-linux24-04/ros2_ben/install/yolo_msgs/include/yolo_msgs/yolo_msgs/msg/detail/detection__struct.hpp
[0.378s] -- Up-to-date: /home/amrl-linux24-04/ros2_ben/install/yolo_msgs/include/yolo_msgs/yolo_msgs/msg/detail/mask__traits.hpp
[0.378s] -- Up-to-date: /home/amrl-linux24-04/ros2_ben/install/yolo_msgs/include/yolo_msgs/yolo_msgs/msg/detail/vector2__type_support.hpp
[0.378s] -- Up-to-date: /home/amrl-linux24-04/ros2_ben/install/yolo_msgs/include/yolo_msgs/yolo_msgs/msg/detail/bounding_box3_d__type_support.hpp
[0.378s] -- Up-to-date: /home/amrl-linux24-04/ros2_ben/install/yolo_msgs/include/yolo_msgs/yolo_msgs/msg/detail/vector2__struct.hpp
[0.378s] -- Up-to-date: /home/amrl-linux24-04/ros2_ben/install/yolo_msgs/include/yolo_msgs/yolo_msgs/msg/detail/key_point3_d_array__type_support.hpp
[0.378s] -- Up-to-date: /home/amrl-linux24-04/ros2_ben/install/yolo_msgs/include/yolo_msgs/yolo_msgs/msg/detail/point2_d__builder.hpp
[0.378s] -- Up-to-date: /home/amrl-linux24-04/ros2_ben/install/yolo_msgs/include/yolo_msgs/yolo_msgs/msg/detail/pose2_d__struct.hpp
[0.378s] -- Up-to-date: /home/amrl-linux24-04/ros2_ben/install/yolo_msgs/include/yolo_msgs/yolo_msgs/msg/detail/bounding_box3_d__traits.hpp
[0.378s] -- Up-to-date: /home/amrl-linux24-04/ros2_ben/install/yolo_msgs/include/yolo_msgs/yolo_msgs/msg/detail/key_point3_d_array__builder.hpp
[0.378s] -- Up-to-date: /home/amrl-linux24-04/ros2_ben/install/yolo_msgs/include/yolo_msgs/yolo_msgs/msg/detail/mask__type_support.hpp
[0.378s] -- Up-to-date: /home/amrl-linux24-04/ros2_ben/install/yolo_msgs/include/yolo_msgs/yolo_msgs/msg/detail/point2_d__struct.hpp
[0.378s] -- Up-to-date: /home/amrl-linux24-04/ros2_ben/install/yolo_msgs/include/yolo_msgs/yolo_msgs/msg/detail/detection_array__struct.hpp
[0.378s] -- Up-to-date: /home/amrl-linux24-04/ros2_ben/install/yolo_msgs/include/yolo_msgs/yolo_msgs/msg/detail/bounding_box3_d__struct.hpp
[0.378s] -- Up-to-date: /home/amrl-linux24-04/ros2_ben/install/yolo_msgs/include/yolo_msgs/yolo_msgs/msg/detail/bounding_box2_d__type_support.hpp
[0.378s] -- Up-to-date: /home/amrl-linux24-04/ros2_ben/install/yolo_msgs/include/yolo_msgs/yolo_msgs/msg/detail/key_point3_d_array__struct.hpp
[0.378s] -- Up-to-date: /home/amrl-linux24-04/ros2_ben/install/yolo_msgs/include/yolo_msgs/yolo_msgs/msg/detail/bounding_box2_d__builder.hpp
[0.378s] -- Up-to-date: /home/amrl-linux24-04/ros2_ben/install/yolo_msgs/include/yolo_msgs/yolo_msgs/msg/detail/key_point2_d__builder.hpp
[0.378s] -- Up-to-date: /home/amrl-linux24-04/ros2_ben/install/yolo_msgs/include/yolo_msgs/yolo_msgs/msg/detail/key_point2_d_array__type_support.hpp
[0.378s] -- Up-to-date: /home/amrl-linux24-04/ros2_ben/install/yolo_msgs/include/yolo_msgs/yolo_msgs/msg/detail/key_point2_d__type_support.hpp
[0.378s] -- Up-to-date: /home/amrl-linux24-04/ros2_ben/install/yolo_msgs/include/yolo_msgs/yolo_msgs/msg/detail/detection__type_support.hpp
[0.379s] -- Up-to-date: /home/amrl-linux24-04/ros2_ben/install/yolo_msgs/include/yolo_msgs/yolo_msgs/msg/detail/point2_d__traits.hpp
[0.379s] -- Up-to-date: /home/amrl-linux24-04/ros2_ben/install/yolo_msgs/include/yolo_msgs/yolo_msgs/msg/key_point3_d_array.hpp
[0.379s] -- Up-to-date: /home/amrl-linux24-04/ros2_ben/install/yolo_msgs/include/yolo_msgs/yolo_msgs/msg/detection_array.hpp
[0.379s] -- Up-to-date: /home/amrl-linux24-04/ros2_ben/install/yolo_msgs/include/yolo_msgs/yolo_msgs/msg/key_point2_d_array.hpp
[0.379s] -- Up-to-date: /home/amrl-linux24-04/ros2_ben/install/yolo_msgs/include/yolo_msgs/yolo_msgs/msg/pose2_d.hpp
[0.379s] -- Up-to-date: /home/amrl-linux24-04/ros2_ben/install/yolo_msgs/include/yolo_msgs/yolo_msgs/msg/bounding_box3_d.hpp
[0.379s] -- Up-to-date: /home/amrl-linux24-04/ros2_ben/install/yolo_msgs/include/yolo_msgs/yolo_msgs/msg/mask.hpp
[0.379s] -- Up-to-date: /home/amrl-linux24-04/ros2_ben/install/yolo_msgs/include/yolo_msgs/yolo_msgs/msg/key_point3_d.hpp
[0.379s] -- Up-to-date: /home/amrl-linux24-04/ros2_ben/install/yolo_msgs/include/yolo_msgs/yolo_msgs/msg/key_point2_d.hpp
[0.379s] -- Up-to-date: /home/amrl-linux24-04/ros2_ben/install/yolo_msgs/include/yolo_msgs/yolo_msgs/msg/rosidl_generator_cpp__visibility_control.hpp
[0.379s] -- Up-to-date: /home/amrl-linux24-04/ros2_ben/install/yolo_msgs/include/yolo_msgs/yolo_msgs/msg/point2_d.hpp
[0.379s] -- Up-to-date: /home/amrl-linux24-04/ros2_ben/install/yolo_msgs/include/yolo_msgs/yolo_msgs/msg/detection.hpp
[0.379s] -- Up-to-date: /home/amrl-linux24-04/ros2_ben/install/yolo_msgs/include/yolo_msgs/yolo_msgs/msg/bounding_box2_d.hpp
[0.379s] -- Up-to-date: /home/amrl-linux24-04/ros2_ben/install/yolo_msgs/include/yolo_msgs/yolo_msgs/msg/vector2.hpp
[0.379s] -- Up-to-date: /home/amrl-linux24-04/ros2_ben/install/yolo_msgs/include/yolo_msgs/yolo_msgs
[0.379s] -- Up-to-date: /home/amrl-linux24-04/ros2_ben/install/yolo_msgs/include/yolo_msgs/yolo_msgs/srv
[0.379s] -- Up-to-date: /home/amrl-linux24-04/ros2_ben/install/yolo_msgs/include/yolo_msgs/yolo_msgs/srv/detail
[0.379s] -- Up-to-date: /home/amrl-linux24-04/ros2_ben/install/yolo_msgs/include/yolo_msgs/yolo_msgs/srv/detail/dds_fastrtps
[0.379s] -- Up-to-date: /home/amrl-linux24-04/ros2_ben/install/yolo_msgs/include/yolo_msgs/yolo_msgs/srv/detail/set_classes__rosidl_typesupport_fastrtps_cpp.hpp
[0.379s] -- Up-to-date: /home/amrl-linux24-04/ros2_ben/install/yolo_msgs/include/yolo_msgs/yolo_msgs/msg
[0.379s] -- Up-to-date: /home/amrl-linux24-04/ros2_ben/install/yolo_msgs/include/yolo_msgs/yolo_msgs/msg/detail
[0.379s] -- Up-to-date: /home/amrl-linux24-04/ros2_ben/install/yolo_msgs/include/yolo_msgs/yolo_msgs/msg/detail/key_point3_d_array__rosidl_typesupport_fastrtps_cpp.hpp
[0.379s] -- Up-to-date: /home/amrl-linux24-04/ros2_ben/install/yolo_msgs/include/yolo_msgs/yolo_msgs/msg/detail/dds_fastrtps
[0.379s] -- Up-to-date: /home/amrl-linux24-04/ros2_ben/install/yolo_msgs/include/yolo_msgs/yolo_msgs/msg/detail/key_point2_d_array__rosidl_typesupport_fastrtps_cpp.hpp
[0.379s] -- Up-to-date: /home/amrl-linux24-04/ros2_ben/install/yolo_msgs/include/yolo_msgs/yolo_msgs/msg/detail/vector2__rosidl_typesupport_fastrtps_cpp.hpp
[0.380s] -- Up-to-date: /home/amrl-linux24-04/ros2_ben/install/yolo_msgs/include/yolo_msgs/yolo_msgs/msg/detail/detection_array__rosidl_typesupport_fastrtps_cpp.hpp
[0.380s] -- Up-to-date: /home/amrl-linux24-04/ros2_ben/install/yolo_msgs/include/yolo_msgs/yolo_msgs/msg/detail/pose2_d__rosidl_typesupport_fastrtps_cpp.hpp
[0.380s] -- Up-to-date: /home/amrl-linux24-04/ros2_ben/install/yolo_msgs/include/yolo_msgs/yolo_msgs/msg/detail/bounding_box3_d__rosidl_typesupport_fastrtps_cpp.hpp
[0.380s] -- Up-to-date: /home/amrl-linux24-04/ros2_ben/install/yolo_msgs/include/yolo_msgs/yolo_msgs/msg/detail/detection__rosidl_typesupport_fastrtps_cpp.hpp
[0.380s] -- Up-to-date: /home/amrl-linux24-04/ros2_ben/install/yolo_msgs/include/yolo_msgs/yolo_msgs/msg/detail/key_point2_d__rosidl_typesupport_fastrtps_cpp.hpp
[0.380s] -- Up-to-date: /home/amrl-linux24-04/ros2_ben/install/yolo_msgs/include/yolo_msgs/yolo_msgs/msg/detail/mask__rosidl_typesupport_fastrtps_cpp.hpp
[0.380s] -- Up-to-date: /home/amrl-linux24-04/ros2_ben/install/yolo_msgs/include/yolo_msgs/yolo_msgs/msg/detail/bounding_box2_d__rosidl_typesupport_fastrtps_cpp.hpp
[0.380s] -- Up-to-date: /home/amrl-linux24-04/ros2_ben/install/yolo_msgs/include/yolo_msgs/yolo_msgs/msg/detail/key_point3_d__rosidl_typesupport_fastrtps_cpp.hpp
[0.380s] -- Up-to-date: /home/amrl-linux24-04/ros2_ben/install/yolo_msgs/include/yolo_msgs/yolo_msgs/msg/detail/point2_d__rosidl_typesupport_fastrtps_cpp.hpp
[0.380s] -- Up-to-date: /home/amrl-linux24-04/ros2_ben/install/yolo_msgs/include/yolo_msgs/yolo_msgs/msg/rosidl_typesupport_fastrtps_cpp__visibility_control.h
[0.380s] -- Up-to-date: /home/amrl-linux24-04/ros2_ben/install/yolo_msgs/lib/libyolo_msgs__rosidl_typesupport_fastrtps_cpp.so
[0.380s] -- Up-to-date: /home/amrl-linux24-04/ros2_ben/install/yolo_msgs/include/yolo_msgs/yolo_msgs
[0.380s] -- Up-to-date: /home/amrl-linux24-04/ros2_ben/install/yolo_msgs/include/yolo_msgs/yolo_msgs/srv
[0.380s] -- Up-to-date: /home/amrl-linux24-04/ros2_ben/install/yolo_msgs/include/yolo_msgs/yolo_msgs/srv/detail
[0.380s] -- Up-to-date: /home/amrl-linux24-04/ros2_ben/install/yolo_msgs/include/yolo_msgs/yolo_msgs/srv/detail/set_classes__rosidl_typesupport_introspection_cpp.hpp
[0.380s] -- Up-to-date: /home/amrl-linux24-04/ros2_ben/install/yolo_msgs/include/yolo_msgs/yolo_msgs/srv/detail/set_classes__type_support.cpp
[0.380s] -- Up-to-date: /home/amrl-linux24-04/ros2_ben/install/yolo_msgs/include/yolo_msgs/yolo_msgs/msg
[0.380s] -- Up-to-date: /home/amrl-linux24-04/ros2_ben/install/yolo_msgs/include/yolo_msgs/yolo_msgs/msg/detail
[0.380s] -- Up-to-date: /home/amrl-linux24-04/ros2_ben/install/yolo_msgs/include/yolo_msgs/yolo_msgs/msg/detail/detection__type_support.cpp
[0.380s] -- Up-to-date: /home/amrl-linux24-04/ros2_ben/install/yolo_msgs/include/yolo_msgs/yolo_msgs/msg/detail/detection_array__rosidl_typesupport_introspection_cpp.hpp
[0.380s] -- Up-to-date: /home/amrl-linux24-04/ros2_ben/install/yolo_msgs/include/yolo_msgs/yolo_msgs/msg/detail/key_point2_d_array__rosidl_typesupport_introspection_cpp.hpp
[0.380s] -- Up-to-date: /home/amrl-linux24-04/ros2_ben/install/yolo_msgs/include/yolo_msgs/yolo_msgs/msg/detail/detection_array__type_support.cpp
[0.381s] -- Up-to-date: /home/amrl-linux24-04/ros2_ben/install/yolo_msgs/include/yolo_msgs/yolo_msgs/msg/detail/key_point2_d__rosidl_typesupport_introspection_cpp.hpp
[0.381s] -- Up-to-date: /home/amrl-linux24-04/ros2_ben/install/yolo_msgs/include/yolo_msgs/yolo_msgs/msg/detail/bounding_box3_d__rosidl_typesupport_introspection_cpp.hpp
[0.381s] -- Up-to-date: /home/amrl-linux24-04/ros2_ben/install/yolo_msgs/include/yolo_msgs/yolo_msgs/msg/detail/vector2__type_support.cpp
[0.381s] -- Up-to-date: /home/amrl-linux24-04/ros2_ben/install/yolo_msgs/include/yolo_msgs/yolo_msgs/msg/detail/key_point3_d_array__type_support.cpp
[0.381s] -- Up-to-date: /home/amrl-linux24-04/ros2_ben/install/yolo_msgs/include/yolo_msgs/yolo_msgs/msg/detail/mask__type_support.cpp
[0.381s] -- Up-to-date: /home/amrl-linux24-04/ros2_ben/install/yolo_msgs/include/yolo_msgs/yolo_msgs/msg/detail/key_point3_d__type_support.cpp
[0.381s] -- Up-to-date: /home/amrl-linux24-04/ros2_ben/install/yolo_msgs/include/yolo_msgs/yolo_msgs/msg/detail/point2_d__type_support.cpp
[0.381s] -- Up-to-date: /home/amrl-linux24-04/ros2_ben/install/yolo_msgs/include/yolo_msgs/yolo_msgs/msg/detail/pose2_d__rosidl_typesupport_introspection_cpp.hpp
[0.381s] -- Up-to-date: /home/amrl-linux24-04/ros2_ben/install/yolo_msgs/include/yolo_msgs/yolo_msgs/msg/detail/key_point2_d__type_support.cpp
[0.381s] -- Up-to-date: /home/amrl-linux24-04/ros2_ben/install/yolo_msgs/include/yolo_msgs/yolo_msgs/msg/detail/bounding_box2_d__rosidl_typesupport_introspection_cpp.hpp
[0.381s] -- Up-to-date: /home/amrl-linux24-04/ros2_ben/install/yolo_msgs/include/yolo_msgs/yolo_msgs/msg/detail/vector2__rosidl_typesupport_introspection_cpp.hpp
[0.381s] -- Up-to-date: /home/amrl-linux24-04/ros2_ben/install/yolo_msgs/include/yolo_msgs/yolo_msgs/msg/detail/bounding_box3_d__type_support.cpp
[0.381s] -- Up-to-date: /home/amrl-linux24-04/ros2_ben/install/yolo_msgs/include/yolo_msgs/yolo_msgs/msg/detail/pose2_d__type_support.cpp
[0.381s] -- Up-to-date: /home/amrl-linux24-04/ros2_ben/install/yolo_msgs/include/yolo_msgs/yolo_msgs/msg/detail/key_point3_d__rosidl_typesupport_introspection_cpp.hpp
[0.381s] -- Up-to-date: /home/amrl-linux24-04/ros2_ben/install/yolo_msgs/include/yolo_msgs/yolo_msgs/msg/detail/bounding_box2_d__type_support.cpp
[0.381s] -- Up-to-date: /home/amrl-linux24-04/ros2_ben/install/yolo_msgs/include/yolo_msgs/yolo_msgs/msg/detail/key_point2_d_array__type_support.cpp
[0.381s] -- Up-to-date: /home/amrl-linux24-04/ros2_ben/install/yolo_msgs/include/yolo_msgs/yolo_msgs/msg/detail/point2_d__rosidl_typesupport_introspection_cpp.hpp
[0.381s] -- Up-to-date: /home/amrl-linux24-04/ros2_ben/install/yolo_msgs/include/yolo_msgs/yolo_msgs/msg/detail/key_point3_d_array__rosidl_typesupport_introspection_cpp.hpp
[0.381s] -- Up-to-date: /home/amrl-linux24-04/ros2_ben/install/yolo_msgs/include/yolo_msgs/yolo_msgs/msg/detail/mask__rosidl_typesupport_introspection_cpp.hpp
[0.381s] -- Up-to-date: /home/amrl-linux24-04/ros2_ben/install/yolo_msgs/include/yolo_msgs/yolo_msgs/msg/detail/detection__rosidl_typesupport_introspection_cpp.hpp
[0.381s] -- Up-to-date: /home/amrl-linux24-04/ros2_ben/install/yolo_msgs/lib/libyolo_msgs__rosidl_typesupport_introspection_cpp.so
[0.381s] -- Up-to-date: /home/amrl-linux24-04/ros2_ben/install/yolo_msgs/lib/libyolo_msgs__rosidl_typesupport_cpp.so
[0.381s] -- Up-to-date: /home/amrl-linux24-04/ros2_ben/install/yolo_msgs/share/yolo_msgs/environment/pythonpath.sh
[0.382s] -- Up-to-date: /home/amrl-linux24-04/ros2_ben/install/yolo_msgs/share/yolo_msgs/environment/pythonpath.dsv
[0.382s] -- Up-to-date: /home/amrl-linux24-04/ros2_ben/install/yolo_msgs/lib/python3.12/site-packages/yolo_msgs-4.3.1-py3.12.egg-info
[0.382s] -- Installing: /home/amrl-linux24-04/ros2_ben/install/yolo_msgs/lib/python3.12/site-packages/yolo_msgs-4.3.1-py3.12.egg-info/top_level.txt
[0.382s] -- Installing: /home/amrl-linux24-04/ros2_ben/install/yolo_msgs/lib/python3.12/site-packages/yolo_msgs-4.3.1-py3.12.egg-info/dependency_links.txt
[0.382s] -- Installing: /home/amrl-linux24-04/ros2_ben/install/yolo_msgs/lib/python3.12/site-packages/yolo_msgs-4.3.1-py3.12.egg-info/PKG-INFO
[0.382s] -- Installing: /home/amrl-linux24-04/ros2_ben/install/yolo_msgs/lib/python3.12/site-packages/yolo_msgs-4.3.1-py3.12.egg-info/SOURCES.txt
[0.382s] -- Up-to-date: /home/amrl-linux24-04/ros2_ben/install/yolo_msgs/lib/python3.12/site-packages/yolo_msgs
[0.382s] -- Up-to-date: /home/amrl-linux24-04/ros2_ben/install/yolo_msgs/lib/python3.12/site-packages/yolo_msgs/_yolo_msgs_s.ep.rosidl_typesupport_fastrtps_c.c
[0.382s] -- Up-to-date: /home/amrl-linux24-04/ros2_ben/install/yolo_msgs/lib/python3.12/site-packages/yolo_msgs/yolo_msgs_s__rosidl_typesupport_introspection_c.so
[0.382s] -- Up-to-date: /home/amrl-linux24-04/ros2_ben/install/yolo_msgs/lib/python3.12/site-packages/yolo_msgs/srv
[0.382s] -- Up-to-date: /home/amrl-linux24-04/ros2_ben/install/yolo_msgs/lib/python3.12/site-packages/yolo_msgs/srv/__init__.py
[0.382s] -- Up-to-date: /home/amrl-linux24-04/ros2_ben/install/yolo_msgs/lib/python3.12/site-packages/yolo_msgs/srv/_set_classes.py
[0.382s] -- Up-to-date: /home/amrl-linux24-04/ros2_ben/install/yolo_msgs/lib/python3.12/site-packages/yolo_msgs/srv/_set_classes_s.c
[0.382s] -- Up-to-date: /home/amrl-linux24-04/ros2_ben/install/yolo_msgs/lib/python3.12/site-packages/yolo_msgs/__init__.py
[0.382s] -- Up-to-date: /home/amrl-linux24-04/ros2_ben/install/yolo_msgs/lib/python3.12/site-packages/yolo_msgs/yolo_msgs_s__rosidl_typesupport_c.so
[0.382s] -- Up-to-date: /home/amrl-linux24-04/ros2_ben/install/yolo_msgs/lib/python3.12/site-packages/yolo_msgs/_yolo_msgs_s.ep.rosidl_typesupport_c.c
[0.382s] -- Up-to-date: /home/amrl-linux24-04/ros2_ben/install/yolo_msgs/lib/python3.12/site-packages/yolo_msgs/msg
[0.382s] -- Up-to-date: /home/amrl-linux24-04/ros2_ben/install/yolo_msgs/lib/python3.12/site-packages/yolo_msgs/msg/_key_point3_d_array.py
[0.382s] -- Up-to-date: /home/amrl-linux24-04/ros2_ben/install/yolo_msgs/lib/python3.12/site-packages/yolo_msgs/msg/_key_point3_d_s.c
[0.383s] -- Up-to-date: /home/amrl-linux24-04/ros2_ben/install/yolo_msgs/lib/python3.12/site-packages/yolo_msgs/msg/_mask_s.c
[0.383s] -- Up-to-date: /home/amrl-linux24-04/ros2_ben/install/yolo_msgs/lib/python3.12/site-packages/yolo_msgs/msg/_bounding_box3_d_s.c
[0.383s] -- Up-to-date: /home/amrl-linux24-04/ros2_ben/install/yolo_msgs/lib/python3.12/site-packages/yolo_msgs/msg/_key_point2_d_s.c
[0.383s] -- Up-to-date: /home/amrl-linux24-04/ros2_ben/install/yolo_msgs/lib/python3.12/site-packages/yolo_msgs/msg/__init__.py
[0.383s] -- Up-to-date: /home/amrl-linux24-04/ros2_ben/install/yolo_msgs/lib/python3.12/site-packages/yolo_msgs/msg/_pose2_d.py
[0.383s] -- Up-to-date: /home/amrl-linux24-04/ros2_ben/install/yolo_msgs/lib/python3.12/site-packages/yolo_msgs/msg/_key_point3_d_array_s.c
[0.383s] -- Up-to-date: /home/amrl-linux24-04/ros2_ben/install/yolo_msgs/lib/python3.12/site-packages/yolo_msgs/msg/_key_point2_d_array.py
[0.383s] -- Up-to-date: /home/amrl-linux24-04/ros2_ben/install/yolo_msgs/lib/python3.12/site-packages/yolo_msgs/msg/_vector2.py
[0.383s] -- Up-to-date: /home/amrl-linux24-04/ros2_ben/install/yolo_msgs/lib/python3.12/site-packages/yolo_msgs/msg/_detection_s.c
[0.383s] -- Up-to-date: /home/amrl-linux24-04/ros2_ben/install/yolo_msgs/lib/python3.12/site-packages/yolo_msgs/msg/_bounding_box2_d.py
[0.383s] -- Up-to-date: /home/amrl-linux24-04/ros2_ben/install/yolo_msgs/lib/python3.12/site-packages/yolo_msgs/msg/_bounding_box2_d_s.c
[0.383s] -- Up-to-date: /home/amrl-linux24-04/ros2_ben/install/yolo_msgs/lib/python3.12/site-packages/yolo_msgs/msg/_key_point2_d.py
[0.383s] -- Up-to-date: /home/amrl-linux24-04/ros2_ben/install/yolo_msgs/lib/python3.12/site-packages/yolo_msgs/msg/_key_point3_d.py
[0.383s] -- Up-to-date: /home/amrl-linux24-04/ros2_ben/install/yolo_msgs/lib/python3.12/site-packages/yolo_msgs/msg/_detection_array_s.c
[0.383s] -- Up-to-date: /home/amrl-linux24-04/ros2_ben/install/yolo_msgs/lib/python3.12/site-packages/yolo_msgs/msg/_point2_d_s.c
[0.383s] -- Up-to-date: /home/amrl-linux24-04/ros2_ben/install/yolo_msgs/lib/python3.12/site-packages/yolo_msgs/msg/_detection_array.py
[0.383s] -- Up-to-date: /home/amrl-linux24-04/ros2_ben/install/yolo_msgs/lib/python3.12/site-packages/yolo_msgs/msg/_detection.py
[0.383s] -- Up-to-date: /home/amrl-linux24-04/ros2_ben/install/yolo_msgs/lib/python3.12/site-packages/yolo_msgs/msg/_mask.py
[0.383s] -- Up-to-date: /home/amrl-linux24-04/ros2_ben/install/yolo_msgs/lib/python3.12/site-packages/yolo_msgs/msg/_pose2_d_s.c
[0.383s] -- Up-to-date: /home/amrl-linux24-04/ros2_ben/install/yolo_msgs/lib/python3.12/site-packages/yolo_msgs/msg/_key_point2_d_array_s.c
[0.383s] -- Up-to-date: /home/amrl-linux24-04/ros2_ben/install/yolo_msgs/lib/python3.12/site-packages/yolo_msgs/msg/_bounding_box3_d.py
[0.383s] -- Up-to-date: /home/amrl-linux24-04/ros2_ben/install/yolo_msgs/lib/python3.12/site-packages/yolo_msgs/msg/_point2_d.py
[0.384s] -- Up-to-date: /home/amrl-linux24-04/ros2_ben/install/yolo_msgs/lib/python3.12/site-packages/yolo_msgs/msg/_vector2_s.c
[0.384s] -- Up-to-date: /home/amrl-linux24-04/ros2_ben/install/yolo_msgs/lib/python3.12/site-packages/yolo_msgs/yolo_msgs_s__rosidl_typesupport_fastrtps_c.so
[0.384s] -- Up-to-date: /home/amrl-linux24-04/ros2_ben/install/yolo_msgs/lib/python3.12/site-packages/yolo_msgs/_yolo_msgs_s.ep.rosidl_typesupport_introspection_c.c
[0.402s] Listing '/home/amrl-linux24-04/ros2_ben/install/yolo_msgs/lib/python3.12/site-packages/yolo_msgs'...
[0.402s] Listing '/home/amrl-linux24-04/ros2_ben/install/yolo_msgs/lib/python3.12/site-packages/yolo_msgs/msg'...
[0.402s] Listing '/home/amrl-linux24-04/ros2_ben/install/yolo_msgs/lib/python3.12/site-packages/yolo_msgs/srv'...
[0.407s] -- Up-to-date: /home/amrl-linux24-04/ros2_ben/install/yolo_msgs/lib/python3.12/site-packages/yolo_msgs/yolo_msgs_s__rosidl_typesupport_fastrtps_c.so
[0.407s] -- Up-to-date: /home/amrl-linux24-04/ros2_ben/install/yolo_msgs/lib/python3.12/site-packages/yolo_msgs/yolo_msgs_s__rosidl_typesupport_introspection_c.so
[0.407s] -- Up-to-date: /home/amrl-linux24-04/ros2_ben/install/yolo_msgs/lib/python3.12/site-packages/yolo_msgs/yolo_msgs_s__rosidl_typesupport_c.so
[0.407s] -- Up-to-date: /home/amrl-linux24-04/ros2_ben/install/yolo_msgs/lib/libyolo_msgs__rosidl_generator_py.so
[0.407s] -- Up-to-date: /home/amrl-linux24-04/ros2_ben/install/yolo_msgs/share/yolo_msgs/msg/Point2D.idl
[0.407s] -- Up-to-date: /home/amrl-linux24-04/ros2_ben/install/yolo_msgs/share/yolo_msgs/msg/Vector2.idl
[0.407s] -- Up-to-date: /home/amrl-linux24-04/ros2_ben/install/yolo_msgs/share/yolo_msgs/msg/Pose2D.idl
[0.407s] -- Up-to-date: /home/amrl-linux24-04/ros2_ben/install/yolo_msgs/share/yolo_msgs/msg/BoundingBox2D.idl
[0.407s] -- Up-to-date: /home/amrl-linux24-04/ros2_ben/install/yolo_msgs/share/yolo_msgs/msg/BoundingBox3D.idl
[0.407s] -- Up-to-date: /home/amrl-linux24-04/ros2_ben/install/yolo_msgs/share/yolo_msgs/msg/Mask.idl
[0.407s] -- Up-to-date: /home/amrl-linux24-04/ros2_ben/install/yolo_msgs/share/yolo_msgs/msg/KeyPoint2D.idl
[0.407s] -- Up-to-date: /home/amrl-linux24-04/ros2_ben/install/yolo_msgs/share/yolo_msgs/msg/KeyPoint2DArray.idl
[0.408s] -- Up-to-date: /home/amrl-linux24-04/ros2_ben/install/yolo_msgs/share/yolo_msgs/msg/KeyPoint3D.idl
[0.408s] -- Up-to-date: /home/amrl-linux24-04/ros2_ben/install/yolo_msgs/share/yolo_msgs/msg/KeyPoint3DArray.idl
[0.408s] -- Up-to-date: /home/amrl-linux24-04/ros2_ben/install/yolo_msgs/share/yolo_msgs/msg/Detection.idl
[0.408s] -- Up-to-date: /home/amrl-linux24-04/ros2_ben/install/yolo_msgs/share/yolo_msgs/msg/DetectionArray.idl
[0.408s] -- Up-to-date: /home/amrl-linux24-04/ros2_ben/install/yolo_msgs/share/yolo_msgs/srv/SetClasses.idl
[0.408s] -- Up-to-date: /home/amrl-linux24-04/ros2_ben/install/yolo_msgs/share/yolo_msgs/msg/Point2D.msg
[0.408s] -- Up-to-date: /home/amrl-linux24-04/ros2_ben/install/yolo_msgs/share/yolo_msgs/msg/Vector2.msg
[0.408s] -- Up-to-date: /home/amrl-linux24-04/ros2_ben/install/yolo_msgs/share/yolo_msgs/msg/Pose2D.msg
[0.408s] -- Up-to-date: /home/amrl-linux24-04/ros2_ben/install/yolo_msgs/share/yolo_msgs/msg/BoundingBox2D.msg
[0.408s] -- Up-to-date: /home/amrl-linux24-04/ros2_ben/install/yolo_msgs/share/yolo_msgs/msg/BoundingBox3D.msg
[0.408s] -- Up-to-date: /home/amrl-linux24-04/ros2_ben/install/yolo_msgs/share/yolo_msgs/msg/Mask.msg
[0.408s] -- Up-to-date: /home/amrl-linux24-04/ros2_ben/install/yolo_msgs/share/yolo_msgs/msg/KeyPoint2D.msg
[0.408s] -- Up-to-date: /home/amrl-linux24-04/ros2_ben/install/yolo_msgs/share/yolo_msgs/msg/KeyPoint2DArray.msg
[0.409s] -- Up-to-date: /home/amrl-linux24-04/ros2_ben/install/yolo_msgs/share/yolo_msgs/msg/KeyPoint3D.msg
[0.410s] -- Up-to-date: /home/amrl-linux24-04/ros2_ben/install/yolo_msgs/share/yolo_msgs/msg/KeyPoint3DArray.msg
[0.410s] -- Up-to-date: /home/amrl-linux24-04/ros2_ben/install/yolo_msgs/share/yolo_msgs/msg/Detection.msg
[0.410s] -- Up-to-date: /home/amrl-linux24-04/ros2_ben/install/yolo_msgs/share/yolo_msgs/msg/DetectionArray.msg
[0.410s] -- Up-to-date: /home/amrl-linux24-04/ros2_ben/install/yolo_msgs/share/yolo_msgs/srv/SetClasses.srv
[0.411s] -- Up-to-date: /home/amrl-linux24-04/ros2_ben/install/yolo_msgs/share/ament_index/resource_index/package_run_dependencies/yolo_msgs
[0.411s] -- Up-to-date: /home/amrl-linux24-04/ros2_ben/install/yolo_msgs/share/ament_index/resource_index/parent_prefix_path/yolo_msgs
[0.411s] -- Up-to-date: /home/amrl-linux24-04/ros2_ben/install/yolo_msgs/share/yolo_msgs/environment/ament_prefix_path.sh
[0.411s] -- Up-to-date: /home/amrl-linux24-04/ros2_ben/install/yolo_msgs/share/yolo_msgs/environment/ament_prefix_path.dsv
[0.411s] -- Up-to-date: /home/amrl-linux24-04/ros2_ben/install/yolo_msgs/share/yolo_msgs/environment/path.sh
[0.411s] -- Up-to-date: /home/amrl-linux24-04/ros2_ben/install/yolo_msgs/share/yolo_msgs/environment/path.dsv
[0.411s] -- Up-to-date: /home/amrl-linux24-04/ros2_ben/install/yolo_msgs/share/yolo_msgs/local_setup.bash
[0.411s] -- Up-to-date: /home/amrl-linux24-04/ros2_ben/install/yolo_msgs/share/yolo_msgs/local_setup.sh
[0.411s] -- Up-to-date: /home/amrl-linux24-04/ros2_ben/install/yolo_msgs/share/yolo_msgs/local_setup.zsh
[0.411s] -- Up-to-date: /home/amrl-linux24-04/ros2_ben/install/yolo_msgs/share/yolo_msgs/local_setup.dsv
[0.411s] -- Installing: /home/amrl-linux24-04/ros2_ben/install/yolo_msgs/share/yolo_msgs/package.dsv
[0.411s] -- Up-to-date: /home/amrl-linux24-04/ros2_ben/install/yolo_msgs/share/ament_index/resource_index/packages/yolo_msgs
[0.411s] -- Up-to-date: /home/amrl-linux24-04/ros2_ben/install/yolo_msgs/share/yolo_msgs/cmake/export_yolo_msgs__rosidl_generator_cExport.cmake
[0.411s] -- Up-to-date: /home/amrl-linux24-04/ros2_ben/install/yolo_msgs/share/yolo_msgs/cmake/export_yolo_msgs__rosidl_generator_cExport-noconfig.cmake
[0.411s] -- Up-to-date: /home/amrl-linux24-04/ros2_ben/install/yolo_msgs/share/yolo_msgs/cmake/export_yolo_msgs__rosidl_typesupport_fastrtps_cExport.cmake
[0.411s] -- Up-to-date: /home/amrl-linux24-04/ros2_ben/install/yolo_msgs/share/yolo_msgs/cmake/export_yolo_msgs__rosidl_typesupport_fastrtps_cExport-noconfig.cmake
[0.412s] -- Up-to-date: /home/amrl-linux24-04/ros2_ben/install/yolo_msgs/share/yolo_msgs/cmake/yolo_msgs__rosidl_typesupport_introspection_cExport.cmake
[0.412s] -- Up-to-date: /home/amrl-linux24-04/ros2_ben/install/yolo_msgs/share/yolo_msgs/cmake/yolo_msgs__rosidl_typesupport_introspection_cExport-noconfig.cmake
[0.412s] -- Up-to-date: /home/amrl-linux24-04/ros2_ben/install/yolo_msgs/share/yolo_msgs/cmake/yolo_msgs__rosidl_typesupport_cExport.cmake
[0.412s] -- Up-to-date: /home/amrl-linux24-04/ros2_ben/install/yolo_msgs/share/yolo_msgs/cmake/yolo_msgs__rosidl_typesupport_cExport-noconfig.cmake
[0.412s] -- Up-to-date: /home/amrl-linux24-04/ros2_ben/install/yolo_msgs/share/yolo_msgs/cmake/export_yolo_msgs__rosidl_generator_cppExport.cmake
[0.412s] -- Up-to-date: /home/amrl-linux24-04/ros2_ben/install/yolo_msgs/share/yolo_msgs/cmake/export_yolo_msgs__rosidl_typesupport_fastrtps_cppExport.cmake
[0.412s] -- Up-to-date: /home/amrl-linux24-04/ros2_ben/install/yolo_msgs/share/yolo_msgs/cmake/export_yolo_msgs__rosidl_typesupport_fastrtps_cppExport-noconfig.cmake
[0.412s] -- Up-to-date: /home/amrl-linux24-04/ros2_ben/install/yolo_msgs/share/yolo_msgs/cmake/yolo_msgs__rosidl_typesupport_introspection_cppExport.cmake
[0.412s] -- Up-to-date: /home/amrl-linux24-04/ros2_ben/install/yolo_msgs/share/yolo_msgs/cmake/yolo_msgs__rosidl_typesupport_introspection_cppExport-noconfig.cmake
[0.412s] -- Up-to-date: /home/amrl-linux24-04/ros2_ben/install/yolo_msgs/share/yolo_msgs/cmake/yolo_msgs__rosidl_typesupport_cppExport.cmake
[0.412s] -- Up-to-date: /home/amrl-linux24-04/ros2_ben/install/yolo_msgs/share/yolo_msgs/cmake/yolo_msgs__rosidl_typesupport_cppExport-noconfig.cmake
[0.412s] -- Up-to-date: /home/amrl-linux24-04/ros2_ben/install/yolo_msgs/share/yolo_msgs/cmake/export_yolo_msgs__rosidl_generator_pyExport.cmake
[0.412s] -- Up-to-date: /home/amrl-linux24-04/ros2_ben/install/yolo_msgs/share/yolo_msgs/cmake/export_yolo_msgs__rosidl_generator_pyExport-noconfig.cmake
[0.412s] -- Up-to-date: /home/amrl-linux24-04/ros2_ben/install/yolo_msgs/share/yolo_msgs/cmake/rosidl_cmake-extras.cmake
[0.412s] -- Up-to-date: /home/amrl-linux24-04/ros2_ben/install/yolo_msgs/share/yolo_msgs/cmake/ament_cmake_export_dependencies-extras.cmake
[0.412s] -- Up-to-date: /home/amrl-linux24-04/ros2_ben/install/yolo_msgs/share/yolo_msgs/cmake/ament_cmake_export_include_directories-extras.cmake
[0.412s] -- Up-to-date: /home/amrl-linux24-04/ros2_ben/install/yolo_msgs/share/yolo_msgs/cmake/ament_cmake_export_libraries-extras.cmake
[0.412s] -- Up-to-date: /home/amrl-linux24-04/ros2_ben/install/yolo_msgs/share/yolo_msgs/cmake/ament_cmake_export_targets-extras.cmake
[0.412s] -- Up-to-date: /home/amrl-linux24-04/ros2_ben/install/yolo_msgs/share/yolo_msgs/cmake/rosidl_cmake_export_typesupport_targets-extras.cmake
[0.412s] -- Up-to-date: /home/amrl-linux24-04/ros2_ben/install/yolo_msgs/share/yolo_msgs/cmake/rosidl_cmake_export_typesupport_libraries-extras.cmake
[0.412s] -- Up-to-date: /home/amrl-linux24-04/ros2_ben/install/yolo_msgs/share/yolo_msgs/cmake/yolo_msgsConfig.cmake
[0.413s] -- Up-to-date: /home/amrl-linux24-04/ros2_ben/install/yolo_msgs/share/yolo_msgs/cmake/yolo_msgsConfig-version.cmake
[0.413s] -- Up-to-date: /home/amrl-linux24-04/ros2_ben/install/yolo_msgs/share/yolo_msgs/package.xml
[0.419s] Invoked command in '/home/amrl-linux24-04/ros2_ben/build/yolo_msgs' returned '0': CMAKE_PREFIX_PATH=${CMAKE_PREFIX_PATH}:/home/amrl-linux24-04/ros2_ben/install/yolo_ros:/home/amrl-linux24-04/ros2_ben/install/igusgus_launch:/home/amrl-linux24-04/ros2_ben/install/igusgus:/opt/ros/jazzy DEBUGINFOD_URLS=https://debuginfod.ubuntu.com /usr/bin/cmake --install /home/amrl-linux24-04/ros2_ben/build/yolo_msgs
