[2.201s] Invoking command in '/home/amrl-linux24-04/ros2_ben/src/igusgus': DEBUGINFOD_URLS=https://debuginfod.ubuntu.com PYTHONPATH=/home/amrl-linux24-04/ros2_ben/build/igusgus/prefix_override:/usr/lib/python3/dist-packages/colcon_core/task/python/colcon_distutils_commands:/home/amrl-linux24-04/ros2_ben/install/igusgus/lib/python3.12/site-packages:${PYTHONPATH} /usr/bin/python3 -W ignore:setup.py install is deprecated -W ignore:easy_install command is deprecated setup.py egg_info --egg-base ../../build/igusgus build --build-base /home/amrl-linux24-04/ros2_ben/build/igusgus/build install --record /home/amrl-linux24-04/ros2_ben/build/igusgus/install.log --single-version-externally-managed install_data
[3.060s] running egg_info
[3.123s] writing ../../build/igusgus/igusgus.egg-info/PKG-INFO
[3.123s] writing dependency_links to ../../build/igusgus/igusgus.egg-info/dependency_links.txt
[3.124s] writing entry points to ../../build/igusgus/igusgus.egg-info/entry_points.txt
[3.124s] writing requirements to ../../build/igusgus/igusgus.egg-info/requires.txt
[3.124s] writing top-level names to ../../build/igusgus/igusgus.egg-info/top_level.txt
[3.229s] reading manifest file '../../build/igusgus/igusgus.egg-info/SOURCES.txt'
[3.230s] adding license file 'LICENSE'
[3.232s] writing manifest file '../../build/igusgus/igusgus.egg-info/SOURCES.txt'
[3.232s] running build
[3.233s] running build_py
[3.234s] copying igusgus/ctrl_rob.py -> /home/amrl-linux24-04/ros2_ben/build/igusgus/build/lib/igusgus
[3.234s] running install
[3.254s] running install_lib
[3.331s] copying /home/amrl-linux24-04/ros2_ben/build/igusgus/build/lib/igusgus/ctrl_rob.py -> /home/amrl-linux24-04/ros2_ben/install/igusgus/lib/python3.12/site-packages/igusgus
[3.333s] byte-compiling /home/amrl-linux24-04/ros2_ben/install/igusgus/lib/python3.12/site-packages/igusgus/ctrl_rob.py to ctrl_rob.cpython-312.pyc
[3.337s] running install_data
[3.338s] running install_egg_info
[3.418s] removing '/home/amrl-linux24-04/ros2_ben/install/igusgus/lib/python3.12/site-packages/igusgus-0.0.0-py3.12.egg-info' (and everything under it)
[3.419s] Copying ../../build/igusgus/igusgus.egg-info to /home/amrl-linux24-04/ros2_ben/install/igusgus/lib/python3.12/site-packages/igusgus-0.0.0-py3.12.egg-info
[3.423s] running install_scripts
[3.923s] Installing ctrl_rob script to /home/amrl-linux24-04/ros2_ben/install/igusgus/lib/igusgus
[3.924s] Installing pub_3d script to /home/amrl-linux24-04/ros2_ben/install/igusgus/lib/igusgus
[3.925s] writing list of installed files to '/home/amrl-linux24-04/ros2_ben/build/igusgus/install.log'
[4.031s] Invoked command in '/home/amrl-linux24-04/ros2_ben/src/igusgus' returned '0': DEBUGINFOD_URLS=https://debuginfod.ubuntu.com PYTHONPATH=/home/amrl-linux24-04/ros2_ben/build/igusgus/prefix_override:/usr/lib/python3/dist-packages/colcon_core/task/python/colcon_distutils_commands:/home/amrl-linux24-04/ros2_ben/install/igusgus/lib/python3.12/site-packages:${PYTHONPATH} /usr/bin/python3 -W ignore:setup.py install is deprecated -W ignore:easy_install command is deprecated setup.py egg_info --egg-base ../../build/igusgus build --build-base /home/amrl-linux24-04/ros2_ben/build/igusgus/build install --record /home/amrl-linux24-04/ros2_ben/build/igusgus/install.log --single-version-externally-managed install_data
