[  1%] Built target realsense2_camera_msgs__rosidl_generator_type_description
[  1%] Built target ament_cmake_python_copy_realsense2_camera_msgs
[  1%] Built target realsense2_camera_msgs__cpp
[ 26%] Built target realsense2_camera_msgs__rosidl_generator_c
[ 36%] Built target realsense2_camera_msgs__rosidl_typesupport_c
[ 45%] Built target realsense2_camera_msgs__rosidl_typesupport_introspection_c
[ 54%] Built target realsense2_camera_msgs__rosidl_typesupport_cpp
[ 64%] Built target realsense2_camera_msgs__rosidl_typesupport_introspection_cpp
[ 74%] Built target realsense2_camera_msgs__rosidl_typesupport_fastrtps_c
[ 84%] Built target realsense2_camera_msgs__rosidl_typesupport_fastrtps_cpp
[ 84%] Built target realsense2_camera_msgs
[ 85%] Built target realsense2_camera_msgs__py
[ 94%] Built target realsense2_camera_msgs__rosidl_generator_py
[ 98%] Built target realsense2_camera_msgs_s__rosidl_typesupport_fastrtps_c
[ 98%] Built target realsense2_camera_msgs_s__rosidl_typesupport_c
[100%] Built target realsense2_camera_msgs_s__rosidl_typesupport_introspection_c
running egg_info
writing realsense2_camera_msgs.egg-info/PKG-INFO
writing dependency_links to realsense2_camera_msgs.egg-info/dependency_links.txt
writing top-level names to realsense2_camera_msgs.egg-info/top_level.txt
reading manifest file 'realsense2_camera_msgs.egg-info/SOURCES.txt'
writing manifest file 'realsense2_camera_msgs.egg-info/SOURCES.txt'
[100%] Built target ament_cmake_python_build_realsense2_camera_msgs_egg
