[0.035s] Invoking command in '/home/amrl-linux24-04/ros2_ben/build/realsense2_camera_msgs': CMAKE_PREFIX_PATH=${CMAKE_PREFIX_PATH}:/home/amrl-linux24-04/ros2_ben/install/yolo_ros:/home/amrl-linux24-04/ros2_ben/install/igusgus_launch:/opt/ros/jazzy DEBUGINFOD_URLS=https://debuginfod.ubuntu.com /usr/bin/cmake --build /home/amrl-linux24-04/ros2_ben/build/realsense2_camera_msgs -- -j22 -l22
[0.132s] [  1%] Built target realsense2_camera_msgs__rosidl_generator_type_description
[0.154s] [  1%] Built target ament_cmake_python_copy_realsense2_camera_msgs
[0.166s] [  1%] Built target realsense2_camera_msgs__cpp
[0.177s] [ 26%] Built target realsense2_camera_msgs__rosidl_generator_c
[0.219s] [ 36%] Built target realsense2_camera_msgs__rosidl_typesupport_c
[0.221s] [ 45%] Built target realsense2_camera_msgs__rosidl_typesupport_introspection_c
[0.222s] [ 54%] Built target realsense2_camera_msgs__rosidl_typesupport_cpp
[0.222s] [ 64%] Built target realsense2_camera_msgs__rosidl_typesupport_introspection_cpp
[0.223s] [ 74%] Built target realsense2_camera_msgs__rosidl_typesupport_fastrtps_c
[0.230s] [ 84%] Built target realsense2_camera_msgs__rosidl_typesupport_fastrtps_cpp
[0.261s] [ 84%] Built target realsense2_camera_msgs
[0.298s] [ 85%] Built target realsense2_camera_msgs__py
[0.339s] [ 94%] Built target realsense2_camera_msgs__rosidl_generator_py
[0.367s] [ 98%] Built target realsense2_camera_msgs_s__rosidl_typesupport_fastrtps_c
[0.367s] [ 98%] Built target realsense2_camera_msgs_s__rosidl_typesupport_c
[0.367s] [100%] Built target realsense2_camera_msgs_s__rosidl_typesupport_introspection_c
[0.423s] running egg_info
[0.444s] writing realsense2_camera_msgs.egg-info/PKG-INFO
[0.444s] writing dependency_links to realsense2_camera_msgs.egg-info/dependency_links.txt
[0.444s] writing top-level names to realsense2_camera_msgs.egg-info/top_level.txt
[0.510s] reading manifest file 'realsense2_camera_msgs.egg-info/SOURCES.txt'
[0.512s] writing manifest file 'realsense2_camera_msgs.egg-info/SOURCES.txt'
[0.554s] [100%] Built target ament_cmake_python_build_realsense2_camera_msgs_egg
