[0.023s] Invoking command in '/home/amrl-linux24-04/ros2_ben/build/igus_rebel_msgs': CMAKE_PREFIX_PATH=${CMAKE_PREFIX_PATH}:/home/amrl-linux24-04/ros2_ben/install/yolo_ros:/home/amrl-linux24-04/ros2_ben/install/igusgus_launch:/opt/ros/jazzy DEBUGINFOD_URLS=https://debuginfod.ubuntu.com /usr/bin/cmake --build /home/amrl-linux24-04/ros2_ben/build/igus_rebel_msgs -- -j22 -l22
[0.116s] [  2%] Built target igus_rebel_msgs__rosidl_generator_type_description
[0.126s] [  2%] Built target ament_cmake_python_copy_igus_rebel_msgs
[0.143s] [  4%] Built target igus_rebel_msgs__cpp
[0.155s] [ 22%] Built target igus_rebel_msgs__rosidl_generator_c
[0.195s] [ 31%] Built target igus_rebel_msgs__rosidl_typesupport_c
[0.196s] [ 40%] Built target igus_rebel_msgs__rosidl_typesupport_introspection_c
[0.198s] [ 50%] Built target igus_rebel_msgs__rosidl_typesupport_fastrtps_c
[0.199s] [ 65%] Built target igus_rebel_msgs__rosidl_typesupport_introspection_cpp
[0.200s] [ 68%] Built target igus_rebel_msgs__rosidl_typesupport_fastrtps_cpp
[0.200s] [ 77%] Built target igus_rebel_msgs__rosidl_typesupport_cpp
[0.226s] [ 77%] Built target igus_rebel_msgs
[0.261s] [ 79%] Built target igus_rebel_msgs__py
[0.297s] [ 86%] Built target igus_rebel_msgs__rosidl_generator_py
[0.331s] [ 90%] Built target igus_rebel_msgs_s__rosidl_typesupport_c
[0.331s] [ 95%] Built target igus_rebel_msgs_s__rosidl_typesupport_introspection_c
[0.331s] [100%] Built target igus_rebel_msgs_s__rosidl_typesupport_fastrtps_c
[0.389s] running egg_info
[0.410s] writing igus_rebel_msgs.egg-info/PKG-INFO
[0.411s] writing dependency_links to igus_rebel_msgs.egg-info/dependency_links.txt
[0.411s] writing top-level names to igus_rebel_msgs.egg-info/top_level.txt
[0.472s] reading manifest file 'igus_rebel_msgs.egg-info/SOURCES.txt'
[0.473s] writing manifest file 'igus_rebel_msgs.egg-info/SOURCES.txt'
[0.508s] [100%] Built target ament_cmake_python_build_igus_rebel_msgs_egg
