[0.035s] Invoking command in '/home/amrl-linux24-04/ros2_ben/build/realsense2_camera_msgs': CMAKE_PREFIX_PATH=${CMAKE_PREFIX_PATH}:/home/amrl-linux24-04/ros2_ben/install/yolo_ros:/home/amrl-linux24-04/ros2_ben/install/igusgus_launch:/home/amrl-linux24-04/ros2_ben/install/igusgus:/opt/ros/jazzy DEBUGINFOD_URLS=https://debuginfod.ubuntu.com /usr/bin/cmake --build /home/amrl-linux24-04/ros2_ben/build/realsense2_camera_msgs -- -j22 -l22
[0.125s] [  1%] Built target realsense2_camera_msgs__rosidl_generator_type_description
[0.147s] [  1%] Built target ament_cmake_python_copy_realsense2_camera_msgs
[0.163s] [  1%] Built target realsense2_camera_msgs__cpp
[0.184s] [ 26%] Built target realsense2_camera_msgs__rosidl_generator_c
[0.229s] [ 35%] Built target realsense2_camera_msgs__rosidl_typesupport_introspection_c
[0.243s] [ 61%] Built target realsense2_camera_msgs__rosidl_typesupport_cpp
[0.244s] [ 62%] Built target realsense2_camera_msgs__rosidl_typesupport_c
[0.244s] [ 64%] Built target realsense2_camera_msgs__rosidl_typesupport_fastrtps_cpp
[0.245s] [ 74%] Built target realsense2_camera_msgs__rosidl_typesupport_fastrtps_c
[0.247s] [ 84%] Built target realsense2_camera_msgs__rosidl_typesupport_introspection_cpp
[0.294s] [ 84%] Built target realsense2_camera_msgs
[0.336s] [ 85%] Built target realsense2_camera_msgs__py
[0.396s] [ 94%] Built target realsense2_camera_msgs__rosidl_generator_py
[0.432s] [ 96%] Built target realsense2_camera_msgs_s__rosidl_typesupport_introspection_c
[0.446s] [ 98%] Built target realsense2_camera_msgs_s__rosidl_typesupport_c
[0.450s] [100%] Built target realsense2_camera_msgs_s__rosidl_typesupport_fastrtps_c
[0.490s] running egg_info
[0.522s] writing realsense2_camera_msgs.egg-info/PKG-INFO
[0.522s] writing dependency_links to realsense2_camera_msgs.egg-info/dependency_links.txt
[0.522s] writing top-level names to realsense2_camera_msgs.egg-info/top_level.txt
[0.646s] reading manifest file 'realsense2_camera_msgs.egg-info/SOURCES.txt'
[0.648s] writing manifest file 'realsense2_camera_msgs.egg-info/SOURCES.txt'
[0.698s] [100%] Built target ament_cmake_python_build_realsense2_camera_msgs_egg
[0.718s] Invoked command in '/home/amrl-linux24-04/ros2_ben/build/realsense2_camera_msgs' returned '0': CMAKE_PREFIX_PATH=${CMAKE_PREFIX_PATH}:/home/amrl-linux24-04/ros2_ben/install/yolo_ros:/home/amrl-linux24-04/ros2_ben/install/igusgus_launch:/home/amrl-linux24-04/ros2_ben/install/igusgus:/opt/ros/jazzy DEBUGINFOD_URLS=https://debuginfod.ubuntu.com /usr/bin/cmake --build /home/amrl-linux24-04/ros2_ben/build/realsense2_camera_msgs -- -j22 -l22
[0.721s] Invoking command in '/home/amrl-linux24-04/ros2_ben/build/realsense2_camera_msgs': CMAKE_PREFIX_PATH=${CMAKE_PREFIX_PATH}:/home/amrl-linux24-04/ros2_ben/install/yolo_ros:/home/amrl-linux24-04/ros2_ben/install/igusgus_launch:/home/amrl-linux24-04/ros2_ben/install/igusgus:/opt/ros/jazzy DEBUGINFOD_URLS=https://debuginfod.ubuntu.com /usr/bin/cmake --install /home/amrl-linux24-04/ros2_ben/build/realsense2_camera_msgs
[0.737s] -- Install configuration: ""
[0.738s] -- Up-to-date: /home/amrl-linux24-04/ros2_ben/install/realsense2_camera_msgs/share/ament_index/resource_index/rosidl_interfaces/realsense2_camera_msgs
[0.739s] -- Up-to-date: /home/amrl-linux24-04/ros2_ben/install/realsense2_camera_msgs/share/realsense2_camera_msgs/msg/IMUInfo.json
[0.739s] -- Up-to-date: /home/amrl-linux24-04/ros2_ben/install/realsense2_camera_msgs/share/realsense2_camera_msgs/msg/Extrinsics.json
[0.740s] -- Up-to-date: /home/amrl-linux24-04/ros2_ben/install/realsense2_camera_msgs/share/realsense2_camera_msgs/msg/Metadata.json
[0.740s] -- Up-to-date: /home/amrl-linux24-04/ros2_ben/install/realsense2_camera_msgs/share/realsense2_camera_msgs/msg/RGBD.json
[0.740s] -- Up-to-date: /home/amrl-linux24-04/ros2_ben/install/realsense2_camera_msgs/share/realsense2_camera_msgs/srv/DeviceInfo.json
[0.740s] -- Up-to-date: /home/amrl-linux24-04/ros2_ben/install/realsense2_camera_msgs/share/realsense2_camera_msgs/srv/CalibConfigRead.json
[0.741s] -- Up-to-date: /home/amrl-linux24-04/ros2_ben/install/realsense2_camera_msgs/share/realsense2_camera_msgs/srv/CalibConfigWrite.json
[0.741s] -- Up-to-date: /home/amrl-linux24-04/ros2_ben/install/realsense2_camera_msgs/share/realsense2_camera_msgs/action/TriggeredCalibration.json
[0.741s] -- Up-to-date: /home/amrl-linux24-04/ros2_ben/install/realsense2_camera_msgs/include/realsense2_camera_msgs/realsense2_camera_msgs
[0.742s] -- Up-to-date: /home/amrl-linux24-04/ros2_ben/install/realsense2_camera_msgs/include/realsense2_camera_msgs/realsense2_camera_msgs/action
[0.742s] -- Up-to-date: /home/amrl-linux24-04/ros2_ben/install/realsense2_camera_msgs/include/realsense2_camera_msgs/realsense2_camera_msgs/action/detail
[0.742s] -- Up-to-date: /home/amrl-linux24-04/ros2_ben/install/realsense2_camera_msgs/include/realsense2_camera_msgs/realsense2_camera_msgs/action/detail/triggered_calibration__type_support.c
[0.742s] -- Up-to-date: /home/amrl-linux24-04/ros2_ben/install/realsense2_camera_msgs/include/realsense2_camera_msgs/realsense2_camera_msgs/action/detail/triggered_calibration__functions.h
[0.743s] -- Up-to-date: /home/amrl-linux24-04/ros2_ben/install/realsense2_camera_msgs/include/realsense2_camera_msgs/realsense2_camera_msgs/action/detail/triggered_calibration__functions.c
[0.743s] -- Up-to-date: /home/amrl-linux24-04/ros2_ben/install/realsense2_camera_msgs/include/realsense2_camera_msgs/realsense2_camera_msgs/action/detail/triggered_calibration__type_support.h
[0.743s] -- Up-to-date: /home/amrl-linux24-04/ros2_ben/install/realsense2_camera_msgs/include/realsense2_camera_msgs/realsense2_camera_msgs/action/detail/triggered_calibration__description.c
[0.743s] -- Up-to-date: /home/amrl-linux24-04/ros2_ben/install/realsense2_camera_msgs/include/realsense2_camera_msgs/realsense2_camera_msgs/action/detail/triggered_calibration__struct.h
[0.744s] -- Up-to-date: /home/amrl-linux24-04/ros2_ben/install/realsense2_camera_msgs/include/realsense2_camera_msgs/realsense2_camera_msgs/action/triggered_calibration.h
[0.744s] -- Up-to-date: /home/amrl-linux24-04/ros2_ben/install/realsense2_camera_msgs/include/realsense2_camera_msgs/realsense2_camera_msgs/srv
[0.744s] -- Up-to-date: /home/amrl-linux24-04/ros2_ben/install/realsense2_camera_msgs/include/realsense2_camera_msgs/realsense2_camera_msgs/srv/detail
[0.744s] -- Up-to-date: /home/amrl-linux24-04/ros2_ben/install/realsense2_camera_msgs/include/realsense2_camera_msgs/realsense2_camera_msgs/srv/detail/calib_config_read__struct.h
[0.744s] -- Up-to-date: /home/amrl-linux24-04/ros2_ben/install/realsense2_camera_msgs/include/realsense2_camera_msgs/realsense2_camera_msgs/srv/detail/device_info__functions.h
[0.744s] -- Up-to-date: /home/amrl-linux24-04/ros2_ben/install/realsense2_camera_msgs/include/realsense2_camera_msgs/realsense2_camera_msgs/srv/detail/calib_config_write__type_support.h
[0.744s] -- Up-to-date: /home/amrl-linux24-04/ros2_ben/install/realsense2_camera_msgs/include/realsense2_camera_msgs/realsense2_camera_msgs/srv/detail/calib_config_read__functions.c
[0.744s] -- Up-to-date: /home/amrl-linux24-04/ros2_ben/install/realsense2_camera_msgs/include/realsense2_camera_msgs/realsense2_camera_msgs/srv/detail/device_info__functions.c
[0.744s] -- Up-to-date: /home/amrl-linux24-04/ros2_ben/install/realsense2_camera_msgs/include/realsense2_camera_msgs/realsense2_camera_msgs/srv/detail/calib_config_write__functions.h
[0.745s] -- Up-to-date: /home/amrl-linux24-04/ros2_ben/install/realsense2_camera_msgs/include/realsense2_camera_msgs/realsense2_camera_msgs/srv/detail/device_info__description.c
[0.745s] -- Up-to-date: /home/amrl-linux24-04/ros2_ben/install/realsense2_camera_msgs/include/realsense2_camera_msgs/realsense2_camera_msgs/srv/detail/device_info__type_support.c
[0.745s] -- Up-to-date: /home/amrl-linux24-04/ros2_ben/install/realsense2_camera_msgs/include/realsense2_camera_msgs/realsense2_camera_msgs/srv/detail/calib_config_read__type_support.c
[0.745s] -- Up-to-date: /home/amrl-linux24-04/ros2_ben/install/realsense2_camera_msgs/include/realsense2_camera_msgs/realsense2_camera_msgs/srv/detail/device_info__struct.h
[0.745s] -- Up-to-date: /home/amrl-linux24-04/ros2_ben/install/realsense2_camera_msgs/include/realsense2_camera_msgs/realsense2_camera_msgs/srv/detail/calib_config_write__struct.h
[0.745s] -- Up-to-date: /home/amrl-linux24-04/ros2_ben/install/realsense2_camera_msgs/include/realsense2_camera_msgs/realsense2_camera_msgs/srv/detail/calib_config_write__description.c
[0.745s] -- Up-to-date: /home/amrl-linux24-04/ros2_ben/install/realsense2_camera_msgs/include/realsense2_camera_msgs/realsense2_camera_msgs/srv/detail/calib_config_read__description.c
[0.746s] -- Up-to-date: /home/amrl-linux24-04/ros2_ben/install/realsense2_camera_msgs/include/realsense2_camera_msgs/realsense2_camera_msgs/srv/detail/calib_config_write__type_support.c
[0.746s] -- Up-to-date: /home/amrl-linux24-04/ros2_ben/install/realsense2_camera_msgs/include/realsense2_camera_msgs/realsense2_camera_msgs/srv/detail/calib_config_read__functions.h
[0.746s] -- Up-to-date: /home/amrl-linux24-04/ros2_ben/install/realsense2_camera_msgs/include/realsense2_camera_msgs/realsense2_camera_msgs/srv/detail/device_info__type_support.h
[0.746s] -- Up-to-date: /home/amrl-linux24-04/ros2_ben/install/realsense2_camera_msgs/include/realsense2_camera_msgs/realsense2_camera_msgs/srv/detail/calib_config_read__type_support.h
[0.746s] -- Up-to-date: /home/amrl-linux24-04/ros2_ben/install/realsense2_camera_msgs/include/realsense2_camera_msgs/realsense2_camera_msgs/srv/detail/calib_config_write__functions.c
[0.746s] -- Up-to-date: /home/amrl-linux24-04/ros2_ben/install/realsense2_camera_msgs/include/realsense2_camera_msgs/realsense2_camera_msgs/srv/calib_config_write.h
[0.746s] -- Up-to-date: /home/amrl-linux24-04/ros2_ben/install/realsense2_camera_msgs/include/realsense2_camera_msgs/realsense2_camera_msgs/srv/calib_config_read.h
[0.746s] -- Up-to-date: /home/amrl-linux24-04/ros2_ben/install/realsense2_camera_msgs/include/realsense2_camera_msgs/realsense2_camera_msgs/srv/device_info.h
[0.746s] -- Up-to-date: /home/amrl-linux24-04/ros2_ben/install/realsense2_camera_msgs/include/realsense2_camera_msgs/realsense2_camera_msgs/msg
[0.747s] -- Up-to-date: /home/amrl-linux24-04/ros2_ben/install/realsense2_camera_msgs/include/realsense2_camera_msgs/realsense2_camera_msgs/msg/detail
[0.747s] -- Up-to-date: /home/amrl-linux24-04/ros2_ben/install/realsense2_camera_msgs/include/realsense2_camera_msgs/realsense2_camera_msgs/msg/detail/extrinsics__type_support.c
[0.747s] -- Up-to-date: /home/amrl-linux24-04/ros2_ben/install/realsense2_camera_msgs/include/realsense2_camera_msgs/realsense2_camera_msgs/msg/detail/imu_info__functions.c
[0.747s] -- Up-to-date: /home/amrl-linux24-04/ros2_ben/install/realsense2_camera_msgs/include/realsense2_camera_msgs/realsense2_camera_msgs/msg/detail/extrinsics__description.c
[0.747s] -- Up-to-date: /home/amrl-linux24-04/ros2_ben/install/realsense2_camera_msgs/include/realsense2_camera_msgs/realsense2_camera_msgs/msg/detail/rgbd__description.c
[0.747s] -- Up-to-date: /home/amrl-linux24-04/ros2_ben/install/realsense2_camera_msgs/include/realsense2_camera_msgs/realsense2_camera_msgs/msg/detail/imu_info__struct.h
[0.747s] -- Up-to-date: /home/amrl-linux24-04/ros2_ben/install/realsense2_camera_msgs/include/realsense2_camera_msgs/realsense2_camera_msgs/msg/detail/extrinsics__type_support.h
[0.747s] -- Up-to-date: /home/amrl-linux24-04/ros2_ben/install/realsense2_camera_msgs/include/realsense2_camera_msgs/realsense2_camera_msgs/msg/detail/rgbd__struct.h
[0.748s] -- Up-to-date: /home/amrl-linux24-04/ros2_ben/install/realsense2_camera_msgs/include/realsense2_camera_msgs/realsense2_camera_msgs/msg/detail/metadata__struct.h
[0.748s] -- Up-to-date: /home/amrl-linux24-04/ros2_ben/install/realsense2_camera_msgs/include/realsense2_camera_msgs/realsense2_camera_msgs/msg/detail/metadata__type_support.c
[0.748s] -- Up-to-date: /home/amrl-linux24-04/ros2_ben/install/realsense2_camera_msgs/include/realsense2_camera_msgs/realsense2_camera_msgs/msg/detail/extrinsics__functions.h
[0.748s] -- Up-to-date: /home/amrl-linux24-04/ros2_ben/install/realsense2_camera_msgs/include/realsense2_camera_msgs/realsense2_camera_msgs/msg/detail/rgbd__type_support.c
[0.748s] -- Up-to-date: /home/amrl-linux24-04/ros2_ben/install/realsense2_camera_msgs/include/realsense2_camera_msgs/realsense2_camera_msgs/msg/detail/rgbd__functions.h
[0.749s] -- Up-to-date: /home/amrl-linux24-04/ros2_ben/install/realsense2_camera_msgs/include/realsense2_camera_msgs/realsense2_camera_msgs/msg/detail/metadata__type_support.h
[0.749s] -- Up-to-date: /home/amrl-linux24-04/ros2_ben/install/realsense2_camera_msgs/include/realsense2_camera_msgs/realsense2_camera_msgs/msg/detail/imu_info__type_support.c
[0.749s] -- Up-to-date: /home/amrl-linux24-04/ros2_ben/install/realsense2_camera_msgs/include/realsense2_camera_msgs/realsense2_camera_msgs/msg/detail/metadata__functions.c
[0.750s] -- Up-to-date: /home/amrl-linux24-04/ros2_ben/install/realsense2_camera_msgs/include/realsense2_camera_msgs/realsense2_camera_msgs/msg/detail/extrinsics__struct.h
[0.750s] -- Up-to-date: /home/amrl-linux24-04/ros2_ben/install/realsense2_camera_msgs/include/realsense2_camera_msgs/realsense2_camera_msgs/msg/detail/extrinsics__functions.c
[0.750s] -- Up-to-date: /home/amrl-linux24-04/ros2_ben/install/realsense2_camera_msgs/include/realsense2_camera_msgs/realsense2_camera_msgs/msg/detail/rgbd__functions.c
[0.750s] -- Up-to-date: /home/amrl-linux24-04/ros2_ben/install/realsense2_camera_msgs/include/realsense2_camera_msgs/realsense2_camera_msgs/msg/detail/imu_info__description.c
[0.751s] -- Up-to-date: /home/amrl-linux24-04/ros2_ben/install/realsense2_camera_msgs/include/realsense2_camera_msgs/realsense2_camera_msgs/msg/detail/metadata__description.c
[0.751s] -- Up-to-date: /home/amrl-linux24-04/ros2_ben/install/realsense2_camera_msgs/include/realsense2_camera_msgs/realsense2_camera_msgs/msg/detail/imu_info__type_support.h
[0.751s] -- Up-to-date: /home/amrl-linux24-04/ros2_ben/install/realsense2_camera_msgs/include/realsense2_camera_msgs/realsense2_camera_msgs/msg/detail/imu_info__functions.h
[0.751s] -- Up-to-date: /home/amrl-linux24-04/ros2_ben/install/realsense2_camera_msgs/include/realsense2_camera_msgs/realsense2_camera_msgs/msg/detail/metadata__functions.h
[0.752s] -- Up-to-date: /home/amrl-linux24-04/ros2_ben/install/realsense2_camera_msgs/include/realsense2_camera_msgs/realsense2_camera_msgs/msg/detail/rgbd__type_support.h
[0.752s] -- Up-to-date: /home/amrl-linux24-04/ros2_ben/install/realsense2_camera_msgs/include/realsense2_camera_msgs/realsense2_camera_msgs/msg/rgbd.h
[0.753s] -- Up-to-date: /home/amrl-linux24-04/ros2_ben/install/realsense2_camera_msgs/include/realsense2_camera_msgs/realsense2_camera_msgs/msg/metadata.h
[0.753s] -- Up-to-date: /home/amrl-linux24-04/ros2_ben/install/realsense2_camera_msgs/include/realsense2_camera_msgs/realsense2_camera_msgs/msg/imu_info.h
[0.754s] -- Up-to-date: /home/amrl-linux24-04/ros2_ben/install/realsense2_camera_msgs/include/realsense2_camera_msgs/realsense2_camera_msgs/msg/rosidl_generator_c__visibility_control.h
[0.754s] -- Up-to-date: /home/amrl-linux24-04/ros2_ben/install/realsense2_camera_msgs/include/realsense2_camera_msgs/realsense2_camera_msgs/msg/extrinsics.h
[0.754s] -- Up-to-date: /home/amrl-linux24-04/ros2_ben/install/realsense2_camera_msgs/share/realsense2_camera_msgs/environment/library_path.sh
[0.754s] -- Up-to-date: /home/amrl-linux24-04/ros2_ben/install/realsense2_camera_msgs/share/realsense2_camera_msgs/environment/library_path.dsv
[0.755s] -- Up-to-date: /home/amrl-linux24-04/ros2_ben/install/realsense2_camera_msgs/lib/librealsense2_camera_msgs__rosidl_generator_c.so
[0.755s] -- Up-to-date: /home/amrl-linux24-04/ros2_ben/install/realsense2_camera_msgs/include/realsense2_camera_msgs/realsense2_camera_msgs
[0.755s] -- Up-to-date: /home/amrl-linux24-04/ros2_ben/install/realsense2_camera_msgs/include/realsense2_camera_msgs/realsense2_camera_msgs/action
[0.755s] -- Up-to-date: /home/amrl-linux24-04/ros2_ben/install/realsense2_camera_msgs/include/realsense2_camera_msgs/realsense2_camera_msgs/action/detail
[0.755s] -- Up-to-date: /home/amrl-linux24-04/ros2_ben/install/realsense2_camera_msgs/include/realsense2_camera_msgs/realsense2_camera_msgs/action/detail/triggered_calibration__rosidl_typesupport_fastrtps_c.h
[0.756s] -- Up-to-date: /home/amrl-linux24-04/ros2_ben/install/realsense2_camera_msgs/include/realsense2_camera_msgs/realsense2_camera_msgs/srv
[0.756s] -- Up-to-date: /home/amrl-linux24-04/ros2_ben/install/realsense2_camera_msgs/include/realsense2_camera_msgs/realsense2_camera_msgs/srv/detail
[0.756s] -- Up-to-date: /home/amrl-linux24-04/ros2_ben/install/realsense2_camera_msgs/include/realsense2_camera_msgs/realsense2_camera_msgs/srv/detail/calib_config_read__rosidl_typesupport_fastrtps_c.h
[0.756s] -- Up-to-date: /home/amrl-linux24-04/ros2_ben/install/realsense2_camera_msgs/include/realsense2_camera_msgs/realsense2_camera_msgs/srv/detail/calib_config_write__rosidl_typesupport_fastrtps_c.h
[0.757s] -- Up-to-date: /home/amrl-linux24-04/ros2_ben/install/realsense2_camera_msgs/include/realsense2_camera_msgs/realsense2_camera_msgs/srv/detail/device_info__rosidl_typesupport_fastrtps_c.h
[0.757s] -- Up-to-date: /home/amrl-linux24-04/ros2_ben/install/realsense2_camera_msgs/include/realsense2_camera_msgs/realsense2_camera_msgs/msg
[0.757s] -- Up-to-date: /home/amrl-linux24-04/ros2_ben/install/realsense2_camera_msgs/include/realsense2_camera_msgs/realsense2_camera_msgs/msg/detail
[0.757s] -- Up-to-date: /home/amrl-linux24-04/ros2_ben/install/realsense2_camera_msgs/include/realsense2_camera_msgs/realsense2_camera_msgs/msg/detail/extrinsics__rosidl_typesupport_fastrtps_c.h
[0.757s] -- Up-to-date: /home/amrl-linux24-04/ros2_ben/install/realsense2_camera_msgs/include/realsense2_camera_msgs/realsense2_camera_msgs/msg/detail/imu_info__rosidl_typesupport_fastrtps_c.h
[0.758s] -- Up-to-date: /home/amrl-linux24-04/ros2_ben/install/realsense2_camera_msgs/include/realsense2_camera_msgs/realsense2_camera_msgs/msg/detail/metadata__rosidl_typesupport_fastrtps_c.h
[0.759s] -- Up-to-date: /home/amrl-linux24-04/ros2_ben/install/realsense2_camera_msgs/include/realsense2_camera_msgs/realsense2_camera_msgs/msg/detail/rgbd__rosidl_typesupport_fastrtps_c.h
[0.760s] -- Up-to-date: /home/amrl-linux24-04/ros2_ben/install/realsense2_camera_msgs/include/realsense2_camera_msgs/realsense2_camera_msgs/msg/rosidl_typesupport_fastrtps_c__visibility_control.h
[0.760s] -- Up-to-date: /home/amrl-linux24-04/ros2_ben/install/realsense2_camera_msgs/lib/librealsense2_camera_msgs__rosidl_typesupport_fastrtps_c.so
[0.761s] -- Up-to-date: /home/amrl-linux24-04/ros2_ben/install/realsense2_camera_msgs/include/realsense2_camera_msgs/realsense2_camera_msgs
[0.761s] -- Up-to-date: /home/amrl-linux24-04/ros2_ben/install/realsense2_camera_msgs/include/realsense2_camera_msgs/realsense2_camera_msgs/action
[0.761s] -- Up-to-date: /home/amrl-linux24-04/ros2_ben/install/realsense2_camera_msgs/include/realsense2_camera_msgs/realsense2_camera_msgs/action/detail
[0.762s] -- Up-to-date: /home/amrl-linux24-04/ros2_ben/install/realsense2_camera_msgs/include/realsense2_camera_msgs/realsense2_camera_msgs/action/detail/triggered_calibration__type_support.c
[0.762s] -- Up-to-date: /home/amrl-linux24-04/ros2_ben/install/realsense2_camera_msgs/include/realsense2_camera_msgs/realsense2_camera_msgs/action/detail/triggered_calibration__rosidl_typesupport_introspection_c.h
[0.762s] -- Up-to-date: /home/amrl-linux24-04/ros2_ben/install/realsense2_camera_msgs/include/realsense2_camera_msgs/realsense2_camera_msgs/srv
[0.763s] -- Up-to-date: /home/amrl-linux24-04/ros2_ben/install/realsense2_camera_msgs/include/realsense2_camera_msgs/realsense2_camera_msgs/srv/detail
[0.763s] -- Up-to-date: /home/amrl-linux24-04/ros2_ben/install/realsense2_camera_msgs/include/realsense2_camera_msgs/realsense2_camera_msgs/srv/detail/device_info__type_support.c
[0.763s] -- Up-to-date: /home/amrl-linux24-04/ros2_ben/install/realsense2_camera_msgs/include/realsense2_camera_msgs/realsense2_camera_msgs/srv/detail/calib_config_read__type_support.c
[0.763s] -- Up-to-date: /home/amrl-linux24-04/ros2_ben/install/realsense2_camera_msgs/include/realsense2_camera_msgs/realsense2_camera_msgs/srv/detail/calib_config_write__rosidl_typesupport_introspection_c.h
[0.763s] -- Up-to-date: /home/amrl-linux24-04/ros2_ben/install/realsense2_camera_msgs/include/realsense2_camera_msgs/realsense2_camera_msgs/srv/detail/device_info__rosidl_typesupport_introspection_c.h
[0.765s] -- Up-to-date: /home/amrl-linux24-04/ros2_ben/install/realsense2_camera_msgs/include/realsense2_camera_msgs/realsense2_camera_msgs/srv/detail/calib_config_write__type_support.c
[0.765s] -- Up-to-date: /home/amrl-linux24-04/ros2_ben/install/realsense2_camera_msgs/include/realsense2_camera_msgs/realsense2_camera_msgs/srv/detail/calib_config_read__rosidl_typesupport_introspection_c.h
[0.765s] -- Up-to-date: /home/amrl-linux24-04/ros2_ben/install/realsense2_camera_msgs/include/realsense2_camera_msgs/realsense2_camera_msgs/msg
[0.766s] -- Up-to-date: /home/amrl-linux24-04/ros2_ben/install/realsense2_camera_msgs/include/realsense2_camera_msgs/realsense2_camera_msgs/msg/detail
[0.766s] -- Up-to-date: /home/amrl-linux24-04/ros2_ben/install/realsense2_camera_msgs/include/realsense2_camera_msgs/realsense2_camera_msgs/msg/detail/extrinsics__type_support.c
[0.767s] -- Up-to-date: /home/amrl-linux24-04/ros2_ben/install/realsense2_camera_msgs/include/realsense2_camera_msgs/realsense2_camera_msgs/msg/detail/metadata__rosidl_typesupport_introspection_c.h
[0.767s] -- Up-to-date: /home/amrl-linux24-04/ros2_ben/install/realsense2_camera_msgs/include/realsense2_camera_msgs/realsense2_camera_msgs/msg/detail/metadata__type_support.c
[0.767s] -- Up-to-date: /home/amrl-linux24-04/ros2_ben/install/realsense2_camera_msgs/include/realsense2_camera_msgs/realsense2_camera_msgs/msg/detail/rgbd__type_support.c
[0.768s] -- Up-to-date: /home/amrl-linux24-04/ros2_ben/install/realsense2_camera_msgs/include/realsense2_camera_msgs/realsense2_camera_msgs/msg/detail/rgbd__rosidl_typesupport_introspection_c.h
[0.768s] -- Up-to-date: /home/amrl-linux24-04/ros2_ben/install/realsense2_camera_msgs/include/realsense2_camera_msgs/realsense2_camera_msgs/msg/detail/extrinsics__rosidl_typesupport_introspection_c.h
[0.768s] -- Up-to-date: /home/amrl-linux24-04/ros2_ben/install/realsense2_camera_msgs/include/realsense2_camera_msgs/realsense2_camera_msgs/msg/detail/imu_info__type_support.c
[0.768s] -- Up-to-date: /home/amrl-linux24-04/ros2_ben/install/realsense2_camera_msgs/include/realsense2_camera_msgs/realsense2_camera_msgs/msg/detail/imu_info__rosidl_typesupport_introspection_c.h
[0.768s] -- Up-to-date: /home/amrl-linux24-04/ros2_ben/install/realsense2_camera_msgs/include/realsense2_camera_msgs/realsense2_camera_msgs/msg/rosidl_typesupport_introspection_c__visibility_control.h
[0.769s] -- Up-to-date: /home/amrl-linux24-04/ros2_ben/install/realsense2_camera_msgs/lib/librealsense2_camera_msgs__rosidl_typesupport_introspection_c.so
[0.769s] -- Up-to-date: /home/amrl-linux24-04/ros2_ben/install/realsense2_camera_msgs/lib/librealsense2_camera_msgs__rosidl_typesupport_c.so
[0.769s] -- Up-to-date: /home/amrl-linux24-04/ros2_ben/install/realsense2_camera_msgs/include/realsense2_camera_msgs/realsense2_camera_msgs
[0.769s] -- Up-to-date: /home/amrl-linux24-04/ros2_ben/install/realsense2_camera_msgs/include/realsense2_camera_msgs/realsense2_camera_msgs/action
[0.769s] -- Up-to-date: /home/amrl-linux24-04/ros2_ben/install/realsense2_camera_msgs/include/realsense2_camera_msgs/realsense2_camera_msgs/action/triggered_calibration.hpp
[0.770s] -- Up-to-date: /home/amrl-linux24-04/ros2_ben/install/realsense2_camera_msgs/include/realsense2_camera_msgs/realsense2_camera_msgs/action/detail
[0.770s] -- Up-to-date: /home/amrl-linux24-04/ros2_ben/install/realsense2_camera_msgs/include/realsense2_camera_msgs/realsense2_camera_msgs/action/detail/triggered_calibration__builder.hpp
[0.770s] -- Up-to-date: /home/amrl-linux24-04/ros2_ben/install/realsense2_camera_msgs/include/realsense2_camera_msgs/realsense2_camera_msgs/action/detail/triggered_calibration__struct.hpp
[0.770s] -- Up-to-date: /home/amrl-linux24-04/ros2_ben/install/realsense2_camera_msgs/include/realsense2_camera_msgs/realsense2_camera_msgs/action/detail/triggered_calibration__traits.hpp
[0.770s] -- Up-to-date: /home/amrl-linux24-04/ros2_ben/install/realsense2_camera_msgs/include/realsense2_camera_msgs/realsense2_camera_msgs/action/detail/triggered_calibration__type_support.hpp
[0.771s] -- Up-to-date: /home/amrl-linux24-04/ros2_ben/install/realsense2_camera_msgs/include/realsense2_camera_msgs/realsense2_camera_msgs/srv
[0.771s] -- Up-to-date: /home/amrl-linux24-04/ros2_ben/install/realsense2_camera_msgs/include/realsense2_camera_msgs/realsense2_camera_msgs/srv/detail
[0.771s] -- Up-to-date: /home/amrl-linux24-04/ros2_ben/install/realsense2_camera_msgs/include/realsense2_camera_msgs/realsense2_camera_msgs/srv/detail/device_info__struct.hpp
[0.771s] -- Up-to-date: /home/amrl-linux24-04/ros2_ben/install/realsense2_camera_msgs/include/realsense2_camera_msgs/realsense2_camera_msgs/srv/detail/calib_config_read__type_support.hpp
[0.771s] -- Up-to-date: /home/amrl-linux24-04/ros2_ben/install/realsense2_camera_msgs/include/realsense2_camera_msgs/realsense2_camera_msgs/srv/detail/calib_config_write__struct.hpp
[0.772s] -- Up-to-date: /home/amrl-linux24-04/ros2_ben/install/realsense2_camera_msgs/include/realsense2_camera_msgs/realsense2_camera_msgs/srv/detail/device_info__type_support.hpp
[0.772s] -- Up-to-date: /home/amrl-linux24-04/ros2_ben/install/realsense2_camera_msgs/include/realsense2_camera_msgs/realsense2_camera_msgs/srv/detail/device_info__builder.hpp
[0.772s] -- Up-to-date: /home/amrl-linux24-04/ros2_ben/install/realsense2_camera_msgs/include/realsense2_camera_msgs/realsense2_camera_msgs/srv/detail/calib_config_write__builder.hpp
[0.772s] -- Up-to-date: /home/amrl-linux24-04/ros2_ben/install/realsense2_camera_msgs/include/realsense2_camera_msgs/realsense2_camera_msgs/srv/detail/calib_config_write__type_support.hpp
[0.772s] -- Up-to-date: /home/amrl-linux24-04/ros2_ben/install/realsense2_camera_msgs/include/realsense2_camera_msgs/realsense2_camera_msgs/srv/detail/calib_config_read__builder.hpp
[0.773s] -- Up-to-date: /home/amrl-linux24-04/ros2_ben/install/realsense2_camera_msgs/include/realsense2_camera_msgs/realsense2_camera_msgs/srv/detail/device_info__traits.hpp
[0.773s] -- Up-to-date: /home/amrl-linux24-04/ros2_ben/install/realsense2_camera_msgs/include/realsense2_camera_msgs/realsense2_camera_msgs/srv/detail/calib_config_read__traits.hpp
[0.773s] -- Up-to-date: /home/amrl-linux24-04/ros2_ben/install/realsense2_camera_msgs/include/realsense2_camera_msgs/realsense2_camera_msgs/srv/detail/calib_config_write__traits.hpp
[0.773s] -- Up-to-date: /home/amrl-linux24-04/ros2_ben/install/realsense2_camera_msgs/include/realsense2_camera_msgs/realsense2_camera_msgs/srv/detail/calib_config_read__struct.hpp
[0.773s] -- Up-to-date: /home/amrl-linux24-04/ros2_ben/install/realsense2_camera_msgs/include/realsense2_camera_msgs/realsense2_camera_msgs/srv/calib_config_read.hpp
[0.774s] -- Up-to-date: /home/amrl-linux24-04/ros2_ben/install/realsense2_camera_msgs/include/realsense2_camera_msgs/realsense2_camera_msgs/srv/calib_config_write.hpp
[0.774s] -- Up-to-date: /home/amrl-linux24-04/ros2_ben/install/realsense2_camera_msgs/include/realsense2_camera_msgs/realsense2_camera_msgs/srv/device_info.hpp
[0.774s] -- Up-to-date: /home/amrl-linux24-04/ros2_ben/install/realsense2_camera_msgs/include/realsense2_camera_msgs/realsense2_camera_msgs/msg
[0.774s] -- Up-to-date: /home/amrl-linux24-04/ros2_ben/install/realsense2_camera_msgs/include/realsense2_camera_msgs/realsense2_camera_msgs/msg/metadata.hpp
[0.774s] -- Up-to-date: /home/amrl-linux24-04/ros2_ben/install/realsense2_camera_msgs/include/realsense2_camera_msgs/realsense2_camera_msgs/msg/detail
[0.774s] -- Up-to-date: /home/amrl-linux24-04/ros2_ben/install/realsense2_camera_msgs/include/realsense2_camera_msgs/realsense2_camera_msgs/msg/detail/metadata__type_support.hpp
[0.775s] -- Up-to-date: /home/amrl-linux24-04/ros2_ben/install/realsense2_camera_msgs/include/realsense2_camera_msgs/realsense2_camera_msgs/msg/detail/imu_info__builder.hpp
[0.775s] -- Up-to-date: /home/amrl-linux24-04/ros2_ben/install/realsense2_camera_msgs/include/realsense2_camera_msgs/realsense2_camera_msgs/msg/detail/rgbd__struct.hpp
[0.775s] -- Up-to-date: /home/amrl-linux24-04/ros2_ben/install/realsense2_camera_msgs/include/realsense2_camera_msgs/realsense2_camera_msgs/msg/detail/imu_info__traits.hpp
[0.775s] -- Up-to-date: /home/amrl-linux24-04/ros2_ben/install/realsense2_camera_msgs/include/realsense2_camera_msgs/realsense2_camera_msgs/msg/detail/imu_info__struct.hpp
[0.775s] -- Up-to-date: /home/amrl-linux24-04/ros2_ben/install/realsense2_camera_msgs/include/realsense2_camera_msgs/realsense2_camera_msgs/msg/detail/extrinsics__struct.hpp
[0.776s] -- Up-to-date: /home/amrl-linux24-04/ros2_ben/install/realsense2_camera_msgs/include/realsense2_camera_msgs/realsense2_camera_msgs/msg/detail/imu_info__type_support.hpp
[0.776s] -- Up-to-date: /home/amrl-linux24-04/ros2_ben/install/realsense2_camera_msgs/include/realsense2_camera_msgs/realsense2_camera_msgs/msg/detail/extrinsics__type_support.hpp
[0.776s] -- Up-to-date: /home/amrl-linux24-04/ros2_ben/install/realsense2_camera_msgs/include/realsense2_camera_msgs/realsense2_camera_msgs/msg/detail/extrinsics__traits.hpp
[0.776s] -- Up-to-date: /home/amrl-linux24-04/ros2_ben/install/realsense2_camera_msgs/include/realsense2_camera_msgs/realsense2_camera_msgs/msg/detail/metadata__builder.hpp
[0.776s] -- Up-to-date: /home/amrl-linux24-04/ros2_ben/install/realsense2_camera_msgs/include/realsense2_camera_msgs/realsense2_camera_msgs/msg/detail/metadata__traits.hpp
[0.777s] -- Up-to-date: /home/amrl-linux24-04/ros2_ben/install/realsense2_camera_msgs/include/realsense2_camera_msgs/realsense2_camera_msgs/msg/detail/metadata__struct.hpp
[0.777s] -- Up-to-date: /home/amrl-linux24-04/ros2_ben/install/realsense2_camera_msgs/include/realsense2_camera_msgs/realsense2_camera_msgs/msg/detail/rgbd__traits.hpp
[0.777s] -- Up-to-date: /home/amrl-linux24-04/ros2_ben/install/realsense2_camera_msgs/include/realsense2_camera_msgs/realsense2_camera_msgs/msg/detail/extrinsics__builder.hpp
[0.777s] -- Up-to-date: /home/amrl-linux24-04/ros2_ben/install/realsense2_camera_msgs/include/realsense2_camera_msgs/realsense2_camera_msgs/msg/detail/rgbd__type_support.hpp
[0.777s] -- Up-to-date: /home/amrl-linux24-04/ros2_ben/install/realsense2_camera_msgs/include/realsense2_camera_msgs/realsense2_camera_msgs/msg/detail/rgbd__builder.hpp
[0.778s] -- Up-to-date: /home/amrl-linux24-04/ros2_ben/install/realsense2_camera_msgs/include/realsense2_camera_msgs/realsense2_camera_msgs/msg/imu_info.hpp
[0.778s] -- Up-to-date: /home/amrl-linux24-04/ros2_ben/install/realsense2_camera_msgs/include/realsense2_camera_msgs/realsense2_camera_msgs/msg/rgbd.hpp
[0.778s] -- Up-to-date: /home/amrl-linux24-04/ros2_ben/install/realsense2_camera_msgs/include/realsense2_camera_msgs/realsense2_camera_msgs/msg/rosidl_generator_cpp__visibility_control.hpp
[0.778s] -- Up-to-date: /home/amrl-linux24-04/ros2_ben/install/realsense2_camera_msgs/include/realsense2_camera_msgs/realsense2_camera_msgs/msg/extrinsics.hpp
[0.778s] -- Up-to-date: /home/amrl-linux24-04/ros2_ben/install/realsense2_camera_msgs/include/realsense2_camera_msgs/realsense2_camera_msgs
[0.778s] -- Up-to-date: /home/amrl-linux24-04/ros2_ben/install/realsense2_camera_msgs/include/realsense2_camera_msgs/realsense2_camera_msgs/action
[0.779s] -- Up-to-date: /home/amrl-linux24-04/ros2_ben/install/realsense2_camera_msgs/include/realsense2_camera_msgs/realsense2_camera_msgs/action/detail
[0.779s] -- Up-to-date: /home/amrl-linux24-04/ros2_ben/install/realsense2_camera_msgs/include/realsense2_camera_msgs/realsense2_camera_msgs/action/detail/dds_fastrtps
[0.779s] -- Up-to-date: /home/amrl-linux24-04/ros2_ben/install/realsense2_camera_msgs/include/realsense2_camera_msgs/realsense2_camera_msgs/action/detail/triggered_calibration__rosidl_typesupport_fastrtps_cpp.hpp
[0.779s] -- Up-to-date: /home/amrl-linux24-04/ros2_ben/install/realsense2_camera_msgs/include/realsense2_camera_msgs/realsense2_camera_msgs/srv
[0.779s] -- Up-to-date: /home/amrl-linux24-04/ros2_ben/install/realsense2_camera_msgs/include/realsense2_camera_msgs/realsense2_camera_msgs/srv/detail
[0.780s] -- Up-to-date: /home/amrl-linux24-04/ros2_ben/install/realsense2_camera_msgs/include/realsense2_camera_msgs/realsense2_camera_msgs/srv/detail/dds_fastrtps
[0.780s] -- Up-to-date: /home/amrl-linux24-04/ros2_ben/install/realsense2_camera_msgs/include/realsense2_camera_msgs/realsense2_camera_msgs/srv/detail/calib_config_write__rosidl_typesupport_fastrtps_cpp.hpp
[0.780s] -- Up-to-date: /home/amrl-linux24-04/ros2_ben/install/realsense2_camera_msgs/include/realsense2_camera_msgs/realsense2_camera_msgs/srv/detail/calib_config_read__rosidl_typesupport_fastrtps_cpp.hpp
[0.780s] -- Up-to-date: /home/amrl-linux24-04/ros2_ben/install/realsense2_camera_msgs/include/realsense2_camera_msgs/realsense2_camera_msgs/srv/detail/device_info__rosidl_typesupport_fastrtps_cpp.hpp
[0.781s] -- Up-to-date: /home/amrl-linux24-04/ros2_ben/install/realsense2_camera_msgs/include/realsense2_camera_msgs/realsense2_camera_msgs/msg
[0.781s] -- Up-to-date: /home/amrl-linux24-04/ros2_ben/install/realsense2_camera_msgs/include/realsense2_camera_msgs/realsense2_camera_msgs/msg/detail
[0.781s] -- Up-to-date: /home/amrl-linux24-04/ros2_ben/install/realsense2_camera_msgs/include/realsense2_camera_msgs/realsense2_camera_msgs/msg/detail/dds_fastrtps
[0.782s] -- Up-to-date: /home/amrl-linux24-04/ros2_ben/install/realsense2_camera_msgs/include/realsense2_camera_msgs/realsense2_camera_msgs/msg/detail/metadata__rosidl_typesupport_fastrtps_cpp.hpp
[0.782s] -- Up-to-date: /home/amrl-linux24-04/ros2_ben/install/realsense2_camera_msgs/include/realsense2_camera_msgs/realsense2_camera_msgs/msg/detail/rgbd__rosidl_typesupport_fastrtps_cpp.hpp
[0.782s] -- Up-to-date: /home/amrl-linux24-04/ros2_ben/install/realsense2_camera_msgs/include/realsense2_camera_msgs/realsense2_camera_msgs/msg/detail/imu_info__rosidl_typesupport_fastrtps_cpp.hpp
[0.783s] -- Up-to-date: /home/amrl-linux24-04/ros2_ben/install/realsense2_camera_msgs/include/realsense2_camera_msgs/realsense2_camera_msgs/msg/detail/extrinsics__rosidl_typesupport_fastrtps_cpp.hpp
[0.783s] -- Up-to-date: /home/amrl-linux24-04/ros2_ben/install/realsense2_camera_msgs/include/realsense2_camera_msgs/realsense2_camera_msgs/msg/rosidl_typesupport_fastrtps_cpp__visibility_control.h
[0.783s] -- Up-to-date: /home/amrl-linux24-04/ros2_ben/install/realsense2_camera_msgs/lib/librealsense2_camera_msgs__rosidl_typesupport_fastrtps_cpp.so
[0.783s] -- Up-to-date: /home/amrl-linux24-04/ros2_ben/install/realsense2_camera_msgs/include/realsense2_camera_msgs/realsense2_camera_msgs
[0.783s] -- Up-to-date: /home/amrl-linux24-04/ros2_ben/install/realsense2_camera_msgs/include/realsense2_camera_msgs/realsense2_camera_msgs/action
[0.784s] -- Up-to-date: /home/amrl-linux24-04/ros2_ben/install/realsense2_camera_msgs/include/realsense2_camera_msgs/realsense2_camera_msgs/action/detail
[0.784s] -- Up-to-date: /home/amrl-linux24-04/ros2_ben/install/realsense2_camera_msgs/include/realsense2_camera_msgs/realsense2_camera_msgs/action/detail/triggered_calibration__rosidl_typesupport_introspection_cpp.hpp
[0.784s] -- Up-to-date: /home/amrl-linux24-04/ros2_ben/install/realsense2_camera_msgs/include/realsense2_camera_msgs/realsense2_camera_msgs/action/detail/triggered_calibration__type_support.cpp
[0.784s] -- Up-to-date: /home/amrl-linux24-04/ros2_ben/install/realsense2_camera_msgs/include/realsense2_camera_msgs/realsense2_camera_msgs/srv
[0.784s] -- Up-to-date: /home/amrl-linux24-04/ros2_ben/install/realsense2_camera_msgs/include/realsense2_camera_msgs/realsense2_camera_msgs/srv/detail
[0.784s] -- Up-to-date: /home/amrl-linux24-04/ros2_ben/install/realsense2_camera_msgs/include/realsense2_camera_msgs/realsense2_camera_msgs/srv/detail/calib_config_write__rosidl_typesupport_introspection_cpp.hpp
[0.785s] -- Up-to-date: /home/amrl-linux24-04/ros2_ben/install/realsense2_camera_msgs/include/realsense2_camera_msgs/realsense2_camera_msgs/srv/detail/device_info__type_support.cpp
[0.785s] -- Up-to-date: /home/amrl-linux24-04/ros2_ben/install/realsense2_camera_msgs/include/realsense2_camera_msgs/realsense2_camera_msgs/srv/detail/device_info__rosidl_typesupport_introspection_cpp.hpp
[0.785s] -- Up-to-date: /home/amrl-linux24-04/ros2_ben/install/realsense2_camera_msgs/include/realsense2_camera_msgs/realsense2_camera_msgs/srv/detail/calib_config_write__type_support.cpp
[0.785s] -- Up-to-date: /home/amrl-linux24-04/ros2_ben/install/realsense2_camera_msgs/include/realsense2_camera_msgs/realsense2_camera_msgs/srv/detail/calib_config_read__rosidl_typesupport_introspection_cpp.hpp
[0.785s] -- Up-to-date: /home/amrl-linux24-04/ros2_ben/install/realsense2_camera_msgs/include/realsense2_camera_msgs/realsense2_camera_msgs/srv/detail/calib_config_read__type_support.cpp
[0.785s] -- Up-to-date: /home/amrl-linux24-04/ros2_ben/install/realsense2_camera_msgs/include/realsense2_camera_msgs/realsense2_camera_msgs/msg
[0.785s] -- Up-to-date: /home/amrl-linux24-04/ros2_ben/install/realsense2_camera_msgs/include/realsense2_camera_msgs/realsense2_camera_msgs/msg/detail
[0.786s] -- Up-to-date: /home/amrl-linux24-04/ros2_ben/install/realsense2_camera_msgs/include/realsense2_camera_msgs/realsense2_camera_msgs/msg/detail/imu_info__type_support.cpp
[0.786s] -- Up-to-date: /home/amrl-linux24-04/ros2_ben/install/realsense2_camera_msgs/include/realsense2_camera_msgs/realsense2_camera_msgs/msg/detail/metadata__rosidl_typesupport_introspection_cpp.hpp
[0.786s] -- Up-to-date: /home/amrl-linux24-04/ros2_ben/install/realsense2_camera_msgs/include/realsense2_camera_msgs/realsense2_camera_msgs/msg/detail/imu_info__rosidl_typesupport_introspection_cpp.hpp
[0.786s] -- Up-to-date: /home/amrl-linux24-04/ros2_ben/install/realsense2_camera_msgs/include/realsense2_camera_msgs/realsense2_camera_msgs/msg/detail/extrinsics__rosidl_typesupport_introspection_cpp.hpp
[0.786s] -- Up-to-date: /home/amrl-linux24-04/ros2_ben/install/realsense2_camera_msgs/include/realsense2_camera_msgs/realsense2_camera_msgs/msg/detail/rgbd__rosidl_typesupport_introspection_cpp.hpp
[0.786s] -- Up-to-date: /home/amrl-linux24-04/ros2_ben/install/realsense2_camera_msgs/include/realsense2_camera_msgs/realsense2_camera_msgs/msg/detail/metadata__type_support.cpp
[0.786s] -- Up-to-date: /home/amrl-linux24-04/ros2_ben/install/realsense2_camera_msgs/include/realsense2_camera_msgs/realsense2_camera_msgs/msg/detail/extrinsics__type_support.cpp
[0.786s] -- Up-to-date: /home/amrl-linux24-04/ros2_ben/install/realsense2_camera_msgs/include/realsense2_camera_msgs/realsense2_camera_msgs/msg/detail/rgbd__type_support.cpp
[0.786s] -- Up-to-date: /home/amrl-linux24-04/ros2_ben/install/realsense2_camera_msgs/lib/librealsense2_camera_msgs__rosidl_typesupport_introspection_cpp.so
[0.787s] -- Up-to-date: /home/amrl-linux24-04/ros2_ben/install/realsense2_camera_msgs/lib/librealsense2_camera_msgs__rosidl_typesupport_cpp.so
[0.787s] -- Up-to-date: /home/amrl-linux24-04/ros2_ben/install/realsense2_camera_msgs/share/realsense2_camera_msgs/environment/pythonpath.sh
[0.788s] -- Up-to-date: /home/amrl-linux24-04/ros2_ben/install/realsense2_camera_msgs/share/realsense2_camera_msgs/environment/pythonpath.dsv
[0.788s] -- Up-to-date: /home/amrl-linux24-04/ros2_ben/install/realsense2_camera_msgs/lib/python3.12/site-packages/realsense2_camera_msgs-4.56.4-py3.12.egg-info
[0.788s] -- Installing: /home/amrl-linux24-04/ros2_ben/install/realsense2_camera_msgs/lib/python3.12/site-packages/realsense2_camera_msgs-4.56.4-py3.12.egg-info/top_level.txt
[0.788s] -- Installing: /home/amrl-linux24-04/ros2_ben/install/realsense2_camera_msgs/lib/python3.12/site-packages/realsense2_camera_msgs-4.56.4-py3.12.egg-info/dependency_links.txt
[0.789s] -- Installing: /home/amrl-linux24-04/ros2_ben/install/realsense2_camera_msgs/lib/python3.12/site-packages/realsense2_camera_msgs-4.56.4-py3.12.egg-info/PKG-INFO
[0.789s] -- Installing: /home/amrl-linux24-04/ros2_ben/install/realsense2_camera_msgs/lib/python3.12/site-packages/realsense2_camera_msgs-4.56.4-py3.12.egg-info/SOURCES.txt
[0.789s] -- Up-to-date: /home/amrl-linux24-04/ros2_ben/install/realsense2_camera_msgs/lib/python3.12/site-packages/realsense2_camera_msgs
[0.789s] -- Up-to-date: /home/amrl-linux24-04/ros2_ben/install/realsense2_camera_msgs/lib/python3.12/site-packages/realsense2_camera_msgs/_realsense2_camera_msgs_s.ep.rosidl_typesupport_introspection_c.c
[0.789s] -- Up-to-date: /home/amrl-linux24-04/ros2_ben/install/realsense2_camera_msgs/lib/python3.12/site-packages/realsense2_camera_msgs/action
[0.789s] -- Up-to-date: /home/amrl-linux24-04/ros2_ben/install/realsense2_camera_msgs/lib/python3.12/site-packages/realsense2_camera_msgs/action/__init__.py
[0.789s] -- Up-to-date: /home/amrl-linux24-04/ros2_ben/install/realsense2_camera_msgs/lib/python3.12/site-packages/realsense2_camera_msgs/action/_triggered_calibration_s.c
[0.789s] -- Up-to-date: /home/amrl-linux24-04/ros2_ben/install/realsense2_camera_msgs/lib/python3.12/site-packages/realsense2_camera_msgs/action/_triggered_calibration.py
[0.789s] -- Up-to-date: /home/amrl-linux24-04/ros2_ben/install/realsense2_camera_msgs/lib/python3.12/site-packages/realsense2_camera_msgs/_realsense2_camera_msgs_s.ep.rosidl_typesupport_c.c
[0.790s] -- Up-to-date: /home/amrl-linux24-04/ros2_ben/install/realsense2_camera_msgs/lib/python3.12/site-packages/realsense2_camera_msgs/srv
[0.790s] -- Up-to-date: /home/amrl-linux24-04/ros2_ben/install/realsense2_camera_msgs/lib/python3.12/site-packages/realsense2_camera_msgs/srv/_device_info.py
[0.790s] -- Up-to-date: /home/amrl-linux24-04/ros2_ben/install/realsense2_camera_msgs/lib/python3.12/site-packages/realsense2_camera_msgs/srv/_calib_config_read_s.c
[0.790s] -- Up-to-date: /home/amrl-linux24-04/ros2_ben/install/realsense2_camera_msgs/lib/python3.12/site-packages/realsense2_camera_msgs/srv/__init__.py
[0.790s] -- Up-to-date: /home/amrl-linux24-04/ros2_ben/install/realsense2_camera_msgs/lib/python3.12/site-packages/realsense2_camera_msgs/srv/_calib_config_read.py
[0.790s] -- Up-to-date: /home/amrl-linux24-04/ros2_ben/install/realsense2_camera_msgs/lib/python3.12/site-packages/realsense2_camera_msgs/srv/_device_info_s.c
[0.790s] -- Up-to-date: /home/amrl-linux24-04/ros2_ben/install/realsense2_camera_msgs/lib/python3.12/site-packages/realsense2_camera_msgs/srv/_calib_config_write.py
[0.790s] -- Up-to-date: /home/amrl-linux24-04/ros2_ben/install/realsense2_camera_msgs/lib/python3.12/site-packages/realsense2_camera_msgs/srv/_calib_config_write_s.c
[0.790s] -- Up-to-date: /home/amrl-linux24-04/ros2_ben/install/realsense2_camera_msgs/lib/python3.12/site-packages/realsense2_camera_msgs/__init__.py
[0.790s] -- Up-to-date: /home/amrl-linux24-04/ros2_ben/install/realsense2_camera_msgs/lib/python3.12/site-packages/realsense2_camera_msgs/_realsense2_camera_msgs_s.ep.rosidl_typesupport_fastrtps_c.c
[0.791s] -- Up-to-date: /home/amrl-linux24-04/ros2_ben/install/realsense2_camera_msgs/lib/python3.12/site-packages/realsense2_camera_msgs/realsense2_camera_msgs_s__rosidl_typesupport_c.so
[0.791s] -- Up-to-date: /home/amrl-linux24-04/ros2_ben/install/realsense2_camera_msgs/lib/python3.12/site-packages/realsense2_camera_msgs/msg
[0.791s] -- Up-to-date: /home/amrl-linux24-04/ros2_ben/install/realsense2_camera_msgs/lib/python3.12/site-packages/realsense2_camera_msgs/msg/_metadata.py
[0.791s] -- Up-to-date: /home/amrl-linux24-04/ros2_ben/install/realsense2_camera_msgs/lib/python3.12/site-packages/realsense2_camera_msgs/msg/_extrinsics_s.c
[0.791s] -- Up-to-date: /home/amrl-linux24-04/ros2_ben/install/realsense2_camera_msgs/lib/python3.12/site-packages/realsense2_camera_msgs/msg/_extrinsics.py
[0.791s] -- Up-to-date: /home/amrl-linux24-04/ros2_ben/install/realsense2_camera_msgs/lib/python3.12/site-packages/realsense2_camera_msgs/msg/__init__.py
[0.791s] -- Up-to-date: /home/amrl-linux24-04/ros2_ben/install/realsense2_camera_msgs/lib/python3.12/site-packages/realsense2_camera_msgs/msg/_imu_info.py
[0.791s] -- Up-to-date: /home/amrl-linux24-04/ros2_ben/install/realsense2_camera_msgs/lib/python3.12/site-packages/realsense2_camera_msgs/msg/_rgbd.py
[0.791s] -- Up-to-date: /home/amrl-linux24-04/ros2_ben/install/realsense2_camera_msgs/lib/python3.12/site-packages/realsense2_camera_msgs/msg/_imu_info_s.c
[0.792s] -- Up-to-date: /home/amrl-linux24-04/ros2_ben/install/realsense2_camera_msgs/lib/python3.12/site-packages/realsense2_camera_msgs/msg/_rgbd_s.c
[0.792s] -- Up-to-date: /home/amrl-linux24-04/ros2_ben/install/realsense2_camera_msgs/lib/python3.12/site-packages/realsense2_camera_msgs/msg/_metadata_s.c
[0.792s] -- Up-to-date: /home/amrl-linux24-04/ros2_ben/install/realsense2_camera_msgs/lib/python3.12/site-packages/realsense2_camera_msgs/realsense2_camera_msgs_s__rosidl_typesupport_introspection_c.so
[0.792s] -- Up-to-date: /home/amrl-linux24-04/ros2_ben/install/realsense2_camera_msgs/lib/python3.12/site-packages/realsense2_camera_msgs/realsense2_camera_msgs_s__rosidl_typesupport_fastrtps_c.so
[0.821s] Listing '/home/amrl-linux24-04/ros2_ben/install/realsense2_camera_msgs/lib/python3.12/site-packages/realsense2_camera_msgs'...
[0.821s] Listing '/home/amrl-linux24-04/ros2_ben/install/realsense2_camera_msgs/lib/python3.12/site-packages/realsense2_camera_msgs/action'...
[0.822s] Listing '/home/amrl-linux24-04/ros2_ben/install/realsense2_camera_msgs/lib/python3.12/site-packages/realsense2_camera_msgs/msg'...
[0.822s] Listing '/home/amrl-linux24-04/ros2_ben/install/realsense2_camera_msgs/lib/python3.12/site-packages/realsense2_camera_msgs/srv'...
[0.831s] -- Up-to-date: /home/amrl-linux24-04/ros2_ben/install/realsense2_camera_msgs/lib/python3.12/site-packages/realsense2_camera_msgs/realsense2_camera_msgs_s__rosidl_typesupport_fastrtps_c.so
[0.831s] -- Up-to-date: /home/amrl-linux24-04/ros2_ben/install/realsense2_camera_msgs/lib/python3.12/site-packages/realsense2_camera_msgs/realsense2_camera_msgs_s__rosidl_typesupport_introspection_c.so
[0.832s] -- Up-to-date: /home/amrl-linux24-04/ros2_ben/install/realsense2_camera_msgs/lib/python3.12/site-packages/realsense2_camera_msgs/realsense2_camera_msgs_s__rosidl_typesupport_c.so
[0.833s] -- Up-to-date: /home/amrl-linux24-04/ros2_ben/install/realsense2_camera_msgs/lib/librealsense2_camera_msgs__rosidl_generator_py.so
[0.834s] -- Up-to-date: /home/amrl-linux24-04/ros2_ben/install/realsense2_camera_msgs/share/realsense2_camera_msgs/msg/IMUInfo.idl
[0.834s] -- Up-to-date: /home/amrl-linux24-04/ros2_ben/install/realsense2_camera_msgs/share/realsense2_camera_msgs/msg/Extrinsics.idl
[0.834s] -- Up-to-date: /home/amrl-linux24-04/ros2_ben/install/realsense2_camera_msgs/share/realsense2_camera_msgs/msg/Metadata.idl
[0.835s] -- Up-to-date: /home/amrl-linux24-04/ros2_ben/install/realsense2_camera_msgs/share/realsense2_camera_msgs/msg/RGBD.idl
[0.835s] -- Up-to-date: /home/amrl-linux24-04/ros2_ben/install/realsense2_camera_msgs/share/realsense2_camera_msgs/srv/DeviceInfo.idl
[0.836s] -- Up-to-date: /home/amrl-linux24-04/ros2_ben/install/realsense2_camera_msgs/share/realsense2_camera_msgs/srv/CalibConfigRead.idl
[0.837s] -- Up-to-date: /home/amrl-linux24-04/ros2_ben/install/realsense2_camera_msgs/share/realsense2_camera_msgs/srv/CalibConfigWrite.idl
[0.837s] -- Up-to-date: /home/amrl-linux24-04/ros2_ben/install/realsense2_camera_msgs/share/realsense2_camera_msgs/action/TriggeredCalibration.idl
[0.837s] -- Up-to-date: /home/amrl-linux24-04/ros2_ben/install/realsense2_camera_msgs/share/realsense2_camera_msgs/msg/IMUInfo.msg
[0.838s] -- Up-to-date: /home/amrl-linux24-04/ros2_ben/install/realsense2_camera_msgs/share/realsense2_camera_msgs/msg/Extrinsics.msg
[0.838s] -- Up-to-date: /home/amrl-linux24-04/ros2_ben/install/realsense2_camera_msgs/share/realsense2_camera_msgs/msg/Metadata.msg
[0.839s] -- Up-to-date: /home/amrl-linux24-04/ros2_ben/install/realsense2_camera_msgs/share/realsense2_camera_msgs/msg/RGBD.msg
[0.839s] -- Up-to-date: /home/amrl-linux24-04/ros2_ben/install/realsense2_camera_msgs/share/realsense2_camera_msgs/srv/DeviceInfo.srv
[0.845s] -- Up-to-date: /home/amrl-linux24-04/ros2_ben/install/realsense2_camera_msgs/share/realsense2_camera_msgs/srv/CalibConfigRead.srv
[0.845s] -- Up-to-date: /home/amrl-linux24-04/ros2_ben/install/realsense2_camera_msgs/share/realsense2_camera_msgs/srv/CalibConfigWrite.srv
[0.845s] -- Up-to-date: /home/amrl-linux24-04/ros2_ben/install/realsense2_camera_msgs/share/realsense2_camera_msgs/action/TriggeredCalibration.action
[0.846s] -- Up-to-date: /home/amrl-linux24-04/ros2_ben/install/realsense2_camera_msgs/share/ament_index/resource_index/package_run_dependencies/realsense2_camera_msgs
[0.847s] -- Up-to-date: /home/amrl-linux24-04/ros2_ben/install/realsense2_camera_msgs/share/ament_index/resource_index/parent_prefix_path/realsense2_camera_msgs
[0.847s] -- Up-to-date: /home/amrl-linux24-04/ros2_ben/install/realsense2_camera_msgs/share/realsense2_camera_msgs/environment/ament_prefix_path.sh
[0.847s] -- Up-to-date: /home/amrl-linux24-04/ros2_ben/install/realsense2_camera_msgs/share/realsense2_camera_msgs/environment/ament_prefix_path.dsv
[0.848s] -- Up-to-date: /home/amrl-linux24-04/ros2_ben/install/realsense2_camera_msgs/share/realsense2_camera_msgs/environment/path.sh
[0.848s] -- Up-to-date: /home/amrl-linux24-04/ros2_ben/install/realsense2_camera_msgs/share/realsense2_camera_msgs/environment/path.dsv
[0.849s] -- Up-to-date: /home/amrl-linux24-04/ros2_ben/install/realsense2_camera_msgs/share/realsense2_camera_msgs/local_setup.bash
[0.853s] -- Up-to-date: /home/amrl-linux24-04/ros2_ben/install/realsense2_camera_msgs/share/realsense2_camera_msgs/local_setup.sh
[0.853s] -- Up-to-date: /home/amrl-linux24-04/ros2_ben/install/realsense2_camera_msgs/share/realsense2_camera_msgs/local_setup.zsh
[0.854s] -- Up-to-date: /home/amrl-linux24-04/ros2_ben/install/realsense2_camera_msgs/share/realsense2_camera_msgs/local_setup.dsv
[0.855s] -- Installing: /home/amrl-linux24-04/ros2_ben/install/realsense2_camera_msgs/share/realsense2_camera_msgs/package.dsv
[0.856s] -- Up-to-date: /home/amrl-linux24-04/ros2_ben/install/realsense2_camera_msgs/share/ament_index/resource_index/packages/realsense2_camera_msgs
[0.856s] -- Up-to-date: /home/amrl-linux24-04/ros2_ben/install/realsense2_camera_msgs/share/realsense2_camera_msgs/cmake/export_realsense2_camera_msgs__rosidl_generator_cExport.cmake
[0.857s] -- Up-to-date: /home/amrl-linux24-04/ros2_ben/install/realsense2_camera_msgs/share/realsense2_camera_msgs/cmake/export_realsense2_camera_msgs__rosidl_generator_cExport-noconfig.cmake
[0.859s] -- Up-to-date: /home/amrl-linux24-04/ros2_ben/install/realsense2_camera_msgs/share/realsense2_camera_msgs/cmake/export_realsense2_camera_msgs__rosidl_typesupport_fastrtps_cExport.cmake
[0.860s] -- Up-to-date: /home/amrl-linux24-04/ros2_ben/install/realsense2_camera_msgs/share/realsense2_camera_msgs/cmake/export_realsense2_camera_msgs__rosidl_typesupport_fastrtps_cExport-noconfig.cmake
[0.860s] -- Up-to-date: /home/amrl-linux24-04/ros2_ben/install/realsense2_camera_msgs/share/realsense2_camera_msgs/cmake/realsense2_camera_msgs__rosidl_typesupport_introspection_cExport.cmake
[0.860s] -- Up-to-date: /home/amrl-linux24-04/ros2_ben/install/realsense2_camera_msgs/share/realsense2_camera_msgs/cmake/realsense2_camera_msgs__rosidl_typesupport_introspection_cExport-noconfig.cmake
[0.860s] -- Up-to-date: /home/amrl-linux24-04/ros2_ben/install/realsense2_camera_msgs/share/realsense2_camera_msgs/cmake/realsense2_camera_msgs__rosidl_typesupport_cExport.cmake
[0.860s] -- Up-to-date: /home/amrl-linux24-04/ros2_ben/install/realsense2_camera_msgs/share/realsense2_camera_msgs/cmake/realsense2_camera_msgs__rosidl_typesupport_cExport-noconfig.cmake
[0.861s] -- Up-to-date: /home/amrl-linux24-04/ros2_ben/install/realsense2_camera_msgs/share/realsense2_camera_msgs/cmake/export_realsense2_camera_msgs__rosidl_generator_cppExport.cmake
[0.863s] -- Up-to-date: /home/amrl-linux24-04/ros2_ben/install/realsense2_camera_msgs/share/realsense2_camera_msgs/cmake/export_realsense2_camera_msgs__rosidl_typesupport_fastrtps_cppExport.cmake
[0.863s] -- Up-to-date: /home/amrl-linux24-04/ros2_ben/install/realsense2_camera_msgs/share/realsense2_camera_msgs/cmake/export_realsense2_camera_msgs__rosidl_typesupport_fastrtps_cppExport-noconfig.cmake
[0.864s] -- Up-to-date: /home/amrl-linux24-04/ros2_ben/install/realsense2_camera_msgs/share/realsense2_camera_msgs/cmake/realsense2_camera_msgs__rosidl_typesupport_introspection_cppExport.cmake
[0.865s] -- Up-to-date: /home/amrl-linux24-04/ros2_ben/install/realsense2_camera_msgs/share/realsense2_camera_msgs/cmake/realsense2_camera_msgs__rosidl_typesupport_introspection_cppExport-noconfig.cmake
[0.865s] -- Up-to-date: /home/amrl-linux24-04/ros2_ben/install/realsense2_camera_msgs/share/realsense2_camera_msgs/cmake/realsense2_camera_msgs__rosidl_typesupport_cppExport.cmake
[0.866s] -- Up-to-date: /home/amrl-linux24-04/ros2_ben/install/realsense2_camera_msgs/share/realsense2_camera_msgs/cmake/realsense2_camera_msgs__rosidl_typesupport_cppExport-noconfig.cmake
[0.866s] -- Up-to-date: /home/amrl-linux24-04/ros2_ben/install/realsense2_camera_msgs/share/realsense2_camera_msgs/cmake/export_realsense2_camera_msgs__rosidl_generator_pyExport.cmake
[0.867s] -- Up-to-date: /home/amrl-linux24-04/ros2_ben/install/realsense2_camera_msgs/share/realsense2_camera_msgs/cmake/export_realsense2_camera_msgs__rosidl_generator_pyExport-noconfig.cmake
[0.867s] -- Up-to-date: /home/amrl-linux24-04/ros2_ben/install/realsense2_camera_msgs/share/realsense2_camera_msgs/cmake/rosidl_cmake-extras.cmake
[0.867s] -- Up-to-date: /home/amrl-linux24-04/ros2_ben/install/realsense2_camera_msgs/share/realsense2_camera_msgs/cmake/ament_cmake_export_dependencies-extras.cmake
[0.867s] -- Up-to-date: /home/amrl-linux24-04/ros2_ben/install/realsense2_camera_msgs/share/realsense2_camera_msgs/cmake/ament_cmake_export_include_directories-extras.cmake
[0.868s] -- Up-to-date: /home/amrl-linux24-04/ros2_ben/install/realsense2_camera_msgs/share/realsense2_camera_msgs/cmake/ament_cmake_export_libraries-extras.cmake
[0.868s] -- Up-to-date: /home/amrl-linux24-04/ros2_ben/install/realsense2_camera_msgs/share/realsense2_camera_msgs/cmake/ament_cmake_export_targets-extras.cmake
[0.868s] -- Up-to-date: /home/amrl-linux24-04/ros2_ben/install/realsense2_camera_msgs/share/realsense2_camera_msgs/cmake/rosidl_cmake_export_typesupport_targets-extras.cmake
[0.869s] -- Up-to-date: /home/amrl-linux24-04/ros2_ben/install/realsense2_camera_msgs/share/realsense2_camera_msgs/cmake/rosidl_cmake_export_typesupport_libraries-extras.cmake
[0.870s] -- Up-to-date: /home/amrl-linux24-04/ros2_ben/install/realsense2_camera_msgs/share/realsense2_camera_msgs/cmake/realsense2_camera_msgsConfig.cmake
[0.870s] -- Up-to-date: /home/amrl-linux24-04/ros2_ben/install/realsense2_camera_msgs/share/realsense2_camera_msgs/cmake/realsense2_camera_msgsConfig-version.cmake
[0.870s] -- Up-to-date: /home/amrl-linux24-04/ros2_ben/install/realsense2_camera_msgs/share/realsense2_camera_msgs/package.xml
[0.988s] Invoked command in '/home/amrl-linux24-04/ros2_ben/build/realsense2_camera_msgs' returned '0': CMAKE_PREFIX_PATH=${CMAKE_PREFIX_PATH}:/home/amrl-linux24-04/ros2_ben/install/yolo_ros:/home/amrl-linux24-04/ros2_ben/install/igusgus_launch:/home/amrl-linux24-04/ros2_ben/install/igusgus:/opt/ros/jazzy DEBUGINFOD_URLS=https://debuginfod.ubuntu.com /usr/bin/cmake --install /home/amrl-linux24-04/ros2_ben/build/realsense2_camera_msgs
