[0.015s] Invoking command in '/home/amrl-linux24-04/ros2_ben/build/realsense2_camera': CMAKE_PREFIX_PATH=/home/amrl-linux24-04/ros2_ben/install/realsense2_camera_msgs:/home/amrl-linux24-04/ros2_ben/install/yolo_bringup:/home/amrl-linux24-04/ros2_ben/install/yolo_msgs:/home/amrl-linux24-04/ros2_ben/install/realsense2_description:/home/amrl-linux24-04/ros2_ben/install/realsense2_camera:/home/amrl-linux24-04/ros2_ben/install/igus_rebel:/home/amrl-linux24-04/ros2_ben/install/igus_rebel_msgs:/home/amrl-linux24-04/ros2_ben/install/igus_rebel_moveit_config:/home/amrl-linux24-04/ros2_ben/install/igus_rebel_description:/opt/ros/jazzy/opt/gz_sim_vendor:/opt/ros/jazzy/opt/gz_sensors_vendor:/opt/ros/jazzy/opt/gz_physics_vendor:/opt/ros/jazzy/opt/sdformat_vendor:/opt/ros/jazzy/opt/gz_gui_vendor:/opt/ros/jazzy/opt/gz_transport_vendor:/opt/ros/jazzy/opt/gz_rendering_vendor:/opt/ros/jazzy/opt/gz_plugin_vendor:/opt/ros/jazzy/opt/gz_fuel_tools_vendor:/opt/ros/jazzy/opt/gz_msgs_vendor:/opt/ros/jazzy/opt/gz_common_vendor:/opt/ros/jazzy/opt/gz_math_vendor:/opt/ros/jazzy/opt/gz_utils_vendor:/opt/ros/jazzy/opt/gz_tools_vendor:/opt/ros/jazzy/opt/gz_ogre_next_vendor:/opt/ros/jazzy/opt/gz_dartsim_vendor:/opt/ros/jazzy/opt/gz_cmake_vendor:/home/amrl-linux24-04/ros2_ben/install/yolo_ros:/home/amrl-linux24-04/ros2_ben/install/igusgus_launch:/opt/ros/jazzy DEBUGINFOD_URLS=https://debuginfod.ubuntu.com LD_LIBRARY_PATH=/home/amrl-linux24-04/ros2_ben/install/realsense2_camera_msgs/lib:/home/amrl-linux24-04/ros2_ben/install/yolo_msgs/lib:/home/amrl-linux24-04/ros2_ben/install/realsense2_camera/lib:/home/amrl-linux24-04/ros2_ben/install/igus_rebel/lib:/home/amrl-linux24-04/ros2_ben/install/igus_rebel_msgs/lib:/opt/ros/jazzy/opt/gz_sim_vendor/lib:/opt/ros/jazzy/opt/gz_sensors_vendor/lib:/opt/ros/jazzy/opt/gz_physics_vendor/lib:/opt/ros/jazzy/opt/sdformat_vendor/lib:/opt/ros/jazzy/opt/rviz_ogre_vendor/lib:/opt/ros/jazzy/lib/x86_64-linux-gnu:/opt/ros/jazzy/opt/gz_gui_vendor/lib:/opt/ros/jazzy/opt/gz_transport_vendor/lib:/opt/ros/jazzy/opt/gz_rendering_vendor/lib:/opt/ros/jazzy/opt/gz_plugin_vendor/lib:/opt/ros/jazzy/opt/gz_fuel_tools_vendor/lib:/opt/ros/jazzy/opt/gz_msgs_vendor/lib:/opt/ros/jazzy/opt/gz_common_vendor/lib:/opt/ros/jazzy/opt/gz_math_vendor/lib:/opt/ros/jazzy/opt/gz_utils_vendor/lib:/opt/ros/jazzy/opt/gz_tools_vendor/lib:/opt/ros/jazzy/opt/gz_ogre_next_vendor/lib:/opt/ros/jazzy/opt/gz_dartsim_vendor/lib:/opt/ros/jazzy/opt/gz_cmake_vendor/lib:/opt/ros/jazzy/lib PYTHONPATH=/home/amrl-linux24-04/ros2_ben/install/realsense2_camera_msgs/lib/python3.12/site-packages:/home/amrl-linux24-04/ros2_ben/install/yolo_ros/lib/python3.12/site-packages:/home/amrl-linux24-04/ros2_ben/install/yolo_msgs/lib/python3.12/site-packages:/home/amrl-linux24-04/ros2_ben/install/igusgus_launch/lib/python3.12/site-packages:/home/amrl-linux24-04/ros2_ben/install/igus_rebel_msgs/lib/python3.12/site-packages:/opt/ros/jazzy/lib/python3.12/site-packages /usr/bin/cmake /home/amrl-linux24-04/ros2_ben/src/realsense-ros/realsense2_camera -DCMAKE_INSTALL_PREFIX=/home/amrl-linux24-04/ros2_ben/install/realsense2_camera
[0.099s] -- The C compiler identification is GNU 13.3.0
[0.181s] -- The CXX compiler identification is GNU 13.3.0
[0.206s] -- Detecting C compiler ABI info
[0.339s] -- Detecting C compiler ABI info - done
[0.356s] -- Check for working C compiler: /usr/bin/cc - skipped
[0.356s] -- Detecting C compile features
[0.356s] -- Detecting C compile features - done
[0.371s] -- Detecting CXX compiler ABI info
[0.534s] -- Detecting CXX compiler ABI info - done
[0.556s] -- Check for working CXX compiler: /usr/bin/c++ - skipped
[0.556s] -- Detecting CXX compile features
[0.557s] -- Detecting CXX compile features - done
[0.559s] -- Create Release Build.
[0.566s] -- Found ament_cmake: 2.5.4 (/opt/ros/jazzy/share/ament_cmake/cmake)
[0.889s] -- Found Python3: /usr/bin/python3 (found version "3.12.3") found components: Interpreter 
[1.262s] -- Found builtin_interfaces: 2.0.3 (/opt/ros/jazzy/share/builtin_interfaces/cmake)
[1.414s] -- Found rosidl_generator_c: 4.6.6 (/opt/ros/jazzy/share/rosidl_generator_c/cmake)
[1.450s] -- Found rosidl_generator_cpp: 4.6.6 (/opt/ros/jazzy/share/rosidl_generator_cpp/cmake)
[1.489s] -- Using all available rosidl_typesupport_c: rosidl_typesupport_fastrtps_c;rosidl_typesupport_introspection_c
[1.532s] -- Using all available rosidl_typesupport_cpp: rosidl_typesupport_fastrtps_cpp;rosidl_typesupport_introspection_cpp
[1.576s] -- Found cv_bridge: 4.1.0 (/opt/ros/jazzy/share/cv_bridge/cmake)
[1.892s] -- Found rmw_implementation_cmake: 7.3.2 (/opt/ros/jazzy/share/rmw_implementation_cmake/cmake)
[1.902s] -- Found rmw_fastrtps_cpp: 8.4.3 (/opt/ros/jazzy/share/rmw_fastrtps_cpp/cmake)
[2.130s] -- Found OpenSSL: /usr/lib/x86_64-linux-gnu/libcrypto.so (found version "3.0.13")  
[2.180s] -- Found FastRTPS: /opt/ros/jazzy/include (Required is at least version "2.13") 
[2.250s] -- Using RMW implementation 'rmw_fastrtps_cpp' as default
[2.444s] -- Found image_transport: 5.1.7 (/opt/ros/jazzy/share/image_transport/cmake)
[2.520s] -- Found rclcpp_action: 28.1.12 (/opt/ros/jazzy/share/rclcpp_action/cmake)
[2.636s] -- Found rclcpp_components: 28.1.12 (/opt/ros/jazzy/share/rclcpp_components/cmake)
[2.700s] -- Found realsense2_camera_msgs: 4.56.4 (/home/amrl-linux24-04/ros2_ben/install/realsense2_camera_msgs/share/realsense2_camera_msgs/cmake)
[2.785s] -- Found std_srvs: 5.3.6 (/opt/ros/jazzy/share/std_srvs/cmake)
[2.830s] -- Found nav_msgs: 5.3.6 (/opt/ros/jazzy/share/nav_msgs/cmake)
[2.903s] -- Found tf2_ros: 0.36.14 (/opt/ros/jazzy/share/tf2_ros/cmake)
[3.030s] -- Found diagnostic_updater: 4.2.6 (/opt/ros/jazzy/share/diagnostic_updater/cmake)
[3.119s] -- Found OpenCV: /usr (found version "4.6.0") found components: core 
[3.127s] -- Build for ROS2 Jazzy
[3.138s] -- Found ament_cmake_gtest: 2.5.4 (/opt/ros/jazzy/share/ament_cmake_gtest/cmake)
[3.148s] -- Found gtest sources under '/opt/ros/jazzy/src/gtest_vendor': C++ tests using 'Google Test' will be built
[3.154s] -- Performing Test CMAKE_HAVE_LIBC_PTHREAD
[3.364s] -- Performing Test CMAKE_HAVE_LIBC_PTHREAD - Success
[3.367s] -- Found Threads: TRUE  
[3.378s] -- Found ament_cmake_pytest: 2.5.4 (/opt/ros/jazzy/share/ament_cmake_pytest/cmake)
[9.612s] -- rs_device_info:
[9.612s] -- Device Name                   Serial Number       Firmware Version
[9.612s] Intel RealSense D435          909512071556        5.17.0.10
[9.612s] 
[9.612s] -- D455 device found
[12.291s] -- Configuring done (12.3s)
[12.310s] -- Generating done (0.0s)
[12.315s] -- Build files have been written to: /home/amrl-linux24-04/ros2_ben/build/realsense2_camera
[12.325s] Invoked command in '/home/amrl-linux24-04/ros2_ben/build/realsense2_camera' returned '0': CMAKE_PREFIX_PATH=/home/amrl-linux24-04/ros2_ben/install/realsense2_camera_msgs:/home/amrl-linux24-04/ros2_ben/install/yolo_bringup:/home/amrl-linux24-04/ros2_ben/install/yolo_msgs:/home/amrl-linux24-04/ros2_ben/install/realsense2_description:/home/amrl-linux24-04/ros2_ben/install/realsense2_camera:/home/amrl-linux24-04/ros2_ben/install/igus_rebel:/home/amrl-linux24-04/ros2_ben/install/igus_rebel_msgs:/home/amrl-linux24-04/ros2_ben/install/igus_rebel_moveit_config:/home/amrl-linux24-04/ros2_ben/install/igus_rebel_description:/opt/ros/jazzy/opt/gz_sim_vendor:/opt/ros/jazzy/opt/gz_sensors_vendor:/opt/ros/jazzy/opt/gz_physics_vendor:/opt/ros/jazzy/opt/sdformat_vendor:/opt/ros/jazzy/opt/gz_gui_vendor:/opt/ros/jazzy/opt/gz_transport_vendor:/opt/ros/jazzy/opt/gz_rendering_vendor:/opt/ros/jazzy/opt/gz_plugin_vendor:/opt/ros/jazzy/opt/gz_fuel_tools_vendor:/opt/ros/jazzy/opt/gz_msgs_vendor:/opt/ros/jazzy/opt/gz_common_vendor:/opt/ros/jazzy/opt/gz_math_vendor:/opt/ros/jazzy/opt/gz_utils_vendor:/opt/ros/jazzy/opt/gz_tools_vendor:/opt/ros/jazzy/opt/gz_ogre_next_vendor:/opt/ros/jazzy/opt/gz_dartsim_vendor:/opt/ros/jazzy/opt/gz_cmake_vendor:/home/amrl-linux24-04/ros2_ben/install/yolo_ros:/home/amrl-linux24-04/ros2_ben/install/igusgus_launch:/opt/ros/jazzy DEBUGINFOD_URLS=https://debuginfod.ubuntu.com LD_LIBRARY_PATH=/home/amrl-linux24-04/ros2_ben/install/realsense2_camera_msgs/lib:/home/amrl-linux24-04/ros2_ben/install/yolo_msgs/lib:/home/amrl-linux24-04/ros2_ben/install/realsense2_camera/lib:/home/amrl-linux24-04/ros2_ben/install/igus_rebel/lib:/home/amrl-linux24-04/ros2_ben/install/igus_rebel_msgs/lib:/opt/ros/jazzy/opt/gz_sim_vendor/lib:/opt/ros/jazzy/opt/gz_sensors_vendor/lib:/opt/ros/jazzy/opt/gz_physics_vendor/lib:/opt/ros/jazzy/opt/sdformat_vendor/lib:/opt/ros/jazzy/opt/rviz_ogre_vendor/lib:/opt/ros/jazzy/lib/x86_64-linux-gnu:/opt/ros/jazzy/opt/gz_gui_vendor/lib:/opt/ros/jazzy/opt/gz_transport_vendor/lib:/opt/ros/jazzy/opt/gz_rendering_vendor/lib:/opt/ros/jazzy/opt/gz_plugin_vendor/lib:/opt/ros/jazzy/opt/gz_fuel_tools_vendor/lib:/opt/ros/jazzy/opt/gz_msgs_vendor/lib:/opt/ros/jazzy/opt/gz_common_vendor/lib:/opt/ros/jazzy/opt/gz_math_vendor/lib:/opt/ros/jazzy/opt/gz_utils_vendor/lib:/opt/ros/jazzy/opt/gz_tools_vendor/lib:/opt/ros/jazzy/opt/gz_ogre_next_vendor/lib:/opt/ros/jazzy/opt/gz_dartsim_vendor/lib:/opt/ros/jazzy/opt/gz_cmake_vendor/lib:/opt/ros/jazzy/lib PYTHONPATH=/home/amrl-linux24-04/ros2_ben/install/realsense2_camera_msgs/lib/python3.12/site-packages:/home/amrl-linux24-04/ros2_ben/install/yolo_ros/lib/python3.12/site-packages:/home/amrl-linux24-04/ros2_ben/install/yolo_msgs/lib/python3.12/site-packages:/home/amrl-linux24-04/ros2_ben/install/igusgus_launch/lib/python3.12/site-packages:/home/amrl-linux24-04/ros2_ben/install/igus_rebel_msgs/lib/python3.12/site-packages:/opt/ros/jazzy/lib/python3.12/site-packages /usr/bin/cmake /home/amrl-linux24-04/ros2_ben/src/realsense-ros/realsense2_camera -DCMAKE_INSTALL_PREFIX=/home/amrl-linux24-04/ros2_ben/install/realsense2_camera
[12.326s] Invoking command in '/home/amrl-linux24-04/ros2_ben/build/realsense2_camera': CMAKE_PREFIX_PATH=/home/amrl-linux24-04/ros2_ben/install/realsense2_camera_msgs:/home/amrl-linux24-04/ros2_ben/install/yolo_bringup:/home/amrl-linux24-04/ros2_ben/install/yolo_msgs:/home/amrl-linux24-04/ros2_ben/install/realsense2_description:/home/amrl-linux24-04/ros2_ben/install/realsense2_camera:/home/amrl-linux24-04/ros2_ben/install/igus_rebel:/home/amrl-linux24-04/ros2_ben/install/igus_rebel_msgs:/home/amrl-linux24-04/ros2_ben/install/igus_rebel_moveit_config:/home/amrl-linux24-04/ros2_ben/install/igus_rebel_description:/opt/ros/jazzy/opt/gz_sim_vendor:/opt/ros/jazzy/opt/gz_sensors_vendor:/opt/ros/jazzy/opt/gz_physics_vendor:/opt/ros/jazzy/opt/sdformat_vendor:/opt/ros/jazzy/opt/gz_gui_vendor:/opt/ros/jazzy/opt/gz_transport_vendor:/opt/ros/jazzy/opt/gz_rendering_vendor:/opt/ros/jazzy/opt/gz_plugin_vendor:/opt/ros/jazzy/opt/gz_fuel_tools_vendor:/opt/ros/jazzy/opt/gz_msgs_vendor:/opt/ros/jazzy/opt/gz_common_vendor:/opt/ros/jazzy/opt/gz_math_vendor:/opt/ros/jazzy/opt/gz_utils_vendor:/opt/ros/jazzy/opt/gz_tools_vendor:/opt/ros/jazzy/opt/gz_ogre_next_vendor:/opt/ros/jazzy/opt/gz_dartsim_vendor:/opt/ros/jazzy/opt/gz_cmake_vendor:/home/amrl-linux24-04/ros2_ben/install/yolo_ros:/home/amrl-linux24-04/ros2_ben/install/igusgus_launch:/opt/ros/jazzy DEBUGINFOD_URLS=https://debuginfod.ubuntu.com LD_LIBRARY_PATH=/home/amrl-linux24-04/ros2_ben/install/realsense2_camera_msgs/lib:/home/amrl-linux24-04/ros2_ben/install/yolo_msgs/lib:/home/amrl-linux24-04/ros2_ben/install/realsense2_camera/lib:/home/amrl-linux24-04/ros2_ben/install/igus_rebel/lib:/home/amrl-linux24-04/ros2_ben/install/igus_rebel_msgs/lib:/opt/ros/jazzy/opt/gz_sim_vendor/lib:/opt/ros/jazzy/opt/gz_sensors_vendor/lib:/opt/ros/jazzy/opt/gz_physics_vendor/lib:/opt/ros/jazzy/opt/sdformat_vendor/lib:/opt/ros/jazzy/opt/rviz_ogre_vendor/lib:/opt/ros/jazzy/lib/x86_64-linux-gnu:/opt/ros/jazzy/opt/gz_gui_vendor/lib:/opt/ros/jazzy/opt/gz_transport_vendor/lib:/opt/ros/jazzy/opt/gz_rendering_vendor/lib:/opt/ros/jazzy/opt/gz_plugin_vendor/lib:/opt/ros/jazzy/opt/gz_fuel_tools_vendor/lib:/opt/ros/jazzy/opt/gz_msgs_vendor/lib:/opt/ros/jazzy/opt/gz_common_vendor/lib:/opt/ros/jazzy/opt/gz_math_vendor/lib:/opt/ros/jazzy/opt/gz_utils_vendor/lib:/opt/ros/jazzy/opt/gz_tools_vendor/lib:/opt/ros/jazzy/opt/gz_ogre_next_vendor/lib:/opt/ros/jazzy/opt/gz_dartsim_vendor/lib:/opt/ros/jazzy/opt/gz_cmake_vendor/lib:/opt/ros/jazzy/lib PYTHONPATH=/home/amrl-linux24-04/ros2_ben/install/realsense2_camera_msgs/lib/python3.12/site-packages:/home/amrl-linux24-04/ros2_ben/install/yolo_ros/lib/python3.12/site-packages:/home/amrl-linux24-04/ros2_ben/install/yolo_msgs/lib/python3.12/site-packages:/home/amrl-linux24-04/ros2_ben/install/igusgus_launch/lib/python3.12/site-packages:/home/amrl-linux24-04/ros2_ben/install/igus_rebel_msgs/lib/python3.12/site-packages:/opt/ros/jazzy/lib/python3.12/site-packages /usr/bin/cmake --build /home/amrl-linux24-04/ros2_ben/build/realsense2_camera -- -j22 -l22
[12.380s] [  4%] [32mBuilding CXX object CMakeFiles/realsense2_camera.dir/src/rs_node_setup.cpp.o[0m
[12.380s] [  8%] [32mBuilding CXX object CMakeFiles/realsense2_camera.dir/src/sensor_params.cpp.o[0m
[12.381s] [ 12%] [32mBuilding CXX object CMakeFiles/realsense2_camera.dir/src/base_realsense_node.cpp.o[0m
[12.381s] [ 16%] [32mBuilding CXX object CMakeFiles/realsense2_camera.dir/src/ros_sensor.cpp.o[0m
[12.381s] [ 20%] [32mBuilding CXX object CMakeFiles/realsense2_camera.dir/src/realsense_node_factory.cpp.o[0m
[12.381s] [ 28%] [32mBuilding CXX object gtest/CMakeFiles/gtest.dir/src/gtest-all.cc.o[0m
[12.381s] [ 28%] [32mBuilding CXX object CMakeFiles/realsense2_camera.dir/src/actions.cpp.o[0m
[12.381s] [ 36%] [32mBuilding CXX object CMakeFiles/realsense2_camera.dir/src/pointcloud_filter.cpp.o[0m
[12.381s] [ 36%] [32mBuilding CXX object CMakeFiles/realsense2_camera.dir/src/parameters.cpp.o[0m
[12.382s] [ 48%] [32mBuilding CXX object CMakeFiles/realsense2_camera.dir/src/dynamic_params.cpp.o[0m
[12.382s] [ 48%] [32mBuilding CXX object CMakeFiles/realsense2_camera_node.dir/rclcpp_components/node_main_realsense2_camera_node.cpp.o[0m
[12.382s] [ 48%] [32mBuilding CXX object CMakeFiles/realsense2_camera.dir/src/ros_utils.cpp.o[0m
[12.382s] [ 52%] [32mBuilding CXX object gtest/CMakeFiles/gtest_main.dir/src/gtest_main.cc.o[0m
[12.383s] [ 56%] [32mBuilding CXX object CMakeFiles/realsense2_camera.dir/src/named_filter.cpp.o[0m
[12.383s] [ 60%] [32mBuilding CXX object CMakeFiles/realsense2_camera.dir/src/image_publisher.cpp.o[0m
[12.383s] [ 64%] [32mBuilding CXX object CMakeFiles/realsense2_camera.dir/src/profile_manager.cpp.o[0m
[12.384s] [ 68%] [32mBuilding CXX object CMakeFiles/realsense2_camera.dir/src/tfs.cpp.o[0m
[12.385s] [ 72%] [32mBuilding CXX object CMakeFiles/realsense2_camera.dir/src/ros_param_backend.cpp.o[0m
[12.390s] [ 76%] [32mBuilding CXX object CMakeFiles/realsense2_camera.dir/src/align_depth_filter.cpp.o[0m
[14.957s] [ 80%] [32m[1mLinking CXX static library libgtest_main.a[0m
[15.146s] [ 80%] Built target gtest_main
[28.218s] [ 84%] [32m[1mLinking CXX executable realsense2_camera_node[0m
[28.543s] [ 84%] Built target realsense2_camera_node
[41.409s] [ 88%] [32m[1mLinking CXX static library libgtest.a[0m
[41.515s] [ 88%] Built target gtest
[41.572s] [ 92%] [32mBuilding CXX object CMakeFiles/gtest_template.dir/test/gtest_template.cpp.o[0m
[43.536s] [ 96%] [32m[1mLinking CXX executable gtest_template[0m
[43.713s] [ 96%] Built target gtest_template
[53.818s] [100%] [32m[1mLinking CXX shared library librealsense2_camera.so[0m
[54.099s] [100%] Built target realsense2_camera
[54.110s] Invoked command in '/home/amrl-linux24-04/ros2_ben/build/realsense2_camera' returned '0': CMAKE_PREFIX_PATH=/home/amrl-linux24-04/ros2_ben/install/realsense2_camera_msgs:/home/amrl-linux24-04/ros2_ben/install/yolo_bringup:/home/amrl-linux24-04/ros2_ben/install/yolo_msgs:/home/amrl-linux24-04/ros2_ben/install/realsense2_description:/home/amrl-linux24-04/ros2_ben/install/realsense2_camera:/home/amrl-linux24-04/ros2_ben/install/igus_rebel:/home/amrl-linux24-04/ros2_ben/install/igus_rebel_msgs:/home/amrl-linux24-04/ros2_ben/install/igus_rebel_moveit_config:/home/amrl-linux24-04/ros2_ben/install/igus_rebel_description:/opt/ros/jazzy/opt/gz_sim_vendor:/opt/ros/jazzy/opt/gz_sensors_vendor:/opt/ros/jazzy/opt/gz_physics_vendor:/opt/ros/jazzy/opt/sdformat_vendor:/opt/ros/jazzy/opt/gz_gui_vendor:/opt/ros/jazzy/opt/gz_transport_vendor:/opt/ros/jazzy/opt/gz_rendering_vendor:/opt/ros/jazzy/opt/gz_plugin_vendor:/opt/ros/jazzy/opt/gz_fuel_tools_vendor:/opt/ros/jazzy/opt/gz_msgs_vendor:/opt/ros/jazzy/opt/gz_common_vendor:/opt/ros/jazzy/opt/gz_math_vendor:/opt/ros/jazzy/opt/gz_utils_vendor:/opt/ros/jazzy/opt/gz_tools_vendor:/opt/ros/jazzy/opt/gz_ogre_next_vendor:/opt/ros/jazzy/opt/gz_dartsim_vendor:/opt/ros/jazzy/opt/gz_cmake_vendor:/home/amrl-linux24-04/ros2_ben/install/yolo_ros:/home/amrl-linux24-04/ros2_ben/install/igusgus_launch:/opt/ros/jazzy DEBUGINFOD_URLS=https://debuginfod.ubuntu.com LD_LIBRARY_PATH=/home/amrl-linux24-04/ros2_ben/install/realsense2_camera_msgs/lib:/home/amrl-linux24-04/ros2_ben/install/yolo_msgs/lib:/home/amrl-linux24-04/ros2_ben/install/realsense2_camera/lib:/home/amrl-linux24-04/ros2_ben/install/igus_rebel/lib:/home/amrl-linux24-04/ros2_ben/install/igus_rebel_msgs/lib:/opt/ros/jazzy/opt/gz_sim_vendor/lib:/opt/ros/jazzy/opt/gz_sensors_vendor/lib:/opt/ros/jazzy/opt/gz_physics_vendor/lib:/opt/ros/jazzy/opt/sdformat_vendor/lib:/opt/ros/jazzy/opt/rviz_ogre_vendor/lib:/opt/ros/jazzy/lib/x86_64-linux-gnu:/opt/ros/jazzy/opt/gz_gui_vendor/lib:/opt/ros/jazzy/opt/gz_transport_vendor/lib:/opt/ros/jazzy/opt/gz_rendering_vendor/lib:/opt/ros/jazzy/opt/gz_plugin_vendor/lib:/opt/ros/jazzy/opt/gz_fuel_tools_vendor/lib:/opt/ros/jazzy/opt/gz_msgs_vendor/lib:/opt/ros/jazzy/opt/gz_common_vendor/lib:/opt/ros/jazzy/opt/gz_math_vendor/lib:/opt/ros/jazzy/opt/gz_utils_vendor/lib:/opt/ros/jazzy/opt/gz_tools_vendor/lib:/opt/ros/jazzy/opt/gz_ogre_next_vendor/lib:/opt/ros/jazzy/opt/gz_dartsim_vendor/lib:/opt/ros/jazzy/opt/gz_cmake_vendor/lib:/opt/ros/jazzy/lib PYTHONPATH=/home/amrl-linux24-04/ros2_ben/install/realsense2_camera_msgs/lib/python3.12/site-packages:/home/amrl-linux24-04/ros2_ben/install/yolo_ros/lib/python3.12/site-packages:/home/amrl-linux24-04/ros2_ben/install/yolo_msgs/lib/python3.12/site-packages:/home/amrl-linux24-04/ros2_ben/install/igusgus_launch/lib/python3.12/site-packages:/home/amrl-linux24-04/ros2_ben/install/igus_rebel_msgs/lib/python3.12/site-packages:/opt/ros/jazzy/lib/python3.12/site-packages /usr/bin/cmake --build /home/amrl-linux24-04/ros2_ben/build/realsense2_camera -- -j22 -l22
[54.111s] Invoking command in '/home/amrl-linux24-04/ros2_ben/build/realsense2_camera': CMAKE_PREFIX_PATH=/home/amrl-linux24-04/ros2_ben/install/realsense2_camera_msgs:/home/amrl-linux24-04/ros2_ben/install/yolo_bringup:/home/amrl-linux24-04/ros2_ben/install/yolo_msgs:/home/amrl-linux24-04/ros2_ben/install/realsense2_description:/home/amrl-linux24-04/ros2_ben/install/realsense2_camera:/home/amrl-linux24-04/ros2_ben/install/igus_rebel:/home/amrl-linux24-04/ros2_ben/install/igus_rebel_msgs:/home/amrl-linux24-04/ros2_ben/install/igus_rebel_moveit_config:/home/amrl-linux24-04/ros2_ben/install/igus_rebel_description:/opt/ros/jazzy/opt/gz_sim_vendor:/opt/ros/jazzy/opt/gz_sensors_vendor:/opt/ros/jazzy/opt/gz_physics_vendor:/opt/ros/jazzy/opt/sdformat_vendor:/opt/ros/jazzy/opt/gz_gui_vendor:/opt/ros/jazzy/opt/gz_transport_vendor:/opt/ros/jazzy/opt/gz_rendering_vendor:/opt/ros/jazzy/opt/gz_plugin_vendor:/opt/ros/jazzy/opt/gz_fuel_tools_vendor:/opt/ros/jazzy/opt/gz_msgs_vendor:/opt/ros/jazzy/opt/gz_common_vendor:/opt/ros/jazzy/opt/gz_math_vendor:/opt/ros/jazzy/opt/gz_utils_vendor:/opt/ros/jazzy/opt/gz_tools_vendor:/opt/ros/jazzy/opt/gz_ogre_next_vendor:/opt/ros/jazzy/opt/gz_dartsim_vendor:/opt/ros/jazzy/opt/gz_cmake_vendor:/home/amrl-linux24-04/ros2_ben/install/yolo_ros:/home/amrl-linux24-04/ros2_ben/install/igusgus_launch:/opt/ros/jazzy DEBUGINFOD_URLS=https://debuginfod.ubuntu.com LD_LIBRARY_PATH=/home/amrl-linux24-04/ros2_ben/install/realsense2_camera_msgs/lib:/home/amrl-linux24-04/ros2_ben/install/yolo_msgs/lib:/home/amrl-linux24-04/ros2_ben/install/realsense2_camera/lib:/home/amrl-linux24-04/ros2_ben/install/igus_rebel/lib:/home/amrl-linux24-04/ros2_ben/install/igus_rebel_msgs/lib:/opt/ros/jazzy/opt/gz_sim_vendor/lib:/opt/ros/jazzy/opt/gz_sensors_vendor/lib:/opt/ros/jazzy/opt/gz_physics_vendor/lib:/opt/ros/jazzy/opt/sdformat_vendor/lib:/opt/ros/jazzy/opt/rviz_ogre_vendor/lib:/opt/ros/jazzy/lib/x86_64-linux-gnu:/opt/ros/jazzy/opt/gz_gui_vendor/lib:/opt/ros/jazzy/opt/gz_transport_vendor/lib:/opt/ros/jazzy/opt/gz_rendering_vendor/lib:/opt/ros/jazzy/opt/gz_plugin_vendor/lib:/opt/ros/jazzy/opt/gz_fuel_tools_vendor/lib:/opt/ros/jazzy/opt/gz_msgs_vendor/lib:/opt/ros/jazzy/opt/gz_common_vendor/lib:/opt/ros/jazzy/opt/gz_math_vendor/lib:/opt/ros/jazzy/opt/gz_utils_vendor/lib:/opt/ros/jazzy/opt/gz_tools_vendor/lib:/opt/ros/jazzy/opt/gz_ogre_next_vendor/lib:/opt/ros/jazzy/opt/gz_dartsim_vendor/lib:/opt/ros/jazzy/opt/gz_cmake_vendor/lib:/opt/ros/jazzy/lib PYTHONPATH=/home/amrl-linux24-04/ros2_ben/install/realsense2_camera_msgs/lib/python3.12/site-packages:/home/amrl-linux24-04/ros2_ben/install/yolo_ros/lib/python3.12/site-packages:/home/amrl-linux24-04/ros2_ben/install/yolo_msgs/lib/python3.12/site-packages:/home/amrl-linux24-04/ros2_ben/install/igusgus_launch/lib/python3.12/site-packages:/home/amrl-linux24-04/ros2_ben/install/igus_rebel_msgs/lib/python3.12/site-packages:/opt/ros/jazzy/lib/python3.12/site-packages /usr/bin/cmake --install /home/amrl-linux24-04/ros2_ben/build/realsense2_camera
[54.119s] -- Install configuration: "Release"
[54.119s] -- Installing: /home/amrl-linux24-04/ros2_ben/install/realsense2_camera/share/realsense2_camera/config/global_settings.yaml
[54.119s] -- Installing: /home/amrl-linux24-04/ros2_ben/install/realsense2_camera/lib/realsense2_camera/realsense2_camera_node
[54.119s] -- Set non-toolchain portion of runtime path of "/home/amrl-linux24-04/ros2_ben/install/realsense2_camera/lib/realsense2_camera/realsense2_camera_node" to ""
[54.119s] -- Installing: /home/amrl-linux24-04/ros2_ben/install/realsense2_camera/lib/librealsense2_camera.so
[54.120s] -- Set non-toolchain portion of runtime path of "/home/amrl-linux24-04/ros2_ben/install/realsense2_camera/lib/librealsense2_camera.so" to ""
[54.120s] -- Installing: /home/amrl-linux24-04/ros2_ben/install/realsense2_camera/include
[54.120s] -- Installing: /home/amrl-linux24-04/ros2_ben/install/realsense2_camera/include/ros_sensor.h
[54.121s] -- Installing: /home/amrl-linux24-04/ros2_ben/install/realsense2_camera/include/dynamic_params.h
[54.121s] -- Installing: /home/amrl-linux24-04/ros2_ben/install/realsense2_camera/include/ros_node_base.h
[54.121s] -- Installing: /home/amrl-linux24-04/ros2_ben/install/realsense2_camera/include/ros_param_backend.h
[54.121s] -- Installing: /home/amrl-linux24-04/ros2_ben/install/realsense2_camera/include/image_publisher.h
[54.121s] -- Installing: /home/amrl-linux24-04/ros2_ben/install/realsense2_camera/include/constants.h
[54.121s] -- Installing: /home/amrl-linux24-04/ros2_ben/install/realsense2_camera/include/base_realsense_node.h
[54.121s] -- Installing: /home/amrl-linux24-04/ros2_ben/install/realsense2_camera/include/sensor_params.h
[54.121s] -- Installing: /home/amrl-linux24-04/ros2_ben/install/realsense2_camera/include/realsense_node_factory.h
[54.121s] -- Installing: /home/amrl-linux24-04/ros2_ben/install/realsense2_camera/include/align_depth_filter.h
[54.121s] -- Installing: /home/amrl-linux24-04/ros2_ben/install/realsense2_camera/include/named_filter.h
[54.121s] -- Installing: /home/amrl-linux24-04/ros2_ben/install/realsense2_camera/include/ros_utils.h
[54.121s] -- Installing: /home/amrl-linux24-04/ros2_ben/install/realsense2_camera/include/pointcloud_filter.h
[54.121s] -- Installing: /home/amrl-linux24-04/ros2_ben/install/realsense2_camera/include/gl_window.h
[54.122s] -- Installing: /home/amrl-linux24-04/ros2_ben/install/realsense2_camera/include/profile_manager.h
[54.122s] -- Installing: /home/amrl-linux24-04/ros2_ben/install/realsense2_camera/share/realsense2_camera/launch
[54.122s] -- Installing: /home/amrl-linux24-04/ros2_ben/install/realsense2_camera/share/realsense2_camera/launch/rs_multi_camera_launch.py
[54.122s] -- Installing: /home/amrl-linux24-04/ros2_ben/install/realsense2_camera/share/realsense2_camera/launch/default.rviz
[54.122s] -- Installing: /home/amrl-linux24-04/ros2_ben/install/realsense2_camera/share/realsense2_camera/launch/rs_multi_camera_launch_sync.py
[54.122s] -- Installing: /home/amrl-linux24-04/ros2_ben/install/realsense2_camera/share/realsense2_camera/launch/rs_launch.py
[54.123s] -- Installing: /home/amrl-linux24-04/ros2_ben/install/realsense2_camera/share/realsense2_camera/launch/rs_intra_process_demo_launch.py
[54.123s] -- Installing: /home/amrl-linux24-04/ros2_ben/install/realsense2_camera/share/realsense2_camera/examples
[54.123s] -- Installing: /home/amrl-linux24-04/ros2_ben/install/realsense2_camera/share/realsense2_camera/examples/pointcloud
[54.123s] -- Installing: /home/amrl-linux24-04/ros2_ben/install/realsense2_camera/share/realsense2_camera/examples/pointcloud/rs_d405_pointcloud_launch.py
[54.123s] -- Installing: /home/amrl-linux24-04/ros2_ben/install/realsense2_camera/share/realsense2_camera/examples/pointcloud/README.md
[54.123s] -- Installing: /home/amrl-linux24-04/ros2_ben/install/realsense2_camera/share/realsense2_camera/examples/pointcloud/rs_d455_pointcloud_launch.py
[54.123s] -- Installing: /home/amrl-linux24-04/ros2_ben/install/realsense2_camera/share/realsense2_camera/examples/pointcloud/rs_pointcloud_launch.py
[54.123s] -- Installing: /home/amrl-linux24-04/ros2_ben/install/realsense2_camera/share/realsense2_camera/examples/pointcloud/rs_pointcloud_infra_launch.py
[54.123s] -- Installing: /home/amrl-linux24-04/ros2_ben/install/realsense2_camera/share/realsense2_camera/examples/pointcloud/rviz
[54.123s] -- Installing: /home/amrl-linux24-04/ros2_ben/install/realsense2_camera/share/realsense2_camera/examples/pointcloud/rviz/urdf_pointcloud.rviz
[54.123s] -- Installing: /home/amrl-linux24-04/ros2_ben/install/realsense2_camera/share/realsense2_camera/examples/pointcloud/rviz/pointcloud.rviz
[54.123s] -- Installing: /home/amrl-linux24-04/ros2_ben/install/realsense2_camera/share/realsense2_camera/examples/d500_tables
[54.123s] -- Installing: /home/amrl-linux24-04/ros2_ben/install/realsense2_camera/share/realsense2_camera/examples/d500_tables/calib_config_example.json
[54.123s] -- Installing: /home/amrl-linux24-04/ros2_ben/install/realsense2_camera/share/realsense2_camera/examples/align_depth
[54.124s] -- Installing: /home/amrl-linux24-04/ros2_ben/install/realsense2_camera/share/realsense2_camera/examples/align_depth/README.md
[54.124s] -- Installing: /home/amrl-linux24-04/ros2_ben/install/realsense2_camera/share/realsense2_camera/examples/align_depth/rs_align_depth_launch.py
[54.124s] -- Installing: /home/amrl-linux24-04/ros2_ben/install/realsense2_camera/share/realsense2_camera/examples/launch_params_from_file
[54.124s] -- Installing: /home/amrl-linux24-04/ros2_ben/install/realsense2_camera/share/realsense2_camera/examples/launch_params_from_file/README.md
[54.124s] -- Installing: /home/amrl-linux24-04/ros2_ben/install/realsense2_camera/share/realsense2_camera/examples/launch_params_from_file/config
[54.124s] -- Installing: /home/amrl-linux24-04/ros2_ben/install/realsense2_camera/share/realsense2_camera/examples/launch_params_from_file/config/config.yaml
[54.124s] -- Installing: /home/amrl-linux24-04/ros2_ben/install/realsense2_camera/share/realsense2_camera/examples/launch_params_from_file/rs_launch_get_params_from_yaml.py
[54.124s] -- Installing: /home/amrl-linux24-04/ros2_ben/install/realsense2_camera/share/realsense2_camera/examples/dual_camera
[54.124s] -- Installing: /home/amrl-linux24-04/ros2_ben/install/realsense2_camera/share/realsense2_camera/examples/dual_camera/README.md
[54.124s] -- Installing: /home/amrl-linux24-04/ros2_ben/install/realsense2_camera/share/realsense2_camera/examples/dual_camera/rs_dual_camera_launch.py
[54.124s] -- Installing: /home/amrl-linux24-04/ros2_ben/install/realsense2_camera/share/realsense2_camera/examples/dual_camera/rviz
[54.124s] -- Installing: /home/amrl-linux24-04/ros2_ben/install/realsense2_camera/share/realsense2_camera/examples/dual_camera/rviz/dual_camera_pointcloud.rviz
[54.124s] -- Installing: /home/amrl-linux24-04/ros2_ben/install/realsense2_camera/share/realsense2_camera/examples/launch_from_rosbag
[54.124s] -- Installing: /home/amrl-linux24-04/ros2_ben/install/realsense2_camera/share/realsense2_camera/examples/launch_from_rosbag/README.md
[54.125s] -- Installing: /home/amrl-linux24-04/ros2_ben/install/realsense2_camera/share/realsense2_camera/examples/launch_from_rosbag/rs_launch_from_rosbag.py
[54.125s] -- Installing: /home/amrl-linux24-04/ros2_ben/install/realsense2_camera/share/realsense2_camera/environment/library_path.sh
[54.125s] -- Installing: /home/amrl-linux24-04/ros2_ben/install/realsense2_camera/share/realsense2_camera/environment/library_path.dsv
[54.125s] -- Installing: /home/amrl-linux24-04/ros2_ben/install/realsense2_camera/share/ament_index/resource_index/package_run_dependencies/realsense2_camera
[54.125s] -- Installing: /home/amrl-linux24-04/ros2_ben/install/realsense2_camera/share/ament_index/resource_index/parent_prefix_path/realsense2_camera
[54.125s] -- Installing: /home/amrl-linux24-04/ros2_ben/install/realsense2_camera/share/realsense2_camera/environment/ament_prefix_path.sh
[54.125s] -- Installing: /home/amrl-linux24-04/ros2_ben/install/realsense2_camera/share/realsense2_camera/environment/ament_prefix_path.dsv
[54.125s] -- Installing: /home/amrl-linux24-04/ros2_ben/install/realsense2_camera/share/realsense2_camera/environment/path.sh
[54.125s] -- Installing: /home/amrl-linux24-04/ros2_ben/install/realsense2_camera/share/realsense2_camera/environment/path.dsv
[54.125s] -- Installing: /home/amrl-linux24-04/ros2_ben/install/realsense2_camera/share/realsense2_camera/local_setup.bash
[54.125s] -- Installing: /home/amrl-linux24-04/ros2_ben/install/realsense2_camera/share/realsense2_camera/local_setup.sh
[54.125s] -- Installing: /home/amrl-linux24-04/ros2_ben/install/realsense2_camera/share/realsense2_camera/local_setup.zsh
[54.125s] -- Installing: /home/amrl-linux24-04/ros2_ben/install/realsense2_camera/share/realsense2_camera/local_setup.dsv
[54.125s] -- Installing: /home/amrl-linux24-04/ros2_ben/install/realsense2_camera/share/realsense2_camera/package.dsv
[54.125s] -- Installing: /home/amrl-linux24-04/ros2_ben/install/realsense2_camera/share/ament_index/resource_index/packages/realsense2_camera
[54.125s] -- Installing: /home/amrl-linux24-04/ros2_ben/install/realsense2_camera/share/ament_index/resource_index/rclcpp_components/realsense2_camera
[54.125s] -- Installing: /home/amrl-linux24-04/ros2_ben/install/realsense2_camera/share/realsense2_camera/cmake/ament_cmake_export_include_directories-extras.cmake
[54.126s] -- Installing: /home/amrl-linux24-04/ros2_ben/install/realsense2_camera/share/realsense2_camera/cmake/ament_cmake_export_libraries-extras.cmake
[54.126s] -- Installing: /home/amrl-linux24-04/ros2_ben/install/realsense2_camera/share/realsense2_camera/cmake/ament_cmake_export_dependencies-extras.cmake
[54.126s] -- Installing: /home/amrl-linux24-04/ros2_ben/install/realsense2_camera/share/realsense2_camera/cmake/realsense2_cameraConfig.cmake
[54.126s] -- Installing: /home/amrl-linux24-04/ros2_ben/install/realsense2_camera/share/realsense2_camera/cmake/realsense2_cameraConfig-version.cmake
[54.126s] -- Installing: /home/amrl-linux24-04/ros2_ben/install/realsense2_camera/share/realsense2_camera/package.xml
[54.127s] Invoked command in '/home/amrl-linux24-04/ros2_ben/build/realsense2_camera' returned '0': CMAKE_PREFIX_PATH=/home/amrl-linux24-04/ros2_ben/install/realsense2_camera_msgs:/home/amrl-linux24-04/ros2_ben/install/yolo_bringup:/home/amrl-linux24-04/ros2_ben/install/yolo_msgs:/home/amrl-linux24-04/ros2_ben/install/realsense2_description:/home/amrl-linux24-04/ros2_ben/install/realsense2_camera:/home/amrl-linux24-04/ros2_ben/install/igus_rebel:/home/amrl-linux24-04/ros2_ben/install/igus_rebel_msgs:/home/amrl-linux24-04/ros2_ben/install/igus_rebel_moveit_config:/home/amrl-linux24-04/ros2_ben/install/igus_rebel_description:/opt/ros/jazzy/opt/gz_sim_vendor:/opt/ros/jazzy/opt/gz_sensors_vendor:/opt/ros/jazzy/opt/gz_physics_vendor:/opt/ros/jazzy/opt/sdformat_vendor:/opt/ros/jazzy/opt/gz_gui_vendor:/opt/ros/jazzy/opt/gz_transport_vendor:/opt/ros/jazzy/opt/gz_rendering_vendor:/opt/ros/jazzy/opt/gz_plugin_vendor:/opt/ros/jazzy/opt/gz_fuel_tools_vendor:/opt/ros/jazzy/opt/gz_msgs_vendor:/opt/ros/jazzy/opt/gz_common_vendor:/opt/ros/jazzy/opt/gz_math_vendor:/opt/ros/jazzy/opt/gz_utils_vendor:/opt/ros/jazzy/opt/gz_tools_vendor:/opt/ros/jazzy/opt/gz_ogre_next_vendor:/opt/ros/jazzy/opt/gz_dartsim_vendor:/opt/ros/jazzy/opt/gz_cmake_vendor:/home/amrl-linux24-04/ros2_ben/install/yolo_ros:/home/amrl-linux24-04/ros2_ben/install/igusgus_launch:/opt/ros/jazzy DEBUGINFOD_URLS=https://debuginfod.ubuntu.com LD_LIBRARY_PATH=/home/amrl-linux24-04/ros2_ben/install/realsense2_camera_msgs/lib:/home/amrl-linux24-04/ros2_ben/install/yolo_msgs/lib:/home/amrl-linux24-04/ros2_ben/install/realsense2_camera/lib:/home/amrl-linux24-04/ros2_ben/install/igus_rebel/lib:/home/amrl-linux24-04/ros2_ben/install/igus_rebel_msgs/lib:/opt/ros/jazzy/opt/gz_sim_vendor/lib:/opt/ros/jazzy/opt/gz_sensors_vendor/lib:/opt/ros/jazzy/opt/gz_physics_vendor/lib:/opt/ros/jazzy/opt/sdformat_vendor/lib:/opt/ros/jazzy/opt/rviz_ogre_vendor/lib:/opt/ros/jazzy/lib/x86_64-linux-gnu:/opt/ros/jazzy/opt/gz_gui_vendor/lib:/opt/ros/jazzy/opt/gz_transport_vendor/lib:/opt/ros/jazzy/opt/gz_rendering_vendor/lib:/opt/ros/jazzy/opt/gz_plugin_vendor/lib:/opt/ros/jazzy/opt/gz_fuel_tools_vendor/lib:/opt/ros/jazzy/opt/gz_msgs_vendor/lib:/opt/ros/jazzy/opt/gz_common_vendor/lib:/opt/ros/jazzy/opt/gz_math_vendor/lib:/opt/ros/jazzy/opt/gz_utils_vendor/lib:/opt/ros/jazzy/opt/gz_tools_vendor/lib:/opt/ros/jazzy/opt/gz_ogre_next_vendor/lib:/opt/ros/jazzy/opt/gz_dartsim_vendor/lib:/opt/ros/jazzy/opt/gz_cmake_vendor/lib:/opt/ros/jazzy/lib PYTHONPATH=/home/amrl-linux24-04/ros2_ben/install/realsense2_camera_msgs/lib/python3.12/site-packages:/home/amrl-linux24-04/ros2_ben/install/yolo_ros/lib/python3.12/site-packages:/home/amrl-linux24-04/ros2_ben/install/yolo_msgs/lib/python3.12/site-packages:/home/amrl-linux24-04/ros2_ben/install/igusgus_launch/lib/python3.12/site-packages:/home/amrl-linux24-04/ros2_ben/install/igus_rebel_msgs/lib/python3.12/site-packages:/opt/ros/jazzy/lib/python3.12/site-packages /usr/bin/cmake --install /home/amrl-linux24-04/ros2_ben/build/realsense2_camera
