-- The C compiler identification is GNU 13.3.0
-- The CXX compiler identification is GNU 13.3.0
-- Detecting C compiler ABI info
-- Detecting C compiler ABI info - done
-- Check for working C compiler: /usr/bin/cc - skipped
-- Detecting C compile features
-- Detecting C compile features - done
-- Detecting CXX compiler ABI info
-- Detecting CXX compiler ABI info - done
-- Check for working CXX compiler: /usr/bin/c++ - skipped
-- Detecting CXX compile features
-- Detecting CXX compile features - done
-- Found ament_cmake: 2.5.4 (/opt/ros/jazzy/share/ament_cmake/cmake)
-- Found Python3: /usr/bin/python3 (found version "3.12.3") found components: Interpreter 
-- Found rclcpp: 28.1.11 (/opt/ros/jazzy/share/rclcpp/cmake)
-- Found rosidl_generator_c: 4.6.6 (/opt/ros/jazzy/share/rosidl_generator_c/cmake)
-- Found rosidl_generator_cpp: 4.6.6 (/opt/ros/jazzy/share/rosidl_generator_cpp/cmake)
-- Using all available rosidl_typesupport_c: rosidl_typesupport_fastrtps_c;rosidl_typesupport_introspection_c
-- Using all available rosidl_typesupport_cpp: rosidl_typesupport_fastrtps_cpp;rosidl_typesupport_introspection_cpp
-- Found rmw_implementation_cmake: 7.3.2 (/opt/ros/jazzy/share/rmw_implementation_cmake/cmake)
-- Found rmw_fastrtps_cpp: 8.4.3 (/opt/ros/jazzy/share/rmw_fastrtps_cpp/cmake)
-- Found OpenSSL: /usr/lib/x86_64-linux-gnu/libcrypto.so (found version "3.0.13")  
-- Found FastRTPS: /opt/ros/jazzy/include (Required is at least version "2.13") 
-- Using RMW implementation 'rmw_fastrtps_cpp' as default
-- Found rclpy: 7.1.5 (/opt/ros/jazzy/share/rclpy/cmake)
-- Found std_msgs: 5.3.6 (/opt/ros/jazzy/share/std_msgs/cmake)
-- Found sensor_msgs: 5.3.6 (/opt/ros/jazzy/share/sensor_msgs/cmake)
-- Found igus_rebel_msgs: 0.0.0 (/home/amrl-linux24-04/ros2_ben/install/igus_rebel_msgs/share/igus_rebel_msgs/cmake)
-- Found hardware_interface: 4.35.0 (/opt/ros/jazzy/share/hardware_interface/cmake)
-- Found ament_lint_auto: 0.17.3 (/opt/ros/jazzy/share/ament_lint_auto/cmake)
-- Added test 'cppcheck' to perform static code analysis on C / C++ code
-- Configured cppcheck include dirs: /home/amrl-linux24-04/ros2_ben/src/igus_rebel_ros2/igus_rebel/include
-- Configured cppcheck exclude dirs and/or files: 
-- Added test 'flake8' to check Python code syntax and style conventions
-- Configured 'flake8' exclude dirs and/or files: 
-- Added test 'lint_cmake' to check CMake code style
-- Added test 'pep257' to check Python code against some of the docstring style conventions in PEP 257
-- Added test 'uncrustify' to check C / C++ code style
-- Configured uncrustify additional arguments: 
-- Added test 'xmllint' to check XML markup files
-- Configuring done (3.0s)
-- Generating done (0.0s)
-- Build files have been written to: /home/amrl-linux24-04/ros2_ben/build/igus_rebel
[ 25%] [32mBuilding CXX object CMakeFiles/igus_rebel.dir/src/Rebel.cpp.o[0m
[ 50%] [32mBuilding CXX object CMakeFiles/igus_rebel.dir/src/CriMessages.cpp.o[0m
[ 75%] [32mBuilding CXX object CMakeFiles/igus_rebel.dir/src/RebelSocket.cpp.o[0m
[100%] [32m[1mLinking CXX shared library libigus_rebel.so[0m
[100%] Built target igus_rebel
-- Install configuration: ""
-- Installing: /home/amrl-linux24-04/ros2_ben/install/igus_rebel/share/igus_rebel/rebel.xml
-- Installing: /home/amrl-linux24-04/ros2_ben/install/igus_rebel/lib/libigus_rebel.so
-- Set non-toolchain portion of runtime path of "/home/amrl-linux24-04/ros2_ben/install/igus_rebel/lib/libigus_rebel.so" to ""
-- Up-to-date: /home/amrl-linux24-04/ros2_ben/install/igus_rebel/share/igus_rebel/rebel.xml
-- Installing: /home/amrl-linux24-04/ros2_ben/install/igus_rebel/share/igus_rebel//config
-- Installing: /home/amrl-linux24-04/ros2_ben/install/igus_rebel/share/igus_rebel//config/controller.yaml
-- Installing: /home/amrl-linux24-04/ros2_ben/install/igus_rebel/share/igus_rebel//launch
-- Installing: /home/amrl-linux24-04/ros2_ben/install/igus_rebel/share/igus_rebel//launch/rebel.launch.py
-- Installing: /home/amrl-linux24-04/ros2_ben/install/igus_rebel/share/ament_index/resource_index/package_run_dependencies/igus_rebel
-- Installing: /home/amrl-linux24-04/ros2_ben/install/igus_rebel/share/ament_index/resource_index/parent_prefix_path/igus_rebel
-- Installing: /home/amrl-linux24-04/ros2_ben/install/igus_rebel/share/igus_rebel/environment/ament_prefix_path.sh
-- Installing: /home/amrl-linux24-04/ros2_ben/install/igus_rebel/share/igus_rebel/environment/ament_prefix_path.dsv
-- Installing: /home/amrl-linux24-04/ros2_ben/install/igus_rebel/share/igus_rebel/environment/path.sh
-- Installing: /home/amrl-linux24-04/ros2_ben/install/igus_rebel/share/igus_rebel/environment/path.dsv
-- Installing: /home/amrl-linux24-04/ros2_ben/install/igus_rebel/share/igus_rebel/local_setup.bash
-- Installing: /home/amrl-linux24-04/ros2_ben/install/igus_rebel/share/igus_rebel/local_setup.sh
-- Installing: /home/amrl-linux24-04/ros2_ben/install/igus_rebel/share/igus_rebel/local_setup.zsh
-- Installing: /home/amrl-linux24-04/ros2_ben/install/igus_rebel/share/igus_rebel/local_setup.dsv
-- Installing: /home/amrl-linux24-04/ros2_ben/install/igus_rebel/share/igus_rebel/package.dsv
-- Installing: /home/amrl-linux24-04/ros2_ben/install/igus_rebel/share/ament_index/resource_index/packages/igus_rebel
-- Installing: /home/amrl-linux24-04/ros2_ben/install/igus_rebel/share/ament_index/resource_index/hardware_interface__pluginlib__plugin/igus_rebel
-- Installing: /home/amrl-linux24-04/ros2_ben/install/igus_rebel/share/igus_rebel/cmake/igus_rebelConfig.cmake
-- Installing: /home/amrl-linux24-04/ros2_ben/install/igus_rebel/share/igus_rebel/cmake/igus_rebelConfig-version.cmake
-- Installing: /home/amrl-linux24-04/ros2_ben/install/igus_rebel/share/igus_rebel/package.xml
