[2.385s] Invoking command in '/home/amrl-linux24-04/ros2_ben/src/igusgus': DEBUGINFOD_URLS=https://debuginfod.ubuntu.com PYTHONPATH=/home/amrl-linux24-04/ros2_ben/build/igusgus/prefix_override:/usr/lib/python3/dist-packages/colcon_core/task/python/colcon_distutils_commands:/home/amrl-linux24-04/ros2_ben/install/igusgus/lib/python3.12/site-packages:${PYTHONPATH} /usr/bin/python3 -W ignore:setup.py install is deprecated -W ignore:easy_install command is deprecated setup.py egg_info --egg-base ../../build/igusgus build --build-base /home/amrl-linux24-04/ros2_ben/build/igusgus/build install --record /home/amrl-linux24-04/ros2_ben/build/igusgus/install.log --single-version-externally-managed install_data
[3.360s] running egg_info
[3.414s] writing ../../build/igusgus/igusgus.egg-info/PKG-INFO
[3.415s] writing dependency_links to ../../build/igusgus/igusgus.egg-info/dependency_links.txt
[3.416s] writing entry points to ../../build/igusgus/igusgus.egg-info/entry_points.txt
[3.416s] writing requirements to ../../build/igusgus/igusgus.egg-info/requires.txt
[3.417s] writing top-level names to ../../build/igusgus/igusgus.egg-info/top_level.txt
[3.593s] reading manifest file '../../build/igusgus/igusgus.egg-info/SOURCES.txt'
[3.594s] adding license file 'LICENSE'
[3.595s] writing manifest file '../../build/igusgus/igusgus.egg-info/SOURCES.txt'
[3.595s] running build
[3.596s] running build_py
[3.596s] copying igusgus/ctrl_rob.py -> /home/amrl-linux24-04/ros2_ben/build/igusgus/build/lib/igusgus
[3.597s] running install
[3.616s] running install_lib
[3.678s] copying /home/amrl-linux24-04/ros2_ben/build/igusgus/build/lib/igusgus/ctrl_rob.py -> /home/amrl-linux24-04/ros2_ben/install/igusgus/lib/python3.12/site-packages/igusgus
[3.679s] byte-compiling /home/amrl-linux24-04/ros2_ben/install/igusgus/lib/python3.12/site-packages/igusgus/ctrl_rob.py to ctrl_rob.cpython-312.pyc
[3.683s] running install_data
[3.684s] running install_egg_info
[3.749s] removing '/home/amrl-linux24-04/ros2_ben/install/igusgus/lib/python3.12/site-packages/igusgus-0.0.0-py3.12.egg-info' (and everything under it)
[3.750s] Copying ../../build/igusgus/igusgus.egg-info to /home/amrl-linux24-04/ros2_ben/install/igusgus/lib/python3.12/site-packages/igusgus-0.0.0-py3.12.egg-info
[3.752s] running install_scripts
[4.150s] Installing ctrl_rob script to /home/amrl-linux24-04/ros2_ben/install/igusgus/lib/igusgus
[4.150s] Installing pub_3d script to /home/amrl-linux24-04/ros2_ben/install/igusgus/lib/igusgus
[4.151s] writing list of installed files to '/home/amrl-linux24-04/ros2_ben/build/igusgus/install.log'
[4.227s] Invoked command in '/home/amrl-linux24-04/ros2_ben/src/igusgus' returned '0': DEBUGINFOD_URLS=https://debuginfod.ubuntu.com PYTHONPATH=/home/amrl-linux24-04/ros2_ben/build/igusgus/prefix_override:/usr/lib/python3/dist-packages/colcon_core/task/python/colcon_distutils_commands:/home/amrl-linux24-04/ros2_ben/install/igusgus/lib/python3.12/site-packages:${PYTHONPATH} /usr/bin/python3 -W ignore:setup.py install is deprecated -W ignore:easy_install command is deprecated setup.py egg_info --egg-base ../../build/igusgus build --build-base /home/amrl-linux24-04/ros2_ben/build/igusgus/build install --record /home/amrl-linux24-04/ros2_ben/build/igusgus/install.log --single-version-externally-managed install_data
