[0.012s] Invoking command in '/home/amrl-linux24-04/ros2_ben/build/igus_rebel_msgs': CMAKE_PREFIX_PATH=${CMAKE_PREFIX_PATH}:/home/amrl-linux24-04/ros2_ben/install/yolo_ros:/home/amrl-linux24-04/ros2_ben/install/igusgus:/opt/ros/jazzy DEBUGINFOD_URLS=https://debuginfod.ubuntu.com /usr/bin/cmake /home/amrl-linux24-04/ros2_ben/src/igus_rebel_ros2/src/igus_rebel_msgs -DAMENT_CMAKE_SYMLINK_INSTALL=1 -DCMAKE_INSTALL_PREFIX=/home/amrl-linux24-04/ros2_ben/install/igus_rebel_msgs
[0.070s] -- The C compiler identification is GNU 13.3.0
[0.121s] -- The CXX compiler identification is GNU 13.3.0
[0.134s] -- Detecting C compiler ABI info
[0.209s] -- Detecting C compiler ABI info - done
[0.217s] -- Check for working C compiler: /usr/bin/cc - skipped
[0.217s] -- Detecting C compile features
[0.217s] -- Detecting C compile features - done
[0.225s] -- Detecting CXX compiler ABI info
[0.303s] -- Detecting CXX compiler ABI info - done
[0.311s] -- Check for working CXX compiler: /usr/bin/c++ - skipped
[0.311s] -- Detecting CXX compile features
[0.311s] -- Detecting CXX compile features - done
[0.314s] -- Found ament_cmake: 2.5.4 (/opt/ros/jazzy/share/ament_cmake/cmake)
[0.443s] -- Found Python3: /usr/bin/python3 (found version "3.12.3") found components: Interpreter 
[0.495s] -- Override CMake install command with custom implementation using symlinks instead of copying resources
[0.533s] -- Found rclcpp: 28.1.12 (/opt/ros/jazzy/share/rclcpp/cmake)
[0.574s] -- Found rosidl_generator_c: 4.6.6 (/opt/ros/jazzy/share/rosidl_generator_c/cmake)
[0.585s] -- Found rosidl_generator_cpp: 4.6.6 (/opt/ros/jazzy/share/rosidl_generator_cpp/cmake)
[0.598s] -- Using all available rosidl_typesupport_c: rosidl_typesupport_fastrtps_c;rosidl_typesupport_introspection_c
[0.612s] -- Using all available rosidl_typesupport_cpp: rosidl_typesupport_fastrtps_cpp;rosidl_typesupport_introspection_cpp
[0.669s] -- Found rmw_implementation_cmake: 7.3.2 (/opt/ros/jazzy/share/rmw_implementation_cmake/cmake)
[0.671s] -- Found rmw_fastrtps_cpp: 8.4.3 (/opt/ros/jazzy/share/rmw_fastrtps_cpp/cmake)
[0.748s] -- Found OpenSSL: /usr/lib/x86_64-linux-gnu/libcrypto.so (found version "3.0.13")  
[0.772s] -- Found FastRTPS: /opt/ros/jazzy/include (Required is at least version "2.13") 
[0.798s] -- Using RMW implementation 'rmw_fastrtps_cpp' as default
[0.859s] -- Found rclpy: 7.1.5 (/opt/ros/jazzy/share/rclpy/cmake)
[0.861s] -- Found std_msgs: 5.3.6 (/opt/ros/jazzy/share/std_msgs/cmake)
[0.872s] -- Found sensor_msgs: 5.3.6 (/opt/ros/jazzy/share/sensor_msgs/cmake)
[0.902s] -- Found rosidl_default_generators: 1.6.0 (/opt/ros/jazzy/share/rosidl_default_generators/cmake)
[0.916s] -- Found rosidl_adapter: 4.6.6 (/opt/ros/jazzy/share/rosidl_adapter/cmake)
[1.373s] -- Found ament_cmake_ros: 0.12.0 (/opt/ros/jazzy/share/ament_cmake_ros/cmake)
[1.958s] -- Using all available rosidl_typesupport_c: rosidl_typesupport_fastrtps_c;rosidl_typesupport_introspection_c
[2.186s] -- Using all available rosidl_typesupport_cpp: rosidl_typesupport_fastrtps_cpp;rosidl_typesupport_introspection_cpp
[2.189s] -- Found python_cmake_module: 0.11.1 (/opt/ros/jazzy/share/python_cmake_module/cmake)
[2.309s] -- Found PythonExtra: /usr/bin/python3  
[2.643s] -- Found Python3: /usr/bin/python3 (found version "3.12.3") found components: Interpreter Development NumPy Development.Module Development.Embed 
[2.699s] -- Configuring done (2.7s)
[2.722s] -- Generating done (0.0s)
[2.730s] -- Build files have been written to: /home/amrl-linux24-04/ros2_ben/build/igus_rebel_msgs
[2.739s] Invoked command in '/home/amrl-linux24-04/ros2_ben/build/igus_rebel_msgs' returned '0': CMAKE_PREFIX_PATH=${CMAKE_PREFIX_PATH}:/home/amrl-linux24-04/ros2_ben/install/yolo_ros:/home/amrl-linux24-04/ros2_ben/install/igusgus:/opt/ros/jazzy DEBUGINFOD_URLS=https://debuginfod.ubuntu.com /usr/bin/cmake /home/amrl-linux24-04/ros2_ben/src/igus_rebel_ros2/src/igus_rebel_msgs -DAMENT_CMAKE_SYMLINK_INSTALL=1 -DCMAKE_INSTALL_PREFIX=/home/amrl-linux24-04/ros2_ben/install/igus_rebel_msgs
[2.740s] Invoking command in '/home/amrl-linux24-04/ros2_ben/build/igus_rebel_msgs': CMAKE_PREFIX_PATH=${CMAKE_PREFIX_PATH}:/home/amrl-linux24-04/ros2_ben/install/yolo_ros:/home/amrl-linux24-04/ros2_ben/install/igusgus:/opt/ros/jazzy DEBUGINFOD_URLS=https://debuginfod.ubuntu.com /usr/bin/cmake --build /home/amrl-linux24-04/ros2_ben/build/igus_rebel_msgs -- -j22 -l22
[2.790s] [  2%] [34m[1mGenerating type hashes for ROS interfaces[0m
[2.800s] [  2%] Built target ament_cmake_python_symlink_igus_rebel_msgs
[2.946s] [  2%] Built target igus_rebel_msgs__rosidl_generator_type_description
[2.959s] [  4%] [34m[1mGenerating C code for ROS interfaces[0m
[2.971s] [  6%] [34m[1mGenerating C++ code for ROS interfaces[0m
[2.974s] running egg_info
[2.975s] creating igus_rebel_msgs.egg-info
[2.992s] writing igus_rebel_msgs.egg-info/PKG-INFO
[2.992s] writing dependency_links to igus_rebel_msgs.egg-info/dependency_links.txt
[2.992s] writing top-level names to igus_rebel_msgs.egg-info/top_level.txt
[2.992s] writing manifest file 'igus_rebel_msgs.egg-info/SOURCES.txt'
[3.037s] reading manifest file 'igus_rebel_msgs.egg-info/SOURCES.txt'
[3.037s] writing manifest file 'igus_rebel_msgs.egg-info/SOURCES.txt'
[3.063s] [  6%] Built target ament_cmake_python_build_igus_rebel_msgs_egg
[3.204s] [  6%] Built target igus_rebel_msgs__cpp
[3.280s] [  9%] [32mBuilding C object CMakeFiles/igus_rebel_msgs__rosidl_generator_c.dir/rosidl_generator_c/igus_rebel_msgs/msg/detail/digital_output__description.c.o[0m
[3.281s] [ 18%] [32mBuilding C object CMakeFiles/igus_rebel_msgs__rosidl_generator_c.dir/rosidl_generator_c/igus_rebel_msgs/msg/detail/digital_output__type_support.c.o[0m
[3.281s] [ 18%] [32mBuilding C object CMakeFiles/igus_rebel_msgs__rosidl_generator_c.dir/rosidl_generator_c/igus_rebel_msgs/srv/detail/set_digital_output__functions.c.o[0m
[3.281s] [ 18%] [32mBuilding C object CMakeFiles/igus_rebel_msgs__rosidl_generator_c.dir/rosidl_generator_c/igus_rebel_msgs/msg/detail/digital_output__functions.c.o[0m
[3.281s] [ 18%] [32mBuilding C object CMakeFiles/igus_rebel_msgs__rosidl_generator_c.dir/rosidl_generator_c/igus_rebel_msgs/srv/detail/set_digital_output__description.c.o[0m
[3.281s] [ 20%] [32mBuilding C object CMakeFiles/igus_rebel_msgs__rosidl_generator_c.dir/rosidl_generator_c/igus_rebel_msgs/srv/detail/set_digital_output__type_support.c.o[0m
[3.365s] [ 22%] [32m[1mLinking C shared library libigus_rebel_msgs__rosidl_generator_c.so[0m
[3.409s] [ 22%] Built target igus_rebel_msgs__rosidl_generator_c
[3.421s] [ 27%] [34m[1mGenerating C++ type support for eProsima Fast-RTPS[0m
[3.422s] [ 27%] [34m[1mGenerating C++ type support dispatch for ROS interfaces[0m
[3.422s] [ 31%] [34m[1mGenerating C type support for eProsima Fast-RTPS[0m
[3.422s] [ 31%] [34m[1mGenerating C introspection for ROS interfaces[0m
[3.422s] [ 34%] [34m[1mGenerating C type support dispatch for ROS interfaces[0m
[3.422s] [ 36%] [34m[1mGenerating C++ introspection for ROS interfaces[0m
[3.721s] [ 38%] [32mBuilding CXX object CMakeFiles/igus_rebel_msgs__rosidl_typesupport_c.dir/rosidl_typesupport_c/igus_rebel_msgs/msg/digital_output__type_support.cpp.o[0m
[3.725s] [ 40%] [32mBuilding CXX object CMakeFiles/igus_rebel_msgs__rosidl_typesupport_c.dir/rosidl_typesupport_c/igus_rebel_msgs/srv/set_digital_output__type_support.cpp.o[0m
[3.725s] [ 45%] [32mBuilding CXX object CMakeFiles/igus_rebel_msgs__rosidl_typesupport_cpp.dir/rosidl_typesupport_cpp/igus_rebel_msgs/srv/set_digital_output__type_support.cpp.o[0m
[3.725s] [ 45%] [32mBuilding CXX object CMakeFiles/igus_rebel_msgs__rosidl_typesupport_cpp.dir/rosidl_typesupport_cpp/igus_rebel_msgs/msg/digital_output__type_support.cpp.o[0m
[3.754s] [ 47%] [32mBuilding CXX object CMakeFiles/igus_rebel_msgs__rosidl_typesupport_introspection_cpp.dir/rosidl_typesupport_introspection_cpp/igus_rebel_msgs/srv/detail/set_digital_output__type_support.cpp.o[0m
[3.754s] [ 50%] [32mBuilding CXX object CMakeFiles/igus_rebel_msgs__rosidl_typesupport_introspection_cpp.dir/rosidl_typesupport_introspection_cpp/igus_rebel_msgs/msg/detail/digital_output__type_support.cpp.o[0m
[3.766s] [ 52%] [32mBuilding C object CMakeFiles/igus_rebel_msgs__rosidl_typesupport_introspection_c.dir/rosidl_typesupport_introspection_c/igus_rebel_msgs/srv/detail/set_digital_output__type_support.c.o[0m
[3.767s] [ 54%] [32mBuilding C object CMakeFiles/igus_rebel_msgs__rosidl_typesupport_introspection_c.dir/rosidl_typesupport_introspection_c/igus_rebel_msgs/msg/detail/digital_output__type_support.c.o[0m
[3.781s] [ 56%] [32m[1mLinking CXX shared library libigus_rebel_msgs__rosidl_typesupport_c.so[0m
[3.823s] [ 61%] [32mBuilding CXX object CMakeFiles/igus_rebel_msgs__rosidl_typesupport_fastrtps_cpp.dir/rosidl_typesupport_fastrtps_cpp/igus_rebel_msgs/msg/detail/dds_fastrtps/digital_output__type_support.cpp.o[0m
[3.823s] [ 61%] [32mBuilding CXX object CMakeFiles/igus_rebel_msgs__rosidl_typesupport_fastrtps_cpp.dir/rosidl_typesupport_fastrtps_cpp/igus_rebel_msgs/srv/detail/dds_fastrtps/set_digital_output__type_support.cpp.o[0m
[3.824s] [ 63%] [32m[1mLinking C shared library libigus_rebel_msgs__rosidl_typesupport_introspection_c.so[0m
[3.830s] [ 68%] [32mBuilding CXX object CMakeFiles/igus_rebel_msgs__rosidl_typesupport_fastrtps_c.dir/rosidl_typesupport_fastrtps_c/igus_rebel_msgs/msg/detail/digital_output__type_support_c.cpp.o[0m
[3.830s] [ 68%] [32mBuilding CXX object CMakeFiles/igus_rebel_msgs__rosidl_typesupport_fastrtps_c.dir/rosidl_typesupport_fastrtps_c/igus_rebel_msgs/srv/detail/set_digital_output__type_support_c.cpp.o[0m
[3.836s] [ 68%] Built target igus_rebel_msgs__rosidl_typesupport_c
[3.874s] [ 68%] Built target igus_rebel_msgs__rosidl_typesupport_introspection_c
[4.249s] [ 70%] [32m[1mLinking CXX shared library libigus_rebel_msgs__rosidl_typesupport_introspection_cpp.so[0m
[4.285s] [ 72%] [32m[1mLinking CXX shared library libigus_rebel_msgs__rosidl_typesupport_cpp.so[0m
[4.389s] [ 72%] Built target igus_rebel_msgs__rosidl_typesupport_cpp
[4.444s] [ 72%] Built target igus_rebel_msgs__rosidl_typesupport_introspection_cpp
[4.537s] [ 75%] [32m[1mLinking CXX shared library libigus_rebel_msgs__rosidl_typesupport_fastrtps_c.so[0m
[4.607s] [ 75%] Built target igus_rebel_msgs__rosidl_typesupport_fastrtps_c
[4.642s] [ 77%] [32m[1mLinking CXX shared library libigus_rebel_msgs__rosidl_typesupport_fastrtps_cpp.so[0m
[4.799s] [ 77%] Built target igus_rebel_msgs__rosidl_typesupport_fastrtps_cpp
[4.836s] [ 77%] Built target igus_rebel_msgs
[4.864s] [ 79%] [34m[1mGenerating Python code for ROS interfaces[0m
[5.519s] [ 79%] Built target igus_rebel_msgs__py
[5.605s] [ 84%] [32mBuilding C object CMakeFiles/igus_rebel_msgs__rosidl_generator_py.dir/rosidl_generator_py/igus_rebel_msgs/srv/_set_digital_output_s.c.o[0m
[5.605s] [ 84%] [32mBuilding C object CMakeFiles/igus_rebel_msgs__rosidl_generator_py.dir/rosidl_generator_py/igus_rebel_msgs/msg/_digital_output_s.c.o[0m
[6.069s] [ 86%] [32m[1mLinking C shared library libigus_rebel_msgs__rosidl_generator_py.so[0m
[6.248s] [ 86%] Built target igus_rebel_msgs__rosidl_generator_py
[6.391s] [ 88%] [32mBuilding C object CMakeFiles/igus_rebel_msgs_s__rosidl_typesupport_c.dir/rosidl_generator_py/igus_rebel_msgs/_igus_rebel_msgs_s.ep.rosidl_typesupport_c.c.o[0m
[6.398s] [ 90%] [32mBuilding C object CMakeFiles/igus_rebel_msgs_s__rosidl_typesupport_fastrtps_c.dir/rosidl_generator_py/igus_rebel_msgs/_igus_rebel_msgs_s.ep.rosidl_typesupport_fastrtps_c.c.o[0m
[6.410s] [ 93%] [32mBuilding C object CMakeFiles/igus_rebel_msgs_s__rosidl_typesupport_introspection_c.dir/rosidl_generator_py/igus_rebel_msgs/_igus_rebel_msgs_s.ep.rosidl_typesupport_introspection_c.c.o[0m
[6.601s] [ 95%] [32m[1mLinking C shared module rosidl_generator_py/igus_rebel_msgs/igus_rebel_msgs_s__rosidl_typesupport_fastrtps_c.so[0m
[6.695s] [ 95%] Built target igus_rebel_msgs_s__rosidl_typesupport_fastrtps_c
[6.765s] [ 97%] [32m[1mLinking C shared module rosidl_generator_py/igus_rebel_msgs/igus_rebel_msgs_s__rosidl_typesupport_c.so[0m
[6.852s] [ 97%] Built target igus_rebel_msgs_s__rosidl_typesupport_c
[7.510s] [100%] [32m[1mLinking C shared module rosidl_generator_py/igus_rebel_msgs/igus_rebel_msgs_s__rosidl_typesupport_introspection_c.so[0m
[7.616s] [100%] Built target igus_rebel_msgs_s__rosidl_typesupport_introspection_c
[7.656s] Invoked command in '/home/amrl-linux24-04/ros2_ben/build/igus_rebel_msgs' returned '0': CMAKE_PREFIX_PATH=${CMAKE_PREFIX_PATH}:/home/amrl-linux24-04/ros2_ben/install/yolo_ros:/home/amrl-linux24-04/ros2_ben/install/igusgus:/opt/ros/jazzy DEBUGINFOD_URLS=https://debuginfod.ubuntu.com /usr/bin/cmake --build /home/amrl-linux24-04/ros2_ben/build/igus_rebel_msgs -- -j22 -l22
[7.656s] Invoking command in '/home/amrl-linux24-04/ros2_ben/build/igus_rebel_msgs': CMAKE_PREFIX_PATH=${CMAKE_PREFIX_PATH}:/home/amrl-linux24-04/ros2_ben/install/yolo_ros:/home/amrl-linux24-04/ros2_ben/install/igusgus:/opt/ros/jazzy DEBUGINFOD_URLS=https://debuginfod.ubuntu.com /usr/bin/cmake --install /home/amrl-linux24-04/ros2_ben/build/igus_rebel_msgs
[7.678s] -- Install configuration: ""
[7.679s] -- Execute custom install script
[7.679s] -- Symlinking: /home/amrl-linux24-04/ros2_ben/install/igus_rebel_msgs/share/ament_index/resource_index/rosidl_interfaces/igus_rebel_msgs
[7.706s] -- Symlinking: /home/amrl-linux24-04/ros2_ben/install/igus_rebel_msgs/share/igus_rebel_msgs/msg/DigitalOutput.json
[7.728s] -- Symlinking: /home/amrl-linux24-04/ros2_ben/install/igus_rebel_msgs/share/igus_rebel_msgs/srv/SetDigitalOutput.json
[7.740s] -- Symlinking: /home/amrl-linux24-04/ros2_ben/install/igus_rebel_msgs/include/igus_rebel_msgs/igus_rebel_msgs/msg/detail/digital_output__functions.h
[7.753s] -- Symlinking: /home/amrl-linux24-04/ros2_ben/install/igus_rebel_msgs/include/igus_rebel_msgs/igus_rebel_msgs/msg/detail/digital_output__struct.h
[7.767s] -- Symlinking: /home/amrl-linux24-04/ros2_ben/install/igus_rebel_msgs/include/igus_rebel_msgs/igus_rebel_msgs/msg/detail/digital_output__type_support.h
[7.779s] -- Symlinking: /home/amrl-linux24-04/ros2_ben/install/igus_rebel_msgs/include/igus_rebel_msgs/igus_rebel_msgs/msg/digital_output.h
[7.794s] -- Symlinking: /home/amrl-linux24-04/ros2_ben/install/igus_rebel_msgs/include/igus_rebel_msgs/igus_rebel_msgs/msg/rosidl_generator_c__visibility_control.h
[7.807s] -- Symlinking: /home/amrl-linux24-04/ros2_ben/install/igus_rebel_msgs/include/igus_rebel_msgs/igus_rebel_msgs/srv/detail/set_digital_output__functions.h
[7.827s] -- Symlinking: /home/amrl-linux24-04/ros2_ben/install/igus_rebel_msgs/include/igus_rebel_msgs/igus_rebel_msgs/srv/detail/set_digital_output__struct.h
[7.851s] -- Symlinking: /home/amrl-linux24-04/ros2_ben/install/igus_rebel_msgs/include/igus_rebel_msgs/igus_rebel_msgs/srv/detail/set_digital_output__type_support.h
[7.866s] -- Symlinking: /home/amrl-linux24-04/ros2_ben/install/igus_rebel_msgs/include/igus_rebel_msgs/igus_rebel_msgs/srv/set_digital_output.h
[7.881s] -- Symlinking: /home/amrl-linux24-04/ros2_ben/install/igus_rebel_msgs/share/igus_rebel_msgs/environment/library_path.sh
[7.893s] -- Symlinking: /home/amrl-linux24-04/ros2_ben/install/igus_rebel_msgs/share/igus_rebel_msgs/environment/library_path.dsv
[7.908s] -- Symlinking: /home/amrl-linux24-04/ros2_ben/install/igus_rebel_msgs/include/igus_rebel_msgs/igus_rebel_msgs/msg/detail/digital_output__rosidl_typesupport_fastrtps_c.h
[7.968s] -- Symlinking: /home/amrl-linux24-04/ros2_ben/install/igus_rebel_msgs/include/igus_rebel_msgs/igus_rebel_msgs/msg/rosidl_typesupport_fastrtps_c__visibility_control.h
[7.993s] -- Symlinking: /home/amrl-linux24-04/ros2_ben/install/igus_rebel_msgs/include/igus_rebel_msgs/igus_rebel_msgs/srv/detail/set_digital_output__rosidl_typesupport_fastrtps_c.h
[8.016s] -- Symlinking: /home/amrl-linux24-04/ros2_ben/install/igus_rebel_msgs/include/igus_rebel_msgs/igus_rebel_msgs/msg/detail/digital_output__builder.hpp
[8.042s] -- Symlinking: /home/amrl-linux24-04/ros2_ben/install/igus_rebel_msgs/include/igus_rebel_msgs/igus_rebel_msgs/msg/detail/digital_output__struct.hpp
[8.057s] -- Symlinking: /home/amrl-linux24-04/ros2_ben/install/igus_rebel_msgs/include/igus_rebel_msgs/igus_rebel_msgs/msg/detail/digital_output__traits.hpp
[8.069s] -- Symlinking: /home/amrl-linux24-04/ros2_ben/install/igus_rebel_msgs/include/igus_rebel_msgs/igus_rebel_msgs/msg/detail/digital_output__type_support.hpp
[8.082s] -- Symlinking: /home/amrl-linux24-04/ros2_ben/install/igus_rebel_msgs/include/igus_rebel_msgs/igus_rebel_msgs/msg/digital_output.hpp
[8.096s] -- Symlinking: /home/amrl-linux24-04/ros2_ben/install/igus_rebel_msgs/include/igus_rebel_msgs/igus_rebel_msgs/msg/rosidl_generator_cpp__visibility_control.hpp
[8.110s] -- Symlinking: /home/amrl-linux24-04/ros2_ben/install/igus_rebel_msgs/include/igus_rebel_msgs/igus_rebel_msgs/srv/detail/set_digital_output__builder.hpp
[8.122s] -- Symlinking: /home/amrl-linux24-04/ros2_ben/install/igus_rebel_msgs/include/igus_rebel_msgs/igus_rebel_msgs/srv/detail/set_digital_output__struct.hpp
[8.133s] -- Symlinking: /home/amrl-linux24-04/ros2_ben/install/igus_rebel_msgs/include/igus_rebel_msgs/igus_rebel_msgs/srv/detail/set_digital_output__traits.hpp
[8.146s] -- Symlinking: /home/amrl-linux24-04/ros2_ben/install/igus_rebel_msgs/include/igus_rebel_msgs/igus_rebel_msgs/srv/detail/set_digital_output__type_support.hpp
[8.157s] -- Symlinking: /home/amrl-linux24-04/ros2_ben/install/igus_rebel_msgs/include/igus_rebel_msgs/igus_rebel_msgs/srv/set_digital_output.hpp
[8.167s] -- Symlinking: /home/amrl-linux24-04/ros2_ben/install/igus_rebel_msgs/include/igus_rebel_msgs/igus_rebel_msgs/msg/detail/digital_output__rosidl_typesupport_fastrtps_cpp.hpp
[8.178s] -- Symlinking: /home/amrl-linux24-04/ros2_ben/install/igus_rebel_msgs/include/igus_rebel_msgs/igus_rebel_msgs/msg/rosidl_typesupport_fastrtps_cpp__visibility_control.h
[8.193s] -- Symlinking: /home/amrl-linux24-04/ros2_ben/install/igus_rebel_msgs/include/igus_rebel_msgs/igus_rebel_msgs/srv/detail/set_digital_output__rosidl_typesupport_fastrtps_cpp.hpp
[8.208s] -- Symlinking: /home/amrl-linux24-04/ros2_ben/install/igus_rebel_msgs/include/igus_rebel_msgs/igus_rebel_msgs/msg/detail/digital_output__rosidl_typesupport_introspection_c.h
[8.223s] -- Symlinking: /home/amrl-linux24-04/ros2_ben/install/igus_rebel_msgs/include/igus_rebel_msgs/igus_rebel_msgs/msg/rosidl_typesupport_introspection_c__visibility_control.h
[8.244s] -- Symlinking: /home/amrl-linux24-04/ros2_ben/install/igus_rebel_msgs/include/igus_rebel_msgs/igus_rebel_msgs/srv/detail/set_digital_output__rosidl_typesupport_introspection_c.h
[8.259s] -- Symlinking: /home/amrl-linux24-04/ros2_ben/install/igus_rebel_msgs/include/igus_rebel_msgs/igus_rebel_msgs/msg/detail/digital_output__rosidl_typesupport_introspection_cpp.hpp
[8.275s] -- Symlinking: /home/amrl-linux24-04/ros2_ben/install/igus_rebel_msgs/include/igus_rebel_msgs/igus_rebel_msgs/srv/detail/set_digital_output__rosidl_typesupport_introspection_cpp.hpp
[8.297s] -- Symlinking: /home/amrl-linux24-04/ros2_ben/install/igus_rebel_msgs/share/igus_rebel_msgs/environment/pythonpath.sh
[8.305s] -- Symlinking: /home/amrl-linux24-04/ros2_ben/install/igus_rebel_msgs/share/igus_rebel_msgs/environment/pythonpath.dsv
[8.317s] -- Symlinking: /home/amrl-linux24-04/ros2_ben/install/igus_rebel_msgs/lib/python3.12/site-packages/igus_rebel_msgs-0.0.0-py3.12.egg-info/PKG-INFO
[8.333s] -- Symlinking: /home/amrl-linux24-04/ros2_ben/install/igus_rebel_msgs/lib/python3.12/site-packages/igus_rebel_msgs-0.0.0-py3.12.egg-info/SOURCES.txt
[8.351s] -- Symlinking: /home/amrl-linux24-04/ros2_ben/install/igus_rebel_msgs/lib/python3.12/site-packages/igus_rebel_msgs-0.0.0-py3.12.egg-info/dependency_links.txt
[8.365s] -- Symlinking: /home/amrl-linux24-04/ros2_ben/install/igus_rebel_msgs/lib/python3.12/site-packages/igus_rebel_msgs-0.0.0-py3.12.egg-info/top_level.txt
[8.379s] -- Symlinking: /home/amrl-linux24-04/ros2_ben/install/igus_rebel_msgs/lib/python3.12/site-packages/igus_rebel_msgs/__init__.py
[8.390s] -- Symlinking: /home/amrl-linux24-04/ros2_ben/install/igus_rebel_msgs/lib/python3.12/site-packages/igus_rebel_msgs/_igus_rebel_msgs_s.ep.rosidl_typesupport_c.c
[8.402s] -- Symlinking: /home/amrl-linux24-04/ros2_ben/install/igus_rebel_msgs/lib/python3.12/site-packages/igus_rebel_msgs/_igus_rebel_msgs_s.ep.rosidl_typesupport_fastrtps_c.c
[8.414s] -- Symlinking: /home/amrl-linux24-04/ros2_ben/install/igus_rebel_msgs/lib/python3.12/site-packages/igus_rebel_msgs/_igus_rebel_msgs_s.ep.rosidl_typesupport_introspection_c.c
[8.422s] -- Symlinking: /home/amrl-linux24-04/ros2_ben/install/igus_rebel_msgs/lib/python3.12/site-packages/igus_rebel_msgs/igus_rebel_msgs_s__rosidl_typesupport_c.so
[8.430s] -- Symlinking: /home/amrl-linux24-04/ros2_ben/install/igus_rebel_msgs/lib/python3.12/site-packages/igus_rebel_msgs/igus_rebel_msgs_s__rosidl_typesupport_fastrtps_c.so
[8.439s] -- Symlinking: /home/amrl-linux24-04/ros2_ben/install/igus_rebel_msgs/lib/python3.12/site-packages/igus_rebel_msgs/igus_rebel_msgs_s__rosidl_typesupport_introspection_c.so
[8.446s] -- Symlinking: /home/amrl-linux24-04/ros2_ben/install/igus_rebel_msgs/lib/python3.12/site-packages/igus_rebel_msgs/msg/__init__.py
[8.455s] -- Symlinking: /home/amrl-linux24-04/ros2_ben/install/igus_rebel_msgs/lib/python3.12/site-packages/igus_rebel_msgs/msg/_digital_output.py
[8.464s] -- Symlinking: /home/amrl-linux24-04/ros2_ben/install/igus_rebel_msgs/lib/python3.12/site-packages/igus_rebel_msgs/msg/_digital_output_s.c
[8.471s] -- Symlinking: /home/amrl-linux24-04/ros2_ben/install/igus_rebel_msgs/lib/python3.12/site-packages/igus_rebel_msgs/srv/__init__.py
[8.478s] -- Symlinking: /home/amrl-linux24-04/ros2_ben/install/igus_rebel_msgs/lib/python3.12/site-packages/igus_rebel_msgs/srv/_set_digital_output.py
[8.486s] -- Symlinking: /home/amrl-linux24-04/ros2_ben/install/igus_rebel_msgs/lib/python3.12/site-packages/igus_rebel_msgs/srv/_set_digital_output_s.c
[8.492s] -- Up-to-date symlink: /home/amrl-linux24-04/ros2_ben/install/igus_rebel_msgs/lib/python3.12/site-packages/igus_rebel_msgs/igus_rebel_msgs_s__rosidl_typesupport_fastrtps_c.so
[8.493s] -- Up-to-date symlink: /home/amrl-linux24-04/ros2_ben/install/igus_rebel_msgs/lib/python3.12/site-packages/igus_rebel_msgs/igus_rebel_msgs_s__rosidl_typesupport_introspection_c.so
[8.493s] -- Up-to-date symlink: /home/amrl-linux24-04/ros2_ben/install/igus_rebel_msgs/lib/python3.12/site-packages/igus_rebel_msgs/igus_rebel_msgs_s__rosidl_typesupport_c.so
[8.493s] -- Symlinking: /home/amrl-linux24-04/ros2_ben/install/igus_rebel_msgs/share/igus_rebel_msgs/msg/DigitalOutput.idl
[8.501s] -- Symlinking: /home/amrl-linux24-04/ros2_ben/install/igus_rebel_msgs/share/igus_rebel_msgs/srv/SetDigitalOutput.idl
[8.513s] -- Symlinking: /home/amrl-linux24-04/ros2_ben/install/igus_rebel_msgs/share/igus_rebel_msgs/msg/DigitalOutput.msg
[8.521s] -- Symlinking: /home/amrl-linux24-04/ros2_ben/install/igus_rebel_msgs/share/igus_rebel_msgs/srv/SetDigitalOutput.srv
[8.532s] -- Symlinking: /home/amrl-linux24-04/ros2_ben/install/igus_rebel_msgs/share/ament_index/resource_index/package_run_dependencies/igus_rebel_msgs
[8.543s] -- Symlinking: /home/amrl-linux24-04/ros2_ben/install/igus_rebel_msgs/share/ament_index/resource_index/parent_prefix_path/igus_rebel_msgs
[8.551s] -- Symlinking: /home/amrl-linux24-04/ros2_ben/install/igus_rebel_msgs/share/igus_rebel_msgs/environment/ament_prefix_path.sh
[8.560s] -- Symlinking: /home/amrl-linux24-04/ros2_ben/install/igus_rebel_msgs/share/igus_rebel_msgs/environment/ament_prefix_path.dsv
[8.570s] -- Symlinking: /home/amrl-linux24-04/ros2_ben/install/igus_rebel_msgs/share/igus_rebel_msgs/environment/path.sh
[8.580s] -- Symlinking: /home/amrl-linux24-04/ros2_ben/install/igus_rebel_msgs/share/igus_rebel_msgs/environment/path.dsv
[8.590s] -- Symlinking: /home/amrl-linux24-04/ros2_ben/install/igus_rebel_msgs/share/igus_rebel_msgs/local_setup.bash
[8.600s] -- Symlinking: /home/amrl-linux24-04/ros2_ben/install/igus_rebel_msgs/share/igus_rebel_msgs/local_setup.sh
[8.609s] -- Symlinking: /home/amrl-linux24-04/ros2_ben/install/igus_rebel_msgs/share/igus_rebel_msgs/local_setup.zsh
[8.619s] -- Symlinking: /home/amrl-linux24-04/ros2_ben/install/igus_rebel_msgs/share/igus_rebel_msgs/local_setup.dsv
[8.628s] -- Symlinking: /home/amrl-linux24-04/ros2_ben/install/igus_rebel_msgs/share/igus_rebel_msgs/package.dsv
[8.639s] -- Symlinking: /home/amrl-linux24-04/ros2_ben/install/igus_rebel_msgs/share/ament_index/resource_index/packages/igus_rebel_msgs
[8.648s] -- Symlinking: /home/amrl-linux24-04/ros2_ben/install/igus_rebel_msgs/share/igus_rebel_msgs/cmake/rosidl_cmake-extras.cmake
[8.660s] -- Symlinking: /home/amrl-linux24-04/ros2_ben/install/igus_rebel_msgs/share/igus_rebel_msgs/cmake/ament_cmake_export_dependencies-extras.cmake
[8.671s] -- Symlinking: /home/amrl-linux24-04/ros2_ben/install/igus_rebel_msgs/share/igus_rebel_msgs/cmake/ament_cmake_export_include_directories-extras.cmake
[8.682s] -- Symlinking: /home/amrl-linux24-04/ros2_ben/install/igus_rebel_msgs/share/igus_rebel_msgs/cmake/ament_cmake_export_libraries-extras.cmake
[8.691s] -- Symlinking: /home/amrl-linux24-04/ros2_ben/install/igus_rebel_msgs/share/igus_rebel_msgs/cmake/ament_cmake_export_targets-extras.cmake
[8.702s] -- Symlinking: /home/amrl-linux24-04/ros2_ben/install/igus_rebel_msgs/share/igus_rebel_msgs/cmake/rosidl_cmake_export_typesupport_targets-extras.cmake
[8.711s] -- Symlinking: /home/amrl-linux24-04/ros2_ben/install/igus_rebel_msgs/share/igus_rebel_msgs/cmake/rosidl_cmake_export_typesupport_libraries-extras.cmake
[8.720s] -- Symlinking: /home/amrl-linux24-04/ros2_ben/install/igus_rebel_msgs/share/igus_rebel_msgs/cmake/igus_rebel_msgsConfig.cmake
[8.732s] -- Symlinking: /home/amrl-linux24-04/ros2_ben/install/igus_rebel_msgs/share/igus_rebel_msgs/cmake/igus_rebel_msgsConfig-version.cmake
[8.741s] -- Symlinking: /home/amrl-linux24-04/ros2_ben/install/igus_rebel_msgs/share/igus_rebel_msgs/package.xml
[8.753s] -- Installing: /home/amrl-linux24-04/ros2_ben/install/igus_rebel_msgs/lib/libigus_rebel_msgs__rosidl_generator_c.so
[8.753s] -- Set non-toolchain portion of runtime path of "/home/amrl-linux24-04/ros2_ben/install/igus_rebel_msgs/lib/libigus_rebel_msgs__rosidl_generator_c.so" to ""
[8.753s] -- Installing: /home/amrl-linux24-04/ros2_ben/install/igus_rebel_msgs/lib/libigus_rebel_msgs__rosidl_typesupport_fastrtps_c.so
[8.753s] -- Set non-toolchain portion of runtime path of "/home/amrl-linux24-04/ros2_ben/install/igus_rebel_msgs/lib/libigus_rebel_msgs__rosidl_typesupport_fastrtps_c.so" to ""
[8.753s] -- Installing: /home/amrl-linux24-04/ros2_ben/install/igus_rebel_msgs/lib/libigus_rebel_msgs__rosidl_typesupport_fastrtps_cpp.so
[8.754s] -- Set non-toolchain portion of runtime path of "/home/amrl-linux24-04/ros2_ben/install/igus_rebel_msgs/lib/libigus_rebel_msgs__rosidl_typesupport_fastrtps_cpp.so" to ""
[8.754s] -- Installing: /home/amrl-linux24-04/ros2_ben/install/igus_rebel_msgs/lib/libigus_rebel_msgs__rosidl_typesupport_introspection_c.so
[8.754s] -- Set non-toolchain portion of runtime path of "/home/amrl-linux24-04/ros2_ben/install/igus_rebel_msgs/lib/libigus_rebel_msgs__rosidl_typesupport_introspection_c.so" to ""
[8.754s] -- Installing: /home/amrl-linux24-04/ros2_ben/install/igus_rebel_msgs/lib/libigus_rebel_msgs__rosidl_typesupport_c.so
[8.755s] -- Set non-toolchain portion of runtime path of "/home/amrl-linux24-04/ros2_ben/install/igus_rebel_msgs/lib/libigus_rebel_msgs__rosidl_typesupport_c.so" to ""
[8.755s] -- Installing: /home/amrl-linux24-04/ros2_ben/install/igus_rebel_msgs/lib/libigus_rebel_msgs__rosidl_typesupport_introspection_cpp.so
[8.755s] -- Set non-toolchain portion of runtime path of "/home/amrl-linux24-04/ros2_ben/install/igus_rebel_msgs/lib/libigus_rebel_msgs__rosidl_typesupport_introspection_cpp.so" to ""
[8.755s] -- Installing: /home/amrl-linux24-04/ros2_ben/install/igus_rebel_msgs/lib/libigus_rebel_msgs__rosidl_typesupport_cpp.so
[8.755s] -- Set non-toolchain portion of runtime path of "/home/amrl-linux24-04/ros2_ben/install/igus_rebel_msgs/lib/libigus_rebel_msgs__rosidl_typesupport_cpp.so" to ""
[8.796s] Listing '/home/amrl-linux24-04/ros2_ben/install/igus_rebel_msgs/lib/python3.12/site-packages/igus_rebel_msgs'...
[8.796s] Compiling '/home/amrl-linux24-04/ros2_ben/install/igus_rebel_msgs/lib/python3.12/site-packages/igus_rebel_msgs/__init__.py'...
[8.797s] Listing '/home/amrl-linux24-04/ros2_ben/install/igus_rebel_msgs/lib/python3.12/site-packages/igus_rebel_msgs/msg'...
[8.797s] Compiling '/home/amrl-linux24-04/ros2_ben/install/igus_rebel_msgs/lib/python3.12/site-packages/igus_rebel_msgs/msg/__init__.py'...
[8.797s] Compiling '/home/amrl-linux24-04/ros2_ben/install/igus_rebel_msgs/lib/python3.12/site-packages/igus_rebel_msgs/msg/_digital_output.py'...
[8.797s] Listing '/home/amrl-linux24-04/ros2_ben/install/igus_rebel_msgs/lib/python3.12/site-packages/igus_rebel_msgs/srv'...
[8.797s] Compiling '/home/amrl-linux24-04/ros2_ben/install/igus_rebel_msgs/lib/python3.12/site-packages/igus_rebel_msgs/srv/__init__.py'...
[8.797s] Compiling '/home/amrl-linux24-04/ros2_ben/install/igus_rebel_msgs/lib/python3.12/site-packages/igus_rebel_msgs/srv/_set_digital_output.py'...
[8.802s] -- Installing: /home/amrl-linux24-04/ros2_ben/install/igus_rebel_msgs/lib/libigus_rebel_msgs__rosidl_generator_py.so
[8.802s] -- Set non-toolchain portion of runtime path of "/home/amrl-linux24-04/ros2_ben/install/igus_rebel_msgs/lib/libigus_rebel_msgs__rosidl_generator_py.so" to ""
[8.802s] -- Installing: /home/amrl-linux24-04/ros2_ben/install/igus_rebel_msgs/share/igus_rebel_msgs/cmake/export_igus_rebel_msgs__rosidl_generator_cExport.cmake
[8.803s] -- Installing: /home/amrl-linux24-04/ros2_ben/install/igus_rebel_msgs/share/igus_rebel_msgs/cmake/export_igus_rebel_msgs__rosidl_generator_cExport-noconfig.cmake
[8.803s] -- Installing: /home/amrl-linux24-04/ros2_ben/install/igus_rebel_msgs/share/igus_rebel_msgs/cmake/export_igus_rebel_msgs__rosidl_typesupport_fastrtps_cExport.cmake
[8.803s] -- Installing: /home/amrl-linux24-04/ros2_ben/install/igus_rebel_msgs/share/igus_rebel_msgs/cmake/export_igus_rebel_msgs__rosidl_typesupport_fastrtps_cExport-noconfig.cmake
[8.803s] -- Installing: /home/amrl-linux24-04/ros2_ben/install/igus_rebel_msgs/share/igus_rebel_msgs/cmake/export_igus_rebel_msgs__rosidl_generator_cppExport.cmake
[8.803s] -- Installing: /home/amrl-linux24-04/ros2_ben/install/igus_rebel_msgs/share/igus_rebel_msgs/cmake/export_igus_rebel_msgs__rosidl_typesupport_fastrtps_cppExport.cmake
[8.803s] -- Installing: /home/amrl-linux24-04/ros2_ben/install/igus_rebel_msgs/share/igus_rebel_msgs/cmake/export_igus_rebel_msgs__rosidl_typesupport_fastrtps_cppExport-noconfig.cmake
[8.803s] -- Installing: /home/amrl-linux24-04/ros2_ben/install/igus_rebel_msgs/share/igus_rebel_msgs/cmake/igus_rebel_msgs__rosidl_typesupport_introspection_cExport.cmake
[8.804s] -- Installing: /home/amrl-linux24-04/ros2_ben/install/igus_rebel_msgs/share/igus_rebel_msgs/cmake/igus_rebel_msgs__rosidl_typesupport_introspection_cExport-noconfig.cmake
[8.804s] -- Installing: /home/amrl-linux24-04/ros2_ben/install/igus_rebel_msgs/share/igus_rebel_msgs/cmake/igus_rebel_msgs__rosidl_typesupport_cExport.cmake
[8.804s] -- Installing: /home/amrl-linux24-04/ros2_ben/install/igus_rebel_msgs/share/igus_rebel_msgs/cmake/igus_rebel_msgs__rosidl_typesupport_cExport-noconfig.cmake
[8.804s] -- Installing: /home/amrl-linux24-04/ros2_ben/install/igus_rebel_msgs/share/igus_rebel_msgs/cmake/igus_rebel_msgs__rosidl_typesupport_introspection_cppExport.cmake
[8.804s] -- Installing: /home/amrl-linux24-04/ros2_ben/install/igus_rebel_msgs/share/igus_rebel_msgs/cmake/igus_rebel_msgs__rosidl_typesupport_introspection_cppExport-noconfig.cmake
[8.804s] -- Installing: /home/amrl-linux24-04/ros2_ben/install/igus_rebel_msgs/share/igus_rebel_msgs/cmake/igus_rebel_msgs__rosidl_typesupport_cppExport.cmake
[8.804s] -- Installing: /home/amrl-linux24-04/ros2_ben/install/igus_rebel_msgs/share/igus_rebel_msgs/cmake/igus_rebel_msgs__rosidl_typesupport_cppExport-noconfig.cmake
[8.804s] -- Installing: /home/amrl-linux24-04/ros2_ben/install/igus_rebel_msgs/share/igus_rebel_msgs/cmake/export_igus_rebel_msgs__rosidl_generator_pyExport.cmake
[8.804s] -- Installing: /home/amrl-linux24-04/ros2_ben/install/igus_rebel_msgs/share/igus_rebel_msgs/cmake/export_igus_rebel_msgs__rosidl_generator_pyExport-noconfig.cmake
[8.807s] Invoked command in '/home/amrl-linux24-04/ros2_ben/build/igus_rebel_msgs' returned '0': CMAKE_PREFIX_PATH=${CMAKE_PREFIX_PATH}:/home/amrl-linux24-04/ros2_ben/install/yolo_ros:/home/amrl-linux24-04/ros2_ben/install/igusgus:/opt/ros/jazzy DEBUGINFOD_URLS=https://debuginfod.ubuntu.com /usr/bin/cmake --install /home/amrl-linux24-04/ros2_ben/build/igus_rebel_msgs
