[2.106s] Invoking command in '/home/amrl-linux24-04/ros2_ben/src/igusgus': DEBUGINFOD_URLS=https://debuginfod.ubuntu.com PYTHONPATH=/home/amrl-linux24-04/ros2_ben/build/igusgus/prefix_override:/usr/lib/python3/dist-packages/colcon_core/task/python/colcon_distutils_commands:/home/amrl-linux24-04/ros2_ben/install/igusgus/lib/python3.12/site-packages:${PYTHONPATH} /usr/bin/python3 -W ignore:setup.py install is deprecated -W ignore:easy_install command is deprecated setup.py egg_info --egg-base ../../build/igusgus build --build-base /home/amrl-linux24-04/ros2_ben/build/igusgus/build install --record /home/amrl-linux24-04/ros2_ben/build/igusgus/install.log --single-version-externally-managed install_data
[2.839s] running egg_info
[2.892s] writing ../../build/igusgus/igusgus.egg-info/PKG-INFO
[2.892s] writing dependency_links to ../../build/igusgus/igusgus.egg-info/dependency_links.txt
[2.893s] writing entry points to ../../build/igusgus/igusgus.egg-info/entry_points.txt
[2.893s] writing requirements to ../../build/igusgus/igusgus.egg-info/requires.txt
[2.894s] writing top-level names to ../../build/igusgus/igusgus.egg-info/top_level.txt
[3.002s] reading manifest file '../../build/igusgus/igusgus.egg-info/SOURCES.txt'
[3.003s] adding license file 'LICENSE'
[3.004s] writing manifest file '../../build/igusgus/igusgus.egg-info/SOURCES.txt'
[3.005s] running build
[3.005s] running build_py
[3.005s] copying igusgus/pub_3d.py -> /home/amrl-linux24-04/ros2_ben/build/igusgus/build/lib/igusgus
[3.006s] running install
[3.023s] running install_lib
[3.076s] copying /home/amrl-linux24-04/ros2_ben/build/igusgus/build/lib/igusgus/pub_3d.py -> /home/amrl-linux24-04/ros2_ben/install/igusgus/lib/python3.12/site-packages/igusgus
[3.077s] byte-compiling /home/amrl-linux24-04/ros2_ben/install/igusgus/lib/python3.12/site-packages/igusgus/pub_3d.py to pub_3d.cpython-312.pyc
[3.082s] running install_data
[3.082s] running install_egg_info
[3.146s] removing '/home/amrl-linux24-04/ros2_ben/install/igusgus/lib/python3.12/site-packages/igusgus-0.0.0-py3.12.egg-info' (and everything under it)
[3.147s] Copying ../../build/igusgus/igusgus.egg-info to /home/amrl-linux24-04/ros2_ben/install/igusgus/lib/python3.12/site-packages/igusgus-0.0.0-py3.12.egg-info
[3.148s] running install_scripts
[3.507s] Installing ctrl_rob script to /home/amrl-linux24-04/ros2_ben/install/igusgus/lib/igusgus
[3.508s] Installing pub_3d script to /home/amrl-linux24-04/ros2_ben/install/igusgus/lib/igusgus
[3.509s] writing list of installed files to '/home/amrl-linux24-04/ros2_ben/build/igusgus/install.log'
[3.606s] Invoked command in '/home/amrl-linux24-04/ros2_ben/src/igusgus' returned '0': DEBUGINFOD_URLS=https://debuginfod.ubuntu.com PYTHONPATH=/home/amrl-linux24-04/ros2_ben/build/igusgus/prefix_override:/usr/lib/python3/dist-packages/colcon_core/task/python/colcon_distutils_commands:/home/amrl-linux24-04/ros2_ben/install/igusgus/lib/python3.12/site-packages:${PYTHONPATH} /usr/bin/python3 -W ignore:setup.py install is deprecated -W ignore:easy_install command is deprecated setup.py egg_info --egg-base ../../build/igusgus build --build-base /home/amrl-linux24-04/ros2_ben/build/igusgus/build install --record /home/amrl-linux24-04/ros2_ben/build/igusgus/install.log --single-version-externally-managed install_data
