[0.537s] Invoking command in '/home/amrl-linux24-04/ros2_ben/src/igusgus/src/igusgus_launch': DEBUGINFOD_URLS=https://debuginfod.ubuntu.com PYTHONPATH=/home/amrl-linux24-04/ros2_ben/build/igusgus_launch/prefix_override:/usr/lib/python3/dist-packages/colcon_core/task/python/colcon_distutils_commands:/home/amrl-linux24-04/ros2_ben/install/igusgus_launch/lib/python3.12/site-packages:${PYTHONPATH} /usr/bin/python3 -W ignore:setup.py install is deprecated -W ignore:easy_install command is deprecated setup.py egg_info --egg-base ../../../../build/igusgus_launch build --build-base /home/amrl-linux24-04/ros2_ben/build/igusgus_launch/build install --record /home/amrl-linux24-04/ros2_ben/build/igusgus_launch/install.log --single-version-externally-managed install_data
[0.686s] running egg_info
[0.695s] writing ../../../../build/igusgus_launch/igusgus_launch.egg-info/PKG-INFO
[0.695s] writing dependency_links to ../../../../build/igusgus_launch/igusgus_launch.egg-info/dependency_links.txt
[0.696s] writing requirements to ../../../../build/igusgus_launch/igusgus_launch.egg-info/requires.txt
[0.696s] writing top-level names to ../../../../build/igusgus_launch/igusgus_launch.egg-info/top_level.txt
[0.715s] reading manifest file '../../../../build/igusgus_launch/igusgus_launch.egg-info/SOURCES.txt'
[0.716s] writing manifest file '../../../../build/igusgus_launch/igusgus_launch.egg-info/SOURCES.txt'
[0.716s] running build
[0.716s] running build_py
[0.716s] running install
[0.719s] running install_lib
[0.730s] running install_data
[0.730s] copying launch/igusgus_launch.py -> /home/amrl-linux24-04/ros2_ben/install/igusgus_launch/share/igusgus_launch/launch
[0.730s] running install_egg_info
[0.740s] removing '/home/amrl-linux24-04/ros2_ben/install/igusgus_launch/lib/python3.12/site-packages/igusgus_launch-0.0.0-py3.12.egg-info' (and everything under it)
[0.740s] Copying ../../../../build/igusgus_launch/igusgus_launch.egg-info to /home/amrl-linux24-04/ros2_ben/install/igusgus_launch/lib/python3.12/site-packages/igusgus_launch-0.0.0-py3.12.egg-info
[0.740s] running install_scripts
[0.809s] writing list of installed files to '/home/amrl-linux24-04/ros2_ben/build/igusgus_launch/install.log'
[0.825s] Invoked command in '/home/amrl-linux24-04/ros2_ben/src/igusgus/src/igusgus_launch' returned '0': DEBUGINFOD_URLS=https://debuginfod.ubuntu.com PYTHONPATH=/home/amrl-linux24-04/ros2_ben/build/igusgus_launch/prefix_override:/usr/lib/python3/dist-packages/colcon_core/task/python/colcon_distutils_commands:/home/amrl-linux24-04/ros2_ben/install/igusgus_launch/lib/python3.12/site-packages:${PYTHONPATH} /usr/bin/python3 -W ignore:setup.py install is deprecated -W ignore:easy_install command is deprecated setup.py egg_info --egg-base ../../../../build/igusgus_launch build --build-base /home/amrl-linux24-04/ros2_ben/build/igusgus_launch/build install --record /home/amrl-linux24-04/ros2_ben/build/igusgus_launch/install.log --single-version-externally-managed install_data
